(1666123147.058034) can0 236#100E100070000096
(1666123147.059340) can0 412#230095000E00
(1666123147.060361) can0 210#0000008080000000
(1666123147.060590) can0 255#3FFF3FFF1F40FFFF
(1666123147.060909) can0 308#4000004605673400
(1666123147.061117) can0 200#0003C000C000C000
(1666123147.061365) can0 208#00206000C000C000
(1666123147.061587) can0 215#00000000000003
(1666123147.061808) can0 309#47A98000A80009
(1666123147.062094) can0 312#6734073409A00734
(1666123147.062341) can0 418#50FF516000000000
(1666123147.062587) can0 218#9FFF004000000000
(1666123147.062707) can0 380#0001
(1666123147.062958) can0 265#00000000000007E1
(1666123147.063192) can0 316#5FFFFFFFC00000
(1666123147.063465) can0 338#00000002A6020000
(1666123147.064414) can0 248#8008000800004009
(1666123147.066315) can0 359#01000002
(1666123147.068052) can0 230#080000000000A44F
(1666123147.068167) can0 236#100E10008000001E
(1666123147.069560) can0 315#6C000000007900
(1666123147.070423) can0 212#05110734E7A93FFF
(1666123147.070584) can0 308#4000000604073400
(1666123147.070832) can0 309#27A98000580009
(1666123147.071096) can0 300#009B1FFF1FFF7FA0
(1666123147.071318) can0 312#0734073409A00734
(1666123147.071560) can0 328#00007D00D880FFFF
(1666123147.071778) can0 330#FCFCFCFFFFFF3F7F
(1666123147.072004) can0 356#3FFF3FFF0BB800
(1666123147.072306) can0 7BC#1400000000000000
(1666123147.072509) can0 316#5FFFFFFFC00000
(1666123147.072756) can0 218#9FFF004000000000
(1666123147.074401) can0 325#0816B5FB000100
(1666123147.078048) can0 236#100E100090000006
(1666123147.079423) can0 412#230095000E00
(1666123147.080382) can0 210#0000008080000000
(1666123147.080634) can0 255#3FFF3FFF1F40FFFF
(1666123147.080906) can0 308#4000000604073400
(1666123147.081151) can0 200#0003C000C000C000
(1666123147.081397) can0 208#00206000C000C000
(1666123147.081621) can0 215#00000000000000
(1666123147.081844) can0 309#27A98000580009
(1666123147.082067) can0 312#0734073409A00734
(1666123147.082226) can0 380#0001
(1666123147.082476) can0 418#50FF516000000000
(1666123147.082722) can0 6FE#FFEFE7E700000000
(1666123147.082950) can0 218#1FFF004000800000
(1666123147.083211) can0 265#00000000000007E1
(1666123147.083469) can0 316#3FFF3FFF000000
(1666123147.083697) can0 338#0000000000020000
(1666123147.083944) can0 365#FF000000FF0100FF
(1666123147.084757) can0 248#8008000800004009
(1666123147.086322) can0 359#01000002
(1666123147.087906) can0 230#08000000000000BD
(1666123147.088092) can0 236#100E1000A000002E
(1666123147.089368) can0 315#30000000007900
(1666123147.090277) can0 212#0511073427A93FFF
(1666123147.090556) can0 308#4000004605673400
(1666123147.090714) can0 309#47A98000A80009
(1666123147.090962) can0 312#6734073409A00734
(1666123147.091216) can0 300#009B1FFF1FFF7FB1
(1666123147.091509) can0 328#00007D00D880FFFF
(1666123147.091690) can0 330#FCFCFCFFFFFF3F7F
(1666123147.091912) can0 356#3FFF3FFF0BB800
(1666123147.092165) can0 6FA#0230323300000000
(1666123147.092464) can0 316#3FFF3FFF000000
(1666123147.092722) can0 7BC#1500000000000000
(1666123147.092887) can0 218#1FFF004000800000
(1666123147.094411) can0 325#0816B5FB000100
(1666123147.098169) can0 236#100E1000B0000036
(1666123147.099346) can0 412#230095000E00
(1666123147.100298) can0 210#0000000000000000
(1666123147.100630) can0 255#3FFF3FFF1F40FFFF
(1666123147.100789) can0 308#4000004605673400
(1666123147.101116) can0 200#0003C000C000C000
(1666123147.101287) can0 208#00206000C000C000
(1666123147.101595) can0 215#00000000000000
(1666123147.101735) can0 309#47A98000A80009
(1666123147.102008) can0 312#6734073409A00734
(1666123147.102343) can0 418#50FF516000000000
(1666123147.102466) can0 380#0001
(1666123147.102714) can0 218#9FFF004000000000
(1666123147.102962) can0 608#4747000000000000
(1666123147.103215) can0 265#00000000000007E1
(1666123147.103510) can0 316#5FFFFFFFC00000
(1666123147.103714) can0 338#0000000000020000
(1666123147.104609) can0 248#8008000800004009
(1666123147.106241) can0 359#31000002
(1666123147.107845) can0 230#08000000000000ED
(1666123147.108093) can0 236#100E1000C000007E
(1666123147.109394) can0 318#00950005952D0000
(1666123147.109639) can0 315#74000000007900
(1666123147.110264) can0 212#0511073427A93FFF
(1666123147.110491) can0 308#4000000604073400
(1666123147.110714) can0 309#27A98000580009
(1666123147.110960) can0 312#0734073409A00734
(1666123147.111218) can0 300#001B1FFF9FFF7FA0
(1666123147.111442) can0 328#00007D00D880FFFF
(1666123147.111690) can0 330#FCFCFCFFFFFF3F7F
(1666123147.111910) can0 356#3FFF3FFF0BB800
(1666123147.112168) can0 4A0#26D93319640F0040
(1666123147.112468) can0 316#5FFFFFFFC00000
(1666123147.112704) can0 7BC#1600000000000000
(1666123147.112972) can0 218#9FFF004000000000
(1666123147.114585) can0 408#00008C0002000000
(1666123147.114631) can0 325#0816B5FB000100
(1666123147.118390) can0 236#100E1000D0000066
(1666123147.119512) can0 412#230095000E00
(1666123147.120391) can0 210#0000000000000000
(1666123147.120566) can0 255#3FFF3FFF1F40FFFF
(1666123147.120861) can0 308#4000000604073400
(1666123147.121077) can0 200#0003C000C000C000
(1666123147.121344) can0 208#00206000C000C000
(1666123147.121556) can0 215#00000000000003
(1666123147.121812) can0 309#27A98000580009
(1666123147.122026) can0 312#0734073409A00734
(1666123147.122168) can0 380#0001
(1666123147.122406) can0 418#50FF516000000000
(1666123147.122624) can0 415#000000000000FF
(1666123147.122871) can0 218#1FFF004000800000
(1666123147.123161) can0 265#00000000000007E1
(1666123147.123378) can0 316#3FFF3FFF000000
(1666123147.123639) can0 338#00000002A7020000
(1666123147.123875) can0 365#FF000000FF0100FF
(1666123147.124784) can0 248#8008000800004009
(1666123147.126377) can0 359#31000002
(1666123147.127958) can0 230#080000000000A51B
(1666123147.127982) can0 236#100E1000E000004E
(1666123147.129698) can0 315#78000000007900
(1666123147.130254) can0 101#04
(1666123147.130278) can0 212#05110734E7A93FFF
(1666123147.130640) can0 308#4000004605673400
(1666123147.130788) can0 309#47A98000A80009
(1666123147.131117) can0 300#001B1FFF9FFF7FA0
(1666123147.131266) can0 312#6734073409A00734
(1666123147.131606) can0 328#00007D00D880FFFF
(1666123147.131737) can0 330#FCFCFCFFFFFF3F7F
(1666123147.131959) can0 356#3FFF3FFF0BB800
(1666123147.132245) can0 316#3FFF3FFF000000
(1666123147.132490) can0 218#1FFF004000800000
(1666123147.132740) can0 7BC#1700000000000000
(1666123147.134559) can0 325#0816B5FB000100
(1666123147.138272) can0 236#100E1000F0000056
(1666123147.139552) can0 412#230095000E00
(1666123147.140411) can0 210#0000008080000000
(1666123147.140478) can0 255#3FFF3FFF1F40FFFF
(1666123147.140823) can0 308#4000004605673400
(1666123147.141050) can0 200#0003C000C000C000
(1666123147.141302) can0 208#00206000C000C000
(1666123147.141542) can0 215#00000000000003
(1666123147.141756) can0 309#47A98000A80009
(1666123147.142027) can0 312#6734073409A00734
(1666123147.142344) can0 520#FFFFFF0F
(1666123147.142585) can0 218#9FFF004000000000
(1666123147.142628) can0 380#0001
(1666123147.143034) can0 265#00000000000007E1
(1666123147.143211) can0 316#5FFFFFFFC00000
(1666123147.143461) can0 338#00000002A7020000
(1666123147.143725) can0 418#50FF516000000000
(1666123147.144549) can0 248#8008000800004009
(1666123147.146320) can0 359#01000002
(1666123147.148088) can0 230#080000000000A54B
(1666123147.148112) can0 236#100E1000000000DE
(1666123147.149574) can0 315#3C000000007900
(1666123147.150294) can0 212#05110734E7A93FFF
(1666123147.150479) can0 308#4000000604073400
(1666123147.150706) can0 309#27A98000580009
(1666123147.150978) can0 312#0734073409A00734
(1666123147.151195) can0 300#009B1FFF1FFF7FB1
(1666123147.151429) can0 328#00007D00D880FFFF
(1666123147.151680) can0 330#FCFCFCFFFFFF3F7F
(1666123147.151890) can0 356#3FFF3FFF0BB800
(1666123147.152153) can0 7BC#18FED00041000000
(1666123147.152379) can0 316#5FFFFFFFC00000
(1666123147.152625) can0 218#9FFF004000000000
(1666123147.154996) can0 325#0816B5FB000100
(1666123147.158721) can0 236#100E1000100000C6
(1666123147.159464) can0 412#230095000E00
(1666123147.160283) can0 210#0000008080000000
(1666123147.160521) can0 255#3FFF3FFF1F40FFFF
(1666123147.160776) can0 308#4000000604073400
(1666123147.161059) can0 200#0003C000C000C000
(1666123147.161304) can0 208#00206000C000C000
(1666123147.161534) can0 215#00000000000000
(1666123147.161777) can0 309#27A98000580009
(1666123147.162003) can0 312#0734073409A00734
(1666123147.162441) can0 418#50FF516000000000
(1666123147.162457) can0 380#0001
(1666123147.162785) can0 218#1FFF004000800000
(1666123147.163028) can0 265#00000000000007E1
(1666123147.163282) can0 316#3FFF3FFF000000
(1666123147.163527) can0 338#00000002A7020000
(1666123147.163769) can0 365#FF000000FF0100FF
(1666123147.164483) can0 248#8008000800004009
(1666123147.166206) can0 359#01000002
(1666123147.167783) can0 230#080000000000A5BB
(1666123147.167962) can0 236#100E1000200000EE
(1666123147.169444) can0 315#00000000007900
(1666123147.170211) can0 212#0511073427A93FFF
(1666123147.170366) can0 308#4000004605673400
(1666123147.170616) can0 309#47A98000A80009
(1666123147.170864) can0 312#6734073409A00734
(1666123147.171120) can0 300#009B1FFF1FFF7FB1
(1666123147.171341) can0 328#00007D00D880FFFF
(1666123147.171592) can0 330#FCFCFCFFFFFF3F7F
(1666123147.171814) can0 356#3FFF3FFF0BB800
(1666123147.172095) can0 7BC#19000764642EEB00
(1666123147.172290) can0 316#3FFF3FFF000000
(1666123147.172612) can0 218#1FFF004000800000
(1666123147.174489) can0 325#0816B5FB000100
(1666123147.178207) can0 236#100E1000300000F6
(1666123147.179488) can0 412#230095000E00
(1666123147.180283) can0 210#0000000000000000
(1666123147.180469) can0 255#3FFF3FFF1F40FFFF
(1666123147.180741) can0 308#4000004605673400
(1666123147.180987) can0 200#0003C000C000C000
(1666123147.181245) can0 208#00206000C000C000
(1666123147.181468) can0 215#00000000000000
(1666123147.181691) can0 309#47A98000A80009
(1666123147.181936) can0 312#6734073409A00734
(1666123147.182358) can0 418#50FF516000000000
(1666123147.182530) can0 380#0001
(1666123147.182717) can0 218#9FFF004000000000
(1666123147.182962) can0 6FE#FFEFE7E700000000
(1666123147.183220) can0 265#00000000000007E1
(1666123147.183501) can0 316#5FFFFFFFC00000
(1666123147.183717) can0 338#0000000000020000
(1666123147.184648) can0 248#8008000800004009
(1666123147.186218) can0 359#31000002
(1666123147.187704) can0 230#08000000000000ED
(1666123147.188023) can0 236#100E1000400000BE
(1666123147.189484) can0 315#44000000007900
(1666123147.190115) can0 212#0511073427A93FFF
(1666123147.190397) can0 308#4000000604073400
(1666123147.190639) can0 309#27A98000580009
(1666123147.190834) can0 312#0734073409A00734
(1666123147.191090) can0 300#001B1FFF9FFF7FA0
(1666123147.191398) can0 328#00007D00D880FFFF
(1666123147.191644) can0 330#FCFCFCFFFFFF3F7F
(1666123147.191785) can0 356#3FFF3FFF0BB800
(1666123147.192120) can0 6FA#004A413341563636
(1666123147.192263) can0 316#5FFFFFFFC00000
(1666123147.192486) can0 7BC#1A00800012472700
(1666123147.192734) can0 218#9FFF004000000000
(1666123147.194442) can0 325#0816B5FB000100
(1666123147.198332) can0 236#100E1000500000A6
(1666123147.199575) can0 412#230095000E00
(1666123147.200333) can0 210#0000000000000000
(1666123147.200443) can0 255#3FFF3FFF1F40FFFF
(1666123147.200724) can0 308#4000000604073400
(1666123147.200989) can0 200#0003C000C000C000
(1666123147.201248) can0 208#00206000C000C000
(1666123147.201539) can0 215#00000000000003
(1666123147.201731) can0 309#27A98000580009
(1666123147.201938) can0 312#0734073409A00734
(1666123147.202344) can0 418#50FF516000000000
(1666123147.202533) can0 380#0001
(1666123147.202735) can0 218#1FFF004000800000
(1666123147.202965) can0 608#4747000000000000
(1666123147.203218) can0 265#00000000000007E1
(1666123147.203444) can0 316#3FFF3FFF000000
(1666123147.203716) can0 338#0000000000020000
(1666123147.203965) can0 365#FF000000FF0100FF
(1666123147.204568) can0 248#8008000800004009
(1666123147.206118) can0 359#31000002
(1666123147.207598) can0 230#080000000000001D
(1666123147.207967) can0 236#100E10006000008E
(1666123147.209397) can0 318#00950005952D0000
(1666123147.209654) can0 315#48000000007900
(1666123147.210119) can0 212#05110734E7A93FFF
(1666123147.210414) can0 308#4000004605673400
(1666123147.210666) can0 309#47A98000A80009
(1666123147.211177) can0 300#001B1FFF9FFF7FA0
(1666123147.211315) can0 312#6734073409A00734
(1666123147.211554) can0 328#00007D00D880FFFF
(1666123147.211813) can0 330#FCFCFCFFFFFF3F7F
(1666123147.212026) can0 356#3FFF3FFF0BB800
(1666123147.212309) can0 316#3FFF3FFF000000
(1666123147.212560) can0 4A0#26D93319640F0040
(1666123147.212803) can0 218#1FFF004000800000
(1666123147.213030) can0 7BC#1B32180012000000
(1666123147.214563) can0 408#00008C0002000000
(1666123147.214725) can0 325#0816B5FB000100
(1666123147.218215) can0 236#100E100070000096
(1666123147.219472) can0 412#230095000E00
(1666123147.220287) can0 210#0000008080000000
(1666123147.220464) can0 255#3FFF3FFF1F40FFFF
(1666123147.220725) can0 308#4000004605673400
(1666123147.221049) can0 200#0003C000C000C000
(1666123147.221285) can0 208#00206000C000C000
(1666123147.221513) can0 215#00000000000003
(1666123147.221725) can0 309#47A98000A80009
(1666123147.221978) can0 312#6734073409A00734
(1666123147.222402) can0 418#50FF516000000000
(1666123147.222545) can0 380#0001
(1666123147.222720) can0 218#9FFF004000000000
(1666123147.222945) can0 415#000000000000FF
(1666123147.223195) can0 265#00000000000007E1
(1666123147.223435) can0 316#5FFFFFFFC00000
(1666123147.223665) can0 338#00000002A8020000
(1666123147.224521) can0 248#8008000800004009
(1666123147.226058) can0 359#01000002
(1666123147.227667) can0 230#080000000000AA77
(1666123147.227989) can0 236#100E10008000001E
(1666123147.229446) can0 5FE#00000000000007DF
(1666123147.229694) can0 315#0C000000007900
(1666123147.229942) can0 101#04
(1666123147.230193) can0 212#05110734E7A93FFF
(1666123147.230444) can0 308#4000000604073400
(1666123147.230666) can0 309#27A98000580009
(1666123147.231009) can0 300#009B1FFF1FFF7FA0
(1666123147.231223) can0 312#0734073409A00734
(1666123147.231474) can0 328#00007D00D880FFFF
(1666123147.231698) can0 330#FCFCFCFFFFFF3F7F
(1666123147.231922) can0 356#3FFF3FFF0BB800
(1666123147.232271) can0 316#5FFFFFFFC00000
(1666123147.232494) can0 7BC#1C00000000000000
(1666123147.232741) can0 218#9FFF004000000000
(1666123147.234498) can0 325#0816B5FB000100
(1666123147.238205) can0 236#100E100090000006
(1666123147.239569) can0 6FB#6107140023324000
(1666123147.239580) can0 412#230095000E00
(1666123147.240244) can0 210#0000008080000000
(1666123147.240467) can0 255#3FFF3FFF1F40FFFF
(1666123147.240725) can0 308#4000000604073400
(1666123147.241070) can0 200#0003C000C000C000
(1666123147.241277) can0 208#00206000C000C000
(1666123147.241546) can0 215#00000000000000
(1666123147.241756) can0 309#27A98000580009
(1666123147.242017) can0 312#0734073409A00734
(1666123147.242310) can0 520#FFFFFF0F
(1666123147.242466) can0 380#0001
(1666123147.242715) can0 218#1FFF004000800000
(1666123147.242978) can0 265#00000000000007E1
(1666123147.243187) can0 316#3FFF3FFF000000
(1666123147.243461) can0 338#00000002A8020000
(1666123147.243695) can0 365#FF000000FF0100FF
(1666123147.243977) can0 418#50FF516000000000
(1666123147.244601) can0 248#8008000800004009
(1666123147.246089) can0 359#01000002
(1666123147.248170) can0 236#100E1000A000002E
(1666123147.249017) can0 230#080000000000AAA7
(1666123147.249429) can0 6FD#01D7004012260800
(1666123147.249689) can0 315#50000000007900
(1666123147.250111) can0 212#0511073427A93FFF
(1666123147.250356) can0 308#4000004605673400
(1666123147.250604) can0 309#47A98000A80009
(1666123147.251081) can0 300#009B1FFF1FFF7FA0
(1666123147.251292) can0 312#6734073409A00734
(1666123147.251543) can0 328#00007D00D880FFFF
(1666123147.251780) can0 330#FCFCFCFFFFFF3F7F
(1666123147.252022) can0 356#3FFF3FFF0BB800
(1666123147.252264) can0 316#3FFF3FFF000000
(1666123147.252500) can0 7BC#1D00000000000000
(1666123147.252745) can0 218#1FFF004000800000
(1666123147.254396) can0 325#0816B5FB000100
(1666123147.258247) can0 236#100E1000B0000036
(1666123147.259496) can0 6FF#2580026000000000
(1666123147.259655) can0 412#230095000E00
(1666123147.260288) can0 210#0000000000000000
(1666123147.260431) can0 255#3FFF3FFF1F40FFFF
(1666123147.260717) can0 308#4000004605673400
(1666123147.261084) can0 200#0003C000C000C000
(1666123147.261282) can0 208#00206000C000C000
(1666123147.261459) can0 215#00000000000000
(1666123147.261680) can0 309#47A98000A80009
(1666123147.261916) can0 312#6734073409A00734
(1666123147.262245) can0 380#0001
(1666123147.262526) can0 418#50FF516000000000
(1666123147.262784) can0 218#9FFF004000000000
(1666123147.263041) can0 265#00000000000007E1
(1666123147.263282) can0 316#5FFFFFFFC00000
(1666123147.263549) can0 338#00000002A8020000
(1666123147.264448) can0 248#8008000800004009
(1666123147.265993) can0 359#31000002
(1666123147.267500) can0 230#080000000000AAD7
(1666123147.267967) can0 236#100E1000C000007E
(1666123147.269466) can0 315#14000000007900
(1666123147.269994) can0 212#0511073427A93FFF
(1666123147.270227) can0 308#4000000604073400
(1666123147.270547) can0 309#27A98000580009
(1666123147.270722) can0 312#0734073409A00734
(1666123147.270996) can0 300#001B1FFF9FFF7FB1
(1666123147.271227) can0 328#00007D00D880FFFF
(1666123147.271475) can0 330#FCFCFCFFFFFF3F7F
(1666123147.271698) can0 356#3FFF3FFF0BB800
(1666123147.271968) can0 7BC#1E00000000000000
(1666123147.272262) can0 316#5FFFFFFFC00000
(1666123147.272496) can0 218#9FFF004000000000
(1666123147.274410) can0 325#0816B5FB000100
(1666123147.277993) can0 236#100E1000D0000066
(1666123147.279423) can0 412#230095000E00
(1666123147.280119) can0 210#0000000000000000
(1666123147.280320) can0 255#3FFF3FFF1F40FFFF
(1666123147.280565) can0 308#4000000604073400
(1666123147.281035) can0 200#0003C000C000C000
(1666123147.281227) can0 208#00206000C000C000
(1666123147.281450) can0 215#00000000000003
(1666123147.281670) can0 309#27A98000580009
(1666123147.281921) can0 312#0734073409A00734
(1666123147.282243) can0 380#0001
(1666123147.282470) can0 418#50FF516000000000
(1666123147.282716) can0 6FE#FFEFE7E700000000
(1666123147.282966) can0 218#1FFF004000800000
(1666123147.283222) can0 265#00000000000007E1
(1666123147.283445) can0 316#3FFF3FFF000000
(1666123147.283691) can0 338#0000000000020000
(1666123147.283940) can0 365#FF000000FF0100FF
(1666123147.284815) can0 248#8008000800004009
(1666123147.286423) can0 359#31000002
(1666123147.287597) can0 230#080000000000001D
(1666123147.288051) can0 236#100E1000E000004E
(1666123147.289852) can0 315#18000000007900
(1666123147.290009) can0 212#05110734E7A93FFF
(1666123147.290287) can0 308#4000004605673400
(1666123147.290499) can0 309#47A98000A80009
(1666123147.290743) can0 312#6734073409A00734
(1666123147.291040) can0 300#001B1FFF9FFF7FB1
(1666123147.291282) can0 328#00007D00D880FFFF
(1666123147.291547) can0 330#FCFCFCFFFFFF3F7F
(1666123147.291771) can0 356#3FFF3FFF0BB800
(1666123147.292761) can0 316#3FFF3FFF000000
(1666123147.292784) can0 6FA#0156343955303233
(1666123147.292786) can0 218#1FFF004000800000
(1666123147.293025) can0 7BC#1F00000000000000
(1666123147.294504) can0 325#0816B5FB000100
(1666123147.298211) can0 236#100E1000F0000056
(1666123147.299449) can0 412#230095000E00
(1666123147.300125) can0 210#0000008080000000
(1666123147.300346) can0 255#3FFF3FFF1F40FFFF
(1666123147.300606) can0 308#4000004605673400
(1666123147.301059) can0 200#0003C000C000C000
(1666123147.301289) can0 208#00206000C000C000
(1666123147.301515) can0 215#00000000000003
(1666123147.301764) can0 309#47A98000A80009
(1666123147.302485) can0 312#0734073409A00734
(1666123147.302508) can0 418#50FF516000000000
(1666123147.302714) can0 380#0001
(1666123147.302891) can0 218#9FFF004000000000
(1666123147.303123) can0 608#4747000000000000
(1666123147.303446) can0 265#00000000000007E1
(1666123147.303682) can0 316#5FFFFFFFC00000
(1666123147.303942) can0 338#0000000000020000
(1666123147.304684) can0 248#8008000800004009
(1666123147.306404) can0 359#01000002
(1666123147.307651) can0 230#080000000000004D
(1666123147.308027) can0 236#100E1000000000DE
(1666123147.309898) can0 318#00950005952D0000
(1666123147.309921) can0 315#5C000000007900
(1666123147.310047) can0 212#05110734E7A93FFF
(1666123147.310281) can0 308#4000000604073400
(1666123147.310518) can0 309#27A98000580009
(1666123147.311155) can0 300#009B1FFF1FFF7FB1
(1666123147.311243) can0 312#0734073409A00734
(1666123147.311563) can0 328#00007D00D880FFFF
(1666123147.311752) can0 330#FCFCFCFFFFFF3F7F
(1666123147.311998) can0 356#3FFF3FFF0BB800
(1666123147.312261) can0 4A0#26D93319640F0040
(1666123147.312498) can0 316#5FFFFFFFC00000
(1666123147.312735) can0 7BC#2000000000000000
(1666123147.312981) can0 218#9FFF004000000000
(1666123147.315049) can0 408#00008C0002000000
(1666123147.315074) can0 325#0816B5FB000100
(1666123147.318570) can0 236#100E1000100000C6
(1666123147.319962) can0 412#230095000E00
(1666123147.319986) can0 210#0000008080000000
(1666123147.320344) can0 255#3FFF3FFF1F40FFFF
(1666123147.320619) can0 308#4000000604073400
(1666123147.321144) can0 200#0003C000C000C000
(1666123147.321289) can0 208#00206000C000C000
(1666123147.321539) can0 215#00000000000000
(1666123147.321731) can0 309#27A98000580009
(1666123147.322341) can0 312#6734073409A00734
(1666123147.322559) can0 418#50FF516000000000
(1666123147.322709) can0 380#0001
(1666123147.322955) can0 218#1FFF004000800000
(1666123147.323170) can0 415#000000000000FF
(1666123147.323424) can0 265#00000000000007E1
(1666123147.323635) can0 316#3FFF3FFF000000
(1666123147.323902) can0 338#00000002A9020000
(1666123147.324158) can0 365#FF000000FF0100FF
(1666123147.324633) can0 248#8008000800004009
(1666123147.326058) can0 359#01000002
(1666123147.328001) can0 230#080000000000ABA3
(1666123147.328025) can0 236#100E1000200000EE
(1666123147.330098) can0 315#60000000007900
(1666123147.330122) can0 101#04
(1666123147.330125) can0 212#0511073427A93FFF
(1666123147.330310) can0 308#4000004605673400
(1666123147.330587) can0 309#47A98000A80009
(1666123147.331088) can0 312#6734073409A00734
(1666123147.331258) can0 300#009B1FFF1FFF7FA0
(1666123147.331506) can0 328#00007D00D880FFFF
(1666123147.331753) can0 330#FCFCFCFFFFFF3F7F
(1666123147.331982) can0 356#3FFF3FFF0BB800
(1666123147.332261) can0 7BC#2101000000000000
(1666123147.332497) can0 316#3FFF3FFF000000
(1666123147.332758) can0 218#1FFF004000800000
(1666123147.334641) can0 325#0816B5FB000100
(1666123147.338720) can0 236#100E1000300000F6
(1666123147.339940) can0 412#230095000E00
(1666123147.339965) can0 210#0000000000000000
(1666123147.340313) can0 255#3FFF3FFF1F40FFFF
(1666123147.340560) can0 308#4000004605673400
(1666123147.341076) can0 309#47A98000A80009
(1666123147.341251) can0 200#0003C000C000C000
(1666123147.341510) can0 208#00206000C000C000
(1666123147.341657) can0 215#00000000000000
(1666123147.341867) can0 312#6734073409A00734
(1666123147.342098) can0 380#0001
(1666123147.342268) can0 520#FFFFFF0F
(1666123147.342617) can0 218#9FFF004000000000
(1666123147.342767) can0 265#00000000000007E1
(1666123147.343014) can0 316#5FFFFFFFC00000
(1666123147.343271) can0 338#00000002A9020000
(1666123147.343615) can0 418#50FF516000000000
(1666123147.344542) can0 248#8008000800004009
(1666123147.346376) can0 359#31000002
(1666123147.347744) can0 230#080000000000ABD3
(1666123147.348035) can0 236#100E1000400000BE
(1666123147.349541) can0 315#24000000007900
(1666123147.349957) can0 212#0511073427A93FFF
(1666123147.350163) can0 308#4000000604073400
(1666123147.350422) can0 309#27A98000580009
(1666123147.350674) can0 312#0734073409A00734
(1666123147.351019) can0 356#3FFF3FFF0BB800
(1666123147.351213) can0 300#001B1FFF9FFF7FA0
(1666123147.351467) can0 328#00007D00D880FFFF
(1666123147.351706) can0 330#FCFCFCFFFFFF3F7F
(1666123147.351956) can0 7BC#2200000000000000
(1666123147.352370) can0 316#5FFFFFFFC00000
(1666123147.352587) can0 218#9FFF004000000000
(1666123147.354456) can0 325#0816B5FB000100
(1666123147.358700) can0 236#100E1000500000A6
(1666123147.359813) can0 412#230095000E00
(1666123147.359983) can0 210#0000000000000000
(1666123147.360263) can0 255#3FFF3FFF1F40FFFF
(1666123147.360514) can0 308#4000000604073400
(1666123147.361119) can0 309#27A98000580009
(1666123147.361134) can0 200#0003C000C000C000
(1666123147.361495) can0 208#00206000C000C000
(1666123147.361679) can0 215#00000000000003
(1666123147.361905) can0 312#0734073409A00734
(1666123147.362171) can0 380#0001
(1666123147.362395) can0 418#50FF516000000000
(1666123147.362675) can0 218#1FFF004000800000
(1666123147.362903) can0 265#00000000000007E1
(1666123147.363159) can0 316#3FFF3FFF000000
(1666123147.363386) can0 338#00000002A9020000
(1666123147.363646) can0 365#FF000000FF0100FF
(1666123147.364963) can0 248#8008000800004009
(1666123147.365960) can0 359#31000002
(1666123147.367856) can0 230#080000000000AB03
(1666123147.368047) can0 236#100E10006000008E
(1666123147.370121) can0 315#28000000007900
(1666123147.370146) can0 212#05110734E7A93FFF
(1666123147.370149) can0 308#4000004605673400
(1666123147.370400) can0 309#47A98000A80009
(1666123147.371052) can0 312#6734073409A00734
(1666123147.371083) can0 300#001B1FFF9FFF7FA0
(1666123147.371442) can0 328#00007D00D880FFFF
(1666123147.371661) can0 330#FCFCFCFFFFFF3F7F
(1666123147.371887) can0 356#3FFF3FFF0BB800
(1666123147.372256) can0 7BC#2300000000000000
(1666123147.372456) can0 316#3FFF3FFF000000
(1666123147.372715) can0 218#1FFF004000800000
(1666123147.374603) can0 325#0816B5FB000100
(1666123147.378807) can0 236#100E100070000096
(1666123147.379708) can0 412#230095000E00
(1666123147.379965) can0 210#0000008080000000
(1666123147.380210) can0 255#3FFF3FFF1F40FFFF
(1666123147.380496) can0 308#4000004605673400
(1666123147.381021) can0 309#47A98000A80009
(1666123147.381100) can0 200#0003C000C000C000
(1666123147.381421) can0 208#00206000C000C000
(1666123147.381631) can0 215#00000000000003
(1666123147.381890) can0 312#6734073409A00734
(1666123147.382172) can0 380#0001
(1666123147.382378) can0 6FE#FFEFE7E700000000
(1666123147.382594) can0 418#50FF516000000000
(1666123147.382857) can0 218#9FFF004000000000
(1666123147.383154) can0 265#00000000000007E1
(1666123147.383331) can0 316#5FFFFFFFC00000
(1666123147.383598) can0 338#0000000000020000
(1666123147.385126) can0 248#8008000800004009
(1666123147.386375) can0 359#01000002
(1666123147.387569) can0 230#080000000000004D
(1666123147.388150) can0 236#100E10008000001E
(1666123147.389763) can0 315#6C000000007900
(1666123147.389787) can0 212#05110734E7A93FFF
(1666123147.390192) can0 308#4000000604073400
(1666123147.390357) can0 309#27A98000580009
(1666123147.390586) can0 312#0734073409A00734
(1666123147.390972) can0 356#3FFF3FFF0BB800
(1666123147.391163) can0 300#009B1FFF1FFF7FB1
(1666123147.391412) can0 328#00007D00D880FFFF
(1666123147.391672) can0 330#FCFCFCFFFFFF3F7F
(1666123147.391893) can0 6FA#0230323300000000
(1666123147.392158) can0 7BC#2400000000000347
(1666123147.392356) can0 316#5FFFFFFFC00000
(1666123147.392639) can0 218#9FFF004000000000
(1666123147.394574) can0 325#0816B5FB000100
(1666123147.398698) can0 236#100E100090000006
(1666123147.399981) can0 412#230095000E00
(1666123147.399997) can0 210#0000008080000000
(1666123147.400191) can0 255#3FFF3FFF1F40FFFF
(1666123147.400438) can0 308#4000000604073400
(1666123147.400872) can0 309#27A98000580009
(1666123147.401114) can0 200#0003C000C000C000
(1666123147.401322) can0 208#00206000C000C000
(1666123147.401575) can0 215#00000000000000
(1666123147.401871) can0 312#0734073409A00734
(1666123147.402088) can0 380#0001
(1666123147.402346) can0 608#4747000000000000
(1666123147.402593) can0 418#50FF516000000000
(1666123147.402830) can0 218#1FFF004000800000
(1666123147.403080) can0 265#00000000000007E1
(1666123147.403331) can0 316#3FFF3FFF000000
(1666123147.403561) can0 338#0000000000020000
(1666123147.403830) can0 365#FF000000FF0100FF
(1666123147.404725) can0 248#8008000800004009
(1666123147.405846) can0 359#01000002
(1666123147.407455) can0 230#08000000000000BD
(1666123147.408046) can0 236#100E1000A000002E
(1666123147.409502) can0 318#00950005952D0000
(1666123147.409733) can0 315#30000000007900
(1666123147.409955) can0 212#0511073427A93FFF
(1666123147.410209) can0 308#4000004605673400
(1666123147.410461) can0 309#47A98000A80009
(1666123147.411082) can0 312#6734073409A00734
(1666123147.411105) can0 300#009B1FFF1FFF7FB1
(1666123147.411388) can0 328#00007D00D880FFFF
(1666123147.411631) can0 330#FCFCFCFFFFFF3F7F
(1666123147.411854) can0 356#3FFF3FFF0BB800
(1666123147.412158) can0 4A0#26D93319640F0040
(1666123147.412369) can0 316#3FFF3FFF000000
(1666123147.412606) can0 7BC#2548000000000000
(1666123147.412866) can0 218#1FFF004000800000
(1666123147.414463) can0 408#00008C0002000000
(1666123147.414751) can0 325#0816B5FB000100
(1666123147.418842) can0 236#100E1000B0000036
(1666123147.419575) can0 412#230095000E00
(1666123147.419919) can0 210#0000000000000000
(1666123147.420179) can0 255#3FFF3FFF1F40FFFF
(1666123147.420456) can0 308#4000004605673400
(1666123147.420971) can0 309#47A98000A80009
(1666123147.421161) can0 200#0003C000C000C000
(1666123147.421352) can0 208#00206000C000C000
(1666123147.421592) can0 215#00000000000000
(1666123147.421846) can0 312#6734073409A00734
(1666123147.422039) can0 380#0001
(1666123147.422283) can0 415#000000000000FF
(1666123147.422509) can0 418#50FF516000000000
(1666123147.422754) can0 218#9FFF004000000000
(1666123147.423020) can0 265#00000000000007E1
(1666123147.423238) can0 316#5FFFFFFFC00000
(1666123147.423541) can0 338#00000002AA020000
(1666123147.425153) can0 248#8008000800004009
(1666123147.426219) can0 359#31000002
(1666123147.427398) can0 230#080000000000A8DF
(1666123147.428478) can0 236#100E1000C000007E
(1666123147.429649) can0 315#74000000007900
(1666123147.429673) can0 101#04
(1666123147.429881) can0 212#0511073427A93FFF
(1666123147.430171) can0 308#4000000604073400
(1666123147.430381) can0 309#27A98000580009
(1666123147.431286) can0 312#0734073409A00734
(1666123147.431309) can0 300#001B1FFF9FFF7FB1
(1666123147.431311) can0 328#00007D00D880FFFF
(1666123147.431593) can0 330#FCFCFCFFFFFF3F7F
(1666123147.431811) can0 356#3FFF3FFF0BB800
(1666123147.432077) can0 7BC#2600000000000000
(1666123147.432342) can0 316#5FFFFFFFC00000
(1666123147.432606) can0 218#9FFF004000000000
(1666123147.435234) can0 325#0816B5FB000100
(1666123147.438732) can0 236#100E1000D0000066
(1666123147.439519) can0 412#230095000E00
(1666123147.439891) can0 210#0000000000000000
(1666123147.440178) can0 255#3FFF3FFF1F40FFFF
(1666123147.440392) can0 308#4000000604073400
(1666123147.440913) can0 309#27A98000580009
(1666123147.441056) can0 200#0003C000C000C000
(1666123147.441317) can0 208#00206000C000C000
(1666123147.441557) can0 215#00000000000003
(1666123147.441765) can0 312#0734073409A00734
(1666123147.442028) can0 380#0001
(1666123147.442275) can0 520#FFFFFF0F
(1666123147.442523) can0 218#1FFF004000800000
(1666123147.442778) can0 265#00000000000007E1
(1666123147.443027) can0 316#3FFF3FFF000000
(1666123147.443279) can0 338#00000002AA020000
(1666123147.443529) can0 365#FF000000FF0100FF
(1666123147.443779) can0 418#50FF516000000000
(1666123147.444607) can0 248#8008000800004009
(1666123147.446172) can0 359#31000002
(1666123147.447638) can0 230#080000000000A80F
(1666123147.448036) can0 236#100E1000E000004E
(1666123147.449894) can0 315#78000000007900
(1666123147.449919) can0 212#05110734E7A93FFF
(1666123147.449927) can0 308#4000004605673400
(1666123147.450328) can0 309#47A98000A80009
(1666123147.450834) can0 312#6734073409A00734
(1666123147.451035) can0 356#3FFF3FFF0BB800
(1666123147.451274) can0 300#001B1FFF9FFF7FA0
(1666123147.451535) can0 328#00007D00D880FFFF
(1666123147.451791) can0 330#FCFCFCFFFFFF3F7F
(1666123147.451962) can0 7BC#2700000000000000
(1666123147.452251) can0 316#3FFF3FFF000000
(1666123147.452639) can0 218#1FFF004000800000
(1666123147.454625) can0 325#0816B5FB000100
(1666123147.458813) can0 236#100E1000F0000056
(1666123147.459637) can0 412#230095000E00
(1666123147.459827) can0 210#0000008080000000
(1666123147.460089) can0 255#3FFF3FFF1F40FFFF
(1666123147.460369) can0 308#4000004605673400
(1666123147.460893) can0 309#47A98000A80009
(1666123147.461047) can0 312#6734073409A00734
(1666123147.461260) can0 200#0003C000C000C000
(1666123147.461532) can0 208#00206000C000C000
(1666123147.461766) can0 215#00000000000003
(1666123147.461806) can0 380#0001
(1666123147.462427) can0 418#50FF516000000000
(1666123147.462598) can0 218#9FFF004000000000
(1666123147.462848) can0 265#00000000000007E1
(1666123147.463102) can0 316#5FFFFFFFC00000
(1666123147.463374) can0 338#00000002AA020000
(1666123147.465008) can0 248#8008000800004009
(1666123147.465847) can0 359#01000002
(1666123147.467421) can0 230#080000000000A87F
(1666123147.468209) can0 236#100E1000000000DE
(1666123147.469650) can0 315#3C000000007900
(1666123147.469675) can0 212#05110734E7A93FFF
(1666123147.469978) can0 308#4000000604073400
(1666123147.470217) can0 309#27A98000580009
(1666123147.470459) can0 312#0734073409A00734
(1666123147.470768) can0 356#3FFF3FFF0BB800
(1666123147.471039) can0 7BC#2800000000000000
(1666123147.471260) can0 300#009B1FFF1FFF7FB1
(1666123147.471514) can0 328#00007D00D880FFFF
(1666123147.471783) can0 330#FCFCFCFFFFFF3F7F
(1666123147.472347) can0 316#5FFFFFFFC00000
(1666123147.472580) can0 218#9FFF004000000000
(1666123147.475240) can0 325#0816B5FB000100
(1666123147.478702) can0 236#100E1000100000C6
(1666123147.480025) can0 412#230095000E00
(1666123147.480049) can0 210#0000008080000000
(1666123147.480051) can0 255#3FFF3FFF1F40FFFF
(1666123147.480261) can0 308#4000000604073400
(1666123147.480929) can0 309#27A98000580009
(1666123147.480955) can0 312#0734073409A00734
(1666123147.481255) can0 200#0003C000C000C000
(1666123147.481510) can0 208#00206000C000C000
(1666123147.481725) can0 215#00000000000000
(1666123147.481878) can0 380#0001
(1666123147.482160) can0 6FE#FFEFE7E700000000
(1666123147.482362) can0 418#50FF516000000000
(1666123147.482639) can0 218#1FFF004000800000
(1666123147.482853) can0 265#00000000000007E1
(1666123147.483201) can0 316#3FFF3FFF000000
(1666123147.483371) can0 338#0000000000020000
(1666123147.483626) can0 365#FF000000FF0100FF
(1666123147.485103) can0 248#8008000800004009
(1666123147.485809) can0 359#01000002
(1666123147.488581) can0 236#100E1000200000EE
(1666123147.488606) can0 230#08000000000000BD
(1666123147.490037) can0 315#00000000007900
(1666123147.490062) can0 212#0511073427A93FFF
(1666123147.490064) can0 308#4000004605673400
(1666123147.490214) can0 309#47A98000A80009
(1666123147.490814) can0 312#6734073409A00734
(1666123147.490986) can0 356#3FFF3FFF0BB800
(1666123147.491232) can0 300#009B1FFF1FFF7FB1
(1666123147.491486) can0 328#00007D00D880FFFF
(1666123147.491688) can0 330#FCFCFCFFFFFF3F7F
(1666123147.491949) can0 6FA#004A413341563636
(1666123147.492189) can0 7BC#2900000000000000
(1666123147.492360) can0 316#3FFF3FFF000000
(1666123147.492770) can0 218#1FFF004000800000
(1666123147.494529) can0 325#0816B5FB000100
(1666123147.498708) can0 236#100E1000300000F6
(1666123147.499981) can0 412#230095000E00
(1666123147.500005) can0 210#0000000000000000
(1666123147.500007) can0 255#3FFF3FFF1F40FFFF
(1666123147.500215) can0 308#4000004605673400
(1666123147.500800) can0 309#47A98000A80009
(1666123147.500984) can0 312#6734073409A00734
(1666123147.501215) can0 200#0003C000C000C000
(1666123147.501471) can0 208#00206000C000C000
(1666123147.501699) can0 215#00000000000000
(1666123147.501742) can0 380#0001
(1666123147.502120) can0 608#4747000000000000
(1666123147.502341) can0 418#50FF516000000000
(1666123147.502603) can0 218#9FFF004000000000
(1666123147.502874) can0 265#00000000000007E1
(1666123147.503085) can0 316#5FFFFFFFC00000
(1666123147.503337) can0 338#0000000000020000
(1666123147.504677) can0 248#8008000800004009
(1666123147.506082) can0 359#31000002
(1666123147.507243) can0 230#08000000000000ED
(1666123147.508246) can0 236#100E1000400000BE
(1666123147.509601) can0 318#00950005952D0000
(1666123147.509643) can0 212#0511073427A93FFF
(1666123147.509941) can0 315#44000000007900
(1666123147.510201) can0 308#4000000604073400
(1666123147.510801) can0 309#27A98000580009
(1666123147.510991) can0 312#0734073409A00734
(1666123147.511241) can0 300#001B1FFF9FFF7FA0
(1666123147.511488) can0 328#00007D00D880FFFF
(1666123147.511714) can0 330#FCFCFCFFFFFF3F7F
(1666123147.511918) can0 356#3FFF3FFF0BB800
(1666123147.512161) can0 4A0#26D93319640F0040
(1666123147.512426) can0 316#5FFFFFFFC00000
(1666123147.512637) can0 7BC#2A00000000000000
(1666123147.512906) can0 218#9FFF004000000000
(1666123147.514543) can0 408#00008C0002000000
(1666123147.514758) can0 325#0816B5FB000100
(1666123147.518432) can0 236#100E1000500000A6
(1666123147.519376) can0 412#230095000E00
(1666123147.519626) can0 210#0000000000000000
(1666123147.519873) can0 255#3FFF3FFF1F40FFFF
(1666123147.520127) can0 308#4000000604073400
(1666123147.520810) can0 309#27A98000580009
(1666123147.520897) can0 312#0734073409A00734
(1666123147.521170) can0 200#0003C000C000C000
(1666123147.521426) can0 208#00206000C000C000
(1666123147.521683) can0 215#00000000000003
(1666123147.521707) can0 380#0001
(1666123147.522114) can0 415#000000000000FF
(1666123147.522357) can0 418#50FF516000000000
(1666123147.522621) can0 218#1FFF004000800000
(1666123147.522858) can0 265#00000000000007E1
(1666123147.523087) can0 316#3FFF3FFF000000
(1666123147.523338) can0 338#00000002AB020000
(1666123147.523618) can0 365#FF000000FF0100FF
(1666123147.525118) can0 248#8008000800004009
(1666123147.525745) can0 359#31000002
(1666123147.527282) can0 230#080000000000A90B
(1666123147.528681) can0 236#100E10006000008E
(1666123147.529622) can0 5FE#00000000000007DF
(1666123147.529646) can0 101#04
(1666123147.529889) can0 315#48000000007900
(1666123147.530165) can0 212#05110734E7A93FFF
(1666123147.530377) can0 308#4000004605673400
(1666123147.530635) can0 309#47A98000A80009
(1666123147.530871) can0 312#6734073409A00734
(1666123147.531102) can0 300#001B1FFF9FFF7FB1
(1666123147.531417) can0 328#00007D00D880FFFF
(1666123147.531668) can0 330#FCFCFCFFFFFF3F7F
(1666123147.531889) can0 356#3FFF3FFF0BB800
(1666123147.532171) can0 7BC#2B00000000000000
(1666123147.532362) can0 316#3FFF3FFF000000
(1666123147.532619) can0 218#1FFF004000800000
(1666123147.534668) can0 325#0816B5FB000100
(1666123147.538820) can0 236#100E100070000096
(1666123147.539619) can0 6FB#6107140023324000
(1666123147.539645) can0 210#0000008080000000
(1666123147.539915) can0 412#230095000E00
(1666123147.540176) can0 255#3FFF3FFF1F40FFFF
(1666123147.541104) can0 308#4000004605673400
(1666123147.541127) can0 309#47A98000A80009
(1666123147.541129) can0 200#0003C000C000C000
(1666123147.541389) can0 208#00206000C000C000
(1666123147.541653) can0 215#00000000000003
(1666123147.541871) can0 312#6734073409A00734
(1666123147.542024) can0 380#0001
(1666123147.542288) can0 520#FFFFFF0F
(1666123147.542551) can0 218#9FFF004000000000
(1666123147.542826) can0 265#00000000000007E1
(1666123147.543043) can0 316#5FFFFFFFC00000
(1666123147.543304) can0 338#00000002AB020000
(1666123147.543535) can0 418#50FF516000000000
(1666123147.544586) can0 248#8008000800004009
(1666123147.545626) can0 359#01000002
(1666123147.547459) can0 230#080000000000A97B
(1666123147.548040) can0 236#100E10008000001E
(1666123147.549525) can0 6FD#01D7004012260800
(1666123147.549686) can0 212#05110734E7A93FFF
(1666123147.549914) can0 315#0C000000007900
(1666123147.550165) can0 308#4000000604073400
(1666123147.550716) can0 309#27A98000580009
(1666123147.550908) can0 312#0734073409A00734
(1666123147.551169) can0 300#009B1FFF1FFF7FA0
(1666123147.551403) can0 328#00007D00D880FFFF
(1666123147.551655) can0 330#FCFCFCFFFFFF3F7F
(1666123147.551865) can0 356#3FFF3FFF0BB800
(1666123147.552174) can0 7BC#2C00000000000000
(1666123147.552380) can0 316#5FFFFFFFC00000
(1666123147.552631) can0 218#9FFF004000000000
(1666123147.554514) can0 325#0816B5FB000100
(1666123147.558231) can0 236#100E100090000006
(1666123147.559470) can0 6FF#2580026000000000
(1666123147.559720) can0 210#0000008080000000
(1666123147.559924) can0 412#230095000E00
(1666123147.560170) can0 255#3FFF3FFF1F40FFFF
(1666123147.560700) can0 308#4000000604073400
(1666123147.560902) can0 309#27A98000580009
(1666123147.561173) can0 200#0003C000C000C000
(1666123147.561321) can0 208#00206000C000C000
(1666123147.561548) can0 215#00000000000000
(1666123147.561886) can0 312#0734073409A00734
(1666123147.561909) can0 380#0001
(1666123147.562419) can0 418#50FF516000000000
(1666123147.562595) can0 218#1FFF004000800000
(1666123147.562859) can0 265#00000000000007E1
(1666123147.563081) can0 316#3FFF3FFF000000
(1666123147.563352) can0 338#00000002AB020000
(1666123147.563594) can0 365#FF000000FF0100FF
(1666123147.564924) can0 248#8008000800004009
(1666123147.565634) can0 359#01000002
(1666123147.567177) can0 230#080000000000A9AB
(1666123147.568350) can0 236#100E1000A000002E
(1666123147.569602) can0 315#50000000007900
(1666123147.569644) can0 212#0511073427A93FFF
(1666123147.570000) can0 308#4000004605673400
(1666123147.570232) can0 309#47A98000A80009
(1666123147.570686) can0 312#6734073409A00734
(1666123147.570863) can0 356#3FFF3FFF0BB800
(1666123147.571167) can0 300#009B1FFF1FFF7FA0
(1666123147.571344) can0 328#00007D00D880FFFF
(1666123147.571593) can0 330#FCFCFCFFFFFF3F7F
(1666123147.571830) can0 7BC#2D00000000000000
(1666123147.572346) can0 316#3FFF3FFF000000
(1666123147.572543) can0 218#1FFF004000800000
(1666123147.575165) can0 325#0816B5FB000100
(1666123147.578738) can0 236#100E1000B0000036
(1666123147.580194) can0 412#230095000E00
(1666123147.580218) can0 210#0000000000000000
(1666123147.580221) can0 255#3FFF3FFF1F40FFFF
(1666123147.580223) can0 308#4000004605673400
(1666123147.580660) can0 309#47A98000A80009
(1666123147.580844) can0 312#6734073409A00734
(1666123147.581099) can0 200#0003C000C000C000
(1666123147.581313) can0 208#00206000C000C000
(1666123147.581566) can0 215#00000000000000
(1666123147.581711) can0 380#0001
(1666123147.581970) can0 6FE#FFEFE7E700000000
(1666123147.582319) can0 418#50FF516000000000
(1666123147.582566) can0 218#9FFF004000000000
(1666123147.582834) can0 265#00000000000007E1
(1666123147.583043) can0 316#5FFFFFFFC00000
(1666123147.583285) can0 338#0000000000020000
(1666123147.584754) can0 248#8008000800004009
(1666123147.586202) can0 359#31000002
(1666123147.587130) can0 230#08000000000000ED
(1666123147.588402) can0 236#100E1000C000007E
(1666123147.589848) can0 315#14000000007900
(1666123147.589863) can0 212#0511073427A93FFF
(1666123147.589914) can0 308#4000000604073400
(1666123147.590235) can0 309#27A98000580009
(1666123147.590667) can0 312#0734073409A00734
(1666123147.590835) can0 356#3FFF3FFF0BB800
(1666123147.591081) can0 300#001B1FFF9FFF7FA0
(1666123147.591309) can0 328#00007D00D880FFFF
(1666123147.591578) can0 330#FCFCFCFFFFFF3F7F
(1666123147.591821) can0 6FA#0156343955303233
(1666123147.592068) can0 7BC#2E00000000000000
(1666123147.592322) can0 316#5FFFFFFFC00000
(1666123147.592576) can0 218#9FFF004000000000
(1666123147.594580) can0 325#0816B5FB000100
(1666123147.598741) can0 236#100E1000D0000066
(1666123147.599845) can0 412#230095000E00
(1666123147.599870) can0 210#0000000000000000
(1666123147.599904) can0 255#3FFF3FFF1F40FFFF
(1666123147.600232) can0 308#4000000604073400
(1666123147.600584) can0 309#27A98000580009
(1666123147.600829) can0 312#0734073409A00734
(1666123147.601076) can0 200#0003C000C000C000
(1666123147.601339) can0 208#00206000C000C000
(1666123147.601511) can0 215#00000000000003
(1666123147.601659) can0 380#0001
(1666123147.601955) can0 608#4747000000000000
(1666123147.602353) can0 418#50FF516000000000
(1666123147.602566) can0 218#1FFF004000800000
(1666123147.602841) can0 265#00000000000007E1
(1666123147.603110) can0 316#3FFF3FFF000000
(1666123147.603315) can0 338#0000000000020000
(1666123147.603577) can0 365#FF000000FF0100FF
(1666123147.604554) can0 248#8008000800004009
(1666123147.605521) can0 359#31000002
(1666123147.607358) can0 230#080000000000001D
(1666123147.608318) can0 236#100E1000E000004E
(1666123147.609522) can0 212#05110734E7A93FFF
(1666123147.609723) can0 318#00950005952D0000
(1666123147.609979) can0 308#4000004605673400
(1666123147.610167) can0 315#18000000007900
(1666123147.610387) can0 309#47A98000A80009
(1666123147.610665) can0 312#6734073409A00734
(1666123147.610919) can0 356#3FFF3FFF0BB800
(1666123147.611164) can0 300#001B1FFF9FFF7FA0
(1666123147.611380) can0 328#00007D00D880FFFF
(1666123147.611631) can0 330#FCFCFCFFFFFF3F7F
(1666123147.611871) can0 4A0#26D93319640F0040
(1666123147.612168) can0 7BC#2F00000000000000
(1666123147.612380) can0 316#3FFF3FFF000000
(1666123147.612623) can0 218#1FFF004000800000
(1666123147.614603) can0 408#00008C0002000000
(1666123147.614773) can0 325#0816B5FB000100
(1666123147.618519) can0 236#100E1000F0000056
(1666123147.620115) can0 412#230095000E00
(1666123147.620141) can0 210#0000008080000000
(1666123147.620145) can0 255#3FFF3FFF1F40FFFF
(1666123147.620147) can0 308#4000004605673400
(1666123147.620547) can0 309#47A98000A80009
(1666123147.620782) can0 312#6734073409A00734
(1666123147.620915) can0 380#0001
(1666123147.621159) can0 200#0003C000C000C000
(1666123147.621422) can0 208#00206000C000C000
(1666123147.621634) can0 215#00000000000003
(1666123147.621851) can0 415#000000000000FF
(1666123147.622367) can0 418#50FF516000000000
(1666123147.622595) can0 218#9FFF004000000000
(1666123147.622880) can0 265#00000000000007E1
(1666123147.623090) can0 316#5FFFFFFFC00000
(1666123147.623355) can0 338#00000002AC020000
(1666123147.625141) can0 248#8008000800004009
(1666123147.625504) can0 359#01000002
(1666123147.627291) can0 230#080000000000AE67
(1666123147.628387) can0 236#100E1000000000DE
(1666123147.629469) can0 101#04
(1666123147.629493) can0 315#5C000000007900
(1666123147.629795) can0 212#05110734E7A93FFF
(1666123147.630050) can0 308#4000000604073400
(1666123147.630958) can0 309#27A98000580009
(1666123147.630980) can0 312#0734073409A00734
(1666123147.630983) can0 356#3FFF3FFF0BB800
(1666123147.631278) can0 300#009B1FFF1FFF7FA0
(1666123147.631537) can0 328#00007D00D880FFFF
(1666123147.631739) can0 330#FCFCFCFFFFFF3F7F
(1666123147.631983) can0 7BC#3000000000000000
(1666123147.632357) can0 316#5FFFFFFFC00000
(1666123147.632576) can0 218#9FFF004000000000
(1666123147.634608) can0 325#0816B5FB000100
(1666123147.638132) can0 236#100E1000100000C6
(1666123147.639463) can0 210#0000008080000000
(1666123147.639667) can0 412#230095000E00
(1666123147.639926) can0 255#3FFF3FFF1F40FFFF
(1666123147.640162) can0 308#4000000604073400
(1666123147.640520) can0 309#27A98000580009
(1666123147.640752) can0 312#0734073409A00734
(1666123147.640823) can0 380#0001
(1666123147.641124) can0 200#0003C000C000C000
(1666123147.641400) can0 208#00206000C000C000
(1666123147.641617) can0 215#00000000000000
(1666123147.642201) can0 520#FFFFFF0F
(1666123147.642491) can0 218#1FFF004000800000
(1666123147.642764) can0 265#00000000000007E1
(1666123147.642978) can0 316#3FFF3FFF000000
(1666123147.643220) can0 338#00000002AC020000
(1666123147.643466) can0 365#FF000000FF0100FF
(1666123147.643752) can0 418#50FF516000000000
(1666123147.645003) can0 248#8008000800004009
(1666123147.645554) can0 359#01000002
(1666123147.647230) can0 230#080000000000AE97
(1666123147.648549) can0 236#100E1000200000EE
(1666123147.649503) can0 212#0511073427A93FFF
(1666123147.649602) can0 315#60000000007900
(1666123147.649918) can0 308#4000004605673400
(1666123147.650178) can0 309#47A98000A80009
(1666123147.650534) can0 312#6734073409A00734
(1666123147.650762) can0 356#3FFF3FFF0BB800
(1666123147.651035) can0 7BC#3100000000000000
(1666123147.651273) can0 300#009B1FFF1FFF7FB1
(1666123147.651520) can0 328#00007D00D880FFFF
(1666123147.651766) can0 330#FCFCFCFFFFFF3F7F
(1666123147.652351) can0 316#3FFF3FFF000000
(1666123147.652576) can0 218#1FFF004000800000
(1666123147.655050) can0 325#0816B5FB000100
(1666123147.658136) can0 236#100E1000300000F6
(1666123147.659378) can0 210#0000000000000000
(1666123147.659579) can0 412#230095000E00
(1666123147.659825) can0 255#3FFF3FFF1F40FFFF
(1666123147.660105) can0 308#4000004605673400
(1666123147.660399) can0 309#47A98000A80009
(1666123147.660649) can0 312#6734073409A00734
(1666123147.660797) can0 380#0001
(1666123147.661125) can0 200#0003C000C000C000
(1666123147.661300) can0 208#00206000C000C000
(1666123147.661524) can0 215#00000000000000
(1666123147.662251) can0 418#50FF516000000000
(1666123147.662478) can0 218#9FFF004000000000
(1666123147.662748) can0 265#00000000000007E1
(1666123147.663011) can0 316#5FFFFFFFC00000
(1666123147.663235) can0 338#00000002AC020000
(1666123147.664604) can0 248#8008000800004009
(1666123147.665506) can0 359#31000002
(1666123147.666969) can0 230#080000000000AEC7
(1666123147.668527) can0 236#100E1000400000BE
(1666123147.669480) can0 212#0511073427A93FFF
(1666123147.669581) can0 315#24000000007900
(1666123147.669869) can0 308#4000000604073400
(1666123147.670116) can0 309#27A98000580009
(1666123147.670498) can0 312#0734073409A00734
(1666123147.670713) can0 356#3FFF3FFF0BB800
(1666123147.670975) can0 7BC#3200000000000000
(1666123147.671236) can0 300#001B1FFF9FFF7FA0
(1666123147.671483) can0 328#00007D00D880FFFF
(1666123147.671686) can0 330#FCFCFCFFFFFF3F7F
(1666123147.672312) can0 316#5FFFFFFFC00000
(1666123147.672580) can0 218#9FFF004000000000
(1666123147.674598) can0 325#0816B5FB000100
(1666123147.678468) can0 236#100E1000500000A6
(1666123147.679455) can0 210#0000000000000000
(1666123147.679616) can0 412#230095000E00
(1666123147.679862) can0 255#3FFF3FFF1F40FFFF
(1666123147.680173) can0 308#4000000604073400
(1666123147.680458) can0 309#27A98000580009
(1666123147.680703) can0 312#0734073409A00734
(1666123147.680842) can0 380#0001
(1666123147.681096) can0 200#0003C000C000C000
(1666123147.681319) can0 208#00206000C000C000
(1666123147.681538) can0 215#00000000000003
(1666123147.681785) can0 6FE#FFEFE7E700000000
(1666123147.682353) can0 418#50FF516000000000
(1666123147.682563) can0 218#1FFF004000800000
(1666123147.682807) can0 265#00000000000007E1
(1666123147.683033) can0 316#3FFF3FFF000000
(1666123147.683295) can0 338#0000000000020000
(1666123147.683555) can0 365#FF000000FF0100FF
(1666123147.684695) can0 248#8008000800004009
(1666123147.685413) can0 359#31000002
(1666123147.686964) can0 230#080000000000001D
(1666123147.688391) can0 236#100E10006000008E
(1666123147.689402) can0 212#05110734E7A93FFF
(1666123147.689510) can0 315#28000000007900
(1666123147.689764) can0 308#4000004605673400
(1666123147.689973) can0 309#47A98000A80009
(1666123147.690461) can0 312#6734073409A00734
(1666123147.690663) can0 356#3FFF3FFF0BB800
(1666123147.690937) can0 6FA#0230323300000000
(1666123147.691165) can0 300#001B1FFF9FFF7FB1
(1666123147.691459) can0 328#00007D00D880FFFF
(1666123147.691660) can0 330#FCFCFCFFFFFF3F7F
(1666123147.691849) can0 7BC#3300000000000000
(1666123147.692276) can0 316#3FFF3FFF000000
(1666123147.692585) can0 218#1FFF004000800000
(1666123147.694521) can0 325#0816B5FB000100
(1666123147.698224) can0 236#100E100070000096
(1666123147.699424) can0 210#0000008080000000
(1666123147.699529) can0 412#230095000E00
(1666123147.699822) can0 255#3FFF3FFF1F40FFFF
(1666123147.699999) can0 308#4000004605673400
(1666123147.700368) can0 309#47A98000A80009
(1666123147.700667) can0 312#6734073409A00734
(1666123147.700729) can0 380#0001
(1666123147.701007) can0 200#0003C000C000C000
(1666123147.701225) can0 208#00206000C000C000
(1666123147.701530) can0 215#00000000000003
(1666123147.701766) can0 608#4747000000000000
(1666123147.702333) can0 418#50FF516000000000
(1666123147.702609) can0 218#9FFF004000000000
(1666123147.702847) can0 265#00000000000007E1
(1666123147.703065) can0 316#5FFFFFFFC00000
(1666123147.703321) can0 338#0000000000020000
(1666123147.704690) can0 248#8008000800004009
(1666123147.705783) can0 359#01000002
(1666123147.707053) can0 230#080000000000004D
(1666123147.708333) can0 236#100E10008000001E
(1666123147.709488) can0 212#05110734E7A93FFF
(1666123147.709510) can0 318#00950005952D0000
(1666123147.709811) can0 308#4000000604073400
(1666123147.710061) can0 315#6C000000007800
(1666123147.710257) can0 309#27A98000580009
(1666123147.710503) can0 312#0734073409A00734
(1666123147.710721) can0 356#3FFF3FFF0BB800
(1666123147.710969) can0 4A0#26D93319640F0040
(1666123147.711213) can0 300#009B1FFF1FFF7FB1
(1666123147.711380) can0 328#00007D00D880FFFF
(1666123147.711625) can0 330#FCFCFCFFFFFF3F7F
(1666123147.711897) can0 7BC#3400000000000000
(1666123147.712331) can0 316#5FFFFFFFC00000
(1666123147.712602) can0 218#9FFF004000000000
(1666123147.714619) can0 408#00008C0002000000
(1666123147.714794) can0 325#0816B5FB000100
(1666123147.718715) can0 236#100E100090000006
(1666123147.719498) can0 210#0000008080000000
(1666123147.719522) can0 412#230095000E00
(1666123147.719812) can0 255#3FFF3FFF1F40FFFF
(1666123147.720043) can0 308#4000000604073400
(1666123147.720418) can0 309#27A98000580009
(1666123147.720614) can0 312#0734073409A00734
(1666123147.720763) can0 380#0001
(1666123147.721018) can0 415#000000000000FF
(1666123147.721244) can0 200#0003C000C000C000
(1666123147.721514) can0 208#00206000C000C000
(1666123147.721730) can0 215#00000000000000
(1666123147.722766) can0 418#50FF516000000000
(1666123147.722790) can0 218#1FFF004000800000
(1666123147.722792) can0 265#00000000000007E1
(1666123147.723063) can0 316#3FFF3FFF000000
(1666123147.723331) can0 338#00000002AD020000
(1666123147.723570) can0 365#FF000000FF0100FF
(1666123147.725256) can0 248#8008000800004009
(1666123147.725280) can0 359#01000002
(1666123147.727640) can0 230#080000000000AF93
(1666123147.728024) can0 236#100E1000A000002E
(1666123147.729706) can0 101#04
(1666123147.729731) can0 212#0511073427A93FFF
(1666123147.729733) can0 315#30000000007900
(1666123147.729881) can0 308#4000004605673400
(1666123147.730424) can0 309#47A98000A80009
(1666123147.730653) can0 312#6734073409A00734
(1666123147.730883) can0 356#3FFF3FFF0BB800
(1666123147.731165) can0 300#009B1FFF1FFF7FB1
(1666123147.731364) can0 328#00007D00D880FFFF
(1666123147.731633) can0 330#FCFCFCFFFFFF3F7F
(1666123147.731834) can0 7BC#3500000000000000
(1666123147.732323) can0 316#3FFF3FFF000000
(1666123147.732587) can0 218#1FFF004000800000
(1666123147.734785) can0 325#0816B5FB000100
(1666123147.738516) can0 236#100E1000B0000036
(1666123147.739354) can0 210#0000000000000000
(1666123147.739525) can0 412#230095000E00
(1666123147.739770) can0 255#3FFF3FFF1F40FFFF
(1666123147.740009) can0 308#4000004605673400
(1666123147.740368) can0 309#47A98000A80009
(1666123147.740614) can0 312#6734073409A00734
(1666123147.740645) can0 380#0001
(1666123147.741053) can0 200#0003C000C000C000
(1666123147.741266) can0 208#00206000C000C000
(1666123147.741496) can0 215#00000000000000
(1666123147.742250) can0 520#FFFFFF0F
(1666123147.742500) can0 218#9FFF004000000000
(1666123147.742739) can0 265#00000000000007E1
(1666123147.742980) can0 316#5FFFFFFFC00000
(1666123147.743255) can0 338#00000002AD020000
(1666123147.743501) can0 418#50FF516000000000
(1666123147.744526) can0 248#8008000800004009
(1666123147.745229) can0 359#31000002
(1666123147.748258) can0 230#080000000000AFC3
(1666123147.748281) can0 236#100E1000C000007E
(1666123147.749423) can0 212#0511073427A93FFF
(1666123147.749445) can0 308#4000000604073400
(1666123147.749741) can0 315#74000000007900
(1666123147.749949) can0 309#27A98000580009
(1666123147.750399) can0 312#0734073409A00734
(1666123147.750586) can0 356#3FFF3FFF0BB800
(1666123147.750778) can0 7BC#3600000000000000
(1666123147.751025) can0 300#001B1FFF9FFF7FB1
(1666123147.751282) can0 328#00007D00D880FFFF
(1666123147.751610) can0 330#FCFCFCFFFFFF3F7F
(1666123147.752256) can0 316#5FFFFFFFC00000
(1666123147.752505) can0 218#9FFF004000000000
(1666123147.754541) can0 325#0816B5FB000100
(1666123147.758609) can0 236#100E1000D0000066
(1666123147.759806) can0 210#0000000000000000
(1666123147.759831) can0 412#230095000E00
(1666123147.759833) can0 255#3FFF3FFF1F40FFFF
(1666123147.760005) can0 308#4000000604073400
(1666123147.760343) can0 309#27A98000580009
(1666123147.760546) can0 312#0734073409A00734
(1666123147.760718) can0 380#0001
(1666123147.761040) can0 200#0003C000C000C000
(1666123147.761270) can0 208#00206000C000C000
(1666123147.761501) can0 215#00000000000003
(1666123147.762777) can0 418#50FF516000000000
(1666123147.762799) can0 218#1FFF004000800000
(1666123147.762802) can0 265#00000000000007E1
(1666123147.763055) can0 316#3FFF3FFF000000
(1666123147.763293) can0 338#00000002AD020000
(1666123147.763547) can0 365#FF000000FF0100FF
(1666123147.765034) can0 248#8008000800004009
(1666123147.765239) can0 359#31000002
(1666123147.766970) can0 230#080000000000AF33
(1666123147.768509) can0 236#100E1000E000004E
(1666123147.769342) can0 212#05110734E7A93FFF
(1666123147.769436) can0 308#4000004605673400
(1666123147.769696) can0 315#78000000007900
(1666123147.769921) can0 309#47A98000A80009
(1666123147.770437) can0 312#6734073409A00734
(1666123147.770470) can0 356#3FFF3FFF0BB800
(1666123147.770898) can0 7BC#3700000000000000
(1666123147.771068) can0 300#001B1FFF9FFF7FB1
(1666123147.771314) can0 328#00007D00D880FFFF
(1666123147.771565) can0 330#FCFCFCFFFFFF3F7F
(1666123147.772234) can0 316#3FFF3FFF000000
(1666123147.772480) can0 218#1FFF004000800000
(1666123147.774470) can0 325#0816B5FB000100
(1666123147.778003) can0 236#100E1000F0000056
(1666123147.779315) can0 210#0000008080000000
(1666123147.779552) can0 255#3FFF3FFF1F40FFFF
(1666123147.779712) can0 412#230095000E00
(1666123147.779964) can0 308#4000004605673400
(1666123147.780389) can0 309#47A98000A80009
(1666123147.780594) can0 312#6734073409A00734
(1666123147.780739) can0 380#0001
(1666123147.781012) can0 6FE#FFEFE7E700000000
(1666123147.781272) can0 200#0003C000C000C000
(1666123147.781504) can0 208#00206000C000C000
(1666123147.781740) can0 215#00000000000003
(1666123147.782372) can0 418#50FF516000000000
(1666123147.782597) can0 218#9FFF004000000000
(1666123147.782855) can0 265#00000000000007E1
(1666123147.783108) can0 316#5FFFFFFFC00000
(1666123147.783344) can0 338#0000000000020000
(1666123147.784705) can0 248#8008000800004009
(1666123147.785254) can0 359#01000002
(1666123147.787932) can0 230#080000000000004D
(1666123147.787944) can0 236#100E1000000000DE
(1666123147.789729) can0 212#05110734E7A93FFF
(1666123147.789754) can0 308#4000000604073400
(1666123147.789759) can0 315#3C000000007900
(1666123147.789907) can0 309#27A98000580009
(1666123147.790385) can0 312#0734073409A00734
(1666123147.790483) can0 356#3FFF3FFF0BB800
(1666123147.790772) can0 6FA#004A413341563636
(1666123147.791060) can0 7BC#3800000000000000
(1666123147.791267) can0 300#009B1FFF1FFF7FA0
(1666123147.791527) can0 328#00007D00D880FFFF
(1666123147.791769) can0 330#FCFCFCFFFFFF3F7F
(1666123147.792763) can0 316#5FFFFFFFC00000
(1666123147.792786) can0 218#9FFF004000000000
(1666123147.794567) can0 325#0816B5FB000100
(1666123147.798221) can0 236#100E1000100000C6
(1666123147.799296) can0 210#0000008080000000
(1666123147.799485) can0 255#3FFF3FFF1F40FFFF
(1666123147.799688) can0 412#230095000E00
(1666123147.799910) can0 308#4000000604073400
(1666123147.800371) can0 309#27A98000580009
(1666123147.800541) can0 312#0734073409A00734
(1666123147.800696) can0 380#0001
(1666123147.800955) can0 608#4747000000000000
(1666123147.801212) can0 200#0003C000C000C000
(1666123147.801483) can0 208#00206000C000C000
(1666123147.801666) can0 215#00000000000000
(1666123147.802383) can0 418#50FF516000000000
(1666123147.802602) can0 218#1FFF004000800000
(1666123147.802857) can0 265#00000000000007E1
(1666123147.803085) can0 316#3FFF3FFF000000
(1666123147.803343) can0 338#0000000000020000
(1666123147.803592) can0 365#FF000000FF0100FF
(1666123147.804793) can0 248#8008000800004009
(1666123147.805242) can0 359#01000002
(1666123147.807856) can0 230#08000000000000BD
(1666123147.808022) can0 236#100E1000200000EE
(1666123147.809600) can0 212#0511073427A93FFF
(1666123147.809625) can0 308#4000004605673400
(1666123147.809627) can0 318#00950005952D0000
(1666123147.809895) can0 309#47A98000A80009
(1666123147.810199) can0 315#00000000007900
(1666123147.810392) can0 312#6734073409A00734
(1666123147.810565) can0 356#3FFF3FFF0BB800
(1666123147.810810) can0 4A0#26D93319640F0040
(1666123147.811058) can0 300#009B1FFF1FFF7FA0
(1666123147.811294) can0 328#00007D00D880FFFF
(1666123147.811552) can0 330#FCFCFCFFFFFF3F7F
(1666123147.811809) can0 7BC#3900000000000000
(1666123147.812762) can0 316#3FFF3FFF000000
(1666123147.812785) can0 218#1FFF004000800000
(1666123147.815109) can0 408#00008C0002000000
(1666123147.815133) can0 325#0816B5FB000100
(1666123147.818588) can0 236#100E1000300000F6
(1666123147.819376) can0 210#0000000000000000
(1666123147.819400) can0 255#3FFF3FFF1F40FFFF
(1666123147.819668) can0 412#230095000E00
(1666123147.819884) can0 308#4000004605673400
(1666123147.820300) can0 309#47A98000A80009
(1666123147.820519) can0 312#6734073409A00734
(1666123147.820669) can0 380#0001
(1666123147.820941) can0 415#000000000000FF
(1666123147.821201) can0 200#0003C000C000C000
(1666123147.821440) can0 208#00206000C000C000
(1666123147.821676) can0 215#00000000000000
(1666123147.822372) can0 418#50FF516000000000
(1666123147.822609) can0 218#9FFF004000000000
(1666123147.822856) can0 265#00000000000007E1
(1666123147.823091) can0 316#5FFFFFFFC00000
(1666123147.823353) can0 338#00000002AE020000
(1666123147.824656) can0 248#8008000800004009
(1666123147.825285) can0 359#31000002
(1666123147.827007) can0 230#080000000000ACCF
(1666123147.828564) can0 236#100E1000400000BE
(1666123147.829088) can0 101#04
(1666123147.829268) can0 212#0511073427A93FFF
(1666123147.829502) can0 308#4000000604073400
(1666123147.829753) can0 5FE#00000000000007DF
(1666123147.829961) can0 309#27A98000580009
(1666123147.830193) can0 315#44000000007900
(1666123147.830426) can0 312#0734073409A00734
(1666123147.830690) can0 356#3FFF3FFF0BB800
(1666123147.830948) can0 7BC#3A00000000000000
(1666123147.831193) can0 300#001B1FFF9FFF7FA0
(1666123147.831454) can0 328#00007D00D880FFFF
(1666123147.831719) can0 330#FCFCFCFFFFFF3F7F
(1666123147.832746) can0 316#5FFFFFFFC00000
(1666123147.832769) can0 218#9FFF004000000000
(1666123147.834685) can0 325#0816B5FB000100
(1666123147.838707) can0 236#100E1000500000A6
(1666123147.839255) can0 210#0000000000000000
(1666123147.839426) can0 255#3FFF3FFF1F40FFFF
(1666123147.839647) can0 6FB#6107140023324000
(1666123147.839918) can0 308#4000000604073400
(1666123147.840084) can0 412#230095000E00
(1666123147.840337) can0 309#27A98000580009
(1666123147.840587) can0 312#0734073409A00734
(1666123147.840728) can0 380#0001
(1666123147.841051) can0 200#0003C000C000C000
(1666123147.841282) can0 208#00206000C000C000
(1666123147.841492) can0 215#00000000000003
(1666123147.842693) can0 520#FFFFFF0F
(1666123147.842716) can0 218#1FFF004000800000
(1666123147.842718) can0 265#00000000000007E1
(1666123147.842999) can0 316#3FFF3FFF000000
(1666123147.843225) can0 338#00000002AE020000
(1666123147.843507) can0 365#FF000000FF0100FF
(1666123147.843752) can0 418#50FF516000000000
(1666123147.845055) can0 248#8008000800004009
(1666123147.845096) can0 359#31000002
(1666123147.848031) can0 230#080000000000AC3F
(1666123147.848056) can0 236#100E10006000008E
(1666123147.849635) can0 212#05110734E7A93FFF
(1666123147.849659) can0 308#4000004605673400
(1666123147.849662) can0 6FD#01D7004012260800
(1666123147.849804) can0 309#47A98000A80009
(1666123147.850069) can0 315#48000000007900
(1666123147.850266) can0 312#6734073409A00734
(1666123147.850519) can0 356#3FFF3FFF0BB800
(1666123147.850808) can0 7BC#3B00000000000000
(1666123147.851063) can0 300#001B1FFF9FFF7FA0
(1666123147.851292) can0 328#00007D00D880FFFF
(1666123147.851529) can0 330#FCFCFCFFFFFF3F7F
(1666123147.852737) can0 316#3FFF3FFF000000
(1666123147.852760) can0 218#1FFF004000800000
(1666123147.855091) can0 325#0816B5FB000100
(1666123147.858074) can0 236#100E100070000096
(1666123147.859828) can0 210#0000008080000000
(1666123147.859853) can0 255#3FFF3FFF1F40FFFF
(1666123147.859855) can0 6FF#2580026000000000
(1666123147.859857) can0 308#4000004605673400
(1666123147.860061) can0 412#230095000E00
(1666123147.860315) can0 309#47A98000A80009
(1666123147.860565) can0 312#6734073409A00734
(1666123147.860727) can0 380#0001
(1666123147.861012) can0 200#0003C000C000C000
(1666123147.861273) can0 208#00206000C000C000
(1666123147.861505) can0 215#00000000000003
(1666123147.862762) can0 418#50FF516000000000
(1666123147.862785) can0 218#9FFF004000000000
(1666123147.862787) can0 265#00000000000007E1
(1666123147.863075) can0 316#5FFFFFFFC00000
(1666123147.863335) can0 338#00000002AE020000
(1666123147.865019) can0 248#8008000800004009
(1666123147.865042) can0 359#01000002
(1666123147.867886) can0 230#080000000000AC6F
(1666123147.867906) can0 236#100E10008000001E
(1666123147.869254) can0 212#05110734E7A93FFF
(1666123147.869278) can0 308#4000000604073400
(1666123147.869578) can0 309#27A98000580009
(1666123147.869731) can0 315#0C000000007900
(1666123147.869953) can0 312#0734073409A00734
(1666123147.870185) can0 356#3FFF3FFF0BB800
(1666123147.870533) can0 7BC#3C00000000000000
(1666123147.871007) can0 300#009B1FFF1FFF7FA0
(1666123147.871215) can0 328#00007D00D880FFFF
(1666123147.871545) can0 330#FCFCFCFFFFFF3F7F
(1666123147.872282) can0 316#5FFFFFFFC00000
(1666123147.872483) can0 218#9FFF004000000000
(1666123147.874549) can0 325#0816B5FB000100
(1666123147.878697) can0 236#100E100090000006
(1666123147.879184) can0 210#0000008080000000
(1666123147.879364) can0 255#3FFF3FFF1F40FFFF
(1666123147.879638) can0 308#4000000604073400
(1666123147.879816) can0 412#230095000E00
(1666123147.880235) can0 309#27A98000580009
(1666123147.880381) can0 312#0734073409A00734
(1666123147.880539) can0 380#0001
(1666123147.880799) can0 6FE#FFEFE7E700000000
(1666123147.881034) can0 200#0003C000C000C000
(1666123147.881271) can0 208#00206000C000C000
(1666123147.881510) can0 215#00000000000000
(1666123147.882779) can0 418#50FF516000000000
(1666123147.882802) can0 218#1FFF004000800000
(1666123147.882804) can0 265#00000000000007E1
(1666123147.883078) can0 316#3FFF3FFF000000
(1666123147.883338) can0 338#0000000000020000
(1666123147.883596) can0 365#FF000000FF0100FF
(1666123147.885134) can0 248#8008000800004009
(1666123147.885157) can0 359#01000002
(1666123147.888121) can0 230#08000000000000BD
(1666123147.888146) can0 236#100E1000A000002E
(1666123147.889100) can0 212#0511073427A93FFF
(1666123147.889276) can0 308#4000004605673400
(1666123147.889533) can0 309#47A98000A80009
(1666123147.889760) can0 315#50000000007900
(1666123147.889972) can0 312#6734073409A00734
(1666123147.890251) can0 356#3FFF3FFF0BB800
(1666123147.890456) can0 6FA#0156343955303233
(1666123147.890706) can0 7BC#3D00000000000000
(1666123147.891082) can0 300#009B1FFF1FFF7FB1
(1666123147.891298) can0 328#00007D00D880FFFF
(1666123147.891516) can0 330#FCFCFCFFFFFF3F7F
(1666123147.892422) can0 316#3FFF3FFF000000
(1666123147.892590) can0 218#1FFF004000800000
(1666123147.894635) can0 325#0816B5FB000100
(1666123147.898074) can0 236#100E1000B0000036
(1666123147.899428) can0 210#0000000000000000
(1666123147.899451) can0 255#3FFF3FFF1F40FFFF
(1666123147.899456) can0 412#230095000E00
(1666123147.899723) can0 308#4000004605673400
(1666123147.900134) can0 309#47A98000A80009
(1666123147.900403) can0 312#6734073409A00734
(1666123147.900549) can0 380#0001
(1666123147.900852) can0 608#4747000000000000
(1666123147.901102) can0 200#0003C000C000C000
(1666123147.901361) can0 208#00206000C000C000
(1666123147.901549) can0 215#00000000000000
(1666123147.902368) can0 418#50FF516000000000
(1666123147.902579) can0 218#9FFF004000000000
(1666123147.902859) can0 265#00000000000007E1
(1666123147.903073) can0 316#5FFFFFFFC00000
(1666123147.903388) can0 338#0000000000020000
(1666123147.904738) can0 248#8008000800004009
(1666123147.905018) can0 359#31000002
(1666123147.907308) can0 230#08000000000000ED
(1666123147.907931) can0 236#100E1000C000007E
(1666123147.909126) can0 212#0511073427A93FFF
(1666123147.909271) can0 308#4000000604073400
(1666123147.909523) can0 309#27A98000580009
(1666123147.909738) can0 318#00950005952D0000
(1666123147.909962) can0 312#0734073409A00734
(1666123147.910195) can0 315#14000000007900
(1666123147.910428) can0 356#3FFF3FFF0BB800
(1666123147.910691) can0 4A0#26D93319640F0040
(1666123147.910934) can0 7BC#3E00000000000000
(1666123147.911187) can0 300#001B1FFF9FFF7FA0
(1666123147.911407) can0 328#00007D00D880FFFF
(1666123147.911653) can0 330#FCFCFCFFFFFF3F7F
(1666123147.912356) can0 316#5FFFFFFFC00000
(1666123147.912567) can0 218#9FFF004000000000
(1666123147.915244) can0 408#00008C0002000000
(1666123147.915269) can0 325#0816B5FB000100
(1666123147.918826) can0 236#100E1000D0000066
(1666123147.919031) can0 210#0000000000000000
(1666123147.919313) can0 255#3FFF3FFF1F40FFFF
(1666123147.919498) can0 412#230095000E00
(1666123147.919766) can0 308#4000000604073400
(1666123147.920236) can0 309#27A98000580009
(1666123147.920387) can0 312#0734073409A00734
(1666123147.920536) can0 380#0001
(1666123147.920762) can0 415#000000000000FF
(1666123147.921012) can0 200#0003C000C000C000
(1666123147.921274) can0 208#00206000C000C000
(1666123147.921496) can0 215#00000000000003
(1666123147.922356) can0 418#50FF516000000000
(1666123147.922601) can0 218#1FFF004000800000
(1666123147.922860) can0 265#00000000000007E1
(1666123147.923069) can0 316#3FFF3FFF000000
(1666123147.923320) can0 338#00000002AF020000
(1666123147.923576) can0 365#FF000000FF0100FF
(1666123147.925178) can0 248#8008000800004009
(1666123147.925201) can0 359#31000002
(1666123147.927875) can0 230#080000000000AD3B
(1666123147.927901) can0 236#100E1000E000004E
(1666123147.929252) can0 101#04
(1666123147.929277) can0 212#05110734E7A93FFF
(1666123147.929282) can0 308#4000004605673400
(1666123147.929593) can0 309#47A98000A80009
(1666123147.929792) can0 315#18000000007900
(1666123147.930096) can0 312#6734073409A00734
(1666123147.930302) can0 356#3FFF3FFF0BB800
(1666123147.930596) can0 7BC#3F00000000000000
(1666123147.931074) can0 300#001B1FFF9FFF7FA0
(1666123147.931292) can0 328#00007D00D880FFFF
(1666123147.931539) can0 330#FCFCFCFFFFFF3F7F
(1666123147.932358) can0 316#3FFF3FFF000000
(1666123147.932603) can0 218#1FFF004000800000
(1666123147.934675) can0 325#0816B5FB000100
(1666123147.938114) can0 236#100E1000F0000056
(1666123147.939669) can0 210#0000008080000000
(1666123147.939693) can0 255#3FFF3FFF1F40FFFF
(1666123147.939695) can0 308#4000004605673400
(1666123147.939698) can0 412#230095000E00
(1666123147.940055) can0 309#47A98000A80009
(1666123147.940290) can0 312#6734073409A00734
(1666123147.940441) can0 380#0001
(1666123147.941465) can0 200#0003C000C000C000
(1666123147.941488) can0 208#00206000C000C000
(1666123147.941490) can0 215#00000000000003
(1666123147.942593) can0 520#FFFFFF0F
(1666123147.942618) can0 218#9FFF004000000000
(1666123147.942780) can0 265#00000000000007E1
(1666123147.943038) can0 316#5FFFFFFFC00000
(1666123147.943282) can0 338#00000002AF020000
(1666123147.943512) can0 418#50FF516000000000
(1666123147.945115) can0 248#8008000800004009
(1666123147.945140) can0 359#01000002
(1666123147.948121) can0 230#080000000000AD6B
(1666123147.948134) can0 236#100E1000000000DE
(1666123147.949406) can0 212#05110734E7A93FFF
(1666123147.949430) can0 308#4000000604073400
(1666123147.949433) can0 309#27A98000580009
(1666123147.949595) can0 315#5C000000007900
(1666123147.949817) can0 312#0734073409A00734
(1666123147.950114) can0 356#3FFF3FFF0BB800
(1666123147.950433) can0 7BC#4000000000000000
(1666123147.951486) can0 300#009B1FFF1FFF7FB1
(1666123147.951511) can0 328#00007D00D880FFFF
(1666123147.951513) can0 330#FCFCFCFFFFFF3F7F
(1666123147.952585) can0 316#5FFFFFFFC00000
(1666123147.952609) can0 218#9FFF004000000000
(1666123147.955245) can0 325#0816B5FB000100
(1666123147.958567) can0 236#100E1000100000C6
(1666123147.959049) can0 210#0000008080000000
(1666123147.959237) can0 255#3FFF3FFF1F40FFFF
(1666123147.959523) can0 308#4000000604073400
(1666123147.959695) can0 412#230095000E00
(1666123147.959988) can0 309#27A98000580009
(1666123147.960250) can0 312#0734073409A00734
(1666123147.960416) can0 380#0001
(1666123147.961403) can0 200#0003C000C000C000
(1666123147.961434) can0 208#00206000C000C000
(1666123147.961439) can0 215#00000000000000
(1666123147.962556) can0 418#50FF516000000000
(1666123147.962580) can0 218#1FFF004000800000
(1666123147.962873) can0 265#00000000000007E1
(1666123147.963084) can0 316#3FFF3FFF000000
(1666123147.963340) can0 338#00000002AF020000
(1666123147.963602) can0 365#FF000000FF0100FF
(1666123147.965066) can0 248#8008000800004009
(1666123147.965089) can0 359#01000002
(1666123147.968318) can0 230#080000000000AD9B
(1666123147.968342) can0 236#100E1000200000EE
(1666123147.969104) can0 212#0511073427A93FFF
(1666123147.969128) can0 308#4000004605673400
(1666123147.969451) can0 309#47A98000A80009
(1666123147.969647) can0 315#60000000007900
(1666123147.969896) can0 312#6734073409A00734
(1666123147.970190) can0 356#3FFF3FFF0BB800
(1666123147.970366) can0 7BC#4100000000000000
(1666123147.971431) can0 300#009B1FFF1FFF7FA0
(1666123147.971455) can0 328#00007D00D880FFFF
(1666123147.971457) can0 330#FCFCFCFFFFFF3F7F
(1666123147.972508) can0 316#3FFF3FFF000000
(1666123147.972533) can0 218#1FFF004000800000
(1666123147.975116) can0 325#0816B5FB000100
(1666123147.978560) can0 236#100E1000300000F6
(1666123147.978977) can0 210#0000000000000000
(1666123147.979209) can0 255#3FFF3FFF1F40FFFF
(1666123147.979472) can0 308#4000004605673400
(1666123147.979685) can0 412#230095000E00
(1666123147.979970) can0 309#47A98000A80009
(1666123147.980196) can0 312#6734073409A00734
(1666123147.980344) can0 380#0001
(1666123147.980622) can0 6FE#FFEFE7E700000000
(1666123147.981049) can0 200#0003C000C000C000
(1666123147.981294) can0 208#00206000C000C000
(1666123147.981518) can0 215#00000000000000
(1666123147.982870) can0 418#50FF516000000000
(1666123147.982894) can0 218#9FFF004000000000
(1666123147.982897) can0 265#00000000000007E1
(1666123147.983072) can0 316#5FFFFFFFC00000
(1666123147.983357) can0 338#0000000000020000
(1666123147.984874) can0 248#8008000800004009
(1666123147.984898) can0 359#31000002
(1666123147.986897) can0 230#08000000000000ED
(1666123147.988522) can0 236#100E1000400000BE
(1666123147.988921) can0 212#0511073427A93FFF
(1666123147.989175) can0 308#4000000604073400
(1666123147.989392) can0 309#27A98000580009
(1666123147.989654) can0 312#0734073409A00734
(1666123147.989838) can0 315#24000000007900
(1666123147.990063) can0 356#3FFF3FFF0BB800
(1666123147.990327) can0 6FA#0230323300000000
(1666123147.990588) can0 7BC#01BE3FB013000000
(1666123147.991113) can0 300#001B1FFF9FFF7FA0
(1666123147.991287) can0 328#00007D00D880FFFF
(1666123147.991556) can0 330#FCFCFCFFFFFF3F7F
(1666123147.992307) can0 316#5FFFFFFFC00000
(1666123147.992523) can0 218#9FFF004000000000
(1666123147.994629) can0 325#0816B5FB000100
(1666123147.998559) can0 236#100E1000500000A6
(1666123147.998929) can0 210#0000000000000000
(1666123147.999189) can0 255#3FFF3FFF1F40FFFF
(1666123147.999442) can0 308#4000000604073400
(1666123147.999651) can0 412#230095000E00
(1666123147.999946) can0 309#27A98000580009
(1666123148.000173) can0 312#0734073409A00734
(1666123148.000333) can0 380#0001
(1666123148.000602) can0 608#4747000000000000
(1666123148.001058) can0 200#0003C000C000C000
(1666123148.001284) can0 208#00206000C000C000
(1666123148.001500) can0 215#00000000000003
(1666123148.002423) can0 418#50FF516000000000
(1666123148.002596) can0 218#1FFF004000800000
(1666123148.002856) can0 265#00000000000007E1
(1666123148.003097) can0 316#3FFF3FFF000000
(1666123148.003355) can0 338#0000000000020000
(1666123148.003651) can0 365#FF000000FF0100FF
(1666123148.004705) can0 248#8008000800004009
(1666123148.004909) can0 359#31000002
(1666123148.007344) can0 230#080000000000001D
(1666123148.008430) can0 236#100E10006000008E
(1666123148.008876) can0 212#05110734E7A93FFF
(1666123148.009103) can0 308#4000004605673400
(1666123148.009321) can0 309#47A98000A80009
(1666123148.009584) can0 312#6734073409A00734
(1666123148.009821) can0 318#00950005952D0000
(1666123148.010037) can0 356#3FFF3FFF0BB800
(1666123148.010251) can0 315#28000000007900
(1666123148.010509) can0 4A0#26D93319640F0040
(1666123148.010752) can0 7BC#0200076464000004
(1666123148.011018) can0 300#001B1FFF9FFF7FB1
(1666123148.011253) can0 328#00007D00D880FFFF
(1666123148.011516) can0 330#FCFCFCFFFFFF3F7F
(1666123148.012378) can0 316#3FFF3FFF000000
(1666123148.012579) can0 218#1FFF004000800000
(1666123148.014625) can0 408#00008C0002000000
(1666123148.014821) can0 325#0816B5FB000100
(1666123148.018465) can0 236#100E100070000096
(1666123148.018924) can0 210#0000008080000000
(1666123148.019181) can0 255#3FFF3FFF1F40FFFF
(1666123148.019414) can0 308#4000004605673400
(1666123148.019559) can0 412#230095000E00
(1666123148.019829) can0 309#47A98000A80009
(1666123148.020138) can0 312#6734073409A00734
(1666123148.020247) can0 380#0001
(1666123148.020558) can0 415#000000000000FF
(1666123148.021074) can0 200#0003C000C000C000
(1666123148.021272) can0 208#00206000C000C000
(1666123148.021507) can0 215#00000000000003
(1666123148.022405) can0 418#50FF516000000000
(1666123148.022598) can0 218#9FFF004000000000
(1666123148.022859) can0 265#00000000000007E1
(1666123148.023088) can0 316#5FFFFFFFC00000
(1666123148.023347) can0 338#00000002B0020000
(1666123148.024873) can0 248#8008000800004009
(1666123148.024895) can0 359#01000002
(1666123148.027209) can0 230#080000000000B253
(1666123148.028202) can0 236#100E10008000001E
(1666123148.028730) can0 101#04
(1666123148.028962) can0 212#05110734E7A93FFF
(1666123148.029198) can0 308#4000000604073400
(1666123148.029431) can0 309#27A98000580009
(1666123148.029709) can0 315#6C000000007800
(1666123148.029925) can0 312#0734073409A00734
(1666123148.030170) can0 356#3FFF3FFF0BB800
(1666123148.030421) can0 7BC#0300004780008000
(1666123148.031177) can0 300#009B1FFF1FFF7FA0
(1666123148.031202) can0 328#00007D00D880FFFF
(1666123148.031552) can0 330#FCFCFCFFFFFF3F7F
(1666123148.032762) can0 316#5FFFFFFFC00000
(1666123148.032785) can0 218#9FFF004000000000
(1666123148.035277) can0 325#0816B5FB000100
(1666123148.038678) can0 236#100E100090000006
(1666123148.038849) can0 210#0000008080000000
(1666123148.039142) can0 255#3FFF3FFF1F40FFFF
(1666123148.039391) can0 308#4000000604073400
(1666123148.039584) can0 412#230095000E00
(1666123148.039878) can0 309#27A98000580009
(1666123148.040172) can0 312#0734073409A00734
(1666123148.040195) can0 380#0001
(1666123148.041111) can0 200#0003C000C000C000
(1666123148.041280) can0 208#00206000C000C000
(1666123148.041492) can0 215#00000000000000
(1666123148.042723) can0 520#FFFFFF0F
(1666123148.042746) can0 218#1FFF004000800000
(1666123148.042748) can0 265#00000000000007E1
(1666123148.043019) can0 316#3FFF3FFF000000
(1666123148.043278) can0 338#00000002B0020000
(1666123148.043535) can0 365#FF000000FF0100FF
(1666123148.043772) can0 418#50FF516000000000
(1666123148.044647) can0 248#8008000800004009
(1666123148.044846) can0 359#01000002
(1666123148.047461) can0 230#080000000000B283
(1666123148.048091) can0 236#100E1000A000002E
(1666123148.049203) can0 212#0511073427A93FFF
(1666123148.049226) can0 308#4000004605673400
(1666123148.049228) can0 309#47A98000A80009
(1666123148.049556) can0 312#6734073409A00734
(1666123148.049769) can0 315#30000000007900
(1666123148.049990) can0 356#3FFF3FFF0BB800
(1666123148.050267) can0 7BC#0400000000005000
(1666123148.051411) can0 300#009B1FFF1FFF7FA0
(1666123148.051439) can0 328#00007D00D880FFFF
(1666123148.051444) can0 330#FCFCFCFFFFFF3F7F
(1666123148.052439) can0 316#3FFF3FFF000000
(1666123148.052534) can0 218#1FFF004000800000
(1666123148.055207) can0 325#0816B5FB000100
(1666123148.058676) can0 236#100E1000B0000036
(1666123148.058765) can0 210#0000000000000000
(1666123148.059134) can0 255#3FFF3FFF1F40FFFF
(1666123148.059351) can0 308#4000004605673400
(1666123148.059546) can0 412#230095000E00
(1666123148.059855) can0 309#47A98000A80009
(1666123148.060107) can0 312#6734073409A00734
(1666123148.060166) can0 380#0001
(1666123148.061470) can0 200#0003C000C000C000
(1666123148.061493) can0 208#00206000C000C000
(1666123148.061495) can0 215#00000000000000
(1666123148.062444) can0 418#50FF516000000000
(1666123148.062610) can0 218#9FFF004000000000
(1666123148.062849) can0 265#00000000000007E1
(1666123148.063108) can0 316#5FFFFFFFC00000
(1666123148.063369) can0 338#00000002B0020000
(1666123148.065048) can0 248#8008000800004009
(1666123148.065071) can0 359#31000002
(1666123148.067207) can0 230#080000000000B2F3
(1666123148.068626) can0 236#100E1000C000007E
(1666123148.068714) can0 212#0511073427A93FFF
(1666123148.069026) can0 308#4000000604073400
(1666123148.069229) can0 309#27A98000580009
(1666123148.069492) can0 312#0734073409A00734
(1666123148.069708) can0 315#74000000007900
(1666123148.069980) can0 356#3FFF3FFF0BB800
(1666123148.070151) can0 7BC#050000FA47000025
(1666123148.071484) can0 300#001B1FFF9FFF7FA0
(1666123148.071507) can0 328#00007D00D880FFFF
(1666123148.071509) can0 330#FCFCFCFFFFFF3F7F
(1666123148.072441) can0 316#5FFFFFFFC00000
(1666123148.072541) can0 218#9FFF004000000000
(1666123148.075092) can0 325#0816B5FB000100
(1666123148.078561) can0 236#100E1000D0000066
(1666123148.078773) can0 210#0000000000000000
(1666123148.079067) can0 255#3FFF3FFF1F40FFFF
(1666123148.079322) can0 308#4000000604073400
(1666123148.079630) can0 412#230095000E00
(1666123148.079852) can0 309#27A98000580009
(1666123148.080088) can0 312#0734073409A00734
(1666123148.080249) can0 380#0001
(1666123148.080503) can0 6FE#FFEFE7E700000000
(1666123148.081052) can0 200#0003C000C000C000
(1666123148.081293) can0 208#00206000C000C000
(1666123148.081495) can0 215#00000000000003
(1666123148.082890) can0 418#50FF516000000000
(1666123148.082915) can0 218#1FFF004000800000
(1666123148.082917) can0 265#00000000000007E1
(1666123148.083099) can0 316#3FFF3FFF000000
(1666123148.083376) can0 338#0000000000020000
(1666123148.083627) can0 365#FF000000FF0100FF
(1666123148.085163) can0 248#8008000800004009
(1666123148.085186) can0 359#31000002
(1666123148.087418) can0 230#080000000000001D
(1666123148.088410) can0 236#100E1000E000004E
(1666123148.088736) can0 212#05110734E7A93FFF
(1666123148.088989) can0 308#4000004605673400
(1666123148.089207) can0 309#47A98000A80009
(1666123148.089447) can0 312#6734073409A00734
(1666123148.089699) can0 315#78000000007900
(1666123148.089908) can0 356#3FFF3FFF0BB800
(1666123148.090176) can0 6FA#004A413341563636
(1666123148.090396) can0 7BC#0600010080000000
(1666123148.091078) can0 300#001B1FFF9FFF7FA0
(1666123148.091297) can0 328#00007D00D880FFFF
(1666123148.091549) can0 330#FCFCFCFFFFFF3F7F
(1666123148.092763) can0 316#3FFF3FFF000000
(1666123148.092786) can0 218#1FFF004000800000
(1666123148.094922) can0 325#0816B5FB000100
(1666123148.098543) can0 236#100E1000F0000056
(1666123148.098748) can0 210#0000008080000000
(1666123148.098997) can0 255#3FFF3FFF1F40FFFF
(1666123148.099278) can0 308#4000004605673400
(1666123148.099618) can0 412#230095000E00
(1666123148.099818) can0 309#47A98000A80009
(1666123148.100068) can0 312#6734073409A00734
(1666123148.100219) can0 380#0001
(1666123148.100457) can0 608#4747000000000000
(1666123148.101465) can0 200#0003C000C000C000
(1666123148.101488) can0 208#00206000C000C000
(1666123148.101491) can0 215#00000000000003
(1666123148.102605) can0 418#50FF516000000000
(1666123148.102629) can0 218#9FFF004000000000
(1666123148.102872) can0 265#00000000000007E1
(1666123148.103089) can0 316#5FFFFFFFC00000
(1666123148.103351) can0 338#0000000000020000
(1666123148.105308) can0 248#8008000800004009
(1666123148.105332) can0 359#01000002
(1666123148.107555) can0 230#080000000000004D
(1666123148.108026) can0 236#100E1000000000DE
(1666123148.109124) can0 212#05110734E7A93FFF
(1666123148.109146) can0 308#4000000604073400
(1666123148.109149) can0 309#27A98000580009
(1666123148.109438) can0 312#0734073409A00734
(1666123148.109689) can0 318#00950005952D0000
(1666123148.109893) can0 356#3FFF3FFF0BB800
(1666123148.110174) can0 315#3C000000007900
(1666123148.110354) can0 4A0#26D93319640F0040
(1666123148.110613) can0 7BC#0700000000000000
(1666123148.111115) can0 300#009B1FFF1FFF7FA0
(1666123148.111288) can0 328#00007D00D880FFFF
(1666123148.111551) can0 330#FCFCFCFFFFFF3F7F
(1666123148.112319) can0 316#5FFFFFFFC00000
(1666123148.112601) can0 218#9FFF004000000000
(1666123148.114626) can0 408#00008C0002000000
(1666123148.114832) can0 325#0816B5FB000100
(1666123148.118366) can0 236#100E1000100000C6
(1666123148.118768) can0 210#0000008080000000
(1666123148.118972) can0 255#3FFF3FFF1F40FFFF
(1666123148.119265) can0 308#4000000604073400
(1666123148.119627) can0 412#230095000E00
(1666123148.119797) can0 309#27A98000580009
(1666123148.120060) can0 312#0734073409A00734
(1666123148.120203) can0 380#0001
(1666123148.120431) can0 415#000000000000FF
(1666123148.121053) can0 200#0003C000C000C000
(1666123148.121282) can0 208#00206000C000C000
(1666123148.121492) can0 215#00000000000000
(1666123148.122378) can0 418#50FF516000000000
(1666123148.122608) can0 218#1FFF004000800000
(1666123148.122881) can0 265#00000000000007E1
(1666123148.123090) can0 316#3FFF3FFF000000
(1666123148.123349) can0 338#00000002B1020000
(1666123148.123617) can0 365#FF000000FF0100FF
(1666123148.125168) can0 248#8008000800004009
(1666123148.125190) can0 359#01000002
(1666123148.127391) can0 230#080000000000B3BF
(1666123148.127990) can0 236#100E1000200000EE
(1666123148.128586) can0 101#04
(1666123148.128773) can0 212#0511073427A93FFF
(1666123148.129041) can0 308#4000004605673400
(1666123148.129308) can0 309#47A98000A80009
(1666123148.129672) can0 5FE#00000000000007DF
(1666123148.129888) can0 312#6734073409A00734
(1666123148.130190) can0 315#00000000007800
(1666123148.130343) can0 356#3FFF3FFF0BB800
(1666123148.130593) can0 7BC#0800000000010000
(1666123148.131115) can0 300#009B1FFF1FFF7FB1
(1666123148.131278) can0 328#00007D00D880FFFF
(1666123148.131547) can0 330#FCFCFCFFFFFF3F7F
(1666123148.132798) can0 316#3FFF3FFF000000
(1666123148.132820) can0 218#1FFF004000800000
(1666123148.134742) can0 325#0816B5FB000100
(1666123148.138677) can0 236#100E1000300000F6
(1666123148.138701) can0 210#0000000000000000
(1666123148.138958) can0 255#3FFF3FFF1F40FFFF
(1666123148.139230) can0 308#4000004605673400
(1666123148.139681) can0 6FB#6107140023324000
(1666123148.139841) can0 309#47A98000A80009
(1666123148.140027) can0 412#230095000E00
(1666123148.140268) can0 312#6734073409A00734
(1666123148.140423) can0 380#0001
(1666123148.141395) can0 200#0003C000C000C000
(1666123148.141416) can0 208#00206000C000C000
(1666123148.141419) can0 215#00000000000000
(1666123148.142569) can0 520#FFFFFF0F
(1666123148.142592) can0 218#9FFF004000000000
(1666123148.142804) can0 265#00000000000007E1
(1666123148.143020) can0 316#5FFFFFFFC00000
(1666123148.143317) can0 338#00000002B1020000
(1666123148.143534) can0 418#50FF516000000000
(1666123148.144686) can0 248#8008000800004009
(1666123148.144699) can0 359#31000002
(1666123148.147864) can0 230#080000000000B3EF
(1666123148.147878) can0 236#100E1000400000BE
(1666123148.149276) can0 212#0511073427A93FFF
(1666123148.149301) can0 308#4000000604073400
(1666123148.149303) can0 309#27A98000580009
(1666123148.149306) can0 312#0734073409A00734
(1666123148.149622) can0 6FD#01D7004012260800
(1666123148.149830) can0 356#3FFF3FFF0BB800
(1666123148.150046) can0 315#44000000007900
(1666123148.150330) can0 7BC#0900000000000000
(1666123148.150991) can0 300#001B1FFF9FFF7FA0
(1666123148.151216) can0 328#00007D00D880FFFF
(1666123148.151539) can0 330#FCFCFCFFFFFF3F7F
(1666123148.152784) can0 316#5FFFFFFFC00000
(1666123148.152807) can0 218#9FFF004000000000
(1666123148.155257) can0 325#0816B5FB000100
(1666123148.158676) can0 236#100E1000500000A6
(1666123148.158700) can0 210#0000000000000000
(1666123148.158928) can0 255#3FFF3FFF1F40FFFF
(1666123148.159191) can0 308#4000000604073400
(1666123148.159717) can0 6FF#2580026000000000
(1666123148.159749) can0 309#27A98000580009
(1666123148.160027) can0 412#230095000E00
(1666123148.160281) can0 312#0734073409A00734
(1666123148.160424) can0 380#0001
(1666123148.161479) can0 200#0003C000C000C000
(1666123148.161501) can0 208#00206000C000C000
(1666123148.161504) can0 215#00000000000003
(1666123148.162547) can0 418#50FF516000000000
(1666123148.162570) can0 218#1FFF004000800000
(1666123148.162863) can0 265#00000000000007E1
(1666123148.163113) can0 316#3FFF3FFF000000
(1666123148.163367) can0 338#00000002B1020000
(1666123148.163615) can0 365#FF000000FF0100FF
(1666123148.165094) can0 248#8008000800004009
(1666123148.165116) can0 359#31000002
(1666123148.167366) can0 230#080000000000B31F
(1666123148.168069) can0 236#100E10006000008E
(1666123148.169026) can0 212#05110734E7A93FFF
(1666123148.169049) can0 308#4000004605673400
(1666123148.169179) can0 309#47A98000A80009
(1666123148.169355) can0 312#6734073409A00734
(1666123148.169572) can0 315#48000000007900
(1666123148.169788) can0 356#3FFF3FFF0BB800
(1666123148.170060) can0 7BC#0A8007E001000000
(1666123148.171565) can0 300#001B1FFF9FFF7FA0
(1666123148.171589) can0 328#00007D00D880FFFF
(1666123148.171592) can0 330#FCFCFCFFFFFF3F7F
(1666123148.172442) can0 316#3FFF3FFF000000
(1666123148.172609) can0 218#1FFF004000800000
(1666123148.175121) can0 325#0816B5FB000100
(1666123148.178559) can0 236#100E100070000096
(1666123148.178583) can0 210#0000008080000000
(1666123148.178894) can0 255#3FFF3FFF1F40FFFF
(1666123148.179179) can0 308#4000004605673400
(1666123148.179804) can0 309#47A98000A80009
(1666123148.179827) can0 412#230095000E00
(1666123148.180100) can0 312#6734073409A00734
(1666123148.180235) can0 380#0001
(1666123148.180494) can0 6FE#FFEFE7E700000000
(1666123148.181446) can0 200#0003C000C000C000
(1666123148.181469) can0 208#00206000C000C000
(1666123148.181471) can0 215#00000000000003
(1666123148.182668) can0 418#50FF516000000000
(1666123148.182693) can0 218#9FFF004000000000
(1666123148.182879) can0 265#00000000000007E1
(1666123148.183097) can0 316#5FFFFFFFC00000
(1666123148.183352) can0 338#0000000000020000
(1666123148.185127) can0 359#01000002
(1666123148.185152) can0 248#8008000800004009
(1666123148.187448) can0 230#080000000000004D
(1666123148.188038) can0 236#100E10008000001E
(1666123148.189018) can0 212#05110734E7A93FFF
(1666123148.189041) can0 308#4000000604073400
(1666123148.189043) can0 309#27A98000580009
(1666123148.189335) can0 312#0734073409A00734
(1666123148.189597) can0 315#0C000000007900
(1666123148.189805) can0 356#3FFF3FFF0BB800
(1666123148.190027) can0 6FA#0156343955303233
(1666123148.190289) can0 7BC#0B00000000000000
(1666123148.191464) can0 300#009B1FFF1FFF7FB1
(1666123148.191487) can0 328#00007D00D880FFFF
(1666123148.191489) can0 330#FCFCFCFFFFFF3F7F
(1666123148.192492) can0 316#5FFFFFFFC00000
(1666123148.192524) can0 218#9FFF004000000000
(1666123148.195096) can0 325#0816B5FB000100
(1666123148.198567) can0 236#100E100090000006
(1666123148.198592) can0 210#0000008080000000
(1666123148.198855) can0 255#3FFF3FFF1F40FFFF
(1666123148.199214) can0 308#4000000604073400
(1666123148.199590) can0 412#230095000E00
(1666123148.199800) can0 309#27A98000580009
(1666123148.200049) can0 312#0734073409A00734
(1666123148.200154) can0 380#0001
(1666123148.200477) can0 608#4747000000000000
(1666123148.201458) can0 200#0003C000C000C000
(1666123148.201481) can0 208#00206000C000C000
(1666123148.201483) can0 215#00000000000000
(1666123148.202620) can0 418#50FF516000000000
(1666123148.202644) can0 218#1FFF004000800000
(1666123148.202882) can0 265#00000000000007E1
(1666123148.203102) can0 316#3FFF3FFF000000
(1666123148.203365) can0 338#0000000000020000
(1666123148.203622) can0 365#FF000000FF0100FF
(1666123148.204611) can0 359#01000002
(1666123148.204811) can0 248#8008000800004009
(1666123148.207908) can0 230#08000000000000BD
(1666123148.207932) can0 236#100E1000A000002E
(1666123148.208625) can0 212#0511073427A93FFF
(1666123148.208804) can0 308#4000004605673400
(1666123148.209051) can0 309#47A98000A80009
(1666123148.209301) can0 312#6734073409A00734
(1666123148.209598) can0 318#00950005952D0000
(1666123148.209804) can0 356#3FFF3FFF0BB800
(1666123148.210023) can0 315#50000000007900
(1666123148.210256) can0 4A0#26D93319640F0040
(1666123148.210530) can0 7BC#0C00000000000000
(1666123148.211465) can0 300#009B1FFF1FFF7FA0
(1666123148.211488) can0 328#00007D00D880FFFF
(1666123148.211490) can0 330#FCFCFCFFFFFF3F7F
(1666123148.212672) can0 316#3FFF3FFF000000
(1666123148.212696) can0 218#1FFF004000800000
(1666123148.215142) can0 408#00008C0002000000
(1666123148.215166) can0 325#0816B5FB000100
(1666123148.218573) can0 236#100E1000B0000036
(1666123148.218597) can0 210#0000000000000000
(1666123148.218830) can0 255#3FFF3FFF1F40FFFF
(1666123148.219099) can0 308#4000004605673400
(1666123148.219679) can0 309#47A98000A80009
(1666123148.219767) can0 412#230095000E00
(1666123148.220032) can0 312#6734073409A00734
(1666123148.220182) can0 380#0001
(1666123148.220441) can0 415#000000000000FF
(1666123148.221463) can0 200#0003C000C000C000
(1666123148.221485) can0 208#00206000C000C000
(1666123148.221488) can0 215#00000000000000
(1666123148.222597) can0 418#50FF516000000000
(1666123148.222621) can0 218#9FFF004000000000
(1666123148.222874) can0 265#00000000000007E1
(1666123148.223176) can0 316#5FFFFFFFC00000
(1666123148.223351) can0 338#00000002B2020000
(1666123148.224726) can0 359#31000002
(1666123148.224752) can0 248#8008000800004009
(1666123148.227292) can0 230#080000000000B0FB
(1666123148.228491) can0 236#100E1000C000007E
(1666123148.228515) can0 101#04
(1666123148.228593) can0 212#0511073427A93FFF
(1666123148.228887) can0 308#4000000604073400
(1666123148.229174) can0 309#27A98000580009
(1666123148.229645) can0 312#0734073409A00734
(1666123148.229822) can0 315#14000000007900
(1666123148.230049) can0 356#3FFF3FFF0BB800
(1666123148.230341) can0 7BC#0D00000000000000
(1666123148.231495) can0 300#001B1FFF9FFF7FA0
(1666123148.231518) can0 328#00007D00D880FFFF
(1666123148.231520) can0 330#FCFCFCFFFFFF3F7F
(1666123148.232391) can0 316#5FFFFFFFC00000
(1666123148.232609) can0 218#9FFF004000000000
(1666123148.235166) can0 325#0816B5FB000100
(1666123148.238574) can0 236#100E1000D0000066
(1666123148.238598) can0 210#0000000000000000
(1666123148.238803) can0 255#3FFF3FFF1F40FFFF
(1666123148.239052) can0 308#4000000604073400
(1666123148.239639) can0 309#27A98000580009
(1666123148.239714) can0 412#230095000E00
(1666123148.239975) can0 312#0734073409A00734
(1666123148.240179) can0 380#0001
(1666123148.241430) can0 200#0003C000C000C000
(1666123148.241453) can0 208#00206000C000C000
(1666123148.241456) can0 215#00000000000003
(1666123148.242376) can0 520#FFFFFF0F
(1666123148.242565) can0 218#1FFF004000800000
(1666123148.242806) can0 265#00000000000007E1
(1666123148.243020) can0 316#3FFF3FFF000000
(1666123148.243284) can0 338#00000002B2020000
(1666123148.243596) can0 365#FF000000FF0100FF
(1666123148.243731) can0 418#50FF516000000000
(1666123148.244494) can0 359#31000002
(1666123148.244767) can0 248#8008000800004009
(1666123148.247213) can0 230#080000000000B02B
