(1618787934.854636) can0 0C5#3000000030000000
(1618787934.854636) can0 1C8#03E80FFEF0023C18
(1618787934.854636) can0 0F9#0000400000000000
(1618787934.875160) can0 0C1#1000000010000000
(1618787934.875160) can0 1A1#00104100000000
(1618787934.875161) can0 1C8#03E80FFEF0023C18
(1618787934.895703) can0 1E5#44FE941FFD00032E
(1618787934.895704) can0 1EB#0001
(1618787934.895705) can0 1EB#0001
(1618787934.916179) can0 0F1#1C0100400000
(1618787934.916180) can0 4D9#000000
(1618787934.916181) can0 0C9#0000000700400800
(1618787934.936683) can0 0F9#0000400000000000
(1618787934.936684) can0 1ED#8190000000001FEB
(1618787934.936684) can0 1EB#0001
(1618787934.957190) can0 0C9#0000000D00400800
(1618787934.957191) can0 0F1#1C0100400000
(1618787934.957192) can0 1F5#ED00000218008300
(1618787934.977698) can0 1FC#0000000000000000
(1618787934.977699) can0 2C3#063706980FFFC800
(1618787934.977699) can0 0C9#0000000A00400800
(1618787934.998186) can0 0F9#0000400000000000
(1618787934.998187) can0 1A1#00104100000000
(1618787934.998187) can0 3F1#00FF7D08FFF60A89
(1618787935.018685) can0 1EB#0001
(1618787935.018686) can0 0F1#340100400000
(1618787935.018686) can0 0F1#1C0100400000
(1618787935.039205) can0 1E1#00FE0600000000
(1618787935.039206) can0 0C1#2000000020000000
(1618787935.039206) can0 1EB#0001
(1618787935.059775) can0 0C9#0000000D00400800
(1618787935.059776) can0 0F1#340100400000
(1618787935.059776) can0 34C#0000000000000000
(1618787935.080179) can0 3E9#0000000000000000
(1618787935.080180) can0 1E1#00FD0700000000
(1618787935.080180) can0 0C9#0000000A00400800
(1618787935.100691) can0 0F9#0000400000000000
(1618787935.100692) can0 1A1#00104100000000
(1618787935.100692) can0 1EB#0001
(1618787935.121271) can0 0F1#1C0100400000
(1618787935.121272) can0 0C9#0000000000400800
(1618787935.121273) can0 0F1#340100400000
(1618787935.141775) can0 451#000000000000
(1618787935.141776) can0 0C1#0000000000000000
(1618787935.141777) can0 0C9#0000000D00400800
(1618787935.162195) can0 0F1#1C0100400000
(1618787935.162196) can0 0F9#0000400000000000
(1618787935.162197) can0 4C1#00C8453D7D000000
(1618787935.182257) can0 4C9#40450000000000
(1618787935.182261) can0 4D1#003D0002332B0076
(1618787935.182262) can0 1F5#ED00000218008301
(1618787935.202748) can0 0F1#1C0100400000
(1618787935.202749) can0 451#000000000000
(1618787935.202750) can0 1EB#0001
(1618787935.223267) can0 0F1#340100400000
(1618787935.223268) can0 0C9#0000000000400800
(1618787935.223269) can0 451#000000000000
(1618787935.243761) can0 0C1#2000000020000000
(1618787935.243762) can0 0C5#2000000020000000
(1618787935.243762) can0 1ED#8190000000001FEB
(1618787935.264327) can0 1EF#80000000
(1618787935.264328) can0 12A#50E6705D00009090
(1618787935.264328) can0 1E1#00FE0600000000
(1618787935.284343) can0 0C1#2000000020000000
(1618787935.284344) can0 0C5#2000000020000000
(1618787935.284350) can0 4C5#0000000000
(1618787935.304831) can0 0C1#0000000000000000
(1618787935.304832) can0 0C5#0000000000000000
(1618787935.304833) can0 0C9#0000000000400800
(1618787935.325348) can0 0F9#0000400000000000
(1618787935.325349) can0 1A1#00104100000000
(1618787935.325349) can0 1E1#00000400000000
(1618787935.345852) can0 0C1#0000000000000000
(1618787935.345853) can0 0C5#0000000000000000
(1618787935.345853) can0 0C5#2000000020000000
(1618787935.366449) can0 185#0001
(1618787935.366451) can0 1C7#0FFFAFFF00003F
(1618787935.366452) can0 185#03FF
(1618787935.386971) can0 1C7#0FFFEFFE00003F
(1618787935.386973) can0 1C8#43E80FFEF0013C17
(1618787935.386974) can0 1E5#44FE947FFD00038E
(1618787935.407477) can0 1E9#0000000E00000000
(1618787935.407478) can0 232#0000000001000000
(1618787935.407478) can0 1EF#80000000
(1618787935.428011) can0 185#0000
(1618787935.428012) can0 1F5#ED00000218008300
(1618787935.428013) can0 1EB#0001
(1618787935.448364) can0 0C9#0000000A00400800
(1618787935.448365) can0 0F9#0000400000000000
(1618787935.448365) can0 137#1200A59C0DD25C1E
(1618787935.468836) can0 0F1#000100400000
(1618787935.468837) can0 1EB#0001
(1618787935.468837) can0 32A#03F0C0BB71D323B9
(1618787935.489378) can0 0F1#280100400000
(1618787935.489379) can0 1E1#00FF0500000000
(1618787935.489380) can0 1EB#0001
(1618787935.509890) can0 0C9#0000000D00400800
(1618787935.509891) can0 0F9#0000400000000000
(1618787935.509891) can0 232#0000000001000000
(1618787935.530340) can0 234#01000000
(1618787935.530341) can0 2F9#A000000000000C
(1618787935.530341) can0 0F9#0000400000000000
(1618787935.550830) can0 1A1#00104100000000
(1618787935.550830) can0 1C3#0637063700000000
(1618787935.550831) can0 0F1#280100400000
(1618787935.571365) can0 1EB#0001
(1618787935.571365) can0 0C9#0000000000400800
(1618787935.571365) can0 0F1#000100400000
(1618787935.591867) can0 3C9#0766000000000000
(1618787935.591868) can0 0C1#1000000010000000
(1618787935.591868) can0 0C9#0000000D00400800
(1618787935.612346) can0 0F9#0000400000000000
(1618787935.612346) can0 0F1#280100400000
(1618787935.612347) can0 0F1#000100400000
(1618787935.632852) can0 451#000000000000
(1618787935.632853) can0 0C1#1000000010000000
(1618787935.632853) can0 0F1#280100400000
(1618787935.653363) can0 0C1#3000000030000000
(1618787935.653363) can0 0C5#3000000030000000
(1618787935.653364) can0 1EB#0001
(1618787935.673872) can0 0C9#0000000000400800
(1618787935.673872) can0 0F9#0000400000000000
(1618787935.673873) can0 0C1#3000000030000000
(1618787935.694411) can0 3C9#0766000000000000
(1618787935.694412) can0 0C5#3000000030000000
(1618787935.694413) can0 0C1#1000000010000000
(1618787935.714480) can0 0C5#1000000010000000
(1618787935.714481) can0 1C8#83E80FFEF0003C16
(1618787935.714481) can0 0C1#3000000030000000
(1618787935.735029) can0 1E1#00FF0500000000
(1618787935.735030) can0 0C5#3000000030000000
(1618787935.735030) can0 0C1#1000000010000000
(1618787935.755531) can0 0C5#1000000010000000
(1618787935.755532) can0 1C8#83E80FFEF0003C16
(1618787935.755532) can0 137#1201AF4000E65C8C
(1618787935.776198) can0 0C5#3000000030000000
(1618787935.776200) can0 1A1#00104100000000
(1618787935.776201) can0 0C5#1000000010000000
(1618787935.796508) can0 1C8#83E80FFEF0003C16
(1618787935.796509) can0 1E5#44FE945FFD00036E
(1618787935.796509) can0 1E5#44FE941000000222
(1618787935.816998) can0 4C5#0000000000
(1618787935.816999) can0 4E1#4639313434343034
(1618787935.817000) can0 0C9#0000000700400800
(1618787935.837694) can0 0F9#0000400000000000
(1618787935.837695) can0 1EB#0001
(1618787935.837696) can0 1F3#003C00
(1618787935.858235) can0 0C9#0000000D00400800
(1618787935.858235) can0 1EB#0001
(1618787935.858236) can0 214#000000000000
(1618787935.878718) can0 160#F896EDBA03
(1618787935.878719) can0 1F5#ED00000218008301
(1618787935.878719) can0 0C9#0000000A00400800
(1618787935.899270) can0 0F9#0000400000000000
(1618787935.899270) can0 1A1#00104100000000
(1618787935.899271) can0 0F1#1C0100400000
(1618787935.919776) can0 0C9#0000000000400800
(1618787935.919777) can0 0F9#0000400000000000
(1618787935.919777) can0 0F1#340100400000
(1618787935.940225) can0 0C1#0000000000000000
(1618787935.940225) can0 1E1#00000400000000
(1618787935.940225) can0 0C9#0000000D00400800
(1618787935.960332) can0 0F9#0000400000000000
(1618787935.960332) can0 1ED#8190000000001FEB
(1618787935.960332) can0 3E9#0000000000000000
(1618787935.980872) can0 1E1#00FF0500000000
(1618787935.980873) can0 0F1#340100400000
(1618787935.980873) can0 0C9#0000000A00400800
(1618787936.001370) can0 0F9#0000400000000000
(1618787936.001370) can0 1A1#00104100000000
(1618787936.001371) can0 0F1#340100400000
(1618787936.021799) can0 0C9#0000000000400800
(1618787936.021799) can0 0F9#0000400000000000
(1618787936.021800) can0 0F1#1C0100400000
(1618787936.042334) can0 0C1#2000000020000000
(1618787936.042334) can0 451#000000000000
(1618787936.042334) can0 0C9#0000000D00400800
(1618787936.062883) can0 0F9#0000400000000000
(1618787936.062883) can0 1ED#8190000000001FEB
(1618787936.062884) can0 0F1#1C0100400000
(1618787936.083336) can0 0C1#2000000020000000
(1618787936.083337) can0 0F1#340100400000
(1618787936.103849) can0 0C1#0000000000000000
(1618787936.103850) can0 0C5#0000000000000000
(1618787936.103850) can0 0F1#1C0100400000
(1618787936.123916) can0 0C9#0000000000400800
(1618787936.123917) can0 0F9#0000400000000000
(1618787936.123917) can0 0C1#0000000000000000
(1618787936.144388) can0 451#000000000000
(1618787936.144389) can0 0C5#0000000000000000
(1618787936.144389) can0 1EB#0001
(1618787936.164905) can0 0C1#2000000020000000
(1618787936.164906) can0 0C5#2000000020000000
(1618787936.164906) can0 0C1#0000000000000000
(1618787936.185403) can0 1E1#00000400000000
(1618787936.185404) can0 0C5#0000000000000000
(1618787936.185404) can0 0C1#2000000020000000
(1618787936.205904) can0 451#000000000000
(1618787936.205905) can0 0C5#2000000020000000
(1618787936.205905) can0 1A1#00104100000000
(1618787936.225932) can0 0C1#0000000000000000
(1618787936.225933) can0 1C3#0637063700000000
(1618787936.225935) can0 0C5#2000000020000000
(1618787936.246435) can0 1E1#00FE0600000000
(1618787936.246436) can0 185#0000
(1618787936.246436) can0 1C7#0FFFEFFE00003F
(1618787936.266943) can0 1C8#43E80FFEF0013C17
(1618787936.266944) can0 1E5#44FE943000000242
(1618787936.266944) can0 1C8#C3E80FFEEFFF3C15
(1618787936.287448) can0 1E5#44FE947FFD00038E
(1618787936.287449) can0 1E9#0000000E00000000
(1618787936.287452) can0 232#0000000001000000
(1618787936.307941) can0 1F3#C0FC00
(1618787936.307942) can0 4C5#0000000000
(1618787936.307942) can0 1C7#0FFFAFFF00003F
(1618787936.327981) can0 1EB#0001
(1618787936.327981) can0 1C8#C3E80FFEEFFF3C15
(1618787936.327982) can0 0C9#0000000A00400800
(1618787936.348519) can0 0F9#0000400000000000
(1618787936.348520) can0 1A1#00104100000000
(1618787936.348520) can0 137#1200A59C0DD25C1E
(1618787936.369026) can0 0F1#280100400000
(1618787936.369026) can0 0C9#0000000000400800
(1618787936.369027) can0 32A#03F0C0BB71D323B9
(1618787936.389496) can0 1EB#0001
(1618787936.389496) can0 0F1#000100400000
(1618787936.389497) can0 0C9#0000000D00400800
(1618787936.409992) can0 0F9#0000400000000000
(1618787936.409993) can0 1ED#8190000000001FEB
(1618787936.409993) can0 2F9#33000000000004
(1618787936.430027) can0 4D9#000000
(1618787936.430028) can0 348#0000000000
(1618787936.430028) can0 1C3#0637063700000000
(1618787936.450530) can0 1ED#8190000000001FEB
(1618787936.450531) can0 1EF#80000000
(1618787936.450531) can0 0F1#000100400000
(1618787936.471042) can0 0C9#0000000000400800
(1618787936.471043) can0 0F9#0000400000000000
(1618787936.471043) can0 0F1#280100400000
(1618787936.491609) can0 0C1#3000000030000000
(1618787936.491610) can0 0C5#3000000030000000
(1618787936.491610) can0 0C9#0000000D00400800
(1618787936.512042) can0 0F9#0000400000000000
(1618787936.512043) can0 1ED#8190000000001FEB
(1618787936.512043) can0 0F1#280100400000
(1618787936.532054) can0 0C1#3000000030000000
(1618787936.532055) can0 0C5#3000000030000000
(1618787936.532055) can0 0F1#000100400000
(1618787936.552110) can0 1EB#0001
(1618787936.552111) can0 0C1#1000000010000000
(1618787936.552111) can0 0C9#0000000000400800
(1618787936.572613) can0 0F9#0000400000000000
(1618787936.572614) can0 1A1#00104100000000
(1618787936.572614) can0 0C1#1000000010000000
(1618787936.593163) can0 0C5#1000000010000000
(1618787936.593175) can0 3C9#0766000000000000
(1618787936.593176) can0 0C1#3000000030000000
(1618787936.613628) can0 0C5#3000000030000000
(1618787936.613629) can0 1C8#03E80FFEF0023C18
(1618787936.613629) can0 0C1#1000000010000000
(1618787936.634122) can0 0C5#1000000010000000
(1618787936.634123) can0 1E1#00FD0700000000
(1618787936.634123) can0 0C1#3000000030000000
(1618787936.654662) can0 0C5#3000000030000000
(1618787936.654663) can0 1C8#03E80FFEF0023C18
(1618787936.654663) can0 139#0000000000000000
(1618787936.675174) can0 0C5#1000000010000000
(1618787936.675175) can0 1C3#0637063700000000
(1618787936.675175) can0 1C8#03E80FFEF0023C18
(1618787936.695638) can0 1E1#00FF0500000000
(1618787936.695639) can0 1E5#44FE941000000222
(1618787936.695639) can0 1E5#44FE945000000262
(1618787936.716127) can0 0F1#1C0100400000
(1618787936.716127) can0 0C9#0000000000400800
(1618787936.716127) can0 0C9#0000000700400800
(1618787936.736216) can0 0F9#0000400000000000
(1618787936.736217) can0 1ED#8190000000001FEB
(1618787936.736217) can0 1F3#80BC00
(1618787936.756790) can0 0C9#0000000D00400800
(1618787936.756791) can0 0F9#0000400000000000
(1618787936.756791) can0 214#000000000000
(1618787936.777355) can0 2C3#063706980FFFC800
(1618787936.777356) can0 139#0000000000000000
(1618787936.777356) can0 32A#03F0C0A871D32440
(1618787936.797929) can0 0C9#0000000A00400800
(1618787936.797931) can0 0F9#0000400000000000
(1618787936.797931) can0 451#000000000000
(1618787936.818287) can0 0F1#340100400000
(1618787936.818287) can0 0C9#0000000000400800
(1618787936.818288) can0 530#00000000
(1618787936.838776) can0 1EB#0001
(1618787936.838777) can0 0F1#1C0100400000
(1618787936.838777) can0 0C9#0000000D00400800
(1618787936.859351) can0 0F9#0000400000000000
(1618787936.859354) can0 1ED#8190000000001FEB
(1618787936.859355) can0 1E1#00FD0700000000
(1618787936.879787) can0 0F1#1C0100400000
(1618787936.879788) can0 0C1#2000000020000000
(1618787936.879788) can0 1ED#8190000000001FEB
(1618787936.899833) can0 1EF#80000000
(1618787936.899833) can0 1F5#ED00000218008300
(1618787936.899834) can0 0F1#1C0100400000
(1618787936.920346) can0 0C9#0000000000400800
(1618787936.920347) can0 0F9#0000400000000000
(1618787936.920347) can0 1EB#0001
(1618787936.940815) can0 0F1#340100400000
(1618787936.940816) can0 0C1#0000000000000000
(1618787936.940816) can0 0C9#0000000D00400800
(1618787936.961368) can0 0F9#0000400000000000
(1618787936.961369) can0 1ED#8190000000001FEB
(1618787936.961369) can0 0F1#340100400000
(1618787936.981871) can0 0C1#0000000000000000
(1618787936.981871) can0 0C5#0000000000000000
(1618787936.981872) can0 0F1#1C0100400000
(1618787937.002329) can0 0C1#2000000020000000
(1618787937.002330) can0 1EB#0001
(1618787937.002330) can0 0C9#0000000000400800
(1618787937.022826) can0 0F9#0000400000000000
(1618787937.022826) can0 1A1#00104100000000
(1618787937.022826) can0 0C1#2000000020000000
(1618787937.043384) can0 0C5#2000000020000000
(1618787937.043385) can0 185#0002
(1618787937.043385) can0 0C1#0000000000000000
(1618787937.063901) can0 0C5#0000000000000000
(1618787937.063902) can0 185#03FE
(1618787937.063902) can0 0C1#2000000020000000
(1618787937.084428) can0 0C5#2000000020000000
(1618787937.084429) can0 185#03FD
(1618787937.084430) can0 1EB#0001
(1618787937.104885) can0 1C7#0FFF700000003F
(1618787937.104886) can0 451#000000000000
(1618787937.104886) can0 0C5#2000000020000000
(1618787937.125402) can0 1ED#8190000000001FEB
(1618787937.125403) can0 17D#222442B40000
(1618787937.125404) can0 1C8#43E80FFEF0013C17
(1618787937.145921) can0 1E5#44FE943000000242
(1618787937.145922) can0 1E9#0FFC000E00000000
(1618787937.145922) can0 1E9#0FFC000E00000000
(1618787937.166379) can0 232#0000000001000000
(1618787937.166380) can0 135#0000124A44151537
(1618787937.166380) can0 0C9#0000000700400800
(1618787937.186880) can0 0F9#0000400000000000
(1618787937.186881) can0 1ED#8190000000001FEB
(1618787937.186881) can0 1F3#407C00
(1618787937.207393) can0 451#000000000000
(1618787937.207394) can0 0C9#0000000D00400800
(1618787937.207394) can0 1E9#0000000E00000000
(1618787937.227906) can0 1FC#0000000000000000
(1618787937.227907) can0 214#000000000000
(1618787937.227907) can0 0C9#0000000A00400800
(1618787937.248391) can0 0F9#0000400000000000
(1618787937.248392) can0 1A1#00104100000000
(1618787937.248392) can0 137#1200A59C0DD25C1E
(1618787937.268886) can0 0F1#000100400000
(1618787937.268886) can0 0C9#0000000000400800
(1618787937.268886) can0 32A#03F0C0BB71D323B9
(1618787937.289405) can0 0F1#280100400000
(1618787937.289409) can0 1EB#0001
(1618787937.289409) can0 4C5#0000000000
(1618787937.309977) can0 0C9#0000000D00400800
(1618787937.309978) can0 0F9#0000400000000000
(1618787937.309978) can0 1EB#0001
(1618787937.330382) can0 0F1#280100400000
(1618787937.330383) can0 0C1#3000000030000000
(1618787937.330383) can0 0F1#000100400000
(1618787937.350884) can0 0C1#1000000010000000
(1618787937.350885) can0 0C5#1000000010000000
(1618787937.350885) can0 0F1#280100400000
(1618787937.371487) can0 0C9#0000000000400800
(1618787937.371488) can0 0F9#0000400000000000
(1618787937.371488) can0 0F1#000100400000
(1618787937.391496) can0 1EB#0001
(1618787937.391497) can0 0C1#1000000010000000
(1618787937.391497) can0 1ED#8190000000001FEB
(1618787937.412005) can0 1EF#80000000
(1618787937.412005) can0 0F1#280100400000
(1618787937.412006) can0 0F1#000100400000
(1618787937.432492) can0 4D9#000000
(1618787937.432492) can0 770#00000000000000
(1618787937.432492) can0 0C1#3000000030000000
(1618787937.453107) can0 0C5#3000000030000000
(1618787937.453108) can0 0C9#0000000000400800
(1618787937.473728) can0 0F9#0000400000000000
(1618787937.473731) can0 1A1#00104100000000
(1618787937.473732) can0 0C1#3000000030000000
(1618787937.494112) can0 0C5#3000000030000000
(1618787937.494113) can0 1C8#03E80FFEF0023C18
(1618787937.494114) can0 0C1#1000000010000000
(1618787937.514515) can0 0C5#1000000010000000
(1618787937.514515) can0 1C8#83E80FFEF0003C16
(1618787937.514516) can0 0C1#3000000030000000
(1618787937.535046) can0 0C5#3000000030000000
(1618787937.535046) can0 1C8#03E80FFEF0023C18
(1618787937.535047) can0 1C8#83E80FFEF0003C16
(1618787937.555515) can0 1E5#44FE945000000262
(1618787937.555515) can0 1EB#0001
(1618787937.555516) can0 139#0000000000000000
(1618787937.576043) can0 1C8#03E80FFEF0023C18
(1618787937.576044) can0 1ED#8190000000001FEB
(1618787937.576044) can0 1F3#80BC00
(1618787937.596510) can0 0C9#0000000A00400800
(1618787937.596510) can0 0F9#0000400000000000
(1618787937.596511) can0 1EB#0001
(1618787937.617035) can0 0F1#340000400000
(1618787937.617036) can0 0C9#0000000000400800
(1618787937.617036) can0 0C9#0000000700400800
(1618787937.637528) can0 0F9#0000400000000000
(1618787937.637529) can0 1ED#8190000000001FEB
(1618787937.637529) can0 1EB#0001
(1618787937.658024) can0 1F3#003C00
(1618787937.658025) can0 0C9#0000000D00400800
(1618787937.658025) can0 3C1#0765140000000000
(1618787937.678528) can0 2F9#F8000000000008
(1618787937.678529) can0 160#F896EDBA03
(1618787937.678529) can0 0C9#0000000A00400800
(1618787937.700685) can0 0F9#0000400000000000
(1618787937.700686) can0 1A1#00104100000000
(1618787937.700686) can0 1EB#0001
(1618787937.719055) can0 0F1#1C0100400000
(1618787937.719056) can0 0C9#0000000000400800
(1618787937.719056) can0 0F1#340100400000
(1618787937.739607) can0 0C1#0000000000000000
(1618787937.739608) can0 0C5#0000000000000000
(1618787937.739608) can0 0C9#0000000D00400800
(1618787937.760147) can0 0F9#0000400000000000
(1618787937.760148) can0 1ED#8190000000001FEB
(1618787937.760149) can0 139#0000000000000000
(1618787937.780582) can0 1EB#0001
(1618787937.780582) can0 0F1#340100400000
(1618787937.780583) can0 1ED#8190000000001FEB
(1618787937.800643) can0 1EF#80000000
(1618787937.800644) can0 32A#03F0C0A871D32440
(1618787937.800644) can0 0F1#340100400000
(1618787937.821177) can0 0C9#0000000000400800
(1618787937.821178) can0 0F9#0000400000000000
(1618787937.821178) can0 0F1#1C0100400000
(1618787937.841639) can0 0C1#2000000020000000
(1618787937.841639) can0 0C5#2000000020000000
(1618787937.841640) can0 0C9#0000000D00400800
(1618787937.862142) can0 0F9#0000400000000000
(1618787937.862142) can0 1ED#8190000000001FEB
(1618787937.862143) can0 0F1#1C0100400000
(1618787937.882651) can0 1EB#0001
(1618787937.882652) can0 0C1#2000000020000000
(1618787937.882652) can0 0F1#340100400000
(1618787937.903450) can0 0C1#0000000000000000
(1618787937.903452) can0 0C5#0000000000000000
(1618787937.903453) can0 0F1#1C0100400000
(1618787937.923837) can0 0C9#0000000000400800
(1618787937.923838) can0 0F9#0000400000000000
(1618787937.923839) can0 0F1#340100400000
(1618787937.944175) can0 0C1#0000000000000000
(1618787937.944176) can0 0C5#0000000000000000
(1618787937.944176) can0 0F1#1C0100400000
(1618787937.964681) can0 0C1#2000000020000000
(1618787937.964682) can0 0C5#2000000020000000
(1618787937.964682) can0 1EB#0001
(1618787937.985206) can0 0C1#0000000000000000
(1618787937.985207) can0 0C5#0000000000000000
(1618787937.985207) can0 0C1#2000000020000000
(1618787938.005673) can0 0C5#2000000020000000
(1618787938.005673) can0 185#03FE
(1618787938.005673) can0 0F9#0000400000000000
(1618787938.026164) can0 1A1#0010410000006A
(1618787938.026165) can0 0C1#0000000000000000
(1618787938.026165) can0 0C5#2000000020000000
(1618787938.046846) can0 185#0002
(1618787938.046848) can0 1C7#0FFF300100003F
(1618787938.046850) can0 1C8#43E80FFEF0013C17
(1618787938.067261) can0 1E5#44FE943000000242
(1618787938.067262) can0 12A#50E6705D00009090
(1618787938.067263) can0 1E5#44FE947000000282
(1618787938.087745) can0 1F1#AE0A00001800007A
(1618787938.087746) can0 1E9#0000000E00000000
(1618787938.087747) can0 232#0000000001000000
(1618787938.108189) can0 1F3#C0FC00
(1618787938.108190) can0 1EB#0001
(1618787938.108190) can0 1C7#0FFF300100003F
(1618787938.128682) can0 451#000000000000
(1618787938.128683) can0 1C8#C3E80FFEEFFF3C15
(1618787938.128683) can0 1EB#0001
(1618787938.149205) can0 0C9#00000019F6400800
(1618787938.149206) can0 0F9#0000400000000000
(1618787938.149206) can0 135#0000124A44151538
(1618787938.169690) can0 137#1200A59C0DD25C1E
(1618787938.169691) can0 1EB#0001
(1618787938.169691) can0 1F3#407C00
(1618787938.190350) can0 32A#03F0C0BB71D323B9
(1618787938.190352) can0 0F1#000100400000
(1618787938.190353) can0 1EB#0001
(1618787938.210890) can0 0C9#0000001CFE400800
(1618787938.210892) can0 0F9#0000400000000000
(1618787938.210892) can0 234#01000000
(1618787938.231299) can0 2F9#53000000000004
(1618787938.231300) can0 348#0000000000
(1618787938.231301) can0 0F9#0000400000000000
(1618787938.251724) can0 1A1#001041000000FF
(1618787938.251724) can0 1C3#063706370000FE00
(1618787938.251725) can0 137#1200A59C0DD25C1E
(1618787938.272210) can0 1EB#0001
(1618787938.272210) can0 0F1#000100400000
(1618787938.272211) can0 32A#03F0C0BB71D323B9
(1618787938.292705) can0 0F1#280100400000
(1618787938.292709) can0 0C1#3000000030000000
(1618787938.292709) can0 0C9#0000001CFE400800
(1618787938.313215) can0 0F9#0000400000000000
(1618787938.313216) can0 1ED#8190000000001FEB
(1618787938.313216) can0 0F1#280100400000
(1618787938.333727) can0 0C1#3000000030000000
(1618787938.333728) can0 0C5#3000000030000000
(1618787938.333728) can0 0F1#000100400000
(1618787938.354225) can0 0C1#1000000010000000
(1618787938.354225) can0 0C5#1000000010000000
(1618787938.354226) can0 1EB#0001
(1618787938.374716) can0 0F1#280100400000
(1618787938.374717) can0 0C9#00000013FE400800
(1618787938.374717) can0 0F1#000100400000
(1618787938.395267) can0 0C1#1000000010000000
(1618787938.395268) can0 0C5#1000000010000000
(1618787938.395268) can0 0F1#280000400000
(1618787938.415768) can0 0C1#3000000030000000
(1618787938.415768) can0 0C5#3000000030000000
(1618787938.415769) can0 0C1#1000000010000000
(1618787938.436209) can0 0C5#1000000010000000
(1618787938.436210) can0 1C8#83E80FFEF0003C16
(1618787938.436210) can0 0C1#3000000030000000
(1618787938.456722) can0 0C5#3000000030000000
(1618787938.456723) can0 1C8#03E80FFEF0023C18
(1618787938.456723) can0 1A1#001041000000FF
(1618787938.477227) can0 0C1#1000000010000000
(1618787938.477228) can0 1C3#063706370000FE00
(1618787938.477228) can0 1E5#44FE941000000222
(1618787938.497826) can0 1E1#00FF0500000000
(1618787938.497827) can0 1F3#003C00
(1618787938.497828) can0 3F1#00FF7D08FFF60A89
(1618787938.518434) can0 451#000000000000
(1618787938.518437) can0 0F1#1C0100400000
(1618787938.518438) can0 0C9#00000016FE400800
(1618787938.538761) can0 0F9#0000400000000000
(1618787938.538762) can0 1EB#0001
(1618787938.538762) can0 1F3#80BC00
(1618787938.559251) can0 0C9#0000001CFE400800
(1618787938.559252) can0 0F9#0000400000000000
(1618787938.559253) can0 214#000000000000
(1618787938.579759) can0 2C3#063706980FFFC800
(1618787938.579760) can0 2F9#8B000000000000
(1618787938.579760) can0 451#000000000000
(1618787938.600235) can0 0C9#00000019FE400800
(1618787938.600236) can0 0F9#0000400000000000
(1618787938.600236) can0 1F3#003C00
(1618787938.620751) can0 0F1#340100400000
(1618787938.620751) can0 0C9#00000013FD400800
(1618787938.620752) can0 0F1#1C0100400000
(1618787938.641269) can0 0C1#2000000020000000
(1618787938.641269) can0 0C5#2000000020000000
(1618787938.641270) can0 0C9#0000001CED400800
(1618787938.661763) can0 0F9#0000400000000000
(1618787938.661764) can0 1ED#8190000000001FEB
(1618787938.661764) can0 3F9#000000007D00FF30
(1618787938.682268) can0 3FB#8008
(1618787938.682269) can0 4C1#00C8453D7D000000
(1618787938.682269) can0 1ED#8190000000001FEB
(1618787938.702326) can0 1EF#80000000
(1618787938.702329) can0 1F5#ED00000218008301
(1618787938.702329) can0 0F1#1C0100400000
(1618787938.722820) can0 0C9#00000013C3400800
(1618787938.722820) can0 0F9#0000400000000000
(1618787938.722821) can0 0F1#340100400000
(1618787938.743315) can0 0C1#0000000000000000
(1618787938.743315) can0 0C5#0000000000000000
(1618787938.743316) can0 0C9#0000001C99400800
(1618787938.763347) can0 0F9#0000400000000000
(1618787938.763347) can0 1ED#8190000000001FEB
(1618787938.763348) can0 0F1#340100400000
(1618787938.783374) can0 0C1#0000000000000000
(1618787938.783374) can0 0C5#0000000000000000
(1618787938.783378) can0 0F1#1C0100400000
(1618787938.804008) can0 0C1#2000000020000000
(1618787938.804009) can0 0C5#2000000020000000
(1618787938.804009) can0 0F1#340100400000
(1618787938.824415) can0 0C9#000000134D400800
(1618787938.824416) can0 0F1#1C0100400000
(1618787938.844883) can0 0C1#2000000020000000
(1618787938.844883) can0 0C5#2000000020000000
(1618787938.844884) can0 0C1#0000000000000000
(1618787938.865395) can0 0C5#0000000000000000
(1618787938.865395) can0 185#0000
(1618787938.865395) can0 0C1#2000000020000000
(1618787938.885873) can0 0C5#2000000020000000
(1618787938.885874) can0 185#03FF
(1618787938.885874) can0 0C5#0000000000000000
(1618787938.906394) can0 185#0000
(1618787938.906394) can0 1C7#0FFFEFFE00003F
(1618787938.906395) can0 0C5#2000000020000000
(1618787938.926429) can0 1ED#8190000000001FEB
(1618787938.926429) can0 17D#222442B40000
(1618787938.926430) can0 1E5#44FE943000000242
(1618787938.946980) can0 1E9#0000000E00010000
(1618787938.946981) can0 1E1#00000400000000
(1618787938.946982) can0 232#0000000001000000
(1618787938.967453) can0 12A#50E6705D000090A0
(1618787938.967454) can0 135#0000124A44151538
(1618787938.967454) can0 0C9#0000000700400800
(1618787938.987905) can0 0F9#0000400000000000
(1618787938.987906) can0 1ED#8190000000001FEB
(1618787938.987906) can0 1F3#407C00
(1618787939.008414) can0 451#000000000000
(1618787939.008415) can0 0C9#0000000D00400800
(1618787939.008415) can0 1E9#0000000E00000000
(1618787939.028504) can0 1FC#0000000000000000
(1618787939.028504) can0 214#000000000000
(1618787939.028505) can0 0C9#0000000A00400800
(1618787939.048992) can0 0F9#0000400000000000
(1618787939.048993) can0 1A1#00104100000000
(1618787939.048993) can0 135#0000124A44151539
(1618787939.069558) can0 137#1200A59C0DD25C1E
(1618787939.069559) can0 0F1#000100400000
(1618787939.069559) can0 1EB#0001
(1618787939.090061) can0 32A#03F0C0BB71D323B9
(1618787939.090062) can0 0F1#280100400000
(1618787939.090062) can0 0C9#0000000D00400800
(1618787939.110502) can0 0F9#0000400000000000
(1618787939.110503) can0 1ED#8190000000001FEB
(1618787939.110503) can0 34A#0000000000
(1618787939.131007) can0 34C#0000000000000000
(1618787939.131008) can0 451#000000000000
(1618787939.131008) can0 1EF#80000000
(1618787939.151504) can0 1F5#ED00000218008301
(1618787939.151505) can0 1EB#0001
(1618787939.151505) can0 137#1200A59C0DD25C1E
(1618787939.172012) can0 0F1#280100400000
(1618787939.172013) can0 0C9#0000000000400800
(1618787939.172013) can0 32A#03F0C0BB71D323B9
(1618787939.192512) can0 0F1#000100400000
(1618787939.192513) can0 0C1#1000000010000000
(1618787939.192513) can0 0C9#0000001C09400800
(1618787939.213133) can0 0F9#0000400000000000
(1618787939.213134) can0 1ED#8190000000001FEB
(1618787939.213134) can0 0F1#000100400000
(1618787939.233581) can0 0C1#1000000010000000
(1618787939.233581) can0 0C5#1000000010000000
(1618787939.233594) can0 0F1#280100400000
(1618787939.254042) can0 0C1#3000000030000000
(1618787939.254043) can0 0C5#3000000030000000
(1618787939.254043) can0 0F1#000100400000
(1618787939.274543) can0 0C9#0000001361400800
(1618787939.274544) can0 0F9#0000400000000000
(1618787939.274544) can0 0F1#280100400000
(1618787939.295136) can0 0C1#3000000030000000
(1618787939.295144) can0 0C5#3000000030000000
(1618787939.295145) can0 0C1#1000000010000000
(1618787939.315675) can0 0C5#1000000010000000
(1618787939.315676) can0 1EB#0001
(1618787939.315677) can0 0C1#3000000030000000
(1618787939.336069) can0 0C5#3000000030000000
(1618787939.336070) can0 1C8#03E80FFEF0023C18
(1618787939.336070) can0 1C8#83E80FFEF0003C16
(1618787939.356683) can0 1E5#44FE945000000262
(1618787939.356683) can0 0C9#0000001CCA400800
(1618787939.356684) can0 1C3#063706370000AB00
(1618787939.377085) can0 1C8#03E80FFEF0023C18
(1618787939.377086) can0 1ED#8190000000001FEB
(1618787939.377087) can0 1E1#00FD0700000000
(1618787939.397567) can0 1F3#80BC00
(1618787939.397567) can0 0C9#00000019E6400800
(1618787939.397568) can0 451#000000000000
(1618787939.418062) can0 0F1#340100400000
(1618787939.418062) can0 0C9#00000013F7400800
(1618787939.418063) can0 0F9#0000400000000000
(1618787939.438570) can0 1ED#8190000000001FEB
(1618787939.438571) can0 1EF#80000000
(1618787939.438571) can0 1F3#003C00
(1618787939.459082) can0 0C9#0000001CFE400800
(1618787939.459083) can0 0F9#0000400000000000
(1618787939.459083) can0 2F9#1B000000000008
(1618787939.479593) can0 3D1#00F9800000000000
(1618787939.479594) can0 348#0000000000
(1618787939.479594) can0 451#000000000000
(1618787939.500064) can0 0C9#00000019FE400800
(1618787939.500064) can0 0F9#0000400000000000
(1618787939.500064) can0 1F3#80BC00
(1618787939.520580) can0 3F1#00FF7D08FFF60A89
(1618787939.520581) can0 0C9#00000013FE400800
(1618787939.520581) can0 1EB#0001
(1618787939.541173) can0 0F1#340100400000
(1618787939.541175) can0 0C1#0000000000000000
(1618787939.541175) can0 0C9#0000001CFE400800
(1618787939.561591) can0 0F9#0000400000000000
(1618787939.561591) can0 1ED#8190000000001FEB
(1618787939.561592) can0 1E1#00FF0500000000
(1618787939.582147) can0 0F1#340100400000
(1618787939.582148) can0 0C1#0000000000000000
(1618787939.582148) can0 0F1#1C0100400000
(1618787939.602606) can0 1EB#0001
(1618787939.602607) can0 0C1#2000000020000000
(1618787939.602607) can0 0C9#00000013FE400800
(1618787939.623218) can0 0F1#340100400000
(1618787939.623220) can0 0F9#0000400000000000
(1618787939.623220) can0 0F1#1C0100400000
(1618787939.643669) can0 0C1#2000000020000000
(1618787939.643670) can0 0C5#2000000020000000
(1618787939.643670) can0 0F1#340100400000
(1618787939.664095) can0 0C1#0000000000000000
(1618787939.664095) can0 0C5#0000000000000000
(1618787939.664096) can0 0F1#1C0100400000
(1618787939.684612) can0 0C1#2000000020000000
(1618787939.684613) can0 0C5#2000000020000000
(1618787939.684613) can0 0F1#340100400000
(1618787939.705139) can0 0C1#0000000000000000
(1618787939.705150) can0 1EB#0001
(1618787939.705150) can0 0C9#00000013FE400800
(1618787939.725176) can0 0F1#1C0100400000
(1618787939.725177) can0 0F9#0000400000000000
(1618787939.725177) can0 0C1#0000000000000000
(1618787939.745651) can0 0C5#0000000000000000
(1618787939.745651) can0 185#0002
(1618787939.745651) can0 1C7#0FFFAFFF00003F
(1618787939.766302) can0 1C8#C3E80FFEEFFF3C15
(1618787939.766304) can0 1E5#44FE947000000282
(1618787939.766305) can0 1C8#43E80FFEF0013C17
(1618787939.786902) can0 1E5#44FE953002000245
(1618787939.786903) can0 1E9#0000000E00000000
(1618787939.786913) can0 1E9#0000000E00000000
(1618787939.807157) can0 232#0000000001000000
(1618787939.807157) can0 3F1#00FF7D08FFF60A89
(1618787939.807158) can0 185#03FE
(1618787939.827696) can0 2C3#063706980FFFC800
(1618787939.827697) can0 1C7#0FFF700000003F
(1618787939.827697) can0 0C9#00000019FE400800
(1618787939.848142) can0 1F3#407C00
(1618787939.848142) can0 0F9#0000400000000000
(1618787939.848142) can0 1EB#0001
(1618787939.868658) can0 135#0000124A44151539
(1618787939.868659) can0 137#1201AE1400E65C5A
(1618787939.868659) can0 1F3#80BC00
(1618787939.889207) can0 32A#03F0C0A871D32440
(1618787939.889208) can0 1EB#0001
(1618787939.889208) can0 1F3#C0FC00
(1618787939.909938) can0 0C9#0000001CFE400800
(1618787939.909939) can0 451#000000000000
(1618787939.909939) can0 2F9#6300000000000C
(1618787939.930158) can0 348#0000000000
(1618787939.930158) can0 34A#0000000000
(1618787939.930159) can0 1A1#001041000000FF
(1618787939.950743) can0 1C3#063706370000FE00
(1618787939.950744) can0 1ED#8190000000001FEB
(1618787939.950744) can0 137#1201AE1400E65C5A
(1618787939.971172) can0 0C9#00000013ED400800
(1618787939.971173) can0 0F9#0000400000000000
(1618787939.971173) can0 32A#03F0C0A871D32440
(1618787939.991679) can0 1EB#0001
(1618787939.991679) can0 0F1#000100400000
(1618787939.991680) can0 0C9#0000001CCE400800
(1618787940.012178) can0 0F9#0000400000000000
(1618787940.012179) can0 1ED#8190000000001FEB
(1618787940.012179) can0 451#000000000000
(1618787940.032675) can0 1EB#0001
(1618787940.032675) can0 0F1#000100400000
(1618787940.032676) can0 0F1#280100400000
(1618787940.053344) can0 0C1#3000000030000000
(1618787940.053345) can0 0C5#3000000030000000
(1618787940.053347) can0 0C9#0000001395400800
(1618787940.073696) can0 0F9#0000400000000000
(1618787940.073697) can0 0F1#000100400000
(1618787940.073697) can0 1EB#0001
(1618787940.094192) can0 0F1#280100400000
(1618787940.094192) can0 0C1#3000000030000000
(1618787940.094193) can0 0F1#000100400000
(1618787940.114699) can0 0C1#1000000010000000
(1618787940.114699) can0 0C5#1000000010000000
(1618787940.114700) can0 0F1#280100400000
(1618787940.135207) can0 0C1#3000000030000000
(1618787940.135208) can0 0C5#3000000030000000
(1618787940.135208) can0 0F1#000000400000
(1618787940.155722) can0 0C1#1000000010000000
(1618787940.155722) can0 0C5#1000000010000000
(1618787940.155723) can0 0F9#0000400000000000
(1618787940.176210) can0 0C1#3000000030000000
(1618787940.176211) can0 0F1#280100400000
(1618787940.176211) can0 0F1#000100400000
(1618787940.196710) can0 0C1#1000000010000000
(1618787940.196711) can0 0C1#3000000030000000
(1618787940.217262) can0 0C5#3000000030000000
(1618787940.217262) can0 1C8#03E80FFEF0023C18
(1618787940.217263) can0 1C8#83E80FFEF0003C16
(1618787940.237722) can0 1E5#44FE945000000262
(1618787940.237723) can0 0C9#000000167A400800
(1618787940.237723) can0 1EB#0001
(1618787940.258229) can0 0C9#0000001C6F400800
(1618787940.258230) can0 0F9#0000400000000000
(1618787940.258230) can0 1E5#44FE945000000262
(1618787940.278884) can0 1EF#80000000
(1618787940.278886) can0 1FC#0000000000000000
(1618787940.278887) can0 1E1#00FF0500000000
(1618787940.299271) can0 0C9#000000195A400800
(1618787940.299286) can0 0F9#0000400000000000
(1618787940.299287) can0 1EB#0001
(1618787940.319775) can0 0C9#0000001346400800
(1618787940.319775) can0 0F9#0000400000000000
(1618787940.319776) can0 1EF#80000000
(1618787940.340243) can0 0C1#0000000000000000
(1618787940.340243) can0 0F1#340100400000
(1618787940.340244) can0 1F3#80BC00
(1618787940.360744) can0 0C9#0000001C32400800
(1618787940.360745) can0 0F9#0000400000000000
(1618787940.360745) can0 348#0000000000
(1618787940.381404) can0 3D1#0053800000000000
(1618787940.381404) can0 34A#0000000000
(1618787940.381405) can0 0C9#0000001923400800
(1618787940.401462) can0 0F9#0000400000000000
(1618787940.401463) can0 451#000000000000
(1618787940.401463) can0 1F3#003C00
(1618787940.421989) can0 1EB#0001
(1618787940.421990) can0 0C9#0000001317400800
(1618787940.421990) can0 0C1#2000000020000000
(1618787940.442471) can0 0F1#1C0100400000
(1618787940.442471) can0 0C5#2000000020000000
(1618787940.442472) can0 0C9#0000000D00400800
(1618787940.462507) can0 0F9#0000400000000000
(1618787940.462507) can0 1ED#8190000000001FEB
(1618787940.462508) can0 1E1#00FD0700000000
(1618787940.482550) can0 1EB#0001
(1618787940.482550) can0 0C1#2000000020000000
(1618787940.482551) can0 1F5#ED00000218008301
(1618787940.502577) can0 0C1#0000000000000000
(1618787940.502577) can0 0F1#340100400000
(1618787940.502578) can0 0C9#0000000000400800
(1618787940.523121) can0 0F9#0000400000000000
(1618787940.523122) can0 1A1#00104100000000
(1618787940.523122) can0 0C1#0000000000000000
(1618787940.543120) can0 0F1#340100400000
(1618787940.543120) can0 0C5#0000000000000000
(1618787940.543121) can0 1EF#80000000
(1618787940.563199) can0 3ED#8000000000FF
(1618787940.563200) can0 0C1#2000000020000000
(1618787940.563200) can0 1EB#0001
(1618787940.583184) can0 0C1#0000000000000000
(1618787940.583185) can0 0F1#340100400000
(1618787940.583186) can0 0C1#2000000020000000
(1618787940.603773) can0 0F1#1C0100400000
(1618787940.603774) can0 0C5#2000000020000000
(1618787940.603776) can0 0C9#0000000000400800
(1618787940.624446) can0 0F9#0000400000000000
(1618787940.624447) can0 1A1#00104100000000
(1618787940.624447) can0 0C1#2000000020000000
(1618787940.644525) can0 0F1#1C0100400000
(1618787940.644525) can0 0C5#2000000020000000
(1618787940.644526) can0 0C5#0000000000000000
(1618787940.665092) can0 185#0003
(1618787940.665093) can0 1C7#0FFFEFFE00003F
(1618787940.665093) can0 1C7#0FFF300100003F
(1618787940.685707) can0 1C8#C3E80FFEEFFF3C15
(1618787940.685708) can0 1E5#44FE947000000282
(1618787940.685708) can0 1E5#44FE943000000242
(1618787940.706191) can0 1E9#0FFC000E00000000
(1618787940.706191) can0 232#0000000001000000
(1618787940.706192) can0 1F5#ED00000218008300
(1618787940.726175) can0 185#0000
(1618787940.726176) can0 2C3#063706980FFFC800
(1618787940.726176) can0 1E1#00000400000000
(1618787940.746895) can0 0C9#0000000A00400800
(1618787940.746896) can0 0F9#0000400000000000
(1618787940.746896) can0 130#02
(1618787940.767498) can0 1EB#0001
(1618787940.767499) can0 135#0000124A4415153A
(1618787940.767499) can0 1E1#00FF0500000000
(1618787940.787981) can0 1F1#AE0A00001800007A
(1618787940.787982) can0 0C1#1000000010000000
(1618787940.787985) can0 1EB#0001
(1618787940.808672) can0 1F3#407C00
(1618787940.808673) can0 0C9#0000000D00400800
(1618787940.808673) can0 232#0000000001000000
(1618787940.829315) can0 234#01000000
(1618787940.829316) can0 2F9#F0000000000004
(1618787940.829316) can0 0F9#0000400000000000
(1618787940.849806) can0 1A1#00104100000001
(1618787940.849807) can0 530#00000000
(1618787940.849807) can0 1EB#0001
(1618787940.870304) can0 137#1201ADB000E65C5A
(1618787940.870305) can0 0C9#0000000000400800
(1618787940.870305) can0 32A#03F0C0A871D32440
(1618787940.890350) can0 0C1#3000000030000000
(1618787940.890351) can0 0C5#3000000030000000
(1618787940.890351) can0 0C9#0000000D00400800
(1618787940.910385) can0 0F9#0000400000000000
(1618787940.910386) can0 1ED#8190000000001FEB
(1618787940.910386) can0 451#000000000000
(1618787940.930889) can0 0C1#3000000030000000
(1618787940.930889) can0 0F1#280100400000
(1618787940.930890) can0 0C1#1000000010000000
(1618787940.950932) can0 0C5#1000000010000000
(1618787940.950933) can0 0F1#000100400000
(1618787940.950933) can0 1EB#0001
(1618787940.971429) can0 0C9#0000000000400800
(1618787940.971430) can0 0F9#0000400000000000
(1618787940.971430) can0 0C1#1000000010000000
(1618787940.991462) can0 0C5#1000000010000000
(1618787940.991463) can0 0F1#000100400000
(1618787940.991463) can0 0C1#3000000030000000
(1618787941.011600) can0 0C5#3000000030000000
(1618787941.011601) can0 0F1#280100400000
(1618787941.011602) can0 0C1#1000000010000000
(1618787941.032001) can0 0C5#1000000010000000
(1618787941.032002) can0 0F1#000100400000
(1618787941.032002) can0 0C1#3000000030000000
(1618787941.052516) can0 0C5#3000000030000000
(1618787941.052516) can0 0F1#280100400000
(1618787941.052517) can0 0F1#000100400000
(1618787941.073057) can0 0C5#1000000010000000
(1618787941.073058) can0 1C3#0637063700000000
(1618787941.073059) can0 1E5#44FE941000000222
(1618787941.093581) can0 3C9#0766000000000000
(1618787941.093581) can0 1EB#0001
(1618787941.093582) can0 1EB#0001
(1618787941.114085) can0 0C9#0000000000400800
(1618787941.114086) can0 0F9#0000400000000000
(1618787941.114086) can0 1EB#0001
(1618787941.134695) can0 0C9#0000000700400800
(1618787941.134696) can0 0F9#0000400000000000
(1618787941.134696) can0 1EB#0001
(1618787941.155273) can0 0C9#0000000D00400800
(1618787941.155273) can0 0F9#0000400000000000
(1618787941.155274) can0 214#000000000000
(1618787941.175301) can0 2C3#063706980FFFC800
(1618787941.175302) can0 139#0000000000000000
(1618787941.175302) can0 1EB#0001
(1618787941.195557) can0 0C9#0000000A00400800
(1618787941.195560) can0 0F9#0000400000000000
(1618787941.195561) can0 1EB#0001
(1618787941.216122) can0 0C9#0000000000400800
(1618787941.216124) can0 0F9#0000400000000000
(1618787941.216125) can0 0C1#2000000020000000
(1618787941.236625) can0 0C5#2000000020000000
(1618787941.236626) can0 0F1#1C0100400000
(1618787941.236626) can0 1F3#003C00
(1618787941.257147) can0 1EB#0001
(1618787941.257147) can0 0C9#0000000D00400800
(1618787941.257148) can0 160#F896EDBA03
(1618787941.277385) can0 1F1#AE0A00001800007A
(1618787941.277387) can0 0C1#2000000020000000
(1618787941.277387) can0 1C3#0637063700000000
(1618787941.297841) can0 3F1#00FF7D08FFF60A89
(1618787941.297842) can0 1ED#8190000000001FEB
(1618787941.297843) can0 451#000000000000
(1618787941.318304) can0 0C9#0000000004400800
(1618787941.318305) can0 1EB#0001
(1618787941.318306) can0 0C1#0000000000000000
(1618787941.338759) can0 0C5#0000000000000000
(1618787941.338760) can0 0F1#340100400000
(1618787941.338760) can0 0C9#0000001C09400800
(1618787941.359264) can0 0F9#0000400000000000
(1618787941.359264) can0 1EB#0001
(1618787941.359265) can0 1E1#00FF0500000000
(1618787941.379784) can0 0C1#0000000000000000
(1618787941.379784) can0 0C5#0000000000000000
(1618787941.379785) can0 0C1#2000000020000000
(1618787941.400270) can0 0C5#2000000020000000
(1618787941.400270) can0 185#0000
(1618787941.400271) can0 0C9#0000001311400800
(1618787941.420808) can0 0F9#0000400000000000
(1618787941.420809) can0 1A1#0010410000001A
(1618787941.420809) can0 0C1#2000000020000000
(1618787941.441304) can0 0C5#2000000020000000
(1618787941.441305) can0 185#0000
(1618787941.441305) can0 0C1#0000000000000000
(1618787941.461820) can0 0C5#0000000000000000
(1618787941.461821) can0 185#03FF
(1618787941.461821) can0 0C5#2000000020000000
(1618787941.482365) can0 185#03FF
(1618787941.482367) can0 0F1#1C0100400000
(1618787941.482367) can0 0F1#340100400000
(1618787941.502847) can0 1C7#0FFF700000003F
(1618787941.502848) can0 1C8#43E80FFEF0013C17
(1618787941.502849) can0 17D#222442B40000
(1618787941.523309) can0 1EB#0001
(1618787941.523310) can0 182#EDBA01
(1618787941.523310) can0 1E9#0000000E00000000
(1618787941.543323) can0 232#0000000001000000
(1618787941.543324) can0 451#000000000000
(1618787941.543326) can0 12A#50E6705D00009080
(1618787941.564220) can0 135#0000124A4415153B
(1618787941.564222) can0 0F9#0000400000000000
(1618787941.584378) can0 1ED#8190000000001FEB
(1618787941.584380) can0 1EF#80000000
(1618787941.584381) can0 451#000000000000
(1618787941.604957) can0 0C9#0000001C56400800
(1618787941.604958) can0 0F9#0000400000000000
(1618787941.604959) can0 1E9#0000000E00000000
(1618787941.625409) can0 1FC#0000000000000000
(1618787941.625410) can0 214#000000000000
(1618787941.625411) can0 0C9#0000001967400800
(1618787941.645455) can0 0F9#0000400000000000
(1618787941.645456) can0 1A1#0010410000006D
(1618787941.645457) can0 135#0000124A4415153B
(1618787941.665908) can0 137#1201AD4C00E65C5A
(1618787941.665909) can0 0C9#0000001373400800
(1618787941.665909) can0 1F3#80BC00
(1618787941.686405) can0 32A#03F0C0A871D32440
(1618787941.686406) can0 0C1#3000000030000000
(1618787941.686406) can0 1F3#C0FC00
(1618787941.706903) can0 0C9#0000001C7B400800
(1618787941.706904) can0 0F9#0000400000000000
(1618787941.706904) can0 773#00280000000000
(1618787941.727462) can0 780#00000000000000
(1618787941.727462) can0 0C1#3000000030000000
(1618787941.727463) can0 1EB#0001
(1618787941.747475) can0 0C1#1000000010000000
(1618787941.747475) can0 0C5#1000000010000000
(1618787941.747475) can0 135#0000124A4415153B
(1618787941.767948) can0 0C9#0000001385400800
(1618787941.767949) can0 0F9#0000400000000000
(1618787941.767949) can0 1F1#AE0A00001800007A
(1618787941.788528) can0 0C1#1000000010000000
(1618787941.788529) can0 0C5#1000000010000000
(1618787941.788537) can0 1EF#80000000
(1618787941.809108) can0 3F1#00FF7D08FFF60A89
(1618787941.809109) can0 3ED#8000000000FF
(1618787941.809110) can0 0C1#1000000010000000
(1618787941.829490) can0 0C5#1000000010000000
(1618787941.829491) can0 1C8#83E80FFEF0003C16
(1618787941.829491) can0 0C1#3000000030000000
(1618787941.849987) can0 0C5#3000000030000000
(1618787941.849988) can0 1C8#03E80FFEF0023C18
(1618787941.849988) can0 0C9#0000001393400800
(1618787941.870591) can0 0F9#0000400000000000
(1618787941.870592) can0 1A1#00104100000098
(1618787941.870592) can0 0C1#3000000030000000
(1618787941.891002) can0 0C5#3000000030000000
(1618787941.891003) can0 1C8#03E80FFEF0023C18
(1618787941.891003) can0 1EB#0001
(1618787941.911494) can0 0C1#1000000010000000
(1618787941.911494) can0 0C5#1000000010000000
(1618787941.911495) can0 0C1#3000000030000000
(1618787941.932030) can0 0C5#3000000030000000
(1618787941.932031) can0 1C8#03E80FFEF0023C18
(1618787941.932031) can0 0C1#1000000010000000
(1618787941.952519) can0 0C5#1000000010000000
(1618787941.952520) can0 1C8#83E80FFEF0003C16
(1618787941.952520) can0 0C9#00000013B6400800
(1618787941.973030) can0 0F9#0000400000000000
(1618787941.973031) can0 1A1#001041000000BA
(1618787941.973031) can0 0C1#1000000010000000
(1618787941.993538) can0 0C5#1000000010000000
(1618787941.993539) can0 1C8#83E80FFEF0003C16
(1618787941.993539) can0 0C1#3000000030000000
(1618787942.014021) can0 0C5#3000000030000000
(1618787942.014022) can0 1C8#03E80FFEF0023C18
(1618787942.014022) can0 1E5#44FE945000000262
(1618787942.034534) can0 0F1#000100400000
(1618787942.034535) can0 0C9#00000016D0400800
(1618787942.034536) can0 0F1#280100400000
(1618787942.055049) can0 0C9#0000001CDA400800
(1618787942.055050) can0 0F9#0000400000000000
(1618787942.055051) can0 1ED#8190000000001FEB
(1618787942.075661) can0 1E5#44FE945FFD00036E
(1618787942.075662) can0 1EF#80000000
(1618787942.075662) can0 1E1#00FF0500000000
(1618787942.096033) can0 0C9#00000019E7400800
(1618787942.096034) can0 0F9#0000400000000000
(1618787942.096034) can0 451#000000000000
(1618787942.116527) can0 0C9#00000013EC400800
(1618787942.116528) can0 0F9#0000400000000000
(1618787942.116528) can0 1ED#8190000000001FEB
(1618787942.137117) can0 1EF#80000000
(1618787942.137118) can0 1EB#0001
(1618787942.137118) can0 1E1#00FD0700000000
(1618787942.157618) can0 1F3#80BC00
(1618787942.157622) can0 0C9#0000001CF3400800
(1618787942.157623) can0 348#0000000000
(1618787942.178044) can0 3D1#00D6800000000000
(1618787942.178046) can0 34A#0000000000
(1618787942.178046) can0 0C9#00000019FA400800
(1618787942.198547) can0 0F9#0000400000000000
(1618787942.198548) can0 1A1#001041000000FC
(1618787942.198549) can0 1F3#003C00
(1618787942.219120) can0 0C9#00000013FE400800
(1618787942.219125) can0 0F9#0000400000000000
(1618787942.219125) can0 0C1#2000000020000000
(1618787942.239656) can0 0C5#2000000020000000
(1618787942.239656) can0 185#0000
(1618787942.239657) can0 0C9#0000001CFE400800
(1618787942.260067) can0 0F9#0000400000000000
(1618787942.260068) can0 1ED#8190000000001FEB
(1618787942.260068) can0 1E1#00FD0700000000
(1618787942.280566) can0 0C1#2000000020000000
(1618787942.280566) can0 0C5#2000000020000000
(1618787942.280567) can0 451#000000000000
(1618787942.302878) can0 1EB#0001
(1618787942.302879) can0 0C1#0000000000000000
(1618787942.302879) can0 0C9#00000013FE400800
(1618787942.321609) can0 0F9#0000400000000000
(1618787942.321610) can0 1A1#001041000000FF
(1618787942.321610) can0 0C1#0000000000000000
(1618787942.342092) can0 0C5#0000000000000000
(1618787942.342093) can0 185#03FE
(1618787942.342094) can0 0F9#0000400000000000
(1618787942.362691) can0 1ED#8190000000001FEB
(1618787942.362692) can0 1EF#80000000
(1618787942.362693) can0 1E1#00FE0600000000
(1618787942.383104) can0 0C1#0000000000000000
(1618787942.383105) can0 0C5#0000000000000000
(1618787942.383105) can0 3C9#0766000000000000
(1618787942.403707) can0 1EB#0001
(1618787942.403709) can0 0C1#2000000020000000
(1618787942.403709) can0 0C9#00000013FE400800
(1618787942.424131) can0 0F9#0000400000000000
(1618787942.424135) can0 1A1#001041000000FF
(1618787942.424136) can0 0C1#2000000020000000
(1618787942.444642) can0 0C5#2000000020000000
(1618787942.444643) can0 185#0000
(1618787942.444643) can0 0C1#0000000000000000
(1618787942.465085) can0 0C5#0000000000000000
(1618787942.465086) can0 185#0001
(1618787942.465087) can0 0C1#2000000020000000
(1618787942.485779) can0 0C5#2000000020000000
(1618787942.485780) can0 185#03FE
(1618787942.485781) can0 0C5#0000000000000000
(1618787942.506099) can0 185#03FF
(1618787942.506099) can0 1C7#0FFFEFFE00003F
(1618787942.506100) can0 1C3#063706370000FE00
(1618787942.526598) can0 0C5#2000000020000000
(1618787942.526599) can0 1ED#8190000000001FEB
(1618787942.526600) can0 0F1#340100400000
(1618787942.547168) can0 1E5#44FE943000000242
(1618787942.547169) can0 1E9#0000000E0FFF0000
(1618787942.547170) can0 1E9#0000000E0FFF0000
(1618787942.567697) can0 232#0000000001000000
(1618787942.567698) can0 1EB#0001
(1618787942.567698) can0 1E9#0000000E00000000
(1618787942.588090) can0 232#0000000001000000
(1618787942.588091) can0 0C9#00000016FE400800
(1618787942.588092) can0 232#0000000001000000
(1618787942.608635) can0 1E1#00FE0600000000
(1618787942.608635) can0 1F3#407C00
(1618787942.608636) can0 1C7#0FFF700000003F
(1618787942.629187) can0 1C8#43E80FFEF0013C17
(1618787942.629188) can0 1E5#44FE943000000242
(1618787942.629188) can0 451#000000000000
(1618787942.649743) can0 0C9#00000019FE400800
(1618787942.649744) can0 0F9#0000400000000000
(1618787942.649745) can0 12A#50E6705D000090B0
(1618787942.670207) can0 135#0000124A44151500
(1618787942.670207) can0 137#1301ACE800E65C5A
(1618787942.670208) can0 1F1#AE0A00001800007A
(1618787942.690707) can0 1F3#C0FC00
(1618787942.690707) can0 1EB#0001
(1618787942.690708) can0 0C9#0000001CFE400800
(1618787942.711211) can0 0F9#0000400000000000
(1618787942.711212) can0 1ED#8190000000001FEB
(1618787942.711213) can0 234#01000000
(1618787942.731731) can0 2F9#2300000000000C
(1618787942.731732) can0 348#0000000000
(1618787942.731732) can0 1A1#001041000000FF
(1618787942.752466) can0 1C3#063706370000FE00
(1618787942.752468) can0 1ED#8190000000001FEB
(1618787942.752469) can0 12A#50E6705D00009080
(1618787942.772903) can0 130#02
(1618787942.772905) can0 0C9#00000013FE400800
(1618787942.772906) can0 160#F896EDBA03
(1618787942.793354) can0 1EB#0001
(1618787942.793364) can0 1E1#00000400000000
(1618787942.793365) can0 0C9#0000001CFE400800
(1618787942.813871) can0 0F9#0000400000000000
(1618787942.813872) can0 1ED#8190000000001FEB
(1618787942.813873) can0 4E9#E120044B5700
(1618787942.834273) can0 0C1#1000000010000000
(1618787942.834274) can0 0C5#1000000010000000
(1618787942.834275) can0 451#000000000000
(1618787942.854776) can0 0C1#3000000030000000
(1618787942.854777) can0 0C5#3000000030000000
(1618787942.854778) can0 137#1301ACE800E65C5A
(1618787942.875241) can0 0C9#00000013FE400800
(1618787942.875242) can0 0F9#0000400000000000
(1618787942.875242) can0 32A#03F0C0A871D32440
(1618787942.895724) can0 0C1#3000000030000000
(1618787942.895724) can0 0C5#3000000030000000
(1618787942.895725) can0 778#00310000000000
(1618787942.916225) can0 0C1#1000000010000000
(1618787942.916226) can0 0C5#1000000010000000
(1618787942.916226) can0 0C1#3000000030000000
(1618787942.936725) can0 0C5#3000000030000000
(1618787942.936725) can0 0C1#1000000010000000
(1618787942.957238) can0 0C5#1000000010000000
(1618787942.957238) can0 1C8#83E80FFEF0003C16
(1618787942.957239) can0 1C3#063706370000FE00
(1618787942.977802) can0 0C5#3000000030000000
(1618787942.977803) can0 1ED#8190000000001FEB
(1618787942.977803) can0 1E5#44FE955002000265
(1618787942.998230) can0 0F1#000100400000
(1618787942.998231) can0 1E1#00FD0700000000
(1618787942.998231) can0 0F1#280100400000
(1618787943.018713) can0 3F1#00FF7D08FFF60A89
(1618787943.018714) can0 1EB#0001
(1618787943.018714) can0 0C9#00000016FE400800
(1618787943.038805) can0 0F9#0000400000000000
(1618787943.038806) can0 1ED#8190000000001FEB
(1618787943.038806) can0 1EB#0001
(1618787943.059430) can0 1E1#00FF0500000000
(1618787943.059431) can0 1F3#003C00
(1618787943.059432) can0 1FC#0000000000000000
(1618787943.079970) can0 2C3#063706980FFFC900
(1618787943.079971) can0 214#000000000000
(1618787943.079972) can0 3C9#0766000000000000
(1618787943.100491) can0 0C9#00000019FE400800
(1618787943.100491) can0 0F9#0000400000000000
(1618787943.100492) can0 1E1#00FD0700000000
(1618787943.120993) can0 1EB#0001
(1618787943.120994) can0 1F3#80BC00
(1618787943.120994) can0 1EB#0001
(1618787943.141371) can0 0C1#0000000000000000
(1618787943.141372) can0 0C5#0000000000000000
(1618787943.141372) can0 0C9#0000001CFE400800
(1618787943.161882) can0 0F9#0000400000000000
(1618787943.161883) can0 1ED#8190000000001FEB
(1618787943.161883) can0 34A#0000000000
