(0000000000.002300) vcan0 308#00000006043FFF00
(0000000000.012700) vcan0 308#00000046053FFF00
(0000000000.017300) vcan0 210#3600008080000000
(0000000000.022500) vcan0 308#00000046053FFF00
(0000000000.032700) vcan0 308#00000006043FFF00
(0000000000.037300) vcan0 210#3600000000000000
(0000000000.042400) vcan0 308#00000006043FFF00
(0000000000.052700) vcan0 308#00000046053FFF00
(0000000000.057300) vcan0 210#3600000000000000
(0000000000.062500) vcan0 308#00000046053FFF00
(0000000000.072700) vcan0 308#00000006043FFF00
(0000000000.077300) vcan0 210#3500008080000000
(0000000000.082500) vcan0 308#00000006043FFF00
(0000000000.092700) vcan0 308#00000046053FFF00
(0000000000.097300) vcan0 210#3300008080000000
(0000000000.102500) vcan0 308#00000046053FFF00
(0000000000.112700) vcan0 308#00000006043FFF00
(0000000000.117400) vcan0 210#3300000000000000
(0000000000.122600) vcan0 308#00000006043FFF00
(0000000000.132700) vcan0 308#00000046053FFF00
(0000000000.137400) vcan0 210#3300000000000000
(0000000000.142600) vcan0 308#00000046053FFF00
(0000000000.152800) vcan0 308#00000006043FFF00
(0000000000.157400) vcan0 210#3200008080000000
(0000000000.162600) vcan0 308#00000006043FFF00
(0000000000.172800) vcan0 308#00000046053FFF00
(0000000000.177400) vcan0 210#2A00008080000000
(0000000000.182600) vcan0 308#00000046053FFF00
(0000000000.192800) vcan0 308#00000006043FFF00
(0000000000.197400) vcan0 210#1F00000000000000
(0000000000.202600) vcan0 308#00000006043FFF00
(0000000000.212800) vcan0 308#00000046053FFF00
(0000000000.217400) vcan0 210#1700000000000000
(0000000000.222600) vcan0 308#00000046053FFF00
(0000000000.232800) vcan0 308#00000006043FFF00
(0000000000.237400) vcan0 210#1700008080000000
(0000000000.242600) vcan0 308#00000006043FFF00
(0000000000.252800) vcan0 308#00000046053FFF00
(0000000000.257399) vcan0 210#1700008080000000
(0000000000.262600) vcan0 308#00000046053FFF00
(0000000000.272800) vcan0 308#00000006043FFF00
(0000000000.277400) vcan0 210#1700000000000000
(0000000000.282400) vcan0 308#00000006043FFF00
(0000000000.292700) vcan0 308#00000046053FFF00
(0000000000.297400) vcan0 210#1700000000000000
(0000000000.302500) vcan0 308#00000046053FFF00
(0000000000.312700) vcan0 308#00000006043FFF00
(0000000000.317400) vcan0 210#1700008080000000
(0000000000.322400) vcan0 308#00000006043FFF00
(0000000000.332800) vcan0 308#00000046053FFF00
(0000000000.337400) vcan0 210#1700008080000000
(0000000000.342600) vcan0 308#00000046053FFF00
(0000000000.352800) vcan0 308#00000006043FFF00
(0000000000.357400) vcan0 210#1700000000000000
(0000000000.362600) vcan0 308#00000006043FFF00
(0000000000.372800) vcan0 308#00000046053FFF00
(0000000000.377400) vcan0 210#1700000000000000
(0000000000.382600) vcan0 308#00000046053FFF00
(0000000000.392800) vcan0 308#00000006043FFF00
(0000000000.397400) vcan0 210#1700008080000000
(0000000000.402700) vcan0 308#00000006043FFF00
(0000000000.412900) vcan0 308#00000046053FFF00
(0000000000.417500) vcan0 210#1700008080000000
(0000000000.422800) vcan0 308#00000046053FFF00
(0000000000.432800) vcan0 308#00000006043FFF00
(0000000000.437400) vcan0 210#1700000000000000
(0000000000.442600) vcan0 308#00000006043FFF00
(0000000000.452900) vcan0 308#00000046053FFF00
(0000000000.457500) vcan0 210#1700000000000000
(0000000000.462700) vcan0 308#00000046053FFF00
(0000000000.472900) vcan0 308#00000006043FFF00
(0000000000.477400) vcan0 210#1700008080000000
(0000000000.482600) vcan0 308#00000006043FFF00
(0000000000.492900) vcan0 308#00000046053FFF00
(0000000000.497500) vcan0 210#1700008080000000
(0000000000.502700) vcan0 308#00000046053FFF00
(0000000000.512799) vcan0 308#00000006043FFF00
(0000000000.517400) vcan0 210#1700000000000000
(0000000000.522400) vcan0 308#00000006043FFF00
(0000000000.532900) vcan0 308#00000046053FFF00
(0000000000.537600) vcan0 210#1700000000000000
(0000000000.542700) vcan0 308#00000046053FFF00
(0000000000.552900) vcan0 308#00000006043FFF00
(0000000000.557400) vcan0 210#1700008080000000
(0000000000.562600) vcan0 308#00000006043FFF00
(0000000000.572800) vcan0 308#00000046053FFF00
(0000000000.577500) vcan0 210#1700008080000000
(0000000000.582500) vcan0 308#00000046053FFF00
(0000000000.592600) vcan0 308#00000006043FFF00
(0000000000.597500) vcan0 210#1700000000000000
(0000000000.602500) vcan0 308#00000006043FFF00
(0000000000.613100) vcan0 308#00000046053FFF00
(0000000000.617500) vcan0 210#1700000000000000
(0000000000.622500) vcan0 308#00000046053FFF00
(0000000000.632600) vcan0 308#00000006043FFF00
(0000000000.637500) vcan0 210#1700008080000000
(0000000000.642500) vcan0 308#00000006043FFF00
(0000000000.653000) vcan0 308#00000046053FFF00
(0000000000.657500) vcan0 210#1700008080000000
(0000000000.662400) vcan0 308#00000046053FFF00
(0000000000.673000) vcan0 308#00000006043FFF00
(0000000000.677500) vcan0 210#1700000000000000
(0000000000.682600) vcan0 308#00000006043FFF00
(0000000000.692600) vcan0 308#00000046053FFF00
(0000000000.697500) vcan0 210#1700000000000000
(0000000000.702600) vcan0 308#00000046053FFF00
(0000000000.712600) vcan0 308#00000006043FFF00
(0000000000.717500) vcan0 210#1700008080000000
(0000000000.722500) vcan0 308#00000006043FFF00
(0000000000.732500) vcan0 308#00000046053FFF00
(0000000000.737500) vcan0 210#1700008080000000
(0000000000.742500) vcan0 308#00000046053FFF00
(0000000000.753400) vcan0 308#00000006043FFF00
(0000000000.757500) vcan0 210#1700000000000000
(0000000000.762500) vcan0 308#00000006043FFF00
(0000000000.772600) vcan0 308#00000046053FFF00
(0000000000.777500) vcan0 210#1700000000000000
(0000000000.782500) vcan0 308#00000046053FFF00
(0000000000.792500) vcan0 308#00000006043FFF00
(0000000000.797500) vcan0 210#1700008080000000
(0000000000.802500) vcan0 308#00000006043FFF00
(0000000000.813100) vcan0 308#00000046053FFF00
(0000000000.817500) vcan0 210#1700008080000000
(0000000000.822500) vcan0 308#00000046053FFF00
(0000000000.833100) vcan0 308#00000006043FFF00
(0000000000.837500) vcan0 210#1700000000000000
(0000000000.842500) vcan0 308#00000006043FFF00
(0000000000.852600) vcan0 308#00000046053FFF00
(0000000000.857500) vcan0 210#1700000000000000
(0000000000.862500) vcan0 308#00000046053FFF00
(0000000000.872500) vcan0 308#00000006043FFF00
(0000000000.877500) vcan0 210#1700008080000000
(0000000000.882500) vcan0 308#00000006043FFF00
(0000000000.892600) vcan0 308#00000046053FFF00
(0000000000.897500) vcan0 210#1700008080000000
(0000000000.902600) vcan0 308#00000046053FFF00
(0000000000.912600) vcan0 308#00000006043FFF00
(0000000000.917500) vcan0 210#1700000000000000
(0000000000.922600) vcan0 308#00000006043FFF00
(0000000000.933100) vcan0 308#00000046053FFF00
(0000000000.937500) vcan0 210#1700000000000000
(0000000000.942600) vcan0 308#00000046053FFF00
(0000000000.952500) vcan0 308#00000006043FFF00
(0000000000.957500) vcan0 210#1700008080000000
(0000000000.962500) vcan0 308#00000006043FFF00
(0000000000.972500) vcan0 308#00000046053FFF00
(0000000000.977500) vcan0 210#1700008080000000
(0000000000.982500) vcan0 308#00000046053FFF00
(0000000000.992500) vcan0 308#00000006043FFF00
(0000000000.997500) vcan0 210#1700000000000000
(0000000001.002599) vcan0 308#00000006043FFF00
(0000000001.012600) vcan0 308#00000046053FFF00
(0000000001.017600) vcan0 210#1700000000000000
(0000000001.022600) vcan0 308#00000046053FFF00
(0000000001.032700) vcan0 308#00000006043FFF00
(0000000001.037598) vcan0 210#1700008080000000
(0000000001.042599) vcan0 308#00000006043FFF00
(0000000001.052600) vcan0 308#00000046053FFF00
(0000000001.057600) vcan0 210#1700008080000000
(0000000001.062600) vcan0 308#00000046053FFF00
(0000000001.072700) vcan0 308#00000006043FFF00
(0000000001.077600) vcan0 210#1700000000000000
(0000000001.082600) vcan0 308#00000006043FFF00
(0000000001.092700) vcan0 308#00000046053FFF00
(0000000001.097600) vcan0 210#1700000000000000
(0000000001.102600) vcan0 308#00000046053FFF00
(0000000001.113200) vcan0 308#00000006043FFF00
(0000000001.117700) vcan0 210#1700008080000000
(0000000001.122700) vcan0 308#00000006043FFF00
(0000000001.132800) vcan0 308#00000046053FFF00
(0000000001.137700) vcan0 210#1700008080000000
(0000000001.142700) vcan0 308#00000046053FFF00
(0000000001.152800) vcan0 308#00000006043FFF00
(0000000001.157700) vcan0 210#1700000000000000
(0000000001.162700) vcan0 308#00000006043FFF00
(0000000001.173500) vcan0 308#00000046053FFF00
(0000000001.177700) vcan0 210#1700000000000000
(0000000001.183200) vcan0 308#00000046053FFF00
(0000000001.193600) vcan0 308#00000006043FFF00
(0000000001.197700) vcan0 210#1700008080000000
(0000000001.202700) vcan0 308#00000006043FFF00
(0000000001.213300) vcan0 308#00000046053FFF00
(0000000001.217800) vcan0 210#1700008080000000
(0000000001.222800) vcan0 308#00000046053FFF00
(0000000001.232700) vcan0 308#00000006043FFF00
(0000000001.237700) vcan0 210#1700000000000000
(0000000001.242700) vcan0 308#00000006043FFF00
(0000000001.253300) vcan0 308#00000046053FFF00
(0000000001.257800) vcan0 210#1700000000000000
(0000000001.262900) vcan0 308#00000046053FFF00
(0000000001.272800) vcan0 308#00000006043FFF00
(0000000001.277700) vcan0 210#1700008080000000
(0000000001.282800) vcan0 308#00000006043FFF00
(0000000001.292800) vcan0 308#00000046053FFF00
(0000000001.297800) vcan0 210#1700008080000000
(0000000001.302800) vcan0 308#00000046053FFF00
(0000000001.312900) vcan0 308#00000006043FFF00
(0000000001.317700) vcan0 210#1700000000000000
(0000000001.322700) vcan0 308#00000006043FFF00
(0000000001.332900) vcan0 308#00000046053FFF00
(0000000001.337800) vcan0 210#1700000000000000
(0000000001.342800) vcan0 308#00000046053FFF00
(0000000001.352700) vcan0 308#00000006043FFF00
(0000000001.357700) vcan0 210#1700008080000000
(0000000001.362900) vcan0 308#00000006043FFF00
(0000000001.372800) vcan0 308#00000046053FFF00
(0000000001.377800) vcan0 210#1700008080000000
(0000000001.382800) vcan0 308#00000046053FFF00
(0000000001.392800) vcan0 308#00000006043FFF00
(0000000001.397800) vcan0 210#1700000000000000
(0000000001.402900) vcan0 308#00000006043FFF00
(0000000001.412800) vcan0 308#00000046053FFF00
(0000000001.417800) vcan0 210#1700000000000000
(0000000001.422800) vcan0 308#00000046053FFF00
(0000000001.432800) vcan0 308#00000006043FFF00
(0000000001.437800) vcan0 210#1700008080000000
(0000000001.442800) vcan0 308#00000006043FFF00
(0000000001.453300) vcan0 308#00000046053FFF00
(0000000001.457800) vcan0 210#1700008080000000
(0000000001.462900) vcan0 308#00000046053FFF00
(0000000001.472900) vcan0 308#00000006043FFF00
(0000000001.477800) vcan0 210#1700000000000000
(0000000001.482800) vcan0 308#00000006043FFF00
(0000000001.492900) vcan0 308#00000046053FFF00
(0000000001.497800) vcan0 210#1700000000000000
(0000000001.502800) vcan0 308#00000046053FFF00
(0000000001.512900) vcan0 308#00000006043FFF00
(0000000001.517800) vcan0 210#1700008080000000
(0000000001.522800) vcan0 308#00000006043FFF00
(0000000001.532800) vcan0 308#00000046053FFF00
(0000000001.537800) vcan0 210#1700008080000000
(0000000001.542800) vcan0 308#00000046053FFF00
(0000000001.552800) vcan0 308#00000006043FFF00
(0000000001.557800) vcan0 210#1700000000000000
(0000000001.562800) vcan0 308#00000006043FFF00
(0000000001.572800) vcan0 308#00000046053FFF00
(0000000001.577800) vcan0 210#1700000000000000
(0000000001.582800) vcan0 308#00000046053FFF00
(0000000001.593400) vcan0 308#00000006043FFF00
(0000000001.597800) vcan0 210#1700008080000000
(0000000001.603100) vcan0 308#00000006043FFF00
(0000000001.612800) vcan0 308#00000046053FFF00
(0000000001.617800) vcan0 210#1700008080000000
(0000000001.622900) vcan0 308#00000046053FFF00
(0000000001.632900) vcan0 308#00000006043FFF00
(0000000001.637800) vcan0 210#1700000000000000
(0000000001.642800) vcan0 308#00000006043FFF00
(0000000001.652900) vcan0 308#00000046053FFF00
(0000000001.657800) vcan0 210#1700000000000000
(0000000001.662800) vcan0 308#00000046053FFF00
(0000000001.672900) vcan0 308#00000006043FFF00
(0000000001.677800) vcan0 210#1700008080000000
(0000000001.682800) vcan0 308#00000006043FFF00
(0000000001.692800) vcan0 308#00000046053FFF00
(0000000001.697800) vcan0 210#1700008080000000
(0000000001.702800) vcan0 308#00000046053FFF00
(0000000001.712900) vcan0 308#00000006043FFF00
(0000000001.717800) vcan0 210#1700000000000000
(0000000001.722800) vcan0 308#00000006043FFF00
(0000000001.733300) vcan0 308#00000046053FFF00
(0000000001.737800) vcan0 210#1700000000000000
(0000000001.742900) vcan0 308#00000046053FFF00
(0000000001.753300) vcan0 308#00000006043FFF00
(0000000001.757800) vcan0 210#1700008080000000
(0000000001.762800) vcan0 308#00000006043FFF00
(0000000001.773300) vcan0 308#00000046053FFF00
(0000000001.777800) vcan0 210#1700008080000000
(0000000001.782800) vcan0 308#00000046053FFF00
(0000000001.792800) vcan0 308#00000006043FFF00
(0000000001.797800) vcan0 210#1700000000000000
(0000000001.802800) vcan0 308#00000006043FFF00
(0000000001.812800) vcan0 308#00000046053FFF00
(0000000001.818000) vcan0 210#1700000000000000
(0000000001.822800) vcan0 308#00000046053FFF00
(0000000001.832800) vcan0 308#00000006043FFF00
(0000000001.837800) vcan0 210#1700008080000000
(0000000001.842800) vcan0 308#00000006043FFF00
(0000000001.852900) vcan0 308#00000046053FFF00
(0000000001.857800) vcan0 210#1700008080000000
(0000000001.862900) vcan0 308#00000046053FFF00
(0000000001.872800) vcan0 308#00000006043FFF00
(0000000001.877800) vcan0 210#1700000000000000
(0000000001.882900) vcan0 308#00000006043FFF00
(0000000001.892800) vcan0 308#00000046053FFF00
(0000000001.897800) vcan0 210#1700000000000000
(0000000001.902800) vcan0 308#00000046053FFF00
(0000000001.912900) vcan0 308#00000006043FFF00
(0000000001.917800) vcan0 210#1700008080000000
(0000000001.922800) vcan0 308#00000006043FFF00
(0000000001.933300) vcan0 308#00000046053FFF00
(0000000001.937800) vcan0 210#1700008080000000
(0000000001.942900) vcan0 308#00000046053FFF00
(0000000001.952800) vcan0 308#00000006043FFF00
(0000000001.957800) vcan0 210#1700000000000000
(0000000001.962800) vcan0 308#00000006043FFF00
(0000000001.972900) vcan0 308#00000046053FFF00
(0000000001.977800) vcan0 210#1700000000000000
(0000000001.982800) vcan0 308#00000046053FFF00
(0000000001.993300) vcan0 308#00000006043FFF00
(0000000001.997800) vcan0 210#1700008080000000
(0000000002.002900) vcan0 308#00000006043FFF00
(0000000002.013300) vcan0 308#00000046053FFF00
(0000000002.017799) vcan0 210#1700008080000000
(0000000002.023100) vcan0 308#00000046053FFF00
(0000000002.033599) vcan0 308#00000006043FFF00
(0000000002.037799) vcan0 210#1700000000000000
(0000000002.042800) vcan0 308#00000006043FFF00
(0000000002.052900) vcan0 308#00000046053FFF00
(0000000002.057799) vcan0 210#1700000000000000
(0000000002.062800) vcan0 308#00000046053FFF00
(0000000002.072900) vcan0 308#00000006043FFF00
(0000000002.077799) vcan0 210#1700008080000000
(0000000002.082800) vcan0 308#00000006043FFF00
(0000000002.092900) vcan0 308#00000046053FFF00
(0000000002.097900) vcan0 210#1700008080000000
(0000000002.102800) vcan0 308#00000046053FFF00
(0000000002.112900) vcan0 308#00000006043FFF00
(0000000002.117800) vcan0 210#1700000000000000
(0000000002.122900) vcan0 308#00000006043FFF00
(0000000002.132900) vcan0 308#00000046053FFF00
(0000000002.137800) vcan0 210#1700000000000000
(0000000002.142900) vcan0 308#00000046053FFF00
(0000000002.152900) vcan0 308#00000006043FFF00
(0000000002.157800) vcan0 210#1700008080000000
(0000000002.162900) vcan0 308#00000006043FFF00
(0000000002.172900) vcan0 308#00000046053FFF00
(0000000002.177800) vcan0 210#1700008080000000
(0000000002.182900) vcan0 308#00000046053FFF00
(0000000002.192900) vcan0 308#00000006043FFF00
(0000000002.197900) vcan0 210#1700000000000000
(0000000002.202900) vcan0 308#00000006043FFF00
(0000000002.212900) vcan0 308#00000046053FFF00
(0000000002.217900) vcan0 210#1700000000000000
(0000000002.222800) vcan0 308#00000046053FFF00
(0000000002.232900) vcan0 308#00000006043FFF00
(0000000002.237900) vcan0 210#1700008080000000
(0000000002.242900) vcan0 308#00000006043FFF00
(0000000002.252900) vcan0 308#00000046053FFF00
(0000000002.257800) vcan0 210#1700008080000000
(0000000002.262900) vcan0 308#00000046053FFF00
(0000000002.272900) vcan0 308#00000006043FFF00
(0000000002.277900) vcan0 210#1700000000000000
(0000000002.283100) vcan0 308#00000006043FFF00
(0000000002.293400) vcan0 308#00000046053FFF00
(0000000002.297800) vcan0 210#1700000000000000
(0000000002.302900) vcan0 308#00000046053FFF00
(0000000002.312900) vcan0 308#00000006043FFF00
(0000000002.317900) vcan0 210#1700008080000000
(0000000002.322900) vcan0 308#00000006043FFF00
(0000000002.332800) vcan0 308#00000046053FFF00
(0000000002.337800) vcan0 210#1700008080000000
(0000000002.342800) vcan0 308#00000046053FFF00
(0000000002.352900) vcan0 308#00000006043FFF00
(0000000002.357900) vcan0 210#1700000000000000
(0000000002.362900) vcan0 308#00000006043FFF00
(0000000002.372900) vcan0 308#00000046053FFF00
(0000000002.377800) vcan0 210#1700000000000000
(0000000002.382900) vcan0 308#00000046053FFF00
(0000000002.393700) vcan0 308#00000006043FFF00
(0000000002.397900) vcan0 210#1700008080000000
(0000000002.402900) vcan0 308#00000006043FFF00
(0000000002.412900) vcan0 308#00000046053FFF00
(0000000002.417900) vcan0 210#1700008080000000
(0000000002.422900) vcan0 308#00000046053FFF00
(0000000002.432900) vcan0 308#00000006043FFF00
(0000000002.437900) vcan0 210#1700000000000000
(0000000002.442900) vcan0 308#00000006043FFF00
(0000000002.453700) vcan0 308#00000046053FFF00
(0000000002.457900) vcan0 210#1700000000000000
(0000000002.463300) vcan0 308#00000046053FFF00
(0000000002.472900) vcan0 308#00000006043FFF00
(0000000002.477900) vcan0 210#1700008080000000
(0000000002.482900) vcan0 308#00000006043FFF00
(0000000002.492900) vcan0 308#00000046053FFF00
(0000000002.497900) vcan0 210#1700008080000000
(0000000002.502900) vcan0 308#00000046053FFF00
(0000000002.512900) vcan0 308#00000006043FFF00
(0000000002.517900) vcan0 210#1700000000000000
(0000000002.522900) vcan0 308#00000006043FFF00
(0000000002.533400) vcan0 308#00000046053FFF00
(0000000002.537900) vcan0 210#1700000000000000
(0000000002.542900) vcan0 308#00000046053FFF00
(0000000002.553500) vcan0 308#00000006043FFF00
(0000000002.557900) vcan0 210#1700008080000000
(0000000002.562900) vcan0 308#00000006043FFF00
(0000000002.573500) vcan0 308#00000046053FFF00
(0000000002.577900) vcan0 210#1700008080000000
(0000000002.582900) vcan0 308#00000046053FFF00
(0000000002.592900) vcan0 308#00000006043FFF00
(0000000002.597900) vcan0 210#1700000000000000
(0000000002.602900) vcan0 308#00000006043FFF00
(0000000002.613400) vcan0 308#00000046053FFF00
(0000000002.617900) vcan0 210#1700000000000000
(0000000002.623000) vcan0 308#00000046053FFF00
(0000000002.632900) vcan0 308#00000006043FFF00
(0000000002.637900) vcan0 210#1700008080000000
(0000000002.642900) vcan0 308#00000006043FFF00
(0000000002.653400) vcan0 308#00000046053FFF00
(0000000002.658000) vcan0 210#1700008080000000
(0000000002.663000) vcan0 308#00000046053FFF00
(0000000002.673000) vcan0 308#00000006043FFF00
(0000000002.678200) vcan0 210#1700000000000000
(0000000002.683000) vcan0 308#00000006043FFF00
(0000000002.693000) vcan0 308#00000046053FFF00
(0000000002.698000) vcan0 210#1700000000000000
(0000000002.703000) vcan0 308#00000046053FFF00
(0000000002.713400) vcan0 308#00000006043FFF00
(0000000002.718000) vcan0 210#1700008080000000
(0000000002.723000) vcan0 308#00000006043FFF00
(0000000002.733400) vcan0 308#00000046053FFF00
(0000000002.738000) vcan0 210#1700008080000000
(0000000002.743000) vcan0 308#00000046053FFF00
(0000000002.753500) vcan0 308#00000006043FFF00
(0000000002.758000) vcan0 210#1700000000000000
(0000000002.763000) vcan0 308#00000006043FFF00
(0000000002.773700) vcan0 308#00000046053FFF00
(0000000002.778000) vcan0 210#1700000000000000
(0000000002.783000) vcan0 308#00000046053FFF00
(0000000002.793000) vcan0 308#00000006043FFF00
(0000000002.798000) vcan0 210#1700008080000000
(0000000002.803300) vcan0 308#00000006043FFF00
(0000000002.813500) vcan0 308#00000046053FFF00
(0000000002.818100) vcan0 210#1700008080000000
(0000000002.823100) vcan0 308#00000046053FFF00
(0000000002.833600) vcan0 308#00000006043FFF00
(0000000002.838100) vcan0 210#1700000000000000
(0000000002.843100) vcan0 308#00000006043FFF00
(0000000002.853100) vcan0 308#00000046053FFF00
(0000000002.858100) vcan0 210#1700000000000000
(0000000002.863400) vcan0 308#00000046053FFF00
(0000000002.873600) vcan0 308#00000006043FFF00
(0000000002.878100) vcan0 210#1700008080000000
(0000000002.883400) vcan0 308#00000006043FFF00
(0000000002.894100) vcan0 308#00000046053FFF00
(0000000002.898100) vcan0 210#1700008080000000
(0000000002.903400) vcan0 308#00000046053FFF00
(0000000002.913500) vcan0 308#00000006043FFF00
(0000000002.918100) vcan0 210#1700000000000000
(0000000002.923300) vcan0 308#00000006043FFF00
(0000000002.933600) vcan0 308#00000046053FFF00
(0000000002.938100) vcan0 210#1700000000000000
(0000000002.943100) vcan0 308#00000046053FFF00
(0000000002.953600) vcan0 308#00000006043FFF00
(0000000002.958100) vcan0 210#1700008080000000
(0000000002.963400) vcan0 308#00000006043FFF00
(0000000002.973600) vcan0 308#00000046053FFF00
(0000000002.978200) vcan0 210#1700008080000000
(0000000002.983200) vcan0 308#00000046053FFF00
(0000000002.993600) vcan0 308#00000006043FFF00
(0000000002.998200) vcan0 210#1700000000000000
(0000000003.003500) vcan0 308#00000006043FFF00
(0000000003.013700) vcan0 308#00000046053FFF00
(0000000003.018200) vcan0 210#1700000000000000
(0000000003.023200) vcan0 308#00000046053FFF00
(0000000003.033200) vcan0 308#00000006043FFF00
(0000000003.038200) vcan0 210#1700008080000000
(0000000003.043200) vcan0 308#00000006043FFF00
(0000000003.053800) vcan0 308#00000046053FFF00
(0000000003.058200) vcan0 210#1700008080000000
(0000000003.063500) vcan0 308#00000046053FFF00
(0000000003.073700) vcan0 308#00000006043FFF00
(0000000003.078300) vcan0 210#1700000000000000
(0000000003.083500) vcan0 308#00000006043FFF00
(0000000003.094000) vcan0 308#00000046053FFF00
(0000000003.098300) vcan0 210#1700000000000000
(0000000003.103500) vcan0 308#00000046053FFF00
(0000000003.114000) vcan0 308#00000006043FFF00
(0000000003.118300) vcan0 210#1700008080000000
(0000000003.123500) vcan0 308#00000006043FFF00
(0000000003.133700) vcan0 308#00000046053FFF00
(0000000003.138300) vcan0 210#1700008080000000
(0000000003.143300) vcan0 308#00000046053FFF00
(0000000003.153800) vcan0 308#00000006043FFF00
(0000000003.158300) vcan0 210#1700000000000000
(0000000003.163500) vcan0 308#00000006043FFF00
(0000000003.173700) vcan0 308#00000046053FFF00
(0000000003.178300) vcan0 210#1700000000000000
(0000000003.183300) vcan0 308#00000046053FFF00
(0000000003.193800) vcan0 308#00000006043FFF00
(0000000003.198300) vcan0 210#1700008080000000
(0000000003.203500) vcan0 308#00000006043FFF00
(0000000003.213700) vcan0 308#00000046053FFF00
(0000000003.218300) vcan0 210#1700008080000000
(0000000003.223500) vcan0 308#00000046053FFF00
(0000000003.234000) vcan0 308#00000006043FFF00
(0000000003.238300) vcan0 210#1700000000000000
(0000000003.243500) vcan0 308#00000006043FFF00
(0000000003.253700) vcan0 308#00000046053FFF00
(0000000003.258300) vcan0 210#1700000000000000
(0000000003.263500) vcan0 308#00000046053FFF00
(0000000003.273800) vcan0 308#00000006043FFF00
(0000000003.278200) vcan0 210#1700008080000000
(0000000003.283500) vcan0 308#00000006043FFF00
(0000000003.293700) vcan0 308#00000046053FFF00
(0000000003.298300) vcan0 210#1700008080000000
(0000000003.303500) vcan0 308#00000046053FFF00
(0000000003.314000) vcan0 308#00000006043FFF00
(0000000003.318300) vcan0 210#1700000000000000
(0000000003.323800) vcan0 308#00000006043FFF00
(0000000003.334000) vcan0 308#00000046053FFF00
(0000000003.338300) vcan0 210#1700000000000000
(0000000003.343500) vcan0 308#00000046053FFF00
(0000000003.353700) vcan0 308#00000006043FFF00
(0000000003.358200) vcan0 210#1700008080000000
(0000000003.363500) vcan0 308#00000006043FFF00
(0000000003.373700) vcan0 308#00000046053FFF00
(0000000003.378300) vcan0 210#1700008080000000
(0000000003.383500) vcan0 308#00000046053FFF00
(0000000003.393700) vcan0 308#00000006043FFF00
(0000000003.398300) vcan0 210#1700000000000000
(0000000003.403300) vcan0 308#00000006043FFF00
(0000000003.413700) vcan0 308#00000046053FFF00
(0000000003.418300) vcan0 210#1700000000000000
(0000000003.423500) vcan0 308#00000046053FFF00
(0000000003.433700) vcan0 308#00000006043FFF00
(0000000003.438200) vcan0 210#1700008080000000
(0000000003.443500) vcan0 308#00000006043FFF00
(0000000003.453700) vcan0 308#00000046053FFF00
(0000000003.458300) vcan0 210#1700008080000000
(0000000003.463500) vcan0 308#00000046053FFF00
(0000000003.473700) vcan0 308#00000006043FFF00
(0000000003.478200) vcan0 210#1700000000000000
(0000000003.483500) vcan0 308#00000006043FFF00
(0000000003.493700) vcan0 308#00000046053FFF00
(0000000003.498300) vcan0 210#1700000000000000
(0000000003.503500) vcan0 308#00000046053FFF00
(0000000003.513700) vcan0 308#00000006043FFF00
(0000000003.518300) vcan0 210#1700008080000000
(0000000003.523500) vcan0 308#00000006043FFF00
(0000000003.533700) vcan0 308#00000046053FFF00
(0000000003.538300) vcan0 210#1700008080000000
(0000000003.543500) vcan0 308#00000046053FFF00
(0000000003.554000) vcan0 308#00000006043FFF00
(0000000003.558300) vcan0 210#1700000000000000
(0000000003.563500) vcan0 308#00000006043FFF00
(0000000003.573900) vcan0 308#00000046053FFF00
(0000000003.578300) vcan0 210#1700000000000000
(0000000003.583500) vcan0 308#00000046053FFF00
(0000000003.593800) vcan0 308#00000006043FFF00
(0000000003.598300) vcan0 210#1700008080000000
(0000000003.603500) vcan0 308#00000006043FFF00
(0000000003.613700) vcan0 308#00000046053FFF00
(0000000003.618300) vcan0 210#1700008080000000
(0000000003.623500) vcan0 308#00000046053FFF00
(0000000003.633700) vcan0 308#00000006043FFF00
(0000000003.638200) vcan0 210#1700000000000000
(0000000003.643500) vcan0 308#00000006043FFF00
(0000000003.654000) vcan0 308#00000046053FFF00
(0000000003.658300) vcan0 210#1700000000000000
(0000000003.663500) vcan0 308#00000046053FFF00
(0000000003.674000) vcan0 308#00000006043FFF00
(0000000003.678300) vcan0 210#1700008080000000
(0000000003.683500) vcan0 308#00000006043FFF00
(0000000003.693700) vcan0 308#00000046053FFF00
(0000000003.698300) vcan0 210#1700008080000000
(0000000003.703500) vcan0 308#00000046053FFF00
(0000000003.713700) vcan0 308#00000006043FFF00
(0000000003.718300) vcan0 210#1700000000000000
(0000000003.723600) vcan0 308#00000006043FFF00
(0000000003.734000) vcan0 308#00000046053FFF00
(0000000003.738300) vcan0 210#1700000000000000
(0000000003.743700) vcan0 308#00000046053FFF00
(0000000003.754100) vcan0 308#00000006043FFF00
(0000000003.758400) vcan0 210#1700008080000000
(0000000003.763600) vcan0 308#00000006043FFF00
(0000000003.773800) vcan0 308#00000046053FFF00
(0000000003.778400) vcan0 210#1700008080000000
(0000000003.783600) vcan0 308#00000046053FFF00
(0000000003.794000) vcan0 308#00000006043FFF00
(0000000003.798400) vcan0 210#1700000000000000
(0000000003.803400) vcan0 308#00000006043FFF00
(0000000003.814100) vcan0 308#00000046053FFF00
(0000000003.818400) vcan0 210#1700000000000000
(0000000003.823400) vcan0 308#00000046053FFF00
(0000000003.833900) vcan0 308#00000006043FFF00
(0000000003.838400) vcan0 210#1700008080000000
(0000000003.843600) vcan0 308#00000006043FFF00
(0000000003.854100) vcan0 308#00000046053FFF00
(0000000003.858400) vcan0 210#1700008080000000
(0000000003.863600) vcan0 308#00000046053FFF00
(0000000003.874100) vcan0 308#00000006043FFF00
(0000000003.878400) vcan0 210#1700000000000000
(0000000003.883600) vcan0 308#00000006043FFF00
(0000000003.893800) vcan0 308#00000046053FFF00
(0000000003.898400) vcan0 210#1700000000000000
(0000000003.903600) vcan0 308#00000046053FFF00
(0000000003.914100) vcan0 308#00000006043FFF00
(0000000003.918400) vcan0 210#1700008080000000
(0000000003.923600) vcan0 308#00000006043FFF00
(0000000003.933900) vcan0 308#00000046053FFF00
(0000000003.938400) vcan0 210#1700008080000000
(0000000003.943600) vcan0 308#00000046053FFF00
(0000000003.954200) vcan0 308#00000006043FFF00
(0000000003.958400) vcan0 210#1700000000000000
(0000000003.963600) vcan0 308#00000006043FFF00
(0000000003.973800) vcan0 308#00000046053FFF00
(0000000003.978400) vcan0 210#1700000000000000
(0000000003.983700) vcan0 308#00000046053FFF00
(0000000003.994200) vcan0 308#00000006043FFF00
(0000000003.998500) vcan0 210#1700008080000000
(0000000004.003700) vcan0 308#00000006043FFF00
(0000000004.013899) vcan0 308#00000046053FFF00
(0000000004.018500) vcan0 210#1700008080000000
(0000000004.023700) vcan0 308#00000046053FFF00
(0000000004.033800) vcan0 308#00000006043FFF00
(0000000004.038500) vcan0 210#1700000000000000
(0000000004.043599) vcan0 308#00000006043FFF00
(0000000004.053800) vcan0 308#00000046053FFF00
(0000000004.058500) vcan0 210#1700000000000000
(0000000004.063600) vcan0 308#00000046053FFF00
(0000000004.073900) vcan0 308#00000006043FFF00
(0000000004.078500) vcan0 210#1B00008080000000
(0000000004.083599) vcan0 308#00000006043FFF00
(0000000004.093899) vcan0 308#00000046053FFF00
(0000000004.098600) vcan0 210#2D00008080000000
(0000000004.103600) vcan0 308#00000046053FFF00
(0000000004.113899) vcan0 308#00000006043FFF00
(0000000004.118600) vcan0 210#3A00000000000000
(0000000004.123700) vcan0 308#00000006043FFF00
(0000000004.133899) vcan0 308#00000046053FFF00
(0000000004.138700) vcan0 210#3900000000000000
(0000000004.143700) vcan0 308#00000046053FFF00
(0000000004.153899) vcan0 308#00000006043FFF00
(0000000004.158600) vcan0 210#3400008080000000
(0000000004.163899) vcan0 308#00000006043FFF00
(0000000004.173898) vcan0 308#00000046053FFF00
(0000000004.178700) vcan0 210#3300008080000000
(0000000004.183700) vcan0 308#00000046053FFF00
(0000000004.193899) vcan0 308#00000006043FFF00
(0000000004.198600) vcan0 210#3400000000000000
(0000000004.203900) vcan0 308#00000006043FFF00
(0000000004.213900) vcan0 308#00000046053FFF00
(0000000004.218700) vcan0 210#3400000000000000
(0000000004.223900) vcan0 308#00000046053FFF00
(0000000004.233900) vcan0 308#00000006043FFF00
(0000000004.238700) vcan0 210#3400008080000000
(0000000004.243800) vcan0 308#00000006043FFF00
(0000000004.254000) vcan0 308#00000046053FFF00
(0000000004.258700) vcan0 210#3400008080000000
(0000000004.263800) vcan0 308#00000046053FFF00
(0000000004.274000) vcan0 308#00000006043FFF00
(0000000004.278700) vcan0 210#3300000000000000
(0000000004.283800) vcan0 308#00000006043FFF00
(0000000004.294000) vcan0 308#00000046053FFF00
(0000000004.298700) vcan0 210#3300000000000000
(0000000004.303800) vcan0 308#00000046053FFF00
(0000000004.314000) vcan0 308#00000006043FFF00
(0000000004.318800) vcan0 210#3300008080000000
(0000000004.324000) vcan0 308#00000006043FFF00
(0000000004.334100) vcan0 308#00000046053FFF00
(0000000004.338800) vcan0 210#3300008080000000
(0000000004.343900) vcan0 308#00000046053FFF00
(0000000004.354100) vcan0 308#00000006043FFF00
(0000000004.358800) vcan0 210#3300000000000000
(0000000004.363900) vcan0 308#00000006043FFF00
(0000000004.374500) vcan0 308#00000046053FFF00
(0000000004.378800) vcan0 210#3300000000000000
(0000000004.384000) vcan0 308#00000046053FFF00
(0000000004.394400) vcan0 308#00000006043FFF00
(0000000004.398800) vcan0 210#3300008080000000
(0000000004.404000) vcan0 308#00000006043FFF00
(0000000004.414500) vcan0 308#00000046053FFF00
(0000000004.418800) vcan0 210#3300008080000000
(0000000004.424000) vcan0 308#00000046053FFF00
(0000000004.434400) vcan0 308#00000006043FFF00
(0000000004.438800) vcan0 210#3300000000000000
(0000000004.444000) vcan0 308#00000006043FFF00
(0000000004.454200) vcan0 308#00000046053FFF00
(0000000004.458900) vcan0 210#3300000000000000
(0000000004.464000) vcan0 308#00000046053FFF00
(0000000004.474200) vcan0 308#00000006043FFF00
(0000000004.478800) vcan0 210#3300008080000000
(0000000004.484000) vcan0 308#00000006043FFF00
(0000000004.494200) vcan0 308#00000046053FFF00
(0000000004.498900) vcan0 210#3300008080000000
(0000000004.504000) vcan0 308#00000046053FFF00
(0000000004.514200) vcan0 308#00000006043FFF00
(0000000004.518800) vcan0 210#3300000000000000
(0000000004.524000) vcan0 308#00000006043FFF00
(0000000004.534500) vcan0 308#00000046053FFF00
(0000000004.538900) vcan0 210#3300000000000000
(0000000004.544000) vcan0 308#00000046053FFF00
(0000000004.554300) vcan0 308#00000006043FFF00
(0000000004.558900) vcan0 210#3300008080000000
(0000000004.564000) vcan0 308#00000006043FFF00
(0000000004.574300) vcan0 308#00000046053FFF00
(0000000004.578900) vcan0 210#3300008080000000
(0000000004.584100) vcan0 308#00000046053FFF00
(0000000004.594300) vcan0 308#00000006043FFF00
(0000000004.598900) vcan0 210#3300000000000000
(0000000004.604100) vcan0 308#00000006043FFF00
(0000000004.614300) vcan0 308#00000046053FFF00
(0000000004.618900) vcan0 210#3300000000000000
(0000000004.624100) vcan0 308#00000046053FFF00
(0000000004.634600) vcan0 308#00000006043FFF00
(0000000004.639000) vcan0 210#3300008080000000
(0000000004.644100) vcan0 308#00000006043FFF00
(0000000004.654300) vcan0 308#00000046053FFF00
(0000000004.659000) vcan0 210#3300008080000000
(0000000004.664100) vcan0 308#00000046053FFF00
(0000000004.674300) vcan0 308#00000006043FFF00
(0000000004.679000) vcan0 210#3300000000000000
(0000000004.684200) vcan0 308#00000006043FFF00
(0000000004.694300) vcan0 308#00000046053FFF00
(0000000004.699000) vcan0 210#3300000000000000
(0000000004.704100) vcan0 308#00000046053FFF00
(0000000004.714300) vcan0 308#00000006043FFF00
(0000000004.719000) vcan0 210#3300008080000000
(0000000004.724100) vcan0 308#00000006043FFF00
(0000000004.734200) vcan0 308#00000046053FFF00
(0000000004.738900) vcan0 210#3300008080000000
(0000000004.744000) vcan0 308#00000046053FFF00
(0000000004.754300) vcan0 308#00000006043FFF00
(0000000004.759000) vcan0 210#3300000000000000
(0000000004.764100) vcan0 308#00000006043FFF00
(0000000004.774300) vcan0 308#00000046053FFF00
(0000000004.778900) vcan0 210#3300000000000000
(0000000004.784100) vcan0 308#00000046053FFF00
(0000000004.794600) vcan0 308#00000006043FFF00
(0000000004.799000) vcan0 210#3300008080000000
(0000000004.804100) vcan0 308#00000006043FFF00
(0000000004.814400) vcan0 308#00000046053FFF00
(0000000004.819000) vcan0 210#3200008080000000
(0000000004.824200) vcan0 308#00000046053FFF00
(0000000004.834600) vcan0 308#00000006043FFF00
(0000000004.839000) vcan0 210#3300000000000000
(0000000004.844200) vcan0 308#00000006043FFF00
(0000000004.854400) vcan0 308#00000046053FFF00
(0000000004.859000) vcan0 210#3300000000000000
(0000000004.864200) vcan0 308#00000046053FFF00
(0000000004.874700) vcan0 308#00000006043FFF00
(0000000004.879000) vcan0 210#3300008080000000
(0000000004.884200) vcan0 308#00000006043FFF00
(0000000004.894400) vcan0 308#00000046053FFF00
(0000000004.899100) vcan0 210#3300008080000000
(0000000004.904200) vcan0 308#00000046053FFF00
(0000000004.914700) vcan0 308#00000006043FFF00
(0000000004.919100) vcan0 210#3300000000000000
(0000000004.924300) vcan0 308#00000006043FFF00
(0000000004.934700) vcan0 308#00000046053FFF00
(0000000004.939100) vcan0 210#3200000000000000
(0000000004.944300) vcan0 308#00000046053FFF00
(0000000004.954700) vcan0 308#00000006043FFF00
(0000000004.959100) vcan0 210#3300008080000000
(0000000004.964300) vcan0 308#00000A06043FFF00
(0000000004.974500) vcan0 308#00000A46053FFF00
(0000000004.979100) vcan0 210#3200008080000000
(0000000004.984200) vcan0 308#00000A46053FFF00
(0000000004.994400) vcan0 308#0000CA06043FFF00
(0000000004.999100) vcan0 210#3300000000000000
(0000000005.004300) vcan0 308#0000CA06043FFF00
(0000000005.014500) vcan0 308#0000CF46053FFF00
(0000000005.019200) vcan0 210#3200000000000000
(0000000005.024300) vcan0 308#0000CF46053FFF00
(0000000005.034500) vcan0 308#0000D406043FFF00
(0000000005.039200) vcan0 210#3300008080000000
(0000000005.044400) vcan0 308#0000D406043FFF00
(0000000005.054600) vcan0 308#0000D746053FFF00
(0000000005.059200) vcan0 210#3200008080000000
(0000000005.064300) vcan0 308#0000D746053FFF00
(0000000005.074600) vcan0 308#0000D406043FFF00
(0000000005.079200) vcan0 210#3300000000000000
(0000000005.084400) vcan0 308#0000D406043FFF00
(0000000005.094600) vcan0 308#0000D446053FFF00
(0000000005.099200) vcan0 210#3200000000000000
(0000000005.104300) vcan0 308#0000D006053FFF00
(0000000005.114800) vcan0 308#0000D046043FFF00
(0000000005.119200) vcan0 210#3300008080000000
(0000000005.124300) vcan0 308#0000D046043FFF00
(0000000005.134600) vcan0 308#0000D006053FFF00
(0000000005.139200) vcan0 210#3200008080000000
(0000000005.144400) vcan0 308#0000D006053FFF00
(0000000005.154600) vcan0 308#0000D406043FFF00
(0000000005.159200) vcan0 210#3300000000000000
(0000000005.164400) vcan0 308#0000D406043FFF00
(0000000005.174800) vcan0 308#0000D906053FFF00
(0000000005.179200) vcan0 210#3200000000000000
(0000000005.184500) vcan0 308#0000D906053FFF00
(0000000005.194900) vcan0 308#0000DB06043FFF00
(0000000005.199300) vcan0 210#3300008080000000
(0000000005.204400) vcan0 308#0000DB06043FFF00
(0000000005.214900) vcan0 308#0000DB46053FFF00
(0000000005.219300) vcan0 210#3200008080000000
(0000000005.224500) vcan0 308#0000D746053FFF00
(0000000005.234600) vcan0 308#0000D706043FFF00
(0000000005.239300) vcan0 210#3300000000000000
(0000000005.244400) vcan0 308#0000D706043FFF00
(0000000005.254500) vcan0 308#0000D306053FFF00
(0000000005.259300) vcan0 210#3200000000000000
(0000000005.264600) vcan0 308#0000D306053FFF00
(0000000005.274600) vcan0 308#0000D346043FFF00
(0000000005.279300) vcan0 210#3300008080000000
(0000000005.284400) vcan0 308#0000D806043FFF00
(0000000005.294600) vcan0 308#0000D846053FFF00
(0000000005.299300) vcan0 210#3200008080000000
(0000000005.304500) vcan0 308#0000E846053FFF00
(0000000005.314600) vcan0 308#0000FC06043FFF00
(0000000005.319300) vcan0 210#3300000000000000
(0000000005.324400) vcan0 308#00011306043FFF00
(0000000005.334600) vcan0 308#00012706053FFF00
(0000000005.339300) vcan0 210#3300000000000000
(0000000005.344400) vcan0 308#00013746053FFF00
(0000000005.354900) vcan0 308#00016A46043FFF00
(0000000005.359300) vcan0 210#3300008080000000
(0000000005.364400) vcan0 308#0001A206043FFF00
(0000000005.374900) vcan0 308#0001F740053FFF00
(0000000005.379300) vcan0 210#2D00008080000000
(0000000005.384400) vcan0 308#00026A00053FFF00
(0000000005.394600) vcan0 308#00028240043FFF00
(0000000005.399300) vcan0 210#1600000000000000
(0000000005.404400) vcan0 308#00029C40043FFF00
(0000000005.414600) vcan0 308#0002B200053FFF00
(0000000005.419300) vcan0 210#0C00000000000000
(0000000005.424400) vcan0 308#0002D400053FFF00
(0000000005.434900) vcan0 308#0002D600043FFF00
(0000000005.439300) vcan0 210#1400008080000000
(0000000005.444500) vcan0 308#0002D840043FFF00
(0000000005.454900) vcan0 308#0002D940053FFF00
(0000000005.459300) vcan0 210#1700008080000000
(0000000005.464400) vcan0 308#0002E100053FFF00
(0000000005.474900) vcan0 308#0002F700043FFF00
(0000000005.479300) vcan0 210#1500000000000000
(0000000005.484400) vcan0 308#00030500043FFF00
(0000000005.494700) vcan0 308#00032740053FFF00
(0000000005.499300) vcan0 210#1700000000000000
(0000000005.504400) vcan0 308#00035340053FFF00
(0000000005.514600) vcan0 308#00037E00043FFF00
(0000000005.519300) vcan0 210#1600008080000000
(0000000005.524400) vcan0 308#0003CE40043FFF00
(0000000005.534600) vcan0 308#0003FA40053FFF00
(0000000005.539400) vcan0 210#1700008080000000
(0000000005.544400) vcan0 308#00042800053FFF00
(0000000005.554600) vcan0 308#00046C40043FFF00
(0000000005.559400) vcan0 210#1600000000000000
(0000000005.564500) vcan0 308#00049400043FFF00
(0000000005.574800) vcan0 308#0004CF00053FFF00
(0000000005.579400) vcan0 210#1700000000000000
(0000000005.584500) vcan0 308#0004F900053FFF00
(0000000005.595000) vcan0 308#00051700043FFF00
(0000000005.599400) vcan0 210#1700008080000000
(0000000005.604500) vcan0 308#00053C00043FFF00
(0000000005.615000) vcan0 308#00056200053FFF00
(0000000005.619400) vcan0 210#1600008080000000
(0000000005.624600) vcan0 308#00058740053FFF00
(0000000005.635000) vcan0 308#0005AC00043FFF00
(0000000005.639500) vcan0 210#1700000000000000
(0000000005.644600) vcan0 308#0005CD40043FFF00
(0000000005.654800) vcan0 308#0005EF00053FFF00
(0000000005.659500) vcan0 210#1600000000000000
(0000000005.664600) vcan0 308#00060C40053FFF00
(0000000005.675100) vcan0 308#00063440043FFF00
(0000000005.679500) vcan0 210#1700008080000000
(0000000005.684600) vcan0 308#00065000043FFF00
(0000000005.695100) vcan0 308#00066E00053FFF00
(0000000005.699500) vcan0 210#1600008080000000
(0000000005.704700) vcan0 308#00069340053FFF00
(0000000005.715100) vcan0 308#0006B040043FFF00
(0000000005.719500) vcan0 210#1700000000000000
(0000000005.724600) vcan0 308#0006D340043FFF00
(0000000005.735100) vcan0 308#0006F200053FFF00
(0000000005.739600) vcan0 210#1700000000000000
(0000000005.744600) vcan0 308#00070A00053FFF00
(0000000005.754900) vcan0 308#00072740043FFF00
(0000000005.759500) vcan0 210#1600008080000000
(0000000005.764600) vcan0 308#00074600043FFF00
(0000000005.774800) vcan0 308#00076240053FFF00
(0000000005.779500) vcan0 210#1600008080000000
(0000000005.784600) vcan0 308#00077940053FFF00
(0000000005.794800) vcan0 308#00078840043FFF00
(0000000005.799500) vcan0 210#1600000000000000
(0000000005.804800) vcan0 308#00079C40043FFF00
(0000000005.815100) vcan0 308#0007B100053FFF00
(0000000005.819600) vcan0 210#1600000000000000
(0000000005.824700) vcan0 308#0007C600053FFF00
(0000000005.834900) vcan0 308#0007DB40043FFF00
(0000000005.839600) vcan0 210#1600008080000000
(0000000005.844700) vcan0 308#0007F700043FFF00
(0000000005.854900) vcan0 308#00080A00053FFF00
(0000000005.859600) vcan0 210#1600008080000000
(0000000005.864700) vcan0 308#00081D00053FFF00
(0000000005.874900) vcan0 308#00082E40043FFF00
(0000000005.879600) vcan0 210#1600000000000000
(0000000005.884700) vcan0 308#00083F40043FFF00
(0000000005.895200) vcan0 308#00085440053FFF00
(0000000005.899600) vcan0 210#1600000000000000
(0000000005.904700) vcan0 308#00086440053FFF00
(0000000005.915200) vcan0 308#00087140043FFF00
(0000000005.919600) vcan0 210#1600008080000000
(0000000005.924700) vcan0 308#00088000043FFF00
(0000000005.934900) vcan0 308#00088D00053FFF00
(0000000005.939600) vcan0 210#1700008080000000
(0000000005.944700) vcan0 308#00089C00053FFF00
(0000000005.955100) vcan0 308#0008A700043FFF00
(0000000005.959600) vcan0 210#1600000000000000
(0000000005.964700) vcan0 308#0008B500043FFF00
(0000000005.975200) vcan0 308#0008BF40053FFF00
(0000000005.979600) vcan0 210#1600000000000000
(0000000005.984700) vcan0 308#0008CC00053FFF00
(0000000005.994900) vcan0 308#0008D300043FFF00
(0000000005.999600) vcan0 210#1600008080000000
(0000000006.004700) vcan0 308#0008DC00043FFF00
(0000000006.014900) vcan0 308#0008E400053FFF00
(0000000006.019600) vcan0 210#1600008080000000
(0000000006.024800) vcan0 308#0008F140053FFF00
(0000000006.034900) vcan0 308#0008FA40043FFF00
(0000000006.039600) vcan0 210#1600000000000000
(0000000006.044600) vcan0 308#00090300043FFF00
(0000000006.054900) vcan0 308#00090C40053FFF00
(0000000006.059600) vcan0 210#1600000000000000
(0000000006.064700) vcan0 308#00091300053FFF00
(0000000006.074900) vcan0 308#00091C40043FFF00
(0000000006.079600) vcan0 210#1600008080000000
(0000000006.084600) vcan0 308#00092540043FFF00
(0000000006.094900) vcan0 308#00092B40053FFF00
(0000000006.099600) vcan0 210#1600008080000000
(0000000006.104700) vcan0 308#00093200053FFF00
(0000000006.115200) vcan0 308#00093840043FFF00
(0000000006.119600) vcan0 210#1600000000000000
(0000000006.124700) vcan0 308#00093F00043FFF00
(0000000006.134900) vcan0 308#00094600053FFF00
(0000000006.139600) vcan0 210#1600000000000000
(0000000006.144700) vcan0 308#00094D40053FFF00
(0000000006.155100) vcan0 308#00095300043FFF00
(0000000006.159600) vcan0 210#1700008080000000
(0000000006.164700) vcan0 308#00095740043FFF00
(0000000006.174900) vcan0 308#00095D00053FFF00
(0000000006.179600) vcan0 210#1600008080000000
(0000000006.184700) vcan0 308#00096100053FFF00
(0000000006.195200) vcan0 308#00096300043FFF00
(0000000006.199600) vcan0 210#1600000000000000
(0000000006.204700) vcan0 308#00096440043FFF00
(0000000006.215200) vcan0 308#00096700053FFF00
(0000000006.219700) vcan0 210#1600000000000000
(0000000006.224800) vcan0 308#00096C40053FFF00
(0000000006.235200) vcan0 308#00097100043FFF00
(0000000006.239700) vcan0 210#1600008080000000
(0000000006.244800) vcan0 308#00097400043FFF00
(0000000006.255200) vcan0 308#00097840053FFF00
(0000000006.259700) vcan0 210#1600008080000000
(0000000006.264800) vcan0 308#00097C00053FFF00
(0000000006.275200) vcan0 308#00097F40043FFF00
(0000000006.279700) vcan0 210#1600000000000000
(0000000006.284800) vcan0 308#00097F40043FFF00
(0000000006.295000) vcan0 308#00097E40053FFF00
(0000000006.299700) vcan0 210#1600000000000000
(0000000006.304800) vcan0 308#00097F00053FFF00
(0000000006.314900) vcan0 308#00098040043FFF00
(0000000006.319700) vcan0 210#1600008080000000
(0000000006.324800) vcan0 308#00098540043FFF00
(0000000006.335000) vcan0 308#00098A00053FFF00
(0000000006.339700) vcan0 210#1600008080000000
(0000000006.344800) vcan0 308#00098B40053FFF00
(0000000006.354900) vcan0 308#00098C40043FFF00
(0000000006.359700) vcan0 210#1600000000000000
(0000000006.364800) vcan0 308#00098E00043FFF00
(0000000006.375300) vcan0 308#00099100053FFF00
(0000000006.379700) vcan0 210#1500000000000000
(0000000006.384800) vcan0 308#00099400053FFF00
(0000000006.395000) vcan0 308#00099500043FFF00
(0000000006.399800) vcan0 210#1100008080000000
(0000000006.405200) vcan0 308#00099500043FFF00
(0000000006.415300) vcan0 308#00099640053FFF00
(0000000006.419700) vcan0 210#1600008080000000
(0000000006.424800) vcan0 308#00099800053FFF00
(0000000006.435200) vcan0 308#00099300043FFF00
(0000000006.439700) vcan0 210#1700000000000000
(0000000006.444800) vcan0 308#00098A40043FFF00
(0000000006.455300) vcan0 308#00098440053FFF00
(0000000006.459700) vcan0 210#1500000000000000
(0000000006.464800) vcan0 308#00098440053FFF00
(0000000006.475300) vcan0 308#00098540043FFF00
(0000000006.479800) vcan0 210#1600008080000000
(0000000006.484800) vcan0 308#00098100043FFF00
(0000000006.495300) vcan0 308#00097E40053FFF00
(0000000006.499900) vcan0 210#1500008080000000
(0000000006.504900) vcan0 308#00097E40053FFF00
(0000000006.515300) vcan0 308#00097D00043FFF00
(0000000006.519800) vcan0 210#1600000000000000
(0000000006.524900) vcan0 308#00097D00043FFF00
(0000000006.535300) vcan0 308#00097E40053FFF00
(0000000006.539800) vcan0 210#1600000000000000
(0000000006.545000) vcan0 308#00097F00053FFF00
(0000000006.555200) vcan0 308#00097E00043FFF00
(0000000006.559800) vcan0 210#1600008080000000
(0000000006.564900) vcan0 308#00097D00043FFF00
(0000000006.575100) vcan0 308#00097C00053FFF00
(0000000006.579900) vcan0 210#1600008080000000
(0000000006.584900) vcan0 308#00097C00053FFF00
(0000000006.595100) vcan0 308#00097B00043FFF00
(0000000006.599800) vcan0 210#1600000000000000
(0000000006.604900) vcan0 308#00097940043FFF00
(0000000006.615100) vcan0 308#00097740053FFF00
(0000000006.619900) vcan0 210#1500000000000000
(0000000006.624900) vcan0 308#00097600053FFF00
(0000000006.635200) vcan0 308#00097700043FFF00
(0000000006.639800) vcan0 210#1500008080000000
(0000000006.644900) vcan0 308#00097540043FFF00
(0000000006.655400) vcan0 308#00097000053FFF00
(0000000006.659900) vcan0 210#1500008080000000
(0000000006.664900) vcan0 308#00096C40053FFF00
(0000000006.675400) vcan0 308#00096A00043FFF00
(0000000006.679800) vcan0 210#1500000000000000
(0000000006.684900) vcan0 308#00096840043FFF00
(0000000006.695200) vcan0 308#00096700053FFF00
(0000000006.699900) vcan0 210#1500000000000000
(0000000006.704900) vcan0 308#00096340053FFF00
(0000000006.715700) vcan0 308#00095E40043FFF00
(0000000006.719800) vcan0 210#1500008080000000
(0000000006.725200) vcan0 308#00095900043FFF00
(0000000006.735600) vcan0 308#00095540053FFF00
(0000000006.739900) vcan0 210#1500008080000000
(0000000006.744900) vcan0 308#00095200053FFF00
(0000000006.755400) vcan0 308#00094C40043FFF00
(0000000006.759800) vcan0 210#1500000000000000
(0000000006.764900) vcan0 308#00094340043FFF00
(0000000006.775400) vcan0 308#00093C40053FFF00
(0000000006.779900) vcan0 210#1400000000000000
(0000000006.784900) vcan0 308#00093700053FFF00
(0000000006.795400) vcan0 308#00093500043FFF00
(0000000006.799900) vcan0 210#1400008080000000
(0000000006.805000) vcan0 308#00093240043FFF00
(0000000006.815000) vcan0 308#00092E40053FFF00
(0000000006.819900) vcan0 210#1400008080000000
(0000000006.824900) vcan0 308#00092A00053FFF00
(0000000006.835100) vcan0 308#00092700043FFF00
(0000000006.839900) vcan0 210#1400000000000000
(0000000006.845200) vcan0 308#00092040043FFF00
(0000000006.855200) vcan0 308#00091740053FFF00
(0000000006.859900) vcan0 210#1400000000000000
(0000000006.865200) vcan0 308#00090D00053FFF00
(0000000006.875200) vcan0 308#00090300043FFF00
(0000000006.880000) vcan0 210#1400008080000000
(0000000006.885200) vcan0 308#0008F640043FFF00
(0000000006.895200) vcan0 308#0008EF40053FFF00
(0000000006.899900) vcan0 210#1400008080000000
(0000000006.905000) vcan0 308#0008EA40053FFF00
(0000000006.915400) vcan0 308#0008E240043FFF00
(0000000006.920000) vcan0 210#1400000000000000
(0000000006.925000) vcan0 308#0008DC00043FFF00
(0000000006.935200) vcan0 308#0008D700053FFF00
(0000000006.940000) vcan0 210#1400000000000000
(0000000006.945000) vcan0 308#0008D340053FFF00
(0000000006.955500) vcan0 308#0008CE00043FFF00
(0000000006.960000) vcan0 210#1400008080000000
(0000000006.965000) vcan0 308#0008C640043FFF00
(0000000006.975500) vcan0 308#0008BD00053FFF00
(0000000006.980000) vcan0 210#1400008080000000
(0000000006.985100) vcan0 308#0008B200053FFF00
(0000000006.995500) vcan0 308#0008AA40043FFF00
(0000000007.000000) vcan0 210#1400000000000000
(0000000007.005100) vcan0 308#00089E00043FFF00
(0000000007.015600) vcan0 308#00089240053FFF00
(0000000007.020000) vcan0 210#1400000000000000
(0000000007.025300) vcan0 308#00088640053FFF00
(0000000007.035500) vcan0 308#00087840043FFF00
(0000000007.040000) vcan0 210#1400008080000000
(0000000007.045300) vcan0 308#00087000043FFF00
(0000000007.055600) vcan0 308#00086740053FFF00
(0000000007.060000) vcan0 210#1500008080000000
(0000000007.065300) vcan0 308#00086140053FFF00
(0000000007.075300) vcan0 308#00085100043FFF00
(0000000007.080000) vcan0 210#1500000000000000
(0000000007.085300) vcan0 308#00084840043FFF00
(0000000007.095200) vcan0 308#00083F00053FFF00
(0000000007.100100) vcan0 210#1500000000000000
(0000000007.105100) vcan0 308#00083840053FFF00
(0000000007.115200) vcan0 308#00082A00043FFF00
(0000000007.120000) vcan0 210#1500008080000000
(0000000007.125300) vcan0 308#00081440043FFF00
(0000000007.135500) vcan0 308#00080600053FFF00
(0000000007.140100) vcan0 210#1500008080000000
(0000000007.145300) vcan0 308#0007F900053FFF00
(0000000007.155500) vcan0 308#0007EB40043FFF00
(0000000007.160000) vcan0 210#1500000000000000
(0000000007.165300) vcan0 308#0007DA00043FFF00
(0000000007.175600) vcan0 308#0007C900053FFF00
(0000000007.180100) vcan0 210#1600000000000000
(0000000007.185300) vcan0 308#0007B800053FFF00
(0000000007.195500) vcan0 308#0007A800043FFF00
(0000000007.200000) vcan0 210#1600008080000000
(0000000007.205100) vcan0 308#00079540043FFF00
(0000000007.215500) vcan0 308#00078540053FFF00
(0000000007.220000) vcan0 210#1600008080000000
(0000000007.225100) vcan0 308#00077800053FFF00
(0000000007.235500) vcan0 308#00076940043FFF00
(0000000007.240100) vcan0 210#1600000000000000
(0000000007.245100) vcan0 308#00075B00043FFF00
(0000000007.255600) vcan0 308#00075000053FFF00
(0000000007.260000) vcan0 210#1600000000000000
(0000000007.265100) vcan0 308#00074700053FFF00
(0000000007.275500) vcan0 308#00074600043FFF00
(0000000007.280100) vcan0 210#1700008080000000
(0000000007.285300) vcan0 308#00073E00043FFF00
(0000000007.295600) vcan0 308#00072C40053FFF00
(0000000007.300100) vcan0 210#1700008080000000
(0000000007.305100) vcan0 308#00071C40053FFF00
(0000000007.315600) vcan0 308#00070640043FFF00
(0000000007.320100) vcan0 210#1700000000000000
(0000000007.325100) vcan0 308#0006F740043FFF00
(0000000007.335300) vcan0 308#0006E240053FFF00
(0000000007.340100) vcan0 210#1700000000000000
(0000000007.345400) vcan0 308#0006CF40053FFF00
(0000000007.355300) vcan0 308#0006B640043FFF00
(0000000007.360100) vcan0 210#1700008080000000
(0000000007.365400) vcan0 308#0006A300043FFF00
(0000000007.375300) vcan0 308#00069400053FFF00
(0000000007.380100) vcan0 210#1700008080000000
(0000000007.385300) vcan0 308#00067F00053FFF00
(0000000007.395300) vcan0 308#00066E40043FFF00
(0000000007.400100) vcan0 210#1700000000000000
(0000000007.405400) vcan0 308#00065C00043FFF00
(0000000007.415300) vcan0 308#00064740053FFF00
(0000000007.420100) vcan0 210#1700000000000000
(0000000007.425400) vcan0 308#00063540053FFF00
(0000000007.435300) vcan0 308#00062400043FFF00
(0000000007.440100) vcan0 210#1700008080000000
(0000000007.445400) vcan0 308#00061640043FFF00
(0000000007.455600) vcan0 308#00060640053FFF00
(0000000007.460100) vcan0 210#1700008080000000
(0000000007.465400) vcan0 308#0005F340053FFF00
(0000000007.475600) vcan0 308#0005DC40043FFF00
(0000000007.480100) vcan0 210#1700000000000000
(0000000007.485400) vcan0 308#0005CD40043FFF00
(0000000007.495600) vcan0 308#0005B840053FFF00
(0000000007.500100) vcan0 210#1700000000000000
(0000000007.505200) vcan0 308#0005A340053FFF00
(0000000007.515600) vcan0 308#00058C40043FFF00
(0000000007.520100) vcan0 210#1700008080000000
(0000000007.525100) vcan0 308#00057540043FFF00
(0000000007.535600) vcan0 308#00056400053FFF00
(0000000007.540100) vcan0 210#1800008080000000
(0000000007.545400) vcan0 308#00054B40053FFF00
(0000000007.555600) vcan0 308#00053A00043FFF00
(0000000007.560100) vcan0 210#1A00000000000000
(0000000007.565400) vcan0 308#00052040043FFF00
(0000000007.575900) vcan0 308#00050F40053FFF00
(0000000007.580100) vcan0 210#1C00000000000000
(0000000007.585700) vcan0 308#0004F440053FFF00
(0000000007.595900) vcan0 308#0004E240043FFF00
(0000000007.600100) vcan0 210#1D00008080000000
(0000000007.605400) vcan0 308#0004C640043FFF00
(0000000007.615300) vcan0 308#0004B340053FFF00
(0000000007.620100) vcan0 210#1E00008080000000
(0000000007.625400) vcan0 308#0004A140053FFF00
(0000000007.635600) vcan0 308#00048E40043FFF00
(0000000007.640100) vcan0 210#1F00000000000000
(0000000007.645300) vcan0 308#00047140043FFF00
(0000000007.655300) vcan0 308#00045D40053FFF00
(0000000007.660100) vcan0 210#2000000000000000
(0000000007.665300) vcan0 308#00044940053FFF00
(0000000007.675300) vcan0 308#00043540043FFF00
(0000000007.680100) vcan0 210#2000008080000000
(0000000007.685300) vcan0 308#00042140043FFF00
(0000000007.695600) vcan0 308#00040B40053FFF00
(0000000007.700100) vcan0 210#2000008080000000
(0000000007.705400) vcan0 308#0003F640053FFF00
(0000000007.715300) vcan0 308#0003E100043FFF00
(0000000007.720100) vcan0 210#2000000000000000
(0000000007.725300) vcan0 308#0003D640043FFF00
(0000000007.735500) vcan0 308#0003BF00053FFF00
(0000000007.740100) vcan0 210#2000000000000000
(0000000007.745200) vcan0 308#0003A940053FFF00
(0000000007.755600) vcan0 308#00039300043FFF00
(0000000007.760100) vcan0 210#2000008080000000
(0000000007.765300) vcan0 308#00038700043FFF00
(0000000007.775500) vcan0 308#00037000053FFF00
(0000000007.780100) vcan0 210#2000008080000000
(0000000007.785400) vcan0 308#00035940053FFF00
(0000000007.795600) vcan0 308#00034D00043FFF00
(0000000007.800100) vcan0 210#2000000000000000
(0000000007.805400) vcan0 308#00033300043FFF00
(0000000007.815600) vcan0 308#00032740053FFF00
(0000000007.820200) vcan0 210#2000000000000000
(0000000007.825400) vcan0 308#00030F40053FFF00
(0000000007.835600) vcan0 308#00030240043FFF00
(0000000007.840200) vcan0 210#2000008080000000
(0000000007.845400) vcan0 308#0002F340043FFF00
(0000000007.855700) vcan0 308#0002D940053FFF00
(0000000007.860200) vcan0 210#2000008080000000
(0000000007.865400) vcan0 308#0002CC00053FFF00
(0000000007.875400) vcan0 308#0002C040043FFF00
(0000000007.880200) vcan0 210#1F00000000000000
(0000000007.885400) vcan0 308#0002B240043FFF00
(0000000007.895600) vcan0 308#00029300053FFF00
(0000000007.900200) vcan0 210#1F00000000000000
(0000000007.905400) vcan0 308#00028640053FFF00
(0000000007.915400) vcan0 308#00027A00043FFF00
(0000000007.920200) vcan0 210#1F00008080000000
(0000000007.925400) vcan0 308#00026D00043FFF00
(0000000007.935600) vcan0 308#00025F00053FFF00
(0000000007.940200) vcan0 210#1F00008080000000
(0000000007.945400) vcan0 308#00024E00053FFF00
(0000000007.955300) vcan0 308#00023E00043FFF00
(0000000007.960200) vcan0 210#1F00000000000000
(0000000007.965400) vcan0 308#00023100043FFF00
(0000000007.975400) vcan0 308#00022540053FFF00
(0000000007.980200) vcan0 210#1F00000000000000
(0000000007.985500) vcan0 308#00021800053FFF00
(0000000007.996000) vcan0 308#00020940043FFF00
(0000000008.000199) vcan0 210#1F00008080000000
(0000000008.005500) vcan0 308#00020940043FFF00
(0000000008.015900) vcan0 308#0001F500053FFF00
(0000000008.020200) vcan0 210#1F00008080000000
(0000000008.025399) vcan0 308#0001E206053FFF00
(0000000008.035700) vcan0 308#0001D506043FFF00
(0000000008.040200) vcan0 210#1F00000000000000
(0000000008.045400) vcan0 308#0001C946043FFF00
(0000000008.055700) vcan0 308#0001C906053FFF00
(0000000008.060200) vcan0 210#1F00000000000000
(0000000008.065400) vcan0 308#0001BB06053FFF00
(0000000008.075600) vcan0 308#0001AB06043FFF00
(0000000008.080200) vcan0 210#1F00008080000000
(0000000008.085400) vcan0 308#0001AB06043FFF00
(0000000008.095599) vcan0 308#00019006053FFF00
(0000000008.100199) vcan0 210#1F00008080000000
(0000000008.105399) vcan0 308#00019006053FFF00
(0000000008.115600) vcan0 308#00017746043FFF00
(0000000008.120200) vcan0 210#1F00000000000000
(0000000008.125400) vcan0 308#00017746043FFF00
(0000000008.135300) vcan0 308#00016906053FFF00
(0000000008.140200) vcan0 210#1F00000000000000
(0000000008.145400) vcan0 308#00015E46053FFF00
(0000000008.155400) vcan0 308#00015E06043FFF00
(0000000008.160200) vcan0 210#1F00008080000000
(0000000008.165400) vcan0 308#00015106043FFF00
(0000000008.175400) vcan0 308#00015146053FFF00
(0000000008.180199) vcan0 210#1F00008080000000
(0000000008.185400) vcan0 308#00013E46053FFF00
(0000000008.195299) vcan0 308#00013E06043FFF00
(0000000008.200200) vcan0 210#2000000000000000
(0000000008.205399) vcan0 308#00000006043FFF00
(0000000008.215299) vcan0 308#00000046053FFF00
(0000000008.220499) vcan0 210#1C00000000000000
(0000000008.225400) vcan0 308#00000046053FFF00
(0000000008.235298) vcan0 308#00000006043FFF00
(0000000008.240200) vcan0 210#2900008080000000
(0000000008.245400) vcan0 308#00000006043FFF00
(0000000008.255299) vcan0 308#00000046053FFF00
(0000000008.260199) vcan0 210#4000008080000000
(0000000008.265400) vcan0 308#00000046053FFF00
(0000000008.275700) vcan0 308#00000006043FFF00
(0000000008.280200) vcan0 210#3F00000000000000
(0000000008.285399) vcan0 308#00000006043FFF00
(0000000008.295600) vcan0 308#00000046053FFF00
(0000000008.300200) vcan0 210#3600000000000000
(0000000008.305400) vcan0 308#00000046053FFF00
(0000000008.315600) vcan0 308#00000006043FFF00
(0000000008.320200) vcan0 210#3500008080000000
(0000000008.325400) vcan0 308#00000006043FFF00
(0000000008.335599) vcan0 308#00000046053FFF00
(0000000008.340199) vcan0 210#3300008080000000
(0000000008.345400) vcan0 308#00000046053FFF00
(0000000008.355600) vcan0 308#00000006043FFF00
(0000000008.360200) vcan0 210#3300000000000000
(0000000008.365399) vcan0 308#00000006043FFF00
(0000000008.375600) vcan0 308#00000046053FFF00
(0000000008.380200) vcan0 210#3300000000000000
(0000000008.385400) vcan0 308#00000046053FFF00
(0000000008.395300) vcan0 308#00000006043FFF00
(0000000008.400200) vcan0 210#3300008080000000
(0000000008.405300) vcan0 308#00000006043FFF00
(0000000008.415600) vcan0 308#00000046053FFF00
(0000000008.420200) vcan0 210#3300008080000000
(0000000008.425400) vcan0 308#00000046053FFF00
(0000000008.435700) vcan0 308#00000006043FFF00
(0000000008.440200) vcan0 210#3300000000000000
(0000000008.445400) vcan0 308#00000006043FFF00
(0000000008.455300) vcan0 308#00000046053FFF00
(0000000008.460200) vcan0 210#3300000000000000
(0000000008.465300) vcan0 308#00000046053FFF00
(0000000008.475400) vcan0 308#00000006043FFF00
(0000000008.480200) vcan0 210#3300008080000000
(0000000008.485400) vcan0 308#00000006043FFF00
(0000000008.495300) vcan0 308#00000046053FFF00
(0000000008.500200) vcan0 210#3300008080000000
(0000000008.505400) vcan0 308#00000046053FFF00
(0000000008.515600) vcan0 308#00000006043FFF00
(0000000008.520200) vcan0 210#3300000000000000
(0000000008.525400) vcan0 308#00000006043FFF00
(0000000008.535600) vcan0 308#00000046053FFF00
(0000000008.540200) vcan0 210#3300000000000000
(0000000008.545400) vcan0 308#00000046053FFF00
(0000000008.555600) vcan0 308#00000006043FFF00
(0000000008.560200) vcan0 210#3300008080000000
(0000000008.565400) vcan0 308#00000006043FFF00
(0000000008.575600) vcan0 308#00000046053FFF00
(0000000008.580200) vcan0 210#3300008080000000
(0000000008.585500) vcan0 308#00000046053FFF00
(0000000008.595600) vcan0 308#00000006043FFF00
(0000000008.600200) vcan0 210#3300000000000000
(0000000008.605400) vcan0 308#00000006043FFF00
(0000000008.615600) vcan0 308#00000046053FFF00
(0000000008.620200) vcan0 210#3300000000000000
(0000000008.625400) vcan0 308#00000046053FFF00
(0000000008.635600) vcan0 308#00000006043FFF00
(0000000008.640300) vcan0 210#3300008080000000
(0000000008.645300) vcan0 308#00000006043FFF00
(0000000008.655300) vcan0 308#00000046053FFF00
(0000000008.660200) vcan0 210#3300008080000000
(0000000008.665400) vcan0 308#00000046053FFF00
(0000000008.675400) vcan0 308#00000006043FFF00
(0000000008.680200) vcan0 210#3300000000000000
(0000000008.685400) vcan0 308#00000006043FFF00
(0000000008.695400) vcan0 308#00000046053FFF00
(0000000008.700200) vcan0 210#3300000000000000
(0000000008.705400) vcan0 308#00000046053FFF00
(0000000008.715600) vcan0 308#00000006043FFF00
(0000000008.720200) vcan0 210#3300008080000000
(0000000008.725300) vcan0 308#00000006043FFF00
(0000000008.735200) vcan0 308#00000046053FFF00
(0000000008.740200) vcan0 210#3300008080000000
(0000000008.745400) vcan0 308#00000046053FFF00
(0000000008.755600) vcan0 308#00000006043FFF00
(0000000008.760200) vcan0 210#3300000000000000
(0000000008.765300) vcan0 308#00000006043FFF00
(0000000008.775400) vcan0 308#00000046053FFF00
(0000000008.780200) vcan0 210#3300000000000000
(0000000008.785300) vcan0 308#00000046053FFF00
(0000000008.795600) vcan0 308#00000006043FFF00
(0000000008.800200) vcan0 210#3300008080000000
(0000000008.805300) vcan0 308#00000006043FFF00
(0000000008.815600) vcan0 308#00000046053FFF00
(0000000008.820200) vcan0 210#3300008080000000
(0000000008.825500) vcan0 308#00000046053FFF00
(0000000008.835600) vcan0 308#00000006043FFF00
(0000000008.840200) vcan0 210#3300000000000000
(0000000008.845500) vcan0 308#00000006043FFF00
(0000000008.855900) vcan0 308#00000046053FFF00
(0000000008.860200) vcan0 210#3200000000000000
(0000000008.865700) vcan0 308#00000046053FFF00
(0000000008.875600) vcan0 308#00000006043FFF00
(0000000008.880200) vcan0 210#2B00008080000000
(0000000008.885400) vcan0 308#00000006043FFF00
(0000000008.895600) vcan0 308#00000046053FFF00
(0000000008.900200) vcan0 210#2000008080000000
(0000000008.905300) vcan0 308#00000046053FFF00
(0000000008.915300) vcan0 308#00000006043FFF00
(0000000008.920200) vcan0 210#1800000000000000
(0000000008.925300) vcan0 308#00000006043FFF00
(0000000008.935400) vcan0 308#00000046053FFF00
(0000000008.940200) vcan0 210#1700000000000000
(0000000008.945400) vcan0 308#00000046053FFF00
(0000000008.955400) vcan0 308#00000006043FFF00
(0000000008.960200) vcan0 210#1700008080000000
(0000000008.965400) vcan0 308#00000006043FFF00
(0000000008.975400) vcan0 308#00000046053FFF00
(0000000008.980200) vcan0 210#1700008080000000
(0000000008.985400) vcan0 308#00000046053FFF00
(0000000008.995400) vcan0 308#00000006043FFF00
(0000000009.000200) vcan0 210#1700000000000000
(0000000009.005400) vcan0 308#00000006043FFF00
(0000000009.015300) vcan0 308#00000046053FFF00
(0000000009.020200) vcan0 210#1700000000000000
(0000000009.025400) vcan0 308#00000046053FFF00
(0000000009.035400) vcan0 308#00000006043FFF00
(0000000009.040200) vcan0 210#1700008080000000
(0000000009.045400) vcan0 308#00000006043FFF00
(0000000009.055400) vcan0 308#00000046053FFF00
(0000000009.060200) vcan0 210#1700008080000000
(0000000009.065400) vcan0 308#00000046053FFF00
(0000000009.075300) vcan0 308#00000006043FFF00
(0000000009.080200) vcan0 210#1700000000000000
(0000000009.085400) vcan0 308#00000006043FFF00
(0000000009.095400) vcan0 308#00000046053FFF00
(0000000009.100300) vcan0 210#1700000000000000
(0000000009.105400) vcan0 308#00000046053FFF00
(0000000009.115600) vcan0 308#00000006043FFF00
(0000000009.120200) vcan0 210#1700008080000000
(0000000009.125400) vcan0 308#00000006043FFF00
(0000000009.135600) vcan0 308#00000046053FFF00
(0000000009.140300) vcan0 210#1700008080000000
(0000000009.145400) vcan0 308#00000046053FFF00
(0000000009.155600) vcan0 308#00000006043FFF00
(0000000009.160200) vcan0 210#1700000000000000
(0000000009.165400) vcan0 308#00000006043FFF00
(0000000009.175300) vcan0 308#00000046053FFF00
(0000000009.180300) vcan0 210#1700000000000000
(0000000009.185400) vcan0 308#00000046053FFF00
