(0000000000.027400) vcan0 210#1700008080000000
(0000000000.047300) vcan0 210#1700008080000000
(0000000000.067300) vcan0 210#1700000000000000
(0000000000.087300) vcan0 210#1700000000000000
(0000000000.107400) vcan0 210#1700008080000000
(0000000000.127400) vcan0 210#1700008080000000
(0000000000.147400) vcan0 210#1700000000000000
(0000000000.167300) vcan0 210#1700000000000000
(0000000000.187300) vcan0 210#1700008080000000
(0000000000.207400) vcan0 210#1700008080000000
(0000000000.227400) vcan0 210#1700000000000000
(0000000000.247400) vcan0 210#1700000000000000
(0000000000.267400) vcan0 210#1700008080000000
(0000000000.287400) vcan0 210#1700008080000000
(0000000000.307200) vcan0 210#1700000000000000
(0000000000.327200) vcan0 210#1700000000000000
(0000000000.347400) vcan0 210#1700008080000000
(0000000000.367400) vcan0 210#1700008080000000
(0000000000.387400) vcan0 210#1700000000000000
(0000000000.407200) vcan0 210#1700000000000000
(0000000000.427200) vcan0 210#1700008080000000
(0000000000.447400) vcan0 210#1700008080000000
(0000000000.467400) vcan0 210#1700000000000000
(0000000000.487400) vcan0 210#1700000000000000
(0000000000.507200) vcan0 210#1700008080000000
(0000000000.527200) vcan0 210#1700008080000000
(0000000000.547400) vcan0 210#1700000000000000
(0000000000.567400) vcan0 210#1700000000000000
(0000000000.587400) vcan0 210#1700008080000000
(0000000000.607200) vcan0 210#1700008080000000
(0000000000.627200) vcan0 210#1700000000000000
(0000000000.647400) vcan0 210#1700000000000000
(0000000000.667400) vcan0 210#1700008080000000
(0000000000.687400) vcan0 210#1700008080000000
(0000000000.707200) vcan0 210#1700000000000000
(0000000000.727200) vcan0 210#1700000000000000
(0000000000.747400) vcan0 210#1700008080000000
(0000000000.767400) vcan0 210#1700008080000000
(0000000000.787200) vcan0 210#1700000000000000
(0000000000.807200) vcan0 210#1700000000000000
(0000000000.827200) vcan0 210#1700008080000000
(0000000000.847200) vcan0 210#1700008080000000
(0000000000.867200) vcan0 210#1700000000000000
(0000000000.887400) vcan0 210#1700000000000000
(0000000000.907200) vcan0 210#1700008080000000
(0000000000.927200) vcan0 210#1700008080000000
(0000000000.947200) vcan0 210#1700000000000000
(0000000000.967200) vcan0 210#1700000000000000
(0000000000.987200) vcan0 210#1700008080000000
(0000000001.007200) vcan0 210#1700008080000000
(0000000001.027200) vcan0 210#1700000000000000
(0000000001.047200) vcan0 210#1700000000000000
(0000000001.067200) vcan0 210#1700008080000000
(0000000001.087200) vcan0 210#1700008080000000
(0000000001.107200) vcan0 210#1700000000000000
(0000000001.127200) vcan0 210#1700000000000000
(0000000001.147200) vcan0 210#1700008080000000
(0000000001.167200) vcan0 210#1700008080000000
(0000000001.187200) vcan0 210#1700000000000000
(0000000001.207200) vcan0 210#1700000000000000
(0000000001.227200) vcan0 210#1700008080000000
(0000000001.247200) vcan0 210#1700008080000000
(0000000001.267200) vcan0 210#1700000000000000
(0000000001.287200) vcan0 210#1700000000000000
(0000000001.307200) vcan0 210#1700008080000000
(0000000001.327200) vcan0 210#1700008080000000
(0000000001.347200) vcan0 210#1700000000000000
(0000000001.367200) vcan0 210#1700000000000000
(0000000001.387200) vcan0 210#1700008080000000
(0000000001.407200) vcan0 210#1700008080000000
(0000000001.427200) vcan0 210#1700000000000000
(0000000001.447200) vcan0 210#1700000000000000
(0000000001.467200) vcan0 210#1700008080000000
(0000000001.487200) vcan0 210#1700008080000000
(0000000001.507200) vcan0 210#1700000000000000
(0000000001.527200) vcan0 210#1700000000000000
(0000000001.547200) vcan0 210#1700008080000000
(0000000001.567200) vcan0 210#1700008080000000
(0000000001.587200) vcan0 210#1700000000000000
(0000000001.607200) vcan0 210#1700000000000000
(0000000001.627200) vcan0 210#1700008080000000
(0000000001.647200) vcan0 210#1700008080000000
(0000000001.667200) vcan0 210#1700000000000000
(0000000001.687200) vcan0 210#1700000000000000
(0000000001.707200) vcan0 210#1700008080000000
(0000000001.727200) vcan0 210#1700020080000000
(0000000001.747200) vcan0 210#1700048000000000
(0000000001.767200) vcan0 210#1700078000000000
(0000000001.787200) vcan0 210#17000A8080000000
(0000000001.807200) vcan0 210#17000C8080000000
(0000000001.827200) vcan0 210#17000E8000000000
(0000000001.847200) vcan0 210#17000F0000000000
(0000000001.867200) vcan0 210#1700100080000000
(0000000001.887200) vcan0 210#1700118080000000
(0000000001.907200) vcan0 210#1700110000000000
(0000000001.927200) vcan0 210#1700120000000000
(0000000001.947200) vcan0 210#1700130080000000
(0000000001.967200) vcan0 210#1700150080000000
(0000000001.987200) vcan0 210#1700168000000000
(0000000002.007200) vcan0 210#1700180000000000
(0000000002.027200) vcan0 210#17001A0080000000
(0000000002.047200) vcan0 210#17001B8080000000
(0000000002.067199) vcan0 210#17001D0000000000
(0000000002.087199) vcan0 210#17001E0000000000
(0000000002.107200) vcan0 210#1700200080000000
(0000000002.127200) vcan0 210#1700218080000000
(0000000002.147200) vcan0 210#1700220000000000
(0000000002.167200) vcan0 210#1700238000000000
(0000000002.187200) vcan0 210#1700248080000000
(0000000002.207200) vcan0 210#1700250080000000
(0000000002.227200) vcan0 210#1700268000000000
(0000000002.247200) vcan0 210#1700270000000000
(0000000002.267200) vcan0 210#1700290080000000
(0000000002.287200) vcan0 210#17002A0080000000
(0000000002.307200) vcan0 210#17002C8000000000
(0000000002.327200) vcan0 210#17002D0000000000
(0000000002.347200) vcan0 210#17002E8080000000
(0000000002.367200) vcan0 210#1700308080000000
(0000000002.387200) vcan0 210#1700318000000000
(0000000002.407200) vcan0 210#1700328000000000
(0000000002.427200) vcan0 210#1700340080000000
(0000000002.447200) vcan0 210#1700358080000000
(0000000002.467200) vcan0 210#1700378000000000
(0000000002.487200) vcan0 210#1700390000000000
(0000000002.507200) vcan0 210#17003A8080000000
(0000000002.527200) vcan0 210#17003B0080000000
(0000000002.547200) vcan0 210#17003C0000000000
(0000000002.567200) vcan0 210#17003D8000000000
(0000000002.587200) vcan0 210#17003E0080000000
(0000000002.607200) vcan0 210#17003F8080000000
(0000000002.627200) vcan0 210#1700410000000000
(0000000002.647200) vcan0 210#1700438000000000
(0000000002.667200) vcan0 210#1700448080000000
(0000000002.687200) vcan0 210#1700460080000000
(0000000002.707200) vcan0 210#1700470000000000
(0000000002.727200) vcan0 210#1700480000000000
(0000000002.747200) vcan0 210#1700490080000000
(0000000002.767200) vcan0 210#17004A0080000000
(0000000002.787200) vcan0 210#17004B0000000000
(0000000002.807200) vcan0 210#17004C8000000000
(0000000002.827200) vcan0 210#17004D8080000000
(0000000002.847200) vcan0 210#17004E8080000000
(0000000002.867200) vcan0 210#17004F8000000000
(0000000002.887200) vcan0 210#1700500000000000
(0000000002.907200) vcan0 210#1700520080000000
(0000000002.927200) vcan0 210#1700538080000000
(0000000002.947200) vcan0 210#1700548000000000
(0000000002.967200) vcan0 210#1700550000000000
(0000000002.987200) vcan0 210#1700568080000000
(0000000003.007200) vcan0 210#1700570080000000
(0000000003.027200) vcan0 210#1700588000000000
(0000000003.047200) vcan0 210#17005A0000000000
(0000000003.067200) vcan0 210#17005A8080000000
(0000000003.087200) vcan0 210#17005B0080000000
(0000000003.107200) vcan0 210#17005D8000000000
(0000000003.127200) vcan0 210#17005E8000000000
(0000000003.147200) vcan0 210#17005F8080000000
(0000000003.167200) vcan0 210#1700608080000000
(0000000003.187200) vcan0 210#1700628000000000
(0000000003.207200) vcan0 210#1700630000000000
(0000000003.227200) vcan0 210#1700640080000000
(0000000003.247200) vcan0 210#1700658080000000
(0000000003.267200) vcan0 210#1700678000000000
(0000000003.287200) vcan0 210#1700678000000000
(0000000003.307200) vcan0 210#1700680080000000
(0000000003.327200) vcan0 210#1700698080000000
(0000000003.347200) vcan0 210#17006A0000000000
(0000000003.367200) vcan0 210#17006C0000000000
(0000000003.387200) vcan0 210#17006D0080000000
(0000000003.407200) vcan0 210#17006F8080000000
(0000000003.427300) vcan0 210#1700708000000000
(0000000003.447200) vcan0 210#1700720000000000
(0000000003.467300) vcan0 210#1700730080000000
(0000000003.487200) vcan0 210#1700748080000000
(0000000003.507200) vcan0 210#1700758000000000
(0000000003.527200) vcan0 210#1700768000000000
(0000000003.547200) vcan0 210#1700760080000000
(0000000003.567200) vcan0 210#1700788080000000
(0000000003.587200) vcan0 210#1700780000000000
(0000000003.607200) vcan0 210#1700798000000000
(0000000003.627200) vcan0 210#17007A0080000000
(0000000003.647200) vcan0 210#17007A0080000000
(0000000003.667200) vcan0 210#17007B0000000000
(0000000003.687300) vcan0 210#17007C8000000000
(0000000003.707200) vcan0 210#17007D8080000000
(0000000003.727200) vcan0 210#17007E8080000000
(0000000003.747200) vcan0 210#17007F8000000000
(0000000003.767300) vcan0 210#1700810000000000
(0000000003.787200) vcan0 210#1700828080000000
(0000000003.807300) vcan0 210#1700830080000000
(0000000003.827200) vcan0 210#1700840000000000
(0000000003.847300) vcan0 210#1700858000000000
(0000000003.867200) vcan0 210#1700860080000000
(0000000003.887300) vcan0 210#1700888080000000
(0000000003.907200) vcan0 210#17008A8000000000
(0000000003.927300) vcan0 210#17008B0000000000
(0000000003.947200) vcan0 210#17008D8080000000
(0000000003.967300) vcan0 210#17008F0080000000
(0000000003.987300) vcan0 210#1700918000000000
(0000000004.007300) vcan0 210#1700930000000000
(0000000004.027300) vcan0 210#1700958080000000
(0000000004.047300) vcan0 210#1700968080000000
(0000000004.067300) vcan0 210#1700978000000000
(0000000004.087300) vcan0 210#1700978000000000
(0000000004.107300) vcan0 210#1700980080000000
(0000000004.127200) vcan0 210#1700998080000000
(0000000004.147300) vcan0 210#1700990000000000
(0000000004.167200) vcan0 210#17009A0000000000
(0000000004.187300) vcan0 210#17009B0080000000
(0000000004.207200) vcan0 210#17009C8080000000
(0000000004.227300) vcan0 210#17009C0000000000
(0000000004.247300) vcan0 210#17009D8000000000
(0000000004.267300) vcan0 210#17009E0080000000
(0000000004.287300) vcan0 210#17009F8080000000
(0000000004.307300) vcan0 210#1700A18000000000
(0000000004.327300) vcan0 210#1700A28000000000
(0000000004.347300) vcan0 210#1700A38080000000
(0000000004.367300) vcan0 210#1700A40080000000
(0000000004.387300) vcan0 210#1700A50000000000
(0000000004.407300) vcan0 210#1700A78000000000
(0000000004.427300) vcan0 210#1700A80080000000
(0000000004.447300) vcan0 210#1700AA8080000000
(0000000004.467300) vcan0 210#1700AB8000000000
(0000000004.487300) vcan0 210#1700AC0000000000
(0000000004.507300) vcan0 210#1700AD0080000000
(0000000004.527300) vcan0 210#1700AE0080000000
(0000000004.547300) vcan0 210#1700AE8000000000
(0000000004.567300) vcan0 210#1700AF0000000000
(0000000004.587300) vcan0 210#1700B00080000000
(0000000004.607300) vcan0 210#1700B18080000000
(0000000004.627300) vcan0 210#1700B20000000000
(0000000004.647300) vcan0 210#1700B38000000000
(0000000004.667300) vcan0 210#1700B50080000000
(0000000004.687300) vcan0 210#1700B60080000000
(0000000004.707300) vcan0 210#1700B70000000000
(0000000004.727300) vcan0 210#1700B98000000000
(0000000004.747300) vcan0 210#1700BA0080000000
(0000000004.767300) vcan0 210#1700BB8080000000
(0000000004.787300) vcan0 210#1700BC8000000000
(0000000004.807300) vcan0 210#1700BD0000000000
(0000000004.827300) vcan0 210#1700BE8080000000
(0000000004.847400) vcan0 210#1700BF0080000000
(0000000004.867300) vcan0 210#1700C00000000000
(0000000004.887400) vcan0 210#1700C00000000000
(0000000004.907300) vcan0 210#1700C08080000000
(0000000004.927400) vcan0 210#1700C10080000000
(0000000004.947300) vcan0 210#1700C18000000000
(0000000004.967300) vcan0 210#1700C28000000000
(0000000004.987300) vcan0 210#1700C38080000000
(0000000005.007300) vcan0 210#1700C40080000000
(0000000005.027400) vcan0 210#1700C50000000000
(0000000005.047300) vcan0 210#1700C60000000000
(0000000005.067400) vcan0 210#1700C80080000000
(0000000005.087300) vcan0 210#1700CA8080000000
(0000000005.107400) vcan0 210#1700CC0000000000
(0000000005.127300) vcan0 210#1700CD8000000000
(0000000005.147400) vcan0 210#1700CE0080000000
(0000000005.167300) vcan0 210#1700D00080000000
(0000000005.187400) vcan0 210#1700D10000000000
(0000000005.207400) vcan0 210#1700D20000000000
(0000000005.227400) vcan0 210#1700D30080000000
(0000000005.247400) vcan0 210#1700D48080000000
(0000000005.267400) vcan0 210#1700D58000000000
(0000000005.287400) vcan0 210#1700D68000000000
(0000000005.307400) vcan0 210#1700D78080000000
(0000000005.327400) vcan0 210#1700D88080000000
(0000000005.347400) vcan0 210#1700D98000000000
(0000000005.367400) vcan0 210#1700DA8000000000
(0000000005.387400) vcan0 210#1700DB8080000000
(0000000005.407400) vcan0 210#1700DB8080000000
(0000000005.427400) vcan0 210#1700DC8000000000
(0000000005.447400) vcan0 210#1700DD0000000000
(0000000005.467400) vcan0 210#1700DE8080000000
(0000000005.487400) vcan0 210#1700DF0080000000
(0000000005.507400) vcan0 210#1700DF8000000000
(0000000005.527400) vcan0 210#1700E08000000000
(0000000005.547400) vcan0 210#1700E18080000000
(0000000005.567400) vcan0 210#1700E18080000000
(0000000005.587400) vcan0 210#1700E20000000000
(0000000005.607400) vcan0 210#1700E20000000000
(0000000005.627400) vcan0 210#1700E30080000000
(0000000005.647400) vcan0 210#1700E48080000000
(0000000005.667400) vcan0 210#1700E40000000000
(0000000005.687400) vcan0 210#1700E58000000000
(0000000005.707400) vcan0 210#1700E60080000000
(0000000005.727400) vcan0 210#1700E88080000000
(0000000005.747400) vcan0 210#1700E98000000000
(0000000005.767400) vcan0 210#1700EA8000000000
(0000000005.787400) vcan0 210#1700EB8080000000
(0000000005.807400) vcan0 210#1700EC0080000000
(0000000005.827400) vcan0 210#1700EE0000000000
(0000000005.847400) vcan0 210#1700EF8000000000
(0000000005.867400) vcan0 210#1700F10080000000
(0000000005.887400) vcan0 210#1700F20080000000
(0000000005.907400) vcan0 210#1700F30000000000
(0000000005.927400) vcan0 210#1700F30000000000
(0000000005.947400) vcan0 210#1700F40080000000
(0000000005.967400) vcan0 210#1700F58080000000
(0000000005.987400) vcan0 210#1700F60000000000
(0000000006.007400) vcan0 210#1700F78000000000
(0000000006.027400) vcan0 210#1700F80080000000
(0000000006.047400) vcan0 210#1700FA8080000000
(0000000006.067400) vcan0 210#1700FA0000000000
(0000000006.087400) vcan0 210#1700FA0000000000
(0000000006.107400) vcan0 210#1700FA8080000000
(0000000006.127400) vcan0 210#1700FA8080000000
(0000000006.147400) vcan0 210#1700FA0000000000
(0000000006.167400) vcan0 210#1700FA0000000000
(0000000006.187400) vcan0 210#1700FA8080000000
(0000000006.207400) vcan0 210#1700FA8080000000
(0000000006.227500) vcan0 210#1700FA0000000000
(0000000006.247400) vcan0 210#1700FA0000000000
(0000000006.267500) vcan0 210#1700FA8080000000
(0000000006.287400) vcan0 210#1700FA8080000000
(0000000006.307500) vcan0 210#1700FA0000000000
(0000000006.327400) vcan0 210#1700FA0000000000
(0000000006.347500) vcan0 210#1700FA8080000000
(0000000006.367400) vcan0 210#1700FA8080000000
(0000000006.387500) vcan0 210#1700FA0000000000
(0000000006.407400) vcan0 210#1700FA0000000000
(0000000006.427500) vcan0 210#1700FA8080000000
(0000000006.447500) vcan0 210#1700FA8080000000
(0000000006.467400) vcan0 210#1700FA0000000000
(0000000006.487500) vcan0 210#1700FA0000000000
(0000000006.507400) vcan0 210#1700FA8080000000
(0000000006.527500) vcan0 210#1700FA8080000000
(0000000006.547400) vcan0 210#1700FA0000000000
(0000000006.567500) vcan0 210#1700FA0000000000
(0000000006.587400) vcan0 210#1700FA8080000000
(0000000006.607500) vcan0 210#1700FA8080000000
(0000000006.627500) vcan0 210#1700FA0000000000
(0000000006.647500) vcan0 210#1700FA0000000000
(0000000006.667400) vcan0 210#1700FA8080000000
(0000000006.687500) vcan0 210#1700FA8080000000
(0000000006.707500) vcan0 210#1700FA0000000000
(0000000006.727500) vcan0 210#1700FA0000000000
(0000000006.747500) vcan0 210#1700FA8080000000
(0000000006.767500) vcan0 210#1700FA8080000000
(0000000006.787500) vcan0 210#1700FA0000000000
(0000000006.807500) vcan0 210#1700FA0000000000
(0000000006.827500) vcan0 210#1700FA8080000000
(0000000006.847500) vcan0 210#1700FA8080000000
(0000000006.867500) vcan0 210#1700FA0000000000
(0000000006.887500) vcan0 210#1700FA0000000000
(0000000006.907500) vcan0 210#1700FA8080000000
(0000000006.927500) vcan0 210#1700FA8080000000
(0000000006.947500) vcan0 210#1700FA0000000000
(0000000006.967500) vcan0 210#1700FA0000000000
(0000000006.987500) vcan0 210#1700FA8080000000
(0000000007.007500) vcan0 210#1700FA8080000000
(0000000007.027500) vcan0 210#1700FA0000000000
(0000000007.047500) vcan0 210#1700FA0000000000
(0000000007.067500) vcan0 210#1700FA8080000000
(0000000007.087500) vcan0 210#1700FA8080000000
(0000000007.107500) vcan0 210#1700FA0000000000
(0000000007.127500) vcan0 210#1700FA0000000000
(0000000007.147500) vcan0 210#1700FA8080000000
(0000000007.167500) vcan0 210#1700FA8080000000
(0000000007.187500) vcan0 210#1700FA0000000000
(0000000007.207500) vcan0 210#1700FA0000000000
(0000000007.227500) vcan0 210#1700FA8080000000
(0000000007.247500) vcan0 210#1700FA8080000000
(0000000007.267500) vcan0 210#1700FA0000000000
(0000000007.287500) vcan0 210#1700FA0000000000
(0000000007.307500) vcan0 210#1700FA8080000000
(0000000007.327500) vcan0 210#1700FA8080000000
(0000000007.347500) vcan0 210#1700FA0000000000
(0000000007.367500) vcan0 210#1700FA0000000000
(0000000007.387500) vcan0 210#1700FA8080000000
(0000000007.407500) vcan0 210#1700FA8080000000
(0000000007.427500) vcan0 210#1700FA0000000000
(0000000007.447500) vcan0 210#1700FA0000000000
(0000000007.467500) vcan0 210#1700FA8080000000
(0000000007.487500) vcan0 210#1700FA8080000000
(0000000007.507500) vcan0 210#1700FA0000000000
(0000000007.527600) vcan0 210#1700FA0000000000
(0000000007.547500) vcan0 210#1700FA8080000000
(0000000007.567500) vcan0 210#1700FA8080000000
(0000000007.587500) vcan0 210#1700FA0000000000
(0000000007.607600) vcan0 210#1700FA0000000000
(0000000007.627500) vcan0 210#1700FA8080000000
(0000000007.647600) vcan0 210#1700FA8080000000
(0000000007.667500) vcan0 210#1700FA0000000000
(0000000007.687600) vcan0 210#1700FA0000000000
(0000000007.707500) vcan0 210#1700FA8080000000
(0000000007.727600) vcan0 210#1700FA8080000000
(0000000007.747600) vcan0 210#1700FA0000000000
(0000000007.767600) vcan0 210#1700FA0000000000
(0000000007.787500) vcan0 210#1700FA8080000000
(0000000007.807600) vcan0 210#1700FA8080000000
(0000000007.827600) vcan0 210#1700FA0000000000
(0000000007.847600) vcan0 210#1700FA0000000000
(0000000007.867600) vcan0 210#1700FA8080000000
(0000000007.887600) vcan0 210#1700FA8080000000
(0000000007.907600) vcan0 210#1700FA0000000000
(0000000007.927500) vcan0 210#1700FA0000000000
(0000000007.947500) vcan0 210#1700FA8080000000
(0000000007.967500) vcan0 210#1700FA8080000000
(0000000007.987500) vcan0 210#1700FA0000000000
(0000000008.007500) vcan0 210#1700FA0000000000
(0000000008.027600) vcan0 210#1700FA8080000000
(0000000008.047500) vcan0 210#1700FA8080000000
(0000000008.067600) vcan0 210#1700FA0000000000
(0000000008.087500) vcan0 210#1700FA0000000000
(0000000008.107600) vcan0 210#1700FA8080000000
(0000000008.127500) vcan0 210#1700FA8080000000
(0000000008.147600) vcan0 210#1700FA0000000000
(0000000008.167600) vcan0 210#1700FA0000000000
(0000000008.187600) vcan0 210#1700FA8080000000
(0000000008.207500) vcan0 210#1700FA8080000000
(0000000008.227600) vcan0 210#1700FA0000000000
(0000000008.247600) vcan0 210#1700FA0000000000
(0000000008.267600) vcan0 210#1700FA8080000000
(0000000008.287600) vcan0 210#1700FA8080000000
(0000000008.307600) vcan0 210#1700FA0000000000
(0000000008.327600) vcan0 210#1700FA0000000000
(0000000008.347600) vcan0 210#1700FA8080000000
(0000000008.367600) vcan0 210#1700FA8080000000
(0000000008.387600) vcan0 210#1700FA0000000000
(0000000008.407600) vcan0 210#1700FA0000000000
(0000000008.427600) vcan0 210#1700FA8080000000
(0000000008.447600) vcan0 210#1700FA8080000000
(0000000008.467600) vcan0 210#1700FA0000000000
(0000000008.487600) vcan0 210#1700FA0000000000
(0000000008.507600) vcan0 210#1700FA8080000000
(0000000008.527600) vcan0 210#1700FA8080000000
(0000000008.547600) vcan0 210#1700FA0000000000
(0000000008.567600) vcan0 210#1700FA0000000000
(0000000008.587600) vcan0 210#1700FA8080000000
(0000000008.607600) vcan0 210#1700FA8080000000
(0000000008.627600) vcan0 210#1700FA0000000000
(0000000008.647600) vcan0 210#1700FA0000000000
(0000000008.667600) vcan0 210#1700FA8080000000
(0000000008.687600) vcan0 210#1700FA8080000000
(0000000008.707600) vcan0 210#1700FA0000000000
(0000000008.727600) vcan0 210#1700FA0000000000
(0000000008.747600) vcan0 210#1700FA8080000000
(0000000008.767600) vcan0 210#1700FA8080000000
(0000000008.787600) vcan0 210#1700FA0000000000
(0000000008.807600) vcan0 210#1700FA0000000000
(0000000008.827600) vcan0 210#1700FA8080000000
(0000000008.847600) vcan0 210#1700FA8080000000
(0000000008.867600) vcan0 210#1700FA0000000000
(0000000008.887600) vcan0 210#1700FA0000000000
(0000000008.907600) vcan0 210#1700FA8080000000
(0000000008.927600) vcan0 210#1700FA8080000000
(0000000008.947600) vcan0 210#1700FA0000000000
(0000000008.967600) vcan0 210#1700FA0000000000
(0000000008.987600) vcan0 210#1700FA8080000000
(0000000009.007600) vcan0 210#1700FA8080000000
(0000000009.027700) vcan0 210#1700FA0000000000
(0000000009.047600) vcan0 210#1700FA0000000000
(0000000009.067600) vcan0 210#1700FA8080000000
(0000000009.087600) vcan0 210#1700FA8080000000
(0000000009.107700) vcan0 210#1700FA0000000000
(0000000009.127600) vcan0 210#1700FA0000000000
(0000000009.147700) vcan0 210#1700FA8080000000
(0000000009.167600) vcan0 210#1700FA8080000000
(0000000009.187700) vcan0 210#1700FA0000000000
(0000000009.207600) vcan0 210#1700FA0000000000
(0000000009.227700) vcan0 210#1700FA8080000000
(0000000009.247600) vcan0 210#1700FA8080000000
(0000000009.267700) vcan0 210#1700FA0000000000
(0000000009.287600) vcan0 210#1700FA0000000000
(0000000009.307700) vcan0 210#1700FA8080000000
(0000000009.327700) vcan0 210#1700FA8080000000
(0000000009.347700) vcan0 210#1700F90000000000
(0000000009.367600) vcan0 210#1700E70000000000
(0000000009.387600) vcan0 210#1700C58080000000
(0000000009.407600) vcan0 210#17008F0080000000
(0000000009.427600) vcan0 210#1700438000000000
(0000000009.447600) vcan0 210#1700088000000000
(0000000009.467600) vcan0 210#1700008080000000
(0000000009.487600) vcan0 210#1700008080000000
(0000000009.507600) vcan0 210#1700000000000000
(0000000009.527600) vcan0 210#1700000000000000
(0000000009.547600) vcan0 210#1700008080000000
(0000000009.567600) vcan0 210#1700008080000000
(0000000009.587600) vcan0 210#1700000000000000
(0000000009.607700) vcan0 210#1700000000000000
(0000000009.627600) vcan0 210#1700008080000000
(0000000009.647700) vcan0 210#1700008080000000
(0000000009.667600) vcan0 210#1700000000000000
(0000000009.687700) vcan0 210#1700000000000000
(0000000009.707600) vcan0 210#1700008080000000
(0000000009.727700) vcan0 210#1700008080000000
(0000000009.747700) vcan0 210#1700018000000000
(0000000009.767700) vcan0 210#1700588000000000
(0000000009.787600) vcan0 210#1700B90080000000
(0000000009.807700) vcan0 210#1700F68080000000
(0000000009.827600) vcan0 210#1700FA0000000000
(0000000009.847700) vcan0 210#1700FA0000000000
(0000000009.867700) vcan0 210#1700FA8080000000
(0000000009.887700) vcan0 210#1700E28080000000
(0000000009.907700) vcan0 210#17009C0000000000
(0000000009.927700) vcan0 210#17003D8000000000
(0000000009.947700) vcan0 210#1700070080000000
(0000000009.967700) vcan0 210#1700008080000000
(0000000009.987700) vcan0 210#1700000000000000
(0000000010.007600) vcan0 210#1700000000000000
(0000000010.027700) vcan0 210#1700008080000000
(0000000010.047600) vcan0 210#1700008080000000
(0000000010.067700) vcan0 210#1700000000000000
(0000000010.087700) vcan0 210#1700000000000000
(0000000010.107700) vcan0 210#1700070080000000
(0000000010.127700) vcan0 210#1700610080000000
(0000000010.147700) vcan0 210#1700BD0000000000
(0000000010.167700) vcan0 210#1700F78000000000
(0000000010.187700) vcan0 210#1700FA8080000000
(0000000010.207700) vcan0 210#1700FA8080000000
(0000000010.227700) vcan0 210#1700FA0000000000
(0000000010.247700) vcan0 210#1700FA0000000000
(0000000010.267700) vcan0 210#1700E48080000000
(0000000010.287700) vcan0 210#1700A40080000000
(0000000010.307700) vcan0 210#17004E0000000000
(0000000010.327700) vcan0 210#17000B8000000000
(0000000010.347700) vcan0 210#1700008080000000
(0000000010.367700) vcan0 210#1700008080000000
(0000000010.387700) vcan0 210#1700000000000000
(0000000010.407700) vcan0 210#1700000000000000
(0000000010.427700) vcan0 210#1700008080000000
(0000000010.447700) vcan0 210#1700008080000000
(0000000010.467700) vcan0 210#1700000000000000
(0000000010.487700) vcan0 210#1700000000000000
(0000000010.507700) vcan0 210#17001F0080000000
(0000000010.527700) vcan0 210#17009F8080000000
(0000000010.547700) vcan0 210#1700F48000000000
(0000000010.567700) vcan0 210#1700FA0000000000
(0000000010.587700) vcan0 210#1700FA8080000000
(0000000010.607700) vcan0 210#1700FA8080000000
(0000000010.627700) vcan0 210#1700FA0000000000
(0000000010.647700) vcan0 210#1700F90000000000
(0000000010.667700) vcan0 210#1700C68080000000
(0000000010.687700) vcan0 210#1700668080000000
(0000000010.707700) vcan0 210#1700110000000000
(0000000010.727700) vcan0 210#1700018000000000
(0000000010.747700) vcan0 210#1700008080000000
(0000000010.767700) vcan0 210#1700008080000000
(0000000010.787700) vcan0 210#1700000000000000
(0000000010.807700) vcan0 210#1700000000000000
(0000000010.827700) vcan0 210#1700008080000000
(0000000010.847700) vcan0 210#1700008080000000
(0000000010.867700) vcan0 210#1700000000000000
(0000000010.887700) vcan0 210#1700000000000000
(0000000010.907700) vcan0 210#1700008080000000
(0000000010.927700) vcan0 210#1700008080000000
(0000000010.947700) vcan0 210#1700000000000000
(0000000010.967700) vcan0 210#1700000000000000
(0000000010.987700) vcan0 210#1700008080000000
(0000000011.007700) vcan0 210#1700008080000000
(0000000011.027700) vcan0 210#1700000000000000
(0000000011.047700) vcan0 210#1700000000000000
(0000000011.067700) vcan0 210#1700008080000000
(0000000011.087700) vcan0 210#1700008080000000
(0000000011.107700) vcan0 210#1700000000000000
(0000000011.127700) vcan0 210#1700000000000000
(0000000011.147700) vcan0 210#1700008080000000
(0000000011.167700) vcan0 210#1700008080000000
(0000000011.187700) vcan0 210#1700000000000000
(0000000011.207700) vcan0 210#1700000000000000
(0000000011.227700) vcan0 210#1700008080000000
(0000000011.247700) vcan0 210#1700008080000000
(0000000011.267700) vcan0 210#1700000000000000
(0000000011.287600) vcan0 210#1700000000000000
(0000000011.307700) vcan0 210#1700008080000000
(0000000011.327700) vcan0 210#1700008080000000
(0000000011.347700) vcan0 210#1700000000000000
(0000000011.367700) vcan0 210#1700000000000000
(0000000011.387700) vcan0 210#1700008080000000
(0000000011.407700) vcan0 210#1700008080000000
(0000000011.427700) vcan0 210#1700000000000000
(0000000011.447700) vcan0 210#1700000000000000
(0000000011.467700) vcan0 210#1700008080000000
(0000000011.487700) vcan0 210#1700008080000000
(0000000011.507700) vcan0 210#1700000000000000
(0000000011.527700) vcan0 210#1700000000000000
(0000000011.547700) vcan0 210#1700008080000000
(0000000011.567700) vcan0 210#1700008080000000
(0000000011.587800) vcan0 210#1700000000000000
(0000000011.607800) vcan0 210#1700000000000000
(0000000011.627800) vcan0 210#1700008080000000
(0000000011.647700) vcan0 210#1700008080000000
(0000000011.667700) vcan0 210#1700000000000000
(0000000011.687700) vcan0 210#1700000000000000
(0000000011.707700) vcan0 210#1700008080000000
(0000000011.727700) vcan0 210#1700008080000000
