(0000000000.002300) vcan0 308#00000006043FFF00
(0000000000.012700) vcan0 308#00000046053FFF00
(0000000000.017500) vcan0 212#02BF073E67F23FFF
(0000000000.022500) vcan0 308#00000046053FFF00
(0000000000.032700) vcan0 308#00000006043FFF00
(0000000000.037500) vcan0 212#02BF073EA7F23FFF
(0000000000.042400) vcan0 308#00000006043FFF00
(0000000000.052700) vcan0 308#00000046053FFF00
(0000000000.057600) vcan0 212#02BF073EA7F23FFF
(0000000000.062500) vcan0 308#00000046053FFF00
(0000000000.072700) vcan0 308#00000006043FFF00
(0000000000.077600) vcan0 212#02BF073E67F23FFF
(0000000000.082500) vcan0 308#00000006043FFF00
(0000000000.092700) vcan0 308#00000046053FFF00
(0000000000.097600) vcan0 212#02BF073E67F23FFF
(0000000000.102500) vcan0 308#00000046053FFF00
(0000000000.112700) vcan0 308#00000006043FFF00
(0000000000.117600) vcan0 212#02BF073EA7F23FFF
(0000000000.122600) vcan0 308#00000006043FFF00
(0000000000.132700) vcan0 308#00000046053FFF00
(0000000000.137600) vcan0 212#02BF073EA7F23FFF
(0000000000.142600) vcan0 308#00000046053FFF00
(0000000000.152800) vcan0 308#00000006043FFF00
(0000000000.157600) vcan0 212#02BF073E67F23FFF
(0000000000.162600) vcan0 308#00000006043FFF00
(0000000000.172800) vcan0 308#00000046053FFF00
(0000000000.177600) vcan0 212#02BF073E67F23FFF
(0000000000.182600) vcan0 308#00000046053FFF00
(0000000000.192800) vcan0 308#00000006043FFF00
(0000000000.197600) vcan0 212#02BF073EA7F23FFF
(0000000000.202600) vcan0 308#00000006043FFF00
(0000000000.212800) vcan0 308#00000046053FFF00
(0000000000.217600) vcan0 212#02BF073EA7F23FFF
(0000000000.222600) vcan0 308#00000046053FFF00
(0000000000.232800) vcan0 308#00000006043FFF00
(0000000000.237600) vcan0 212#02BF073E67F23FFF
(0000000000.242600) vcan0 308#00000006043FFF00
(0000000000.252800) vcan0 308#00000046053FFF00
(0000000000.257600) vcan0 212#02BF073E67F23FFF
(0000000000.262600) vcan0 308#00000046053FFF00
(0000000000.272800) vcan0 308#00000006043FFF00
(0000000000.277600) vcan0 212#02BF073EA7F23FFF
(0000000000.282400) vcan0 308#00000006043FFF00
(0000000000.292700) vcan0 308#00000046053FFF00
(0000000000.297600) vcan0 212#02BF073EA7F23FFF
(0000000000.302500) vcan0 308#00000046053FFF00
(0000000000.312700) vcan0 308#00000006043FFF00
(0000000000.317600) vcan0 212#02BF073E67F23FFF
(0000000000.322400) vcan0 308#00000006043FFF00
(0000000000.332800) vcan0 308#00000046053FFF00
(0000000000.337600) vcan0 212#02BF073E67F23FFF
(0000000000.342600) vcan0 308#00000046053FFF00
(0000000000.352800) vcan0 308#00000006043FFF00
(0000000000.357700) vcan0 212#02BF073EA7F23FFF
(0000000000.362600) vcan0 308#00000006043FFF00
(0000000000.372800) vcan0 308#00000046053FFF00
(0000000000.377600) vcan0 212#02BF073EA7F23FFF
(0000000000.382600) vcan0 308#00000046053FFF00
(0000000000.392800) vcan0 308#00000006043FFF00
(0000000000.397700) vcan0 212#02BF073E67F23FFF
(0000000000.402700) vcan0 308#00000006043FFF00
(0000000000.412900) vcan0 308#00000046053FFF00
(0000000000.418000) vcan0 212#02BF073E67F23FFF
(0000000000.422800) vcan0 308#00000046053FFF00
(0000000000.432800) vcan0 308#00000006043FFF00
(0000000000.437700) vcan0 212#02BF073EA7F23FFF
(0000000000.442600) vcan0 308#00000006043FFF00
(0000000000.452900) vcan0 308#00000046053FFF00
(0000000000.457700) vcan0 212#02BF073EA7F23FFF
(0000000000.462700) vcan0 308#00000046053FFF00
(0000000000.472900) vcan0 308#00000006043FFF00
(0000000000.477700) vcan0 212#02BF073E67F23FFF
(0000000000.482600) vcan0 308#00000006043FFF00
(0000000000.492900) vcan0 308#00000046053FFF00
(0000000000.497700) vcan0 212#02BF073E67F23FFF
(0000000000.502700) vcan0 308#00000046053FFF00
(0000000000.512799) vcan0 308#00000006043FFF00
(0000000000.517700) vcan0 212#02BF073EA7F23FFF
(0000000000.522400) vcan0 308#00000006043FFF00
(0000000000.532900) vcan0 308#00000046053FFF00
(0000000000.537900) vcan0 212#02BF073EA7F23FFF
(0000000000.542700) vcan0 308#00000046053FFF00
(0000000000.552900) vcan0 308#00000006043FFF00
(0000000000.557700) vcan0 212#02BF073E67F23FFF
(0000000000.562600) vcan0 308#00000006043FFF00
(0000000000.572800) vcan0 308#00000046053FFF00
(0000000000.577700) vcan0 212#02BF073E67F23FFF
(0000000000.582500) vcan0 308#00000046053FFF00
(0000000000.592600) vcan0 308#00000006043FFF00
(0000000000.597700) vcan0 212#02BF073EA7F23FFF
(0000000000.602500) vcan0 308#00000006043FFF00
(0000000000.613100) vcan0 308#00000046053FFF00
(0000000000.617700) vcan0 212#02BF073EA7F23FFF
(0000000000.622500) vcan0 308#00000046053FFF00
(0000000000.632600) vcan0 308#00000006043FFF00
(0000000000.637700) vcan0 212#02BF073E67F23FFF
(0000000000.642500) vcan0 308#00000006043FFF00
(0000000000.653000) vcan0 308#00000046053FFF00
(0000000000.657700) vcan0 212#02BF073E67F23FFF
(0000000000.662400) vcan0 308#00000046053FFF00
(0000000000.673000) vcan0 308#00000006043FFF00
(0000000000.677700) vcan0 212#02BF073EA7F23FFF
(0000000000.682600) vcan0 308#00000006043FFF00
(0000000000.692600) vcan0 308#00000046053FFF00
(0000000000.697700) vcan0 212#02BF073EA7F23FFF
(0000000000.702600) vcan0 308#00000046053FFF00
(0000000000.712600) vcan0 308#00000006043FFF00
(0000000000.717700) vcan0 212#02BF073E67F23FFF
(0000000000.722500) vcan0 308#00000006043FFF00
(0000000000.732500) vcan0 308#00000046053FFF00
(0000000000.737700) vcan0 212#02BF073E67F23FFF
(0000000000.742500) vcan0 308#00000046053FFF00
(0000000000.753400) vcan0 308#00000006043FFF00
(0000000000.757700) vcan0 212#02BF073EA7F23FFF
(0000000000.762500) vcan0 308#00000006043FFF00
(0000000000.772600) vcan0 308#00000046053FFF00
(0000000000.777700) vcan0 212#02BF073EA7F23FFF
(0000000000.782500) vcan0 308#00000046053FFF00
(0000000000.792500) vcan0 308#00000006043FFF00
(0000000000.797700) vcan0 212#02BF073E67F23FFF
(0000000000.802500) vcan0 308#00000006043FFF00
(0000000000.813100) vcan0 308#00000046053FFF00
(0000000000.817700) vcan0 212#02BF073E67F23FFF
(0000000000.822500) vcan0 308#00000046053FFF00
(0000000000.833100) vcan0 308#00000006043FFF00
(0000000000.837800) vcan0 212#02BF073EA7F23FFF
(0000000000.842500) vcan0 308#00000006043FFF00
(0000000000.852600) vcan0 308#00000046053FFF00
(0000000000.857700) vcan0 212#02BF073EA7F23FFF
(0000000000.862500) vcan0 308#00000046053FFF00
(0000000000.872500) vcan0 308#00000006043FFF00
(0000000000.877800) vcan0 212#02BF073E67F23FFF
(0000000000.882500) vcan0 308#00000006043FFF00
(0000000000.892600) vcan0 308#00000046053FFF00
(0000000000.897700) vcan0 212#02BF073E67F23FFF
(0000000000.902600) vcan0 308#00000046053FFF00
(0000000000.912600) vcan0 308#00000006043FFF00
(0000000000.917800) vcan0 212#02BF073EA7F23FFF
(0000000000.922600) vcan0 308#00000006043FFF00
(0000000000.933100) vcan0 308#00000046053FFF00
(0000000000.937700) vcan0 212#02BF073EA7F23FFF
(0000000000.942600) vcan0 308#00000046053FFF00
(0000000000.952500) vcan0 308#00000006043FFF00
(0000000000.957800) vcan0 212#02BF073E67F23FFF
(0000000000.962500) vcan0 308#00000006043FFF00
(0000000000.972500) vcan0 308#00000046053FFF00
(0000000000.978000) vcan0 212#02BF073E67F23FFF
(0000000000.982500) vcan0 308#00000046053FFF00
(0000000000.992500) vcan0 308#00000006043FFF00
(0000000000.997800) vcan0 212#02BF073EA7F23FFF
(0000000001.002599) vcan0 308#00000006043FFF00
(0000000001.012600) vcan0 308#00000046053FFF00
(0000000001.017800) vcan0 212#02BF073EA7F23FFF
(0000000001.022600) vcan0 308#00000046053FFF00
(0000000001.032700) vcan0 308#00000006043FFF00
(0000000001.037800) vcan0 212#02BF073E67F23FFF
(0000000001.042599) vcan0 308#00000006043FFF00
(0000000001.052600) vcan0 308#00000046053FFF00
(0000000001.057800) vcan0 212#02BF073E67F23FFF
(0000000001.062600) vcan0 308#00000046053FFF00
(0000000001.072700) vcan0 308#00000006043FFF00
(0000000001.077800) vcan0 212#02BF073EA7F23FFF
(0000000001.082600) vcan0 308#00000006043FFF00
(0000000001.092700) vcan0 308#00000046053FFF00
(0000000001.097900) vcan0 212#02BF073EA7F23FFF
(0000000001.102600) vcan0 308#00000046053FFF00
(0000000001.113200) vcan0 308#00000006043FFF00
(0000000001.117900) vcan0 212#02BF073E67F23FFF
(0000000001.122700) vcan0 308#00000006043FFF00
(0000000001.132800) vcan0 308#00000046053FFF00
(0000000001.137900) vcan0 212#02BF073E67F23FFF
(0000000001.142700) vcan0 308#00000046053FFF00
(0000000001.152800) vcan0 308#00000006043FFF00
(0000000001.157900) vcan0 212#02BF073EA7F23FFF
(0000000001.162700) vcan0 308#00000006043FFF00
(0000000001.173500) vcan0 308#00000046053FFF00
(0000000001.177900) vcan0 212#02BF073EA7F23FFF
(0000000001.183200) vcan0 308#00000046053FFF00
(0000000001.193600) vcan0 308#00000006043FFF00
(0000000001.198000) vcan0 212#02BF073E67F23FFF
(0000000001.202700) vcan0 308#00000006043FFF00
(0000000001.213300) vcan0 308#00000046053FFF00
(0000000001.218000) vcan0 212#02BF073E67F23FFF
(0000000001.222800) vcan0 308#00000046053FFF00
(0000000001.232700) vcan0 308#00000006043FFF00
(0000000001.238000) vcan0 212#02BF073EA7F23FFF
(0000000001.242700) vcan0 308#00000006043FFF00
(0000000001.253300) vcan0 308#00000046053FFF00
(0000000001.258000) vcan0 212#02BF073EA7F23FFF
(0000000001.262900) vcan0 308#00000046053FFF00
(0000000001.272800) vcan0 308#00000006043FFF00
(0000000001.278000) vcan0 212#02BF073E67F23FFF
(0000000001.282800) vcan0 308#00000006043FFF00
(0000000001.292800) vcan0 308#00000046053FFF00
(0000000001.298000) vcan0 212#02BF073E67F23FFF
(0000000001.302800) vcan0 308#00000046053FFF00
(0000000001.312900) vcan0 308#00000006043FFF00
(0000000001.318000) vcan0 212#02BF073EA7F23FFF
(0000000001.322700) vcan0 308#00000006043FFF00
(0000000001.332900) vcan0 308#00000046053FFF00
(0000000001.338000) vcan0 212#02BF073EA7F23FFF
(0000000001.342800) vcan0 308#00000046053FFF00
(0000000001.352700) vcan0 308#00000006043FFF00
(0000000001.358000) vcan0 212#02BF073E67F23FFF
(0000000001.362900) vcan0 308#00000006043FFF00
(0000000001.372800) vcan0 308#00000046053FFF00
(0000000001.378000) vcan0 212#02BF073E67F23FFF
(0000000001.382800) vcan0 308#00000046053FFF00
(0000000001.392800) vcan0 308#00000006043FFF00
(0000000001.398300) vcan0 212#02BF073EA7F23FFF
(0000000001.402900) vcan0 308#00000006043FFF00
(0000000001.412800) vcan0 308#00000046053FFF00
(0000000001.418000) vcan0 212#02BF073EA7F23FFF
(0000000001.422800) vcan0 308#00000046053FFF00
(0000000001.432800) vcan0 308#00000006043FFF00
(0000000001.438000) vcan0 212#02BF073E67F23FFF
(0000000001.442800) vcan0 308#00000006043FFF00
(0000000001.453300) vcan0 308#00000046053FFF00
(0000000001.458000) vcan0 212#02BF073E67F23FFF
(0000000001.462900) vcan0 308#00000046053FFF00
(0000000001.472900) vcan0 308#00000006043FFF00
(0000000001.478000) vcan0 212#02BF073EA7F23FFF
(0000000001.482800) vcan0 308#00000006043FFF00
(0000000001.492900) vcan0 308#00000046053FFF00
(0000000001.498000) vcan0 212#02BF073EA7F23FFF
(0000000001.502800) vcan0 308#00000046053FFF00
(0000000001.512900) vcan0 308#00000006043FFF00
(0000000001.518000) vcan0 212#02BF073E67F23FFF
(0000000001.522800) vcan0 308#00000006043FFF00
(0000000001.532800) vcan0 308#00000046053FFF00
(0000000001.538000) vcan0 212#02BF073E67F23FFF
(0000000001.542800) vcan0 308#00000046053FFF00
(0000000001.552800) vcan0 308#00000006043FFF00
(0000000001.558000) vcan0 212#02BF073EA7F23FFF
(0000000001.562800) vcan0 308#00000006043FFF00
(0000000001.572800) vcan0 308#00000046053FFF00
(0000000001.578000) vcan0 212#02BF073EA7F23FFF
(0000000001.582800) vcan0 308#00000046053FFF00
(0000000001.593400) vcan0 308#00000006043FFF00
(0000000001.598000) vcan0 212#02BF073E67F23FFF
(0000000001.603100) vcan0 308#00000006043FFF00
(0000000001.612800) vcan0 308#00000046053FFF00
(0000000001.618000) vcan0 212#02BF073E67F23FFF
(0000000001.622900) vcan0 308#00000046053FFF00
(0000000001.632900) vcan0 308#00000006043FFF00
(0000000001.638000) vcan0 212#02BF073EA7F23FFF
(0000000001.642800) vcan0 308#00000006043FFF00
(0000000001.652900) vcan0 308#00000046053FFF00
(0000000001.658000) vcan0 212#02BF073EA7F23FFF
(0000000001.662800) vcan0 308#00000046053FFF00
(0000000001.672900) vcan0 308#00000006043FFF00
(0000000001.678000) vcan0 212#02BF073E67F23FFF
(0000000001.682800) vcan0 308#00000006043FFF00
(0000000001.692800) vcan0 308#00000046053FFF00
(0000000001.698000) vcan0 212#02BF073E67F23FFF
(0000000001.702800) vcan0 308#00000046053FFF00
(0000000001.712900) vcan0 308#00000006043FFF00
(0000000001.718000) vcan0 212#02BF073EA7F23FFF
(0000000001.722800) vcan0 308#00000006043FFF00
(0000000001.733300) vcan0 308#00000046053FFF00
(0000000001.738000) vcan0 212#02BF073EA7F23FFF
(0000000001.742900) vcan0 308#00000046053FFF00
(0000000001.753300) vcan0 308#00000006043FFF00
(0000000001.758000) vcan0 212#02BF073E67F23FFF
(0000000001.762800) vcan0 308#00000006043FFF00
(0000000001.773300) vcan0 308#00000046053FFF00
(0000000001.778000) vcan0 212#02BF073E67F23FFF
(0000000001.782800) vcan0 308#00000046053FFF00
(0000000001.792800) vcan0 308#00000006043FFF00
(0000000001.798000) vcan0 212#02BF073EA7F23FFF
(0000000001.802800) vcan0 308#00000006043FFF00
(0000000001.812800) vcan0 308#00000046053FFF00
(0000000001.818200) vcan0 212#02BF073EA7F23FFF
(0000000001.822800) vcan0 308#00000046053FFF00
(0000000001.832800) vcan0 308#00000006043FFF00
(0000000001.838100) vcan0 212#02BF073E67F23FFF
(0000000001.842800) vcan0 308#00000006043FFF00
(0000000001.852900) vcan0 308#00000046053FFF00
(0000000001.858000) vcan0 212#02BF073E67F23FFF
(0000000001.862900) vcan0 308#00000046053FFF00
(0000000001.872800) vcan0 308#00000006043FFF00
(0000000001.878100) vcan0 212#02BF073EA7F23FFF
(0000000001.882900) vcan0 308#00000006043FFF00
(0000000001.892800) vcan0 308#00000046053FFF00
(0000000001.898000) vcan0 212#02BF073EA7F23FFF
(0000000001.902800) vcan0 308#00000046053FFF00
(0000000001.912900) vcan0 308#00000006043FFF00
(0000000001.918000) vcan0 212#02BF073E67F23FFF
(0000000001.922800) vcan0 308#00000006043FFF00
(0000000001.933300) vcan0 308#00000046053FFF00
(0000000001.938000) vcan0 212#02BF073E67F23FFF
(0000000001.942900) vcan0 308#00000046053FFF00
(0000000001.952800) vcan0 308#00000006043FFF00
(0000000001.958000) vcan0 212#02BF073EA7F23FFF
(0000000001.962800) vcan0 308#00000006043FFF00
(0000000001.972900) vcan0 308#00000046053FFF00
(0000000001.978000) vcan0 212#02BF073EA7F23FFF
(0000000001.982800) vcan0 308#00000046053FFF00
(0000000001.993300) vcan0 308#00000006043FFF00
(0000000001.998000) vcan0 212#02BF073E67F23FFF
(0000000002.002900) vcan0 308#00000006043FFF00
(0000000002.013300) vcan0 308#00000046053FFF00
(0000000002.017999) vcan0 212#02BF073E67F23FFF
(0000000002.023100) vcan0 308#00000046053FFF00
(0000000002.033599) vcan0 308#00000006043FFF00
(0000000002.037999) vcan0 212#02BF073EA7F23FFF
(0000000002.042800) vcan0 308#00000006043FFF00
(0000000002.052900) vcan0 308#00000046053FFF00
(0000000002.058100) vcan0 212#02BF073EA7F23FFF
(0000000002.062800) vcan0 308#00000046053FFF00
(0000000002.072900) vcan0 308#00000006043FFF00
(0000000002.077999) vcan0 212#02BF073E67F23FFF
(0000000002.082800) vcan0 308#00000006043FFF00
(0000000002.092900) vcan0 308#00000046053FFF00
(0000000002.098100) vcan0 212#02BF073E67F23FFF
(0000000002.102800) vcan0 308#00000046053FFF00
(0000000002.112900) vcan0 308#00000006043FFF00
(0000000002.118100) vcan0 212#02BF073EA7F23FFF
(0000000002.122900) vcan0 308#00000006043FFF00
(0000000002.132900) vcan0 308#00000046053FFF00
(0000000002.138100) vcan0 212#02BF073EA7F23FFF
(0000000002.142900) vcan0 308#00000046053FFF00
(0000000002.152900) vcan0 308#00000006043FFF00
(0000000002.158100) vcan0 212#02BF073E67F23FFF
(0000000002.162900) vcan0 308#00000006043FFF00
(0000000002.172900) vcan0 308#00000046053FFF00
(0000000002.178100) vcan0 212#02BF073E67F23FFF
(0000000002.182900) vcan0 308#00000046053FFF00
(0000000002.192900) vcan0 308#00000006043FFF00
(0000000002.198100) vcan0 212#02BF073EA7F23FFF
(0000000002.202900) vcan0 308#00000006043FFF00
(0000000002.212900) vcan0 308#00000046053FFF00
(0000000002.218100) vcan0 212#02BF073EA7F23FFF
(0000000002.222800) vcan0 308#00000046053FFF00
(0000000002.232900) vcan0 308#00000006043FFF00
(0000000002.238100) vcan0 212#02BF073E67F23FFF
(0000000002.242900) vcan0 308#00000006043FFF00
(0000000002.252900) vcan0 308#00000046053FFF00
(0000000002.258400) vcan0 212#02BF073E67F23FFF
(0000000002.262900) vcan0 308#00000046053FFF00
(0000000002.272900) vcan0 308#00000006043FFF00
(0000000002.278100) vcan0 212#02BF073EA7F23FFF
(0000000002.283100) vcan0 308#00000006043FFF00
(0000000002.293400) vcan0 308#00000046053FFF00
(0000000002.298100) vcan0 212#02BF073EA7F23FFF
(0000000002.302900) vcan0 308#00000046053FFF00
(0000000002.312900) vcan0 308#00000006043FFF00
(0000000002.318100) vcan0 212#02BF073E67F23FFF
(0000000002.322900) vcan0 308#00000006043FFF00
(0000000002.332800) vcan0 308#00000046053FFF00
(0000000002.338100) vcan0 212#02BF073E67F23FFF
(0000000002.342800) vcan0 308#00000046053FFF00
(0000000002.352900) vcan0 308#00000006043FFF00
(0000000002.358100) vcan0 212#02BF073EA7F23FFF
(0000000002.362900) vcan0 308#00000006043FFF00
(0000000002.372900) vcan0 308#00000046053FFF00
(0000000002.378100) vcan0 212#02BF073EA7F23FFF
(0000000002.382900) vcan0 308#00000046053FFF00
(0000000002.393700) vcan0 308#00000006043FFF00
(0000000002.398100) vcan0 212#02BF073E67F23FFF
(0000000002.402900) vcan0 308#00000006043FFF00
(0000000002.412900) vcan0 308#00000046053FFF00
(0000000002.418100) vcan0 212#02BF073E67F23FFF
(0000000002.422900) vcan0 308#00000046053FFF00
(0000000002.432900) vcan0 308#00000006043FFF00
(0000000002.438100) vcan0 212#02BF073EA7F23FFF
(0000000002.442900) vcan0 308#00000006043FFF00
(0000000002.453700) vcan0 308#00000046053FFF00
(0000000002.458100) vcan0 212#02BF073EA7F23FFF
(0000000002.463300) vcan0 308#00000046053FFF00
(0000000002.472900) vcan0 308#00000006043FFF00
(0000000002.478100) vcan0 212#02BF073E67F23FFF
(0000000002.482900) vcan0 308#00000006043FFF00
(0000000002.492900) vcan0 308#00000046053FFF00
(0000000002.498100) vcan0 212#02BF073E67F23FFF
(0000000002.502900) vcan0 308#00000046053FFF00
(0000000002.512900) vcan0 308#00000006043FFF00
(0000000002.518100) vcan0 212#02BF073EA7F23FFF
(0000000002.522900) vcan0 308#00000006043FFF00
(0000000002.533400) vcan0 308#00000046053FFF00
(0000000002.538100) vcan0 212#02BF073EA7F23FFF
(0000000002.542900) vcan0 308#00000046053FFF00
(0000000002.553500) vcan0 308#00000006043FFF00
(0000000002.558100) vcan0 212#02BF073E67F23FFF
(0000000002.562900) vcan0 308#00000006043FFF00
(0000000002.573500) vcan0 308#00000046053FFF00
(0000000002.578100) vcan0 212#02BF073E67F23FFF
(0000000002.582900) vcan0 308#00000046053FFF00
(0000000002.592900) vcan0 308#00000006043FFF00
(0000000002.598100) vcan0 212#02BF073EA7F23FFF
(0000000002.602900) vcan0 308#00000006043FFF00
(0000000002.613400) vcan0 308#00000046053FFF00
(0000000002.618100) vcan0 212#02BF073EA7F23FFF
(0000000002.623000) vcan0 308#00000046053FFF00
(0000000002.632900) vcan0 308#00000006043FFF00
(0000000002.638200) vcan0 212#02BF073E67F23FFF
(0000000002.642900) vcan0 308#00000006043FFF00
(0000000002.653400) vcan0 308#00000046053FFF00
(0000000002.658200) vcan0 212#02BF073E67F23FFF
(0000000002.663000) vcan0 308#00000046053FFF00
(0000000002.673000) vcan0 308#00000006043FFF00
(0000000002.678500) vcan0 212#02BF073EA7F23FFF
(0000000002.683000) vcan0 308#00000006043FFF00
(0000000002.693000) vcan0 308#00000046053FFF00
(0000000002.698200) vcan0 212#02BF073EA7F23FFF
(0000000002.703000) vcan0 308#00000046053FFF00
(0000000002.713400) vcan0 308#00000006043FFF00
(0000000002.718200) vcan0 212#02BF073E67F23FFF
(0000000002.723000) vcan0 308#00000006043FFF00
(0000000002.733400) vcan0 308#00000046053FFF00
(0000000002.738200) vcan0 212#02BF073E67F23FFF
(0000000002.743000) vcan0 308#00000046053FFF00
(0000000002.753500) vcan0 308#00000006043FFF00
(0000000002.758200) vcan0 212#02BF073EA7F23FFF
(0000000002.763000) vcan0 308#00000006043FFF00
(0000000002.773700) vcan0 308#00000046053FFF00
(0000000002.778200) vcan0 212#02BF073EA7F23FFF
(0000000002.783000) vcan0 308#00000046053FFF00
(0000000002.793000) vcan0 308#00000006043FFF00
(0000000002.798200) vcan0 212#02BF073E67F23FFF
(0000000002.803300) vcan0 308#00000006043FFF00
(0000000002.813500) vcan0 308#00000046053FFF00
(0000000002.818300) vcan0 212#02BF073E67F23FFF
(0000000002.823100) vcan0 308#00000046053FFF00
(0000000002.833600) vcan0 308#00000006043FFF00
(0000000002.838300) vcan0 212#02BF073EA7F23FFF
(0000000002.843100) vcan0 308#00000006043FFF00
(0000000002.853100) vcan0 308#00000046053FFF00
(0000000002.858300) vcan0 212#02BF073EA7F23FFF
(0000000002.863400) vcan0 308#00000046053FFF00
(0000000002.873600) vcan0 308#00000006043FFF00
(0000000002.878300) vcan0 212#02BF073E67F23FFF
(0000000002.883400) vcan0 308#00000006043FFF00
(0000000002.894100) vcan0 308#00000046053FFF00
(0000000002.898300) vcan0 212#02BF073E67F23FFF
(0000000002.903400) vcan0 308#00000046053FFF00
(0000000002.913500) vcan0 308#00000006043FFF00
(0000000002.918300) vcan0 212#02BF073EA7F23FFF
(0000000002.923300) vcan0 308#00000006043FFF00
(0000000002.933600) vcan0 308#00000046053FFF00
(0000000002.938400) vcan0 212#02BF073EA7F23FFF
(0000000002.943100) vcan0 308#00000046053FFF00
(0000000002.953600) vcan0 308#00000006043FFF00
(0000000002.958400) vcan0 212#02BF073E67F23FFF
(0000000002.963400) vcan0 308#00000006043FFF00
(0000000002.973600) vcan0 308#00000046053FFF00
(0000000002.978400) vcan0 212#02BF073E67F23FFF
(0000000002.983200) vcan0 308#00000046053FFF00
(0000000002.993600) vcan0 308#00000006043FFF00
(0000000002.998400) vcan0 212#02BF073EA7F23FFF
(0000000003.003500) vcan0 308#00000006043FFF00
(0000000003.013700) vcan0 308#00000046053FFF00
(0000000003.018400) vcan0 212#02BF073EA7F23FFF
(0000000003.023200) vcan0 308#00000046053FFF00
(0000000003.033200) vcan0 308#00000006043FFF00
(0000000003.038400) vcan0 212#02BF073E67F23FFF
(0000000003.043200) vcan0 308#00000006043FFF00
(0000000003.053800) vcan0 308#00000046053FFF00
(0000000003.058500) vcan0 212#02BF073E67F23FFF
(0000000003.063500) vcan0 308#00000046053FFF00
(0000000003.073700) vcan0 308#00000006043FFF00
(0000000003.078500) vcan0 212#02BF073EA7F23FFF
(0000000003.083500) vcan0 308#00000006043FFF00
(0000000003.094000) vcan0 308#00000046053FFF00
(0000000003.098600) vcan0 212#02BF073EA7F23FFF
(0000000003.103500) vcan0 308#00000046053FFF00
(0000000003.114000) vcan0 308#00000006043FFF00
(0000000003.118500) vcan0 212#02BF073E67F23FFF
(0000000003.123500) vcan0 308#00000006043FFF00
(0000000003.133700) vcan0 308#00000046053FFF00
(0000000003.138500) vcan0 212#02BF073E67F23FFF
(0000000003.143300) vcan0 308#00000046053FFF00
(0000000003.153800) vcan0 308#00000006043FFF00
(0000000003.158500) vcan0 212#02BF073EA7F23FFF
(0000000003.163500) vcan0 308#00000006043FFF00
(0000000003.173700) vcan0 308#00000046053FFF00
(0000000003.178500) vcan0 212#02BF073EA7F23FFF
(0000000003.183300) vcan0 308#00000046053FFF00
(0000000003.193800) vcan0 308#00000006043FFF00
(0000000003.198500) vcan0 212#02BF073E67F23FFF
(0000000003.203500) vcan0 308#00000006043FFF00
(0000000003.213700) vcan0 308#00000046053FFF00
(0000000003.218500) vcan0 212#02BF073E67F23FFF
(0000000003.223500) vcan0 308#00000046053FFF00
(0000000003.234000) vcan0 308#00000006043FFF00
(0000000003.238500) vcan0 212#02BF073EA7F23FFF
(0000000003.243500) vcan0 308#00000006043FFF00
(0000000003.253700) vcan0 308#00000046053FFF00
(0000000003.258500) vcan0 212#02BF073EA7F23FFF
(0000000003.263500) vcan0 308#00000046053FFF00
(0000000003.273800) vcan0 308#00000006043FFF00
(0000000003.278500) vcan0 212#02BF073E67F23FFF
(0000000003.283500) vcan0 308#00000006043FFF00
(0000000003.293700) vcan0 308#00000046053FFF00
(0000000003.298500) vcan0 212#02BF073E67F23FFF
(0000000003.303500) vcan0 308#00000046053FFF00
(0000000003.314000) vcan0 308#00000006043FFF00
(0000000003.318500) vcan0 212#02BF073EA7F23FFF
(0000000003.323800) vcan0 308#00000006043FFF00
(0000000003.334000) vcan0 308#00000046053FFF00
(0000000003.338500) vcan0 212#02BF073EA7F23FFF
(0000000003.343500) vcan0 308#00000046053FFF00
(0000000003.353700) vcan0 308#00000006043FFF00
(0000000003.358500) vcan0 212#02BF073E67F23FFF
(0000000003.363500) vcan0 308#00000006043FFF00
(0000000003.373700) vcan0 308#00000046053FFF00
(0000000003.378500) vcan0 212#02BF073E67F23FFF
(0000000003.383500) vcan0 308#00000046053FFF00
(0000000003.393700) vcan0 308#00000006043FFF00
(0000000003.398500) vcan0 212#02BF073EA7F23FFF
(0000000003.403300) vcan0 308#00000006043FFF00
(0000000003.413700) vcan0 308#00000046053FFF00
(0000000003.418500) vcan0 212#02BF073EA7F23FFF
(0000000003.423500) vcan0 308#00000046053FFF00
(0000000003.433700) vcan0 308#00000006043FFF00
(0000000003.438500) vcan0 212#02BF073E67F23FFF
(0000000003.443500) vcan0 308#00000006043FFF00
(0000000003.453700) vcan0 308#00000046053FFF00
(0000000003.458500) vcan0 212#02BF073E67F23FFF
(0000000003.463500) vcan0 308#00000046053FFF00
(0000000003.473700) vcan0 308#00000006043FFF00
(0000000003.478500) vcan0 212#02BF073EA7F23FFF
(0000000003.483500) vcan0 308#00000006043FFF00
(0000000003.493700) vcan0 308#00000046053FFF00
(0000000003.498500) vcan0 212#02BF073EA7F23FFF
(0000000003.503500) vcan0 308#00000046053FFF00
(0000000003.513700) vcan0 308#00000006043FFF00
(0000000003.518500) vcan0 212#02BF073E67F23FFF
(0000000003.523500) vcan0 308#00000006043FFF00
(0000000003.533700) vcan0 308#00000046053FFF00
(0000000003.538800) vcan0 212#02BF073E67F23FFF
(0000000003.543500) vcan0 308#00000046053FFF00
(0000000003.554000) vcan0 308#00000006043FFF00
(0000000003.558500) vcan0 212#02BF073EA7F23FFF
(0000000003.563500) vcan0 308#00000006043FFF00
(0000000003.573900) vcan0 308#00000046053FFF00
(0000000003.578500) vcan0 212#02BF073EA7F23FFF
(0000000003.583500) vcan0 308#00000046053FFF00
(0000000003.593800) vcan0 308#00000006043FFF00
(0000000003.598500) vcan0 212#02BF073E67F23FFF
(0000000003.603500) vcan0 308#00000006043FFF00
(0000000003.613700) vcan0 308#00000046053FFF00
(0000000003.618500) vcan0 212#02BF073E67F23FFF
(0000000003.623500) vcan0 308#00000046053FFF00
(0000000003.633700) vcan0 308#00000006043FFF00
(0000000003.638500) vcan0 212#02BF073EA7F23FFF
(0000000003.643500) vcan0 308#00000006043FFF00
(0000000003.654000) vcan0 308#00000046053FFF00
(0000000003.658500) vcan0 212#02BF073EA7F23FFF
(0000000003.663500) vcan0 308#00000046053FFF00
(0000000003.674000) vcan0 308#00000006043FFF00
(0000000003.678500) vcan0 212#02BF073E67F23FFF
(0000000003.683500) vcan0 308#00000006043FFF00
(0000000003.693700) vcan0 308#00000046053FFF00
(0000000003.698500) vcan0 212#02BF073E67F23FFF
(0000000003.703500) vcan0 308#00000046053FFF00
(0000000003.713700) vcan0 308#00000006043FFF00
(0000000003.718600) vcan0 212#02BF073EA7F23FFF
(0000000003.723600) vcan0 308#00000006043FFF00
(0000000003.734000) vcan0 308#00000046053FFF00
(0000000003.738600) vcan0 212#02BF073EA7F23FFF
(0000000003.743700) vcan0 308#00000046053FFF00
(0000000003.754100) vcan0 308#00000006043FFF00
(0000000003.758600) vcan0 212#02BF073E67F23FFF
(0000000003.763600) vcan0 308#00000006043FFF00
(0000000003.773800) vcan0 308#00000046053FFF00
(0000000003.778600) vcan0 212#02BF073E67F23FFF
(0000000003.783600) vcan0 308#00000046053FFF00
(0000000003.794000) vcan0 308#00000006043FFF00
(0000000003.798600) vcan0 212#02BF073EA7F23FFF
(0000000003.803400) vcan0 308#00000006043FFF00
(0000000003.814100) vcan0 308#00000046053FFF00
(0000000003.818600) vcan0 212#02BF073EA7F23FFF
(0000000003.823400) vcan0 308#00000046053FFF00
(0000000003.833900) vcan0 308#00000006043FFF00
(0000000003.838600) vcan0 212#02BF073E67F23FFF
(0000000003.843600) vcan0 308#00000006043FFF00
(0000000003.854100) vcan0 308#00000046053FFF00
(0000000003.858600) vcan0 212#02BF073E67F23FFF
(0000000003.863600) vcan0 308#00000046053FFF00
(0000000003.874100) vcan0 308#00000006043FFF00
(0000000003.878600) vcan0 212#02BF073EA7F23FFF
(0000000003.883600) vcan0 308#00000006043FFF00
(0000000003.893800) vcan0 308#00000046053FFF00
(0000000003.898600) vcan0 212#02BF073EA7F23FFF
(0000000003.903600) vcan0 308#00000046053FFF00
(0000000003.914100) vcan0 308#00000006043FFF00
(0000000003.918600) vcan0 212#02BF073E67F23FFF
(0000000003.923600) vcan0 308#00000006043FFF00
(0000000003.933900) vcan0 308#00000046053FFF00
(0000000003.938700) vcan0 212#02BF073E67F23FFF
(0000000003.943600) vcan0 308#00000046053FFF00
(0000000003.954200) vcan0 308#00000006043FFF00
(0000000003.958900) vcan0 212#02BF073EA7F23FFF
(0000000003.963600) vcan0 308#00000006043FFF00
(0000000003.973800) vcan0 308#00000046053FFF00
(0000000003.978700) vcan0 212#02BF073EA7F23FFF
(0000000003.983700) vcan0 308#00000046053FFF00
(0000000003.994200) vcan0 308#00000006043FFF00
(0000000003.998700) vcan0 212#02BF073E67F23FFF
(0000000004.003700) vcan0 308#00000006043FFF00
(0000000004.013899) vcan0 308#00000046053FFF00
(0000000004.018700) vcan0 212#02BF073E67F23FFF
(0000000004.023700) vcan0 308#00000046053FFF00
(0000000004.033800) vcan0 308#00000006043FFF00
(0000000004.038800) vcan0 212#02BF073EA7F23FFF
(0000000004.043599) vcan0 308#00000006043FFF00
(0000000004.053800) vcan0 308#00000046053FFF00
(0000000004.058799) vcan0 212#02BF073EA7F23FFF
(0000000004.063600) vcan0 308#00000046053FFF00
(0000000004.073900) vcan0 308#00000006043FFF00
(0000000004.078800) vcan0 212#02BF073E67F23FFF
(0000000004.083599) vcan0 308#00000006043FFF00
(0000000004.093899) vcan0 308#00000046053FFF00
(0000000004.098800) vcan0 212#02BF073E67F23FFF
(0000000004.103600) vcan0 308#00000046053FFF00
(0000000004.113899) vcan0 308#00000006043FFF00
(0000000004.118800) vcan0 212#02BF073EA7F23FFF
(0000000004.123700) vcan0 308#00000006043FFF00
(0000000004.133899) vcan0 308#00000046053FFF00
(0000000004.138899) vcan0 212#02BF073EA7F23FFF
(0000000004.143700) vcan0 308#00000046053FFF00
(0000000004.153899) vcan0 308#00000006043FFF00
(0000000004.158899) vcan0 212#02BF073E67F23FFF
(0000000004.163899) vcan0 308#00000006043FFF00
(0000000004.173898) vcan0 308#00000046053FFF00
(0000000004.178899) vcan0 212#02BF073E67F23FFF
(0000000004.183700) vcan0 308#00000046053FFF00
(0000000004.193899) vcan0 308#00000006043FFF00
(0000000004.198900) vcan0 212#02BF073EA7F23FFF
(0000000004.203900) vcan0 308#00000006043FFF00
(0000000004.213900) vcan0 308#00000046053FFF00
(0000000004.218900) vcan0 212#02BF073EA7F23FFF
(0000000004.223900) vcan0 308#00000046053FFF00
(0000000004.233900) vcan0 308#00000006043FFF00
(0000000004.238900) vcan0 212#02BF073E67F23FFF
(0000000004.243800) vcan0 308#00000006043FFF00
(0000000004.254000) vcan0 308#00000046053FFF00
(0000000004.258900) vcan0 212#02BF073E67F23FFF
(0000000004.263800) vcan0 308#00000046053FFF00
(0000000004.274000) vcan0 308#00000006043FFF00
(0000000004.279000) vcan0 212#02BF073EA7F23FFF
(0000000004.283800) vcan0 308#00000006043FFF00
(0000000004.294000) vcan0 308#00000046053FFF00
(0000000004.299000) vcan0 212#02BF073EA7F23FFF
(0000000004.303800) vcan0 308#00000046053FFF00
(0000000004.314000) vcan0 308#00000006043FFF00
(0000000004.319000) vcan0 212#02BF073E67F23FFF
(0000000004.324000) vcan0 308#00000006043FFF00
(0000000004.334100) vcan0 308#00000046053FFF00
(0000000004.339000) vcan0 212#02BF073E67F23FFF
(0000000004.343900) vcan0 308#00000046053FFF00
(0000000004.354100) vcan0 308#00000006043FFF00
(0000000004.359000) vcan0 212#02BF073EA7F23FFF
(0000000004.363900) vcan0 308#00000006043FFF00
(0000000004.374500) vcan0 308#00000046053FFF00
(0000000004.379000) vcan0 212#02BF073EA7F23FFF
(0000000004.384000) vcan0 308#00000046053FFF00
(0000000004.394400) vcan0 308#00000006043FFF00
(0000000004.399100) vcan0 212#02BF073E67F23FFF
(0000000004.404000) vcan0 308#00000006043FFF00
(0000000004.414500) vcan0 308#00000046053FFF00
(0000000004.419100) vcan0 212#02BF073E67F23FFF
(0000000004.424000) vcan0 308#00000046053FFF00
(0000000004.434400) vcan0 308#00000006043FFF00
(0000000004.439100) vcan0 212#02BF073EA7F23FFF
(0000000004.444000) vcan0 308#00000006043FFF00
(0000000004.454200) vcan0 308#00000046053FFF00
(0000000004.459100) vcan0 212#02BF073EA7F23FFF
(0000000004.464000) vcan0 308#00000046053FFF00
(0000000004.474200) vcan0 308#00000006043FFF00
(0000000004.479100) vcan0 212#02BF073E67F23FFF
(0000000004.484000) vcan0 308#00000006043FFF00
(0000000004.494200) vcan0 308#00000046053FFF00
(0000000004.499100) vcan0 212#02BF073E67F23FFF
(0000000004.504000) vcan0 308#00000046053FFF00
(0000000004.514200) vcan0 308#00000006043FFF00
(0000000004.519100) vcan0 212#02BF073EA7F23FFF
(0000000004.524000) vcan0 308#00000006043FFF00
(0000000004.534500) vcan0 308#00000046053FFF00
(0000000004.539100) vcan0 212#02BF073EA7F23FFF
(0000000004.544000) vcan0 308#00000046053FFF00
(0000000004.554300) vcan0 308#00000006043FFF00
(0000000004.559100) vcan0 212#02BF073E67F23FFF
(0000000004.564000) vcan0 308#00000006043FFF00
(0000000004.574300) vcan0 308#00000046053FFF00
(0000000004.579100) vcan0 212#02BF073E67F23FFF
(0000000004.584100) vcan0 308#00000046053FFF00
(0000000004.594300) vcan0 308#00000006043FFF00
(0000000004.599100) vcan0 212#02BF073EA7F23FFF
(0000000004.604100) vcan0 308#00000006043FFF00
(0000000004.614300) vcan0 308#00000046053FFF00
(0000000004.619100) vcan0 212#02BF073EA7F23FFF
(0000000004.624100) vcan0 308#00000046053FFF00
(0000000004.634600) vcan0 308#00000006043FFF00
(0000000004.639200) vcan0 212#02BF073E67F23FFF
(0000000004.644100) vcan0 308#00000006043FFF00
(0000000004.654300) vcan0 308#00000046053FFF00
(0000000004.659200) vcan0 212#02BF073E67F23FFF
(0000000004.664100) vcan0 308#00000046053FFF00
(0000000004.674300) vcan0 308#00000006043FFF00
(0000000004.679200) vcan0 212#02BF073EA7F23FFF
(0000000004.684200) vcan0 308#00000006043FFF00
(0000000004.694300) vcan0 308#00000046053FFF00
(0000000004.699200) vcan0 212#02BF073EA7F23FFF
(0000000004.704100) vcan0 308#00000046053FFF00
(0000000004.714300) vcan0 308#00000006043FFF00
(0000000004.719200) vcan0 212#02BF073E67F23FFF
(0000000004.724100) vcan0 308#00000006043FFF00
(0000000004.734200) vcan0 308#00000046053FFF00
(0000000004.739200) vcan0 212#02BF073E67F23FFF
(0000000004.744000) vcan0 308#00000046053FFF00
(0000000004.754300) vcan0 308#00000006043FFF00
(0000000004.759200) vcan0 212#02BF073EA7F23FFF
(0000000004.764100) vcan0 308#00000006043FFF00
(0000000004.774300) vcan0 308#00000046053FFF00
(0000000004.779200) vcan0 212#02BF073EA7F23FFF
(0000000004.784100) vcan0 308#00000046053FFF00
(0000000004.794600) vcan0 308#00000006043FFF00
(0000000004.799200) vcan0 212#02BF073E67F23FFF
(0000000004.804100) vcan0 308#00000006043FFF00
(0000000004.814400) vcan0 308#00000046053FFF00
(0000000004.819300) vcan0 212#02BF073E67F23FFF
(0000000004.824200) vcan0 308#00000046053FFF00
(0000000004.834600) vcan0 308#00000006043FFF00
(0000000004.839300) vcan0 212#02BF073EA7F23FFF
(0000000004.844200) vcan0 308#00000006043FFF00
(0000000004.854400) vcan0 308#00000046053FFF00
(0000000004.859300) vcan0 212#02BF073EA7F23FFF
(0000000004.864200) vcan0 308#00000046053FFF00
(0000000004.874700) vcan0 308#00000006043FFF00
(0000000004.879300) vcan0 212#02BF073E67F23FFF
(0000000004.884200) vcan0 308#00000006043FFF00
(0000000004.894400) vcan0 308#00000046053FFF00
(0000000004.899300) vcan0 212#02BF073E67F23FFF
(0000000004.904200) vcan0 308#00000046053FFF00
(0000000004.914700) vcan0 308#00000006043FFF00
(0000000004.919300) vcan0 212#02BF073EA7F23FFF
(0000000004.924300) vcan0 308#00000006043FFF00
(0000000004.934700) vcan0 308#00000046053FFF00
(0000000004.939300) vcan0 212#02BF073EA7F23FFF
(0000000004.944300) vcan0 308#00000046053FFF00
(0000000004.954700) vcan0 308#00000006043FFF00
(0000000004.959400) vcan0 212#02BF073E67F23FFF
(0000000004.964300) vcan0 308#00000A06043FFF00
(0000000004.974500) vcan0 308#00000A46053FFF00
(0000000004.979300) vcan0 212#02BF073E67F23FFF
(0000000004.984200) vcan0 308#00000A46053FFF00
(0000000004.994400) vcan0 308#0000CA06043FFF00
(0000000004.999400) vcan0 212#02BF073EA7F23FFF
(0000000005.004300) vcan0 308#0000CA06043FFF00
(0000000005.014500) vcan0 308#0000CF46053FFF00
(0000000005.019400) vcan0 212#02BF073DA7F23FFF
(0000000005.024300) vcan0 308#0000CF46053FFF00
(0000000005.034500) vcan0 308#0000D406043FFF00
(0000000005.039400) vcan0 212#02BF073E67F23FFF
(0000000005.044400) vcan0 308#0000D406043FFF00
(0000000005.054600) vcan0 308#0000D746053FFF00
(0000000005.059400) vcan0 212#02BF073E67F23FFF
(0000000005.064300) vcan0 308#0000D746053FFF00
(0000000005.074600) vcan0 308#0000D406043FFF00
(0000000005.079400) vcan0 212#02BF073EA7F23FFF
(0000000005.084400) vcan0 308#0000D406043FFF00
(0000000005.094600) vcan0 308#0000D446053FFF00
(0000000005.099400) vcan0 212#02BF073EA7F23FFF
(0000000005.104300) vcan0 308#0000D006053FFF00
(0000000005.114800) vcan0 308#0000D046043FFF00
(0000000005.119400) vcan0 212#02BF073E67F23FFF
(0000000005.124300) vcan0 308#0000D046043FFF00
(0000000005.134600) vcan0 308#0000D006053FFF00
(0000000005.139500) vcan0 212#02BF073E67F23FFF
(0000000005.144400) vcan0 308#0000D006053FFF00
(0000000005.154600) vcan0 308#0000D406043FFF00
(0000000005.159500) vcan0 212#02BF073DA7F23FFF
(0000000005.164400) vcan0 308#0000D406043FFF00
(0000000005.174800) vcan0 308#0000D906053FFF00
(0000000005.179500) vcan0 212#02BF0790A7F23FFF
(0000000005.184500) vcan0 308#0000D906053FFF00
(0000000005.194900) vcan0 308#0000DB06043FFF00
(0000000005.199500) vcan0 212#02BF079067F23FFF
(0000000005.204400) vcan0 308#0000DB06043FFF00
(0000000005.214900) vcan0 308#0000DB46053FFF00
(0000000005.219500) vcan0 212#02BF079067F23FFF
(0000000005.224500) vcan0 308#0000D746053FFF00
(0000000005.234600) vcan0 308#0000D706043FFF00
(0000000005.239500) vcan0 212#02BF0790A7F23FFF
(0000000005.244400) vcan0 308#0000D706043FFF00
(0000000005.254500) vcan0 308#0000D306053FFF00
(0000000005.259500) vcan0 212#02BF0790A7F23FFF
(0000000005.264600) vcan0 308#0000D306053FFF00
(0000000005.274600) vcan0 308#0000D346043FFF00
(0000000005.279500) vcan0 212#02BF079067F23FFF
(0000000005.284400) vcan0 308#0000D806043FFF00
(0000000005.294600) vcan0 308#0000D846053FFF00
(0000000005.299500) vcan0 212#02BF07E367F23FFF
(0000000005.304500) vcan0 308#0000E846053FFF00
(0000000005.314600) vcan0 308#0000FC06043FFF00
(0000000005.319500) vcan0 212#02BF07E3A7F23FFF
(0000000005.324400) vcan0 308#00011306043FFF00
(0000000005.334600) vcan0 308#00012706053FFF00
(0000000005.339500) vcan0 212#02BF07E3A7F23FFF
(0000000005.344400) vcan0 308#00013746053FFF00
(0000000005.354900) vcan0 308#00016A46043FFF00
(0000000005.359500) vcan0 212#02BF083667F23FFF
(0000000005.364400) vcan0 308#0001A206043FFF00
(0000000005.374900) vcan0 308#0001F740053FFF00
(0000000005.379500) vcan0 212#02BF085367F23FFF
(0000000005.384400) vcan0 308#00026A00053FFF00
(0000000005.394600) vcan0 308#00028240043FFF00
(0000000005.399500) vcan0 212#02BF0880A7F23FFF
(0000000005.404400) vcan0 308#00029C40043FFF00
(0000000005.414600) vcan0 308#0002B200053FFF00
(0000000005.419500) vcan0 212#02BF0891A7F23FFF
(0000000005.424400) vcan0 308#0002D400053FFF00
(0000000005.434900) vcan0 308#0002D600043FFF00
(0000000005.439500) vcan0 212#02BF084B67F23FFF
(0000000005.444500) vcan0 308#0002D840043FFF00
(0000000005.454900) vcan0 308#0002D940053FFF00
(0000000005.459500) vcan0 212#02BF084E67F23FFF
(0000000005.464400) vcan0 308#0002E100053FFF00
(0000000005.474900) vcan0 308#0002F700043FFF00
(0000000005.479500) vcan0 212#02BF0856A7F23FFF
(0000000005.484400) vcan0 308#00030500043FFF00
(0000000005.494700) vcan0 308#00032740053FFF00
(0000000005.499500) vcan0 212#02BF0868A7F23FFF
(0000000005.504400) vcan0 308#00035340053FFF00
(0000000005.514600) vcan0 308#00037E00043FFF00
(0000000005.519600) vcan0 212#02BF087667F23FFF
(0000000005.524400) vcan0 308#0003CE40043FFF00
(0000000005.534600) vcan0 308#0003FA40053FFF00
(0000000005.539600) vcan0 212#02BF082A67F23FFF
(0000000005.544400) vcan0 308#00042800053FFF00
(0000000005.554600) vcan0 308#00046C40043FFF00
(0000000005.559600) vcan0 212#02BF07D3A7F23FFF
(0000000005.564500) vcan0 308#00049400043FFF00
(0000000005.574800) vcan0 308#0004CF00053FFF00
(0000000005.579600) vcan0 212#02BF07D8A7F23FFF
(0000000005.584500) vcan0 308#0004F900053FFF00
(0000000005.595000) vcan0 308#00051700043FFF00
(0000000005.599600) vcan0 212#02BF07D767F23FFF
(0000000005.604500) vcan0 308#00053C00043FFF00
(0000000005.615000) vcan0 308#00056200053FFF00
(0000000005.619700) vcan0 212#02BF07E167F23FFF
(0000000005.624600) vcan0 308#00058740053FFF00
(0000000005.635000) vcan0 308#0005AC00043FFF00
(0000000005.639700) vcan0 212#02BF07EAA7F23FFF
(0000000005.644600) vcan0 308#0005CD40043FFF00
(0000000005.654800) vcan0 308#0005EF00053FFF00
(0000000005.659700) vcan0 212#02BF07E6A7F23FFF
(0000000005.664600) vcan0 308#00060C40053FFF00
(0000000005.675100) vcan0 308#00063440043FFF00
(0000000005.679800) vcan0 212#02BF07DA67F23FFF
(0000000005.684600) vcan0 308#00065000043FFF00
(0000000005.695100) vcan0 308#00066E00053FFF00
(0000000005.699700) vcan0 212#02BF07D367F23FFF
(0000000005.704700) vcan0 308#00069340053FFF00
(0000000005.715100) vcan0 308#0006B040043FFF00
(0000000005.719800) vcan0 212#02BF07C9A7F23FFF
(0000000005.724600) vcan0 308#0006D340043FFF00
(0000000005.735100) vcan0 308#0006F200053FFF00
(0000000005.739800) vcan0 212#02BF07C0A7F23FFF
(0000000005.744600) vcan0 308#00070A00053FFF00
(0000000005.754900) vcan0 308#00072740043FFF00
(0000000005.759800) vcan0 212#02BF07B767F23FFF
(0000000005.764600) vcan0 308#00074600043FFF00
(0000000005.774800) vcan0 308#00076240053FFF00
(0000000005.779800) vcan0 212#02BF07AA67F23FFF
(0000000005.784600) vcan0 308#00077940053FFF00
(0000000005.794800) vcan0 308#00078840043FFF00
(0000000005.799800) vcan0 212#02BF07A5A7F23FFF
(0000000005.804800) vcan0 308#00079C40043FFF00
(0000000005.815100) vcan0 308#0007B100053FFF00
(0000000005.819800) vcan0 212#02BF07A0A7F23FFF
(0000000005.824700) vcan0 308#0007C600053FFF00
(0000000005.834900) vcan0 308#0007DB40043FFF00
(0000000005.839800) vcan0 212#02BF079A67F23FFF
(0000000005.844700) vcan0 308#0007F700043FFF00
(0000000005.854900) vcan0 308#00080A00053FFF00
(0000000005.859800) vcan0 212#02BF079867F23FFF
(0000000005.864700) vcan0 308#00081D00053FFF00
(0000000005.874900) vcan0 308#00082E40043FFF00
(0000000005.879800) vcan0 212#02BF0795A7F23FFF
(0000000005.884700) vcan0 308#00083F40043FFF00
(0000000005.895200) vcan0 308#00085440053FFF00
(0000000005.899800) vcan0 212#02BF0790A7F23FFF
(0000000005.904700) vcan0 308#00086440053FFF00
(0000000005.915200) vcan0 308#00087140043FFF00
(0000000005.919800) vcan0 212#02BF078E67F23FFF
(0000000005.924700) vcan0 308#00088000043FFF00
(0000000005.934900) vcan0 308#00088D00053FFF00
(0000000005.939800) vcan0 212#02BF078967F23FFF
(0000000005.944700) vcan0 308#00089C00053FFF00
(0000000005.955100) vcan0 308#0008A700043FFF00
(0000000005.959800) vcan0 212#02BF0788A7F23FFF
(0000000005.964700) vcan0 308#0008B500043FFF00
(0000000005.975200) vcan0 308#0008BF40053FFF00
(0000000005.979800) vcan0 212#02BF0784A7F23FFF
(0000000005.984700) vcan0 308#0008CC00053FFF00
(0000000005.994900) vcan0 308#0008D300043FFF00
(0000000005.999800) vcan0 212#02BF078367F23FFF
(0000000006.004700) vcan0 308#0008DC00043FFF00
(0000000006.014900) vcan0 308#0008E400053FFF00
(0000000006.019800) vcan0 212#02BF078067F23FFF
(0000000006.024800) vcan0 308#0008F140053FFF00
(0000000006.034900) vcan0 308#0008FA40043FFF00
(0000000006.039800) vcan0 212#02BF077FA7F23FFF
(0000000006.044600) vcan0 308#00090300043FFF00
(0000000006.054900) vcan0 308#00090C40053FFF00
(0000000006.059800) vcan0 212#02BF077DA7F23FFF
(0000000006.064700) vcan0 308#00091300053FFF00
(0000000006.074900) vcan0 308#00091C40043FFF00
(0000000006.079800) vcan0 212#02BF077A67F23FFF
(0000000006.084600) vcan0 308#00092540043FFF00
(0000000006.094900) vcan0 308#00092B40053FFF00
(0000000006.099800) vcan0 212#02BF077967F23FFF
(0000000006.104700) vcan0 308#00093200053FFF00
(0000000006.115200) vcan0 308#00093840043FFF00
(0000000006.119800) vcan0 212#02BF0778A7F23FFF
(0000000006.124700) vcan0 308#00093F00043FFF00
(0000000006.134900) vcan0 308#00094600053FFF00
(0000000006.139800) vcan0 212#02BF0776A7F23FFF
(0000000006.144700) vcan0 308#00094D40053FFF00
(0000000006.155100) vcan0 308#00095300043FFF00
(0000000006.159900) vcan0 212#02BF077567F23FFF
(0000000006.164700) vcan0 308#00095740043FFF00
(0000000006.174900) vcan0 308#00095D00053FFF00
(0000000006.179900) vcan0 212#02BF077467F23FFF
(0000000006.184700) vcan0 308#00096100053FFF00
(0000000006.195200) vcan0 308#00096300043FFF00
(0000000006.199900) vcan0 212#02BF0774A7F23FFF
(0000000006.204700) vcan0 308#00096440043FFF00
(0000000006.215200) vcan0 308#00096700053FFF00
(0000000006.219900) vcan0 212#02BF0773A7F23FFF
(0000000006.224800) vcan0 308#00096C40053FFF00
(0000000006.235200) vcan0 308#00097100043FFF00
(0000000006.239900) vcan0 212#02BF077167F23FFF
(0000000006.244800) vcan0 308#00097400043FFF00
(0000000006.255200) vcan0 308#00097840053FFF00
(0000000006.259900) vcan0 212#02BF077067F23FFF
(0000000006.264800) vcan0 308#00097C00053FFF00
(0000000006.275200) vcan0 308#00097F40043FFF00
(0000000006.279900) vcan0 212#02BF076FA7F23FFF
(0000000006.284800) vcan0 308#00097F40043FFF00
(0000000006.295000) vcan0 308#00097E40053FFF00
(0000000006.300000) vcan0 212#02BF076FA7F23FFF
(0000000006.304800) vcan0 308#00097F00053FFF00
(0000000006.314900) vcan0 308#00098040043FFF00
(0000000006.319900) vcan0 212#02BF076E67F23FFF
(0000000006.324800) vcan0 308#00098540043FFF00
(0000000006.335000) vcan0 308#00098A00053FFF00
(0000000006.340000) vcan0 212#02BF076D67F23FFF
(0000000006.344800) vcan0 308#00098B40053FFF00
(0000000006.354900) vcan0 308#00098C40043FFF00
(0000000006.360000) vcan0 212#02BF076CA7F23FFF
(0000000006.364800) vcan0 308#00098E00043FFF00
(0000000006.375300) vcan0 308#00099100053FFF00
(0000000006.380000) vcan0 212#02BF076AA7F23FFF
(0000000006.384800) vcan0 308#00099400053FFF00
(0000000006.395000) vcan0 308#00099500043FFF00
(0000000006.400300) vcan0 212#02BF076A67F23FFF
(0000000006.405200) vcan0 308#00099500043FFF00
(0000000006.415300) vcan0 308#00099640053FFF00
(0000000006.420000) vcan0 212#02BF076767F23FFF
(0000000006.424800) vcan0 308#00099800053FFF00
(0000000006.435200) vcan0 308#00099300043FFF00
(0000000006.440000) vcan0 212#02BF0764A7F23FFF
(0000000006.444800) vcan0 308#00098A40043FFF00
(0000000006.455300) vcan0 308#00098440053FFF00
(0000000006.460000) vcan0 212#02BF0764A7F23FFF
(0000000006.464800) vcan0 308#00098440053FFF00
(0000000006.475300) vcan0 308#00098540043FFF00
(0000000006.480000) vcan0 212#02BF076467F23FFF
(0000000006.484800) vcan0 308#00098100043FFF00
(0000000006.495300) vcan0 308#00097E40053FFF00
(0000000006.500100) vcan0 212#02BF076467F23FFF
(0000000006.504900) vcan0 308#00097E40053FFF00
(0000000006.515300) vcan0 308#00097D00043FFF00
(0000000006.520100) vcan0 212#02BF0764A7F23FFF
(0000000006.524900) vcan0 308#00097D00043FFF00
(0000000006.535300) vcan0 308#00097E40053FFF00
(0000000006.540100) vcan0 212#02BF0765A7F23FFF
(0000000006.545000) vcan0 308#00097F00053FFF00
(0000000006.555200) vcan0 308#00097E00043FFF00
(0000000006.560100) vcan0 212#02BF076667F23FFF
(0000000006.564900) vcan0 308#00097D00043FFF00
(0000000006.575100) vcan0 308#00097C00053FFF00
(0000000006.580100) vcan0 212#02BF076567F23FFF
(0000000006.584900) vcan0 308#00097C00053FFF00
(0000000006.595100) vcan0 308#00097B00043FFF00
(0000000006.600100) vcan0 212#02BF0766A7F23FFF
(0000000006.604900) vcan0 308#00097940043FFF00
(0000000006.615100) vcan0 308#00097740053FFF00
(0000000006.620100) vcan0 212#02BF0765A7F23FFF
(0000000006.624900) vcan0 308#00097600053FFF00
(0000000006.635200) vcan0 308#00097700043FFF00
(0000000006.640100) vcan0 212#02BF076567F23FFF
(0000000006.644900) vcan0 308#00097540043FFF00
(0000000006.655400) vcan0 308#00097000053FFF00
(0000000006.660100) vcan0 212#02BF076567F23FFF
(0000000006.664900) vcan0 308#00096C40053FFF00
(0000000006.675400) vcan0 308#00096A00043FFF00
(0000000006.680100) vcan0 212#02BF0765A7F23FFF
(0000000006.684900) vcan0 308#00096840043FFF00
(0000000006.695200) vcan0 308#00096700053FFF00
(0000000006.700100) vcan0 212#02BF0764A7F23FFF
(0000000006.704900) vcan0 308#00096340053FFF00
(0000000006.715700) vcan0 308#00095E40043FFF00
(0000000006.720100) vcan0 212#02BF076467F23FFF
(0000000006.725200) vcan0 308#00095900043FFF00
(0000000006.735600) vcan0 308#00095540053FFF00
(0000000006.740100) vcan0 212#02BF076467F23FFF
(0000000006.744900) vcan0 308#00095200053FFF00
(0000000006.755400) vcan0 308#00094C40043FFF00
(0000000006.760100) vcan0 212#02BF0765A7F23FFF
(0000000006.764900) vcan0 308#00094340043FFF00
(0000000006.775400) vcan0 308#00093C40053FFF00
(0000000006.780100) vcan0 212#02BF0764A7F23FFF
(0000000006.784900) vcan0 308#00093700053FFF00
(0000000006.795400) vcan0 308#00093500043FFF00
(0000000006.800100) vcan0 212#02BF076467F23FFF
(0000000006.805000) vcan0 308#00093240043FFF00
(0000000006.815000) vcan0 308#00092E40053FFF00
(0000000006.820100) vcan0 212#02BF076367F23FFF
(0000000006.824900) vcan0 308#00092A00053FFF00
(0000000006.835100) vcan0 308#00092700043FFF00
(0000000006.840100) vcan0 212#02BF0763A7F23FFF
(0000000006.845200) vcan0 308#00092040043FFF00
(0000000006.855200) vcan0 308#00091740053FFF00
(0000000006.860100) vcan0 212#02BF0763A7F23FFF
(0000000006.865200) vcan0 308#00090D00053FFF00
(0000000006.875200) vcan0 308#00090300043FFF00
(0000000006.880200) vcan0 212#02BF076467F23FFF
(0000000006.885200) vcan0 308#0008F640043FFF00
(0000000006.895200) vcan0 308#0008EF40053FFF00
(0000000006.900200) vcan0 212#02BF076467F23FFF
(0000000006.905000) vcan0 308#0008EA40053FFF00
(0000000006.915400) vcan0 308#0008E240043FFF00
(0000000006.920200) vcan0 212#02BF0763A7F23FFF
(0000000006.925000) vcan0 308#0008DC00043FFF00
(0000000006.935200) vcan0 308#0008D700053FFF00
(0000000006.940500) vcan0 212#02BF0763A7F23FFF
(0000000006.945000) vcan0 308#0008D340053FFF00
(0000000006.955500) vcan0 308#0008CE00043FFF00
(0000000006.960200) vcan0 212#02BF076367F23FFF
(0000000006.965000) vcan0 308#0008C640043FFF00
(0000000006.975500) vcan0 308#0008BD00053FFF00
(0000000006.980200) vcan0 212#02BF076467F23FFF
(0000000006.985100) vcan0 308#0008B200053FFF00
(0000000006.995500) vcan0 308#0008AA40043FFF00
(0000000007.000200) vcan0 212#02BF0766A7F23FFF
(0000000007.005100) vcan0 308#00089E00043FFF00
(0000000007.015600) vcan0 308#00089240053FFF00
(0000000007.020300) vcan0 212#02BF0767A7F23FFF
(0000000007.025300) vcan0 308#00088640053FFF00
(0000000007.035500) vcan0 308#00087840043FFF00
(0000000007.040200) vcan0 212#02BF076867F23FFF
(0000000007.045300) vcan0 308#00087000043FFF00
(0000000007.055600) vcan0 308#00086740053FFF00
(0000000007.060300) vcan0 212#02BF076867F23FFF
(0000000007.065300) vcan0 308#00086140053FFF00
(0000000007.075300) vcan0 308#00085100043FFF00
(0000000007.080300) vcan0 212#02BF076AA7F23FFF
(0000000007.085300) vcan0 308#00084840043FFF00
(0000000007.095200) vcan0 308#00083F00053FFF00
(0000000007.100300) vcan0 212#02BF076BA7F23FFF
(0000000007.105100) vcan0 308#00083840053FFF00
(0000000007.115200) vcan0 308#00082A00043FFF00
(0000000007.120300) vcan0 212#02BF076C67F23FFF
(0000000007.125300) vcan0 308#00081440043FFF00
(0000000007.135500) vcan0 308#00080600053FFF00
(0000000007.140300) vcan0 212#02BF076E67F23FFF
(0000000007.145300) vcan0 308#0007F900053FFF00
(0000000007.155500) vcan0 308#0007EB40043FFF00
(0000000007.160300) vcan0 212#02BF076FA7F23FFF
(0000000007.165300) vcan0 308#0007DA00043FFF00
(0000000007.175600) vcan0 308#0007C900053FFF00
(0000000007.180300) vcan0 212#02BF0770A7F23FFF
(0000000007.185300) vcan0 308#0007B800053FFF00
(0000000007.195500) vcan0 308#0007A800043FFF00
(0000000007.200300) vcan0 212#02BF077067F23FFF
(0000000007.205100) vcan0 308#00079540043FFF00
(0000000007.215500) vcan0 308#00078540053FFF00
(0000000007.220300) vcan0 212#02BF077267F23FFF
(0000000007.225100) vcan0 308#00077800053FFF00
(0000000007.235500) vcan0 308#00076940043FFF00
(0000000007.240300) vcan0 212#02BF0772A7F23FFF
(0000000007.245100) vcan0 308#00075B00043FFF00
(0000000007.255600) vcan0 308#00075000053FFF00
(0000000007.260300) vcan0 212#02BF0774A7F23FFF
(0000000007.265100) vcan0 308#00074700053FFF00
(0000000007.275500) vcan0 308#00074600043FFF00
(0000000007.280300) vcan0 212#02BF077467F23FFF
(0000000007.285300) vcan0 308#00073E00043FFF00
(0000000007.295600) vcan0 308#00072C40053FFF00
(0000000007.300300) vcan0 212#02BF077467F23FFF
(0000000007.305100) vcan0 308#00071C40053FFF00
(0000000007.315600) vcan0 308#00070640043FFF00
(0000000007.320300) vcan0 212#02BF0775A7F23FFF
(0000000007.325100) vcan0 308#0006F740043FFF00
(0000000007.335300) vcan0 308#0006E240053FFF00
(0000000007.340300) vcan0 212#02BF0776A7F23FFF
(0000000007.345400) vcan0 308#0006CF40053FFF00
(0000000007.355300) vcan0 308#0006B640043FFF00
(0000000007.360700) vcan0 212#02BF077667F23FFF
(0000000007.365400) vcan0 308#0006A300043FFF00
(0000000007.375300) vcan0 308#00069400053FFF00
(0000000007.380300) vcan0 212#02BF077767F23FFF
(0000000007.385300) vcan0 308#00067F00053FFF00
(0000000007.395300) vcan0 308#00066E40043FFF00
(0000000007.400400) vcan0 212#02BF0778A7F23FFF
(0000000007.405400) vcan0 308#00065C00043FFF00
(0000000007.415300) vcan0 308#00064740053FFF00
(0000000007.420300) vcan0 212#02BF077BA7F23FFF
(0000000007.425400) vcan0 308#00063540053FFF00
(0000000007.435300) vcan0 308#00062400043FFF00
(0000000007.440400) vcan0 212#02BF077C67F23FFF
(0000000007.445400) vcan0 308#00061640043FFF00
(0000000007.455600) vcan0 308#00060640053FFF00
(0000000007.460300) vcan0 212#02BF077D67F23FFF
(0000000007.465400) vcan0 308#0005F340053FFF00
(0000000007.475600) vcan0 308#0005DC40043FFF00
(0000000007.480400) vcan0 212#02BF077FA7F23FFF
(0000000007.485400) vcan0 308#0005CD40043FFF00
(0000000007.495600) vcan0 308#0005B840053FFF00
(0000000007.500300) vcan0 212#02BF0780A7F23FFF
(0000000007.505200) vcan0 308#0005A340053FFF00
(0000000007.515600) vcan0 308#00058C40043FFF00
(0000000007.520400) vcan0 212#02BF078167F23FFF
(0000000007.525100) vcan0 308#00057540043FFF00
(0000000007.535600) vcan0 308#00056400053FFF00
(0000000007.540400) vcan0 212#02BF078267F23FFF
(0000000007.545400) vcan0 308#00054B40053FFF00
(0000000007.555600) vcan0 308#00053A00043FFF00
(0000000007.560400) vcan0 212#02BF0782A7F23FFF
(0000000007.565400) vcan0 308#00052040043FFF00
(0000000007.575900) vcan0 308#00050F40053FFF00
(0000000007.580300) vcan0 212#02BF0784A7F23FFF
(0000000007.585700) vcan0 308#0004F440053FFF00
(0000000007.595900) vcan0 308#0004E240043FFF00
(0000000007.600400) vcan0 212#02BF078567F23FFF
(0000000007.605400) vcan0 308#0004C640043FFF00
(0000000007.615300) vcan0 308#0004B340053FFF00
(0000000007.620400) vcan0 212#02BF078567F23FFF
(0000000007.625400) vcan0 308#0004A140053FFF00
(0000000007.635600) vcan0 308#00048E40043FFF00
(0000000007.640400) vcan0 212#02BF0787A7F23FFF
(0000000007.645300) vcan0 308#00047140043FFF00
(0000000007.655300) vcan0 308#00045D40053FFF00
(0000000007.660400) vcan0 212#02BF078CA7F23FFF
(0000000007.665300) vcan0 308#00044940053FFF00
(0000000007.675300) vcan0 308#00043540043FFF00
(0000000007.680400) vcan0 212#02BF078B67F23FFF
(0000000007.685300) vcan0 308#00042140043FFF00
(0000000007.695600) vcan0 308#00040B40053FFF00
(0000000007.700400) vcan0 212#02BF078F67F23FFF
(0000000007.705400) vcan0 308#0003F640053FFF00
(0000000007.715300) vcan0 308#0003E100043FFF00
(0000000007.720400) vcan0 212#02BF0796A7F23FFF
(0000000007.725300) vcan0 308#0003D640043FFF00
(0000000007.735500) vcan0 308#0003BF00053FFF00
(0000000007.740400) vcan0 212#02BF0793A7F23FFF
(0000000007.745200) vcan0 308#0003A940053FFF00
(0000000007.755600) vcan0 308#00039300043FFF00
(0000000007.760400) vcan0 212#02BF079867F23FFF
(0000000007.765300) vcan0 308#00038700043FFF00
(0000000007.775500) vcan0 308#00037000053FFF00
(0000000007.780400) vcan0 212#02BF079567F23FFF
(0000000007.785400) vcan0 308#00035940053FFF00
(0000000007.795600) vcan0 308#00034D00043FFF00
(0000000007.800400) vcan0 212#02BF0798A7F23FFF
(0000000007.805400) vcan0 308#00033300043FFF00
(0000000007.815600) vcan0 308#00032740053FFF00
(0000000007.820400) vcan0 212#02BF0796A7F23FFF
(0000000007.825400) vcan0 308#00030F40053FFF00
(0000000007.835600) vcan0 308#00030240043FFF00
(0000000007.840400) vcan0 212#02BF079867F23FFF
(0000000007.845400) vcan0 308#0002F340043FFF00
(0000000007.855700) vcan0 308#0002D940053FFF00
(0000000007.860400) vcan0 212#02BF079567F23FFF
(0000000007.865400) vcan0 308#0002CC00053FFF00
(0000000007.875400) vcan0 308#0002C040043FFF00
(0000000007.880400) vcan0 212#02BF0797A7F23FFF
(0000000007.885400) vcan0 308#0002B240043FFF00
(0000000007.895600) vcan0 308#00029300053FFF00
(0000000007.900400) vcan0 212#02BF0793A7F23FFF
(0000000007.905400) vcan0 308#00028640053FFF00
(0000000007.915400) vcan0 308#00027A00043FFF00
(0000000007.920400) vcan0 212#02BF079167F23FFF
(0000000007.925400) vcan0 308#00026D00043FFF00
(0000000007.935600) vcan0 308#00025F00053FFF00
(0000000007.940400) vcan0 212#02BF079467F23FFF
(0000000007.945400) vcan0 308#00024E00053FFF00
(0000000007.955300) vcan0 308#00023E00043FFF00
(0000000007.960400) vcan0 212#02BF0791A7F23FFF
(0000000007.965400) vcan0 308#00023100043FFF00
(0000000007.975400) vcan0 308#00022540053FFF00
(0000000007.980400) vcan0 212#02BF078FA7F23FFF
(0000000007.985500) vcan0 308#00021800053FFF00
(0000000007.996000) vcan0 308#00020940043FFF00
(0000000008.000400) vcan0 212#02BF079367F23FFF
(0000000008.005500) vcan0 308#00020940043FFF00
(0000000008.015900) vcan0 308#0001F500053FFF00
(0000000008.020400) vcan0 212#02BF079267F23FFF
(0000000008.025399) vcan0 308#0001E206053FFF00
(0000000008.035700) vcan0 308#0001D506043FFF00
(0000000008.040400) vcan0 212#02BF0792A7F23FFF
(0000000008.045400) vcan0 308#0001C946043FFF00
(0000000008.055700) vcan0 308#0001C906053FFF00
(0000000008.060400) vcan0 212#02BF0792A7F23FFF
(0000000008.065400) vcan0 308#0001BB06053FFF00
(0000000008.075600) vcan0 308#0001AB06043FFF00
(0000000008.080399) vcan0 212#02BF079967F23FFF
(0000000008.085400) vcan0 308#0001AB06043FFF00
(0000000008.095599) vcan0 308#00019006053FFF00
(0000000008.100400) vcan0 212#02BF079967F23FFF
(0000000008.105399) vcan0 308#00019006053FFF00
(0000000008.115600) vcan0 308#00017746043FFF00
(0000000008.120400) vcan0 212#02BF0799A7F23FFF
(0000000008.125400) vcan0 308#00017746043FFF00
(0000000008.135300) vcan0 308#00016906053FFF00
(0000000008.140400) vcan0 212#02BF0799A7F23FFF
(0000000008.145400) vcan0 308#00015E46053FFF00
(0000000008.155400) vcan0 308#00015E06043FFF00
(0000000008.160500) vcan0 212#02BF079967F23FFF
(0000000008.165400) vcan0 308#00015106043FFF00
(0000000008.175400) vcan0 308#00015146053FFF00
(0000000008.180400) vcan0 212#02BF07A167F23FFF
(0000000008.185400) vcan0 308#00013E46053FFF00
(0000000008.195299) vcan0 308#00013E06043FFF00
(0000000008.200400) vcan0 212#02BF073EA7F23FFF
(0000000008.205399) vcan0 308#00000006043FFF00
(0000000008.215299) vcan0 308#00000046053FFF00
(0000000008.220700) vcan0 212#02BF073EA7F23FFF
(0000000008.225400) vcan0 308#00000046053FFF00
(0000000008.235298) vcan0 308#00000006043FFF00
(0000000008.240500) vcan0 212#02BF073E67F23FFF
(0000000008.245400) vcan0 308#00000006043FFF00
(0000000008.255299) vcan0 308#00000046053FFF00
(0000000008.260400) vcan0 212#02BF073E67F23FFF
(0000000008.265400) vcan0 308#00000046053FFF00
(0000000008.275700) vcan0 308#00000006043FFF00
(0000000008.280400) vcan0 212#02BF073EA7F23FFF
(0000000008.285399) vcan0 308#00000006043FFF00
(0000000008.295600) vcan0 308#00000046053FFF00
(0000000008.300400) vcan0 212#02BF073EA7F23FFF
(0000000008.305400) vcan0 308#00000046053FFF00
(0000000008.315600) vcan0 308#00000006043FFF00
(0000000008.320399) vcan0 212#02BF073E67F23FFF
(0000000008.325400) vcan0 308#00000006043FFF00
(0000000008.335599) vcan0 308#00000046053FFF00
(0000000008.340400) vcan0 212#02BF073E67F23FFF
(0000000008.345400) vcan0 308#00000046053FFF00
(0000000008.355600) vcan0 308#00000006043FFF00
(0000000008.360400) vcan0 212#02BF073EA7F23FFF
(0000000008.365399) vcan0 308#00000006043FFF00
(0000000008.375600) vcan0 308#00000046053FFF00
(0000000008.380400) vcan0 212#02BF073EA7F23FFF
(0000000008.385400) vcan0 308#00000046053FFF00
(0000000008.395300) vcan0 308#00000006043FFF00
(0000000008.400400) vcan0 212#02BF073E67F23FFF
(0000000008.405300) vcan0 308#00000006043FFF00
(0000000008.415600) vcan0 308#00000046053FFF00
(0000000008.420400) vcan0 212#02BF073E67F23FFF
(0000000008.425400) vcan0 308#00000046053FFF00
(0000000008.435700) vcan0 308#00000006043FFF00
(0000000008.440400) vcan0 212#02BF073EA7F23FFF
(0000000008.445400) vcan0 308#00000006043FFF00
(0000000008.455300) vcan0 308#00000046053FFF00
(0000000008.460400) vcan0 212#02BF073EA7F23FFF
(0000000008.465300) vcan0 308#00000046053FFF00
(0000000008.475400) vcan0 308#00000006043FFF00
(0000000008.480400) vcan0 212#02BF073E67F23FFF
(0000000008.485400) vcan0 308#00000006043FFF00
(0000000008.495300) vcan0 308#00000046053FFF00
(0000000008.500400) vcan0 212#02BF073E67F23FFF
(0000000008.505400) vcan0 308#00000046053FFF00
(0000000008.515600) vcan0 308#00000006043FFF00
(0000000008.520400) vcan0 212#02BF073EA7F23FFF
(0000000008.525400) vcan0 308#00000006043FFF00
(0000000008.535600) vcan0 308#00000046053FFF00
(0000000008.540400) vcan0 212#02BF073EA7F23FFF
(0000000008.545400) vcan0 308#00000046053FFF00
(0000000008.555600) vcan0 308#00000006043FFF00
(0000000008.560400) vcan0 212#02BF073E67F23FFF
(0000000008.565400) vcan0 308#00000006043FFF00
(0000000008.575600) vcan0 308#00000046053FFF00
(0000000008.580400) vcan0 212#02BF073E67F23FFF
(0000000008.585500) vcan0 308#00000046053FFF00
(0000000008.595600) vcan0 308#00000006043FFF00
(0000000008.600400) vcan0 212#02BF073EA7F23FFF
(0000000008.605400) vcan0 308#00000006043FFF00
(0000000008.615600) vcan0 308#00000046053FFF00
(0000000008.620500) vcan0 212#02BF073EA7F23FFF
(0000000008.625400) vcan0 308#00000046053FFF00
(0000000008.635600) vcan0 308#00000006043FFF00
(0000000008.640500) vcan0 212#02BF073E67F23FFF
(0000000008.645300) vcan0 308#00000006043FFF00
(0000000008.655300) vcan0 308#00000046053FFF00
(0000000008.660500) vcan0 212#02BF073E67F23FFF
(0000000008.665400) vcan0 308#00000046053FFF00
(0000000008.675400) vcan0 308#00000006043FFF00
(0000000008.680400) vcan0 212#02BF073EA7F23FFF
(0000000008.685400) vcan0 308#00000006043FFF00
(0000000008.695400) vcan0 308#00000046053FFF00
(0000000008.700400) vcan0 212#02BF073EA7F23FFF
(0000000008.705400) vcan0 308#00000046053FFF00
(0000000008.715600) vcan0 308#00000006043FFF00
(0000000008.720400) vcan0 212#02BF073E67F23FFF
(0000000008.725300) vcan0 308#00000006043FFF00
(0000000008.735200) vcan0 308#00000046053FFF00
(0000000008.740400) vcan0 212#02BF073E67F23FFF
(0000000008.745400) vcan0 308#00000046053FFF00
(0000000008.755600) vcan0 308#00000006043FFF00
(0000000008.760400) vcan0 212#02BF073EA7F23FFF
(0000000008.765300) vcan0 308#00000006043FFF00
(0000000008.775400) vcan0 308#00000046053FFF00
(0000000008.780500) vcan0 212#02BF073EA7F23FFF
(0000000008.785300) vcan0 308#00000046053FFF00
(0000000008.795600) vcan0 308#00000006043FFF00
(0000000008.800400) vcan0 212#02BF073E67F23FFF
(0000000008.805300) vcan0 308#00000006043FFF00
(0000000008.815600) vcan0 308#00000046053FFF00
(0000000008.820400) vcan0 212#02BF073E67F23FFF
(0000000008.825500) vcan0 308#00000046053FFF00
(0000000008.835600) vcan0 308#00000006043FFF00
(0000000008.840500) vcan0 212#02BF073EA7F23FFF
(0000000008.845500) vcan0 308#00000006043FFF00
(0000000008.855900) vcan0 308#00000046053FFF00
(0000000008.860500) vcan0 212#02BF073EA7F23FFF
(0000000008.865700) vcan0 308#00000046053FFF00
(0000000008.875600) vcan0 308#00000006043FFF00
(0000000008.880500) vcan0 212#02BF073E67F23FFF
(0000000008.885400) vcan0 308#00000006043FFF00
(0000000008.895600) vcan0 308#00000046053FFF00
(0000000008.900500) vcan0 212#02BF073E67F23FFF
(0000000008.905300) vcan0 308#00000046053FFF00
(0000000008.915300) vcan0 308#00000006043FFF00
(0000000008.920500) vcan0 212#02BF073EA7F23FFF
(0000000008.925300) vcan0 308#00000006043FFF00
(0000000008.935400) vcan0 308#00000046053FFF00
(0000000008.940500) vcan0 212#02BF073EA7F23FFF
(0000000008.945400) vcan0 308#00000046053FFF00
(0000000008.955400) vcan0 308#00000006043FFF00
(0000000008.960500) vcan0 212#02BF073E67F23FFF
(0000000008.965400) vcan0 308#00000006043FFF00
(0000000008.975400) vcan0 308#00000046053FFF00
(0000000008.980500) vcan0 212#02BF073E67F23FFF
(0000000008.985400) vcan0 308#00000046053FFF00
(0000000008.995400) vcan0 308#00000006043FFF00
(0000000009.000500) vcan0 212#02BF073EA7F23FFF
(0000000009.005400) vcan0 308#00000006043FFF00
(0000000009.015300) vcan0 308#00000046053FFF00
(0000000009.020500) vcan0 212#02BF073EA7F23FFF
(0000000009.025400) vcan0 308#00000046053FFF00
(0000000009.035400) vcan0 308#00000006043FFF00
(0000000009.040500) vcan0 212#02BF073E67F23FFF
(0000000009.045400) vcan0 308#00000006043FFF00
(0000000009.055400) vcan0 308#00000046053FFF00
(0000000009.060500) vcan0 212#02BF073E67F23FFF
(0000000009.065400) vcan0 308#00000046053FFF00
(0000000009.075300) vcan0 308#00000006043FFF00
(0000000009.080800) vcan0 212#02BF073EA7F23FFF
(0000000009.085400) vcan0 308#00000006043FFF00
(0000000009.095400) vcan0 308#00000046053FFF00
(0000000009.100500) vcan0 212#02BF073EA7F23FFF
(0000000009.105400) vcan0 308#00000046053FFF00
(0000000009.115600) vcan0 308#00000006043FFF00
(0000000009.120500) vcan0 212#02BF073E67F23FFF
(0000000009.125400) vcan0 308#00000006043FFF00
(0000000009.135600) vcan0 308#00000046053FFF00
(0000000009.140500) vcan0 212#02BF073E67F23FFF
(0000000009.145400) vcan0 308#00000046053FFF00
(0000000009.155600) vcan0 308#00000006043FFF00
(0000000009.160500) vcan0 212#02BF073EA7F23FFF
(0000000009.165400) vcan0 308#00000006043FFF00
(0000000009.175300) vcan0 308#00000046053FFF00
(0000000009.180500) vcan0 212#02BF073EA7F23FFF
(0000000009.185400) vcan0 308#00000046053FFF00
