(0000000000.027600) vcan0 212#02BF073E67F23FFF
(0000000000.047600) vcan0 212#02BF073E67F23FFF
(0000000000.067600) vcan0 212#02BF073EA7F23FFF
(0000000000.087600) vcan0 212#02BF073EA7F23FFF
(0000000000.107600) vcan0 212#02BF073E67F23FFF
(0000000000.127600) vcan0 212#02BF073E67F23FFF
(0000000000.147600) vcan0 212#02BF073EA7F23FFF
(0000000000.167600) vcan0 212#02BF073EA7F23FFF
(0000000000.187600) vcan0 212#02BF073E67F23FFF
(0000000000.207600) vcan0 212#02BF073E67F23FFF
(0000000000.227700) vcan0 212#02BF073EA7F23FFF
(0000000000.247600) vcan0 212#02BF073EA7F23FFF
(0000000000.267600) vcan0 212#02BF073E67F23FFF
(0000000000.287600) vcan0 212#02BF073E67F23FFF
(0000000000.307400) vcan0 212#02BF073EA7F23FFF
(0000000000.327400) vcan0 212#02BF073EA7F23FFF
(0000000000.347600) vcan0 212#02BF073E67F23FFF
(0000000000.367600) vcan0 212#02BF073E67F23FFF
(0000000000.387600) vcan0 212#02BF073EA7F23FFF
(0000000000.407400) vcan0 212#02BF073EA7F23FFF
(0000000000.427400) vcan0 212#02BF073E67F23FFF
(0000000000.447600) vcan0 212#02BF073E67F23FFF
(0000000000.467600) vcan0 212#02BF073EA7F23FFF
(0000000000.487600) vcan0 212#02BF073EA7F23FFF
(0000000000.507400) vcan0 212#02BF073E67F23FFF
(0000000000.527400) vcan0 212#02BF073E67F23FFF
(0000000000.547600) vcan0 212#02BF073EA7F23FFF
(0000000000.567600) vcan0 212#02BF073EA7F23FFF
(0000000000.587600) vcan0 212#02BF073E67F23FFF
(0000000000.607400) vcan0 212#02BF073E67F23FFF
(0000000000.627400) vcan0 212#02BF073EA7F23FFF
(0000000000.647700) vcan0 212#02BF073EA7F23FFF
(0000000000.667600) vcan0 212#02BF073E67F23FFF
(0000000000.687600) vcan0 212#02BF073E67F23FFF
(0000000000.707400) vcan0 212#02BF073EA7F23FFF
(0000000000.727400) vcan0 212#02BF073EA7F23FFF
(0000000000.747600) vcan0 212#02BF073E67F23FFF
(0000000000.767600) vcan0 212#02BF073E67F23FFF
(0000000000.787400) vcan0 212#02BF073EA7F23FFF
(0000000000.807400) vcan0 212#02BF073EA7F23FFF
(0000000000.827400) vcan0 212#02BF073E67F23FFF
(0000000000.847400) vcan0 212#02BF073E67F23FFF
(0000000000.867400) vcan0 212#02BF073EA7F23FFF
(0000000000.887600) vcan0 212#02BF073EA7F23FFF
(0000000000.907400) vcan0 212#02BF073E67F23FFF
(0000000000.927400) vcan0 212#02BF073E67F23FFF
(0000000000.947400) vcan0 212#02BF073EA7F23FFF
(0000000000.967400) vcan0 212#02BF073EA7F23FFF
(0000000000.987400) vcan0 212#02BF073E67F23FFF
(0000000001.007400) vcan0 212#02BF073E67F23FFF
(0000000001.027400) vcan0 212#02BF073EA7F23FFF
(0000000001.047400) vcan0 212#02BF073EA7F23FFF
(0000000001.067400) vcan0 212#02BF073E67F23FFF
(0000000001.087400) vcan0 212#02BF073E67F23FFF
(0000000001.107400) vcan0 212#02BF073EA7F23FFF
(0000000001.127400) vcan0 212#02BF073EA7F23FFF
(0000000001.147400) vcan0 212#02BF073E67F23FFF
(0000000001.167400) vcan0 212#02BF073E67F23FFF
(0000000001.187400) vcan0 212#02BF073EA7F23FFF
(0000000001.207400) vcan0 212#02BF073EA7F23FFF
(0000000001.227500) vcan0 212#02BF073E67F23FFF
(0000000001.247400) vcan0 212#02BF073E67F23FFF
(0000000001.267400) vcan0 212#02BF073EA7F23FFF
(0000000001.287400) vcan0 212#02BF073EA7F23FFF
(0000000001.307500) vcan0 212#02BF073E67F23FFF
(0000000001.327400) vcan0 212#02BF073E67F23FFF
(0000000001.347400) vcan0 212#02BF073EA7F23FFF
(0000000001.367400) vcan0 212#02BF073EA7F23FFF
(0000000001.387400) vcan0 212#02BF073E67F23FFF
(0000000001.407400) vcan0 212#02BF073E67F23FFF
(0000000001.427400) vcan0 212#02BF073EA7F23FFF
(0000000001.447400) vcan0 212#02BF073EA7F23FFF
(0000000001.467400) vcan0 212#02BF073E67F23FFF
(0000000001.487400) vcan0 212#02BF073E67F23FFF
(0000000001.507400) vcan0 212#02BF073EA7F23FFF
(0000000001.527400) vcan0 212#02BF073EA7F23FFF
(0000000001.547400) vcan0 212#02BF073E67F23FFF
(0000000001.567500) vcan0 212#02BF073E67F23FFF
(0000000001.587400) vcan0 212#02BF073EA7F23FFF
(0000000001.607500) vcan0 212#02BF073EA7F23FFF
(0000000001.627400) vcan0 212#02BF073E67F23FFF
(0000000001.647500) vcan0 212#02BF073E67F23FFF
(0000000001.667400) vcan0 212#02BF073EA7F23FFF
(0000000001.687500) vcan0 212#02BF073EA7F23FFF
(0000000001.707400) vcan0 212#02BF073E67F23FFF
(0000000001.727500) vcan0 212#02BF073E27F93FFF
(0000000001.747400) vcan0 212#02BF073EA8013FFF
(0000000001.767500) vcan0 212#02BF073EE80A3FFF
(0000000001.787400) vcan0 212#02BF073E68133FFF
(0000000001.807500) vcan0 212#03D8073E681C3FFF
(0000000001.827400) vcan0 212#03D8073EE8223FFF
(0000000001.847500) vcan0 212#03D8073EE8273FFF
(0000000001.867400) vcan0 212#03D8073E682A3FFF
(0000000001.887500) vcan0 212#03D8073E682C3FFF
(0000000001.907400) vcan0 212#03D8073EE82D3FFF
(0000000001.927500) vcan0 212#03D8073EE8303FFF
(0000000001.947500) vcan0 212#03D8073E68373FFF
(0000000001.967500) vcan0 212#03D8073E683E3FFF
(0000000001.987400) vcan0 212#03D8073EE8473FFF
(0000000002.007400) vcan0 212#03D8073EA8513FFF
(0000000002.027400) vcan0 212#03D8073E685B3FFF
(0000000002.047400) vcan0 212#03D8073E28653FFF
(0000000002.067500) vcan0 212#03D8073EA86E3FFF
(0000000002.087400) vcan0 212#03D8073EA8763FFF
(0000000002.107400) vcan0 212#03D8073E287D3FFF
(0000000002.127400) vcan0 212#03D8073E28823FFF
(0000000002.147400) vcan0 212#03D8073EE8883FFF
(0000000002.167400) vcan0 212#03D8073EE88D3FFF
(0000000002.187400) vcan0 212#03D8073E68943FFF
(0000000002.207400) vcan0 212#03D8073E689D3FFF
(0000000002.227400) vcan0 212#03D8073EE8A63FFF
(0000000002.247400) vcan0 212#03D8073EE8AF3FFF
(0000000002.267400) vcan0 212#03D8073E28BB3FFF
(0000000002.287400) vcan0 212#03D8073E68C83FFF
(0000000002.307400) vcan0 212#03D8073EA8D33FFF
(0000000002.327400) vcan0 212#03D8073EE8DE3FFF
(0000000002.347400) vcan0 212#03D8073E28E83FFF
(0000000002.367400) vcan0 212#03D8073E28F33FFF
(0000000002.387500) vcan0 212#03D8073EA8FD3FFF
(0000000002.407400) vcan0 212#03D8073EE9073FFF
(0000000002.427500) vcan0 212#03D8073E29133FFF
(0000000002.447400) vcan0 212#03D8073E29203FFF
(0000000002.467500) vcan0 212#03D8073EA92D3FFF
(0000000002.487400) vcan0 212#03D8073EA93A3FFF
(0000000002.507500) vcan0 212#03D8073E29453FFF
(0000000002.527400) vcan0 212#03D8073E294F3FFF
(0000000002.547500) vcan0 212#03D8073EE9583FFF
(0000000002.567400) vcan0 212#03D8073EA9603FFF
(0000000002.587500) vcan0 212#03D8073E29673FFF
(0000000002.607400) vcan0 212#03D8073E29703FFF
(0000000002.627400) vcan0 212#03D8073EA97B3FFF
(0000000002.647400) vcan0 212#03D8073EA9883FFF
(0000000002.667400) vcan0 212#03D8073E69953FFF
(0000000002.687400) vcan0 212#03D8073E29A13FFF
(0000000002.707400) vcan0 212#03D8073EE9AB3FFF
(0000000002.727500) vcan0 212#03D8073EA9B43FFF
(0000000002.747400) vcan0 212#03D8073E69BB3FFF
(0000000002.767400) vcan0 212#03D8073E29C23FFF
(0000000002.787400) vcan0 212#03D8073EA9CA3FFF
(0000000002.807500) vcan0 212#03D8073EE9D33FFF
(0000000002.827400) vcan0 212#03D8073E69D83FFF
(0000000002.847500) vcan0 212#03D8073E69E43FFF
(0000000002.867400) vcan0 212#03D8073EA9ED3FFF
(0000000002.887500) vcan0 212#03D8073EE9F73FFF
(0000000002.907400) vcan0 212#03D8073E2A023FFF
(0000000002.927500) vcan0 212#03D8073E2A0E3FFF
(0000000002.947500) vcan0 212#03D8073EEA163FFF
(0000000002.967500) vcan0 212#03D8073EAA1E3FFF
(0000000002.987500) vcan0 212#03D8073E2A263FFF
(0000000003.007500) vcan0 212#03D8073E2A2F3FFF
(0000000003.027500) vcan0 212#03D8073EEA383FFF
(0000000003.047500) vcan0 212#03D8073EAA413FFF
(0000000003.067400) vcan0 212#03D8073E6A483FFF
(0000000003.087500) vcan0 212#03D8073E2A4F3FFF
(0000000003.107400) vcan0 212#03D8073EAA593FFF
(0000000003.127500) vcan0 212#03D8073EEA623FFF
(0000000003.147500) vcan0 212#03D8073E6A6C3FFF
(0000000003.167500) vcan0 212#03D8073E6A773FFF
(0000000003.187500) vcan0 212#03D8073EAA813FFF
(0000000003.207500) vcan0 212#03D8073EEA8A3FFF
(0000000003.227500) vcan0 212#03D8073E2A8F3FFF
(0000000003.247500) vcan0 212#03D8073E6A9F3FFF
(0000000003.267500) vcan0 212#03D8073EAAA93FFF
(0000000003.287400) vcan0 212#03D8073EAAAF3FFF
(0000000003.307500) vcan0 212#03D8073E6AB43FFF
(0000000003.327400) vcan0 212#03D8073E6AB83FFF
(0000000003.347500) vcan0 212#03D8073EAAC53FFF
(0000000003.367400) vcan0 212#03D8073EAAD23FFF
(0000000003.387500) vcan0 212#03D8073E6ADE3FFF
(0000000003.407400) vcan0 212#03D8073E2AE93FFF
(0000000003.427500) vcan0 212#03D8073EEAEF3FFF
(0000000003.447400) vcan0 212#03D8073EAB023FFF
(0000000003.467500) vcan0 212#03D8073E2B0C3FFF
(0000000003.487400) vcan0 212#03D8073E6B153FFF
(0000000003.507500) vcan0 212#03D8073EAB1C3FFF
(0000000003.527500) vcan0 212#03D8073EAB233FFF
(0000000003.547500) vcan0 212#03D8073E2B283FFF
(0000000003.567500) vcan0 212#03D8073E2B303FFF
(0000000003.587500) vcan0 212#03D8073EAB373FFF
(0000000003.607500) vcan0 212#03D8073EEB3C3FFF
(0000000003.627500) vcan0 212#03D8073E2B413FFF
(0000000003.647500) vcan0 212#03D8073E6B453FFF
(0000000003.667500) vcan0 212#03D8073EAB4C3FFF
(0000000003.687500) vcan0 212#03D8073EEB533FFF
(0000000003.707500) vcan0 212#03D8073E6B5B3FFF
(0000000003.727500) vcan0 212#03D8073E6B643FFF
(0000000003.747500) vcan0 212#03D8073EAB6D3FFF
(0000000003.767500) vcan0 212#03D8073EEB713FFF
(0000000003.787500) vcan0 212#03D8073E2B723FFF
(0000000003.807500) vcan0 212#03D8073E2B743FFF
(0000000003.827500) vcan0 212#03D8073EAB753FFF
(0000000003.847500) vcan0 212#03D8073EAB763FFF
(0000000003.867500) vcan0 212#03D8073E2B773FFF
(0000000003.887500) vcan0 212#03D8073E6B793FFF
(0000000003.907500) vcan0 212#03D8073EEB7B3FFF
(0000000003.927500) vcan0 212#03D8073EAB7C3FFF
(0000000003.947500) vcan0 212#03D8073E6B7F3FFF
(0000000003.967500) vcan0 212#03D8073E2B813FFF
(0000000003.987500) vcan0 212#03D8073EAB833FFF
(0000000004.007500) vcan0 212#03D8073EAB853FFF
(0000000004.027500) vcan0 212#03D8073E6B863FFF
(0000000004.047500) vcan0 212#03D8073E6B893FFF
(0000000004.067500) vcan0 212#03D8073EAB8A3FFF
(0000000004.087500) vcan0 212#03D8073EEB8B3FFF
(0000000004.107500) vcan0 212#03D8073E6B8C3FFF
(0000000004.127500) vcan0 212#03D8073E6B8C3FFF
(0000000004.147500) vcan0 212#03D8073EEB8D3FFF
(0000000004.167500) vcan0 212#03D8073EEB8E3FFF
(0000000004.187500) vcan0 212#03D8073E2B8E3FFF
(0000000004.207500) vcan0 212#03D8073E6B8F3FFF
(0000000004.227500) vcan0 212#03D8073EEB903FFF
(0000000004.247500) vcan0 212#03D8073EAB913FFF
(0000000004.267500) vcan0 212#03D8073E2B933FFF
(0000000004.287500) vcan0 212#03D8073E6B943FFF
(0000000004.307500) vcan0 212#03D8073EEB953FFF
(0000000004.327500) vcan0 212#03D8073EEB963FFF
(0000000004.347500) vcan0 212#03D8073E6B983FFF
(0000000004.367500) vcan0 212#03D8073E2B993FFF
(0000000004.387500) vcan0 212#03D8073EEB9A3FFF
(0000000004.407500) vcan0 212#03D8073EEB9C3FFF
(0000000004.427500) vcan0 212#03D8073E6B9D3FFF
(0000000004.447500) vcan0 212#03D8073E2B9F3FFF
(0000000004.467500) vcan0 212#03D8073EEBA03FFF
(0000000004.487500) vcan0 212#03D8073EABA23FFF
(0000000004.507500) vcan0 212#03D8073E6BA23FFF
(0000000004.527500) vcan0 212#03D8073E2BA33FFF
(0000000004.547500) vcan0 212#03D8073EABA43FFF
(0000000004.567500) vcan0 212#03D8073EEBA53FFF
(0000000004.587500) vcan0 212#03D8073E2BA63FFF
(0000000004.607500) vcan0 212#03D8073E6BA73FFF
(0000000004.627600) vcan0 212#03D8073EABA83FFF
(0000000004.647500) vcan0 212#03D8073EEBAA3FFF
(0000000004.667600) vcan0 212#03D8073E6BAB3FFF
(0000000004.687500) vcan0 212#03D8073E6BAD3FFF
(0000000004.707600) vcan0 212#03D8073EABAE3FFF
(0000000004.727500) vcan0 212#03D8073EEBAF3FFF
(0000000004.747500) vcan0 212#03D8073E2BB13FFF
(0000000004.767600) vcan0 212#03D8073E2BB23FFF
(0000000004.787500) vcan0 212#03D8073EABB33FFF
(0000000004.807600) vcan0 212#03D8073EEBB43FFF
(0000000004.827500) vcan0 212#03D8073E6BB53FFF
(0000000004.847600) vcan0 212#03D8073E2BB73FFF
(0000000004.867600) vcan0 212#03D8073EEBB73FFF
(0000000004.887600) vcan0 212#03D8073EEBB83FFF
(0000000004.907600) vcan0 212#03D8073E2BB83FFF
(0000000004.927600) vcan0 212#03D8073E2BB83FFF
(0000000004.947600) vcan0 212#03D8073EABB93FFF
(0000000004.967600) vcan0 212#03D8073EABB93FFF
(0000000004.987600) vcan0 212#03D8073E2BBB3FFF
(0000000005.007600) vcan0 212#03D8073E6BBC3FFF
(0000000005.027600) vcan0 212#03D8073EEBBD3FFF
(0000000005.047600) vcan0 212#03D8073EABBF3FFF
(0000000005.067600) vcan0 212#03D8073E6BC13FFF
(0000000005.087600) vcan0 212#03D8073E2BC33FFF
(0000000005.107600) vcan0 212#03D8073EEBC53FFF
(0000000005.127600) vcan0 212#03D8073EEBC63FFF
(0000000005.147600) vcan0 212#03D8073E6BC83FFF
(0000000005.167600) vcan0 212#03D8073E6BC83FFF
(0000000005.187600) vcan0 212#03D8073EABCB3FFF
(0000000005.207600) vcan0 212#03D8073EEBCC3FFF
(0000000005.227600) vcan0 212#03D8073E2BCC3FFF
(0000000005.247600) vcan0 212#03D8073E2BCF3FFF
(0000000005.267600) vcan0 212#03D8073EEBCF3FFF
(0000000005.287600) vcan0 212#03D8073EABD03FFF
(0000000005.307600) vcan0 212#03D8073E2BD23FFF
(0000000005.327600) vcan0 212#03D8073E6BD33FFF
(0000000005.347600) vcan0 212#03D8073EABD33FFF
(0000000005.367600) vcan0 212#03D8073EEBD43FFF
(0000000005.387600) vcan0 212#03D8073E6BD53FFF
(0000000005.407600) vcan0 212#03D8073E6BD63FFF
(0000000005.427600) vcan0 212#03D8073EEBD73FFF
(0000000005.447600) vcan0 212#03D8073EEBD83FFF
(0000000005.467600) vcan0 212#03D8073E2BD83FFF
(0000000005.487600) vcan0 212#03D8073E6BD93FFF
(0000000005.507600) vcan0 212#03D8073EABD93FFF
(0000000005.527600) vcan0 212#03D8073EABDA3FFF
(0000000005.547600) vcan0 212#03D8073E6BDA3FFF
(0000000005.567600) vcan0 212#03D8073E2BDB3FFF
(0000000005.587600) vcan0 212#03D8073EEBDB3FFF
(0000000005.607600) vcan0 212#03D8073EABDC3FFF
(0000000005.627600) vcan0 212#03D8073E6BDC3FFF
(0000000005.647600) vcan0 212#03D8073E2BDD3FFF
(0000000005.667600) vcan0 212#03D8073EEBDD3FFF
(0000000005.687600) vcan0 212#03D8073EEBDE3FFF
(0000000005.707600) vcan0 212#03D8073E6BDF3FFF
(0000000005.727600) vcan0 212#03D8073E6BE03FFF
(0000000005.747600) vcan0 212#03D8073EEBE13FFF
(0000000005.767600) vcan0 212#03D8073EEBE23FFF
(0000000005.787600) vcan0 212#03D8073E6BE33FFF
(0000000005.807600) vcan0 212#03D8073E6BE33FFF
(0000000005.827600) vcan0 212#03D8073EEBE43FFF
(0000000005.847600) vcan0 212#03D8073EABE53FFF
(0000000005.867600) vcan0 212#03D8073E2BE73FFF
(0000000005.887700) vcan0 212#03D8073E2BE83FFF
(0000000005.907600) vcan0 212#03D8073EEBE83FFF
(0000000005.927700) vcan0 212#03D8073EABE93FFF
(0000000005.947600) vcan0 212#03D8073E6BEA3FFF
(0000000005.967700) vcan0 212#03D8073E6BEA3FFF
(0000000005.987600) vcan0 212#03D8073EEBEB3FFF
(0000000006.007700) vcan0 212#03D8073EABEC3FFF
(0000000006.027700) vcan0 212#03D8073E2BED3FFF
(0000000006.047700) vcan0 212#03D8073E2BEE3FFF
(0000000006.067700) vcan0 212#03D8073EABEF3FFF
(0000000006.087700) vcan0 212#03D8073EEBF03FFF
(0000000006.107700) vcan0 212#03D8073E2BF03FFF
(0000000006.127700) vcan0 212#03D8073E2BF03FFF
(0000000006.147700) vcan0 212#03D8073EEBF03FFF
(0000000006.167700) vcan0 212#03D8073EABF13FFF
(0000000006.187700) vcan0 212#03D8073E6BF13FFF
(0000000006.207600) vcan0 212#03D8073E6BF13FFF
(0000000006.227700) vcan0 212#03D8073EABF13FFF
(0000000006.247700) vcan0 212#03D8073EABF13FFF
(0000000006.267700) vcan0 212#03D8073E6BF13FFF
(0000000006.287700) vcan0 212#03D8073E6BF13FFF
(0000000006.307700) vcan0 212#03D8073EABF13FFF
(0000000006.327700) vcan0 212#03D8073EABF13FFF
(0000000006.347700) vcan0 212#03D8073E6BF13FFF
(0000000006.367700) vcan0 212#03D8073E6BF13FFF
(0000000006.387700) vcan0 212#03D8073EABF13FFF
(0000000006.407700) vcan0 212#03D8073EABF13FFF
(0000000006.427700) vcan0 212#03D8073E6BF13FFF
(0000000006.447700) vcan0 212#03D8073E6BF13FFF
(0000000006.467700) vcan0 212#03D8073EABF13FFF
(0000000006.487700) vcan0 212#03D8073EABF23FFF
(0000000006.507700) vcan0 212#03D8073E6BF23FFF
(0000000006.527700) vcan0 212#03D8073E6BF23FFF
(0000000006.547700) vcan0 212#03D8073EABF23FFF
(0000000006.567700) vcan0 212#03D8073EABF23FFF
(0000000006.587700) vcan0 212#03D8073E6BF23FFF
(0000000006.607700) vcan0 212#03D8073E6BF23FFF
(0000000006.627700) vcan0 212#03D8073EABF23FFF
(0000000006.647700) vcan0 212#03D8073EABF23FFF
(0000000006.667700) vcan0 212#03D8073E6BF23FFF
(0000000006.687700) vcan0 212#03D8073E6BF23FFF
(0000000006.707700) vcan0 212#03D8073EABF23FFF
(0000000006.727700) vcan0 212#03D8073EABF23FFF
(0000000006.747700) vcan0 212#03D8073E6BF23FFF
(0000000006.767700) vcan0 212#03D8073E6BF23FFF
(0000000006.787700) vcan0 212#03D8073EABF23FFF
(0000000006.807700) vcan0 212#03D8073EABF23FFF
(0000000006.827700) vcan0 212#03D8073E6BF23FFF
(0000000006.847700) vcan0 212#03D8073E2BF33FFF
(0000000006.867700) vcan0 212#03D8073EABF23FFF
(0000000006.887700) vcan0 212#03D8073EABF23FFF
(0000000006.907700) vcan0 212#03D8073E6BF23FFF
(0000000006.927700) vcan0 212#03D8073E6BF23FFF
(0000000006.947700) vcan0 212#03D8073EABF23FFF
(0000000006.967700) vcan0 212#03D8073EEBF33FFF
(0000000006.987700) vcan0 212#03D8073E6BF23FFF
(0000000007.007800) vcan0 212#03D8073E2BF33FFF
(0000000007.027800) vcan0 212#03D8073EEBF33FFF
(0000000007.047700) vcan0 212#03D8073EEBF33FFF
(0000000007.067700) vcan0 212#03D8073E2BF33FFF
(0000000007.087700) vcan0 212#03D8073E2BF33FFF
(0000000007.107800) vcan0 212#03D8073EEBF33FFF
(0000000007.127700) vcan0 212#03D8073EEBF33FFF
(0000000007.147700) vcan0 212#03D8073E6BF23FFF
(0000000007.167700) vcan0 212#03D8073E2BF33FFF
(0000000007.187800) vcan0 212#03D8073EABF23FFF
(0000000007.207700) vcan0 212#03D8073EEBF33FFF
(0000000007.227800) vcan0 212#03D8073E2BF33FFF
(0000000007.247700) vcan0 212#03D8073E2BF33FFF
(0000000007.267800) vcan0 212#03D8073EEBF33FFF
(0000000007.287800) vcan0 212#03D8073EEBF33FFF
(0000000007.307800) vcan0 212#03D8073E2BF33FFF
(0000000007.327700) vcan0 212#03D8073E2BF33FFF
(0000000007.347800) vcan0 212#03D8073EEBF33FFF
(0000000007.367800) vcan0 212#03D8073EEBF33FFF
(0000000007.387800) vcan0 212#03D8073E2BF33FFF
(0000000007.407800) vcan0 212#03D8073E2BF33FFF
(0000000007.427800) vcan0 212#03D8073EEBF33FFF
(0000000007.447800) vcan0 212#03D8073EEBF33FFF
(0000000007.467800) vcan0 212#03D8073E2BF33FFF
(0000000007.487800) vcan0 212#03D8073E2BF33FFF
(0000000007.507800) vcan0 212#03D8073EEBF33FFF
(0000000007.527800) vcan0 212#03D8073EEBF33FFF
(0000000007.547800) vcan0 212#03D8073E2BF33FFF
(0000000007.567800) vcan0 212#03D8073E2BF33FFF
(0000000007.587800) vcan0 212#03D8073EEBF33FFF
(0000000007.607800) vcan0 212#03D8073EEBF33FFF
(0000000007.627800) vcan0 212#03D8073E2BF33FFF
(0000000007.647800) vcan0 212#03D8073E2BF33FFF
(0000000007.667800) vcan0 212#03D8073EEBF33FFF
(0000000007.687800) vcan0 212#03D8073EEBF33FFF
(0000000007.707800) vcan0 212#03D8073E2BF33FFF
(0000000007.727800) vcan0 212#03D8073E2BF33FFF
(0000000007.747800) vcan0 212#03D8073EEBF33FFF
(0000000007.767800) vcan0 212#03D8073EEBF33FFF
(0000000007.787800) vcan0 212#03D8073E2BF33FFF
(0000000007.807800) vcan0 212#03D8073E2BF33FFF
(0000000007.827800) vcan0 212#03D8073EEBF33FFF
(0000000007.847800) vcan0 212#03D8073EEBF33FFF
(0000000007.867800) vcan0 212#03D8073E2BF33FFF
(0000000007.887800) vcan0 212#03D8073E2BF33FFF
(0000000007.907800) vcan0 212#03D8073EEBF33FFF
(0000000007.927800) vcan0 212#03D8073EEBF33FFF
(0000000007.947800) vcan0 212#03D8073E2BF33FFF
(0000000007.967800) vcan0 212#03D8073E2BF33FFF
(0000000007.987800) vcan0 212#03D8073EEBF33FFF
(0000000008.007800) vcan0 212#03D8073EEBF33FFF
(0000000008.027800) vcan0 212#03D8073E2BF33FFF
(0000000008.047800) vcan0 212#03D8073E2BF33FFF
(0000000008.067800) vcan0 212#03D8073EEBF33FFF
(0000000008.087800) vcan0 212#03D8073EEBF33FFF
(0000000008.107800) vcan0 212#03D8073E2BF33FFF
(0000000008.127800) vcan0 212#03D8073E2BF33FFF
(0000000008.147800) vcan0 212#03D8073EEBF33FFF
(0000000008.167800) vcan0 212#03D8073EEBF33FFF
(0000000008.187800) vcan0 212#03D8073E2BF33FFF
(0000000008.207799) vcan0 212#03D8073E2BF33FFF
(0000000008.227799) vcan0 212#03D8073EEBF33FFF
(0000000008.247799) vcan0 212#03D8073EEBF33FFF
(0000000008.267799) vcan0 212#03D8073E2BF33FFF
(0000000008.287799) vcan0 212#03D8073E2BF33FFF
(0000000008.307799) vcan0 212#03D8073EEBF33FFF
(0000000008.327799) vcan0 212#03D8073EEBF33FFF
(0000000008.347799) vcan0 212#03D8073E2BF33FFF
(0000000008.367799) vcan0 212#03D8073E2BF33FFF
(0000000008.387799) vcan0 212#03D8073EEBF33FFF
(0000000008.407800) vcan0 212#03D8073EEBF33FFF
(0000000008.427800) vcan0 212#03D8073E2BF33FFF
(0000000008.447800) vcan0 212#03D8073E2BF33FFF
(0000000008.467900) vcan0 212#03D8073EEBF33FFF
(0000000008.487800) vcan0 212#03D8073EEBF33FFF
(0000000008.507800) vcan0 212#03D8073E2BF33FFF
(0000000008.527800) vcan0 212#03D8073E2BF33FFF
(0000000008.547800) vcan0 212#03D8073EEBF33FFF
(0000000008.567800) vcan0 212#03D8073EEBF33FFF
(0000000008.587800) vcan0 212#03D8073E2BF33FFF
(0000000008.607800) vcan0 212#03D8073E2BF33FFF
(0000000008.627800) vcan0 212#03D8073EEBF33FFF
(0000000008.647800) vcan0 212#03D8073EEBF33FFF
(0000000008.667800) vcan0 212#03D8073E2BF33FFF
(0000000008.687800) vcan0 212#03D8073E2BF33FFF
(0000000008.707800) vcan0 212#03D8073EEBF33FFF
(0000000008.727900) vcan0 212#03D8073EEBF33FFF
(0000000008.747800) vcan0 212#03D8073E2BF33FFF
(0000000008.767800) vcan0 212#03D8073E2BF33FFF
(0000000008.787800) vcan0 212#03D8073EEBF33FFF
(0000000008.807900) vcan0 212#03D8073EEBF33FFF
(0000000008.827800) vcan0 212#03D8073E2BF33FFF
(0000000008.847900) vcan0 212#03D8073E2BF33FFF
(0000000008.867800) vcan0 212#03D8073EEBF33FFF
(0000000008.887900) vcan0 212#03D8073EEBF33FFF
(0000000008.907800) vcan0 212#03D8073E2BF33FFF
(0000000008.927900) vcan0 212#03D8073E2BF33FFF
(0000000008.947900) vcan0 212#03D8073EEBF33FFF
(0000000008.967900) vcan0 212#03D8073EEBF33FFF
(0000000008.987900) vcan0 212#03D8073E2BF33FFF
(0000000009.007900) vcan0 212#03D8073E2BF33FFF
(0000000009.027900) vcan0 212#03D8073EEBF33FFF
(0000000009.047900) vcan0 212#03D8073EEBF33FFF
(0000000009.067900) vcan0 212#03D8073E2BF33FFF
(0000000009.087900) vcan0 212#03D8073E2BF33FFF
(0000000009.107900) vcan0 212#03D8073EEBF33FFF
(0000000009.127900) vcan0 212#03D8073EEBF33FFF
(0000000009.147900) vcan0 212#03D8073E2BF33FFF
(0000000009.167900) vcan0 212#03D8073E2BF33FFF
(0000000009.187900) vcan0 212#03D8073EEBF33FFF
(0000000009.207900) vcan0 212#03D8073EEBF33FFF
(0000000009.227900) vcan0 212#03D8073E2BF33FFF
(0000000009.247900) vcan0 212#03D8073E2BF33FFF
(0000000009.267900) vcan0 212#03D8073EEBF33FFF
(0000000009.287900) vcan0 212#03D8073EABF23FFF
(0000000009.307900) vcan0 212#03D8073E6BF23FFF
(0000000009.327900) vcan0 212#03D8073E6BF23FFF
(0000000009.347900) vcan0 212#03D8073EABF13FFF
(0000000009.367900) vcan0 212#03D8073EABE93FFF
(0000000009.387900) vcan0 212#03D8073E6BD53FFF
(0000000009.407900) vcan0 212#03D8073E2BA53FFF
(0000000009.427900) vcan0 212#03D8073EAAEB3FFF
(0000000009.447900) vcan0 212#02BF073EE8713FFF
(0000000009.467900) vcan0 212#02BF073E67FB3FFF
(0000000009.487900) vcan0 212#02BF073E67F23FFF
(0000000009.507900) vcan0 212#02BF073EA7F23FFF
(0000000009.527900) vcan0 212#02BF073EA7F23FFF
(0000000009.547900) vcan0 212#02BF073E67F23FFF
(0000000009.567900) vcan0 212#02BF073E67F23FFF
(0000000009.587900) vcan0 212#02BF073EA7F23FFF
(0000000009.607900) vcan0 212#02BF073EA7F23FFF
(0000000009.627900) vcan0 212#02BF073E67F23FFF
(0000000009.647900) vcan0 212#02BF073E67F23FFF
(0000000009.667900) vcan0 212#02BF073EA7F23FFF
(0000000009.687900) vcan0 212#02BF073EA7F23FFF
(0000000009.707900) vcan0 212#02BF073E67F23FFF
(0000000009.727900) vcan0 212#02BF073E67F23FFF
(0000000009.747900) vcan0 212#02BF073EA7F23FFF
(0000000009.767900) vcan0 212#03D8073EE8773FFF
(0000000009.787900) vcan0 212#03D8073E6B763FFF
(0000000009.807900) vcan0 212#03D8073E6BD93FFF
(0000000009.827900) vcan0 212#03D8073EABF13FFF
(0000000009.847900) vcan0 212#03D8073EEBF33FFF
(0000000009.867900) vcan0 212#03D8073E2BF33FFF
(0000000009.887900) vcan0 212#03D8073E6BEC3FFF
(0000000009.907900) vcan0 212#03D8073EEBC03FFF
(0000000009.927900) vcan0 212#03D8073EAB083FFF
(0000000009.947900) vcan0 212#02BF073E68513FFF
(0000000009.967900) vcan0 212#02BF073E27F93FFF
(0000000009.987900) vcan0 212#02BF073EA7F23FFF
(0000000010.007900) vcan0 212#02BF073EA7F23FFF
(0000000010.027900) vcan0 212#02BF073E67F23FFF
(0000000010.047900) vcan0 212#02BF073E67F23FFF
(0000000010.067900) vcan0 212#02BF073EA7F23FFF
(0000000010.087900) vcan0 212#02BF073EA7F23FFF
(0000000010.107900) vcan0 212#02BF073E67F23FFF
(0000000010.127900) vcan0 212#03D8073E68D33FFF
(0000000010.147900) vcan0 212#03D8073EEB7E3FFF
(0000000010.167900) vcan0 212#03D8073EABDA3FFF
(0000000010.187900) vcan0 212#03D8073E6BF13FFF
(0000000010.207900) vcan0 212#03D8073E2BF33FFF
(0000000010.227900) vcan0 212#03D8073EEBF33FFF
(0000000010.247900) vcan0 212#03D8073EABF23FFF
(0000000010.267900) vcan0 212#03D8073E2BEB3FFF
(0000000010.287900) vcan0 212#03D8073E2BC53FFF
(0000000010.307900) vcan0 212#03D8073EAB683FFF
(0000000010.327900) vcan0 212#03D8073EA8AB3FFF
(0000000010.347900) vcan0 212#02BF073E27FF3FFF
(0000000010.367900) vcan0 212#02BF073E67F23FFF
(0000000010.387900) vcan0 212#02BF073EA7F23FFF
(0000000010.407900) vcan0 212#02BF073EA7F23FFF
(0000000010.427900) vcan0 212#02BF073E67F23FFF
(0000000010.447900) vcan0 212#02BF073E67F23FFF
(0000000010.467900) vcan0 212#02BF073EA7F23FFF
(0000000010.487900) vcan0 212#02BF073EA7F23FFF
(0000000010.507900) vcan0 212#03D8073E67F23FFF
(0000000010.527900) vcan0 212#03D8073E2A343FFF
(0000000010.547900) vcan0 212#03D8073EABCE3FFF
(0000000010.567900) vcan0 212#03D8073EABF23FFF
(0000000010.587900) vcan0 212#03D8073E2BF33FFF
(0000000010.607900) vcan0 212#03D8073E2BF33FFF
(0000000010.627900) vcan0 212#03D8073EEBF33FFF
(0000000010.647900) vcan0 212#03D8073EEBF33FFF
(0000000010.667900) vcan0 212#03D8073E2BE13FFF
(0000000010.687900) vcan0 212#03D8073E6B923FFF
(0000000010.707900) vcan0 212#03D8073EA9353FFF
(0000000010.727900) vcan0 212#02BF073EA8073FFF
(0000000010.747900) vcan0 212#02BF073E67F23FFF
(0000000010.767900) vcan0 212#02BF073E67F23FFF
(0000000010.787900) vcan0 212#02BF073EA7F23FFF
(0000000010.807900) vcan0 212#02BF073EA7F23FFF
(0000000010.827900) vcan0 212#02BF073E67F23FFF
(0000000010.847900) vcan0 212#02BF073E67F23FFF
(0000000010.867900) vcan0 212#02BF073EA7F23FFF
(0000000010.887900) vcan0 212#02BF073EA7F23FFF
(0000000010.907900) vcan0 212#02BF073E67F23FFF
(0000000010.927900) vcan0 212#02BF073E67F23FFF
(0000000010.947900) vcan0 212#02BF073EA7F23FFF
(0000000010.967900) vcan0 212#02BF073EA7F23FFF
(0000000010.987900) vcan0 212#02BF073E67F23FFF
(0000000011.007900) vcan0 212#02BF073E67F23FFF
(0000000011.027900) vcan0 212#02BF073EA7F23FFF
(0000000011.047900) vcan0 212#02BF073EA7F23FFF
(0000000011.067900) vcan0 212#02BF073E67F23FFF
(0000000011.087900) vcan0 212#02BF073E67F23FFF
(0000000011.107900) vcan0 212#02BF073EA7F23FFF
(0000000011.127900) vcan0 212#02BF073EA7F23FFF
(0000000011.147900) vcan0 212#02BF073E67F23FFF
(0000000011.167900) vcan0 212#02BF073E67F23FFF
(0000000011.187900) vcan0 212#02BF073EA7F23FFF
(0000000011.207900) vcan0 212#02BF073EA7F23FFF
(0000000011.227900) vcan0 212#02BF073E67F23FFF
(0000000011.247900) vcan0 212#02BF073E67F23FFF
(0000000011.267900) vcan0 212#02BF073EA7F23FFF
(0000000011.287900) vcan0 212#02BF073EA7F23FFF
(0000000011.307900) vcan0 212#02BF073E67F23FFF
(0000000011.327900) vcan0 212#02BF073E67F23FFF
(0000000011.347900) vcan0 212#02BF073EA7F23FFF
(0000000011.367900) vcan0 212#02BF073EA7F23FFF
(0000000011.387900) vcan0 212#02BF073E67F23FFF
(0000000011.407900) vcan0 212#02BF073E67F23FFF
(0000000011.427900) vcan0 212#02BF073EA7F23FFF
(0000000011.447900) vcan0 212#02BF073EA7F23FFF
(0000000011.467900) vcan0 212#02BF073E67F23FFF
(0000000011.487900) vcan0 212#02BF073E67F23FFF
(0000000011.507900) vcan0 212#02BF073EA7F23FFF
(0000000011.527900) vcan0 212#02BF073EA7F23FFF
(0000000011.547900) vcan0 212#02BF073E67F23FFF
(0000000011.567900) vcan0 212#02BF073E67F23FFF
(0000000011.588100) vcan0 212#02BF073EA7F23FFF
(0000000011.608000) vcan0 212#02BF073EA7F23FFF
(0000000011.628000) vcan0 212#02BF073E67F23FFF
(0000000011.648000) vcan0 212#02BF073E67F23FFF
(0000000011.668000) vcan0 212#02BF073EA7F23FFF
(0000000011.687900) vcan0 212#02BF073EA7F23FFF
(0000000011.708000) vcan0 212#02BF073E67F23FFF
(0000000011.727900) vcan0 212#02BF073E67F23FFF
