
(0000000004.844200) vcan0 308#00000006043FFF00
(0000000004.854400) vcan0 308#00000046053FFF00
(0000000004.859300) vcan0 212#02BF073EA7F23FFF
(0000000004.864200) vcan0 308#00000046053FFF00
(0000000004.874700) vcan0 308#00000006043FFF00
(0000000004.879300) vcan0 212#02BF073E67F23FFF
(0000000004.884200) vcan0 308#00000006043FFF00
(0000000004.894400) vcan0 308#00000046053FFF00
(0000000004.899300) vcan0 212#02BF073E67F23FFF
(0000000004.904200) vcan0 308#00000046053FFF00
(0000000004.914700) vcan0 308#00000006043FFF00
(0000000004.919300) vcan0 212#02BF073EA7F23FFF
(0000000004.924300) vcan0 308#00000006043FFF00
(0000000004.934700) vcan0 308#00000046053FFF00
(0000000004.939300) vcan0 212#02BF073EA7F23FFF
(0000000004.944300) vcan0 308#00000046053FFF00
(0000000004.954700) vcan0 308#00000006043FFF00
(0000000004.959400) vcan0 212#02BF073E67F23FFF
(0000000004.964300) vcan0 308#00000A06043FFF00
(0000000004.974500) vcan0 308#00000A46053FFF00
(0000000004.979300) vcan0 212#02BF073E67F23FFF
(0000000004.984200) vcan0 308#00000A46053FFF00
(0000000004.994400) vcan0 308#0000CA06043FFF00
(0000000004.999400) vcan0 212#02BF073EA7F23FFF
(0000000005.004300) vcan0 308#0000CA06043FFF00
(0000000005.014500) vcan0 308#0000CF46053FFF00
(0000000005.019400) vcan0 212#02BF073DA7F23FFF
(0000000005.024300) vcan0 308#0000CF46053FFF00
(0000000005.034500) vcan0 308#0000D406043FFF00
(0000000005.039400) vcan0 212#02BF073E67F23FFF
(0000000005.044400) vcan0 308#0000D406043FFF00
(0000000005.054600) vcan0 308#0000D746053FFF00
(0000000005.059400) vcan0 212#02BF073E67F23FFF
(0000000005.064300) vcan0 308#0000D746053FFF00
(0000000005.074600) vcan0 308#0000D406043FFF00
(0000000005.079400) vcan0 212#02BF073EA7F23FFF
(0000000005.084400) vcan0 308#0000D406043FFF00
(0000000005.094600) vcan0 308#0000D446053FFF00
(0000000005.099400) vcan0 212#02BF073EA7F23FFF
(0000000005.104300) vcan0 308#0000D006053FFF00
(0000000005.114800) vcan0 308#0000D046043FFF00
(0000000005.119400) vcan0 212#02BF073E67F23FFF
(0000000005.124300) vcan0 308#0000D046043FFF00
(0000000005.134600) vcan0 308#0000D006053FFF00
(0000000005.139500) vcan0 212#02BF073E67F23FFF
(0000000005.144400) vcan0 308#0000D006053FFF00
(0000000005.154600) vcan0 308#0000D406043FFF00
(0000000005.159500) vcan0 212#02BF073DA7F23FFF
(0000000005.164400) vcan0 308#0000D406043FFF00
(0000000005.174800) vcan0 308#0000D906053FFF00
(0000000005.179500) vcan0 212#02BF0790A7F23FFF
(0000000005.184500) vcan0 308#0000D906053FFF00
(0000000005.194900) vcan0 308#0000DB06043FFF00
(0000000005.199500) vcan0 212#02BF079067F23FFF
(0000000005.204400) vcan0 308#0000DB06043FFF00
(0000000005.214900) vcan0 308#0000DB46053FFF00
(0000000005.219500) vcan0 212#02BF079067F23FFF
(0000000005.224500) vcan0 308#0000D746053FFF00
(0000000005.234600) vcan0 308#0000D706043FFF00
(0000000005.239500) vcan0 212#02BF0790A7F23FFF
(0000000005.244400) vcan0 308#0000D706043FFF00
(0000000005.254500) vcan0 308#0000D306053FFF00
(0000000005.259500) vcan0 212#02BF0790A7F23FFF
(0000000005.264600) vcan0 308#0000D306053FFF00
(0000000005.274600) vcan0 308#0000D346043FFF00
(0000000005.279500) vcan0 212#02BF079067F23FFF
(0000000005.284400) vcan0 308#0000D806043FFF00
(0000000005.294600) vcan0 308#0000D846053FFF00
(0000000005.299500) vcan0 212#02BF07E367F23FFF
(0000000005.304500) vcan0 308#0000E846053FFF00
(0000000005.314600) vcan0 308#0000FC06043FFF00
(0000000005.319500) vcan0 212#02BF07E3A7F23FFF
(0000000005.324400) vcan0 308#00011306043FFF00
(0000000005.334600) vcan0 308#00012706053FFF00
(0000000005.339500) vcan0 212#02BF07E3A7F23FFF
(0000000005.344400) vcan0 308#00013746053FFF00
(0000000005.354900) vcan0 308#00016A46043FFF00
(0000000005.359500) vcan0 212#02BF083667F23FFF
(0000000005.364400) vcan0 308#0001A206043FFF00
(0000000005.374900) vcan0 308#0001F740053FFF00
(0000000005.379500) vcan0 212#02BF085367F23FFF
(0000000005.384400) vcan0 308#00026A00053FFF00
(0000000005.394600) vcan0 308#00028240043FFF00
(0000000005.399500) vcan0 212#02BF0880A7F23FFF
(0000000005.404400) vcan0 308#00029C40043FFF00
(0000000005.414600) vcan0 308#0002B200053FFF00
(0000000005.419500) vcan0 212#02BF0891A7F23FFF
(0000000005.424400) vcan0 308#0002D400053FFF00
(0000000005.434900) vcan0 308#0002D600043FFF00
(0000000005.439500) vcan0 212#02BF084B67F23FFF
(0000000005.444500) vcan0 308#0002D840043FFF00
(0000000005.454900) vcan0 308#0002D940053FFF00
(0000000005.459500) vcan0 212#02BF084E67F23FFF
(0000000005.464400) vcan0 308#0002E100053FFF00
(0000000005.474900) vcan0 308#0002F700043FFF00
(0000000005.479500) vcan0 212#02BF0856A7F23FFF
(0000000005.484400) vcan0 308#00030500043FFF00
(0000000005.494700) vcan0 308#00032740053FFF00
(0000000005.499500) vcan0 212#02BF0868A7F23FFF
(0000000005.504400) vcan0 308#00035340053FFF00
(0000000005.514600) vcan0 308#00037E00043FFF00
(0000000005.519600) vcan0 212#02BF087667F23FFF
(0000000005.524400) vcan0 308#0003CE40043FFF00
(0000000005.534600) vcan0 308#0003FA40053FFF00
(0000000005.539600) vcan0 212#02BF082A67F23FFF
(0000000005.544400) vcan0 308#00042800053FFF00
(0000000005.554600) vcan0 308#00046C40043FFF00
(0000000005.559600) vcan0 212#02BF07D3A7F23FFF
(0000000005.564500) vcan0 308#00049400043FFF00
(0000000005.574800) vcan0 308#0004CF00053FFF00
(0000000005.579600) vcan0 212#02BF07D8A7F23FFF
(0000000005.584500) vcan0 308#0004F900053FFF00
(0000000005.595000) vcan0 308#00051700043FFF00
(0000000005.599600) vcan0 212#02BF07D767F23FFF
(0000000005.604500) vcan0 308#00053C00043FFF00
(0000000005.615000) vcan0 308#00056200053FFF00
(0000000005.619700) vcan0 212#02BF07E167F23FFF
(0000000005.624600) vcan0 308#00058740053FFF00
(0000000005.635000) vcan0 308#0005AC00043FFF00
(0000000005.639700) vcan0 212#02BF07EAA7F23FFF
(0000000005.644600) vcan0 308#0005CD40043FFF00
(0000000005.654800) vcan0 308#0005EF00053FFF00
(0000000005.659700) vcan0 212#02BF07E6A7F23FFF
(0000000005.664600) vcan0 308#00060C40053FFF00
(0000000005.675100) vcan0 308#00063440043FFF00
(0000000005.679800) vcan0 212#02BF07DA67F23FFF
(0000000005.684600) vcan0 308#00065000043FFF00
(0000000005.695100) vcan0 308#00066E00053FFF00
(0000000005.699700) vcan0 212#02BF07D367F23FFF
(0000000005.704700) vcan0 308#00069340053FFF00
(0000000005.715100) vcan0 308#0006B040043FFF00
(0000000005.719800) vcan0 212#02BF07C9A7F23FFF
(0000000005.724600) vcan0 308#0006D340043FFF00
(0000000005.735100) vcan0 308#0006F200053FFF00
(0000000005.739800) vcan0 212#02BF07C0A7F23FFF
(0000000005.744600) vcan0 308#00070A00053FFF00
(0000000005.754900) vcan0 308#00072740043FFF00
(0000000005.759800) vcan0 212#02BF07B767F23FFF
(0000000005.764600) vcan0 308#00074600043FFF00
(0000000005.774800) vcan0 308#00076240053FFF00
(0000000005.779800) vcan0 212#02BF07AA67F23FFF
(0000000005.784600) vcan0 308#00077940053FFF00
(0000000005.794800) vcan0 308#00078840043FFF00
(0000000005.799800) vcan0 212#02BF07A5A7F23FFF
(0000000005.804800) vcan0 308#00079C40043FFF00
(0000000005.815100) vcan0 308#0007B100053FFF00
(0000000005.819800) vcan0 212#02BF07A0A7F23FFF
(0000000005.824700) vcan0 308#0007C600053FFF00
(0000000005.834900) vcan0 308#0007DB40043FFF00
(0000000005.839800) vcan0 212#02BF079A67F23FFF
(0000000005.844700) vcan0 308#0007F700043FFF00
(0000000005.854900) vcan0 308#00080A00053FFF00
(0000000005.859800) vcan0 212#02BF079867F23FFF
(0000000005.864700) vcan0 308#00081D00053FFF00
(0000000005.874900) vcan0 308#00082E40043FFF00
(0000000005.879800) vcan0 212#02BF0795A7F23FFF
(0000000005.884700) vcan0 308#00083F40043FFF00
(0000000005.895200) vcan0 308#00085440053FFF00
(0000000005.899800) vcan0 212#02BF0790A7F23FFF
(0000000005.904700) vcan0 308#00086440053FFF00
(0000000005.915200) vcan0 308#00087140043FFF00
(0000000005.919800) vcan0 212#02BF078E67F23FFF
(0000000005.924700) vcan0 308#00088000043FFF00
(0000000005.934900) vcan0 308#00088D00053FFF00
(0000000005.939800) vcan0 212#02BF078967F23FFF
(0000000005.944700) vcan0 308#00089C00053FFF00
(0000000005.955100) vcan0 308#0008A700043FFF00
(0000000005.959800) vcan0 212#02BF0788A7F23FFF
(0000000005.964700) vcan0 308#0008B500043FFF00
(0000000005.975200) vcan0 308#0008BF40053FFF00
(0000000005.979800) vcan0 212#02BF0784A7F23FFF
(0000000005.984700) vcan0 308#0008CC00053FFF00
(0000000005.994900) vcan0 308#0008D300043FFF00
(0000000005.999800) vcan0 212#02BF078367F23FFF
(0000000006.004700) vcan0 308#0008DC00043FFF00
(0000000006.014900) vcan0 308#0008E400053FFF00
(0000000006.019800) vcan0 212#02BF078067F23FFF
(0000000006.024800) vcan0 308#0008F140053FFF00
(0000000006.034900) vcan0 308#0008FA40043FFF00
(0000000006.039800) vcan0 212#02BF077FA7F23FFF
(0000000006.044600) vcan0 308#00090300043FFF00
(0000000006.054900) vcan0 308#00090C40053FFF00
(0000000006.059800) vcan0 212#02BF077DA7F23FFF
(0000000006.064700) vcan0 308#00091300053FFF00
(0000000006.074900) vcan0 308#00091C40043FFF00
(0000000006.079800) vcan0 212#02BF077A67F23FFF
(0000000006.084600) vcan0 308#00092540043FFF00
(0000000006.094900) vcan0 308#00092B40053FFF00
(0000000006.099800) vcan0 212#02BF077967F23FFF
(0000000006.104700) vcan0 308#00093200053FFF00
(0000000006.115200) vcan0 308#00093840043FFF00
(0000000006.119800) vcan0 212#02BF0778A7F23FFF
(0000000006.124700) vcan0 308#00093F00043FFF00
(0000000006.134900) vcan0 308#00094600053FFF00
(0000000006.139800) vcan0 212#02BF0776A7F23FFF
(0000000006.144700) vcan0 308#00094D40053FFF00
(0000000006.155100) vcan0 308#00095300043FFF00
(0000000006.159900) vcan0 212#02BF077567F23FFF
(0000000006.164700) vcan0 308#00095740043FFF00
(0000000006.174900) vcan0 308#00095D00053FFF00
(0000000006.179900) vcan0 212#02BF077467F23FFF
(0000000006.184700) vcan0 308#00096100053FFF00
(0000000006.195200) vcan0 308#00096300043FFF00
(0000000006.199900) vcan0 212#02BF0774A7F23FFF
(0000000006.204700) vcan0 308#00096440043FFF00
(0000000006.215200) vcan0 308#00096700053FFF00
(0000000006.219900) vcan0 212#02BF0773A7F23FFF
(0000000006.224800) vcan0 308#00096C40053FFF00
(0000000006.235200) vcan0 308#00097100043FFF00
(0000000006.239900) vcan0 212#02BF077167F23FFF
(0000000006.244800) vcan0 308#00097400043FFF00
(0000000006.255200) vcan0 308#00097840053FFF00
(0000000006.259900) vcan0 212#02BF077067F23FFF
(0000000006.264800) vcan0 308#00097C00053FFF00
(0000000006.275200) vcan0 308#00097F40043FFF00
(0000000006.279900) vcan0 212#02BF076FA7F23FFF
(0000000006.284800) vcan0 308#00097F40043FFF00
(0000000006.295000) vcan0 308#00097E40053FFF00
(0000000006.300000) vcan0 212#02BF076FA7F23FFF
(0000000006.304800) vcan0 308#00097F00053FFF00
(0000000006.314900) vcan0 308#00098040043FFF00
(0000000006.319900) vcan0 212#02BF076E67F23FFF
(0000000006.324800) vcan0 308#00098540043FFF00
(0000000006.335000) vcan0 308#00098A00053FFF00
(0000000006.340000) vcan0 212#02BF076D67F23FFF
(0000000006.344800) vcan0 308#00098B40053FFF00
(0000000006.354900) vcan0 308#00098C40043FFF00
(0000000006.360000) vcan0 212#02BF076CA7F23FFF
(0000000006.364800) vcan0 308#00098E00043FFF00
(0000000006.375300) vcan0 308#00099100053FFF00
(0000000006.380000) vcan0 212#02BF076AA7F23FFF
(0000000006.384800) vcan0 308#00099400053FFF00
(0000000006.395000) vcan0 308#00099500043FFF00
(0000000006.400300) vcan0 212#02BF076A67F23FFF
(0000000006.405200) vcan0 308#00099500043FFF00
(0000000006.415300) vcan0 308#00099640053FFF00
(0000000006.420000) vcan0 212#02BF076767F23FFF
(0000000006.424800) vcan0 308#00099800053FFF00
(0000000006.435200) vcan0 308#00099300043FFF00
(0000000006.440000) vcan0 212#02BF0764A7F23FFF
(0000000006.444800) vcan0 308#00098A40043FFF00
(0000000006.455300) vcan0 308#00098440053FFF00
(0000000006.460000) vcan0 212#02BF0764A7F23FFF
(0000000006.464800) vcan0 308#00098440053FFF00
(0000000006.475300) vcan0 308#00098540043FFF00
(0000000006.480000) vcan0 212#02BF076467F23FFF
(0000000006.484800) vcan0 308#00098100043FFF00
(0000000006.495300) vcan0 308#00097E40053FFF00
(0000000006.500100) vcan0 212#02BF076467F23FFF
(0000000006.504900) vcan0 308#00097E40053FFF00
(0000000006.515300) vcan0 308#00097D00043FFF00
(0000000006.520100) vcan0 212#02BF0764A7F23FFF
(0000000006.524900) vcan0 308#00097D00043FFF00
(0000000006.535300) vcan0 308#00097E40053FFF00
(0000000006.540100) vcan0 212#02BF0765A7F23FFF
(0000000006.545000) vcan0 308#00097F00053FFF00
(0000000006.555200) vcan0 308#00097E00043FFF00
(0000000006.560100) vcan0 212#02BF076667F23FFF
(0000000006.564900) vcan0 308#00097D00043FFF00
(0000000006.575100) vcan0 308#00097C00053FFF00
(0000000006.580100) vcan0 212#02BF076567F23FFF
(0000000006.584900) vcan0 308#00097C00053FFF00
(0000000006.595100) vcan0 308#00097B00043FFF00
(0000000006.600100) vcan0 212#02BF0766A7F23FFF
(0000000006.604900) vcan0 308#00097940043FFF00
(0000000006.615100) vcan0 308#00097740053FFF00
(0000000006.620100) vcan0 212#02BF0765A7F23FFF
(0000000006.624900) vcan0 308#00097600053FFF00
(0000000006.635200) vcan0 308#00097700043FFF00
(0000000006.640100) vcan0 212#02BF076567F23FFF
(0000000006.644900) vcan0 308#00097540043FFF00
(0000000006.655400) vcan0 308#00097000053FFF00
(0000000006.660100) vcan0 212#02BF076567F23FFF
(0000000006.664900) vcan0 308#00096C40053FFF00
(0000000006.675400) vcan0 308#00096A00043FFF00
(0000000006.680100) vcan0 212#02BF0765A7F23FFF
(0000000006.684900) vcan0 308#00096840043FFF00
(0000000006.695200) vcan0 308#00096700053FFF00
(0000000006.700100) vcan0 212#02BF0764A7F23FFF
(0000000006.704900) vcan0 308#00096340053FFF00
(0000000006.715700) vcan0 308#00095E40043FFF00
(0000000006.720100) vcan0 212#02BF076467F23FFF
(0000000006.725200) vcan0 308#00095900043FFF00
(0000000006.735600) vcan0 308#00095540053FFF00
(0000000006.740100) vcan0 212#02BF076467F23FFF
(0000000006.744900) vcan0 308#00095200053FFF00
(0000000006.755400) vcan0 308#00094C40043FFF00
(0000000006.760100) vcan0 212#02BF0765A7F23FFF
(0000000006.764900) vcan0 308#00094340043FFF00
(0000000006.775400) vcan0 308#00093C40053FFF00
(0000000006.780100) vcan0 212#02BF0764A7F23FFF
(0000000006.784900) vcan0 308#00093700053FFF00
(0000000006.795400) vcan0 308#00093500043FFF00
(0000000006.800100) vcan0 212#02BF076467F23FFF
(0000000006.805000) vcan0 308#00093240043FFF00
(0000000006.815000) vcan0 308#00092E40053FFF00
(0000000006.820100) vcan0 212#02BF076367F23FFF
(0000000006.824900) vcan0 308#00092A00053FFF00
(0000000006.835100) vcan0 308#00092700043FFF00
(0000000006.840100) vcan0 212#02BF0763A7F23FFF
(0000000006.845200) vcan0 308#00092040043FFF00
(0000000006.855200) vcan0 308#00091740053FFF00
(0000000006.860100) vcan0 212#02BF0763A7F23FFF
(0000000006.865200) vcan0 308#00090D00053FFF00
(0000000006.875200) vcan0 308#00090300043FFF00
(0000000006.880200) vcan0 212#02BF076467F23FFF
(0000000006.885200) vcan0 308#0008F640043FFF00
(0000000006.895200) vcan0 308#0008EF40053FFF00
(0000000006.900200) vcan0 212#02BF076467F23FFF
(0000000006.905000) vcan0 308#0008EA40053FFF00
(0000000006.915400) vcan0 308#0008E240043FFF00
(0000000006.920200) vcan0 212#02BF0763A7F23FFF
(0000000006.925000) vcan0 308#0008DC00043FFF00
(0000000006.935200) vcan0 308#0008D700053FFF00
(0000000006.940500) vcan0 212#02BF0763A7F23FFF
(0000000006.945000) vcan0 308#0008D340053FFF00
(0000000006.955500) vcan0 308#0008CE00043FFF00
(0000000006.960200) vcan0 212#02BF076367F23FFF
(0000000006.965000) vcan0 308#0008C640043FFF00
(0000000006.975500) vcan0 308#0008BD00053FFF00
(0000000006.980200) vcan0 212#02BF076467F23FFF
(0000000006.985100) vcan0 308#0008B200053FFF00
(0000000006.995500) vcan0 308#0008AA40043FFF00
(0000000007.000200) vcan0 212#02BF0766A7F23FFF
(0000000007.005100) vcan0 308#00089E00043FFF00
(0000000007.015600) vcan0 308#00089240053FFF00
(0000000007.020300) vcan0 212#02BF0767A7F23FFF
(0000000007.025300) vcan0 308#00088640053FFF00
(0000000007.035500) vcan0 308#00087840043FFF00
(0000000007.040200) vcan0 212#02BF076867F23FFF
(0000000007.045300) vcan0 308#00087000043FFF00
(0000000007.055600) vcan0 308#00086740053FFF00
(0000000007.060300) vcan0 212#02BF076867F23FFF
(0000000007.065300) vcan0 308#00086140053FFF00
(0000000007.075300) vcan0 308#00085100043FFF00
(0000000007.080300) vcan0 212#02BF076AA7F23FFF
(0000000007.085300) vcan0 308#00084840043FFF00
(0000000007.095200) vcan0 308#00083F00053FFF00
(0000000007.100300) vcan0 212#02BF076BA7F23FFF
(0000000007.105100) vcan0 308#00083840053FFF00
(0000000007.115200) vcan0 308#00082A00043FFF00
(0000000007.120300) vcan0 212#02BF076C67F23FFF
(0000000007.125300) vcan0 308#00081440043FFF00
(0000000007.135500) vcan0 308#00080600053FFF00
(0000000007.140300) vcan0 212#02BF076E67F23FFF
(0000000007.145300) vcan0 308#0007F900053FFF00
(0000000007.155500) vcan0 308#0007EB40043FFF00
(0000000007.160300) vcan0 212#02BF076FA7F23FFF
(0000000007.165300) vcan0 308#0007DA00043FFF00
(0000000007.175600) vcan0 308#0007C900053FFF00
(0000000007.180300) vcan0 212#02BF0770A7F23FFF
(0000000007.185300) vcan0 308#0007B800053FFF00
(0000000007.195500) vcan0 308#0007A800043FFF00
(0000000007.200300) vcan0 212#02BF077067F23FFF
(0000000007.205100) vcan0 308#00079540043FFF00
(0000000007.215500) vcan0 308#00078540053FFF00
(0000000007.220300) vcan0 212#02BF077267F23FFF
(0000000007.225100) vcan0 308#00077800053FFF00
(0000000007.235500) vcan0 308#00076940043FFF00
(0000000007.240300) vcan0 212#02BF0772A7F23FFF
(0000000007.245100) vcan0 308#00075B00043FFF00
(0000000007.255600) vcan0 308#00075000053FFF00
(0000000007.260300) vcan0 212#02BF0774A7F23FFF
(0000000007.265100) vcan0 308#00074700053FFF00
(0000000007.275500) vcan0 308#00074600043FFF00
(0000000007.280300) vcan0 212#02BF077467F23FFF
(0000000007.285300) vcan0 308#00073E00043FFF00
(0000000007.295600) vcan0 308#00072C40053FFF00
(0000000007.300300) vcan0 212#02BF077467F23FFF
(0000000007.305100) vcan0 308#00071C40053FFF00
(0000000007.315600) vcan0 308#00070640043FFF00
(0000000007.320300) vcan0 212#02BF0775A7F23FFF
(0000000007.325100) vcan0 308#0006F740043FFF00
(0000000007.335300) vcan0 308#0006E240053FFF00
(0000000007.340300) vcan0 212#02BF0776A7F23FFF
(0000000007.345400) vcan0 308#0006CF40053FFF00
(0000000007.355300) vcan0 308#0006B640043FFF00
(0000000007.360700) vcan0 212#02BF077667F23FFF
(0000000007.365400) vcan0 308#0006A300043FFF00
(0000000007.375300) vcan0 308#00069400053FFF00
(0000000007.380300) vcan0 212#02BF077767F23FFF
(0000000007.385300) vcan0 308#00067F00053FFF00
(0000000007.395300) vcan0 308#00066E40043FFF00
(0000000007.400400) vcan0 212#02BF0778A7F23FFF
(0000000007.405400) vcan0 308#00065C00043FFF00
(0000000007.415300) vcan0 308#00064740053FFF00
(0000000007.420300) vcan0 212#02BF077BA7F23FFF
(0000000007.425400) vcan0 308#00063540053FFF00
(0000000007.435300) vcan0 308#00062400043FFF00
(0000000007.440400) vcan0 212#02BF077C67F23FFF
(0000000007.445400) vcan0 308#00061640043FFF00
(0000000007.455600) vcan0 308#00060640053FFF00
(0000000007.460300) vcan0 212#02BF077D67F23FFF
(0000000007.465400) vcan0 308#0005F340053FFF00
(0000000007.475600) vcan0 308#0005DC40043FFF00
(0000000007.480400) vcan0 212#02BF077FA7F23FFF
(0000000007.485400) vcan0 308#0005CD40043FFF00
(0000000007.495600) vcan0 308#0005B840053FFF00
(0000000007.500300) vcan0 212#02BF0780A7F23FFF
(0000000007.505200) vcan0 308#0005A340053FFF00
(0000000007.515600) vcan0 308#00058C40043FFF00
(0000000007.520400) vcan0 212#02BF078167F23FFF
(0000000007.525100) vcan0 308#00057540043FFF00
(0000000007.535600) vcan0 308#00056400053FFF00
(0000000007.540400) vcan0 212#02BF078267F23FFF
(0000000007.545400) vcan0 308#00054B40053FFF00
(0000000007.555600) vcan0 308#00053A00043FFF00
(0000000007.560400) vcan0 212#02BF0782A7F23FFF
(0000000007.565400) vcan0 308#00052040043FFF00
(0000000007.575900) vcan0 308#00050F40053FFF00
(0000000007.580300) vcan0 212#02BF0784A7F23FFF
(0000000007.585700) vcan0 308#0004F440053FFF00
(0000000007.595900) vcan0 308#0004E240043FFF00
(0000000007.600400) vcan0 212#02BF078567F23FFF
(0000000007.605400) vcan0 308#0004C640043FFF00
(0000000007.615300) vcan0 308#0004B340053FFF00
(0000000007.620400) vcan0 212#02BF078567F23FFF
(0000000007.625400) vcan0 308#0004A140053FFF00
(0000000007.635600) vcan0 308#00048E40043FFF00
(0000000007.640400) vcan0 212#02BF0787A7F23FFF
(0000000007.645300) vcan0 308#00047140043FFF00
(0000000007.655300) vcan0 308#00045D40053FFF00
(0000000007.660400) vcan0 212#02BF078CA7F23FFF
(0000000007.665300) vcan0 308#00044940053FFF00
(0000000007.675300) vcan0 308#00043540043FFF00
(0000000007.680400) vcan0 212#02BF078B67F23FFF
(0000000007.685300) vcan0 308#00042140043FFF00
(0000000007.695600) vcan0 308#00040B40053FFF00
(0000000007.700400) vcan0 212#02BF078F67F23FFF
(0000000007.705400) vcan0 308#0003F640053FFF00
(0000000007.715300) vcan0 308#0003E100043FFF00
(0000000007.720400) vcan0 212#02BF0796A7F23FFF
(0000000007.725300) vcan0 308#0003D640043FFF00
(0000000007.735500) vcan0 308#0003BF00053FFF00
(0000000007.740400) vcan0 212#02BF0793A7F23FFF
(0000000007.745200) vcan0 308#0003A940053FFF00
(0000000007.755600) vcan0 308#00039300043FFF00
(0000000007.760400) vcan0 212#02BF079867F23FFF
(0000000007.765300) vcan0 308#00038700043FFF00
(0000000007.775500) vcan0 308#00037000053FFF00
(0000000007.780400) vcan0 212#02BF079567F23FFF
(0000000007.785400) vcan0 308#00035940053FFF00
(0000000007.795600) vcan0 308#00034D00043FFF00
(0000000007.800400) vcan0 212#02BF0798A7F23FFF
(0000000007.805400) vcan0 308#00033300043FFF00
(0000000007.815600) vcan0 308#00032740053FFF00
(0000000007.820400) vcan0 212#02BF0796A7F23FFF
(0000000007.825400) vcan0 308#00030F40053FFF00
(0000000007.835600) vcan0 308#00030240043FFF00
(0000000007.840400) vcan0 212#02BF079867F23FFF
(0000000007.845400) vcan0 308#0002F340043FFF00
(0000000007.855700) vcan0 308#0002D940053FFF00
(0000000007.860400) vcan0 212#02BF079567F23FFF
(0000000007.865400) vcan0 308#0002CC00053FFF00
(0000000007.875400) vcan0 308#0002C040043FFF00
(0000000007.880400) vcan0 212#02BF0797A7F23FFF
(0000000007.885400) vcan0 308#0002B240043FFF00
(0000000007.895600) vcan0 308#00029300053FFF00
(0000000007.900400) vcan0 212#02BF0793A7F23FFF
(0000000007.905400) vcan0 308#00028640053FFF00
(0000000007.915400) vcan0 308#00027A00043FFF00
(0000000007.920400) vcan0 212#02BF079167F23FFF
(0000000007.925400) vcan0 308#00026D00043FFF00
(0000000007.935600) vcan0 308#00025F00053FFF00
(0000000007.940400) vcan0 212#02BF079467F23FFF
(0000000007.945400) vcan0 308#00024E00053FFF00
(0000000007.955300) vcan0 308#00023E00043FFF00
(0000000007.960400) vcan0 212#02BF0791A7F23FFF
(0000000007.965400) vcan0 308#00023100043FFF00
(0000000007.975400) vcan0 308#00022540053FFF00
(0000000007.980400) vcan0 212#02BF078FA7F23FFF
(0000000007.985500) vcan0 308#00021800053FFF00
(0000000007.996000) vcan0 308#00020940043FFF00
(0000000008.000400) vcan0 212#02BF079367F23FFF
(0000000008.005500) vcan0 308#00020940043FFF00
(0000000008.015900) vcan0 308#0001F500053FFF00
(0000000008.020400) vcan0 212#02BF079267F23FFF
(0000000008.025399) vcan0 308#0001E206053FFF00
(0000000008.035700) vcan0 308#0001D506043FFF00
(0000000008.040400) vcan0 212#02BF0792A7F23FFF
(0000000008.045400) vcan0 308#0001C946043FFF00
(0000000008.055700) vcan0 308#0001C906053FFF00
(0000000008.060400) vcan0 212#02BF0792A7F23FFF
(0000000008.065400) vcan0 308#0001BB06053FFF00
