(0000000000.003800) vcan0 212#02BF0779A7F23FFF
(0000000000.008500) vcan0 308#0003DA00053FFF00
(0000000000.009000) vcan0 312#677907790B2A0728
(0000000000.018600) vcan0 308#0003DC40043FFF00
(0000000000.019000) vcan0 312#677907790B2A0728
(0000000000.023800) vcan0 212#02BF077967F23FFF
(0000000000.029000) vcan0 308#0003DF40043FFF00
(0000000000.029400) vcan0 312#077907790B2B0728
(0000000000.038600) vcan0 308#0003E300053FFF00
(0000000000.039000) vcan0 312#077907790B2B0728
(0000000000.043800) vcan0 212#02BF077967F23FFF
(0000000000.048500) vcan0 308#0003E600053FFF00
(0000000000.049200) vcan0 312#677907790B2B0728
(0000000000.058500) vcan0 308#0003E800043FFF00
(0000000000.059000) vcan0 312#677907790B2C0728
(0000000000.063700) vcan0 212#02BF0779A7F23FFF
(0000000000.068500) vcan0 308#0003E800043FFF00
(0000000000.069200) vcan0 312#077907790B2C0728
(0000000000.078500) vcan0 308#0003E900053FFF00
(0000000000.079000) vcan0 312#077907790B2C0728
(0000000000.083700) vcan0 212#02BF0779A7F23FFF
(0000000000.088500) vcan0 308#0003E840053FFF00
(0000000000.089200) vcan0 312#677907790B2C0728
(0000000000.098500) vcan0 308#0003E800043FFF00
(0000000000.099000) vcan0 312#677907790B2C0728
(0000000000.103700) vcan0 212#02BF077967F23FFF
(0000000000.108700) vcan0 308#0003E700043FFF00
(0000000000.109100) vcan0 312#077907790B2C0728
(0000000000.118700) vcan0 308#0003E500053FFF00
(0000000000.119200) vcan0 312#077907790B2B0728
(0000000000.123700) vcan0 212#02BF077967F23FFF
(0000000000.128899) vcan0 308#0003E440053FFF00
(0000000000.129399) vcan0 312#677907790B2B0728
(0000000000.138500) vcan0 308#0003E200043FFF00
(0000000000.139000) vcan0 312#677907790B2B0728
(0000000000.143700) vcan0 212#02BF0779A7F23FFF
(0000000000.148500) vcan0 308#0003E040043FFF00
(0000000000.149200) vcan0 312#077907790B2B0728
(0000000000.158700) vcan0 308#0003DF00053FFF00
(0000000000.159200) vcan0 312#077907790B2B0728
(0000000000.163700) vcan0 212#02BF0779E7F53FFF
(0000000000.168900) vcan0 308#0003DD40053FFF00
(0000000000.169400) vcan0 312#677907790B2B0728
(0000000000.178700) vcan0 308#0003DB00043FFF00
(0000000000.179200) vcan0 312#677907790B2A0728
(0000000000.183700) vcan0 212#02BF077967FD3FFF
(0000000000.188900) vcan0 308#0003D800043FFF00
(0000000000.189400) vcan0 312#077907790B2A0728
(0000000000.198700) vcan0 308#0003D600053FFF00
(0000000000.199100) vcan0 312#077907790B2A0728
(0000000000.203700) vcan0 212#03D8077968043FFF
(0000000000.208700) vcan0 308#0003D440053FFF00
(0000000000.209100) vcan0 312#677907790B2A0728
(0000000000.218700) vcan0 308#0003D200043FFF00
(0000000000.219100) vcan0 312#677607760B290728
(0000000000.223700) vcan0 212#03D80776E80A3FFF
(0000000000.228900) vcan0 308#0003D040043FFF00
(0000000000.229400) vcan0 312#077607760B290728
(0000000000.238600) vcan0 308#0003CF40053FFF00
(0000000000.239100) vcan0 312#077607760B290728
(0000000000.243700) vcan0 212#03D80776E8223FFF
(0000000000.248800) vcan0 308#0003CE00053FFF00
(0000000000.249300) vcan0 312#477407740B290728
(0000000000.258399) vcan0 308#0003CF00043FFF00
(0000000000.258899) vcan0 312#477407740B290728
(0000000000.263600) vcan0 212#03D80774283A3FFF
(0000000000.268400) vcan0 308#0003D100043FFF00
(0000000000.269100) vcan0 312#277407740B290728
(0000000000.278400) vcan0 308#0003D300053FFF00
(0000000000.278900) vcan0 312#277207720B2A0728
(0000000000.283700) vcan0 212#03D8077228483FFF
(0000000000.288400) vcan0 308#0003D500053FFF00
(0000000000.289100) vcan0 312#477207720B2A0728
(0000000000.298600) vcan0 308#0003DA40043FFF00
(0000000000.299100) vcan0 312#477207720B340728
(0000000000.303600) vcan0 212#03D80772E84D3FFF
(0000000000.308400) vcan0 308#0003DF40043FFF00
(0000000000.308900) vcan0 312#277107710B3F0728
(0000000000.318400) vcan0 308#0003E440053FFF00
(0000000000.318900) vcan0 312#277107710B4C0728
(0000000000.323600) vcan0 212#03D80771A84C3FFF
(0000000000.328400) vcan0 308#0003EB40053FFF00
(0000000000.329100) vcan0 312#477107710B620728
(0000000000.338400) vcan0 308#0003F240043FFF00
(0000000000.338800) vcan0 312#677507750B710728
(0000000000.343600) vcan0 212#03D80775284B3FFF
(0000000000.348400) vcan0 308#0003F900043FFF00
(0000000000.349100) vcan0 312#077507750B800728
(0000000000.358400) vcan0 308#0003FB00053FFF00
(0000000000.358800) vcan0 312#077507750B8F0728
(0000000000.363600) vcan0 212#03D80775684C3FFF
(0000000000.368800) vcan0 308#0003FC40053FFF00
(0000000000.369200) vcan0 312#477B077B0B9C0728
(0000000000.378500) vcan0 308#0003FE40043FFF00
(0000000000.379000) vcan0 312#477B077B0BAA0728
(0000000000.383600) vcan0 212#03D8077BA84A3FFF
(0000000000.388500) vcan0 308#00040400043FFF00
(0000000000.389200) vcan0 312#277B077B0BB70728
(0000000000.398300) vcan0 308#00040A00053FFF00
(0000000000.398800) vcan0 312#078607860BC10728
(0000000000.403600) vcan0 212#03D80786E8483FFF
(0000000000.408500) vcan0 308#00041A40053FFF00
(0000000000.409000) vcan0 312#678607860BCC0728
(0000000000.418300) vcan0 308#00043040043FFF00
(0000000000.418800) vcan0 312#479307930BD70728
(0000000000.423600) vcan0 212#03D8079328473FFF
(0000000000.428300) vcan0 308#00044740043FFF00
(0000000000.429100) vcan0 312#079407940BE40728
(0000000000.438500) vcan0 308#00046900053FFF00
(0000000000.439000) vcan0 312#279507950BEC0728
(0000000000.443600) vcan0 212#03D8079568453FFF
(0000000000.448800) vcan0 308#00048040053FFF00
(0000000000.449200) vcan0 312#67A407A40BF50728
(0000000000.458300) vcan0 308#00049700043FFF00
(0000000000.458800) vcan0 312#47A507A50BFA0728
(0000000000.463500) vcan0 212#03D807A5A8433FFF
(0000000000.468700) vcan0 308#0004A540043FFF00
(0000000000.469200) vcan0 312#07B307B30BFE0728
(0000000000.478500) vcan0 308#0004AD40053FFF00
(0000000000.479000) vcan0 312#27B407B40C010728
(0000000000.483500) vcan0 212#03D807B4E8423FFF
(0000000000.488300) vcan0 308#0004A600053FFF00
(0000000000.489000) vcan0 312#47B407B40C020728
(0000000000.498300) vcan0 308#00049C40043FFF00
(0000000000.498800) vcan0 312#47BD07BD0C030728
(0000000000.503600) vcan0 212#03D807BD28413FFF
(0000000000.508300) vcan0 308#00049200043FFF00
(0000000000.508800) vcan0 312#07BC07BC0C030728
(0000000000.518298) vcan0 308#00049440053FFF00
(0000000000.518700) vcan0 312#07BC07BC0C040728
(0000000000.523499) vcan0 212#03D807BC68403FFF
(0000000000.528300) vcan0 308#00049740053FFF00
(0000000000.529000) vcan0 312#67C207C20C060728
(0000000000.538500) vcan0 308#0004AB00043FFF00
(0000000000.539000) vcan0 312#47C307C30C090728
(0000000000.543500) vcan0 212#03D807C3A83D3FFF
(0000000000.548300) vcan0 308#0004C100043FFF00
(0000000000.549000) vcan0 312#27C907C90C0C0728
(0000000000.558200) vcan0 308#0004E700053FFF00
(0000000000.558700) vcan0 312#27CC07CC0C0E0728
(0000000000.563500) vcan0 212#03D807CCE8333FFF
(0000000000.568400) vcan0 308#00050200053FFF00
(0000000000.569200) vcan0 312#67D007D00C100728
(0000000000.578300) vcan0 308#00052E00043FFF00
(0000000000.578700) vcan0 312#67D307D30C120728
(0000000000.583500) vcan0 212#03D807D3680D3FFF
(0000000000.588200) vcan0 308#00055C00043FFF00
(0000000000.589000) vcan0 312#27D807D80C130728
(0000000000.598400) vcan0 308#00058E40053FFF00
(0000000000.598900) vcan0 312#07DC07DC0C130728
(0000000000.603500) vcan0 212#02BF07DC28003FFF
(0000000000.608300) vcan0 308#0005BC00053FFF00
(0000000000.608700) vcan0 312#67E007E00C130728
(0000000000.618400) vcan0 308#0005EA40043FFF00
(0000000000.618900) vcan0 312#47E207E20C0F0728
(0000000000.623500) vcan0 212#02BF07E2A7F43FFF
(0000000000.628400) vcan0 308#00060D40043FFF00
(0000000000.629100) vcan0 312#27E207E20C070728
(0000000000.638200) vcan0 308#00062300053FFF00
(0000000000.638700) vcan0 312#27E107E10BFD0728
(0000000000.643500) vcan0 212#02BF07E1A7F23FFF
(0000000000.648400) vcan0 308#00063540053FFF00
(0000000000.649100) vcan0 312#47DD07DD0BF00728
(0000000000.658300) vcan0 308#00064C40043FFF00
(0000000000.658700) vcan0 312#47DE07DE0BDD0728
(0000000000.663500) vcan0 212#02BF07DE67F23FFF
(0000000000.668400) vcan0 308#00067340043FFF00
(0000000000.669100) vcan0 312#27D707D70BD00728
(0000000000.678200) vcan0 308#00068D40053FFF00
(0000000000.678700) vcan0 312#27D707D70BC60728
(0000000000.683400) vcan0 212#02BF07D767F23FFF
(0000000000.688400) vcan0 308#0006B000053FFF00
(0000000000.689100) vcan0 312#67CD07CD0BBB0728
(0000000000.698200) vcan0 308#0006C740043FFF00
(0000000000.698700) vcan0 312#67C107C10BB30728
(0000000000.703400) vcan0 212#02BF07C1A7F23FFF
(0000000000.708200) vcan0 308#0006EC40043FFF00
(0000000000.708600) vcan0 312#07C107C10BAF0728
(0000000000.718400) vcan0 308#00071040053FFF00
(0000000000.718800) vcan0 312#27B407B40BA70728
(0000000000.723500) vcan0 212#02BF07B4A7F23FFF
(0000000000.728400) vcan0 308#00072A40053FFF00
(0000000000.729000) vcan0 312#47B407B40BA00728
(0000000000.738400) vcan0 308#00074840043FFF00
(0000000000.738900) vcan0 312#47A907A90B9C0728
(0000000000.743400) vcan0 212#02BF07A967F23FFF
(0000000000.748200) vcan0 308#00075B00043FFF00
(0000000000.748900) vcan0 312#079E079E0B960728
(0000000000.758400) vcan0 308#00076240053FFF00
(0000000000.758800) vcan0 312#279F079F0B8F0728
(0000000000.763400) vcan0 212#02BF079F67F23FFF
(0000000000.768200) vcan0 308#00076000053FFF00
(0000000000.768900) vcan0 312#479607960B870728
(0000000000.778400) vcan0 308#00075400043FFF00
(0000000000.778800) vcan0 312#678F078F0B830728
(0000000000.783400) vcan0 212#02BF078FA7F73FFF
(0000000000.788300) vcan0 308#00074500043FFF00
(0000000000.789000) vcan0 312#078F078F0B820728
(0000000000.798200) vcan0 308#00073C00053FFF00
(0000000000.798600) vcan0 312#278807880B810728
(0000000000.803400) vcan0 212#02BF0788E8003FFF
(0000000000.808100) vcan0 308#00073E40053FFF00
(0000000000.808600) vcan0 312#478807880B810728
(0000000000.818300) vcan0 308#00074900043FFF00
(0000000000.818800) vcan0 312#678307830B820728
(0000000000.823400) vcan0 212#03D8078368043FFF
(0000000000.828200) vcan0 308#00075F40043FFF00
(0000000000.828800) vcan0 312#077F077F0B840728
(0000000000.838100) vcan0 308#00077A40053FFF00
(0000000000.838600) vcan0 312#077F077F0B860728
(0000000000.843400) vcan0 212#03D8077F280A3FFF
(0000000000.848100) vcan0 308#00079440053FFF00
(0000000000.848800) vcan0 312#677C077C0B890728
(0000000000.858100) vcan0 308#0007A940043FFF00
(0000000000.858600) vcan0 312#677A077A0B8B0728
(0000000000.863400) vcan0 212#03D8077AA8263FFF
(0000000000.868300) vcan0 308#0007B600043FFF00
(0000000000.869000) vcan0 312#077A077A0B8D0728
(0000000000.878300) vcan0 308#0007C000053FFF00
(0000000000.878800) vcan0 312#277707770B8E0728
(0000000000.883400) vcan0 212#03D80777E82E3FFF
(0000000000.888100) vcan0 308#0007C600053FFF00
(0000000000.888800) vcan0 312#677607760B8F0728
(0000000000.898100) vcan0 308#0007CF40043FFF00
(0000000000.898600) vcan0 312#677607760B8F0728
(0000000000.903300) vcan0 212#03D80776682F3FFF
(0000000000.908100) vcan0 308#0007DA00043FFF00
(0000000000.908600) vcan0 312#077507750B900728
(0000000000.918300) vcan0 308#0007E640053FFF00
(0000000000.918700) vcan0 312#277407740B920728
(0000000000.923300) vcan0 212#03D8077428303FFF
(0000000000.928200) vcan0 308#0007F140053FFF00
(0000000000.929000) vcan0 312#477407740B930728
(0000000000.938100) vcan0 308#0007FE00043FFF00
(0000000000.938500) vcan0 312#477407740B940728
(0000000000.943400) vcan0 212#03D80774A8313FFF
(0000000000.948300) vcan0 308#00080C40043FFF00
(0000000000.949000) vcan0 312#277407740B950728
(0000000000.958300) vcan0 308#00081800053FFF00
(0000000000.958800) vcan0 312#277407740B950728
(0000000000.963300) vcan0 212#03D80774E8353FFF
(0000000000.968200) vcan0 308#00082340053FFF00
(0000000000.968900) vcan0 312#477407740B950728
(0000000000.978000) vcan0 308#00083100043FFF00
(0000000000.978500) vcan0 312#677507750B950728
(0000000000.983300) vcan0 212#03D8077528413FFF
(0000000000.988200) vcan0 308#00083E00043FFF00
(0000000000.988900) vcan0 312#277407740B950728
(0000000000.998300) vcan0 308#00084A40053FFF00
(0000000000.998700) vcan0 312#277407740B950728
(0000000001.003300) vcan0 212#03D80774284D3FFF
(0000000001.008100) vcan0 308#00085900053FFF00
(0000000001.008500) vcan0 312#677307730B950728
(0000000001.018200) vcan0 308#00086800043FFF00
(0000000001.018699) vcan0 312#677307730B950728
(0000000001.023300) vcan0 212#03D80773E8563FFF
(0000000001.028000) vcan0 308#00087600043FFF00
(0000000001.028799) vcan0 312#077307730B950728
(0000000001.038000) vcan0 308#00088940053FFF00
(0000000001.038500) vcan0 312#077507750B950728
(0000000001.043299) vcan0 212#03D80775E85C3FFF
(0000000001.048098) vcan0 308#00089840053FFF00
(0000000001.048700) vcan0 312#677507750B950728
(0000000001.058000) vcan0 308#0008AE00043FFF00
(0000000001.058500) vcan0 312#677607760B950728
(0000000001.063300) vcan0 212#03D8077628603FFF
(0000000001.068000) vcan0 308#0008BE40043FFF00
(0000000001.068700) vcan0 312#277707770B950728
(0000000001.078000) vcan0 308#0008D100053FFF00
(0000000001.078500) vcan0 312#277807780B950728
(0000000001.083300) vcan0 212#03D8077868643FFF
(0000000001.088000) vcan0 308#0008DF40053FFF00
(0000000001.088700) vcan0 312#677907790B950728
(0000000001.098200) vcan0 308#0008F540043FFF00
(0000000001.098700) vcan0 312#677C077C0B950728
(0000000001.103200) vcan0 212#03D8077CE8663FFF
(0000000001.108000) vcan0 308#00090A00043FFF00
(0000000001.108500) vcan0 312#277B077B0B990728
(0000000001.118000) vcan0 308#00092440053FFF00
(0000000001.118500) vcan0 312#277D077D0B9C0728
(0000000001.123200) vcan0 212#03D8077DE8653FFF
(0000000001.128000) vcan0 308#00093F40053FFF00
(0000000001.128700) vcan0 312#677F077F0B9E0728
(0000000001.138200) vcan0 308#00095B40043FFF00
(0000000001.138600) vcan0 312#478107810B9F0728
(0000000001.143200) vcan0 212#03D8078168673FFF
(0000000001.148000) vcan0 308#00097800043FFF00
(0000000001.148700) vcan0 312#278207820BA10728
(0000000001.158100) vcan0 308#00099340053FFF00
(0000000001.158600) vcan0 312#278107810BA10728
(0000000001.163200) vcan0 212#03D8078128663FFF
(0000000001.168200) vcan0 308#0009AF40053FFF00
(0000000001.168800) vcan0 312#478407840BA00728
(0000000001.178100) vcan0 308#0009CA00043FFF00
(0000000001.178600) vcan0 312#478407840BA20728
(0000000001.183200) vcan0 212#03D80784E8693FFF
(0000000001.188200) vcan0 308#0009E540043FFF00
(0000000001.188900) vcan0 312#278407840BA20728
(0000000001.198100) vcan0 308#0009FF40053FFF00
(0000000001.198600) vcan0 312#278407840BA20728
(0000000001.203200) vcan0 212#03D80784A86B3FFF
(0000000001.208100) vcan0 308#000A1C00053FFF00
(0000000001.208600) vcan0 312#478407840BA20728
(0000000001.218100) vcan0 308#000A3840043FFF00
(0000000001.218600) vcan0 312#678307830BA00728
(0000000001.223200) vcan0 212#03D80783686D3FFF
(0000000001.228100) vcan0 308#000A5B40043FFF00
(0000000001.228800) vcan0 312#078307830B9F0728
(0000000001.238100) vcan0 308#000A7600053FFF00
(0000000001.238600) vcan0 312#278207820B9F0728
(0000000001.243200) vcan0 212#03D8078268703FFF
(0000000001.248100) vcan0 308#000A9940053FFF00
(0000000001.248800) vcan0 312#478107810B9B0728
(0000000001.258100) vcan0 308#000AB540043FFF00
(0000000001.258600) vcan0 312#478107810B980728
(0000000001.263200) vcan0 212#03D80781E8713FFF
(0000000001.267900) vcan0 308#000AD400043FFF00
(0000000001.268600) vcan0 312#278107810B990728
(0000000001.278100) vcan0 308#000AED40053FFF00
(0000000001.278500) vcan0 312#078007800B980728
(0000000001.283100) vcan0 212#03D80780E8713FFF
(0000000001.288100) vcan0 308#000B0840053FFF00
(0000000001.288800) vcan0 312#678007800B990728
(0000000001.298100) vcan0 308#000B2300043FFF00
(0000000001.298500) vcan0 312#678007800B950728
(0000000001.303200) vcan0 212#03D8078028723FFF
(0000000001.308100) vcan0 308#000B3E00043FFF00
(0000000001.308500) vcan0 312#078007800B950728
(0000000001.317900) vcan0 308#000B5300053FFF00
(0000000001.318300) vcan0 312#077F077F0B950728
(0000000001.323100) vcan0 212#03D8077F68753FFF
(0000000001.327900) vcan0 308#000B6A00053FFF00
(0000000001.328600) vcan0 312#678007800B950728
(0000000001.337900) vcan0 308#000B8240043FFF00
(0000000001.338400) vcan0 312#678007800B950728
(0000000001.343100) vcan0 212#03D80780A8763FFF
(0000000001.347900) vcan0 308#000B9E00043FFF00
(0000000001.348600) vcan0 312#077F077F0B950728
(0000000001.358000) vcan0 308#000BB800053FFF00
(0000000001.358500) vcan0 312#077F077F0B950728
(0000000001.363100) vcan0 212#03D8077FA8753FFF
(0000000001.367900) vcan0 308#000BD040053FFF00
(0000000001.368600) vcan0 312#678007800B950728
(0000000001.377900) vcan0 308#000BEE40043FFF00
(0000000001.378300) vcan0 312#678007800B950728
(0000000001.383100) vcan0 212#03D8078028723FFF
(0000000001.388000) vcan0 308#000C0500043FFF00
(0000000001.388700) vcan0 312#078007800B950728
(0000000001.397800) vcan0 308#000C1A00053FFF00
(0000000001.398300) vcan0 312#078007800B950728
(0000000001.403100) vcan0 212#03D80780686D3FFF
(0000000001.407900) vcan0 308#000C3100053FFF00
(0000000001.408300) vcan0 312#678007800B950728
(0000000001.417800) vcan0 308#000C4E00043FFF00
(0000000001.418300) vcan0 312#477E077E0B950728
(0000000001.423000) vcan0 212#03D8077EA86B3FFF
(0000000001.427800) vcan0 308#000C6500043FFF00
(0000000001.428600) vcan0 312#277D077D0B950728
(0000000001.438000) vcan0 308#000C7A00053FFF00
(0000000001.438400) vcan0 312#077C077C0B950728
(0000000001.443100) vcan0 212#03D8077CE8693FFF
(0000000001.448000) vcan0 308#000C9340053FFF00
(0000000001.448600) vcan0 312#477B077B0B950728
(0000000001.458000) vcan0 308#000CAA00043FFF00
(0000000001.458400) vcan0 312#677A077A0B950728
(0000000001.463000) vcan0 212#03D8077A68683FFF
(0000000001.467900) vcan0 308#000CC300043FFF00
(0000000001.468700) vcan0 312#077907790B950728
(0000000001.478000) vcan0 308#000CD840053FFF00
(0000000001.478400) vcan0 312#277707770B950728
(0000000001.483000) vcan0 212#03D8077728663FFF
(0000000001.487900) vcan0 308#000CF200053FFF00
(0000000001.488600) vcan0 312#677507750B950728
(0000000001.497900) vcan0 308#000D0940043FFF00
(0000000001.498400) vcan0 312#477407740B950728
(0000000001.503000) vcan0 212#03D80774A8623FFF
(0000000001.507900) vcan0 308#000D1F00043FFF00
(0000000001.508300) vcan0 312#077307730B950728
(0000000001.517800) vcan0 308#000D3440053FFF00
(0000000001.518200) vcan0 312#277107710B950728
(0000000001.523000) vcan0 212#03D80771A8613FFF
(0000000001.527900) vcan0 308#000D4C40053FFF00
(0000000001.528600) vcan0 312#477107710B950728
(0000000001.537900) vcan0 308#000D6100043FFF00
(0000000001.538400) vcan0 312#476F076F0B950728
(0000000001.543000) vcan0 212#03D8076F285F3FFF
(0000000001.547800) vcan0 308#000D7600043FFF00
(0000000001.548400) vcan0 312#076D076D0B950728
(0000000001.557900) vcan0 308#000D8B00053FFF00
(0000000001.558300) vcan0 312#276C076C0B950728
(0000000001.563000) vcan0 212#03D8076C685E3FFF
(0000000001.567900) vcan0 308#000D9F00053FFF00
(0000000001.568600) vcan0 312#676B076B0B950728
(0000000001.577900) vcan0 308#000DB440043FFF00
(0000000001.578400) vcan0 312#476907690B950728
(0000000001.583000) vcan0 212#03D80769A85B3FFF
(0000000001.587700) vcan0 308#000DC940043FFF00
(0000000001.588500) vcan0 312#076807680B950728
(0000000001.597900) vcan0 308#000DDC40053FFF00
(0000000001.598300) vcan0 312#076707670B950728
(0000000001.603000) vcan0 212#03D80767E85A3FFF
(0000000001.607700) vcan0 308#000DED00053FFF00
(0000000001.608200) vcan0 312#476607660B950728
(0000000001.617900) vcan0 308#000DFF40043FFF00
(0000000001.618300) vcan0 312#476507650B950728
(0000000001.622900) vcan0 212#03D80765285A3FFF
(0000000001.627700) vcan0 308#000E1440043FFF00
(0000000001.628400) vcan0 312#076407640B950728
(0000000001.637900) vcan0 308#000E2200053FFF00
(0000000001.638300) vcan0 312#276307630B950728
(0000000001.642900) vcan0 212#03D80763285A3FFF
(0000000001.647700) vcan0 308#000E3140053FFF00
(0000000001.648400) vcan0 312#676207620B950728
(0000000001.657700) vcan0 308#000E3E00043FFF00
(0000000001.658200) vcan0 312#676107610B950728
(0000000001.662900) vcan0 212#03D80761E85A3FFF
(0000000001.667700) vcan0 308#000E4D40043FFF00
(0000000001.668400) vcan0 312#076107610B950728
(0000000001.677800) vcan0 308#000E5900053FFF00
(0000000001.678300) vcan0 312#276007600B950728
(0000000001.682900) vcan0 212#03D80760A85B3FFF
(0000000001.687800) vcan0 308#000E6600053FFF00
(0000000001.688500) vcan0 312#675E075E0B950728
(0000000001.697800) vcan0 308#000E6F40043FFF00
(0000000001.698300) vcan0 312#475F075F0B950728
(0000000001.702900) vcan0 212#03D8075F685B3FFF
(0000000001.707800) vcan0 308#000E7600043FFF00
(0000000001.708300) vcan0 312#075E075E0B950728
(0000000001.717700) vcan0 308#000E7F40053FFF00
(0000000001.718100) vcan0 312#075D075D0B950728
(0000000001.722900) vcan0 212#03D8075D285A3FFF
(0000000001.727600) vcan0 308#000E8540053FFF00
(0000000001.728400) vcan0 312#675D075D0B950728
(0000000001.737700) vcan0 308#000E8B40043FFF00
(0000000001.738100) vcan0 312#475C075C0B950728
(0000000001.742900) vcan0 212#03D8075CE85C3FFF
(0000000001.747700) vcan0 308#000E8E40043FFF00
(0000000001.748400) vcan0 312#275C075C0B950728
(0000000001.757800) vcan0 308#000E9500053FFF00
(0000000001.758300) vcan0 312#275C075C0B950728
(0000000001.762900) vcan0 212#03D8075CA85B3FFF
(0000000001.767800) vcan0 308#000E9C00053FFF00
(0000000001.768500) vcan0 312#475C075C0B950728
(0000000001.777800) vcan0 308#000E9B00043FFF00
(0000000001.778200) vcan0 312#675B075B0B950728
(0000000001.782800) vcan0 212#03D8075B285C3FFF
(0000000001.787700) vcan0 308#000EA040043FFF00
(0000000001.788400) vcan0 312#075B075B0B950728
(0000000001.797800) vcan0 308#000EA300053FFF00
(0000000001.798200) vcan0 312#075B075B0B950728
(0000000001.802900) vcan0 212#03D8075B285C3FFF
(0000000001.807700) vcan0 308#000EA140053FFF00
(0000000001.808200) vcan0 312#675B075B0B950728
(0000000001.817800) vcan0 308#000E9D00043FFF00
(0000000001.818200) vcan0 312#675B075B0B950728
(0000000001.822800) vcan0 212#03D8075BA85B3FFF
(0000000001.827700) vcan0 308#000E9B00043FFF00
(0000000001.828500) vcan0 312#075B075B0B950728
(0000000001.837600) vcan0 308#000E9840053FFF00
(0000000001.838100) vcan0 312#075B075B0B950728
(0000000001.842800) vcan0 212#03D8075BA85B3FFF
(0000000001.847600) vcan0 308#000E9000053FFF00
(0000000001.848300) vcan0 312#675B075B0B950728
(0000000001.857600) vcan0 308#000E8C00043FFF00
(0000000001.858100) vcan0 312#475A075A0B950728
(0000000001.862800) vcan0 212#03D8075A685B3FFF
(0000000001.867600) vcan0 308#000E8A00043FFF00
(0000000001.868300) vcan0 312#275A075A0B950728
(0000000001.877700) vcan0 308#000E8C40053FFF00
(0000000001.878200) vcan0 312#275A075A0B950728
(0000000001.882800) vcan0 212#03D8075A285C3FFF
(0000000001.887600) vcan0 308#000E8E00053FFF00
(0000000001.888300) vcan0 312#475A075A0B950728
(0000000001.897700) vcan0 308#000E9040043FFF00
(0000000001.898200) vcan0 312#475A075A0B950728
(0000000001.902800) vcan0 212#03D8075AE85A3FFF
(0000000001.907600) vcan0 308#000E8B40043FFF00
(0000000001.908000) vcan0 312#275A075A0B950728
(0000000001.917700) vcan0 308#000E8700053FFF00
(0000000001.918100) vcan0 312#075B075B0B950728
(0000000001.922800) vcan0 212#03D8075BA85B3FFF
(0000000001.927600) vcan0 308#000E8A40053FFF00
(0000000001.928300) vcan0 312#675B075B0B950728
(0000000001.937700) vcan0 308#000E8E40043FFF00
(0000000001.938200) vcan0 312#675B075B0B950728
(0000000001.942800) vcan0 212#03D8075B285C3FFF
(0000000001.947600) vcan0 308#000E8E40043FFF00
(0000000001.948300) vcan0 312#275A075A0B950728
(0000000001.957700) vcan0 308#000E9240053FFF00
(0000000001.958100) vcan0 312#275A075A0B950728
(0000000001.962800) vcan0 212#03D8075A285C3FFF
(0000000001.967700) vcan0 308#000E9300053FFF00
(0000000001.968400) vcan0 312#475A075A0B950728
(0000000001.977700) vcan0 308#000E9100043FFF00
(0000000001.978200) vcan0 312#675B075B0B950728
(0000000001.982800) vcan0 212#03D8075BE85C3FFF
(0000000001.987600) vcan0 308#000E9400043FFF00
(0000000001.988200) vcan0 312#075B075B0B950728
(0000000001.997700) vcan0 308#000E9140053FFF00
(0000000001.998100) vcan0 312#075B075B0B950728
(0000000002.002800) vcan0 212#03D8075BA85B3FFF
(0000000002.007499) vcan0 308#000E8700053FFF00
(0000000002.008000) vcan0 312#675B075B0B950728
(0000000002.017599) vcan0 308#000E8240043FFF00
(0000000002.018100) vcan0 312#675B075B0B950728
(0000000002.022800) vcan0 212#03D8075B285A3FFF
(0000000002.027699) vcan0 308#000E8440043FFF00
(0000000002.028300) vcan0 312#075B075B0B950728
(0000000002.037700) vcan0 308#000E8200053FFF00
(0000000002.038100) vcan0 312#075B075B0B950728
(0000000002.042800) vcan0 212#03D8075B285A3FFF
(0000000002.047600) vcan0 308#000E7E00053FFF00
(0000000002.048299) vcan0 312#475A075A0B950728
(0000000002.057599) vcan0 308#000E7F00043FFF00
(0000000002.058100) vcan0 312#675B075B0B950728
(0000000002.062698) vcan0 212#03D8075BE85A3FFF
(0000000002.067500) vcan0 308#000E7C00043FFF00
(0000000002.068199) vcan0 312#075B075B0B950728
(0000000002.077600) vcan0 308#000E7C40053FFF00
(0000000002.078100) vcan0 312#075B075B0B950728
(0000000002.082698) vcan0 212#03D8075BE85C3FFF
(0000000002.087500) vcan0 308#000E8200053FFF00
(0000000002.088199) vcan0 312#675B075B0B950728
(0000000002.097500) vcan0 308#000E8440043FFF00
(0000000002.098000) vcan0 312#675B075B0B950728
(0000000002.102700) vcan0 212#03D8075B685D3FFF
(0000000002.107500) vcan0 308#000E8440043FFF00
(0000000002.108000) vcan0 312#075B075B0B950728
(0000000002.117500) vcan0 308#000E8640053FFF00
(0000000002.117900) vcan0 312#075B075B0B950728
(0000000002.122700) vcan0 212#03D8075B685D3FFF
(0000000002.127500) vcan0 308#000E8A40053FFF00
(0000000002.128200) vcan0 312#675B075B0B950728
(0000000002.137500) vcan0 308#000E8E40043FFF00
(0000000002.137900) vcan0 312#675B075B0B950728
(0000000002.142700) vcan0 212#03D8075BA85E3FFF
(0000000002.147600) vcan0 308#000E9200043FFF00
(0000000002.148300) vcan0 312#075B075B0B950728
(0000000002.157500) vcan0 308#000E9500053FFF00
(0000000002.157900) vcan0 312#075B075B0B950728
(0000000002.162700) vcan0 212#03D8075BA85E3FFF
(0000000002.167500) vcan0 308#000E9440053FFF00
(0000000002.168300) vcan0 312#675B075B0B950728
(0000000002.177500) vcan0 308#000E9200043FFF00
(0000000002.177900) vcan0 312#675B075B0B950728
(0000000002.182700) vcan0 212#03D8075B685D3FFF
(0000000002.187500) vcan0 308#000E8F00043FFF00
(0000000002.188100) vcan0 312#075B075B0B950728
(0000000002.197400) vcan0 308#000E8940053FFF00
(0000000002.197900) vcan0 312#075B075B0B950728
(0000000002.202700) vcan0 212#03D8075B685D3FFF
(0000000002.207500) vcan0 308#000E8540053FFF00
(0000000002.208000) vcan0 312#675B075B0B950728
(0000000002.217400) vcan0 308#000E8740043FFF00
(0000000002.217900) vcan0 312#675B075B0B950728
(0000000002.222700) vcan0 212#03D8075BA85E3FFF
(0000000002.227400) vcan0 308#000E8840043FFF00
(0000000002.228200) vcan0 312#075B075B0B950728
(0000000002.237500) vcan0 308#000E8A40053FFF00
(0000000002.238000) vcan0 312#075B075B0B950728
(0000000002.242700) vcan0 212#03D8075BE85F3FFF
(0000000002.247500) vcan0 308#000E8B00053FFF00
(0000000002.248200) vcan0 312#675B075B0B950728
(0000000002.257400) vcan0 308#000E8A00043FFF00
(0000000002.257900) vcan0 312#675B075B0B950728
(0000000002.262700) vcan0 212#03D8075B68613FFF
(0000000002.267500) vcan0 308#000E8500043FFF00
(0000000002.268200) vcan0 312#075B075B0B950728
(0000000002.277500) vcan0 308#000E8700053FFF00
(0000000002.277900) vcan0 312#075B075B0B950728
(0000000002.282600) vcan0 212#03D8075B28633FFF
(0000000002.287500) vcan0 308#000E8A40053FFF00
(0000000002.288200) vcan0 312#675B075B0B950728
(0000000002.297500) vcan0 308#000E8D40043FFF00
(0000000002.298000) vcan0 312#675B075B0B950728
(0000000002.302600) vcan0 212#03D8075BA8673FFF
(0000000002.307500) vcan0 308#000E9100043FFF00
(0000000002.307900) vcan0 312#275C075C0B950728
(0000000002.317500) vcan0 308#000E9500053FFF00
(0000000002.318000) vcan0 312#275C075C0B950728
(0000000002.322600) vcan0 212#03D8075CE8723FFF
(0000000002.327400) vcan0 308#000E9440053FFF00
(0000000002.328100) vcan0 312#475C075C0B950728
(0000000002.337600) vcan0 308#000E9640043FFF00
(0000000002.338000) vcan0 312#475C075C0B950728
(0000000002.342600) vcan0 212#03D8075C68803FFF
(0000000002.347500) vcan0 308#000E9B00043FFF00
(0000000002.348200) vcan0 312#275C075C0B950728
(0000000002.357400) vcan0 308#000EA000053FFF00
(0000000002.357900) vcan0 312#275C075C0B950728
(0000000002.362600) vcan0 212#03D8075C28903FFF
(0000000002.367500) vcan0 308#000EA500053FFF00
(0000000002.368100) vcan0 312#475C075C0B950728
(0000000002.377400) vcan0 308#000EA700043FFF00
(0000000002.377900) vcan0 312#475C075C0B950728
(0000000002.382600) vcan0 212#03D8075CA8A13FFF
(0000000002.387400) vcan0 308#000EA540043FFF00
(0000000002.388100) vcan0 312#075D075D0B950728
(0000000002.397400) vcan0 308#000EA240053FFF00
(0000000002.397800) vcan0 312#075E075E0B950728
(0000000002.402600) vcan0 212#03D8075EE8B23FFF
(0000000002.407400) vcan0 308#000EA440053FFF00
(0000000002.407800) vcan0 312#675E075E0B950728
(0000000002.417300) vcan0 308#000EA340043FFF00
(0000000002.417800) vcan0 312#675E075E0B950728
(0000000002.422600) vcan0 212#03D8075E68C13FFF
(0000000002.427300) vcan0 308#000EA340043FFF00
(0000000002.428000) vcan0 312#276007600B950728
(0000000002.437400) vcan0 308#000EAD40053FFF00
(0000000002.437900) vcan0 312#276007600B950728
(0000000002.442600) vcan0 212#03D8076028D23FFF
(0000000002.447400) vcan0 308#000EB100053FFF00
(0000000002.448100) vcan0 312#676207620B950728
(0000000002.457500) vcan0 308#000EB000043FFF00
(0000000002.457900) vcan0 312#476307630B950728
(0000000002.462600) vcan0 212#03D80763E8E73FFF
(0000000002.467300) vcan0 308#000EBB40043FFF00
(0000000002.468000) vcan0 312#076407640B950728
(0000000002.477300) vcan0 308#000ECA00053FFF00
(0000000002.477800) vcan0 312#076407640B950728
(0000000002.482600) vcan0 212#03D80764E90E3FFF
(0000000002.487300) vcan0 308#000EDA40053FFF00
(0000000002.488000) vcan0 312#476607660B950728
(0000000002.497400) vcan0 308#000EE840043FFF00
(0000000002.497800) vcan0 312#676707670B950728
(0000000002.502500) vcan0 212#03D8076769303FFF
(0000000002.507300) vcan0 308#000EF640043FFF00
(0000000002.507800) vcan0 312#076807680B950728
(0000000002.517400) vcan0 308#000F0540053FFF00
(0000000002.517800) vcan0 312#076807680B950728
(0000000002.522500) vcan0 212#03D8076829463FFF
(0000000002.527300) vcan0 308#000F1440053FFF00
(0000000002.528000) vcan0 312#476A076A0B950728
(0000000002.537400) vcan0 308#000F2800043FFF00
(0000000002.537900) vcan0 312#676D076D0B950728
(0000000002.542500) vcan0 212#03D8076DE94F3FFF
(0000000002.547300) vcan0 308#000F3D40043FFF00
(0000000002.548100) vcan0 312#276C076C0B950728
(0000000002.557400) vcan0 308#000F5100053FFF00
(0000000002.557800) vcan0 312#076D076D0B950728
(0000000002.562500) vcan0 212#03D8076DA95A3FFF
(0000000002.567300) vcan0 308#000F6540053FFF00
(0000000002.568000) vcan0 312#476F076F0B950728
(0000000002.577400) vcan0 308#000F7940043FFF00
(0000000002.577800) vcan0 312#476F076F0B950728
(0000000002.582500) vcan0 212#03D8076F69663FFF
(0000000002.587300) vcan0 308#000F8F40043FFF00
(0000000002.588000) vcan0 312#077007700B950728
(0000000002.597300) vcan0 308#000FA540053FFF00
(0000000002.597800) vcan0 312#277107710B950728
(0000000002.602500) vcan0 212#03D8077169693FFF
(0000000002.607200) vcan0 308#000FBA00053FFF00
(0000000002.607700) vcan0 312#477107710B950728
(0000000002.617300) vcan0 308#000FD040043FFF00
(0000000002.617700) vcan0 312#477207720B950728
(0000000002.622500) vcan0 212#03D80772E96B3FFF
(0000000002.627300) vcan0 308#000FE540043FFF00
(0000000002.628000) vcan0 312#277107710B950728
(0000000002.637300) vcan0 308#000FF800053FFF00
(0000000002.637700) vcan0 312#277107710B950728
(0000000002.642500) vcan0 212#03D80771A96A3FFF
(0000000002.647300) vcan0 308#00100900053FFF00
(0000000002.648000) vcan0 312#477207720B950728
(0000000002.657200) vcan0 308#00101840043FFF00
(0000000002.657700) vcan0 312#477207720B950728
(0000000002.662500) vcan0 212#03D80772696A3FFF
(0000000002.667200) vcan0 308#00102140043FFF00
(0000000002.668000) vcan0 312#077307730B950728
(0000000002.677200) vcan0 308#00102C40053FFF00
(0000000002.677700) vcan0 312#077307730B950728
(0000000002.682500) vcan0 212#03D80773296D3FFF
(0000000002.687300) vcan0 308#00103500053FFF00
(0000000002.688000) vcan0 312#677307730B950728
(0000000002.697300) vcan0 308#00104300043FFF00
(0000000002.697700) vcan0 312#477407740B950728
(0000000002.702500) vcan0 212#03D80774A9723FFF
(0000000002.707300) vcan0 308#00104D40043FFF00
(0000000002.707700) vcan0 312#277407740B980728
(0000000002.717300) vcan0 308#00105440053FFF00
(0000000002.717700) vcan0 312#277407740B980728
(0000000002.722400) vcan0 212#03D80774E9763FFF
(0000000002.727200) vcan0 308#00106140053FFF00
(0000000002.727900) vcan0 312#477407740B970728
(0000000002.737200) vcan0 308#00107240043FFF00
(0000000002.737600) vcan0 312#677307730B9A0728
(0000000002.742500) vcan0 212#03D8077329753FFF
(0000000002.747200) vcan0 308#00108140043FFF00
(0000000002.747900) vcan0 312#077307730B990728
(0000000002.757300) vcan0 308#00108E00053FFF00
(0000000002.757700) vcan0 312#077507750B9A0728
(0000000002.762400) vcan0 212#03D8077529763FFF
(0000000002.767200) vcan0 308#00109840053FFF00
(0000000002.767900) vcan0 312#677507750B9C0728
(0000000002.777300) vcan0 308#0010A540043FFF00
(0000000002.777700) vcan0 312#477407740B9C0728
(0000000002.782400) vcan0 212#03D80774A9723FFF
(0000000002.787200) vcan0 308#0010B240043FFF00
(0000000002.787900) vcan0 312#277407740B9E0728
(0000000002.797200) vcan0 308#0010B700053FFF00
(0000000002.797700) vcan0 312#277407740B9F0728
(0000000002.802400) vcan0 212#03D80774E9703FFF
(0000000002.807200) vcan0 308#0010C900053FFF00
(0000000002.807600) vcan0 312#477407740B9E0728
(0000000002.817300) vcan0 308#0010D600043FFF00
(0000000002.817700) vcan0 312#477407740B9E0728
(0000000002.822400) vcan0 212#03D8077429703FFF
(0000000002.827100) vcan0 308#0010E240043FFF00
(0000000002.827600) vcan0 312#077307730B9E0728
(0000000002.837300) vcan0 308#0010EF40053FFF00
(0000000002.837700) vcan0 312#077307730B9C0728
(0000000002.842400) vcan0 212#03D8077329703FFF
(0000000002.847200) vcan0 308#0010FF00053FFF00
(0000000002.847900) vcan0 312#477407740B9E0728
(0000000002.857300) vcan0 308#00110A00043FFF00
(0000000002.857700) vcan0 312#477407740B9F0728
(0000000002.862400) vcan0 212#03D80774A96F3FFF
(0000000002.867200) vcan0 308#00111640043FFF00
(0000000002.867900) vcan0 312#077307730B9D0728
(0000000002.877200) vcan0 308#00112600053FFF00
(0000000002.877700) vcan0 312#077307730B9E0728
(0000000002.882400) vcan0 212#03D80773E96D3FFF
(0000000002.887100) vcan0 308#00113200053FFF00
(0000000002.887900) vcan0 312#677307730B9C0728
(0000000002.897200) vcan0 308#00114340043FFF00
(0000000002.897700) vcan0 312#477207720B9E0728
(0000000002.902400) vcan0 212#03D80772296B3FFF
(0000000002.907100) vcan0 308#00115240043FFF00
(0000000002.907600) vcan0 312#077307730B9E0728
(0000000002.917200) vcan0 308#00116100053FFF00
(0000000002.917600) vcan0 312#277207720B9A0728
(0000000002.922400) vcan0 212#03D80772296B3FFF
(0000000002.927200) vcan0 308#00117140053FFF00
(0000000002.927900) vcan0 312#477207720B990728
(0000000002.937200) vcan0 308#00118100043FFF00
(0000000002.937600) vcan0 312#477107710B980728
(0000000002.942300) vcan0 212#03D80771A96A3FFF
(0000000002.947200) vcan0 308#00119600043FFF00
(0000000002.947900) vcan0 312#077007700B9B0728
(0000000002.957100) vcan0 308#0011AB00053FFF00
(0000000002.957600) vcan0 312#077007700B9F0728
(0000000002.962400) vcan0 212#03D80770E9683FFF
(0000000002.967200) vcan0 308#0011BD40053FFF00
(0000000002.967900) vcan0 312#677007700B980728
(0000000002.977200) vcan0 308#0011C840043FFF00
(0000000002.977600) vcan0 312#476F076F0B980728
(0000000002.982300) vcan0 212#03D8076F29673FFF
(0000000002.987100) vcan0 308#0011CA00043FFF00
(0000000002.987800) vcan0 312#276F076F0B960728
(0000000002.997100) vcan0 308#0011DB40053FFF00
(0000000002.997600) vcan0 312#276F076F0B970728
(0000000003.002300) vcan0 212#03D8076F29673FFF
(0000000003.007100) vcan0 308#0011EE40053FFF00
(0000000003.007500) vcan0 312#476F076F0B9B0728
(0000000003.017100) vcan0 308#00120000043FFF00
(0000000003.017500) vcan0 312#476F076F0B960728
(0000000003.022300) vcan0 212#03D8076FA9663FFF
(0000000003.027100) vcan0 308#00120E40043FFF00
(0000000003.027500) vcan0 312#276F076F0B950728
(0000000003.037100) vcan0 308#00121740053FFF00
(0000000003.037600) vcan0 312#076E076E0B950728
(0000000003.042300) vcan0 212#03D8076EE9673FFF
(0000000003.047100) vcan0 308#00122500053FFF00
(0000000003.047800) vcan0 312#676E076E0B950728
(0000000003.057100) vcan0 308#00123740043FFF00
(0000000003.057500) vcan0 312#676E076E0B970728
(0000000003.062300) vcan0 212#03D8076E69663FFF
(0000000003.067100) vcan0 308#00124800043FFF00
(0000000003.067800) vcan0 312#076E076E0B950728
(0000000003.077100) vcan0 308#00125340053FFF00
(0000000003.077500) vcan0 312#076E076E0B950728
(0000000003.082300) vcan0 212#03D8076E69653FFF
(0000000003.087000) vcan0 308#00125940053FFF00
(0000000003.087500) vcan0 312#676D076D0B950728
(0000000003.097000) vcan0 308#00126140043FFF00
(0000000003.097500) vcan0 312#676D076D0B950728
(0000000003.102300) vcan0 212#03D8076DE9643FFF
(0000000003.107000) vcan0 308#00127200043FFF00
(0000000003.107500) vcan0 312#076D076D0B950728
(0000000003.117100) vcan0 308#00128140053FFF00
(0000000003.117500) vcan0 312#076D076D0B950728
(0000000003.122300) vcan0 212#03D8076DA9633FFF
(0000000003.127100) vcan0 308#00128F00053FFF00
(0000000003.127500) vcan0 312#476C076C0B950728
(0000000003.137000) vcan0 308#00129240043FFF00
(0000000003.137500) vcan0 312#476C076C0B950728
(0000000003.142300) vcan0 212#03D8076C29613FFF
(0000000003.147000) vcan0 308#00129840043FFF00
(0000000003.147700) vcan0 312#076B076B0B950728
(0000000003.157000) vcan0 308#0012A640053FFF00
(0000000003.157500) vcan0 312#276A076A0B950728
(0000000003.162200) vcan0 212#03D8076A29623FFF
(0000000003.167000) vcan0 308#0012B300053FFF00
(0000000003.167700) vcan0 312#676B076B0B950728
(0000000003.177000) vcan0 308#0012BF40043FFF00
(0000000003.177500) vcan0 312#676B076B0B950728
(0000000003.182300) vcan0 212#03D8076BE9623FFF
(0000000003.187100) vcan0 308#0012C600043FFF00
(0000000003.187800) vcan0 312#076B076B0B950728
(0000000003.197000) vcan0 308#0012C940053FFF00
(0000000003.197400) vcan0 312#076B076B0B950728
(0000000003.202200) vcan0 212#03D8076BE9623FFF
(0000000003.207000) vcan0 308#0012D440053FFF00
(0000000003.207400) vcan0 312#476A076A0B950728
(0000000003.217100) vcan0 308#0012D800043FFF00
(0000000003.217500) vcan0 312#476A076A0B950728
(0000000003.222200) vcan0 212#03D8076A69633FFF
(0000000003.227000) vcan0 308#0012DC40043FFF00
(0000000003.227400) vcan0 312#076B076B0B950728
(0000000003.237100) vcan0 308#0012E900053FFF00
(0000000003.237500) vcan0 312#076B076B0B950728
(0000000003.242200) vcan0 212#03D8076B69653FFF
(0000000003.247000) vcan0 308#0012F800053FFF00
(0000000003.247700) vcan0 312#676B076B0B950728
(0000000003.257000) vcan0 308#00130200043FFF00
(0000000003.257500) vcan0 312#476A076A0B950728
(0000000003.262200) vcan0 212#03D8076AE9623FFF
(0000000003.267000) vcan0 308#00130800043FFF00
(0000000003.267700) vcan0 312#276A076A0B950728
(0000000003.276900) vcan0 308#00130F00053FFF00
(0000000003.277400) vcan0 312#276A076A0B950728
(0000000003.282200) vcan0 212#03D8076AA9603FFF
(0000000003.287000) vcan0 308#00131C40053FFF00
(0000000003.287400) vcan0 312#476A076A0B950728
(0000000003.297000) vcan0 308#00132A00043FFF00
(0000000003.297400) vcan0 312#476A076A0B950728
(0000000003.302200) vcan0 212#03D8076A69603FFF
(0000000003.306900) vcan0 308#00133400043FFF00
(0000000003.307400) vcan0 312#276907690B950728
(0000000003.316900) vcan0 308#00133900053FFF00
(0000000003.317400) vcan0 312#276907690B950728
(0000000003.322200) vcan0 212#03D80769695F3FFF
(0000000003.326900) vcan0 308#00133600053FFF00
(0000000003.327400) vcan0 312#476907690B950728
(0000000003.337000) vcan0 308#00133A40043FFF00
(0000000003.337400) vcan0 312#476907690B950728
(0000000003.342200) vcan0 212#03D80769A95F3FFF
(0000000003.346900) vcan0 308#00134500043FFF00
(0000000003.347600) vcan0 312#076807680B950728
(0000000003.357000) vcan0 308#00134D00053FFF00
(0000000003.357400) vcan0 312#076807680B950728
(0000000003.362100) vcan0 212#03D80768A95A3FFF
(0000000003.366900) vcan0 308#00134700053FFF00
(0000000003.367600) vcan0 312#676807680B950728
(0000000003.376900) vcan0 308#00134D40043FFF00
(0000000003.377400) vcan0 312#676807680B950728
(0000000003.382100) vcan0 212#03D8076869593FFF
(0000000003.386900) vcan0 308#00135A40043FFF00
(0000000003.387300) vcan0 312#276907690B950728
(0000000003.396900) vcan0 308#00136500053FFF00
(0000000003.397300) vcan0 312#076807680B950728
(0000000003.402100) vcan0 212#03D8076829573FFF
(0000000003.406900) vcan0 308#00136E40053FFF00
(0000000003.407300) vcan0 312#676707670B950728
(0000000003.416900) vcan0 308#00137440043FFF00
(0000000003.417300) vcan0 312#676707670B950728
(0000000003.422100) vcan0 212#03D80767A9593FFF
(0000000003.426900) vcan0 308#00137F00043FFF00
(0000000003.427300) vcan0 312#076707670B950728
(0000000003.436900) vcan0 308#00138540053FFF00
(0000000003.437300) vcan0 312#076707670B950728
(0000000003.442100) vcan0 212#03D80767A9593FFF
(0000000003.446900) vcan0 308#00138D00053FFF00
(0000000003.447300) vcan0 312#476607660B950728
(0000000003.456900) vcan0 308#00139400043FFF00
(0000000003.457400) vcan0 312#476607660B950728
(0000000003.462100) vcan0 212#03D8076669593FFF
(0000000003.466800) vcan0 308#00139A40043FFF00
(0000000003.467300) vcan0 312#076407640B950728
(0000000003.476900) vcan0 308#00139F00053FFF00
(0000000003.477400) vcan0 312#076407640B950728
(0000000003.482100) vcan0 212#03D8076429573FFF
(0000000003.486900) vcan0 308#00139D40053FFF00
(0000000003.487300) vcan0 312#676407640B950728
(0000000003.496900) vcan0 308#00139940043FFF00
(0000000003.497300) vcan0 312#476507650B950728
(0000000003.502100) vcan0 212#03D80765A9553FFF
(0000000003.506900) vcan0 308#00139800043FFF00
(0000000003.507300) vcan0 312#276507650B950728
(0000000003.516800) vcan0 308#00139C00053FFF00
(0000000003.517300) vcan0 312#276507650B950728
(0000000003.522100) vcan0 212#03D80765A9563FFF
(0000000003.526800) vcan0 308#0013A300053FFF00
(0000000003.527300) vcan0 312#676407640B950728
(0000000003.536900) vcan0 308#0013A640043FFF00
(0000000003.537400) vcan0 312#676407640B950728
(0000000003.542100) vcan0 212#03D8076469553FFF
(0000000003.546800) vcan0 308#0013A940043FFF00
(0000000003.547300) vcan0 312#276507650B950728
(0000000003.556800) vcan0 308#0013AC00053FFF00
(0000000003.557300) vcan0 312#276507650B950728
(0000000003.562100) vcan0 212#03D8076529523FFF
(0000000003.566800) vcan0 308#0013AF00053FFF00
(0000000003.567300) vcan0 312#476507650B950728
(0000000003.576800) vcan0 308#0013B000043FFF00
(0000000003.577300) vcan0 312#676407640B950728
(0000000003.582100) vcan0 212#03D80764A9553FFF
(0000000003.586800) vcan0 308#0013B140043FFF00
(0000000003.587200) vcan0 312#076207620B950728
(0000000003.596800) vcan0 308#0013B700053FFF00
(0000000003.597300) vcan0 312#276307630B950728
(0000000003.602000) vcan0 212#03D80763E9543FFF
(0000000003.606800) vcan0 308#0013B800053FFF00
(0000000003.607200) vcan0 312#676407640B950728
(0000000003.616800) vcan0 308#0013B900043FFF00
(0000000003.617200) vcan0 312#476507650B950728
(0000000003.622000) vcan0 212#03D8076569563FFF
(0000000003.626800) vcan0 308#0013BE40043FFF00
(0000000003.627300) vcan0 312#076407640B950728
(0000000003.636800) vcan0 308#0013C600053FFF00
(0000000003.637200) vcan0 312#076407640B950728
(0000000003.642000) vcan0 212#03D8076469563FFF
(0000000003.646800) vcan0 308#0013BE00053FFF00
(0000000003.647200) vcan0 312#676207620B950728
(0000000003.656800) vcan0 308#0013BA00043FFF00
(0000000003.657300) vcan0 312#676207620B950728
(0000000003.662000) vcan0 212#03D80762E9543FFF
(0000000003.666800) vcan0 308#0013BF00043FFF00
(0000000003.667200) vcan0 312#276507650B950728
(0000000003.676800) vcan0 308#0013C440053FFF00
(0000000003.677200) vcan0 312#276507650B950728
(0000000003.682000) vcan0 212#03D80765E9583FFF
(0000000003.686800) vcan0 308#0013C600053FFF00
(0000000003.687200) vcan0 312#676407640B950728
(0000000003.696800) vcan0 308#0013C700043FFF00
(0000000003.697300) vcan0 312#676207620B950728
(0000000003.702000) vcan0 212#03D8076229573FFF
(0000000003.706700) vcan0 308#0013CF40043FFF00
(0000000003.707200) vcan0 312#076407640B950728
(0000000003.716700) vcan0 308#0013D640053FFF00
(0000000003.717200) vcan0 312#276507650B950728
(0000000003.722000) vcan0 212#03D8076569563FFF
(0000000003.726700) vcan0 308#0013D640053FFF00
(0000000003.727200) vcan0 312#476507650B950728
(0000000003.736700) vcan0 308#0013D840043FFF00
(0000000003.737200) vcan0 312#476507650B950728
(0000000003.742000) vcan0 212#03D80765A9553FFF
(0000000003.746700) vcan0 308#0013DA00043FFF00
(0000000003.747100) vcan0 312#076407640B950728
(0000000003.756800) vcan0 308#0013E400053FFF00
(0000000003.757300) vcan0 312#276307630B950728
(0000000003.762000) vcan0 212#03D80763A9553FFF
(0000000003.766700) vcan0 308#0013E940053FFF00
(0000000003.767200) vcan0 312#676407640B950728
(0000000003.776700) vcan0 308#0013EE40043FFF00
(0000000003.777200) vcan0 312#476507650B950728
(0000000003.782000) vcan0 212#03D8076569553FFF
(0000000003.786700) vcan0 308#0013EE40043FFF00
(0000000003.787200) vcan0 312#276507650B950728
(0000000003.796700) vcan0 308#0013EF40053FFF00
(0000000003.797200) vcan0 312#076207620B950728
(0000000003.801900) vcan0 212#03D8076269533FFF
(0000000003.806700) vcan0 308#0013F240053FFF00
(0000000003.807100) vcan0 312#676107610B950728
(0000000003.816700) vcan0 308#0013F200043FFF00
(0000000003.817200) vcan0 312#676207620B950728
(0000000003.821900) vcan0 212#03D80762A9533FFF
(0000000003.826700) vcan0 308#0013EF00043FFF00
(0000000003.827100) vcan0 312#076407640B950728
(0000000003.836700) vcan0 308#0013F140053FFF00
(0000000003.837100) vcan0 312#076407640B950728
(0000000003.842000) vcan0 212#03D80764A9533FFF
(0000000003.846700) vcan0 308#0013F140053FFF00
(0000000003.847200) vcan0 312#676207620B950728
(0000000003.856700) vcan0 308#0013EE40043FFF00
(0000000003.857100) vcan0 312#676207620B950728
(0000000003.861900) vcan0 212#03D8076229543FFF
(0000000003.866700) vcan0 308#0013ED40043FFF00
(0000000003.867100) vcan0 312#076207620B950728
(0000000003.876700) vcan0 308#0013EE00053FFF00
(0000000003.877200) vcan0 312#276307630B950728
(0000000003.881900) vcan0 212#03D8076329543FFF
(0000000003.886700) vcan0 308#0013F000053FFF00
(0000000003.887100) vcan0 312#676407640B950728
(0000000003.896700) vcan0 308#0013EB40043FFF00
(0000000003.897100) vcan0 312#676407640B950728
(0000000003.901900) vcan0 212#03D80764A9533FFF
(0000000003.906600) vcan0 308#0013E440043FFF00
(0000000003.907100) vcan0 312#076207620B950728
(0000000003.916600) vcan0 308#0013E540053FFF00
(0000000003.917100) vcan0 312#076107610B950728
(0000000003.921900) vcan0 212#03D80761A9533FFF
(0000000003.926600) vcan0 308#0013ED00053FFF00
(0000000003.927100) vcan0 312#676207620B950728
(0000000003.936600) vcan0 308#0013F040043FFF00
(0000000003.937100) vcan0 312#676207620B950728
(0000000003.941900) vcan0 212#03D8076269533FFF
(0000000003.946700) vcan0 308#0013F040043FFF00
(0000000003.947100) vcan0 312#276507650B950728
(0000000003.956600) vcan0 308#0013F300053FFF00
(0000000003.957100) vcan0 312#276507650B950728
(0000000003.961900) vcan0 212#03D8076529543FFF
(0000000003.966700) vcan0 308#0013F500053FFF00
(0000000003.967100) vcan0 312#676207620B950728
(0000000003.976600) vcan0 308#0013F640043FFF00
(0000000003.977100) vcan0 312#676207620B950728
(0000000003.981900) vcan0 212#03D80762A9503FFF
(0000000003.986600) vcan0 308#0013F040043FFF00
(0000000003.987100) vcan0 312#076207620B950728
(0000000003.996600) vcan0 308#0013EE00053FFF00
(0000000003.997100) vcan0 312#076407640B950728
(0000000004.001900) vcan0 212#03D80764E9523FFF
(0000000004.006599) vcan0 308#0013F300053FFF00
(0000000004.007100) vcan0 312#676407640B950728
(0000000004.016600) vcan0 308#0013F040043FFF00
(0000000004.017100) vcan0 312#676207620B950728
(0000000004.021800) vcan0 212#03D8076269533FFF
(0000000004.026600) vcan0 308#0013F700043FFF00
(0000000004.027000) vcan0 312#076207620B950728
(0000000004.036600) vcan0 308#0013F740053FFF00
(0000000004.037099) vcan0 312#076207620B950728
(0000000004.041800) vcan0 212#03D8076229543FFF
(0000000004.046599) vcan0 308#0013F600053FFF00
(0000000004.046999) vcan0 312#676407640B950728
(0000000004.056600) vcan0 308#0013F540043FFF00
(0000000004.057000) vcan0 312#676407640B950728
(0000000004.061800) vcan0 212#03D80764A9533FFF
(0000000004.066600) vcan0 308#0013FB00043FFF00
(0000000004.067100) vcan0 312#076407640B950728
(0000000004.076600) vcan0 308#00140100053FFF00
(0000000004.077000) vcan0 312#076207620B950728
(0000000004.081800) vcan0 212#03D80762A9533FFF
(0000000004.086600) vcan0 308#00140340053FFF00
(0000000004.086999) vcan0 312#676107610B950728
(0000000004.096500) vcan0 308#00140500043FFF00
(0000000004.097000) vcan0 312#676107610B950728
(0000000004.101800) vcan0 212#03D8076129523FFF
(0000000004.106600) vcan0 308#0013FB00043FFF00
(0000000004.107000) vcan0 312#076207620B950728
(0000000004.116600) vcan0 308#0013FE40053FFF00
(0000000004.117099) vcan0 312#076407640B950728
(0000000004.121800) vcan0 212#03D8076429523FFF
(0000000004.126500) vcan0 308#00140340053FFF00
(0000000004.127000) vcan0 312#676207620B950728
(0000000004.136599) vcan0 308#00140600043FFF00
(0000000004.136999) vcan0 312#676207620B950728
(0000000004.141800) vcan0 212#03D80762A9503FFF
(0000000004.146499) vcan0 308#00140840043FFF00
(0000000004.147000) vcan0 312#076107610B950728
(0000000004.156500) vcan0 308#00140700053FFF00
(0000000004.157000) vcan0 312#076207620B950728
(0000000004.161800) vcan0 212#03D80762E9513FFF
(0000000004.166500) vcan0 308#00140C40053FFF00
(0000000004.167000) vcan0 312#676207620B950728
(0000000004.176500) vcan0 308#00140F00043FFF00
(0000000004.176999) vcan0 312#476307630B950728
(0000000004.181800) vcan0 212#03D80763294F3FFF
(0000000004.186499) vcan0 308#00141700043FFF00
(0000000004.187000) vcan0 312#076207620B950728
(0000000004.196500) vcan0 308#00141140053FFF00
(0000000004.197000) vcan0 312#076107610B950728
(0000000004.201800) vcan0 212#03D80761294F3FFF
(0000000004.206500) vcan0 308#00140640053FFF00
(0000000004.207000) vcan0 312#676107610B950728
(0000000004.216600) vcan0 308#0013FB00043FFF00
(0000000004.217100) vcan0 312#676207620B950728
(0000000004.221800) vcan0 212#03D80762E94F3FFF
(0000000004.226500) vcan0 308#0013FB00043FFF00
(0000000004.227000) vcan0 312#076407640B950728
(0000000004.236500) vcan0 308#00140640053FFF00
(0000000004.237000) vcan0 312#276307630B950728
(0000000004.241700) vcan0 212#03D80763E94C3FFF
(0000000004.246500) vcan0 308#00140640053FFF00
(0000000004.246900) vcan0 312#676107610B950728
(0000000004.256500) vcan0 308#00140500043FFF00
(0000000004.256900) vcan0 312#676107610B950728
(0000000004.261700) vcan0 212#03D80761294A3FFF
(0000000004.266500) vcan0 308#0013FA40043FFF00
(0000000004.266900) vcan0 312#076207620B950728
(0000000004.276500) vcan0 308#0013F840053FFF00
(0000000004.276900) vcan0 312#276307630B950728
(0000000004.281700) vcan0 212#03D80763694B3FFF
(0000000004.286400) vcan0 308#0013FA00053FFF00
(0000000004.286900) vcan0 312#676407640B950728
(0000000004.296500) vcan0 308#00140000043FFF00
(0000000004.296900) vcan0 312#676207620B950728
(0000000004.301700) vcan0 212#03D80762A94B3FFF
(0000000004.306500) vcan0 308#0013FF40043FFF00
(0000000004.306900) vcan0 312#076207620B950728
(0000000004.316500) vcan0 308#0013F140053FFF00
(0000000004.316900) vcan0 312#276307630B950728
(0000000004.321700) vcan0 212#03D80763A94B3FFF
(0000000004.326500) vcan0 308#0013EF40053FFF00
(0000000004.326900) vcan0 312#676407640B950728
(0000000004.336500) vcan0 308#0013F400043FFF00
(0000000004.336900) vcan0 312#676407640B950728
(0000000004.341700) vcan0 212#03D80764294A3FFF
(0000000004.346400) vcan0 308#0013F800043FFF00
(0000000004.346900) vcan0 312#076407640B950728
(0000000004.356500) vcan0 308#0013FE40053FFF00
(0000000004.356900) vcan0 312#076207620B950728
(0000000004.361700) vcan0 212#03D8076229493FFF
(0000000004.366400) vcan0 308#0013F900053FFF00
(0000000004.366900) vcan0 312#676207620B950728
(0000000004.376400) vcan0 308#0013F640043FFF00
(0000000004.376900) vcan0 312#476307630B950728
(0000000004.381700) vcan0 212#03D80763E94A3FFF
(0000000004.386400) vcan0 308#0013F640043FFF00
(0000000004.386900) vcan0 312#076407640B950728
(0000000004.396400) vcan0 308#0013F900053FFF00
(0000000004.396900) vcan0 312#076407640B950728
(0000000004.401600) vcan0 212#03D80764E94A3FFF
(0000000004.406400) vcan0 308#0013FA00053FFF00
(0000000004.406900) vcan0 312#676207620B950728
(0000000004.416400) vcan0 308#0013F400043FFF00
(0000000004.416900) vcan0 312#676107610B950728
(0000000004.421700) vcan0 212#03D80761694B3FFF
(0000000004.426400) vcan0 308#0013FB00043FFF00
(0000000004.426900) vcan0 312#076207620B950728
(0000000004.436400) vcan0 308#00140400053FFF00
(0000000004.436800) vcan0 312#076207620B950728
(0000000004.441700) vcan0 212#03D80762294A3FFF
(0000000004.446400) vcan0 308#00140C40053FFF00
(0000000004.446800) vcan0 312#476307630B950728
(0000000004.456400) vcan0 308#00140840043FFF00
(0000000004.456900) vcan0 312#676207620B950728
(0000000004.461600) vcan0 212#03D80762E94A3FFF
(0000000004.466400) vcan0 308#00140500043FFF00
(0000000004.466800) vcan0 312#076107610B950728
(0000000004.476400) vcan0 308#00140940053FFF00
(0000000004.476800) vcan0 312#076107610B950728
(0000000004.481600) vcan0 212#03D80761A94B3FFF
(0000000004.486400) vcan0 308#00140A40053FFF00
(0000000004.486800) vcan0 312#676107610B950728
(0000000004.496400) vcan0 308#00140840043FFF00
(0000000004.496800) vcan0 312#676207620B950728
(0000000004.501600) vcan0 212#03D80762294A3FFF
(0000000004.506300) vcan0 308#00140240043FFF00
(0000000004.506800) vcan0 312#076207620B950728
(0000000004.516400) vcan0 308#00140B00053FFF00
(0000000004.516800) vcan0 312#076207620B950728
(0000000004.521600) vcan0 212#03D80762294A3FFF
(0000000004.526400) vcan0 308#00140D00053FFF00
(0000000004.526800) vcan0 312#676107610B950728
(0000000004.536300) vcan0 308#00141400043FFF00
(0000000004.536800) vcan0 312#676107610B950728
(0000000004.541600) vcan0 212#03D80761E9493FFF
(0000000004.546300) vcan0 308#00141540043FFF00
(0000000004.546800) vcan0 312#076107610B950728
(0000000004.556400) vcan0 308#00140F40053FFF00
(0000000004.556800) vcan0 312#076207620B950728
(0000000004.561600) vcan0 212#03D80762E94C3FFF
(0000000004.566300) vcan0 308#00141240053FFF00
(0000000004.566800) vcan0 312#676207620B950728
(0000000004.576300) vcan0 308#00141640043FFF00
(0000000004.576800) vcan0 312#676207620B950728
(0000000004.581600) vcan0 212#03D8076229493FFF
(0000000004.586300) vcan0 308#00141940043FFF00
(0000000004.586800) vcan0 312#076107610B950728
(0000000004.596300) vcan0 308#00141740053FFF00
(0000000004.596800) vcan0 312#076107610B950728
(0000000004.601600) vcan0 212#03D80761294A3FFF
(0000000004.606300) vcan0 308#00141140053FFF00
(0000000004.606800) vcan0 312#676107610B950728
(0000000004.616300) vcan0 308#00141040043FFF00
(0000000004.616800) vcan0 312#676207620B950728
(0000000004.621500) vcan0 212#03D80762A94D3FFF
(0000000004.626300) vcan0 308#00141340043FFF00
(0000000004.626800) vcan0 312#076207620B950728
(0000000004.636300) vcan0 308#00141600053FFF00
(0000000004.636800) vcan0 312#076207620B950728
(0000000004.641600) vcan0 212#03D80762A94D3FFF
(0000000004.646300) vcan0 308#00140C40053FFF00
(0000000004.646800) vcan0 312#476007600B950728
(0000000004.656300) vcan0 308#00140A00043FFF00
(0000000004.656700) vcan0 312#676107610B950728
(0000000004.661500) vcan0 212#03D80761694D3FFF
(0000000004.666300) vcan0 308#00140240043FFF00
(0000000004.666800) vcan0 312#276307630B950728
(0000000004.676300) vcan0 308#00140200053FFF00
(0000000004.676800) vcan0 312#076407640B950728
(0000000004.681500) vcan0 212#03D80764694E3FFF
(0000000004.686300) vcan0 308#00140C40053FFF00
(0000000004.686700) vcan0 312#476307630B950728
(0000000004.696300) vcan0 308#00141400043FFF00
(0000000004.696700) vcan0 312#676207620B950728
(0000000004.701500) vcan0 212#03D80762A94D3FFF
(0000000004.706300) vcan0 308#00141800043FFF00
(0000000004.706800) vcan0 312#076107610B950728
(0000000004.716300) vcan0 308#00141440053FFF00
(0000000004.716700) vcan0 312#076107610B950728
(0000000004.721500) vcan0 212#03D80761E94C3FFF
(0000000004.726200) vcan0 308#00141500053FFF00
(0000000004.726700) vcan0 312#676207620B950728
(0000000004.736300) vcan0 308#00141940043FFF00
(0000000004.736700) vcan0 312#676207620B950728
(0000000004.741500) vcan0 212#03D80762694D3FFF
(0000000004.746300) vcan0 308#00141D00043FFF00
(0000000004.746700) vcan0 312#076207620B950728
(0000000004.756200) vcan0 308#00141840053FFF00
(0000000004.756700) vcan0 312#076107610B950728
(0000000004.761500) vcan0 212#03D8076169503FFF
(0000000004.766200) vcan0 308#00141440053FFF00
(0000000004.766700) vcan0 312#676107610B950728
(0000000004.776300) vcan0 308#00141540043FFF00
(0000000004.776700) vcan0 312#676107610B950728
(0000000004.781500) vcan0 212#03D80761A9503FFF
(0000000004.786200) vcan0 308#00141040043FFF00
(0000000004.786700) vcan0 312#076207620B950728
(0000000004.796200) vcan0 308#00141140053FFF00
(0000000004.796700) vcan0 312#076207620B950728
(0000000004.801500) vcan0 212#03D80762A94E3FFF
(0000000004.806200) vcan0 308#00141440053FFF00
(0000000004.806700) vcan0 312#676107610B950728
(0000000004.816200) vcan0 308#00141100043FFF00
(0000000004.816700) vcan0 312#676107610B950728
(0000000004.821500) vcan0 212#03D80761694E3FFF
(0000000004.826200) vcan0 308#00140B40043FFF00
(0000000004.826700) vcan0 312#076207620B950728
(0000000004.836200) vcan0 308#00141240053FFF00
(0000000004.836700) vcan0 312#276307630B950728
(0000000004.841400) vcan0 212#03D80763294F3FFF
(0000000004.846200) vcan0 308#00141840053FFF00
(0000000004.846700) vcan0 312#476307630B950728
(0000000004.856200) vcan0 308#00140F00043FFF00
(0000000004.856700) vcan0 312#676207620B950728
(0000000004.861500) vcan0 212#03D80762A94E3FFF
(0000000004.866200) vcan0 308#00140E40043FFF00
(0000000004.866700) vcan0 312#076107610B950728
(0000000004.876200) vcan0 308#00141140053FFF00
(0000000004.876600) vcan0 312#076207620B950728
(0000000004.881400) vcan0 212#03D80762A94D3FFF
(0000000004.886200) vcan0 308#00141440053FFF00
(0000000004.886600) vcan0 312#676407640B950728
(0000000004.896200) vcan0 308#00141400043FFF00
(0000000004.896700) vcan0 312#476307630B950728
(0000000004.901400) vcan0 212#03D80763694E3FFF
(0000000004.906200) vcan0 308#00141200043FFF00
(0000000004.906600) vcan0 312#076207620B950728
(0000000004.916200) vcan0 308#00141A00053FFF00
(0000000004.916600) vcan0 312#076107610B950728
(0000000004.921400) vcan0 212#03D80761294C3FFF
(0000000004.926200) vcan0 308#00141E40053FFF00
(0000000004.926600) vcan0 312#676107610B950728
(0000000004.936200) vcan0 308#00142040043FFF00
(0000000004.936600) vcan0 312#676107610B950728
(0000000004.941400) vcan0 212#03D80761A94D3FFF
(0000000004.946100) vcan0 308#00141E00043FFF00
(0000000004.946600) vcan0 312#276307630B950728
(0000000004.956100) vcan0 308#00141600053FFF00
(0000000004.956600) vcan0 312#276307630B950728
(0000000004.961400) vcan0 212#03D80763A94D3FFF
(0000000004.966100) vcan0 308#00141D40053FFF00
(0000000004.966600) vcan0 312#676107610B950728
(0000000004.976100) vcan0 308#00141F40043FFF00
(0000000004.976600) vcan0 312#676107610B950728
(0000000004.981400) vcan0 212#03D8076169503FFF
(0000000004.986100) vcan0 308#00141F40043FFF00
(0000000004.986600) vcan0 312#076107610B950728
(0000000004.996100) vcan0 308#00141E40053FFF00
(0000000004.996600) vcan0 312#076207620B950728
(0000000005.001400) vcan0 212#03D80762694D3FFF
(0000000005.006100) vcan0 308#00141E40053FFF00
(0000000005.006600) vcan0 312#476307630B950728
(0000000005.016100) vcan0 308#00141700043FFF00
(0000000005.016500) vcan0 312#676207620B950728
(0000000005.021400) vcan0 212#03D80762A94D3FFF
(0000000005.026100) vcan0 308#00141C40043FFF00
(0000000005.026600) vcan0 312#076107610B950728
(0000000005.036100) vcan0 308#00141E40053FFF00
(0000000005.036600) vcan0 312#076107610B950728
(0000000005.041300) vcan0 212#03D80761E94F3FFF
(0000000005.046100) vcan0 308#00142240053FFF00
(0000000005.046500) vcan0 312#676207620B950728
(0000000005.056100) vcan0 308#00142640043FFF00
(0000000005.056600) vcan0 312#476307630B950728
(0000000005.061300) vcan0 212#03D80763294C3FFF
(0000000005.066100) vcan0 308#00141A40043FFF00
(0000000005.066600) vcan0 312#076207620B950728
(0000000005.076100) vcan0 308#00141600053FFF00
(0000000005.076500) vcan0 312#076107610B950728
(0000000005.081300) vcan0 212#03D80761694D3FFF
(0000000005.086100) vcan0 308#00141240053FFF00
(0000000005.086500) vcan0 312#676107610B950728
(0000000005.096100) vcan0 308#00141640043FFF00
(0000000005.096500) vcan0 312#676207620B950728
(0000000005.101300) vcan0 212#03D80762A94D3FFF
(0000000005.106100) vcan0 308#00141C40043FFF00
(0000000005.106500) vcan0 312#076407640B950728
(0000000005.116100) vcan0 308#00142600053FFF00
(0000000005.116500) vcan0 312#076407640B950728
(0000000005.121300) vcan0 212#03D80764A94D3FFF
(0000000005.126100) vcan0 308#00142740053FFF00
(0000000005.126500) vcan0 312#676207620B950728
(0000000005.136100) vcan0 308#00142340043FFF00
(0000000005.136500) vcan0 312#676107610B950728
(0000000005.141300) vcan0 212#03D80761694E3FFF
(0000000005.146000) vcan0 308#00142700043FFF00
(0000000005.146500) vcan0 312#276007600B950728
(0000000005.156100) vcan0 308#00142500053FFF00
(0000000005.156500) vcan0 312#076107610B950728
(0000000005.161300) vcan0 212#03D80761694D3FFF
(0000000005.166000) vcan0 308#00142500053FFF00
(0000000005.166500) vcan0 312#676107610B950728
(0000000005.176000) vcan0 308#00142200043FFF00
(0000000005.176500) vcan0 312#676207620B950728
(0000000005.181300) vcan0 212#03D80762A94E3FFF
(0000000005.186100) vcan0 308#00141F40043FFF00
(0000000005.186500) vcan0 312#076207620B950728
(0000000005.196000) vcan0 308#00142300053FFF00
(0000000005.196500) vcan0 312#076107610B950728
(0000000005.201300) vcan0 212#03D80761A94D3FFF
(0000000005.206000) vcan0 308#00142000053FFF00
(0000000005.206500) vcan0 312#476007600B950728
(0000000005.216000) vcan0 308#00141A40043FFF00
(0000000005.216500) vcan0 312#676107610B950728
(0000000005.221300) vcan0 212#03D80761694E3FFF
(0000000005.226000) vcan0 308#00141400043FFF00
(0000000005.226500) vcan0 312#076207620B950728
(0000000005.236000) vcan0 308#00141C00053FFF00
(0000000005.236500) vcan0 312#076207620B950728
(0000000005.241300) vcan0 212#03D80762294F3FFF
(0000000005.246000) vcan0 308#00141A00053FFF00
(0000000005.246500) vcan0 312#676107610B950728
(0000000005.256000) vcan0 308#00141640043FFF00
(0000000005.256500) vcan0 312#676107610B950728
(0000000005.261200) vcan0 212#03D80761A94E3FFF
(0000000005.266000) vcan0 308#00141A40043FFF00
(0000000005.266400) vcan0 312#076207620B950728
(0000000005.276000) vcan0 308#00142000053FFF00
(0000000005.276500) vcan0 312#076207620B950728
(0000000005.281200) vcan0 212#03D80762E94F3FFF
(0000000005.286000) vcan0 308#00142240053FFF00
(0000000005.286500) vcan0 312#476307630B950728
(0000000005.296000) vcan0 308#00142040043FFF00
(0000000005.296400) vcan0 312#676207620B950728
(0000000005.301200) vcan0 212#03D80762694E3FFF
(0000000005.306000) vcan0 308#00141F40043FFF00
(0000000005.306500) vcan0 312#076107610B950728
(0000000005.316000) vcan0 308#00141D40053FFF00
(0000000005.316400) vcan0 312#076107610B950728
(0000000005.321200) vcan0 212#03D80761694E3FFF
(0000000005.326000) vcan0 308#00141B40053FFF00
(0000000005.326400) vcan0 312#676207620B950728
(0000000005.336000) vcan0 308#00141F40043FFF00
(0000000005.336500) vcan0 312#676407640B950728
(0000000005.341200) vcan0 212#03D80764A94E3FFF
(0000000005.346000) vcan0 308#00142540043FFF00
(0000000005.346400) vcan0 312#276307630B950728
(0000000005.356000) vcan0 308#00142C00053FFF00
(0000000005.356400) vcan0 312#076207620B950728
(0000000005.361200) vcan0 212#03D80762A94D3FFF
(0000000005.365900) vcan0 308#00142500053FFF00
(0000000005.366400) vcan0 312#676107610B950728
(0000000005.376000) vcan0 308#00141D00043FFF00
(0000000005.376400) vcan0 312#676107610B950728
(0000000005.381200) vcan0 212#03D80761694E3FFF
(0000000005.386000) vcan0 308#00142100043FFF00
(0000000005.386400) vcan0 312#076107610B950728
(0000000005.395900) vcan0 308#00142440053FFF00
(0000000005.396400) vcan0 312#076207620B950728
(0000000005.401200) vcan0 212#03D80762294F3FFF
(0000000005.406000) vcan0 308#00142A00053FFF00
(0000000005.406400) vcan0 312#676207620B950728
(0000000005.415900) vcan0 308#00142340043FFF00
(0000000005.416400) vcan0 312#676107610B950728
(0000000005.421200) vcan0 212#03D80761E9513FFF
(0000000005.425900) vcan0 308#00142800043FFF00
(0000000005.426400) vcan0 312#076107610B950728
(0000000005.435900) vcan0 308#00142300053FFF00
(0000000005.436400) vcan0 312#076107610B950728
(0000000005.441200) vcan0 212#03D80761A9503FFF
(0000000005.445900) vcan0 308#00141C00053FFF00
(0000000005.446400) vcan0 312#676207620B950728
(0000000005.455900) vcan0 308#00141E00043FFF00
(0000000005.456400) vcan0 312#676207620B950728
(0000000005.461200) vcan0 212#03D80762694E3FFF
(0000000005.465900) vcan0 308#00141800043FFF00
(0000000005.466400) vcan0 312#076107610B950728
(0000000005.475900) vcan0 308#00141E40053FFF00
(0000000005.476400) vcan0 312#076107610B950728
(0000000005.481100) vcan0 212#03D80761694E3FFF
(0000000005.485900) vcan0 308#00142300053FFF00
(0000000005.486300) vcan0 312#676107610B950728
(0000000005.495900) vcan0 308#00142700043FFF00
(0000000005.496400) vcan0 312#676207620B950728
(0000000005.501100) vcan0 212#03D80762A94D3FFF
(0000000005.505900) vcan0 308#00141C40043FFF00
(0000000005.506400) vcan0 312#276307630B950728
(0000000005.515900) vcan0 308#00142240053FFF00
(0000000005.516300) vcan0 312#076207620B950728
(0000000005.521200) vcan0 212#03D80762A94E3FFF
(0000000005.525900) vcan0 308#00142740053FFF00
(0000000005.526300) vcan0 312#676107610B950728
(0000000005.535900) vcan0 308#00142640043FFF00
(0000000005.536300) vcan0 312#676107610B950728
(0000000005.541100) vcan0 212#03D80761694E3FFF
(0000000005.545900) vcan0 308#00141B00043FFF00
(0000000005.546300) vcan0 312#076207620B950728
(0000000005.555900) vcan0 308#00141440053FFF00
(0000000005.556300) vcan0 312#076207620B950728
(0000000005.561100) vcan0 212#03D80762694E3FFF
(0000000005.565900) vcan0 308#00141F00053FFF00
(0000000005.566300) vcan0 312#676207620B950728
(0000000005.575900) vcan0 308#00142340043FFF00
(0000000005.576300) vcan0 312#676207620B950728
(0000000005.581100) vcan0 212#03D80762E94C3FFF
(0000000005.585800) vcan0 308#00142800043FFF00
(0000000005.586300) vcan0 312#076207620B950728
(0000000005.595900) vcan0 308#00142500053FFF00
(0000000005.596300) vcan0 312#076207620B950728
(0000000005.601100) vcan0 212#03D80762A94D3FFF
(0000000005.605900) vcan0 308#00142840053FFF00
(0000000005.606300) vcan0 312#476307630B950728
(0000000005.615800) vcan0 308#00142F40043FFF00
(0000000005.616300) vcan0 312#676207620B950728
(0000000005.621100) vcan0 212#03D80762694D3FFF
(0000000005.625800) vcan0 308#00143500043FFF00
(0000000005.626300) vcan0 312#076207620B950728
(0000000005.635800) vcan0 308#00143C40053FFF00
(0000000005.636300) vcan0 312#076107610B950728
(0000000005.641100) vcan0 212#03D80761694E3FFF
(0000000005.645800) vcan0 308#00143640053FFF00
(0000000005.646300) vcan0 312#676107610B950728
(0000000005.655800) vcan0 308#00143140043FFF00
(0000000005.656300) vcan0 312#676207620B950728
(0000000005.661100) vcan0 212#03D80762A94D3FFF
(0000000005.665800) vcan0 308#00143500043FFF00
(0000000005.666300) vcan0 312#076207620B950728
(0000000005.675800) vcan0 308#00143C40053FFF00
(0000000005.676200) vcan0 312#076207620B950728
(0000000005.681100) vcan0 212#03D80762A94E3FFF
(0000000005.685800) vcan0 308#00143940053FFF00
(0000000005.686300) vcan0 312#676107610B950728
(0000000005.695800) vcan0 308#00143600043FFF00
(0000000005.696300) vcan0 312#676107610B950728
(0000000005.701000) vcan0 212#03D80761694D3FFF
(0000000005.705800) vcan0 308#00143A00043FFF00
(0000000005.706200) vcan0 312#076107610B950728
(0000000005.715800) vcan0 308#00143800053FFF00
(0000000005.716300) vcan0 312#076207620B950728
(0000000005.721000) vcan0 212#03D80762694D3FFF
(0000000005.725800) vcan0 308#00143F40053FFF00
(0000000005.726200) vcan0 312#676207620B950728
(0000000005.735800) vcan0 308#00143E40043FFF00
(0000000005.736200) vcan0 312#676207620B950728
(0000000005.741000) vcan0 212#03D80762A94D3FFF
(0000000005.745900) vcan0 308#00143C00043FFF00
(0000000005.746400) vcan0 312#076107610B950728
(0000000005.755800) vcan0 308#00143B00053FFF00
(0000000005.756200) vcan0 312#076107610B950728
(0000000005.761000) vcan0 212#03D80761A94D3FFF
(0000000005.765800) vcan0 308#00143540053FFF00
(0000000005.766300) vcan0 312#676207620B950728
(0000000005.775700) vcan0 308#00143F00043FFF00
(0000000005.776200) vcan0 312#476307630B950728
(0000000005.781000) vcan0 212#03D80763294C3FFF
(0000000005.785800) vcan0 308#00143E40043FFF00
(0000000005.786300) vcan0 312#076207620B950728
(0000000005.795800) vcan0 308#00144240053FFF00
(0000000005.796200) vcan0 312#076107610B950728
(0000000005.801000) vcan0 212#03D80761694D3FFF
(0000000005.805800) vcan0 308#00144000053FFF00
(0000000005.806300) vcan0 312#676107610B950728
(0000000005.815700) vcan0 308#00143B40043FFF00
(0000000005.816200) vcan0 312#676207620B950728
(0000000005.821000) vcan0 212#03D80762A94D3FFF
(0000000005.825800) vcan0 308#00143E40043FFF00
(0000000005.826200) vcan0 312#076407640B950728
(0000000005.835700) vcan0 308#00144440053FFF00
(0000000005.836200) vcan0 312#276307630B950728
(0000000005.841000) vcan0 212#03D80763A94D3FFF
(0000000005.845700) vcan0 308#00144E40053FFF00
(0000000005.846200) vcan0 312#476307630B950728
(0000000005.855700) vcan0 308#00144400043FFF00
(0000000005.856200) vcan0 312#676207620B950728
(0000000005.861000) vcan0 212#03D80762694B3FFF
(0000000005.865700) vcan0 308#00144200043FFF00
(0000000005.866200) vcan0 312#076107610B950728
(0000000005.875700) vcan0 308#00143B00053FFF00
(0000000005.876200) vcan0 312#076207620B950728
(0000000005.881000) vcan0 212#03D80762694D3FFF
(0000000005.885700) vcan0 308#00143F40053FFF00
(0000000005.886200) vcan0 312#676207620B950728
(0000000005.895700) vcan0 308#00144540043FFF00
(0000000005.896200) vcan0 312#476307630B950728
(0000000005.900900) vcan0 212#03D80763E94C3FFF
(0000000005.905700) vcan0 308#00144B00043FFF00
(0000000005.906200) vcan0 312#276307630B950728
(0000000005.915700) vcan0 308#00145040053FFF00
(0000000005.916200) vcan0 312#076207620B950728
(0000000005.920900) vcan0 212#03D80762A94D3FFF
(0000000005.925700) vcan0 308#00144140053FFF00
(0000000005.926100) vcan0 312#676207620B950728
(0000000005.935700) vcan0 308#00143900043FFF00
(0000000005.936100) vcan0 312#676207620B950728
(0000000005.940900) vcan0 212#03D80762694D3FFF
(0000000005.945700) vcan0 308#00143500043FFF00
(0000000005.946200) vcan0 312#076207620B950728
(0000000005.955700) vcan0 308#00143340053FFF00
(0000000005.956100) vcan0 312#076207620B950728
(0000000005.960900) vcan0 212#03D80762694D3FFF
(0000000005.965700) vcan0 308#00143100053FFF00
(0000000005.966100) vcan0 312#676107610B950728
(0000000005.975700) vcan0 308#00143000043FFF00
(0000000005.976100) vcan0 312#676207620B950728
(0000000005.980900) vcan0 212#03D80762A94B3FFF
(0000000005.985700) vcan0 308#00143440043FFF00
(0000000005.986100) vcan0 312#076407640B950728
(0000000005.995600) vcan0 308#00143940053FFF00
(0000000005.996100) vcan0 312#076407640B950728
(0000000006.000900) vcan0 212#03D80764E94C3FFF
(0000000006.005700) vcan0 308#00144000053FFF00
(0000000006.006100) vcan0 312#676407640B950728
(0000000006.015700) vcan0 308#00143A00043FFF00
(0000000006.016100) vcan0 312#676207620B950728
(0000000006.020900) vcan0 212#03D80762694E3FFF
(0000000006.025600) vcan0 308#00143E40043FFF00
(0000000006.026100) vcan0 312#076207620B950728
(0000000006.035600) vcan0 308#00144140053FFF00
(0000000006.036100) vcan0 312#076207620B950728
(0000000006.040900) vcan0 212#03D80762694E3FFF
(0000000006.045600) vcan0 308#00144300053FFF00
(0000000006.046100) vcan0 312#476307630B950728
(0000000006.055600) vcan0 308#00143F00043FFF00
(0000000006.056100) vcan0 312#476307630B950728
(0000000006.060800) vcan0 212#03D80763E94C3FFF
(0000000006.065600) vcan0 308#00143600043FFF00
(0000000006.066100) vcan0 312#076207620B950728
(0000000006.075600) vcan0 308#00143E00053FFF00
(0000000006.076100) vcan0 312#076107610B950728
(0000000006.080900) vcan0 212#03D80761E94A3FFF
(0000000006.085600) vcan0 308#00143E00053FFF00
(0000000006.086100) vcan0 312#676207620B950728
(0000000006.095600) vcan0 308#00144040043FFF00
(0000000006.096000) vcan0 312#676407640B950728
(0000000006.100900) vcan0 212#03D80764694D3FFF
(0000000006.105600) vcan0 308#00143A00043FFF00
(0000000006.106100) vcan0 312#076407640B950728
(0000000006.115600) vcan0 308#00143B00053FFF00
(0000000006.116100) vcan0 312#076407640B950728
(0000000006.120800) vcan0 212#03D80764294C3FFF
(0000000006.125600) vcan0 308#00144440053FFF00
(0000000006.126000) vcan0 312#476307630B950728
(0000000006.135600) vcan0 308#00144A40043FFF00
(0000000006.136100) vcan0 312#476307630B950728
(0000000006.140800) vcan0 212#03D80763E94C3FFF
(0000000006.145600) vcan0 308#00144C40043FFF00
(0000000006.146000) vcan0 312#076407640B950728
(0000000006.155600) vcan0 308#00144440053FFF00
(0000000006.156000) vcan0 312#076407640B950728
(0000000006.160800) vcan0 212#03D80764E94C3FFF
(0000000006.165600) vcan0 308#00144600053FFF00
(0000000006.166000) vcan0 312#476307630B950728
(0000000006.175600) vcan0 308#00144F40043FFF00
(0000000006.176000) vcan0 312#476307630B950728
(0000000006.180800) vcan0 212#03D80763694B3FFF
(0000000006.185600) vcan0 308#00145500043FFF00
(0000000006.186000) vcan0 312#276307630B950728
(0000000006.195600) vcan0 308#00145200053FFF00
(0000000006.196000) vcan0 312#076207620B950728
(0000000006.200800) vcan0 212#03D80762294C3FFF
(0000000006.205600) vcan0 308#00145200053FFF00
(0000000006.206000) vcan0 312#476307630B950728
(0000000006.215500) vcan0 308#00145840043FFF00
(0000000006.216000) vcan0 312#476307630B950728
(0000000006.220800) vcan0 212#03D80763E94C3FFF
(0000000006.225500) vcan0 308#00145B40043FFF00
(0000000006.226000) vcan0 312#076407640B950728
(0000000006.235500) vcan0 308#00146200053FFF00
(0000000006.236000) vcan0 312#076207620B950728
(0000000006.240800) vcan0 212#03D80762E94A3FFF
(0000000006.245500) vcan0 308#00145C40053FFF00
(0000000006.246000) vcan0 312#676107610B950728
(0000000006.255500) vcan0 308#00145E40043FFF00
(0000000006.256000) vcan0 312#676207620B950728
(0000000006.260800) vcan0 212#03D80762294A3FFF
(0000000006.265500) vcan0 308#00145B40043FFF00
(0000000006.266000) vcan0 312#276307630B950728
(0000000006.275500) vcan0 308#00146040053FFF00
(0000000006.276000) vcan0 312#276307630B950728
(0000000006.280700) vcan0 212#03D80763294A3FFF
(0000000006.285500) vcan0 308#00146200053FFF00
(0000000006.285900) vcan0 312#476307630B950728
(0000000006.295500) vcan0 308#00145E40043FFF00
(0000000006.296000) vcan0 312#676207620B950728
(0000000006.300800) vcan0 212#03D80762A94E3FFF
(0000000006.305500) vcan0 308#00146140043FFF00
(0000000006.306000) vcan0 312#076207620B950728
(0000000006.315500) vcan0 308#00146400053FFF00
(0000000006.315900) vcan0 312#276307630B950728
(0000000006.320700) vcan0 212#03D80763A94D3FFF
(0000000006.325500) vcan0 308#00146700053FFF00
(0000000006.326000) vcan0 312#476307630B950728
(0000000006.335500) vcan0 308#00146900043FFF00
(0000000006.336000) vcan0 312#476307630B950728
(0000000006.340700) vcan0 212#03D80763694B3FFF
(0000000006.345500) vcan0 308#00146F00043FFF00
(0000000006.345900) vcan0 312#076207620B950728
(0000000006.355500) vcan0 308#00146B00053FFF00
(0000000006.355900) vcan0 312#076107610B950728
(0000000006.360700) vcan0 212#03D80761694B3FFF
(0000000006.365500) vcan0 308#00146940053FFF00
(0000000006.365900) vcan0 312#676207620B950728
(0000000006.375500) vcan0 308#00146F00043FFF00
(0000000006.375900) vcan0 312#676207620B950728
(0000000006.380700) vcan0 212#03D80762E94A3FFF
(0000000006.385500) vcan0 308#00146C00043FFF00
(0000000006.385900) vcan0 312#076207620B950728
(0000000006.395400) vcan0 308#00146D00053FFF00
(0000000006.395900) vcan0 312#076207620B950728
(0000000006.400700) vcan0 212#03D80762A94B3FFF
(0000000006.405500) vcan0 308#00146E00053FFF00
(0000000006.405900) vcan0 312#676107610B950728
(0000000006.415400) vcan0 308#00146D40043FFF00
(0000000006.415900) vcan0 312#676207620B950728
(0000000006.420700) vcan0 212#03D80762694B3FFF
(0000000006.425500) vcan0 308#00146B40043FFF00
(0000000006.425900) vcan0 312#276307630B950728
(0000000006.435400) vcan0 308#00146400053FFF00
(0000000006.435900) vcan0 312#276307630B950728
(0000000006.440700) vcan0 212#03D80763694D3FFF
(0000000006.445400) vcan0 308#00145C40053FFF00
(0000000006.445900) vcan0 312#476307630B950728
(0000000006.455400) vcan0 308#00145B40043FFF00
(0000000006.455900) vcan0 312#676207620B950728
(0000000006.460700) vcan0 212#03D80762A94B3FFF
(0000000006.465400) vcan0 308#00146000043FFF00
(0000000006.465900) vcan0 312#276307630B950728
(0000000006.475400) vcan0 308#00145640053FFF00
(0000000006.475900) vcan0 312#276507650B950728
(0000000006.480600) vcan0 212#03D80765E94C3FFF
(0000000006.485400) vcan0 308#00145800053FFF00
(0000000006.485900) vcan0 312#676407640B950728
(0000000006.495400) vcan0 308#00146300043FFF00
(0000000006.495900) vcan0 312#676407640B950728
(0000000006.500600) vcan0 212#03D80764294C3FFF
(0000000006.505400) vcan0 308#00146A00043FFF00
(0000000006.505800) vcan0 312#276307630B950728
(0000000006.515400) vcan0 308#00146B00053FFF00
(0000000006.515900) vcan0 312#276307630B950728
(0000000006.520700) vcan0 212#03D80763694B3FFF
(0000000006.525400) vcan0 308#00146540053FFF00
(0000000006.525900) vcan0 312#476307630B950728
(0000000006.535400) vcan0 308#00146B40043FFF00
(0000000006.535800) vcan0 312#476307630B950728
(0000000006.540600) vcan0 212#03D80763A94D3FFF
(0000000006.545400) vcan0 308#00146F00043FFF00
(0000000006.545800) vcan0 312#276307630B950728
(0000000006.555400) vcan0 308#00147300053FFF00
(0000000006.555800) vcan0 312#076207620B950728
(0000000006.560600) vcan0 212#03D80762E94C3FFF
(0000000006.565400) vcan0 308#00147000053FFF00
(0000000006.565800) vcan0 312#676207620B950728
(0000000006.575400) vcan0 308#00146900043FFF00
(0000000006.575800) vcan0 312#676207620B950728
(0000000006.580600) vcan0 212#03D80762694B3FFF
(0000000006.585400) vcan0 308#00146440043FFF00
(0000000006.585800) vcan0 312#276307630B950728
(0000000006.595400) vcan0 308#00146400053FFF00
(0000000006.595800) vcan0 312#276307630B950728
(0000000006.600600) vcan0 212#03D80763694D3FFF
(0000000006.605300) vcan0 308#00146940053FFF00
(0000000006.605800) vcan0 312#476307630B950728
(0000000006.615300) vcan0 308#00146A00043FFF00
(0000000006.615800) vcan0 312#476307630B950728
(0000000006.620600) vcan0 212#03D80763A94D3FFF
(0000000006.625400) vcan0 308#00147200043FFF00
(0000000006.625800) vcan0 312#076207620B950728
(0000000006.635300) vcan0 308#00147440053FFF00
(0000000006.635800) vcan0 312#276307630B950728
(0000000006.640600) vcan0 212#03D80763E94C3FFF
(0000000006.645300) vcan0 308#00147500053FFF00
(0000000006.645800) vcan0 312#476307630B950728
(0000000006.655300) vcan0 308#00147400043FFF00
(0000000006.655800) vcan0 312#676407640B950728
(0000000006.660600) vcan0 212#03D80764694B3FFF
(0000000006.665300) vcan0 308#00147B00043FFF00
(0000000006.665800) vcan0 312#076207620B950728
(0000000006.675300) vcan0 308#00147C00053FFF00
(0000000006.675800) vcan0 312#076207620B950728
(0000000006.680500) vcan0 212#03D80762294C3FFF
(0000000006.685300) vcan0 308#00147A00053FFF00
(0000000006.685800) vcan0 312#676207620B950728
(0000000006.695300) vcan0 308#00147F40043FFF00
(0000000006.695800) vcan0 312#476307630B950728
(0000000006.700500) vcan0 212#03D80763E9493FFF
(0000000006.705300) vcan0 308#00147F40043FFF00
(0000000006.705700) vcan0 312#276307630B950728
(0000000006.715300) vcan0 308#00148240053FFF00
(0000000006.715700) vcan0 312#276307630B950728
(0000000006.720500) vcan0 212#03D80763A94B3FFF
(0000000006.725300) vcan0 308#00148500053FFF00
(0000000006.725800) vcan0 312#676207620B950728
(0000000006.735300) vcan0 308#00148400043FFF00
(0000000006.735700) vcan0 312#676207620B950728
(0000000006.740500) vcan0 212#03D80762694B3FFF
(0000000006.745300) vcan0 308#00147C40043FFF00
(0000000006.745800) vcan0 312#276307630B950728
(0000000006.755300) vcan0 308#00147740053FFF00
(0000000006.755700) vcan0 312#276307630B950728
(0000000006.760500) vcan0 212#03D80763694B3FFF
(0000000006.765300) vcan0 308#00147840053FFF00
(0000000006.765700) vcan0 312#476307630B950728
(0000000006.775200) vcan0 308#00147940043FFF00
(0000000006.775700) vcan0 312#676207620B950728
(0000000006.780500) vcan0 212#03D80762E94A3FFF
(0000000006.785300) vcan0 308#00147A40043FFF00
(0000000006.785700) vcan0 312#276307630B950728
(0000000006.795300) vcan0 308#00147440053FFF00
(0000000006.795700) vcan0 312#276307630B950728
(0000000006.800500) vcan0 212#03D80763E94A3FFF
(0000000006.805200) vcan0 308#00147A00053FFF00
(0000000006.805700) vcan0 312#676407640B950728
(0000000006.815200) vcan0 308#00147B00043FFF00
(0000000006.815700) vcan0 312#476307630B950728
(0000000006.820500) vcan0 212#03D8076329493FFF
(0000000006.825200) vcan0 308#00147340043FFF00
(0000000006.825700) vcan0 312#276307630B950728
(0000000006.835200) vcan0 308#00146F40053FFF00
(0000000006.835700) vcan0 312#276307630B950728
(0000000006.840500) vcan0 212#03D80763694B3FFF
(0000000006.845200) vcan0 308#00146F40053FFF00
(0000000006.845700) vcan0 312#476307630B950728
(0000000006.855200) vcan0 308#00147A40043FFF00
(0000000006.855700) vcan0 312#476507650B950728
(0000000006.860400) vcan0 212#03D80765A94B3FFF
(0000000006.865200) vcan0 308#00147F40043FFF00
(0000000006.865700) vcan0 312#276507650B950728
(0000000006.875200) vcan0 308#00148240053FFF00
(0000000006.875700) vcan0 312#076407640B950728
(0000000006.880500) vcan0 212#03D80764E94C3FFF
(0000000006.885200) vcan0 308#00147B40053FFF00
(0000000006.885700) vcan0 312#676207620B950728
(0000000006.895200) vcan0 308#00147940043FFF00
(0000000006.895700) vcan0 312#676207620B950728
(0000000006.900500) vcan0 212#03D8076229493FFF
(0000000006.905200) vcan0 308#00147700043FFF00
(0000000006.905700) vcan0 312#276307630B950728
(0000000006.915200) vcan0 308#00147500053FFF00
(0000000006.915700) vcan0 312#076407640B950728
(0000000006.920400) vcan0 212#03D8076429493FFF
(0000000006.925200) vcan0 308#00148000053FFF00
(0000000006.925600) vcan0 312#676407640B950728
(0000000006.935200) vcan0 308#00148540043FFF00
(0000000006.935700) vcan0 312#476307630B950728
(0000000006.940400) vcan0 212#03D80763E94A3FFF
(0000000006.945200) vcan0 308#00148200043FFF00
(0000000006.945600) vcan0 312#276307630B950728
(0000000006.955200) vcan0 308#00147B40053FFF00
(0000000006.955600) vcan0 312#276307630B950728
(0000000006.960400) vcan0 212#03D80763E94C3FFF
(0000000006.965200) vcan0 308#00147F00053FFF00
(0000000006.965600) vcan0 312#476307630B950728
(0000000006.975200) vcan0 308#00148700043FFF00
(0000000006.975600) vcan0 312#476307630B950728
(0000000006.980400) vcan0 212#03D80763294A3FFF
(0000000006.985200) vcan0 308#00148640043FFF00
(0000000006.985600) vcan0 312#276307630B950728
(0000000006.995100) vcan0 308#00148900053FFF00
(0000000006.995600) vcan0 312#276307630B950728
(0000000007.000400) vcan0 212#03D8076329493FFF
(0000000007.005200) vcan0 308#00148840053FFF00
(0000000007.005600) vcan0 312#676207620B950728
(0000000007.015200) vcan0 308#00148E00043FFF00
(0000000007.015600) vcan0 312#476307630B950728
(0000000007.020400) vcan0 212#03D80763E9493FFF
(0000000007.025100) vcan0 308#00148A40043FFF00
(0000000007.025600) vcan0 312#276307630B950728
(0000000007.035100) vcan0 308#00148B40053FFF00
(0000000007.035600) vcan0 312#276307630B950728
(0000000007.040400) vcan0 212#03D80763E94A3FFF
(0000000007.045100) vcan0 308#00148B40053FFF00
(0000000007.045600) vcan0 312#676207620B950728
(0000000007.055100) vcan0 308#00148C40043FFF00
(0000000007.055600) vcan0 312#676207620B950728
(0000000007.060400) vcan0 212#03D8076229493FFF
(0000000007.065100) vcan0 308#00148F40043FFF00
(0000000007.065600) vcan0 312#276307630B950728
(0000000007.075100) vcan0 308#00148440053FFF00
(0000000007.075600) vcan0 312#276307630B950728
(0000000007.080300) vcan0 212#03D8076369473FFF
(0000000007.085100) vcan0 308#00148300053FFF00
(0000000007.085600) vcan0 312#476307630B950728
(0000000007.095100) vcan0 308#00148800043FFF00
(0000000007.095600) vcan0 312#476307630B950728
(0000000007.100400) vcan0 212#03D80763E94A3FFF
(0000000007.105100) vcan0 308#00148F40043FFF00
(0000000007.105600) vcan0 312#076407640B950728
(0000000007.115100) vcan0 308#00148B40053FFF00
(0000000007.115500) vcan0 312#076407640B950728
(0000000007.120300) vcan0 212#03D80764A94B3FFF
(0000000007.125100) vcan0 308#00148C00053FFF00
(0000000007.125600) vcan0 312#676407640B950728
(0000000007.135100) vcan0 308#00148B00043FFF00
(0000000007.135600) vcan0 312#476507650B950728
(0000000007.140300) vcan0 212#03D80765294A3FFF
(0000000007.145100) vcan0 308#00148B00043FFF00
(0000000007.145500) vcan0 312#076407640B950728
(0000000007.155100) vcan0 308#00148C00053FFF00
(0000000007.155500) vcan0 312#076407640B950728
(0000000007.160300) vcan0 212#03D80764694B3FFF
(0000000007.165100) vcan0 308#00148600053FFF00
(0000000007.165500) vcan0 312#476307630B950728
(0000000007.175100) vcan0 308#00148B00043FFF00
(0000000007.175500) vcan0 312#676407640B950728
(0000000007.180300) vcan0 212#03D80764E94A3FFF
(0000000007.185000) vcan0 308#00148800043FFF00
(0000000007.185500) vcan0 312#076407640B950728
(0000000007.195100) vcan0 308#00148B40053FFF00
(0000000007.195500) vcan0 312#076407640B950728
(0000000007.200300) vcan0 212#03D80764A94B3FFF
(0000000007.205100) vcan0 308#00148B40053FFF00
(0000000007.205500) vcan0 312#476307630B950728
(0000000007.215000) vcan0 308#00148D00043FFF00
(0000000007.215500) vcan0 312#476307630B950728
(0000000007.220300) vcan0 212#03D80763294A3FFF
(0000000007.225000) vcan0 308#00148C40043FFF00
(0000000007.225500) vcan0 312#076407640B950728
(0000000007.235100) vcan0 308#00148240053FFF00
(0000000007.235500) vcan0 312#076407640B950728
(0000000007.240300) vcan0 212#03D8076429493FFF
(0000000007.245000) vcan0 308#00148740053FFF00
(0000000007.245500) vcan0 312#676407640B950728
(0000000007.255000) vcan0 308#00149000043FFF00
(0000000007.255500) vcan0 312#476507650B950728
(0000000007.260300) vcan0 212#03D80765E9493FFF
(0000000007.265000) vcan0 308#00149300043FFF00
(0000000007.265500) vcan0 312#076407640B950728
(0000000007.275000) vcan0 308#00148D40053FFF00
(0000000007.275500) vcan0 312#076407640B950728
(0000000007.280200) vcan0 212#03D80764E9493FFF
(0000000007.285000) vcan0 308#00148B40053FFF00
(0000000007.285400) vcan0 312#476507650B950728
(0000000007.295000) vcan0 308#00149140043FFF00
(0000000007.295500) vcan0 312#476507650B950728
(0000000007.300200) vcan0 212#03D8076569483FFF
(0000000007.305000) vcan0 308#00149300043FFF00
(0000000007.305500) vcan0 312#076407640B950728
(0000000007.315000) vcan0 308#00148C00053FFF00
(0000000007.315400) vcan0 312#276307630B950728
(0000000007.320200) vcan0 212#03D8076329463FFF
(0000000007.325000) vcan0 308#00148A00053FFF00
(0000000007.325400) vcan0 312#476307630B950728
(0000000007.335000) vcan0 308#00148E00043FFF00
(0000000007.335400) vcan0 312#676407640B950728
(0000000007.340200) vcan0 212#03D80764A9423FFF
(0000000007.345000) vcan0 308#00148E00043FFF00
(0000000007.345400) vcan0 312#276507650B950728
(0000000007.354900) vcan0 308#00149200053FFF00
(0000000007.355400) vcan0 312#076407640B950728
(0000000007.360200) vcan0 212#03D80764E92F3FFF
(0000000007.365000) vcan0 308#00148900053FFF00
(0000000007.365400) vcan0 312#676407640B950728
(0000000007.375000) vcan0 308#00148800043FFF00
(0000000007.375400) vcan0 312#476307630B950728
(0000000007.380200) vcan0 212#03D8076368C73FFF
(0000000007.384900) vcan0 308#00148E00043FFF00
(0000000007.385400) vcan0 312#276307630B950728
(0000000007.394900) vcan0 308#00149940053FFF00
(0000000007.395400) vcan0 312#276307630B950728
(0000000007.400200) vcan0 212#03D80763683D3FFF
(0000000007.404900) vcan0 308#00149A40053FFF00
(0000000007.405400) vcan0 312#676107610B950728
(0000000007.414900) vcan0 308#00148F40043FFF00
(0000000007.415400) vcan0 312#675D075D0B950728
(0000000007.420200) vcan0 212#02BF075DE7F63FFF
(0000000007.424900) vcan0 308#00148700043FFF00
(0000000007.425400) vcan0 312#075707570B950728
(0000000007.434900) vcan0 308#00147600053FFF00
(0000000007.435400) vcan0 312#274E074E0B950728
(0000000007.440200) vcan0 212#02BF074EA7F23FFF
(0000000007.444900) vcan0 308#00145D00053FFF00
(0000000007.445400) vcan0 312#674607460B950728
(0000000007.454900) vcan0 308#00143E40043FFF00
(0000000007.455400) vcan0 312#473A073A0B950728
(0000000007.460200) vcan0 212#02BF073A67F23FFF
(0000000007.464900) vcan0 308#00142340043FFF00
(0000000007.465400) vcan0 312#273A073A0B950728
(0000000007.474900) vcan0 308#00140100053FFF00
(0000000007.475300) vcan0 312#273A073A0B950728
(0000000007.480200) vcan0 212#02BF073A67F23FFF
(0000000007.484900) vcan0 308#0013E340053FFF00
(0000000007.485400) vcan0 312#473A073A0B950728
(0000000007.494900) vcan0 308#0013C340043FFF00
(0000000007.495400) vcan0 312#473A073A0B950728
(0000000007.500100) vcan0 212#02BF073AA7F23FFF
(0000000007.504900) vcan0 308#0013A640043FFF00
(0000000007.505300) vcan0 312#273A073A0B950728
(0000000007.514900) vcan0 308#00138700053FFF00
(0000000007.515300) vcan0 312#273A073A0B950728
(0000000007.520100) vcan0 212#02BF073AA7F23FFF
(0000000007.524900) vcan0 308#00136840053FFF00
(0000000007.525400) vcan0 312#473A073A0B950728
(0000000007.534900) vcan0 308#00134900043FFF00
(0000000007.535300) vcan0 312#473A073A0B950728
(0000000007.540100) vcan0 212#02BF073A67F23FFF
(0000000007.544900) vcan0 308#00132B40043FFF00
(0000000007.545300) vcan0 312#273A073A0B950728
(0000000007.554900) vcan0 308#00130B40053FFF00
(0000000007.555300) vcan0 312#273A073A0B950728
(0000000007.560100) vcan0 212#02BF073A67F23FFF
(0000000007.564900) vcan0 308#0012EF00053FFF00
(0000000007.565300) vcan0 312#473A073A0B950728
(0000000007.574800) vcan0 308#0012D100043FFF00
(0000000007.575300) vcan0 312#473A073A0B950728
(0000000007.580100) vcan0 212#02BF073AA7F23FFF
(0000000007.584800) vcan0 308#0012B540043FFF00
(0000000007.585300) vcan0 312#273A073A0B950728
(0000000007.594900) vcan0 308#00129700053FFF00
(0000000007.595300) vcan0 312#273A073A0B950728
(0000000007.600100) vcan0 212#02BF073AA7F23FFF
(0000000007.604800) vcan0 308#00127A00053FFF00
(0000000007.605300) vcan0 312#473A073A0B950728
(0000000007.614800) vcan0 308#00125B40043FFF00
(0000000007.615300) vcan0 312#473A073A0B950728
(0000000007.620100) vcan0 212#02BF073A67F23FFF
(0000000007.624800) vcan0 308#00124040043FFF00
(0000000007.625300) vcan0 312#273A073A0B950728
(0000000007.634800) vcan0 308#00122140053FFF00
(0000000007.635300) vcan0 312#273A073A0B950728
(0000000007.640100) vcan0 212#02BF073A67F23FFF
(0000000007.644800) vcan0 308#00120540053FFF00
(0000000007.645300) vcan0 312#473A073A0B950728
(0000000007.654800) vcan0 308#0011EB00043FFF00
(0000000007.655300) vcan0 312#473A073A0B950728
(0000000007.660000) vcan0 212#02BF073AA7F23FFF
(0000000007.664800) vcan0 308#0011CE40043FFF00
(0000000007.665300) vcan0 312#273A073A0B950728
(0000000007.674800) vcan0 308#0011B240053FFF00
(0000000007.675300) vcan0 312#273A073A0B950728
(0000000007.680100) vcan0 212#02BF073AA7F23FFF
(0000000007.684800) vcan0 308#00119640053FFF00
(0000000007.685300) vcan0 312#473A073A0B950728
(0000000007.694800) vcan0 308#00117C40043FFF00
(0000000007.695200) vcan0 312#473A073A0B950728
(0000000007.700000) vcan0 212#02BF073A67F23FFF
(0000000007.704800) vcan0 308#00115F00043FFF00
(0000000007.705200) vcan0 312#273A073A0B950728
(0000000007.714800) vcan0 308#00114740053FFF00
(0000000007.715200) vcan0 312#273A073A0B950728
(0000000007.720000) vcan0 212#02BF073A67F23FFF
(0000000007.724800) vcan0 308#00112B40053FFF00
(0000000007.725200) vcan0 312#473A073A0B950728
(0000000007.734800) vcan0 308#00110F00043FFF00
(0000000007.735200) vcan0 312#473A073A0B950728
(0000000007.740000) vcan0 212#02BF073AA7F23FFF
(0000000007.744800) vcan0 308#0010F340043FFF00
(0000000007.745300) vcan0 312#273A073A0B950728
(0000000007.754800) vcan0 308#0010D940053FFF00
(0000000007.755200) vcan0 312#273A073A0B950728
(0000000007.760000) vcan0 212#02BF073AA7F23FFF
(0000000007.764800) vcan0 308#0010BF40053FFF00
(0000000007.765200) vcan0 312#473A073A0B950728
(0000000007.774700) vcan0 308#0010A700043FFF00
(0000000007.775200) vcan0 312#473A073A0B950728
(0000000007.780000) vcan0 212#02BF073A67F23FFF
(0000000007.784800) vcan0 308#00108B40043FFF00
(0000000007.785200) vcan0 312#273A073A0B950728
(0000000007.794700) vcan0 308#00107340053FFF00
(0000000007.795200) vcan0 312#273A073A0B950728
(0000000007.800000) vcan0 212#02BF073A67F23FFF
(0000000007.804700) vcan0 308#00105600053FFF00
(0000000007.805200) vcan0 312#473A073A0B950728
