
(0000000000.389200) vcan0 308#00040040043FFF00
(0000000000.389500) vcan0 309#3FFFFFFF0FFF00
(0000000000.389700) vcan0 312#27D207D20BDD0728
(0000000000.395300) vcan0 200#0003C000C000C000
(0000000000.399100) vcan0 308#00040600053FFF00
(0000000000.399300) vcan0 309#3FFFFFFF0FFF00
(0000000000.399600) vcan0 312#27C907C90BD50728
(0000000000.404100) vcan0 210#15001A0080000000
(0000000000.404300) vcan0 212#03D807C928443FFF
(0000000000.404800) vcan0 356#3FFF3FFF0BB800
(0000000000.404900) vcan0 380#0000
(0000000000.406200) vcan0 412#220045008000
(0000000000.409200) vcan0 308#00041340053FFF00
(0000000000.409500) vcan0 309#3FFFFFFF0FFF00
(0000000000.409700) vcan0 312#47CA07CA0BCF0728
(0000000000.415200) vcan0 200#0003C000C000C000
(0000000000.419100) vcan0 308#00042900043FFF00
(0000000000.419400) vcan0 309#3FFFFFFF0FFF00
(0000000000.419600) vcan0 312#47BB07BB0BCA0728
(0000000000.424100) vcan0 210#0E002B0000000000
(0000000000.424300) vcan0 212#03D807BBA8D93FFF
(0000000000.424800) vcan0 356#3FFF3FFF0BB800
(0000000000.424900) vcan0 380#0000
(0000000000.426200) vcan0 412#220044008000
(0000000000.429300) vcan0 308#00044140043FFF00
(0000000000.429500) vcan0 309#3FFFFFFF0FFF00
(0000000000.429700) vcan0 312#07BC07BC0BBF0728
(0000000000.435200) vcan0 200#0003C000C000C000
(0000000000.439100) vcan0 308#00044E00053FFF00
(0000000000.439300) vcan0 309#3FFFFFFF0FFF00
(0000000000.439600) vcan0 312#27BD07BD0BB90728
(0000000000.444100) vcan0 210#19003D8000000000
(0000000000.444300) vcan0 212#03D807BDA96C3FFF
(0000000000.444700) vcan0 356#3FFF3FFF0BB800
(0000000000.444900) vcan0 380#0000
(0000000000.446100) vcan0 412#220044008000
(0000000000.449200) vcan0 308#00045300053FFF00
(0000000000.449500) vcan0 309#3FFFFFFF0FFF00
(0000000000.449700) vcan0 312#47A907A90BB40728
(0000000000.455500) vcan0 200#0003C000C000C000
(0000000000.459100) vcan0 308#00045400043FFF00
(0000000000.459300) vcan0 309#3FFFFFFF0FFF00
(0000000000.459500) vcan0 312#47A907A90BB10728
(0000000000.464000) vcan0 210#2B00508080000000
(0000000000.464300) vcan0 212#03D807A92A103FFF
(0000000000.464800) vcan0 356#3FFF3FFF0BB800
(0000000000.464900) vcan0 380#0000
(0000000000.466200) vcan0 412#220044008000
(0000000000.469200) vcan0 308#00044B40043FFF00
(0000000000.469400) vcan0 309#3FFFFFFF0FFF00
(0000000000.469700) vcan0 312#07A807A80BB00728
(0000000000.469900) vcan0 415#000009000000CC
(0000000000.470400) vcan0 4A0#49F7677B68195B9D
(0000000000.470900) vcan0 608#6B4100000004F500
(0000000000.471100) vcan0 6FA#0156324255333033
(0000000000.471400) vcan0 6FE#FFEFE7E700000000
(0000000000.471500) vcan0 101#C4
(0000000000.475500) vcan0 200#0003C000C000C000
(0000000000.479100) vcan0 308#00043F00053FFF00
(0000000000.479300) vcan0 309#3FFFFFFF0FFF00
(0000000000.479600) vcan0 312#079807980BB90728
(0000000000.484000) vcan0 210#2F00670080000000
(0000000000.484300) vcan0 212#03D807986ACF3FFF
(0000000000.484700) vcan0 356#3FFF3FFF0BB800
(0000000000.484900) vcan0 380#0000
(0000000000.486000) vcan0 412#220044008000
(0000000000.489200) vcan0 308#00043140053FFF00
(0000000000.489500) vcan0 309#3FFFFFFF0FFF00
(0000000000.489700) vcan0 312#679807980BC40728
(0000000000.495100) vcan0 200#0003C000C000C000
(0000000000.499100) vcan0 308#00042500043FFF00
(0000000000.499300) vcan0 309#3FFFFFFF0FFF00
(0000000000.499500) vcan0 312#679807980BD20728
(0000000000.504000) vcan0 210#30007F8000000000
(0000000000.504300) vcan0 212#03D80798AB9B3FFF
(0000000000.504700) vcan0 356#3FFF3FFF0BB800
(0000000000.504900) vcan0 380#0000
(0000000000.506100) vcan0 412#220044008000
(0000000000.509200) vcan0 308#00041900043FFF00
(0000000000.509400) vcan0 309#3FFFFFFF0FFF00
(0000000000.509600) vcan0 312#079107910BE00728
(0000000000.515200) vcan0 200#0003C000C000C000
(0000000000.519100) vcan0 308#00040E40053FFF00
(0000000000.519299) vcan0 309#3FFFFFFF0FFF00
(0000000000.519500) vcan0 312#279007900BF00728
(0000000000.524000) vcan0 210#3A00978000000000
(0000000000.524200) vcan0 212#03D80790EBC63FFF
(0000000000.524700) vcan0 356#3FFF3FFF0BB800
(0000000000.524800) vcan0 380#0000
(0000000000.526200) vcan0 412#220045008000
(0000000000.529200) vcan0 308#00040300053FFF00
(0000000000.529400) vcan0 309#3FFFFFFF0FFF00
(0000000000.529700) vcan0 312#678F078F0BFD0728
(0000000000.535500) vcan0 200#0003C000C000C000
(0000000000.539000) vcan0 308#0003F740043FFF00
(0000000000.539200) vcan0 309#3FFFFFFF0FFF00
(0000000000.539500) vcan0 312#678F078F0C090728
(0000000000.544000) vcan0 210#4300AC8080000000
(0000000000.544200) vcan0 212#03D8078F2BE23FFF
(0000000000.544700) vcan0 356#3FFF3FFF0BB800
(0000000000.544800) vcan0 380#0000
(0000000000.545500) vcan0 412#220045008000
(0000000000.549100) vcan0 308#0003EB00043FFF00
(0000000000.549400) vcan0 309#3FFFFFFF0FFF00
(0000000000.549600) vcan0 312#278E078E0C130728
(0000000000.555400) vcan0 200#0003C000C000C000
(0000000000.559000) vcan0 308#0003DC00053FFF00
(0000000000.559300) vcan0 309#3FFFFFFF0FFF00
(0000000000.559500) vcan0 312#278D078D0C1C0728
(0000000000.564000) vcan0 210#4500BA0080000000
(0000000000.564200) vcan0 212#03D8078D2BF53FFF
(0000000000.564700) vcan0 356#3FFF3FFF0BB800
(0000000000.564800) vcan0 380#0000
(0000000000.566200) vcan0 412#220045008000
(0000000000.569200) vcan0 308#0003CA40053FFF00
(0000000000.569400) vcan0 309#3FFFFFFF0FFF00
(0000000000.569600) vcan0 312#679407940C1F0728
(0000000000.569800) vcan0 415#000009000000CC
(0000000000.570100) vcan0 4A0#5BFAADB77C32BF9D
(0000000000.570400) vcan0 608#6B41000000071100
(0000000000.570600) vcan0 6FA#0232373200000000
(0000000000.571300) vcan0 6FE#FFEFE7E700000000