(1603070923.277413) can0 608#A040000000000000
(1603070923.288780) can0 212#000007E4A7DC0000
(1603070923.309308) can0 308#0000000000000000
(1603070923.329772) can0 415#00000000000000
(1603070923.329772) can0 210#0000008080000000
(1603070923.329773) can0 312#B5B5000000000000
(1603070923.350607) can0 6FA#0000000000000000
(1603070923.350610) can0 212#000007E467DC0000
(1603070923.350611) can0 308#0000004001000000
(1603070923.371020) can0 210#0000000000000000
(1603070923.371023) can0 312#67B5000000000000
(1603070923.391221) can0 212#000007E467DC0000
(1603070923.391223) can0 308#0000004001000000
(1603070923.411061) can0 210#0000000000000000
(1603070923.411063) can0 312#67B5000000000000
(1603070923.411064) can0 212#000007E4A7DC0000
(1603070923.431062) can0 308#0000000000000000
(1603070923.431063) can0 210#0000008080000000
(1603070923.431064) can0 312#B5B5000000000000
(1603070923.451622) can0 212#000007E4A7DC0000
(1603070923.451624) can0 308#0000000000000000
(1603070923.451624) can0 210#0000008080000000
(1603070923.472244) can0 312#B5B5000000000000
(1603070923.472246) can0 608#A040000000000000
(1603070923.472248) can0 212#000007E467DC0000
(1603070923.492733) can0 308#0000004001000000
(1603070923.492736) can0 415#00000000000000
(1603070923.492737) can0 210#0000000000000000
(1603070923.513495) can0 312#67B5000000000000
(1603070923.513497) can0 6FA#0000000000000000
(1603070923.513499) can0 212#000007E467DC0000
(1603070923.533645) can0 308#0000004001000000
(1603070923.533647) can0 210#0000000000000000
(1603070923.533649) can0 312#67B5000000000000
(1603070923.554657) can0 212#000007E4A7DC0000
(1603070923.554659) can0 308#0000000000000000
(1603070923.554660) can0 210#0000008080000000
(1603070923.575188) can0 312#B5B5000000000000
(1603070923.575190) can0 212#000007E4A7DC0000
(1603070923.575191) can0 308#0000000000000000
(1603070923.595491) can0 210#0000008080000000
(1603070923.595493) can0 312#B5B5000000000000
(1603070923.595495) can0 212#000007E467DC0000
(1603070923.616021) can0 308#0000004001000000
(1603070923.616024) can0 210#0000000000000000
(1603070923.616026) can0 312#67B5000000000000
(1603070923.636619) can0 608#A040000000000000
(1603070923.636621) can0 212#000007E467DC0000
(1603070923.636622) can0 308#0000004001000000
(1603070923.656782) can0 415#0000FF00000000
(1603070923.656784) can0 210#0000000000000000
(1603070923.656786) can0 312#67B5000000000000
(1603070923.677297) can0 6FA#0000000000000000
(1603070923.677300) can0 212#000007E4A7DC0000
(1603070923.677301) can0 308#0000000000000000
(1603070923.697842) can0 210#0000008080000000
(1603070923.697845) can0 312#B5B5000000000000
(1603070923.697847) can0 212#000007E4A7DC0000
(1603070923.718327) can0 308#0000000000000000
(1603070923.718329) can0 210#0000008080000000
(1603070923.718331) can0 312#B5B5000000000000
(1603070923.738764) can0 212#000007E467DC0000
(1603070923.738767) can0 308#0000004001000000
(1603070923.738768) can0 210#0000000000000000
(1603070923.759524) can0 312#67B5000000000000
(1603070923.759526) can0 212#000007E467DC0000
(1603070923.759528) can0 308#0000004001000000
(1603070923.779651) can0 210#0000000000000000
(1603070923.779670) can0 312#67B5000000000000
(1603070923.779671) can0 608#A040000000000000
(1603070923.800199) can0 212#000007E4A7DC0000
(1603070923.800201) can0 308#0000000000000000
(1603070923.800202) can0 415#0000FF00000000
(1603070923.820837) can0 210#0000008080000000
(1603070923.820838) can0 312#B5B5000000000000
(1603070923.820840) can0 6FA#0000000000000000
(1603070923.841065) can0 212#000007E4A7DC0000
(1603070923.841066) can0 308#0000000000000000
(1603070923.841066) can0 210#0000008080000000
(1603070923.861040) can0 312#B5B5000000000000
(1603070923.861041) can0 212#000007E467DC0000
(1603070923.861041) can0 308#0000004001000000
(1603070923.881554) can0 210#0000000000000000
(1603070923.881555) can0 312#67B5000000000000
(1603070923.881556) can0 212#000007E467DC0000
(1603070923.902063) can0 308#0000004001000000
(1603070923.902064) can0 210#0000000000000000
(1603070923.902064) can0 312#67B5000000000000
(1603070923.922582) can0 212#000007E4A7DC0000
(1603070923.922583) can0 308#0000000000000000
(1603070923.922584) can0 210#0000008080000000
(1603070923.943078) can0 312#B5B5000000000000
(1603070923.943079) can0 608#A040000000000000
(1603070923.943080) can0 212#000007E4A7DC0000
(1603070923.963572) can0 308#0000000000000000
(1603070923.963573) can0 415#0000FF00000000
(1603070923.963574) can0 210#0000008080000000
(1603070923.984017) can0 312#B5B5000000000000
(1603070923.984018) can0 6FA#0000000000000000
(1603070923.984019) can0 212#000007E467DC0000
(1603070924.004545) can0 308#0000004001000000
(1603070924.004545) can0 210#0000000000000000
(1603070924.004546) can0 312#67B5000000000000
(1603070924.025083) can0 212#000007E467DC0000
(1603070924.025084) can0 308#0000004001000000
(1603070924.025085) can0 210#0000000000000000
(1603070924.045568) can0 312#67B5000000000000
(1603070924.045568) can0 212#000007E4A7DC0000
(1603070924.045569) can0 308#0000000000000000
(1603070924.066335) can0 210#0000008080000000
(1603070924.066343) can0 312#B5B5000000000000
(1603070924.066344) can0 212#000007E4A7DC0000
(1603070924.086741) can0 308#0000000000000000
(1603070924.086742) can0 210#0000008080000000
(1603070924.086743) can0 312#B5B5000000000000
(1603070924.107229) can0 608#7240000000000000
(1603070924.107231) can0 212#000007E467DC0000
(1603070924.107233) can0 308#0000004001000000
(1603070924.127833) can0 415#0000FF00000000
(1603070924.127835) can0 210#0000000000000000
(1603070924.127837) can0 312#67B5000000000000
(1603070924.148404) can0 6FA#0000000000000000
(1603070924.148406) can0 212#000007E467DC0000
(1603070924.148408) can0 308#0000004001000000
(1603070924.168844) can0 210#0000000000000000
(1603070924.168846) can0 312#67B5000000000000
(1603070924.168848) can0 212#000007E4A7DC0000
(1603070924.189311) can0 308#0000000000000000
(1603070924.189313) can0 210#0000008080000000
(1603070924.189315) can0 312#B5B5000000000000
(1603070924.210059) can0 212#000007E4A7DC0000
(1603070924.210061) can0 308#0000000000000000
(1603070924.210062) can0 210#0000008080000000
(1603070924.230336) can0 312#B5B5000000000000
(1603070924.230338) can0 212#000007E467DC0000
(1603070924.230339) can0 308#0000004001000000
(1603070924.250838) can0 210#0000000000000000
(1603070924.250840) can0 312#67B5000000000000
(1603070924.250841) can0 608#7240000000000000
(1603070924.271623) can0 212#000007E467DC0000
(1603070924.271625) can0 308#0000004001000000
(1603070924.271640) can0 415#0000FF00000000
(1603070924.291852) can0 210#0000000000000000
(1603070924.291855) can0 312#67B5000000000000
(1603070924.291856) can0 6FA#0000000000000000
(1603070924.312419) can0 212#000007E4A7DC0000
(1603070924.312422) can0 308#0000000000000000
(1603070924.312423) can0 210#0000008080000000
(1603070924.332831) can0 312#B5B5000000000000
(1603070924.332833) can0 212#000007E4A7DC0000
(1603070924.332834) can0 308#0000000000000000
(1603070924.353381) can0 210#0000008080000000
(1603070924.353383) can0 312#B5B5000000000000
(1603070924.353385) can0 212#000007E467DC0000
(1603070924.373954) can0 308#0000004001000000
(1603070924.373956) can0 210#0000000000000000
(1603070924.373958) can0 312#67B5000000000000
(1603070924.394451) can0 212#000007E467DC0000
(1603070924.394454) can0 308#0000004001000000
(1603070924.394455) can0 210#0000000000000000
(1603070924.415015) can0 312#67B5000000000000
(1603070924.415017) can0 608#7240000000000000
(1603070924.415019) can0 212#000007E4A7DC0000
(1603070924.435398) can0 308#0000000000000000
(1603070924.435400) can0 415#0000FF00000000
(1603070924.435402) can0 210#0000008080000000
(1603070924.456033) can0 312#B5B5000000000000
(1603070924.456034) can0 6FA#0000000000000000
(1603070924.456036) can0 212#000007E4A7DC0000
(1603070924.476491) can0 308#0000000000000000
(1603070924.476493) can0 210#0000008080000000
(1603070924.476494) can0 312#B5B5000000000000
(1603070924.496857) can0 212#000007E467DC0000
(1603070924.496860) can0 308#0000004001000000
(1603070924.496861) can0 210#0000000000000000
(1603070924.517537) can0 312#67B5000000000000
(1603070924.517540) can0 212#000007E467DC0000
(1603070924.517541) can0 308#0000004001000000
(1603070924.538012) can0 210#0000000000000000
(1603070924.538015) can0 312#67B5000000000000
(1603070924.538016) can0 212#000007E4A7DC0000
(1603070924.558524) can0 308#0000000000000000
(1603070924.558526) can0 210#0000008080000000
(1603070924.558528) can0 312#B5B5000000000000
(1603070924.578994) can0 608#7240000000000000
(1603070924.578997) can0 212#000007E4A7DC0000
(1603070924.578998) can0 308#0000000000000000
(1603070924.599379) can0 415#0000FF00000000
(1603070924.599382) can0 210#0000008080000000
(1603070924.599383) can0 312#B5B5000000000000
(1603070924.619875) can0 6FA#0000000000000000
(1603070924.619878) can0 212#000007E467DC0000
(1603070924.619879) can0 308#0000004001000000
(1603070924.640402) can0 210#0000000000000000
(1603070924.640404) can0 312#67B5000000000000
(1603070924.640406) can0 212#000007E467DC0000
(1603070924.660958) can0 308#0000004001000000
(1603070924.660960) can0 210#0000000000000000
(1603070924.660961) can0 312#67B5000000000000
(1603070924.681405) can0 212#000007E4A7DC0000
(1603070924.681407) can0 308#0000000000000000
(1603070924.681409) can0 210#0000008080000000
(1603070924.702105) can0 312#B5B5000000000000
(1603070924.702107) can0 212#000007E4A7DC0000
(1603070924.702109) can0 308#0000000000000000
(1603070924.722611) can0 210#0000008080000000
(1603070924.722613) can0 312#B5B5000000000000
(1603070924.722614) can0 608#7240000000000000
(1603070924.742883) can0 212#000007E467DC0000
(1603070924.742885) can0 308#0000004001000000
(1603070924.742887) can0 415#0000FF00000000
(1603070924.763599) can0 210#0000000000000000
(1603070924.763601) can0 312#67B5000000000000
(1603070924.763603) can0 6FA#0000000000000000
(1603070924.783858) can0 212#000007E467DC0000
(1603070924.783861) can0 308#0000004001000000
(1603070924.783863) can0 210#0000000000000000
(1603070924.804363) can0 312#67B5000000000000
(1603070924.804365) can0 212#000007E4A7DC0000
(1603070924.804366) can0 308#0000000000000000
(1603070924.825051) can0 210#0000008080000000
(1603070924.825053) can0 312#B5B5000000000000
(1603070924.825054) can0 212#000007E4A7DC0000
(1603070924.845586) can0 308#0000000000000000
(1603070924.845588) can0 210#0000008080000000
(1603070924.845589) can0 312#B5B5000000000000
(1603070924.865896) can0 212#000007E467DC0000
(1603070924.865898) can0 308#0000004001000000
(1603070924.865900) can0 210#0000000000000000
(1603070924.886461) can0 312#67B5000000000000
(1603070924.886463) can0 608#7240000000000000
(1603070924.886464) can0 212#000007E467DC0000
(1603070924.907121) can0 308#0000004001000000
(1603070924.907124) can0 415#0000FF00000000
(1603070924.907125) can0 210#0000000000000000
(1603070924.927588) can0 312#67B5000000000000
(1603070924.927590) can0 6FA#0000000000000000
(1603070924.927591) can0 212#000007E4A7DC0000
(1603070924.947932) can0 308#0000000000000000
(1603070924.947935) can0 210#0000008080000000
(1603070924.947936) can0 312#B5B5000000000000
(1603070924.968538) can0 212#000007E4A7DC0000
(1603070924.968540) can0 308#0000000000000000
(1603070924.968542) can0 210#0000008080000000
(1603070924.989101) can0 312#B5B5000000000000
(1603070924.989103) can0 212#000007E467DC0000
(1603070924.989104) can0 308#0000004001000000
(1603070925.009563) can0 210#0000000000000000
(1603070925.009565) can0 312#67B5000000000000
(1603070925.009567) can0 212#000007E467DC0000
(1603070925.030068) can0 308#0000004001000000
(1603070925.030070) can0 210#0000000000000000
(1603070925.030071) can0 312#67B5000000000000
(1603070925.050458) can0 608#7240000000000000
(1603070925.050460) can0 212#000007E4A7DC0000
(1603070925.050462) can0 308#0000000000000000
(1603070925.071094) can0 415#0000FF00000000
(1603070925.071095) can0 210#0000008080000000
(1603070925.071097) can0 312#B5B5000000000000
(1603070925.091681) can0 6FA#0000000000000000
(1603070925.091691) can0 212#000007E4A7DC0000
(1603070925.091693) can0 308#0000000000000000
(1603070925.111967) can0 210#0000008080000000
(1603070925.111969) can0 312#B5B5000000000000
(1603070925.111970) can0 212#000007E467DC0000
(1603070925.132587) can0 308#0000004001000000
(1603070925.132590) can0 210#0000000000000000
(1603070925.132591) can0 312#67B5000000000000
(1603070925.152992) can0 212#000007E467DC0000
(1603070925.152994) can0 308#0000004001000000
(1603070925.152995) can0 210#0000000000000000
(1603070925.173614) can0 312#67B5000000000000
(1603070925.173616) can0 212#000007E4A7DC0000
(1603070925.173617) can0 308#0000000000000000
(1603070925.193957) can0 210#0000008080000000
(1603070925.193960) can0 312#B5B5000000000000
(1603070925.193961) can0 608#7240000000000000
(1603070925.214573) can0 212#000007E4A7DC0000
(1603070925.214575) can0 308#0000000000000000
(1603070925.214577) can0 415#0000FF00000000
(1603070925.234962) can0 210#0000008080000000
(1603070925.234964) can0 312#B5B5000000000000
(1603070925.234965) can0 6FA#0000000000000000
(1603070925.255534) can0 212#000007E467DC0000
(1603070925.255536) can0 308#0000004001000000
(1603070925.255537) can0 210#0000000000000000
(1603070925.276281) can0 312#67B5000000000000
(1603070925.276306) can0 212#000007E467DC0000
(1603070925.276307) can0 308#0000004001000000
(1603070925.296744) can0 210#0000000000000000
(1603070925.296747) can0 312#67B5000000000000
(1603070925.296749) can0 212#000007E4A7DC0000
(1603070925.317107) can0 308#0000000000000000
(1603070925.317109) can0 210#0000008080000000
(1603070925.317111) can0 312#B5B5000000000000
(1603070925.337779) can0 212#000007E4A7DC0000
(1603070925.337781) can0 308#0000000000000000
(1603070925.337783) can0 210#0000008080000000
(1603070925.364782) can0 312#B5B5000000000000
(1603070925.364785) can0 608#7240000000000000
(1603070925.364787) can0 212#000007E467DC0000
(1603070925.378539) can0 308#0000004001000000
(1603070925.378542) can0 415#0000FF00000000
(1603070925.378543) can0 210#0000000000000000
(1603070925.398973) can0 312#67B5000000000000
(1603070925.398975) can0 6FA#0000000000000000
(1603070925.398976) can0 212#000007E467DC0000
(1603070925.419540) can0 308#0000004001000000
(1603070925.419542) can0 210#0000000000000000
(1603070925.419543) can0 312#67B5000000000000
(1603070925.439967) can0 212#000007E4A7DC0000
(1603070925.439968) can0 308#0000000000000000
(1603070925.439969) can0 210#0000008080000000
(1603070925.460652) can0 312#B5B5000000000000
(1603070925.460654) can0 212#000007E4A7DC0000
(1603070925.460655) can0 308#0000000000000000
(1603070925.481099) can0 210#0000008080000000
(1603070925.481101) can0 312#B5B5000000000000
(1603070925.481103) can0 212#000007E467DC0000
(1603070925.501919) can0 308#0000004001000000
(1603070925.501921) can0 210#0000000000000000
(1603070925.501922) can0 312#67B5000000000000
(1603070925.522416) can0 608#7240000000000000
(1603070925.522419) can0 212#000007E467DC0000
(1603070925.522420) can0 308#0000004001000000
(1603070925.542909) can0 415#0000FF00000000
(1603070925.542911) can0 210#0000000000000000
(1603070925.542913) can0 312#67B5000000000000
(1603070925.562851) can0 6FA#0000000000000000
(1603070925.562853) can0 212#000007E4A7DC0000
(1603070925.562854) can0 308#0000000000000000
(1603070925.583216) can0 210#0000008080000000
(1603070925.583226) can0 312#B5B5000000000000
(1603070925.583228) can0 212#000007E4A7DC0000
(1603070925.603597) can0 308#0000000000000000
(1603070925.603600) can0 210#0000008080000000
(1603070925.603601) can0 312#B5B5000000000000
(1603070925.624018) can0 212#000007E467DC0000
(1603070925.624020) can0 308#0000004001000000
(1603070925.624021) can0 210#0000000000000000
(1603070925.644671) can0 312#67B5000000000000
(1603070925.644672) can0 212#000007E467DC0000
(1603070925.644673) can0 308#0000004001000000
(1603070925.665344) can0 210#0000000000000000
(1603070925.665346) can0 312#67B5000000000000
(1603070925.665347) can0 608#7240000000000000
(1603070925.685638) can0 212#000007E4A7DC0000
(1603070925.685640) can0 308#0000000000000000
(1603070925.685641) can0 415#0000FF00000000
(1603070925.706296) can0 210#0000008080000000
(1603070925.706298) can0 312#B5B5000000000000
(1603070925.706299) can0 6FA#0000000000000000
(1603070925.726867) can0 212#000007E4A7DC0000
(1603070925.726869) can0 308#0000000000000000
(1603070925.726871) can0 210#0000008080000000
(1603070925.747091) can0 312#B5B5000000000000
(1603070925.747093) can0 212#000007E467DC0000
(1603070925.747095) can0 308#0000004001000000
(1603070925.767786) can0 210#0000000000000000
(1603070925.767788) can0 312#67B5000000000000
(1603070925.767806) can0 212#000007E467DC0000
(1603070925.788358) can0 308#0000004001000000
(1603070925.788360) can0 210#0000000000000000
(1603070925.788361) can0 312#67B5000000000000
(1603070925.808609) can0 212#000007E4A7DC0000
(1603070925.808611) can0 308#0000000000000000
(1603070925.808613) can0 210#0000008080000000
(1603070925.829350) can0 312#B5B5000000000000
(1603070925.829352) can0 608#7240000000000000
(1603070925.829354) can0 212#000007E4A7DC0000
(1603070925.849889) can0 308#0000000000000000
(1603070925.849891) can0 415#0000FF00000000
(1603070925.849893) can0 210#0000008080000000
(1603070925.870184) can0 312#B5B5000000000000
(1603070925.870186) can0 6FA#0000000000000000
(1603070925.870188) can0 212#000007E467DC0000
(1603070925.890736) can0 308#0000004001000000
(1603070925.890738) can0 210#0000000000000000
(1603070925.890739) can0 312#67B5000000000000
(1603070925.911201) can0 212#000007E467DC0000
(1603070925.911203) can0 308#0000004001000000
(1603070925.911205) can0 210#0000000000000000
(1603070925.931646) can0 312#67B5000000000000
(1603070925.931649) can0 212#000007E4A7DC0000
(1603070925.952120) can0 308#0000000000000000
(1603070925.952123) can0 210#0000008080000000
(1603070925.952124) can0 312#B5B5000000000000
(1603070925.972686) can0 212#000007E4A7DC0000
(1603070925.972688) can0 308#0000000000000000
(1603070925.972689) can0 210#0000008080000000
(1603070925.993367) can0 312#B5B5000000000000
(1603070925.993370) can0 608#7240000000000000
(1603070925.993371) can0 212#000007E467DC0000
(1603070926.013590) can0 308#0000004001000000
(1603070926.013592) can0 415#0000FF00000000
(1603070926.013593) can0 210#0000000000000000
(1603070926.034107) can0 312#67B5000000000000
(1603070926.034109) can0 6FA#0000000000000000
(1603070926.034110) can0 212#000007E467DC0000
(1603070926.054608) can0 308#0000004001000000
(1603070926.054610) can0 210#0000000000000000
(1603070926.054611) can0 312#67B5000000000000
(1603070926.075120) can0 212#000007E4A7DC0000
(1603070926.075122) can0 308#0000000000000000
(1603070926.075123) can0 210#0000008080000000
(1603070926.095627) can0 312#B5B5000000000000
(1603070926.095629) can0 212#000007E4A7DC0000
(1603070926.095630) can0 308#0000000000000000
(1603070926.116121) can0 210#0000008080000000
(1603070926.116123) can0 312#B5B5000000000000
(1603070926.116124) can0 212#000007E467DC0000
(1603070926.136685) can0 308#0000004001000000
(1603070926.136686) can0 210#0000000000000000
(1603070926.136687) can0 312#67B5000000000000
(1603070926.157145) can0 608#7240000000000000
(1603070926.157147) can0 212#000007E467DC0000
(1603070926.157149) can0 308#0000004001000000
(1603070926.177614) can0 415#0000FF00000000
(1603070926.177615) can0 210#0000000000000000
(1603070926.177616) can0 312#67B5000000000000
(1603070926.198198) can0 6FA#0000000000000000
(1603070926.198199) can0 212#000007E4A7DC0000
(1603070926.198200) can0 308#0000000000000000
(1603070926.218722) can0 210#0000008080000000
(1603070926.218724) can0 312#B5B5000000000000
(1603070926.218725) can0 212#000007E4A7DC0000
(1603070926.239142) can0 308#0000000000000000
(1603070926.239144) can0 210#0000008080000000
(1603070926.239145) can0 312#B5B5000000000000
(1603070926.259587) can0 212#000007E467DC0000
(1603070926.259588) can0 308#0000004001000000
(1603070926.259589) can0 210#0000000000000000
(1603070926.280282) can0 312#67B5000000000000
(1603070926.280295) can0 212#000007E467DC0000
(1603070926.280296) can0 308#0000004001000000
(1603070926.300615) can0 210#0000000000000000
(1603070926.300617) can0 312#67B5000000000000
(1603070926.300618) can0 608#7240000000000000
(1603070926.320636) can0 212#000007E4A7DC0000
(1603070926.320637) can0 308#0000000000000000
(1603070926.320637) can0 415#0000FF00000000
(1603070926.341188) can0 210#0000008080000000
(1603070926.341189) can0 312#B5B5000000000000
(1603070926.341189) can0 6FA#0000000000000000
(1603070926.361646) can0 212#000007E4A7DC0000
(1603070926.361647) can0 308#0000000000000000
(1603070926.361647) can0 210#0000008080000000
(1603070926.382159) can0 312#B5B5000000000000
(1603070926.382159) can0 212#000007E467DC0000
(1603070926.382160) can0 308#0000004001000000
(1603070926.402785) can0 210#0000000000000000
(1603070926.402786) can0 312#67B5000000000000
(1603070926.402787) can0 212#000007E467DC0000
(1603070926.423221) can0 308#0000004001000000
(1603070926.423222) can0 210#0000000000000000
(1603070926.423222) can0 312#67B5000000000000
(1603070926.443729) can0 212#000007E4A7DC0000
(1603070926.443731) can0 308#0000000000000000
(1603070926.443731) can0 210#0000008080000000
(1603070926.464227) can0 312#B5B5000000000000
(1603070926.464227) can0 608#7240000000000000
(1603070926.464228) can0 212#000007E4A7DC0000
(1603070926.484753) can0 308#0000000000000000
(1603070926.484754) can0 415#0000FF00000000
(1603070926.484755) can0 210#0000008080000000
(1603070926.505368) can0 312#B5B5000000000000
(1603070926.505369) can0 6FA#0000000000000000
(1603070926.505369) can0 212#000007E467DC0000
(1603070926.526020) can0 308#0000004001000000
(1603070926.526023) can0 210#0000000000000000
(1603070926.526025) can0 312#67B5000000000000
(1603070926.546286) can0 212#000007E467DC0000
(1603070926.546288) can0 308#0000004001000000
(1603070926.546297) can0 210#0000000000000000
(1603070926.566991) can0 312#67B5000000000000
(1603070926.566993) can0 212#000007E4A7DC0000
(1603070926.566994) can0 308#0000000000000000
(1603070926.587207) can0 210#0000008080000000
(1603070926.587208) can0 312#B5B5000000000000
(1603070926.587209) can0 212#000007E4A7DC0000
(1603070926.607746) can0 308#0000000000000000
(1603070926.607748) can0 210#0000008080000000
(1603070926.607749) can0 312#B5B5000000000000
(1603070926.627933) can0 608#7240000000000000
(1603070926.627935) can0 212#000007E467DC0000
(1603070926.627936) can0 308#0000004001000000
(1603070926.648491) can0 415#0000FF00000000
(1603070926.648492) can0 210#0000000000000000
(1603070926.648493) can0 312#67B5000000000000
(1603070926.669125) can0 6FA#0000000000000000
(1603070926.669126) can0 212#000007E467DC0000
(1603070926.669127) can0 308#0000004001000000
(1603070926.689890) can0 210#0000000000000000
(1603070926.689892) can0 312#67B5000000000000
(1603070926.689893) can0 212#000007E4A7DC0000
(1603070926.709990) can0 308#0000000000000000
