(1603068170.760850) can0 212#000007E4A7DC0000
(1603068170.760851) can0 308#0000000000000000
(1603068170.760851) can0 212#000007E4A7DC0000
(1603068170.780866) can0 308#0000000000000000
(1603068170.780867) can0 210#0000008080000000
(1603068170.780867) can0 212#000007E467DC0000
(1603068170.801413) can0 308#0000004001000000
(1603068170.801414) can0 210#0000000000000000
(1603068170.801414) can0 212#000007E467DC0000
(1603068170.821928) can0 308#0000004001000000
(1603068170.821929) can0 210#0000000000000000
(1603068170.821929) can0 608#7240000000000000
(1603068170.842457) can0 212#000007E4A7DC0000
(1603068170.842458) can0 308#0000000000000000
(1603068170.842458) can0 6FA#0000000000000000
(1603068170.862929) can0 212#000007E4A7DC0000
(1603068170.862940) can0 308#0000000000000000
(1603068170.862940) can0 210#0000000000000000
(1603068170.883391) can0 312#67B5000000000000
(1603068170.883392) can0 212#000007E467DC0000
(1603068170.883392) can0 210#0000000000000000
(1603068170.903882) can0 312#67B5000000000000
(1603068170.903883) can0 212#000007E4A7DC0000
(1603068170.903883) can0 210#0000008080000000
(1603068170.924434) can0 312#B5B5000000000000
(1603068170.924434) can0 608#7240000000000000
(1603068170.924435) can0 415#00000000000000
(1603068170.944941) can0 210#0000008080000000
(1603068170.944942) can0 312#B5B5000000000000
(1603068170.944942) can0 210#0000000000000000
(1603068170.965397) can0 312#67B5000000000000
(1603068170.965398) can0 212#000007E467DC0000
(1603068170.965398) can0 210#0000000000000000
(1603068170.985907) can0 312#67B5000000000000
(1603068170.985908) can0 212#000007E4A7DC0000
(1603068170.985908) can0 210#0000008080000000
(1603068171.006424) can0 312#B5B5000000000000
(1603068171.006425) can0 212#000007E4A7DC0000
(1603068171.006425) can0 210#0000008080000000
(1603068171.026930) can0 312#B5B5000000000000
(1603068171.026930) can0 608#7240000000000000
(1603068171.026931) can0 415#00000000000000
(1603068171.047440) can0 210#0000000000000000
(1603068171.047441) can0 312#67B5000000000000
(1603068171.047441) can0 210#0000000000000000
(1603068171.067922) can0 312#67B5000000000000
(1603068171.067923) can0 210#0000008080000000
(1603068171.088405) can0 312#B5B5000000000000
(1603068171.088407) can0 212#000007E4A7DC0000
(1603068171.088407) can0 210#0000008080000000
(1603068171.109442) can0 312#B5B5000000000000
(1603068171.109443) can0 212#000007E467DC0000
(1603068171.109443) can0 210#0000000000000000
(1603068171.129444) can0 312#67B5000000000000
(1603068171.129445) can0 608#7240000000000000
(1603068171.129445) can0 415#00000000000000
(1603068171.149989) can0 210#0000000000000000
(1603068171.149989) can0 312#67B5000000000000
(1603068171.149990) can0 210#0000008080000000
(1603068171.170554) can0 312#B5B5000000000000
(1603068171.170555) can0 212#000007E4A7DC0000
(1603068171.170556) can0 210#0000008080000000
(1603068171.190972) can0 312#B5B5000000000000
(1603068171.190973) can0 212#000007E467DC0000
(1603068171.190973) can0 210#0000000000000000
(1603068171.211443) can0 312#67B5000000000000
(1603068171.211444) can0 212#000007E467DC0000
(1603068171.211444) can0 608#7240000000000000
(1603068171.231947) can0 212#000007E4A7DC0000
(1603068171.231948) can0 308#0000000000000000
(1603068171.231948) can0 6FA#0000000000000000
(1603068171.252446) can0 212#000007E4A7DC0000
(1603068171.252447) can0 308#0000000000000000
(1603068171.252447) can0 212#000007E467DC0000
(1603068171.273471) can0 308#0000004001000000
(1603068171.273472) can0 210#0000000000000000
(1603068171.273472) can0 212#000007E467DC0000
(1603068171.293459) can0 308#0000004001000000
(1603068171.293460) can0 210#0000000000000000
(1603068171.293460) can0 212#000007E4A7DC0000
(1603068171.314017) can0 308#0000000000000000
(1603068171.314018) can0 210#0000008080000000
(1603068171.314018) can0 608#7240000000000000
(1603068171.334498) can0 212#000007E4A7DC0000
(1603068171.334499) can0 308#0000000000000000
(1603068171.334499) can0 6FA#0000000000000000
(1603068171.355003) can0 212#000007E467DC0000
(1603068171.355003) can0 308#0000004001000000
(1603068171.355004) can0 212#000007E467DC0000
(1603068171.375523) can0 308#0000004001000000
(1603068171.375524) can0 210#0000000000000000
(1603068171.375524) can0 212#000007E4A7DC0000
(1603068171.396035) can0 308#0000000000000000
(1603068171.396036) can0 210#0000008080000000
(1603068171.396036) can0 212#000007E4A7DC0000
(1603068171.416482) can0 308#0000000000000000
(1603068171.416482) can0 210#0000008080000000
(1603068171.416482) can0 608#7240000000000000
(1603068171.436978) can0 212#000007E467DC0000
(1603068171.436978) can0 308#0000004001000000
(1603068171.436979) can0 6FA#0000000000000000
(1603068171.457517) can0 212#000007E467DC0000
(1603068171.457518) can0 308#0000004001000000
(1603068171.457519) can0 212#000007E4A7DC0000
(1603068171.478057) can0 308#0000000000000000
(1603068171.478059) can0 210#0000008080000000
(1603068171.478060) can0 212#000007E4A7DC0000
(1603068171.498531) can0 308#0000000000000000
(1603068171.498532) can0 210#0000008080000000
(1603068171.498532) can0 212#000007E467DC0000
(1603068171.519019) can0 308#0000004001000000
(1603068171.519020) can0 210#0000000000000000
(1603068171.519020) can0 212#000007E467DC0000
(1603068171.539532) can0 308#0000004001000000
(1603068171.539535) can0 415#00000000000000
(1603068171.539536) can0 212#000007E4A7DC0000
(1603068171.560029) can0 308#0000000000000000
(1603068171.560030) can0 210#0000008080000000
(1603068171.560031) can0 210#0000008080000000
(1603068171.580511) can0 312#B5B5000000000000
(1603068171.580512) can0 212#000007E467DC0000
(1603068171.580513) can0 210#0000000000000000
(1603068171.601034) can0 312#67B5000000000000
(1603068171.601035) can0 212#000007E467DC0000
(1603068171.601036) can0 210#0000000000000000
(1603068171.621533) can0 312#67B5000000000000
(1603068171.621537) can0 608#7240000000000000
(1603068171.621537) can0 415#00000000000000
(1603068171.642008) can0 210#0000008080000000
(1603068171.642009) can0 312#B5B5000000000000
(1603068171.642009) can0 210#0000008080000000
(1603068171.662582) can0 312#B5B5000000000000
(1603068171.662583) can0 212#000007E467DC0000
(1603068171.662584) can0 210#0000000000000000
(1603068171.682990) can0 312#67B5000000000000
(1603068171.682992) can0 212#000007E467DC0000
(1603068171.682992) can0 210#0000000000000000
(1603068171.703645) can0 312#67B5000000000000
(1603068171.703646) can0 212#000007E4A7DC0000
(1603068171.703647) can0 210#0000008080000000
(1603068171.724033) can0 312#B5B5000000000000
(1603068171.724039) can0 608#7240000000000000
(1603068171.724039) can0 415#00000000000000
(1603068171.744520) can0 210#0000008080000000
(1603068171.744521) can0 312#B5B5000000000000
(1603068171.744522) can0 210#0000000000000000
(1603068171.765048) can0 312#67B5000000000000
(1603068171.765048) can0 212#000007E467DC0000
(1603068171.765049) can0 210#0000000000000000
(1603068171.785580) can0 312#67B5000000000000
(1603068171.785581) can0 212#000007E4A7DC0000
(1603068171.785582) can0 210#0000008080000000
(1603068171.806109) can0 312#B5B5000000000000
(1603068171.806112) can0 212#000007E4A7DC0000
(1603068171.806112) can0 210#0000008080000000
(1603068171.826652) can0 312#B5B5000000000000
(1603068171.826653) can0 608#7240000000000000
(1603068171.826654) can0 210#0000000000000000
(1603068171.847069) can0 312#67B5000000000000
(1603068171.847070) can0 6FA#0000000000000000
(1603068171.847070) can0 212#000007E4A7DC0000
(1603068171.867534) can0 308#0000000000000000
(1603068171.867535) can0 210#0000008080000000
(1603068171.867535) can0 212#000007E4A7DC0000
(1603068171.888070) can0 308#0000000000000000
(1603068171.888071) can0 210#0000008080000000
(1603068171.888072) can0 212#000007E467DC0000
(1603068171.908555) can0 308#0000004001000000
(1603068171.908556) can0 210#0000000000000000
(1603068171.908556) can0 608#7240000000000000
(1603068171.929107) can0 212#000007E467DC0000
(1603068171.929108) can0 308#0000004001000000
(1603068171.929109) can0 6FA#0000000000000000
(1603068171.949679) can0 212#000007E4A7DC0000
(1603068171.949680) can0 308#0000000000000000
(1603068171.949680) can0 212#000007E4A7DC0000
(1603068171.970320) can0 308#0000000000000000
(1603068171.970321) can0 210#0000008080000000
(1603068171.970322) can0 212#000007E467DC0000
(1603068171.990550) can0 308#0000004001000000
(1603068171.990551) can0 210#0000000000000000
(1603068171.990551) can0 212#000007E467DC0000
(1603068172.011058) can0 308#0000004001000000
(1603068172.011059) can0 210#0000000000000000
(1603068172.011059) can0 608#7240000000000000
(1603068172.031609) can0 212#000007E4A7DC0000
(1603068172.031610) can0 308#0000000000000000
(1603068172.031611) can0 6FA#0000000000000000
(1603068172.052100) can0 212#000007E4A7DC0000
(1603068172.052101) can0 308#0000000000000000
(1603068172.052102) can0 212#000007E467DC0000
(1603068172.072689) can0 308#0000004001000000
(1603068172.072690) can0 210#0000000000000000
(1603068172.072690) can0 212#000007E467DC0000
(1603068172.093075) can0 308#0000004001000000
(1603068172.093076) can0 210#0000000000000000
(1603068172.093076) can0 212#000007E4A7DC0000
(1603068172.113577) can0 308#0000000000000000
(1603068172.113578) can0 210#0000008080000000
(1603068172.113578) can0 608#7240000000000000
(1603068172.134073) can0 212#000007E4A7DC0000
(1603068172.134073) can0 308#0000000000000000
(1603068172.134074) can0 212#000007E467DC0000
(1603068172.154581) can0 308#0000004001000000
(1603068172.154582) can0 210#0000000000000000
(1603068172.154582) can0 210#0000000000000000
(1603068172.175111) can0 312#67B5000000000000
(1603068172.175111) can0 212#000007E4A7DC0000
(1603068172.175112) can0 210#0000008080000000
(1603068172.195641) can0 312#B5B5000000000000
(1603068172.195642) can0 212#000007E4A7DC0000
(1603068172.195644) can0 210#0000008080000000
(1603068172.216112) can0 312#B5B5000000000000
(1603068172.216113) can0 608#7240000000000000
(1603068172.216118) can0 415#00000000000000
(1603068172.236639) can0 210#0000000000000000
(1603068172.236640) can0 312#67B5000000000000
(1603068172.236640) can0 210#0000000000000000
(1603068172.257169) can0 312#67B5000000000000
(1603068172.257170) can0 212#000007E4A7DC0000
(1603068172.257170) can0 210#0000008080000000
(1603068172.277633) can0 312#B5B5000000000000
(1603068172.277634) can0 212#000007E4A7DC0000
(1603068172.277634) can0 210#0000008080000000
(1603068172.298137) can0 312#B5B5000000000000
(1603068172.298137) can0 212#000007E467DC0000
(1603068172.298138) can0 210#0000000000000000
(1603068172.318694) can0 312#67B5000000000000
(1603068172.318694) can0 608#7240000000000000
(1603068172.318695) can0 415#00000000000000
(1603068172.339131) can0 210#0000000000000000
(1603068172.339132) can0 312#67B5000000000000
(1603068172.339132) can0 210#0000008080000000
(1603068172.359644) can0 312#B5B5000000000000
(1603068172.359644) can0 212#000007E4A7DC0000
(1603068172.359645) can0 210#0000008080000000
(1603068172.380195) can0 312#B5B5000000000000
(1603068172.380195) can0 212#000007E467DC0000
(1603068172.380206) can0 210#0000000000000000
(1603068172.400701) can0 312#67B5000000000000
(1603068172.400702) can0 212#000007E467DC0000
(1603068172.400702) can0 210#0000000000000000
(1603068172.421158) can0 312#67B5000000000000
(1603068172.421159) can0 608#7240000000000000
(1603068172.421159) can0 415#00000000000000
(1603068172.441673) can0 210#0000008080000000
(1603068172.441674) can0 312#B5B5000000000000
(1603068172.462156) can0 212#000007E467DC0000
(1603068172.462158) can0 308#0000004001000000
(1603068172.462158) can0 212#000007E467DC0000
(1603068172.482354) can0 308#0000004001000000
(1603068172.482355) can0 210#0000000000000000
(1603068172.482355) can0 212#000007E4A7DC0000
(1603068172.505784) can0 308#0000000000000000
(1603068172.505785) can0 210#0000008080000000
(1603068172.505785) can0 608#7240000000000000
(1603068172.524575) can0 212#000007E4A7DC0000
(1603068172.524576) can0 308#0000000000000000
(1603068172.524576) can0 6FA#0000000000000000
(1603068172.543881) can0 212#000007E467DC0000
(1603068172.543882) can0 308#0000004001000000
(1603068172.543882) can0 212#000007E467DC0000
(1603068172.564373) can0 308#0000004001000000
(1603068172.564374) can0 210#0000000000000000
(1603068172.564374) can0 212#000007E4A7DC0000
(1603068172.584568) can0 308#0000000000000000
(1603068172.584569) can0 210#0000008080000000
(1603068172.584569) can0 212#000007E4A7DC0000
(1603068172.605087) can0 308#0000000000000000
(1603068172.605088) can0 210#0000008080000000
(1603068172.605088) can0 608#7240000000000000
(1603068172.625568) can0 212#000007E467DC0000
(1603068172.625569) can0 308#0000004001000000
(1603068172.625569) can0 6FA#0000000000000000
(1603068172.646113) can0 212#000007E467DC0000
(1603068172.646113) can0 308#0000004001000000
(1603068172.646114) can0 212#000007E4A7DC0000
(1603068172.666546) can0 308#0000000000000000
(1603068172.666547) can0 210#0000008080000000
(1603068172.666548) can0 212#000007E4A7DC0000
(1603068172.687095) can0 308#0000000000000000
(1603068172.687096) can0 210#0000008080000000
(1603068172.687096) can0 212#000007E467DC0000
(1603068172.707543) can0 308#0000004001000000
(1603068172.707544) can0 210#0000000000000000
(1603068172.707544) can0 608#7240000000000000
(1603068172.728060) can0 212#000007E467DC0000
(1603068172.728067) can0 308#0000004001000000
(1603068172.728068) can0 6FA#0000000000000000
(1603068172.748562) can0 212#000007E4A7DC0000
(1603068172.748563) can0 308#0000000000000000
(1603068172.748564) can0 308#0000000000000000
(1603068172.769078) can0 210#0000008080000000
(1603068172.769078) can0 312#B5B5000000000000
(1603068172.769079) can0 210#0000000000000000
(1603068172.789593) can0 312#67B5000000000000
(1603068172.789594) can0 212#000007E467DC0000
(1603068172.789594) can0 210#0000000000000000
(1603068172.810104) can0 312#67B5000000000000
(1603068172.810104) can0 608#7240000000000000
(1603068172.810105) can0 415#00000000000000
(1603068172.830588) can0 210#0000008080000000
(1603068172.830589) can0 312#B5B5000000000000
(1603068172.830589) can0 210#0000008080000000
(1603068172.851182) can0 312#B5B5000000000000
(1603068172.851183) can0 212#000007E467DC0000
(1603068172.851183) can0 210#0000000000000000
(1603068172.871584) can0 312#67B5000000000000
(1603068172.871584) can0 212#000007E467DC0000
(1603068172.871585) can0 210#0000000000000000
(1603068172.892159) can0 312#67B5000000000000
(1603068172.892160) can0 212#000007E4A7DC0000
(1603068172.892160) can0 210#0000008080000000
(1603068172.912589) can0 312#B5B5000000000000
(1603068172.912590) can0 608#7240000000000000
(1603068172.912590) can0 415#00000000000000
(1603068172.933112) can0 210#0000008080000000
(1603068172.933113) can0 312#B5B5000000000000
(1603068172.933114) can0 210#0000000000000000
(1603068172.953646) can0 312#67B5000000000000
(1603068172.953649) can0 212#000007E467DC0000
(1603068172.953649) can0 210#0000000000000000
(1603068172.974144) can0 312#67B5000000000000
(1603068172.974145) can0 212#000007E4A7DC0000
(1603068172.974146) can0 210#0000008080000000
(1603068172.994654) can0 312#B5B5000000000000
(1603068172.994655) can0 212#000007E4A7DC0000
(1603068172.994656) can0 210#0000008080000000
(1603068173.015114) can0 312#B5B5000000000000
(1603068173.015114) can0 608#7240000000000000
(1603068173.015115) can0 415#00000000000000
(1603068173.035652) can0 210#0000000000000000
(1603068173.035653) can0 312#67B5000000000000
(1603068173.035653) can0 210#0000000000000000
(1603068173.056122) can0 312#67B5000000000000
(1603068173.056126) can0 212#000007E4A7DC0000
(1603068173.056126) can0 312#B5B5000000000000
(1603068173.076614) can0 212#000007E4A7DC0000
(1603068173.076615) can0 308#0000000000000000
(1603068173.076615) can0 312#B5B5000000000000
(1603068173.097139) can0 212#000007E467DC0000
(1603068173.097139) can0 308#0000004001000000
(1603068173.097140) can0 608#7240000000000000
(1603068173.117688) can0 212#000007E467DC0000
(1603068173.117689) can0 308#0000004001000000
(1603068173.117690) can0 6FA#0000000000000000
(1603068173.138202) can0 212#000007E4A7DC0000
(1603068173.138203) can0 308#0000000000000000
(1603068173.138204) can0 212#000007E4A7DC0000
(1603068173.158635) can0 308#0000000000000000
(1603068173.158636) can0 210#0000008080000000
(1603068173.158636) can0 212#000007E467DC0000
(1603068173.179139) can0 308#0000004001000000
(1603068173.179140) can0 210#0000000000000000
(1603068173.179140) can0 212#000007E467DC0000
(1603068173.199835) can0 308#0000004001000000
(1603068173.199836) can0 210#0000000000000000
(1603068173.199837) can0 608#7240000000000000
(1603068173.220924) can0 212#000007E4A7DC0000
(1603068173.220925) can0 308#0000000000000000
(1603068173.220932) can0 6FA#0000000000000000
(1603068173.240670) can0 212#000007E4A7DC0000
(1603068173.240671) can0 308#0000000000000000
(1603068173.240671) can0 212#000007E467DC0000
(1603068173.261282) can0 308#0000004001000000
(1603068173.261283) can0 210#0000000000000000
(1603068173.261284) can0 212#000007E467DC0000
(1603068173.281712) can0 308#0000004001000000
(1603068173.281713) can0 210#0000000000000000
(1603068173.281713) can0 212#000007E4A7DC0000
(1603068173.302273) can0 308#0000000000000000
(1603068173.302274) can0 210#0000008080000000
(1603068173.302275) can0 608#7240000000000000
(1603068173.322791) can0 212#000007E4A7DC0000
(1603068173.322792) can0 308#0000000000000000
(1603068173.322793) can0 6FA#0000000000000000
(1603068173.343221) can0 212#000007E467DC0000
(1603068173.343222) can0 308#0000004001000000
(1603068173.343223) can0 212#000007E467DC0000
(1603068173.363642) can0 308#0000004001000000
(1603068173.363643) can0 210#0000000000000000
(1603068173.363643) can0 308#0000000000000000
(1603068173.384180) can0 210#0000008080000000
(1603068173.384181) can0 312#B5B5000000000000
(1603068173.384181) can0 210#0000008080000000
(1603068173.404654) can0 312#B5B5000000000000
(1603068173.404655) can0 608#7240000000000000
(1603068173.404655) can0 415#00000000000000
(1603068173.425256) can0 210#0000000000000000
(1603068173.425257) can0 312#67B5000000000000
(1603068173.425257) can0 210#0000000000000000
(1603068173.445676) can0 312#67B5000000000000
(1603068173.445677) can0 212#000007E4A7DC0000
(1603068173.445678) can0 210#0000008080000000
(1603068173.466246) can0 312#B5B5000000000000
(1603068173.466248) can0 212#000007E4A7DC0000
(1603068173.466248) can0 210#0000008080000000
(1603068173.486700) can0 312#B5B5000000000000
(1603068173.486701) can0 212#000007E467DC0000
(1603068173.486701) can0 210#0000000000000000
(1603068173.507223) can0 312#67B5000000000000
(1603068173.507223) can0 608#7240000000000000
(1603068173.507224) can0 415#00000000000000
(1603068173.527684) can0 210#0000000000000000
(1603068173.527684) can0 312#67B5000000000000
(1603068173.527685) can0 210#0000008080000000
(1603068173.548192) can0 312#B5B5000000000000
(1603068173.548193) can0 212#000007E4A7DC0000
(1603068173.548193) can0 210#0000008080000000
(1603068173.568689) can0 312#B5B5000000000000
(1603068173.568690) can0 212#000007E467DC0000
(1603068173.568690) can0 210#0000000000000000
(1603068173.589186) can0 312#67B5000000000000
(1603068173.589186) can0 212#000007E467DC0000
(1603068173.589187) can0 210#0000000000000000
(1603068173.609698) can0 312#67B5000000000000
(1603068173.609699) can0 608#7240000000000000
(1603068173.609700) can0 415#00000000000000
(1603068173.630229) can0 210#0000008080000000
(1603068173.630230) can0 312#B5B5000000000000
(1603068173.630230) can0 210#0000008080000000
(1603068173.650753) can0 312#B5B5000000000000
(1603068173.650754) can0 212#000007E467DC0000
(1603068173.650754) can0 210#0000000000000000
(1603068173.671240) can0 312#67B5000000000000
(1603068173.671241) can0 212#000007E467DC0000
(1603068173.671242) can0 210#0000000000000000
