(1590956277.791115) can0 248#0008000000004000
(1590956277.795968) can0 318#00FF0107FFFF0000
(1590956277.812567) can0 315#44000000007C00
(1590956277.833009) can0 408#0000910000000000
(1590956277.853685) can0 325#000DE064000100
(1590956277.853686) can0 412#FF00FF008E00
(1590956277.853688) can0 248#0008000800004000
(1590956277.874078) can0 5FE#00000000000007EA
(1590956277.874080) can0 315#48000000007C00
(1590956277.874081) can0 325#000DE064000100
(1590956277.894486) can0 6FB#1107040023224000
(1590956277.894489) can0 412#FF00FF008E00
(1590956277.894490) can0 248#0008000800004000
(1590956277.915103) can0 6FD#0193004012266900
(1590956277.915105) can0 315#0C000000007C00
(1590956277.915107) can0 325#000DE064000100
(1590956277.935531) can0 6FF#2181024000000000
(1590956277.935533) can0 412#FF00FF008E00
(1590956277.935534) can0 248#0008000800004000
(1590956277.956218) can0 315#50000000007C00
(1590956277.956220) can0 312#5FFF075709AF0757
(1590956277.956221) can0 325#000DE064000100
(1590956277.976709) can0 412#FF00FF008E00
(1590956277.976711) can0 210#0000008080000000
(1590956277.976712) can0 255#3FFF3FFF1F40FFFF
(1590956277.997149) can0 308#00000046011FFF00
(1590956277.997151) can0 309#1FFFFFFF0FFF00
(1590956277.997152) can0 312#6757075709AF0757
(1590956278.017741) can0 380#0001
(1590956278.017743) can0 248#0008000800004000
(1590956278.017744) can0 359#30FFFF80
(1590956278.038386) can0 315#14000000007C00
(1590956278.038388) can0 236#10A13FFF00000088
(1590956278.038389) can0 212#043E0757E7CC3FFF
(1590956278.058615) can0 308#00000006001FFF00
(1590956278.058617) can0 309#1FFFFFFF0FFF00
(1590956278.058619) can0 312#0757075709AF0757
(1590956278.079232) can0 356#3FFF3FFF069800
(1590956278.079234) can0 7BC#0000000000000000
(1590956278.079235) can0 325#000DE064000100
(1590956278.099691) can0 412#FF00FF008E00
(1590956278.099693) can0 236#10A13FFF10000090
(1590956278.099694) can0 210#0000008080000000
(1590956278.120317) can0 255#3FFF3FFF1F40FFFF
(1590956278.120319) can0 308#00000006001FFF00
(1590956278.120320) can0 309#1FFFFFFF0FFF00
(1590956278.140539) can0 312#0757075709AF0757
(1590956278.140541) can0 380#0001
(1590956278.140543) can0 6FE#FFEFE7E700000000
(1590956278.161001) can0 248#0008000800004000
(1590956278.161002) can0 359#30FFFF80
(1590956278.161004) can0 318#00FF01054EFF0000
(1590956278.181573) can0 236#10A13FFF200000B8
(1590956278.181575) can0 315#18000000007C00
(1590956278.181576) can0 212#043E075727CC3FFF
(1590956278.202100) can0 308#00000046011FFF00
(1590956278.202102) can0 309#1FFFFFFF0FFF00
(1590956278.202104) can0 312#6757075709AF0757
(1590956278.222651) can0 356#3FFF3FFF069800
(1590956278.222653) can0 6FA#004A413341573836
(1590956278.222654) can0 7BC#01BE3FB013000000
(1590956278.242981) can0 408#0000910000000000
(1590956278.242983) can0 325#080DE064000100
(1590956278.242985) can0 412#FF00FF008E00
(1590956278.263752) can0 236#10A13FFF300000A0
(1590956278.263754) can0 210#0000000000000000
(1590956278.263756) can0 255#3FFF3FFF1F40FFFF
(1590956278.284055) can0 308#00000046011FFF00
(1590956278.284057) can0 309#1FFFFFFF0FFF00
(1590956278.304734) can0 312#6757075709AF0757
(1590956278.304736) can0 380#0001
(1590956278.304737) can0 608#5B51000000000000
(1590956278.325443) can0 248#0008000800004000
(1590956278.325446) can0 300#009B1FFF1FFFFFFF
(1590956278.325447) can0 328#0000FF00D980FFFF
(1590956278.345564) can0 330#FCFCFCFFFFFF3FFF
(1590956278.345566) can0 359#30FFFF80
(1590956278.345567) can0 236#10A13FFF400000E8
(1590956278.366085) can0 315#5C000000007C00
(1590956278.366086) can0 212#043E075727CC3FFF
(1590956278.366088) can0 308#00000006001FFF00
(1590956278.386562) can0 309#1FFFFFFF0FFF00
(1590956278.386564) can0 312#0757075709AF0757
(1590956278.386580) can0 356#3FFF3FFF069800
(1590956278.407211) can0 4A0#27D933197F0E0040
(1590956278.407214) can0 7BC#0200076565000004
(1590956278.407215) can0 325#080DE064000100
(1590956278.427743) can0 200#1E03C000C000C000
(1590956278.427745) can0 208#00206FFFC000C000
(1590956278.427746) can0 215#00000000000000
(1590956278.448187) can0 412#FF00FF008E00
(1590956278.448189) can0 236#10A13FFF500000F0
(1590956278.448190) can0 210#0000000000000000
(1590956278.468574) can0 255#3FFF3FFF1F40FFFF
(1590956278.468576) can0 308#00000006001FFF00
(1590956278.468578) can0 309#1FFFFFFF0FFF00
(1590956278.489075) can0 312#0757075709AF0757
(1590956278.489077) can0 380#0001
(1590956278.489079) can0 415#000000000000CB
(1590956278.509474) can0 248#0008000800004000
(1590956278.509476) can0 300#001B1FFF9FFFFFFF
(1590956278.509477) can0 328#0000FF00D880FFFF
(1590956278.529973) can0 330#FCFCFCFFFFFF3FFF
(1590956278.529975) can0 359#31000080
(1590956278.529976) can0 236#10A13FFF600000D8
(1590956278.550450) can0 315#60000000007C00
(1590956278.550451) can0 101#01
(1590956278.550452) can0 212#043E0757E7CC3FFF
(1590956278.571039) can0 308#00000046011FFF00
(1590956278.571040) can0 309#1FFFFFFF0FFF00
(1590956278.571041) can0 312#6757075709AF0757
(1590956278.591584) can0 356#3FFF3FFF069800
(1590956278.591586) can0 7BC#0300005B80008000
(1590956278.591586) can0 325#080DE064000100
(1590956278.612195) can0 200#1E03C000C000C000
(1590956278.612196) can0 208#00206FFFC000C000
(1590956278.612197) can0 215#00000000000003
(1590956278.632717) can0 412#FF004E008E00
(1590956278.632719) can0 236#10A13FFF700000C0
(1590956278.632719) can0 210#0000008080000000
(1590956278.653086) can0 255#3FFF3FFF1F40FFFF
(1590956278.653088) can0 308#00000046011FFF00
(1590956278.653090) can0 309#1FFFFFFF0FFF00
(1590956278.673798) can0 312#6757075709AF0757
(1590956278.673800) can0 380#0001
(1590956278.673801) can0 248#0008000800004000
(1590956278.694388) can0 300#001B1FFF9FFFFFFF
(1590956278.694390) can0 328#0000FF00D880FFFF
(1590956278.694391) can0 330#FCFCFCFFFFFF3FFF
(1590956278.714749) can0 359#01000080
(1590956278.714751) can0 315#24000000007C00
(1590956278.714753) can0 236#10A13FFF80000048
(1590956278.735111) can0 212#043E0757E7CC3FFF
(1590956278.735113) can0 308#00000006001FFF00
(1590956278.735115) can0 309#1FFFFFFF0FFF00
(1590956278.755619) can0 312#0757075709AF0757
(1590956278.755622) can0 356#3FFF3FFF069800
(1590956278.755623) can0 7BC#0400000000006500
(1590956278.779425) can0 325#080DE064000100
(1590956278.779427) can0 200#1E03C000C000C000
(1590956278.779429) can0 208#00206FFFC000C000
(1590956278.796608) can0 215#00000000000003
(1590956278.796610) can0 236#10A13FFF90000050
(1590956278.796612) can0 412#FF004E008E00
(1590956278.817396) can0 210#0000008080000000
(1590956278.817398) can0 255#3FFF3FFF1F40FFFF
(1590956278.817399) can0 308#00000006001FFF00
(1590956278.837615) can0 309#1FFFFFFF0FFF00
(1590956278.837617) can0 312#0757075709AF0757
(1590956278.837742) can0 380#0001
(1590956278.858311) can0 248#0008000800004000
(1590956278.858313) can0 300#009B1FFF1FFFFFFF
(1590956278.858315) can0 328#0000FF00D880FFFF
(1590956278.878733) can0 330#FCFCFCFFFFFF3FFF
(1590956278.878736) can0 359#01000082
(1590956278.878737) can0 315#28000000007C00
(1590956278.899148) can0 236#10A11000A0000063
(1590956278.899150) can0 212#043E075727CC3FFF
(1590956278.899151) can0 308#00000046011FFF00
(1590956278.919635) can0 309#1FFFFFFF0FFF00
(1590956278.919638) can0 312#6757075709AF0757
(1590956278.919639) can0 356#3FFF3FFF069800
(1590956278.940355) can0 7BC#050000FA5100002B
(1590956278.940357) can0 325#080DE064000100
(1590956278.940359) can0 200#1E03C000C000C000
(1590956278.960636) can0 208#00206000C000C000
(1590956278.960638) can0 215#00000000000000
(1590956278.960639) can0 412#FF004E008E00
(1590956278.981343) can0 236#10A11000B000007B
(1590956278.981345) can0 210#0000000000000000
(1590956278.981346) can0 255#3FFF3FFF1F40FFFF
(1590956279.001932) can0 308#00000046011FFF00
(1590956279.001934) can0 309#1FFFFFFF0FFF00
(1590956279.001936) can0 312#6757075709AF0757
(1590956279.022160) can0 380#0001
(1590956279.022162) can0 6FE#FFEFE7E700000000
(1590956279.022163) can0 248#0008000800004000
(1590956279.042874) can0 300#009B1FFF1FFFFFFF
(1590956279.042876) can0 328#0000FF00D880FFFF
(1590956279.042878) can0 330#FCFCFCFFFFFF3FFF
(1590956279.063322) can0 359#31000082
(1590956279.063323) can0 318#00FF01054E500000
(1590956279.063325) can0 236#10A11000C0000033
(1590956279.083639) can0 315#6C000000007C00
(1590956279.083641) can0 212#043E075727CC3FFF
(1590956279.083642) can0 308#00000006001FFF00
(1590956279.104254) can0 309#1FFFFFFF0FFF00
(1590956279.104256) can0 312#0757075709AF0757
(1590956279.104257) can0 356#3FFF3FFF069800
(1590956279.124766) can0 6FA#0156393855303438
(1590956279.124768) can0 7BC#0600010080000000
(1590956279.124769) can0 408#0000910000000000
(1590956279.145162) can0 325#080DE064000100
(1590956279.145164) can0 200#1E03C000C000C000
(1590956279.145166) can0 208#00206000C000C000
(1590956279.165619) can0 215#00000000000000
(1590956279.165621) can0 412#FF004E008E00
(1590956279.165623) can0 236#10A11000D000002B
(1590956279.186065) can0 210#0000000000000000
(1590956279.186067) can0 255#3FFF3FFF1F40FFFF
(1590956279.186068) can0 308#00000006001FFF00
(1590956279.206571) can0 309#1FFFFFFF0FFF00
(1590956279.206573) can0 312#0757075709AF0757
(1590956279.206574) can0 380#0001
(1590956279.227022) can0 608#5B51000000000000
(1590956279.227023) can0 248#0008000800004000
(1590956279.227023) can0 300#001B1FFF9FFFFFFF
(1590956279.247508) can0 328#0000FF00D880FFFF
(1590956279.247509) can0 330#FCFCFCFFFFFF3FFF
(1590956279.247509) can0 359#31000082
(1590956279.268071) can0 236#10A11000E0000003
(1590956279.268072) can0 315#30000000007C00
(1590956279.268073) can0 212#043E0757E7CC3FFF
(1590956279.288584) can0 308#00000046011FFF00
(1590956279.288584) can0 309#1FFFFFFF0FFF00
(1590956279.288585) can0 312#6757075709AF0757
(1590956279.309373) can0 356#3FFF3FFF069800
(1590956279.309375) can0 4A0#26DB33197D0C0040
(1590956279.309377) can0 7BC#0700000000000000
(1590956279.329717) can0 325#080DE064000100
(1590956279.329719) can0 200#1E03C000C000C000
(1590956279.329721) can0 208#00206000C000C000
(1590956279.350477) can0 215#00000000000003
(1590956279.350479) can0 412#FF004E008E00
(1590956279.350480) can0 236#10A11000F000001B
(1590956279.370700) can0 210#0000008080000000
(1590956279.370702) can0 255#3FFF3FFF1F40FFFF
(1590956279.370704) can0 308#00000046011FFF00
(1590956279.391211) can0 309#1FFFFFFF0FFF00
(1590956279.391224) can0 312#6757075709AF0757
(1590956279.391225) can0 380#0001
(1590956279.411989) can0 415#000000000000CB
(1590956279.411991) can0 248#0008000800004000
(1590956279.411992) can0 300#001B1FFF9FFFFFFF
(1590956279.432491) can0 328#0000FF00D880FFFF
(1590956279.432493) can0 330#FCFCFCFFFFFF3FFF
(1590956279.432494) can0 325#080DE064000100
(1590956279.452817) can0 200#1E03C000C000C000
(1590956279.452818) can0 208#00206000C000C000
(1590956279.452820) can0 325#080DE064000100
(1590956279.473376) can0 200#1E03C000C000C000
(1590956279.473378) can0 208#00206000C000C000
(1590956279.473379) can0 325#080DE064000100
(1590956279.493995) can0 200#1E03C000C000C000
(1590956279.493997) can0 208#00206000C000C000
(1590956279.493999) can0 408#0000910000000000
(1590956279.514217) can0 325#080DE064000100
(1590956279.514219) can0 200#1E03C000C000C000
(1590956279.514220) can0 325#080DE064000100
(1590956279.534720) can0 200#1E03C000C000C000
(1590956279.534722) can0 208#00206000C000C000
(1590956279.534723) can0 200#1E03C000C000C000
(1590956279.555232) can0 208#00206000C000C000
(1590956279.555235) can0 215#00000000000000
(1590956279.555236) can0 200#1E03C000C000C000
(1590956279.575864) can0 208#00206000C000C000
(1590956279.575867) can0 215#00000000000000
(1590956279.575868) can0 200#1E03C000C000C000
(1590956279.596221) can0 208#00206000C000C000
(1590956279.596223) can0 215#00000000000003
(1590956279.596225) can0 200#1E03C000C000C000
(1590956279.617025) can0 208#00206000C000C000
(1590956279.617027) can0 215#00000000000003
(1590956279.617029) can0 200#1E03C000C000C000
(1590956279.637540) can0 208#00206000C000C000
(1590956279.637542) can0 215#00000000000000
(1590956279.637543) can0 208#00206000C000C000
(1590956279.657729) can0 215#00000000000000
(1590956279.657731) can0 210#0000008080000000
(1590956279.678380) can0 236#10A11000700000DB
(1590956279.678382) can0 255#3FFF3FFF1F40FFFF
(1590956279.678383) can0 412#FF004E008E00
(1590956279.698892) can0 210#0000008080000000
(1590956279.698902) can0 236#10A110009000004B
(1590956279.698903) can0 210#0000000000000000
(1590956279.719278) can0 236#10A11000B000007B
(1590956279.719280) can0 255#3FFF3FFF1F40FFFF
(1590956279.719282) can0 210#0000000000000000
(1590956279.740039) can0 236#10A11000D000002B
(1590956279.740042) can0 255#3FFF3FFF1F40FFFF
(1590956279.740043) can0 236#10A11000F000001B
(1590956279.760455) can0 255#3FFF3FFF1F40FFFF
(1590956279.760457) can0 412#FF004E008E00
(1590956279.760458) can0 308#00000006001FFF00
(1590956279.783493) can0 309#1FFFFFFF0FFF00
(1590956279.783495) can0 312#0757075709AB0757
(1590956279.783497) can0 309#1FFFFFFF0FFF00
(1590956279.801253) can0 312#6757075709AB0757
(1590956279.801255) can0 380#0001
(1590956279.801257) can0 312#0757075709AB0757
(1590956279.821809) can0 380#0001
(1590956279.821811) can0 608#5B51000000000000
(1590956279.821812) can0 248#0008000800004000
(1590956279.842255) can0 359#01000082
(1590956279.842257) can0 300#001B1FFF9FFFFFFF
(1590956279.842258) can0 248#0008000800004000
(1590956279.862969) can0 359#01000082
(1590956279.862971) can0 300#009B1FFF1FFFFFFF
(1590956279.862972) can0 248#0008000800004000
(1590956279.883558) can0 359#31000082
(1590956279.883560) can0 300#009B1FFF1FFFFFFF
(1590956279.883561) can0 248#0008000800004000
(1590956279.903748) can0 359#31000082
(1590956279.903750) can0 300#001B1FFF9FFFFFFF
(1590956279.903752) can0 248#0008000800004000
(1590956279.924290) can0 359#01000082
(1590956279.924292) can0 300#001B1FFF9FFFFFFF
(1590956279.924293) can0 248#0008000800004000
(1590956279.944938) can0 359#01000082
(1590956279.944940) can0 300#009B1FFF1FFFFFFF
(1590956279.944941) can0 248#0008000800004000
(1590956279.965258) can0 359#31000082
(1590956279.965260) can0 300#009B1FFF1FFFFFFF
(1590956279.965261) can0 359#31000082
(1590956279.985997) can0 300#001B1FFF9FFFFFFF
(1590956279.985999) can0 328#0000FF00D880FFFF
(1590956279.986000) can0 359#01000082
(1590956280.006316) can0 300#001B1FFF9FFFFFFF
(1590956280.006318) can0 328#0000FF00D880FFFF
(1590956280.006320) can0 359#01000082
(1590956280.026836) can0 300#009B1FFF1FFFFFFF
(1590956280.026838) can0 328#0000FF00D880FFFF
(1590956280.026840) can0 300#009B1FFF1FFFFFFF
(1590956280.047338) can0 328#0000FF00D880FFFF
(1590956280.047340) can0 330#FCFCFCFFFFFF3FFF
(1590956280.047341) can0 328#0000FF00D880FFFF
(1590956280.067961) can0 330#FCFCFCFFFFFF3FFF
(1590956280.067963) can0 212#043E0757E7CC3FFF
(1590956280.067965) can0 212#043E0757E7CC3FFF
(1590956280.088325) can0 308#00000006001FFF00
(1590956280.088327) can0 309#1FFFFFFF0FFF00
(1590956280.088329) can0 212#043E075727CC3FFF
(1590956280.109062) can0 308#00000046011FFF00
(1590956280.109064) can0 309#1FFFFFFF0FFF00
(1590956280.109065) can0 212#043E075727CC3FFF
(1590956280.129584) can0 308#00000006001FFF00
(1590956280.129586) can0 309#1FFFFFFF0FFF00
(1590956280.129587) can0 308#00000046011FFF00
(1590956280.149798) can0 309#1FFFFFFF0FFF00
(1590956280.149800) can0 236#10A11000600000C3
(1590956280.149801) can0 236#10A1100080000053
(1590956280.170292) can0 315#44000000007C00
(1590956280.170294) can0 356#3FFF3FFF069800
(1590956280.170295) can0 356#3FFF3FFF069800
(1590956280.191000) can0 7BC#2D00000000000000
(1590956280.191002) can0 325#080DE064000100
(1590956280.191003) can0 7BC#2E00000000000000
(1590956280.211412) can0 408#0000910000000000
(1590956280.211415) can0 325#080DE064000100
(1590956280.211417) can0 325#080DE064000100
(1590956280.231953) can0 200#1E03C000C000C000
(1590956280.231955) can0 208#00206000C000C000
(1590956280.231956) can0 325#080DE064000100
(1590956280.252700) can0 200#1E03C000C000C000
(1590956280.252702) can0 208#00206000C000C000
(1590956280.252703) can0 325#080DE064000100
(1590956280.272793) can0 200#1E03C000C000C000
(1590956280.272796) can0 208#00206000C000C000
(1590956280.272797) can0 325#080DE064000100
(1590956280.293316) can0 200#1E03C000C000C000
(1590956280.293318) can0 208#00206000C000C000
(1590956280.293319) can0 408#0000910000000000
(1590956280.313993) can0 325#080DE064000100
(1590956280.313995) can0 200#1E03C000C000C000
(1590956280.313997) can0 325#080DE064000100
(1590956280.334455) can0 200#1E03C000C000C000
(1590956280.334457) can0 208#00206000C000C000
(1590956280.334459) can0 325#080DE064000100
(1590956280.354811) can0 200#1E03C000C000C000
(1590956280.354814) can0 208#00206000C000C000
(1590956280.354815) can0 200#1E03C000C000C000
(1590956280.375443) can0 208#00206000C000C000
(1590956280.375445) can0 215#00000000000000
(1590956280.375447) can0 200#1E03C000C000C000
(1590956280.395868) can0 208#00206000C000C000
(1590956280.395885) can0 215#00000000000003
(1590956280.395887) can0 200#1E03C000C000C000
(1590956280.416396) can0 208#00206000C000C000
(1590956280.416399) can0 215#00000000000003
(1590956280.416400) can0 200#1E03C000C000C000
(1590956280.436995) can0 208#00206000C000C000
(1590956280.436998) can0 215#00000000000000
(1590956280.436999) can0 208#00206000C000C000
(1590956280.457241) can0 215#00000000000000
(1590956280.457243) can0 210#0000000000000000
(1590956280.457244) can0 210#0000008080000000
(1590956280.477697) can0 255#3FFF3FFF1F40FFFF
(1590956280.477698) can0 308#00000046011FFF00
(1590956280.477699) can0 210#0000008080000000
(1590956280.498170) can0 255#3FFF3FFF1F40FFFF
(1590956280.498171) can0 308#00000006001FFF00
(1590956280.498172) can0 255#3FFF3FFF1F40FFFF
(1590956280.518747) can0 308#00000046011FFF00
(1590956280.518748) can0 309#1FFFFFFF0FFF00
(1590956280.518748) can0 309#1FFFFFFF0FFF00
(1590956280.539258) can0 412#2F004E008E00
(1590956280.539259) can0 236#10A11000D000002B
(1590956280.539259) can0 412#2F004E008E00
(1590956280.560183) can0 236#10A11000F000001B
(1590956280.560185) can0 312#6757075709AB0757
(1590956280.560186) can0 312#0757075709AB0757
(1590956280.580342) can0 412#2F004E008E00
(1590956280.580344) can0 380#0001
(1590956280.580345) can0 6FE#FFEFE7E700000000
(1590956280.600914) can0 248#0008000800004000
(1590956280.600916) can0 359#31000082
(1590956280.600918) can0 248#0008000800004000
(1590956280.621378) can0 359#31000082
(1590956280.621380) can0 300#001B1FFF9FFFFFFF
(1590956280.621382) can0 248#0008000800004000
(1590956280.642042) can0 359#01000082
(1590956280.642044) can0 300#001B1FFF9FFFFFFF
(1590956280.642045) can0 248#0008000800004000
(1590956280.662349) can0 359#01000082
(1590956280.662352) can0 300#009B1FFF1FFFFFFF
(1590956280.662353) can0 248#0008000800004000
(1590956280.682758) can0 359#31000082
(1590956280.682760) can0 300#009B1FFF1FFFFFFF
(1590956280.682761) can0 248#0008000800004000
(1590956280.703425) can0 359#31000082
(1590956280.703426) can0 300#001B1FFF9FFFFFFF
(1590956280.703427) can0 248#0008000800004000
(1590956280.723802) can0 359#01000082
(1590956280.723803) can0 300#001B1FFF9FFFFFFF
(1590956280.723804) can0 248#0008000800004000
(1590956280.744495) can0 359#01000082
(1590956280.744498) can0 300#009B1FFF1FFFFFFF
(1590956280.744499) can0 248#0008000800004000
(1590956280.764956) can0 359#31000082
(1590956280.764958) can0 300#009B1FFF1FFFFFFF
(1590956280.764959) can0 359#31000082
(1590956280.785400) can0 300#001B1FFF9FFFFFFF
(1590956280.785402) can0 328#0000FF00D880FFFF
(1590956280.785404) can0 359#01000082
(1590956280.805921) can0 300#001B1FFF9FFFFFFF
(1590956280.805924) can0 328#0000FF00D880FFFF
(1590956280.805925) can0 300#009B1FFF1FFFFFFF
(1590956280.826530) can0 328#0000FF00D880FFFF
(1590956280.826532) can0 330#FCFCFCFFFFFF3FFF
(1590956280.826533) can0 300#009B1FFF1FFFFFFF
(1590956280.846909) can0 328#0000FF00D880FFFF
(1590956280.846911) can0 330#FCFCFCFFFFFF3FFF
(1590956280.846912) can0 300#001B1FFF9FFFFFFF
(1590956280.867671) can0 328#0000FF00D880FFFF
(1590956280.867673) can0 330#FCFCFCFFFFFF3FFF
(1590956280.867674) can0 330#FCFCFCFFFFFF3FFF
(1590956280.888173) can0 212#043E0757E7CC3FFF
(1590956280.888175) can0 308#00000006001FFF00
(1590956280.888187) can0 308#00000046011FFF00
(1590956280.908415) can0 309#1FFFFFFF0FFF00
(1590956280.908417) can0 312#6757075709AB0757
(1590956280.908419) can0 312#0757075709AB0757
(1590956280.928946) can0 356#3FFF3FFF069800
(1590956280.928948) can0 4A0#26DB33197D0C0040
(1590956280.928949) can0 312#6757075709AB0757
(1590956280.949563) can0 356#3FFF3FFF069800
(1590956280.949564) can0 7BC#1200000000000000
(1590956280.949566) can0 315#24000000007C00
(1590956280.969929) can0 236#10A1100080000053
(1590956280.969932) can0 325#080DE064000100
(1590956280.969933) can0 325#080DE064000100
(1590956280.990435) can0 200#1E03C000C000C000
(1590956280.990437) can0 208#00206000C000C000
(1590956280.990438) can0 408#0000910000000000
(1590956281.010823) can0 325#080DE064000100
(1590956281.010825) can0 200#1E03C000C000C000
(1590956281.010826) can0 325#080DE064000100
(1590956281.031322) can0 210#0000008080000000
(1590956281.031323) can0 325#080DE064000100
(1590956281.051761) can0 210#0000008080000000
(1590956281.051762) can0 255#3FFF3FFF1F40FFFF
(1590956281.051762) can0 325#080DE064000100
(1590956281.072367) can0 210#0000000000000000
(1590956281.072368) can0 255#3FFF3FFF1F40FFFF
(1590956281.072369) can0 325#080DE064000100
(1590956281.092892) can0 210#0000000000000000
(1590956281.092893) can0 255#3FFF3FFF1F40FFFF
(1590956281.092894) can0 408#0000910000000000
(1590956281.113333) can0 325#080DE064000100
(1590956281.113335) can0 210#0000008080000000
(1590956281.113336) can0 325#080DE064000100
(1590956281.134121) can0 210#0000008080000000
(1590956281.134123) can0 255#3FFF3FFF1F40FFFF
(1590956281.134125) can0 325#080DE064000100
(1590956281.154585) can0 210#0000000000000000
(1590956281.154587) can0 255#3FFF3FFF1F40FFFF
(1590956281.154588) can0 325#080DE064000100
(1590956281.175197) can0 210#0000000000000000
(1590956281.175199) can0 255#3FFF3FFF1F40FFFF
(1590956281.175200) can0 210#0000008080000000
(1590956281.195552) can0 255#3FFF3FFF1F40FFFF
(1590956281.195554) can0 308#00000046011FFF00
(1590956281.195555) can0 210#0000008080000000
(1590956281.215994) can0 255#3FFF3FFF1F40FFFF
(1590956281.215996) can0 308#00000006001FFF00
(1590956281.215998) can0 210#0000000000000000
(1590956281.236511) can0 255#3FFF3FFF1F40FFFF
(1590956281.236512) can0 308#00000046011FFF00
(1590956281.236513) can0 210#0000000000000000
(1590956281.257231) can0 255#3FFF3FFF1F40FFFF
(1590956281.257233) can0 308#00000006001FFF00
(1590956281.257235) can0 210#0000008080000000
(1590956281.277493) can0 255#3FFF3FFF1F40FFFF
(1590956281.277495) can0 308#00000046011FFF00
(1590956281.277497) can0 308#00000006001FFF00
(1590956281.297955) can0 200#1E03C000C000C000
(1590956281.297958) can0 208#00206000C000C000
(1590956281.297959) can0 200#1E03C000C000C000
(1590956281.318513) can0 208#00206000C000C000
(1590956281.318515) can0 215#00000000000000
(1590956281.318517) can0 215#00000000000000
(1590956281.339000) can0 312#0757075709AB0757
(1590956281.339003) can0 380#0001
(1590956281.339004) can0 6FF#2181024000000000
(1590956281.359487) can0 236#10A11000F000001B
(1590956281.359489) can0 412#2F004E008E00
(1590956281.359490) can0 236#10A110001000008B
(1590956281.380035) can0 412#2F004E008E00
(1590956281.380037) can0 359#01000082
(1590956281.380039) can0 359#31000082
(1590956281.400512) can0 248#0008000800004000
(1590956281.400528) can0 212#043E075727CC3FFF
(1590956281.400529) can0 359#31000082
(1590956281.421133) can0 248#0008000800004000
(1590956281.421135) can0 212#043E0757E7CC3FFF
(1590956281.421136) can0 359#01000082
(1590956281.441601) can0 248#0008000800004000
(1590956281.441603) can0 101#04
(1590956281.441604) can0 359#01000082
(1590956281.462162) can0 248#0008000800004000
(1590956281.462164) can0 212#043E075727CC3FFF
(1590956281.462166) can0 359#31000082
(1590956281.482678) can0 248#0008000800004000
(1590956281.482681) can0 212#043E075727CC3FFF
(1590956281.482682) can0 359#31000082
(1590956281.502913) can0 248#0008000800004000
(1590956281.502914) can0 212#043E0757E7CC3FFF
(1590956281.502915) can0 359#01000082
(1590956281.523508) can0 248#0008000800004000
(1590956281.523509) can0 212#043E0757E7CC3FFF
(1590956281.523510) can0 359#01000082
(1590956281.544106) can0 248#0008000800004000
(1590956281.544107) can0 101#04
(1590956281.544108) can0 359#31000082
(1590956281.564668) can0 248#0008000800004000
(1590956281.564670) can0 212#043E075727CC3FFF
(1590956281.564671) can0 248#0008000800004000
(1590956281.585293) can0 212#043E0757E7CC3FFF
(1590956281.585295) can0 308#00000046011FFF00
(1590956281.585296) can0 212#043E0757E7CC3FFF
(1590956281.605814) can0 308#00000006001FFF00
(1590956281.605816) can0 309#1FFFFFFF0FFF00
(1590956281.605817) can0 212#043E075727CC3FFF
(1590956281.626136) can0 308#00000046011FFF00
(1590956281.626243) can0 309#1FFFFFFF0FFF00
(1590956281.626246) can0 101#04
(1590956281.646675) can0 212#043E075727CC3FFF
(1590956281.646677) can0 308#00000006001FFF00
(1590956281.646679) can0 308#00000046011FFF00
(1590956281.667322) can0 309#1FFFFFFF0FFF00
(1590956281.667324) can0 312#6757075709AB0757
(1590956281.667325) can0 312#0757075709AB0757
(1590956281.687818) can0 356#3FFF3FFF069800
(1590956281.687820) can0 7BC#3700000000000000
(1590956281.687821) can0 6FA#004A413341573836
(1590956281.708021) can0 300#009B1FFF1FFF7FEF
(1590956281.708023) can0 328#00007B00D880FFFF
(1590956281.708025) can0 300#009B1FFF1FFF7FDF
(1590956281.728717) can0 328#00007D00D880FFFF
(1590956281.728719) can0 330#FCFCFCFFFFFF3F77
(1590956281.728721) can0 328#00007D00D880FFFF
(1590956281.749334) can0 330#FCFCFCFFFFFF3F77
(1590956281.749336) can0 315#00000000007C00
(1590956281.749337) can0 315#44000000007C00
(1590956281.769740) can0 236#10A1100080000053
(1590956281.769743) can0 325#080DE064000100
(1590956281.769744) can0 315#48000000007C00
(1590956281.790065) can0 236#10A11000A0000063
(1590956281.790068) can0 325#080DE064000100
(1590956281.790069) can0 315#0C000000007C00
(1590956281.810664) can0 408#0000910000000000
(1590956281.810667) can0 325#080DE064000100
(1590956281.810668) can0 325#080DE064000100
(1590956281.831039) can0 210#0000008080000000
(1590956281.831040) can0 255#3FFF3FFF1F40FFFF
(1590956281.831041) can0 325#080DE064000100
(1590956281.851574) can0 210#0000008080000000
(1590956281.851575) can0 255#3FFF3FFF1F40FFFF
(1590956281.851576) can0 325#080DE064000100
(1590956281.871860) can0 210#0000000000000000
(1590956281.871861) can0 255#3FFF3FFF1F40FFFF
(1590956281.871862) can0 325#080DE064000100
(1590956281.892777) can0 210#0000000000000000
(1590956281.892779) can0 255#3FFF3FFF1F40FFFF
(1590956281.892790) can0 408#0000910000000000
(1590956281.913358) can0 325#080DE064000100
(1590956281.913360) can0 210#0000008080000000
(1590956281.913361) can0 325#080DE064000100
(1590956281.933607) can0 210#0000008080000000
(1590956281.933609) can0 255#3FFF3FFF1F40FFFF
(1590956281.933610) can0 325#080DE064000100
(1590956281.954317) can0 210#0000000000000000
(1590956281.954318) can0 255#3FFF3FFF1F40FFFF
(1590956281.954320) can0 325#080DE064000100
(1590956281.974828) can0 210#0000000000000000
(1590956281.974830) can0 255#3FFF3FFF1F40FFFF
(1590956281.974831) can0 325#080DE064000100
(1590956281.995216) can0 210#0000008080000000
(1590956281.995218) can0 255#3FFF3FFF1F40FFFF
(1590956281.995220) can0 210#0000008080000000
(1590956282.015681) can0 255#3FFF3FFF1F40FFFF
(1590956282.015683) can0 308#00000006001FFF00
(1590956282.015685) can0 210#0000000000000000
(1590956282.036105) can0 255#3FFF3FFF1F40FFFF
(1590956282.036107) can0 308#00000046011FFF00
(1590956282.036109) can0 308#00000006001FFF00
(1590956282.056853) can0 309#1FFFFFFF0FFF00
(1590956282.056855) can0 312#0757075709AB0757
(1590956282.056856) can0 309#1FFFFFFF0FFF00
(1590956282.077000) can0 312#6757075709AB0757
(1590956282.077002) can0 380#0001
(1590956282.077003) can0 312#0757075709AB0757
(1590956282.097761) can0 380#0001
(1590956282.097763) can0 6FE#FFEFE7E700000000
(1590956282.097765) can0 608#5B51000000000000
(1590956282.118273) can0 200#1E03C000C000C000
(1590956282.118275) can0 208#00206000C000C000
(1590956282.118276) can0 200#1E03C000C000C000
(1590956282.138616) can0 208#00206000C000C000
(1590956282.138618) can0 215#00000000000000
(1590956282.138619) can0 412#2F004F008E00
(1590956282.159119) can0 236#10A11000F000001B
(1590956282.159121) can0 359#01000082
(1590956282.159122) can0 236#10A110001000008B
(1590956282.179673) can0 412#2F004F008E00
(1590956282.179675) can0 359#01000082
(1590956282.179677) can0 412#2F004F008E00
(1590956282.200247) can0 236#10A11000300000BB
(1590956282.200249) can0 359#31000082
(1590956282.200250) can0 359#31000082
(1590956282.220592) can0 248#0008000800004000
(1590956282.220594) can0 212#043E0757E7CC3FFF
(1590956282.220595) can0 359#01000082
(1590956282.241105) can0 248#0008000800004000
(1590956282.241106) can0 101#04
(1590956282.241108) can0 359#01000082
(1590956282.261741) can0 248#0008000800004000
