(1606770230.225573) can0 359#30000081
(1606770230.225574) can0 308#0000000001000000
(1606770230.225574) can0 359#30000081
(1606770230.266684) can0 308#0000000001000000
(1606770230.266686) can0 200#1803C000C000C000
(1606770230.266687) can0 359#00000081
(1606770230.287228) can0 308#0000000001000000
(1606770230.287229) can0 200#1803C000C000C000
(1606770230.287230) can0 359#00000081
(1606770230.307854) can0 308#0000000001000000
(1606770230.307856) can0 200#1803C000C000C000
(1606770230.307857) can0 359#30000081
(1606770230.328208) can0 308#0000000001000000
(1606770230.328209) can0 200#1803C000C000C000
(1606770230.328210) can0 308#0000000001000000
(1606770230.348729) can0 200#1803C000C000C000
(1606770230.348731) can0 208#00406000C000C000
(1606770230.348732) can0 208#00406000C000C000
(1606770230.369293) can0 215#00000000000000
(1606770230.369294) can0 308#0000000001000000
(1606770230.369295) can0 308#0000000001000000
(1606770230.389633) can0 308#0000000000000000
(1606770230.389634) can0 308#0000000000000000
(1606770230.389635) can0 308#0000000000000000
(1606770230.410146) can0 248#0008000800004000
(1606770230.410147) can0 312#4FB5000000000000
(1606770230.410148) can0 312#4FB5000000000000
(1606770230.430642) can0 312#4FB5000000000000
(1606770230.430643) can0 312#09B5000000000000
(1606770230.451131) can0 312#09B5000000000000
(1606770230.451132) can0 415#00000000000000
(1606770230.451133) can0 415#00000000000000
(1606770230.471660) can0 5F0#8281802400000000
(1606770230.471661) can0 5F0#0000006E006904D9
(1606770230.471662) can0 236#1001100050000063
(1606770230.492209) can0 318#008C00008B200000
(1606770230.492211) can0 315#28000000007400
(1606770230.492211) can0 236#1001100070000053
(1606770230.512630) can0 5FE#00000000000007EA
(1606770230.512631) can0 315#6C000000007400
(1606770230.512632) can0 325#000E0DED000100
(1606770230.533174) can0 236#10011000A00000EB
(1606770230.533175) can0 6FF#2181024000000000
(1606770230.533175) can0 315#74000000007400
(1606770230.553795) can0 415#00000000000000
(1606770230.553796) can0 300#001B1FFF9FFF7FDF
(1606770230.553804) can0 5F0#0000000037BADCE2
(1606770230.574295) can0 5F0#8281802400000000
(1606770230.574296) can0 608#5A00000000000000
(1606770230.574297) can0 318#008C00008B200000
(1606770230.594659) can0 315#3C000000007400
(1606770230.594660) can0 415#00000000000000
(1606770230.594660) can0 415#00000000000000
(1606770230.615192) can0 300#001B1FFF9FFF7FDF
(1606770230.615193) can0 328#00007F00D880FFFF
(1606770230.615194) can0 415#00000000000000
(1606770230.635878) can0 300#001B1FFF9FFF7FDF
(1606770230.635879) can0 328#00007F00D880FFFF
(1606770230.635880) can0 415#00000000000000
(1606770230.656317) can0 300#009B1FFF1FFF7FDF
(1606770230.656317) can0 328#00007F00D880FFFF
(1606770230.656318) can0 415#00000000000000
(1606770230.676818) can0 300#009B1FFF1FFF7FDF
(1606770230.676819) can0 328#00007F00D880FFFF
(1606770230.676820) can0 415#00000000000000
(1606770230.697253) can0 300#001B1FFF9FFF7FDF
(1606770230.697254) can0 328#00007F00D880FFFF
(1606770230.697254) can0 415#00000000000000
(1606770230.717969) can0 300#001B1FFF9FFF7FDF
(1606770230.717971) can0 328#00007F00D880FFFF
(1606770230.717973) can0 328#00007F00D880FFFF
(1606770230.738468) can0 330#FCFCFCFFFFFF3F7A
(1606770230.738470) can0 325#000E0DED000100
(1606770230.738472) can0 408#0000880000000000
(1606770230.758908) can0 325#000E0DED000100
(1606770230.758910) can0 236#100110004000007B
(1606770230.758912) can0 5F0#0000000000000000
(1606770230.820375) can0 325#000E0DED000100
(1606770230.820378) can0 5F0#0000000000000000
(1606770230.820379) can0 236#10011000900000C3
(1606770230.840983) can0 315#30000000007400
(1606770230.840985) can0 236#100110000000001B
(1606770230.840987) can0 412#23008B008E00
(1606770230.861449) can0 359#30000081
(1606770230.861451) can0 308#0000000001000000
(1606770230.861453) can0 200#1803C000C000C000
(1606770230.881911) can0 208#00406000C000C000
(1606770230.881913) can0 215#00000000000000
(1606770230.881914) can0 308#0000000001000000
(1606770230.922932) can0 308#0000000000000000
(1606770230.922935) can0 308#0000000000000000
(1606770230.922936) can0 248#0008000800004000
(1606770230.943518) can0 312#4FB5000000000000
(1606770230.943520) can0 312#4FB5000000000000
(1606770230.943522) can0 312#09B5000000000000
(1606770230.964174) can0 312#09B5000000000000
(1606770230.964176) can0 415#00000000000000
(1606770230.964178) can0 608#5A00000000000000
(1606770230.984409) can0 236#1001100010000003
(1606770230.984412) can0 318#008C00008B200000
(1606770230.984413) can0 315#60000000007400
(1606770231.005041) can0 415#00000000000000
(1606770231.005044) can0 300#009B1FFF1FFF7FDF
(1606770231.005045) can0 328#00007F00D880FFFF
(1606770231.025446) can0 330#FCFCFCFFFFFF3F7C
(1606770231.025448) can0 408#0000880000000000
(1606770231.025449) can0 325#000E0DED000100
(1606770231.046041) can0 236#100110002000002B
(1606770231.046044) can0 412#23008B008E00
(1606770231.046045) can0 359#30000081
(1606770231.066537) can0 308#0000000001000000
(1606770231.066539) can0 200#1803C000C000C000
(1606770231.066541) can0 308#0000000001000000
(1606770231.086970) can0 200#1803C000C000C000
(1606770231.086972) can0 208#00406000C000C000
(1606770231.086974) can0 308#0000000001000000
(1606770231.107440) can0 200#1803C000C000C000
(1606770231.107442) can0 208#00406000C000C000
(1606770231.107444) can0 208#00406000C000C000
(1606770231.128116) can0 215#00000000000000
(1606770231.128118) can0 308#0000000001000000
(1606770231.128120) can0 308#0000000001000000
(1606770231.148480) can0 308#0000000000000000
(1606770231.148482) can0 308#0000000000000000
(1606770231.148484) can0 308#0000000000000000
(1606770231.169116) can0 248#0008000800004000
(1606770231.169117) can0 312#4FB5000000000000
(1606770231.169119) can0 312#4FB5000000000000
(1606770231.189643) can0 312#4FB5000000000000
(1606770231.189646) can0 312#09B5000000000000
(1606770231.189647) can0 312#09B5000000000000
(1606770231.210084) can0 312#09B5000000000000
(1606770231.210087) can0 415#00000000000000
(1606770231.210089) can0 236#1001100050000063
(1606770231.250988) can0 318#008C00008B200000
(1606770231.250990) can0 315#48000000007400
(1606770231.250992) can0 236#1001100070000053
(1606770231.271757) can0 315#0C000000007400
(1606770231.271760) can0 415#00000000000000
(1606770231.271761) can0 236#10011000900000C3
(1606770231.292175) can0 315#50000000007400
(1606770231.292177) can0 415#00000000000000
(1606770231.292179) can0 315#14000000007400
(1606770231.313108) can0 415#00000000000000
(1606770231.313110) can0 300#001B1FFF9FFF7FDF
(1606770231.313112) can0 5F0#0000000000000000
(1606770231.332861) can0 5F0#0000000000000000
(1606770231.332863) can0 5F0#0000000037BADCE2
(1606770231.332864) can0 236#1001100050000063
(1606770231.353323) can0 315#28000000007400
(1606770231.353325) can0 415#00000000000000
(1606770231.353326) can0 300#001B1FFF9FFF7FDF
(1606770231.373983) can0 328#00007F00D880FFFF
(1606770231.373985) can0 330#FCFCFCFFFFFF3F7A
(1606770231.373986) can0 325#000E0DED000100
(1606770231.394399) can0 236#100110006000004B
(1606770231.394400) can0 412#23008B008E00
(1606770231.394401) can0 359#00000081
(1606770231.414926) can0 308#0000000001000000
(1606770231.414928) can0 308#0000000001000000
(1606770231.414929) can0 415#00000000000000
(1606770231.455912) can0 300#009B1FFF1FFF7FDF
(1606770231.455913) can0 328#00007F00D880FFFF
(1606770231.455914) can0 415#00000000000000
(1606770231.476469) can0 300#009B1FFF1FFF7FDF
(1606770231.476472) can0 328#00007F00D880FFFF
(1606770231.476473) can0 415#00000000000000
(1606770231.497113) can0 300#001B1FFF9FFF7FDF
(1606770231.497115) can0 328#00007F00D880FFFF
(1606770231.497117) can0 300#009B1FFF1FFF7FDF
(1606770231.517629) can0 328#00007F00D880FFFF
(1606770231.517631) can0 330#FCFCFCFFFFFF3F7A
(1606770231.517632) can0 325#000E0DED000100
(1606770231.538011) can0 236#10011000A00000EB
(1606770231.538013) can0 412#23008B008E00
(1606770231.538015) can0 359#30000081
(1606770231.558460) can0 308#0000000001000000
(1606770231.558477) can0 200#1803C000C000C000
(1606770231.558479) can0 208#00406000C000C000
(1606770231.579182) can0 215#00000000000000
(1606770231.579184) can0 308#0000000001000000
(1606770231.579185) can0 308#0000000000000000
(1606770231.599572) can0 308#0000000000000000
(1606770231.599574) can0 248#0008000800004000
(1606770231.599576) can0 312#4FB5000000000000
(1606770231.620012) can0 312#4FB5000000000000
(1606770231.620015) can0 312#09B5000000000000
(1606770231.620016) can0 312#09B5000000000000
(1606770231.640484) can0 415#00000000000000
(1606770231.640487) can0 5F0#8281802400000000
(1606770231.640488) can0 236#10011000C00000BB
(1606770231.660983) can0 412#23008B008E00
(1606770231.660985) can0 359#00000081
(1606770231.660987) can0 236#10011000E000008B
(1606770231.701938) can0 412#23008B008E00
(1606770231.701940) can0 359#00000081
(1606770231.701941) can0 5F0#0000028A00000000
(1606770231.722420) can0 5F0#0000000000000000
(1606770231.722421) can0 5F0#0000000000000000
(1606770231.722422) can0 236#100110006000004B
(1606770231.742815) can0 412#23008B008E00
(1606770231.742821) can0 359#00000081
(1606770231.742822) can0 412#23008B008E00
(1606770231.763401) can0 359#30000081
(1606770231.763402) can0 308#0000000001000000
(1606770231.763403) can0 412#23008B008E00
(1606770231.784021) can0 359#00000081
(1606770231.784028) can0 308#0000000001000000
(1606770231.784029) can0 412#23008B008E00
(1606770231.804375) can0 359#00000081
(1606770231.804377) can0 308#0000000001000000
(1606770231.804378) can0 359#30000081
(1606770231.824826) can0 308#0000000001000000
(1606770231.824827) can0 200#1803C000C000C000
(1606770231.824828) can0 359#30000081
(1606770231.844993) can0 308#0000000001000000
(1606770231.844994) can0 200#1803C000C000C000
(1606770231.844995) can0 308#0000000001000000
(1606770231.865349) can0 200#1803C000C000C000
(1606770231.865351) can0 208#00406000C000C000
(1606770231.865352) can0 308#0000000001000000
(1606770231.885900) can0 200#1803C000C000C000
(1606770231.885901) can0 208#00406000C000C000
(1606770231.885902) can0 308#0000000001000000
(1606770231.906572) can0 200#1803C000C000C000
(1606770231.906574) can0 208#00406000C000C000
(1606770231.906575) can0 308#0000000001000000
(1606770231.926944) can0 200#1803C000C000C000
(1606770231.926945) can0 308#0000000001000000
(1606770231.947413) can0 200#1803C000C000C000
(1606770231.947414) can0 208#00406000C000C000
(1606770231.947415) can0 200#1803C000C000C000
(1606770231.988395) can0 208#00406000C000C000
(1606770231.988396) can0 215#00000000000003
(1606770231.988397) can0 215#00000000000000
(1606770232.008938) can0 308#0000000001000000
(1606770232.008940) can0 308#0000000000000000
(1606770232.008941) can0 308#0000000000000000
(1606770232.029420) can0 308#0000000000000000
(1606770232.029421) can0 248#0008000800004000
(1606770232.029422) can0 312#4FB5000000000000
(1606770232.049994) can0 248#0008000800004000
(1606770232.049996) can0 312#4FB5000000000000
(1606770232.049996) can0 312#09B5000000000000
(1606770232.070429) can0 312#09B5000000000000
(1606770232.070430) can0 312#4FB5000000000000
(1606770232.070431) can0 312#09B5000000000000
(1606770232.091182) can0 415#00000000000000
(1606770232.091184) can0 608#5A00000000000000
(1606770232.091185) can0 608#5A00000000000000
(1606770232.111410) can0 236#10011000B00000F3
(1606770232.111411) can0 315#74000000007400
(1606770232.111413) can0 5F0#0120032C0155055C
(1606770232.132114) can0 5F0#061A000000000000
(1606770232.132116) can0 236#10011000D00000A3
(1606770232.132117) can0 236#10011000F0000093
(1606770232.152411) can0 318#008C00008B210000
(1606770232.152413) can0 315#3C000000007400
(1606770232.152413) can0 315#00000000007400
(1606770232.172934) can0 415#00000000000000
(1606770232.172936) can0 300#009B1FFF1FFF7FDF
(1606770232.172936) can0 315#44000000007400
(1606770232.193708) can0 415#00000000000000
(1606770232.193710) can0 300#001B1FFF9FFF7FCF
(1606770232.193711) can0 315#48000000007400
(1606770232.234450) can0 415#00000000000000
(1606770232.234452) can0 300#001B1FFF9FFF7FDF
(1606770232.234453) can0 315#0C000000007400
(1606770232.254943) can0 415#00000000000000
(1606770232.254944) can0 300#009B1FFF1FFF7FDF
(1606770232.254945) can0 315#50000000007400
(1606770232.275484) can0 415#00000000000000
(1606770232.275485) can0 300#009B1FFF1FFF7FDF
(1606770232.275486) can0 415#00000000000000
(1606770232.296039) can0 300#001B1FFF9FFF7FDF
(1606770232.296041) can0 328#00007F00D880FFFF
(1606770232.296042) can0 415#00000000000000
(1606770232.316636) can0 300#009B1FFF1FFF7FDF
(1606770232.316637) can0 328#00007F00D880FFFF
(1606770232.316638) can0 415#00000000000000
(1606770232.336984) can0 300#001B1FFF9FFF7FDF
(1606770232.336986) can0 328#00007F00D880FFFF
(1606770232.336987) can0 415#00000000000000
(1606770232.357523) can0 300#001B1FFF9FFF7FDF
(1606770232.357524) can0 328#00007F00D880FFFF
(1606770232.357525) can0 328#00007F00D880FFFF
(1606770232.377994) can0 330#FCFCFCFFFFFF3F7C
(1606770232.377996) can0 325#000E0DED000100
(1606770232.377996) can0 325#000E0DED000100
(1606770232.398485) can0 236#10011000C00000BB
(1606770232.398486) can0 359#00000081
(1606770232.398487) can0 325#000E0DED000100
(1606770232.418985) can0 236#10011000E000008B
(1606770232.418986) can0 359#00000081
(1606770232.418987) can0 5F0#0120032C0155055C
(1606770232.439493) can0 5F0#061A000000000000
(1606770232.439494) can0 5F0#0000000000000000
(1606770232.439495) can0 236#100110002000002B
(1606770232.460024) can0 359#30000081
(1606770232.460026) can0 412#23008B008E00
(1606770232.460027) can0 236#100110004000007B
(1606770232.480658) can0 359#00000081
(1606770232.480659) can0 412#23008B008E00
(1606770232.480661) can0 236#100110006000004B
(1606770232.501000) can0 359#00000081
(1606770232.501001) can0 412#23008B008E00
(1606770232.501002) can0 236#10011000800000DB
(1606770232.521674) can0 359#30000081
(1606770232.521675) can0 412#23008B008E00
(1606770232.521676) can0 359#30000081
(1606770232.542211) can0 6FB#1107040023224000
(1606770232.542213) can0 412#23008B008E00
(1606770232.542214) can0 359#00000081
(1606770232.562888) can0 6FF#2181024000000000
(1606770232.562899) can0 412#23008B008E00
(1606770232.562900) can0 359#00000081
(1606770232.583374) can0 412#23008B008E00
(1606770232.583375) can0 308#0000000001000000
(1606770232.583376) can0 412#23008B008E00
(1606770232.603492) can0 308#0000000001000000
(1606770232.603494) can0 200#1803C000C000C000
(1606770232.603495) can0 308#0000000001000000
(1606770232.624191) can0 200#1803C000C000C000
(1606770232.624194) can0 208#00406000C000C000
(1606770232.624195) can0 308#0000000001000000
(1606770232.644705) can0 200#1803C000C000C000
(1606770232.644706) can0 208#00406000C000C000
(1606770232.644707) can0 308#0000000001000000
(1606770232.665004) can0 200#1803C000C000C000
(1606770232.665005) can0 208#00406000C000C000
(1606770232.665006) can0 308#0000000001000000
(1606770232.685680) can0 200#1803C000C000C000
(1606770232.685682) can0 208#00406000C000C000
(1606770232.685683) can0 308#0000000001000000
(1606770232.706037) can0 200#1803C000C000C000
(1606770232.706039) can0 208#00406000C000C000
(1606770232.706040) can0 308#0000000001000000
(1606770232.726534) can0 200#1803C000C000C000
(1606770232.726535) can0 208#00406000C000C000
(1606770232.726536) can0 208#00406000C000C000
(1606770232.767580) can0 215#00000000000000
(1606770232.767581) can0 308#0000000001000000
(1606770232.767582) can0 308#0000000000000000
(1606770232.808571) can0 308#0000000000000000
(1606770232.808572) can0 312#4FB5000000000000
(1606770232.808573) can0 308#0000000000000000
(1606770232.829047) can0 312#4FB5000000000000
(1606770232.829048) can0 248#0008000800004000
(1606770232.829049) can0 312#4FB5000000000000
(1606770232.849738) can0 312#09B5000000000000
(1606770232.849739) can0 312#09B5000000000000
(1606770232.849740) can0 312#4FB5000000000000
(1606770232.870156) can0 312#09B5000000000000
(1606770232.870157) can0 415#00000000000000
(1606770232.870158) can0 415#00000000000000
(1606770232.890541) can0 608#5A00000000000000
(1606770232.890542) can0 236#10011000B00000F3
(1606770232.890543) can0 5F0#8281802400000000
(1606770232.911117) can0 5F0#0000006E006904D9
(1606770232.911119) can0 5F0#0000000000000000
(1606770232.911120) can0 315#60000000007400
(1606770232.931568) can0 415#00000000000000
(1606770232.931569) can0 300#009B1FFF1FFF7FDF
(1606770232.931570) can0 415#00000000000000
(1606770232.952170) can0 300#001B1FFF9FFF7FDF
(1606770232.952172) can0 328#00007F00D880FFFF
(1606770232.952173) can0 315#28000000007400
(1606770232.972661) can0 415#00000000000000
(1606770232.972662) can0 300#001B1FFF9FFF7FDF
(1606770232.972663) can0 315#6C000000007400
(1606770232.993066) can0 328#00007F00D880FFFF
(1606770232.993068) can0 330#FCFCFCFFFFFF3F7A
(1606770232.993069) can0 318#008B00008B200000
(1606770233.013647) can0 315#30000000007400
(1606770233.013648) can0 415#00000000000000
(1606770233.013649) can0 415#00000000000000
(1606770233.034290) can0 300#001B1FFF9FFF7FDF
(1606770233.034292) can0 328#00007F00D880FFFF
(1606770233.034293) can0 415#00000000000000
(1606770233.054583) can0 300#001B1FFF9FFF7FCF
(1606770233.054585) can0 328#00007F00D880FFFF
(1606770233.054602) can0 415#00000000000000
(1606770233.075096) can0 300#009B1FFF1FFF7FCF
(1606770233.075098) can0 328#00007F00D880FFFF
(1606770233.075099) can0 415#00000000000000
(1606770233.095583) can0 300#009B1FFF1FFF7FDF
(1606770233.095585) can0 328#00007F00D880FFFF
(1606770233.095586) can0 415#00000000000000
(1606770233.116087) can0 300#001B1FFF9FFF7FDF
(1606770233.116089) can0 328#00007F00D880FFFF
(1606770233.116090) can0 415#00000000000000
(1606770233.136647) can0 300#001B1FFF9FFF7FDF
(1606770233.136649) can0 328#00007F00D880FFFF
(1606770233.136650) can0 328#00007F00D880FFFF
(1606770233.157139) can0 330#FCFCFCFFFFFF3F7A
(1606770233.157141) can0 325#000E0DED000100
(1606770233.157142) can0 325#000E0DED000100
(1606770233.177528) can0 236#10011000C00000BB
(1606770233.177530) can0 359#00000081
(1606770233.177531) can0 408#0000880000000000
(1606770233.198258) can0 325#000E0DED000100
(1606770233.198259) can0 236#10011000E000008B
(1606770233.198260) can0 325#000E0DED000100
(1606770233.218589) can0 5F0#061A000000000000
(1606770233.218590) can0 5F0#0000000000000000
(1606770233.218591) can0 236#100110002000002B
(1606770233.239221) can0 359#30000081
(1606770233.239222) can0 412#23008B008E00
(1606770233.239223) can0 236#100110004000007B
(1606770233.259663) can0 359#00000081
(1606770233.259664) can0 412#23008C008E00
(1606770233.259665) can0 236#100110006000004B
(1606770233.280184) can0 359#00000081
(1606770233.280186) can0 412#23008C008E00
(1606770233.280187) can0 236#10011000800000DB
(1606770233.300650) can0 359#30000081
(1606770233.300652) can0 412#23008C008E00
(1606770233.300653) can0 236#10011000A00000EB
(1606770233.321141) can0 359#30000081
(1606770233.321142) can0 412#23008C008E00
(1606770233.321143) can0 359#00000081
(1606770233.341684) can0 412#23008C008E00
(1606770233.341686) can0 308#0000000001000000
(1606770233.341687) can0 412#23008B008E00
(1606770233.362228) can0 308#0000000001000000
(1606770233.362230) can0 200#1803C000C000C000
(1606770233.362231) can0 412#23008B008E00
(1606770233.383674) can0 308#0000000001000000
(1606770233.383676) can0 412#23008B008E00
(1606770233.404079) can0 308#0000000001000000
(1606770233.404081) can0 200#1803C000C000C000
(1606770233.404081) can0 412#23008B008E00
(1606770233.445213) can0 308#0000000001000000
(1606770233.445214) can0 200#1803C000C000C000
(1606770233.445214) can0 308#0000000001000000
(1606770233.465702) can0 200#1803C000C000C000
(1606770233.465703) can0 208#00406000C000C000
(1606770233.465704) can0 308#0000000001000000
(1606770233.486424) can0 200#1803C000C000C000
(1606770233.486426) can0 208#00406000C000C000
(1606770233.486427) can0 308#0000000001000000
(1606770233.506808) can0 200#1803C000C000C000
(1606770233.506810) can0 208#00406000C000C000
(1606770233.506811) can0 308#0000000001000000
(1606770233.547792) can0 200#1803C000C000C000
(1606770233.547794) can0 208#00406000C000C000
(1606770233.547795) can0 308#0000000001000000
(1606770233.568319) can0 200#1803C000C000C000
(1606770233.568336) can0 208#00406000C000C000
(1606770233.568337) can0 308#0000000001000000
(1606770233.588934) can0 200#1803C000C000C000
(1606770233.588936) can0 208#00406000C000C000
(1606770233.588938) can0 215#00000000000003
(1606770233.609410) can0 308#0000000000000000
(1606770233.609411) can0 308#0000000000000000
(1606770233.609412) can0 308#0000000001000000
(1606770233.630015) can0 308#0000000000000000
(1606770233.630017) can0 308#0000000000000000
(1606770233.630018) can0 312#4FB5000000000000
(1606770233.650725) can0 248#0008000800004000
(1606770233.650726) can0 312#4FB5000000000000
(1606770233.650727) can0 248#0008000800004000
(1606770233.671307) can0 312#4FB5000000000000
(1606770233.671309) can0 312#09B5000000000000
(1606770233.671310) can0 608#5A00000000000000
(1606770233.712203) can0 236#10011000F0000093
(1606770233.712204) can0 318#008B00008B200000
(1606770233.712205) can0 236#1001100010000003
(1606770233.732713) can0 5FE#00000000000007EA
(1606770233.732714) can0 315#00000000007400
(1606770233.732715) can0 236#1001100030000033
(1606770233.753139) can0 6FD#0193004012266900
(1606770233.753141) can0 315#44000000007400
(1606770233.753141) can0 308#0000000001000000
(1606770233.794168) can0 200#1803C000C000C000
(1606770233.794169) can0 208#00406000C000C000
(1606770233.794170) can0 215#00000000000003
(1606770233.814662) can0 308#0000000001000000
(1606770233.814663) can0 308#0000000000000000
(1606770233.814663) can0 308#0000000000000000
(1606770233.835172) can0 312#4FB5000000000000
(1606770233.835173) can0 248#0008000800004000
(1606770233.835174) can0 312#4FB5000000000000
(1606770233.855673) can0 312#09B5000000000000
(1606770233.855674) can0 312#09B5000000000000
(1606770233.855675) can0 415#00000000000000
(1606770233.876183) can0 608#5A00000000000000
(1606770233.876184) can0 236#10011000F0000093
(1606770233.876185) can0 415#00000000000000
(1606770233.896742) can0 300#009B1FFF1FFF7FDF
(1606770233.896743) can0 328#00007F00D880FFFF
(1606770233.896743) can0 415#00000000000000
(1606770233.937722) can0 300#009B1FFF1FFF7FDF
(1606770233.937723) can0 328#00007F00D880FFFF
(1606770233.937723) can0 415#00000000000000
(1606770233.958334) can0 300#001B1FFF9FFF7FDF
(1606770233.958335) can0 328#00007F00D880FFFF
(1606770233.958336) can0 415#00000000000000
(1606770233.978879) can0 300#001B1FFF9FFF7FDF
(1606770233.978880) can0 328#00007F00D880FFFF
(1606770233.978881) can0 415#00000000000000
(1606770233.999329) can0 300#009B1FFF1FFF7FCF
(1606770233.999330) can0 328#00007F00D880FFFF
(1606770233.999331) can0 415#00000000000000
(1606770234.019854) can0 300#009B1FFF1FFF7FDF
(1606770234.019855) can0 328#00007F00D880FFFF
(1606770234.019856) can0 300#001B1FFF9FFF7FDF
(1606770234.040172) can0 328#00007F00D880FFFF
(1606770234.040173) can0 330#FCFCFCFFFFFF3F7A
(1606770234.040174) can0 330#FCFCFCFFFFFF3F7A
(1606770234.060685) can0 408#0000880000000000
(1606770234.060686) can0 325#000E0DED000100
(1606770234.060692) can0 5F0#0000006E006904D9
(1606770234.081344) can0 5F0#0000000000000000
(1606770234.081344) can0 5F0#0120032C0155055C
(1606770234.081345) can0 325#000E0DED000100
(1606770234.101682) can0 359#30000081
(1606770234.101683) can0 236#100110002000002B
(1606770234.101684) can0 359#00000081
(1606770234.122205) can0 236#100110004000007B
(1606770234.122205) can0 412#23008B008E00
(1606770234.122206) can0 359#00000081
(1606770234.142859) can0 236#100110006000004B
(1606770234.142860) can0 412#23008B008E00
(1606770234.142860) can0 359#30000081
(1606770234.163212) can0 236#10011000800000DB
(1606770234.163213) can0 412#23008B008E00
(1606770234.163213) can0 6FA#0000000000000000
(1606770234.183870) can0 359#30000081
(1606770234.183871) can0 236#10011000A00000EB
(1606770234.183871) can0 236#10011000C00000BB
(1606770234.204252) can0 412#23008B008E00
(1606770234.204253) can0 308#0000000001000000
(1606770234.204253) can0 412#23008B008E00
(1606770234.224734) can0 308#0000000001000000
(1606770234.224735) can0 200#1803C000C000C000
(1606770234.224735) can0 412#23008B008E00
(1606770234.245480) can0 308#0000000001000000
(1606770234.245482) can0 200#1803C000C000C000
(1606770234.245484) can0 412#23008B008E00
(1606770234.265922) can0 308#0000000001000000
(1606770234.265924) can0 200#1803C000C000C000
(1606770234.265925) can0 308#0000000001000000
(1606770234.286464) can0 200#1803C000C000C000
(1606770234.286467) can0 208#00406000C000C000
(1606770234.286468) can0 308#0000000001000000
(1606770234.327396) can0 200#1803C000C000C000
(1606770234.327398) can0 208#00406000C000C000
(1606770234.327399) can0 308#0000000001000000
(1606770234.352662) can0 200#1803C000C000C000
(1606770234.352663) can0 208#00406000C000C000
(1606770234.352664) can0 308#0000000001000000
(1606770234.368261) can0 200#1803C000C000C000
(1606770234.368262) can0 208#00406000C000C000
(1606770234.368262) can0 308#0000000001000000
(1606770234.388762) can0 200#1803C000C000C000
(1606770234.388763) can0 208#00406000C000C000
(1606770234.388764) can0 308#0000000001000000
(1606770234.409302) can0 200#1803C000C000C000
(1606770234.409303) can0 208#00406000C000C000
(1606770234.409303) can0 200#1803C000C000C000
(1606770234.470815) can0 208#00406000C000C000
(1606770234.470816) can0 215#00000000000003
(1606770234.470817) can0 215#00000000000003
(1606770234.491330) can0 308#0000000001000000
(1606770234.491330) can0 308#0000000000000000
(1606770234.491331) can0 308#0000000000000000
(1606770234.511834) can0 308#0000000000000000
(1606770234.511835) can0 312#4FB5000000000000
(1606770234.511835) can0 312#4FB5000000000000
(1606770234.532281) can0 248#0008000800004000
(1606770234.532282) can0 312#4FB5000000000000
(1606770234.532283) can0 312#09B5000000000000
(1606770234.552804) can0 312#09B5000000000000
(1606770234.552805) can0 415#00000000000000
(1606770234.552805) can0 312#09B5000000000000
(1606770234.593963) can0 415#00000000000000
(1606770234.593964) can0 608#5A00000000000000
(1606770234.593964) can0 608#5A00000000000000
(1606770234.614314) can0 236#1001100010000003
(1606770234.614315) can0 315#60000000007400
(1606770234.614315) can0 236#1001100030000033
(1606770234.634791) can0 315#24000000007400
(1606770234.634793) can0 415#00000000000000
(1606770234.634794) can0 236#1001100050000063
(1606770234.675859) can0 315#28000000007400
(1606770234.675860) can0 415#00000000000000
(1606770234.675860) can0 5F0#0000000000000000
(1606770234.696285) can0 5F0#0000028A00000000
(1606770234.696286) can0 5F0#0000000000000000
(1606770234.696287) can0 318#008B00008B210000
(1606770234.716773) can0 315#30000000007400
(1606770234.716773) can0 415#00000000000000
(1606770234.716774) can0 5FE#00000000000007EA
(1606770234.737343) can0 315#74000000007400
(1606770234.737343) can0 415#00000000000000
(1606770234.737344) can0 6FD#0193004012266900
(1606770234.757784) can0 315#78000000007400
(1606770234.757785) can0 415#00000000000000
(1606770234.757785) can0 315#3C000000007400
(1606770234.778374) can0 415#00000000000000
(1606770234.778374) can0 300#009B1FFF1FFF7FDF
(1606770234.778375) can0 415#00000000000000
(1606770234.819358) can0 300#009B1FFF1FFF7FDF
(1606770234.819359) can0 328#00007F00D880FFFF
(1606770234.819360) can0 415#00000000000000
(1606770234.839867) can0 300#001B1FFF9FFF7FDF
(1606770234.839868) can0 328#00007F00D880FFFF
(1606770234.839868) can0 415#00000000000000
(1606770234.860379) can0 300#001B1FFF9FFF7FDF
(1606770234.860379) can0 328#00007F00D880FFFF
(1606770234.860380) can0 415#00000000000000
(1606770234.880824) can0 300#009B1FFF1FFF7FDF
(1606770234.880825) can0 328#00007F00D880FFFF
(1606770234.880826) can0 415#00000000000000
(1606770234.901583) can0 300#009B1FFF1FFF7FDF
(1606770234.901585) can0 328#00007F00D880FFFF
(1606770234.901586) can0 415#00000000000000
(1606770234.942381) can0 300#001B1FFF9FFF7FDF
(1606770234.942382) can0 328#00007F00D880FFFF
(1606770234.942383) can0 300#001B1FFF9FFF7FDF
(1606770234.962809) can0 328#00007F00D880FFFF
(1606770234.962810) can0 330#FCFCFCFFFFFF3F7A
(1606770234.962811) can0 330#FCFCFCFFFFFF3F7A
(1606770234.983318) can0 5F0#8281802400000000
(1606770234.983319) can0 5F0#0000006E006904D9
(1606770234.983319) can0 325#000E0DED000100
(1606770235.003811) can0 359#30000081
(1606770235.003812) can0 325#000E0DED000100
(1606770235.024328) can0 359#00000081
(1606770235.024329) can0 236#100110004000007B
(1606770235.024329) can0 236#10011000800000DB
(1606770235.044622) can0 412#23008B008E00
(1606770235.044624) can0 308#0000000001000000
(1606770235.044624) can0 236#10011000A00000EB
(1606770235.064921) can0 6FB#1107040023224000
(1606770235.064922) can0 412#23008B008E00
(1606770235.064928) can0 6FF#2181024000000000
(1606770235.085496) can0 412#23008B008E00
(1606770235.085500) can0 308#0000000001000000
(1606770235.085501) can0 412#23008B008E00
(1606770235.105870) can0 308#0000000001000000
(1606770235.105871) can0 200#1803C000C000C000
(1606770235.105871) can0 412#23008B008E00
(1606770235.126539) can0 308#0000000001000000
(1606770235.126542) can0 200#1803C000C000C000
(1606770235.126543) can0 308#0000000001000000
(1606770235.146643) can0 200#1803C000C000C000
(1606770235.146644) can0 208#00406000C000C000
(1606770235.146644) can0 308#0000000001000000
(1606770235.167114) can0 200#1803C000C000C000
(1606770235.167115) can0 208#00406000C000C000
(1606770235.167115) can0 308#0000000001000000
(1606770235.208337) can0 200#1803C000C000C000
(1606770235.208338) can0 208#00406000C000C000
(1606770235.208339) can0 308#0000000001000000
(1606770235.229070) can0 200#1803C000C000C000
(1606770235.229072) can0 208#00406000C000C000
(1606770235.229073) can0 308#0000000001000000
(1606770235.249164) can0 200#1803C000C000C000
(1606770235.249165) can0 208#00406000C000C000
(1606770235.249166) can0 308#0000000001000000
(1606770235.269775) can0 200#1803C000C000C000
(1606770235.269776) can0 208#00406000C000C000
(1606770235.269776) can0 215#00000000000000
(1606770235.290211) can0 308#0000000001000000
(1606770235.290212) can0 308#0000000000000000
(1606770235.290212) can0 308#0000000000000000
(1606770235.310802) can0 312#4FB5000000000000
(1606770235.310803) can0 248#0008000800004000
(1606770235.310804) can0 248#0008000800004000
(1606770235.331311) can0 312#09B5000000000000
(1606770235.331311) can0 312#09B5000000000000
(1606770235.331312) can0 415#00000000000000
(1606770235.353695) can0 608#5A00000000000000
(1606770235.353697) can0 236#10011000B00000F3
(1606770235.353697) can0 5F0#0000006E006904D9
(1606770235.372188) can0 5F0#0000000000000000
(1606770235.372189) can0 5F0#0120032C0155055C
(1606770235.372190) can0 236#10011000F0000093
(1606770235.392828) can0 318#008B00008B200000
(1606770235.392829) can0 315#3C000000007400
(1606770235.392829) can0 236#1001100010000003
(1606770235.413375) can0 315#00000000007400
(1606770235.413377) can0 415#00000000000000
(1606770235.413377) can0 315#44000000007400
(1606770235.433782) can0 415#00000000000000
(1606770235.433784) can0 300#001B1FFF9FFF7FDF
(1606770235.433785) can0 315#48000000007400
(1606770235.454314) can0 415#00000000000000
(1606770235.454316) can0 300#001B1FFF9FFF7FDF
(1606770235.454317) can0 318#008B00008B200000
(1606770235.474910) can0 315#50000000007400
(1606770235.474912) can0 415#00000000000000
(1606770235.474913) can0 315#14000000007400
(1606770235.495311) can0 415#00000000000000
(1606770235.495313) can0 300#001B1FFF9FFF7FDF
(1606770235.495314) can0 415#00000000000000
(1606770235.536313) can0 300#001B1FFF9FFF7FCF
(1606770235.536315) can0 328#00007F00D880FFFF
(1606770235.536316) can0 415#00000000000000
(1606770235.597726) can0 300#009B1FFF1FFF7FDF
(1606770235.597727) can0 328#00007F00D880FFFF
(1606770235.597727) can0 415#00000000000000
(1606770235.618233) can0 300#009B1FFF1FFF7FDF
(1606770235.618234) can0 328#00007F00D880FFFF
(1606770235.618235) can0 415#00000000000000
(1606770235.638805) can0 300#001B1FFF9FFF7FDF
(1606770235.638806) can0 328#00007F00D880FFFF
(1606770235.638807) can0 415#00000000000000
(1606770235.659324) can0 300#001B1FFF9FFF7FDF
(1606770235.659325) can0 328#00007F00D880FFFF
(1606770235.659326) can0 415#00000000000000
(1606770235.679753) can0 300#009B1FFF1FFF7FDF
(1606770235.679754) can0 328#00007F00D880FFFF
(1606770235.679755) can0 328#00007F00D880FFFF
(1606770235.700329) can0 330#FCFCFCFFFFFF3F7A
(1606770235.700330) can0 359#30000081
(1606770235.700331) can0 359#00000081
(1606770235.720786) can0 325#000E0DED000100
(1606770235.720787) can0 236#10011000C00000BB
(1606770235.720788) can0 359#00000081
(1606770235.741563) can0 408#0000880000000000
(1606770235.741565) can0 325#000E0DED000100
(1606770235.741566) can0 5F0#0000006E006904D9
(1606770235.761723) can0 325#000E0DED000100
(1606770235.761724) can0 5F0#0000000000000000
(1606770235.761724) can0 236#100110002000002B
(1606770235.782216) can0 412#23008B008E00
(1606770235.782216) can0 308#0000000001000000
(1606770235.782217) can0 236#100110004000007B
(1606770235.802740) can0 412#23008B008E00
(1606770235.802741) can0 308#0000000001000000
(1606770235.802742) can0 236#100110006000004B
(1606770235.823223) can0 412#23008B008E00
(1606770235.823224) can0 308#0000000001000000
(1606770235.823224) can0 236#10011000800000DB
(1606770235.844683) can0 412#23008B008E00
(1606770235.844684) can0 308#0000000001000000
(1606770235.844684) can0 236#10011000A00000EB
(1606770235.864225) can0 412#23008B008E00
(1606770235.864225) can0 308#0000000001000000
(1606770235.864226) can0 412#23008B008E00
(1606770235.905318) can0 308#0000000001000000
(1606770235.905319) can0 200#1803C000C000C000
(1606770235.905320) can0 412#23008B008E00
(1606770235.925786) can0 308#0000000001000000
(1606770235.925787) can0 200#1803C000C000C000
(1606770235.925787) can0 412#23008B008E00
(1606770235.946246) can0 308#0000000001000000
(1606770235.946247) can0 200#1803C000C000C000
(1606770235.946247) can0 412#23008B008E00
(1606770235.966956) can0 308#0000000001000000
(1606770235.966959) can0 200#1803C000C000C000
(1606770235.966960) can0 308#0000000001000000
(1606770235.987554) can0 200#1803C000C000C000
(1606770235.987556) can0 208#00406000C000C000
(1606770235.987558) can0 308#0000000001000000
(1606770236.007950) can0 200#1803C000C000C000
(1606770236.007952) can0 208#00406000C000C000
(1606770236.007953) can0 308#0000000001000000
(1606770236.048955) can0 200#1803C000C000C000
(1606770236.048957) can0 208#00406000C000C000
(1606770236.048959) can0 308#0000000001000000
(1606770236.089994) can0 200#1803C000C000C000
(1606770236.089997) can0 208#00406000C000C000
(1606770236.089998) can0 208#00406000C000C000
(1606770236.110456) can0 215#00000000000000
(1606770236.110458) can0 308#0000000001000000
(1606770236.110460) can0 308#0000000001000000
(1606770236.130976) can0 308#0000000000000000
(1606770236.130978) can0 308#0000000000000000
(1606770236.130979) can0 308#0000000000000000
(1606770236.151651) can0 312#4FB5000000000000
(1606770236.151653) can0 312#4FB5000000000000
(1606770236.151654) can0 312#09B5000000000000
(1606770236.171980) can0 312#09B5000000000000
(1606770236.171982) can0 415#00000000000000
(1606770236.171984) can0 415#00000000000000
(1606770236.192597) can0 5F0#0000000037BADCE2
(1606770236.192600) can0 5F0#8281802400000000
(1606770236.192601) can0 236#10011000F0000093
(1606770236.213027) can0 318#008B00008B200000
(1606770236.213029) can0 315#5C000000007400
(1606770236.213030) can0 236#1001100030000033
(1606770236.233645) can0 6FD#0193004012266900
(1606770236.233648) can0 315#24000000007400
(1606770236.233649) can0 315#28000000007400
(1606770236.254128) can0 415#00000000000000
(1606770236.254130) can0 300#001B1FFF9FFF7FDF
(1606770236.254132) can0 5F0#0000000000000000
(1606770236.274658) can0 5F0#0000000037BADCE2
(1606770236.274661) can0 608#5A00000000000000
(1606770236.274663) can0 318#008B00008B210000
(1606770236.295035) can0 315#30000000007400
(1606770236.295037) can0 415#00000000000000
(1606770236.295038) can0 315#74000000007400
(1606770236.316065) can0 415#00000000000000
(1606770236.316067) can0 300#001B1FFF9FFF7FDF
(1606770236.316069) can0 415#00000000000000
(1606770236.335955) can0 300#001B1FFF9FFF7FDF
(1606770236.335957) can0 328#00007F00D880FFFF
(1606770236.335957) can0 415#00000000000000
(1606770236.358555) can0 300#009B1FFF1FFF7FDF
(1606770236.358557) can0 328#00007F00D880FFFF
(1606770236.358558) can0 415#00000000000000
(1606770236.376861) can0 300#001B1FFF9FFF7FDF
(1606770236.376863) can0 328#00007F00D880FFFF
(1606770236.376863) can0 415#00000000000000
(1606770236.397501) can0 300#001B1FFF9FFF7FDF
(1606770236.397503) can0 328#00007F00D880FFFF
(1606770236.397503) can0 415#00000000000000
(1606770236.417847) can0 300#009B1FFF1FFF7FDF
(1606770236.417848) can0 328#00007F00D880FFFF
(1606770236.417849) can0 415#00000000000000
(1606770236.438417) can0 300#009B1FFF1FFF7FDF
(1606770236.438418) can0 328#00007F00D880FFFF
(1606770236.438418) can0 408#0000880000000000
(1606770236.459134) can0 325#000E0DED000100
(1606770236.459135) can0 236#10011000E000008B
(1606770236.459136) can0 5F0#0000000000000000
(1606770236.479347) can0 5F0#0120032C0155055C
(1606770236.479348) can0 325#000E0DED000100
(1606770236.479349) can0 236#100110002000002B
(1606770236.499883) can0 6FF#2181024000000000
(1606770236.499884) can0 412#23008B008E00
(1606770236.499885) can0 236#100110004000007B
(1606770236.520506) can0 412#23008C008E00
(1606770236.520507) can0 236#100110006000004B
(1606770236.540990) can0 412#23008C008E00
(1606770236.540992) can0 308#0000000001000000
(1606770236.540992) can0 236#10011000800000DB
(1606770236.561398) can0 412#23008C008E00
(1606770236.561398) can0 200#1803C000C000C000
(1606770236.561399) can0 236#10011000A00000EB
(1606770236.581961) can0 412#23008C008E00
(1606770236.581962) can0 308#0000000001000000
(1606770236.581962) can0 236#10011000C00000BB
(1606770236.602314) can0 412#23008C008E00
(1606770236.602314) can0 308#0000000001000000
(1606770236.602315) can0 412#23008C008E00
(1606770236.623001) can0 308#0000000001000000
(1606770236.623003) can0 200#1803C000C000C000
(1606770236.623003) can0 412#23008C008E00
(1606770236.643344) can0 308#0000000001000000
(1606770236.643345) can0 200#1803C000C000C000
(1606770236.643346) can0 412#23008C008E00
(1606770236.663963) can0 308#0000000001000000
(1606770236.663964) can0 200#1803C000C000C000
(1606770236.663964) can0 412#23008C008E00
(1606770236.684458) can0 200#1803C000C000C000
(1606770236.684459) can0 208#00406000C000C000
(1606770236.684459) can0 412#23008B008E00
(1606770236.704895) can0 308#0000000001000000
(1606770236.704896) can0 200#1803C000C000C000
(1606770236.704896) can0 308#0000000001000000
(1606770236.725476) can0 200#1803C000C000C000
(1606770236.725477) can0 208#00406000C000C000
(1606770236.725478) can0 308#0000000001000000
(1606770236.745878) can0 200#1803C000C000C000
(1606770236.745878) can0 208#00406000C000C000
(1606770236.745879) can0 308#0000000001000000
(1606770236.766460) can0 200#1803C000C000C000
(1606770236.766461) can0 208#00406000C000C000
(1606770236.766461) can0 308#0000000001000000
(1606770236.786966) can0 200#1803C000C000C000
(1606770236.786967) can0 208#00406000C000C000
(1606770236.786967) can0 308#0000000001000000
(1606770236.807361) can0 200#1803C000C000C000
(1606770236.807362) can0 208#00406000C000C000
(1606770236.807362) can0 308#0000000001000000
(1606770236.827971) can0 200#1803C000C000C000
(1606770236.827972) can0 208#00406000C000C000
(1606770236.827972) can0 208#00406000C000C000
(1606770236.848334) can0 215#00000000000003
(1606770236.848335) can0 308#0000000001000000
(1606770236.848336) can0 308#0000000001000000
(1606770236.868905) can0 308#0000000000000000
(1606770236.868906) can0 308#0000000000000000
(1606770236.868906) can0 308#0000000000000000
(1606770236.889475) can0 312#4FB5000000000000
(1606770236.889476) can0 312#4FB5000000000000
(1606770236.889476) can0 312#4FB5000000000000
(1606770236.909982) can0 248#0008000800004000
(1606770236.909983) can0 312#09B5000000000000
(1606770236.909984) can0 312#09B5000000000000
(1606770236.930403) can0 312#09B5000000000000
(1606770236.930404) can0 415#00000000000000
(1606770236.930404) can0 415#00000000000000
(1606770236.951010) can0 608#5A00000000000000
(1606770236.951014) can0 236#1001100010000003
(1606770236.951015) can0 236#1001100030000033
(1606770236.991974) can0 315#44000000007400
(1606770236.991975) can0 359#00000081
(1606770236.991976) can0 236#1001100050000063
(1606770237.012412) can0 315#48000000007400
(1606770237.012413) can0 359#00000081
(1606770237.012413) can0 318#008B00008B200000
(1606770237.032946) can0 315#50000000007400
(1606770237.032948) can0 359#30000081
(1606770237.032948) can0 315#5C000000007400
(1606770237.053442) can0 359#30000081
(1606770237.053443) can0 415#00000000000000
(1606770237.053443) can0 315#60000000007400
(1606770237.073955) can0 359#30000081
(1606770237.073966) can0 415#00000000000000
(1606770237.073966) can0 359#00000081
(1606770237.094416) can0 415#00000000000000
(1606770237.094416) can0 300#001B1FFF9FFF7FDF
(1606770237.094417) can0 359#00000081
(1606770237.114964) can0 415#00000000000000
(1606770237.114965) can0 300#001B1FFF9FFF7FDF
(1606770237.114966) can0 359#30000081
(1606770237.135540) can0 415#00000000000000
(1606770237.135541) can0 300#009B1FFF1FFF7FDF
(1606770237.135541) can0 415#00000000000000
(1606770237.155969) can0 300#009B1FFF1FFF7FDF
(1606770237.155969) can0 328#00007F00D880FFFF
(1606770237.155970) can0 415#00000000000000
(1606770237.178181) can0 300#001B1FFF9FFF7FDF
(1606770237.178183) can0 328#00007F00D880FFFF
(1606770237.178184) can0 415#00000000000000
(1606770237.197205) can0 300#001B1FFF9FFF7FDF
(1606770237.197206) can0 328#00007F00D880FFFF
(1606770237.197208) can0 328#00007F00D880FFFF
(1606770237.217565) can0 330#FCFCFCFFFFFF3F7A
(1606770237.217566) can0 5F0#8281802400000000
(1606770237.217567) can0 325#000E0DED000100
(1606770237.238060) can0 236#100110002000002B
(1606770237.238061) can0 412#23008B008E00
(1606770237.238062) can0 325#000E0DED000100
(1606770237.258102) can0 236#100110004000007B
(1606770237.258103) can0 412#23008B008E00
(1606770237.258104) can0 325#000E0DED000100
(1606770237.278710) can0 236#100110006000004B
(1606770237.278711) can0 412#23008B008E00
(1606770237.278712) can0 236#10011000800000DB
(1606770237.299050) can0 412#23008B008E00
(1606770237.299052) can0 308#0000000001000000
(1606770237.299053) can0 5F0#0000000000000000
(1606770237.340212) can0 5F0#0000000000000000
(1606770237.340213) can0 5F0#0000000037BADCE2
(1606770237.340214) can0 236#10011000E000008B
(1606770237.360271) can0 412#23008B008E00
(1606770237.360273) can0 308#0000000001000000
(1606770237.360274) can0 236#100110000000001B
(1606770237.380702) can0 412#23008B008E00
(1606770237.380822) can0 308#0000000001000000
(1606770237.380824) can0 412#23008B008E00
(1606770237.401316) can0 200#1803C000C000C000
(1606770237.401318) can0 208#00406000C000C000
(1606770237.401319) can0 412#23008B008E00
(1606770237.421929) can0 200#1803C000C000C000
(1606770237.421931) can0 208#00406000C000C000
(1606770237.421932) can0 412#23008B008E00
(1606770237.462231) can0 200#1803C000C000C000
(1606770237.462233) can0 208#00406000C000C000
(1606770237.462234) can0 412#23008B008E00
(1606770237.484742) can0 308#0000000001000000
(1606770237.484744) can0 200#1803C000C000C000
(1606770237.484745) can0 200#1803C000C000C000
(1606770237.503489) can0 208#00406000C000C000
(1606770237.503489) can0 215#00000000000003
(1606770237.503490) can0 308#0000000001000000
(1606770237.544166) can0 200#1803C000C000C000
(1606770237.544167) can0 208#00406000C000C000
(1606770237.544167) can0 308#0000000001000000
(1606770237.565377) can0 200#1803C000C000C000
(1606770237.565378) can0 208#00406000C000C000
(1606770237.565385) can0 200#1803C000C000C000
(1606770237.585598) can0 208#00406000C000C000
(1606770237.585598) can0 215#00000000000003
(1606770237.585599) can0 308#0000000001000000
(1606770237.606040) can0 200#1803C000C000C000
(1606770237.606041) can0 208#00406000C000C000
(1606770237.606042) can0 215#00000000000000
(1606770237.626895) can0 308#0000000001000000
(1606770237.626896) can0 308#0000000000000000
(1606770237.626897) can0 308#0000000000000000
(1606770237.648241) can0 308#0000000000000000
(1606770237.648242) can0 312#4FB5000000000000
(1606770237.648243) can0 312#4FB5000000000000
(1606770237.667711) can0 312#4FB5000000000000
(1606770237.667712) can0 248#0008000800004000
(1606770237.667713) can0 248#0008000800004000
(1606770237.708928) can0 312#09B5000000000000
(1606770237.708929) can0 312#09B5000000000000
(1606770237.708929) can0 312#09B5000000000000
(1606770237.729282) can0 415#00000000000000
(1606770237.729283) can0 608#5A00000000000000
(1606770237.729283) can0 236#1001100030000033
(1606770237.751526) can0 315#24000000007400
(1606770237.751527) can0 359#00000081
(1606770237.751528) can0 236#1001100050000063
(1606770237.772381) can0 315#28000000007400
(1606770237.772382) can0 359#00000081
(1606770237.772382) can0 5F0#061A000000000000
(1606770237.790473) can0 5F0#0000000000000000
(1606770237.790474) can0 236#1001100070000053
(1606770237.790474) can0 318#008B00008B200000
(1606770237.810986) can0 315#30000000007400
(1606770237.810987) can0 359#30000081
(1606770237.810987) can0 315#74000000007400
(1606770237.831515) can0 359#00000081
(1606770237.831516) can0 415#00000000000000
(1606770237.831516) can0 315#78000000007400
(1606770237.852011) can0 359#00000081
(1606770237.852011) can0 415#00000000000000
(1606770237.852012) can0 315#3C000000007400
(1606770237.872589) can0 359#30000081
(1606770237.872589) can0 415#00000000000000
(1606770237.872590) can0 315#00000000007400
(1606770237.893051) can0 359#30000081
(1606770237.893052) can0 415#00000000000000
(1606770237.893052) can0 315#44000000007400
(1606770237.913514) can0 359#00000081
(1606770237.913514) can0 415#00000000000000
(1606770237.913515) can0 359#00000081
(1606770237.934261) can0 415#00000000000000
(1606770237.934262) can0 300#001B1FFF9FFF7FCF
(1606770237.934263) can0 300#009B1FFF1FFF7FDF
(1606770237.954494) can0 328#00007F00D880FFFF
(1606770237.954494) can0 330#FCFCFCFFFFFF3F7A
(1606770237.954495) can0 415#00000000000000
(1606770237.975024) can0 300#009B1FFF1FFF7FCF
(1606770237.975025) can0 328#00007F00D880FFFF
(1606770237.975025) can0 415#00000000000000
(1606770237.995608) can0 300#001B1FFF9FFF7FDF
(1606770237.995609) can0 415#00000000000000
(1606770238.016118) can0 300#001B1FFF9FFF7FDF
(1606770238.016119) can0 328#00007F00D880FFFF
(1606770238.016119) can0 415#00000000000000
(1606770238.036623) can0 300#009B1FFF1FFF7FDF
(1606770238.036624) can0 328#00007F00D880FFFF
(1606770238.036624) can0 328#00007F00D880FFFF
(1606770238.057047) can0 330#FCFCFCFFFFFF3F7A
(1606770238.057048) can0 325#000E0DED000100
(1606770238.057048) can0 325#000E0DED000100
(1606770238.077696) can0 236#100110004000007B
(1606770238.077701) can0 412#23008B008E00
(1606770238.077702) can0 325#000E0DED000100
(1606770238.098175) can0 236#100110006000004B
(1606770238.098176) can0 412#23008B008E00
(1606770238.098176) can0 408#0000880000000000
(1606770238.139197) can0 325#000E0DED000100
(1606770238.139199) can0 236#10011000800000DB
(1606770238.139199) can0 5F0#0000000037BADCE2
(1606770238.159708) can0 5F0#8281802400000000
(1606770238.159710) can0 5F0#0000006E006904D9
(1606770238.159710) can0 236#10011000C00000BB
(1606770238.180259) can0 412#23008B008E00
(1606770238.180260) can0 308#0000000001000000
(1606770238.180261) can0 236#10011000E000008B
(1606770238.200658) can0 412#23008B008E00
(1606770238.200659) can0 308#0000000001000000
(1606770238.200659) can0 236#100110000000001B
(1606770238.221171) can0 412#23008B008E00
(1606770238.221172) can0 200#1803C000C000C000
(1606770238.221172) can0 236#1001100050000063
(1606770238.241820) can0 6FD#0193004012266900
(1606770238.241821) can0 315#48000000007400
(1606770238.241822) can0 359#00000081
(1606770238.262222) can0 415#00000000000000
(1606770238.262224) can0 300#001B1FFF9FFF7FCF
(1606770238.262224) can0 6FF#2181024000000000
(1606770238.282674) can0 412#23008B008E00
(1606770238.282676) can0 308#0000000001000000
(1606770238.282677) can0 412#23008B008E00
(1606770238.303184) can0 200#1803C000C000C000
(1606770238.303185) can0 208#00406000C000C000
(1606770238.303186) can0 412#23008B008E00
(1606770238.323605) can0 308#0000000001000000
(1606770238.323606) can0 200#1803C000C000C000
(1606770238.323607) can0 308#0000000001000000
(1606770238.344097) can0 200#1803C000C000C000
(1606770238.344098) can0 208#00406000C000C000
(1606770238.344098) can0 308#0000000001000000
(1606770238.364615) can0 200#1803C000C000C000
(1606770238.364615) can0 208#00406000C000C000
(1606770238.364616) can0 308#0000000001000000
(1606770238.385106) can0 200#1803C000C000C000
(1606770238.385107) can0 208#00406000C000C000
(1606770238.385107) can0 308#0000000001000000
(1606770238.405619) can0 200#1803C000C000C000
(1606770238.405620) can0 208#00406000C000C000
(1606770238.405620) can0 308#0000000001000000
(1606770238.426224) can0 200#1803C000C000C000
(1606770238.426225) can0 208#00406000C000C000
(1606770238.426225) can0 308#0000000001000000
(1606770238.446755) can0 200#1803C000C000C000
(1606770238.446756) can0 208#00406000C000C000
(1606770238.446756) can0 215#00000000000000
(1606770238.467120) can0 308#0000000001000000
(1606770238.467121) can0 308#0000000000000000
(1606770238.467122) can0 308#0000000000000000
(1606770