(1606760058.709575) can0 248#0008000000004000
(1606760058.736900) can0 318#00FF0107FFFF0000
(1606760058.777789) can0 315#6C000000007C00
(1606760058.777792) can0 408#0000A70000000000
(1606760058.777793) can0 325#000E0DEC000100
(1606760058.798405) can0 412#FF00FF008E00
(1606760058.798408) can0 248#0008000800004000
(1606760058.798409) can0 5FE#00000000000007EA
(1606760058.818883) can0 315#30000000007C00
(1606760058.818885) can0 325#000E0DEC000100
(1606760058.818886) can0 6FB#1107040023224000
(1606760058.839505) can0 412#FF00FF008E00
(1606760058.839507) can0 248#0008000800004000
(1606760058.839508) can0 6FD#0193004012266900
(1606760058.859840) can0 315#74000000007C00
(1606760058.859843) can0 325#000E0DEC000100
(1606760058.859844) can0 6FF#2181024000000000
(1606760058.880627) can0 412#FF00FF008E00
(1606760058.880629) can0 248#0008000800004000
(1606760058.880630) can0 315#78000000007C00
(1606760058.900922) can0 325#000E0DEC000100
(1606760058.900924) can0 412#FF00FF008E00
(1606760058.900926) can0 359#30FFFF80
(1606760058.921432) can0 236#0EEB3FFF000000E6
(1606760058.921434) can0 248#0008000800004000
(1606760058.921436) can0 315#3C000000007C00
(1606760058.942017) can0 236#0EEB3FFF100000FE
(1606760058.942018) can0 325#000E0DEC000100
(1606760058.942020) can0 412#FF00FF008E00
(1606760058.962522) can0 359#30FFFF80
(1606760058.962524) can0 236#0EEB3FFF200000D6
(1606760058.962525) can0 248#0008000800004000
(1606760058.982883) can0 318#00FF01018BFF0000
(1606760058.982886) can0 315#00000000007C00
(1606760058.982887) can0 236#0EEB3FFF300000CE
(1606760059.003498) can0 408#0000A70000000000
(1606760059.003500) can0 325#080E0DEC000100
(1606760059.003501) can0 412#FF00FF008E00
(1606760059.024026) can0 359#30FFFF80
(1606760059.024029) can0 236#0EEB3FFF40000086
(1606760059.024030) can0 248#0008000800004000
(1606760059.044538) can0 300#009B1FFF1FFFFFFF
(1606760059.044540) can0 328#0000FF00D980FFFF
(1606760059.044541) can0 330#FCFCFCFFFFFF3FFF
(1606760059.065095) can0 315#44000000007C00
(1606760059.065097) can0 236#0EEB3FFF5000009E
(1606760059.065100) can0 325#080E0DEC000100
(1606760059.085468) can0 200#1E03C000C000C000
(1606760059.085486) can0 208#00206FFFC000C000
(1606760059.085488) can0 215#00000000000000
(1606760059.105905) can0 412#FF008B008E00
(1606760059.105907) can0 359#31000080
(1606760059.105909) can0 236#0EEB3FFF600000B6
(1606760059.126628) can0 248#0008000800004000
(1606760059.126630) can0 300#001B1FFF9FFFFFFF
(1606760059.126631) can0 328#0000FF00D880FFFF
(1606760059.167409) can0 330#FCFCFCFFFFFF3FFF
(1606760059.167412) can0 315#48000000007C00
(1606760059.167413) can0 000#R
(1606760059.188001) can0 236#0EEB3FFF700000AE
(1606760059.188002) can0 000#R
(1606760059.188004) can0 000#R
(1606760059.208370) can0 325#080E0DEC000100
(1606760059.208372) can0 000#R
(1606760059.208374) can0 200#1E03C000C000C000
(1606760059.229001) can0 208#00206FFFC000C000
(1606760059.229003) can0 215#00000000000003
(1606760059.229004) can0 000#R
(1606760059.251870) can0 412#FF008B008E00
(1606760059.251874) can0 359#01000080
(1606760059.251875) can0 236#0EEB3FFF80000026
(1606760059.270021) can0 248#0008000800004000
(1606760059.270023) can0 300#001B1FFF9FFFFFFF
(1606760059.270025) can0 328#0000FF00D880FFFF
(1606760059.290301) can0 330#FCFCFCFFFFFF3FFF
(1606760059.290302) can0 315#0C000000007C00
(1606760059.290303) can0 236#0EEB3FFF9000003E
(1606760059.310765) can0 325#080E0DEC000100
(1606760059.310767) can0 200#1E03C000C000C000
(1606760059.310768) can0 208#00206FFFC000C000
(1606760059.331226) can0 215#00000000000003
(1606760059.331227) can0 412#FF008B008E00
(1606760059.331228) can0 359#01000082
(1606760059.351812) can0 236#0EEB1000A000000D
(1606760059.351814) can0 248#0008000800004000
(1606760059.351815) can0 300#009B1FFF1FFFFFFF
(1606760059.372486) can0 328#0000FF00D880FFFF
(1606760059.372489) can0 330#FCFCFCFFFFFF3FFF
(1606760059.372490) can0 315#50000000007C00
(1606760059.393150) can0 236#0EEB1000B0000015
(1606760059.393152) can0 325#080E0DEC000100
(1606760059.393154) can0 200#1E03C000C000C000
(1606760059.413442) can0 208#00206000C000C000
(1606760059.413445) can0 215#00000000000000
(1606760059.413446) can0 412#FF008B008E00
(1606760059.434274) can0 359#31000082
(1606760059.434276) can0 236#0EEB1000C000005D
(1606760059.434277) can0 248#0008000800004000
(1606760059.454597) can0 300#009B1FFF1FFFFFFF
(1606760059.454600) can0 328#0000FF00D880FFFF
(1606760059.454602) can0 330#FCFCFCFFFFFF3FFF
(1606760059.475119) can0 318#00FF01018B210000
(1606760059.475121) can0 315#14000000007C00
(1606760059.475123) can0 236#0EEB1000D0000045
(1606760059.495511) can0 408#0000A70000000000
(1606760059.495513) can0 325#080E0DEC000100
(1606760059.495515) can0 200#1E03C000C000C000
(1606760059.516000) can0 208#00206000C000C000
(1606760059.516002) can0 215#00000000000000
(1606760059.516004) can0 412#FF008B008E00
(1606760059.536680) can0 359#31000082
(1606760059.536683) can0 236#0EEB1000E000006D
(1606760059.536684) can0 248#0008000800004000
(1606760059.557037) can0 300#001B1FFF9FFFFFFF
(1606760059.557040) can0 328#0000FF00D880FFFF
(1606760059.557041) can0 330#FCFCFCFFFFFF3FFF
(1606760059.577440) can0 315#18000000007C00
(1606760059.577442) can0 236#0EEB1000F0000075
(1606760059.577459) can0 325#080E0DEC000100
(1606760059.597989) can0 200#1E03C000C000C000
(1606760059.597991) can0 208#00206000C000C000
(1606760059.597993) can0 412#FF008B008E00
(1606760059.618722) can0 359#01000082
(1606760059.618724) can0 236#0EEB1000000000FD
(1606760059.618725) can0 248#0008000800004000
(1606760059.639308) can0 315#5C000000007C00
(1606760059.639310) can0 325#080E0DEC000100
(1606760059.639311) can0 412#FF008B008E00
(1606760059.659601) can0 359#01000082
(1606760059.659603) can0 236#0EEB1000200000CD
(1606760059.659605) can0 248#0008000800004000
(1606760059.680123) can0 315#60000000007C00
(1606760059.680125) can0 236#0EEB1000300000D5
(1606760059.680126) can0 325#080E0DEC000100
(1606760059.700626) can0 412#FF008B008E00
(1606760059.700628) can0 359#31000082
(1606760059.700629) can0 236#0EEB10004000009D
(1606760059.721126) can0 248#0008000800004000
(1606760059.721128) can0 315#24000000007C00
(1606760059.721130) can0 236#0EEB100050000085
(1606760059.741623) can0 325#080E0DEC000100
(1606760059.741625) can0 412#FF008B008E00
(1606760059.741627) can0 312#49A0000000000000
(1606760059.762131) can0 212#00000000AA660000
(1606760059.762133) can0 359#31000082
(1606760059.762134) can0 5F0#8281802400000000
(1606760059.782580) can0 119#8281802200000000
(1606760059.782582) can0 236#0EEB1000600000AD
(1606760059.782584) can0 119#0000004000000000
(1606760059.803295) can0 210#0000000080000000
(1606760059.803297) can0 308#0000000001000000
(1606760059.803298) can0 119#00100000000000C0
(1606760059.823897) can0 5F0#0000006E006904D9
(1606760059.823899) can0 248#0008000800004000
(1606760059.823900) can0 5F0#0000000000000000
(1606760059.844013) can0 5F0#0120032C0155055C
(1606760059.844015) can0 119#008000410040000D
(1606760059.844017) can0 5F0#061A000000000000
(1606760059.864540) can0 119#0000004B000004D9
(1606760059.864542) can0 5F0#0000000000000000
(1606760059.864543) can0 119#0184000000000000
(1606760059.885476) can0 5F0#0000028A00000000
(1606760059.885478) can0 119#0000377900000000
(1606760059.885480) can0 5F0#0000000000000000
(1606760059.905934) can0 119#00000000000006AE
(1606760059.905936) can0 5F0#0000000000000000
(1606760059.905938) can0 119#0203000003E800ED
(1606760059.926587) can0 318#00FF01018B210000
(1606760059.926590) can0 119#BCC22F1E
(1606760059.926592) can0 315#28000000007C00
(1606760059.947102) can0 5F0#0000000037BADCE2
(1606760059.947105) can0 312#49A7000000000000
(1606760059.947106) can0 212#00000000AA660000
(1606760059.967419) can0 608#7900000000000000
(1606760059.967422) can0 236#0EEB1000700000B5
(1606760059.967424) can0 408#0000A70000000000
(1606760059.987488) can0 325#080E0DEC000100
(1606760059.987490) can0 412#FF008B008E00
(1606760059.987492) can0 359#01000082
(1606760060.008084) can0 5F0#8281802400000000
(1606760060.008086) can0 119#8281802200000000
(1606760060.008087) can0 210#0000000080000000
(1606760060.028870) can0 119#0000004000000000
(1606760060.028872) can0 236#0EEB10008000003D
(1606760060.028873) can0 308#0000000001000000
(1606760060.049019) can0 5F0#0000006E006804EC
(1606760060.049021) can0 248#0008000800004000
(1606760060.049023) can0 5F0#0000000000000000
(1606760060.089948) can0 5F0#0120032C0155055C
(1606760060.089950) can0 119#00100000000000C0
(1606760060.089952) can0 5F0#061A000000000000
(1606760060.110578) can0 119#008000010040000D
(1606760060.110580) can0 5F0#0000000000000000
(1606760060.110581) can0 119#0000004B000004EC
(1606760060.130980) can0 5F0#0000028A00000000
(1606760060.130982) can0 119#0184000000000000
(1606760060.130983) can0 5F0#0000000000000000
(1606760060.151689) can0 119#0000377900000000
(1606760060.151693) can0 5F0#0000000000000000
(1606760060.151696) can0 119#0000000000000811
(1606760060.171960) can0 5F0#000000003EC090E1
(1606760060.171962) can0 119#0325000003E800ED
(1606760060.171964) can0 5FE#00000000000007EA
(1606760060.192721) can0 119#EE374049
(1606760060.192724) can0 315#6C000000007A00
(1606760060.192726) can0 312#09AE000000000000
(1606760060.213031) can0 212#000000002A660000
(1606760060.213033) can0 236#0EEB100090000025
(1606760060.213035) can0 325#080E0DEC000100
(1606760060.235767) can0 6FB#1107040023224000
(1606760060.235770) can0 412#FF008B008E00
(1606760060.235771) can0 359#01000082
(1606760060.254156) can0 5F0#8281802400000000
(1606760060.254158) can0 119#8281802200000000
(1606760060.254160) can0 210#0000000000000000
(1606760060.274716) can0 119#0000004000000000
(1606760060.274718) can0 236#0EEB1000A000000D
(1606760060.274720) can0 308#0000000000000000
(1606760060.295025) can0 5F0#0000006E006904F5
(1606760060.295028) can0 6FA#0000000000000000
(1606760060.295029) can0 248#0008000800004000
(1606760060.315474) can0 5F0#0000000000000000
(1606760060.315476) can0 5F0#0132032F0196054B
(1606760060.315478) can0 119#00100000000000C0
(1606760060.336057) can0 5F0#061A000000000000
(1606760060.336066) can0 119#008000010040000A
(1606760060.336068) can0 5F0#0000000000000000
(1606760060.356503) can0 119#000000CB000004F5
(1606760060.356506) can0 5F0#0000028A00000000
(1606760060.356507) can0 119#0181000000000000
(1606760060.377063) can0 5F0#0000000000000000
(1606760060.377065) can0 119#0000377900000000
(1606760060.377066) can0 5F0#0000000000000000
(1606760060.418036) can0 119#0000000000000811
(1606760060.418039) can0 5F0#00000000E2CA0E5E
(1606760060.418040) can0 119#0325000003E800F4
(1606760060.438632) can0 6FD#0193004012266900
(1606760060.438634) can0 119#6E0DA14A
(1606760060.438635) can0 315#30000000007A00
(1606760060.459155) can0 312#09B2000000000000
(1606760060.459157) can0 212#000000002A660000
(1606760060.459159) can0 236#0EEB1000B0000015
(1606760060.479553) can0 325#000E0DEC000100
(1606760060.479555) can0 6FF#2181024000000000
(1606760060.479557) can0 412#FF008B008E00
(1606760060.500288) can0 359#31000082
(1606760060.500290) can0 5F0#8281802400000000
(1606760060.500291) can0 119#8281802200000000
(1606760060.541044) can0 210#0000000000000000
(1606760060.541046) can0 119#0000004000000000
(1606760060.561514) can0 236#0EEB1000C000005D
(1606760060.561516) can0 119#00100000000000C0
(1606760060.561517) can0 5F0#8281802400000000
(1606760060.582102) can0 119#8281802200000000
(1606760060.582104) can0 210#0000000080000000
(1606760060.582119) can0 119#0000004000000000
(1606760060.602662) can0 236#0EEB1000200000CD
(1606760060.602664) can0 308#0000000000000000
(1606760060.602666) can0 308#0000000000000000
(1606760060.623051) can0 5F0#00000060005C04FE
(1606760060.623053) can0 248#0008000800004000
(1606760060.623055) can0 248#0008000800004000
(1606760060.643557) can0 5F0#0000000000000000
(1606760060.643632) can0 5F0#0164033602350526
(1606760060.643632) can0 248#0008000800004000
(1606760060.664050) can0 5F0#0000000000000000
(1606760060.664051) can0 5F0#0164033602350526
(1606760060.664052) can0 248#0008000800004000
(1606760060.684638) can0 5F0#0000000000000000
(1606760060.684639) can0 5F0#01720339025F051C
(1606760060.684640) can0 5F0#0000000000000000
(1606760060.705056) can0 5F0#01720339025F051C
(1606760060.705057) can0 119#00100000000000C0
(1606760060.705058) can0 5F0#0000000000000000
(1606760060.725444) can0 5F0#0180033B02860513
(1606760060.725446) can0 119#00100000000000C0
(1606760060.725447) can0 5F0#0000000000000000
(1606760060.746211) can0 5F0#0180033B02860513
(1606760060.746213) can0 119#0080000100400002
(1606760060.746213) can0 5F0#0000000000000000
(1606760060.787025) can0 5F0#018D033E02A9050B
(1606760060.787027) can0 119#0080000100400001
(1606760060.787030) can0 5F0#018D033E02A9050B
(1606760060.807762) can0 119#0080000100400001
(1606760060.807764) can0 5F0#061A000000000000
(1606760060.807765) can0 119#00100000000000C0
(1606760060.828283) can0 5F0#061A000000000000
(1606760060.828285) can0 119#0080000100400001
(1606760060.828287) can0 119#000000CA000004FF
(1606760060.848627) can0 5F0#0000000000000000
(1606760060.848629) can0 119#0170000000000000
(1606760060.848630) can0 5F0#0000028A00000000
(1606760060.869144) can0 119#016E000000000000
(1606760060.869146) can0 5F0#0000000000000000
(1606760060.869147) can0 119#0000377900000000
(1606760060.910115) can0 5F0#0000000000000000
(1606760060.910118) can0 119#0000000000000973
(1606760060.910119) can0 5F0#0000000000000000
(1606760060.930597) can0 119#0000000000000973
(1606760060.930599) can0 318#00FF01018B210000
(1606760060.930601) can0 119#0477000003E8012A
(1606760060.951110) can0 5F0#000000000245B777
(1606760060.951111) can0 119#7D62EBB8
(1606760060.951113) can0 312#09B5000000000000
(1606760060.971764) can0 212#000000002A660000
(1606760060.971766) can0 236#0EEB1000300000D5
(1606760060.971767) can0 6FA#0000000000000000
(1606760060.992324) can0 312#49B5000000000000
(1606760060.992326) can0 212#00000000AA660000
(1606760060.992327) can0 212#00000000AA660000
(1606760061.012745) can0 236#0EEB1000700000B5
(1606760061.012747) can0 325#000E0DEC000100
(1606760061.012748) can0 236#0EEB100090000025
(1606760061.033131) can0 408#0000A70000000000
(1606760061.033134) can0 325#000E0DEC000100
(1606760061.033136) can0 325#000E0DEC000100
(1606760061.053792) can0 412#2A008B008E00
(1606760061.053794) can0 359#31000082
(1606760061.053795) can0 325#000E0DEC000100
(1606760061.074332) can0 412#2A008B008E00
(1606760061.074334) can0 359#31000082
(1606760061.074335) can0 325#000E0DEC000100
(1606760061.115142) can0 412#2A008B008E00
(1606760061.115144) can0 359#01000082
(1606760061.115145) can0 325#000E0DEC000100
(1606760061.135681) can0 412#2A008B008E00
(1606760061.135683) can0 359#01000082
(1606760061.135684) can0 408#0000A70000000000
(1606760061.156126) can0 325#000E0DEC000100
(1606760061.156128) can0 412#2A008B008E00
(1606760061.156130) can0 6FB#1107040023224000
(1606760061.197209) can0 359#31000082
(1606760061.197211) can0 412#2A008B008E00
(1606760061.197213) can0 6FF#2181024000000000
(1606760061.217660) can0 359#01000082
(1606760061.217662) can0 412#2A008B008E00
(1606760061.217663) can0 412#2A008B008E00
(1606760061.238219) can0 359#01000082
(1606760061.238221) can0 5F0#8281802400000000
(1606760061.238222) can0 359#31000082
(1606760061.279119) can0 412#2A008B008E00
(1606760061.279121) can0 5F0#8281802400000000
(1606760061.279123) can0 6FA#0000000000000000
(1606760061.299530) can0 359#31000082
(1606760061.299532) can0 412#2A008B008E00
(1606760061.299533) can0 359#01000082
(1606760061.320017) can0 412#2A008B008E00
(1606760061.320019) can0 5F0#8281802400000000
(1606760061.320020) can0 359#01000082
(1606760061.340471) can0 412#2A008B008E00
(1606760061.340473) can0 5F0#8281802400000000
(1606760061.340474) can0 608#7D00000000000000
(1606760061.360966) can0 359#31000082
(1606760061.360967) can0 412#2A008B008E00
(1606760061.360967) can0 359#31000082
(1606760061.381541) can0 412#2A008B008E00
(1606760061.381543) can0 5F0#8281802400000000
(1606760061.381543) can0 412#2A008B008E00
(1606760061.402180) can0 5F0#8281802400000000
(1606760061.402182) can0 119#8281802200000000
(1606760061.402184) can0 415#0000000000000000
(1606760061.422685) can0 5F0#8281802400000000
(1606760061.422688) can0 119#8281802200000000
(1606760061.422689) can0 5F0#8281802400000000
(1606760061.443161) can0 119#8281802200000000
(1606760061.443163) can0 210#0000000000000000
(1606760061.443165) can0 5F0#8281802400000000
(1606760061.463681) can0 119#8281802200000000
(1606760061.463683) can0 210#0000000080000000
(1606760061.463685) can0 119#8281802200000000
(1606760061.484183) can0 210#0000000080000000
(1606760061.484185) can0 119#0000004000000000
(1606760061.484187) can0 119#0000004000000000
(1606760061.504882) can0 236#0EEB1000200000CD
(1606760061.504885) can0 119#00100000000000C0
(1606760061.504886) can0 119#00100000000000C0
(1606760061.525588) can0 308#0000000000000000
(1606760061.525590) can0 5F0#00000060005B04FC
(1606760061.525592) can0 5F0#00000060005B04FD
(1606760061.545717) can0 248#0008000800004000
(1606760061.545719) can0 5F0#0000000000000000
(1606760061.545720) can0 248#0008000800004000
(1606760061.566376) can0 5F0#0000000000000000
(1606760061.566378) can0 5F0#020D035C03AC04C9
(1606760061.566379) can0 248#0008000800004000
(1606760061.586830) can0 5F0#000003E700000000
(1606760061.586845) can0 5F0#0211035D03B104C8
(1606760061.586846) can0 5F0#000003E700000000
(1606760061.607232) can0 5F0#0214035E03B604C7
(1606760061.607235) can0 119#00100000000000C0
(1606760061.607236) can0 5F0#000003E700000000
(1606760061.627989) can0 300#001B1FFF9FFFFFFF
(1606760061.627991) can0 119#0080000100400000
(1606760061.627992) can0 5F0#000003E700000000
(1606760061.648323) can0 5F0#0218036003BA04C5
(1606760061.648326) can0 119#008000010040FFFF
(1606760061.648327) can0 5F0#000003E700000000
(1606760061.689534) can0 5F0#0218036003BA04C5
(1606760061.689537) can0 119#008000010040FFFF
(1606760061.689538) can0 5F0#021B036103BE04C4
(1606760061.710189) can0 119#00100000000000C0
(1606760061.710192) can0 300#001B1FFF9FFFFFFF
(1606760061.710193) can0 328#0000FF00D880FFFF
(1606760061.730652) can0 119#008000010040FFFF
(1606760061.730654) can0 330#FCFCFCFFFFFF3FFF
(1606760061.730655) can0 328#0000FF00D880FFFF
(1606760061.750974) can0 119#000000C2000004FD
(1606760061.750976) can0 330#FCFCFCFFFFFF3FFF
(1606760061.750977) can0 119#0000377900000000
(1606760061.771691) can0 5F0#061A000000000000
(1606760061.771693) can0 119#0000000000000974
(1606760061.771694) can0 5F0#061A000000000000
(1606760061.792060) can0 119#0000377900000000
(1606760061.792063) can0 5F0#0000000000000000
(1606760061.792064) can0 5F0#0000000000000000
(1606760061.812595) can0 119#0000000000000974
(1606760061.812597) can0 5F0#0000028A00000000
(1606760061.812599) can0 6FD#0193004012266900
(1606760061.833134) can0 119#CF628949
(1606760061.833136) can0 315#60000000007A00
(1606760061.833137) can0 119#9847787A
(1606760061.853527) can0 5F0#0000028A00000000
(1606760061.853529) can0 5F0#0000000000000000
(1606760061.853531) can0 5F0#0000000000000000
(1606760061.874116) can0 212#00000000AA660000
(1606760061.874118) can0 312#49B5000000000000
(1606760061.874120) can0 212#000000002A660000
(1606760061.894639) can0 5F0#0000000000000000
(1606760061.894641) can0 5F0#000000008018E038
(1606760061.894643) can0 5F0#0000000000000000
(1606760061.915224) can0 236#0EEB1000B0000015
(1606760061.915226) can0 5F0#00000000ED55E101
(1606760061.915228) can0 325#000E0DEC000100
(1606760061.935950) can0 200#1E03C000C000C000
(1606760061.935952) can0 208#00206000C000C000
(1606760061.935954) can0 110#010000000000
(1606760061.956168) can0 325#000E0DEC000100
(1606760061.956170) can0 200#1E03C000C000C000
(1606760061.956172) can0 408#0000A70000000000
(1606760061.976572) can0 325#000E0DEC000100
(1606760061.976574) can0 200#1E03C000C000C000
(1606760061.976575) can0 325#000E0DEC000100
(1606760062.017569) can0 200#1E03C000C000C000
(1606760062.017571) can0 208#00206000C000C000
(1606760062.017573) can0 200#1E03C000C000C000
(1606760062.038209) can0 208#00206000C000C000
(1606760062.038211) can0 215#00000000000003
(1606760062.038213) can0 200#1E03C000C000C000
(1606760062.058797) can0 208#00206000C000C000
(1606760062.058799) can0 200#1E03C000C000C000
(1606760062.079127) can0 208#00206000C000C000
(1606760062.079130) can0 215#00000000000000
(1606760062.079131) can0 200#1E03C000C000C000
(1606760062.099588) can0 208#00206000C000C000
(1606760062.099590) can0 215#00000000000003
(1606760062.099592) can0 200#1E03C000C000C000
(1606760062.120181) can0 208#00206000C000C000
(1606760062.120183) can0 215#00000000000003
(1606760062.120184) can0 200#1E03C000C000C000
(1606760062.140613) can0 208#00206000C000C000
(1606760062.140616) can0 215#00000000000000
(1606760062.140617) can0 215#00000000000000
(1606760062.161098) can0 359#31000082
(1606760062.161100) can0 412#2A008B008E00
(1606760062.161101) can0 412#2A008B008E00
(1606760062.222640) can0 5F0#8281802400000000
(1606760062.222642) can0 119#8281802200000000
(1606760062.222643) can0 412#2A008B008E00
(1606760062.243344) can0 5F0#8281802400000000
(1606760062.243346) can0 119#8281802200000000
(1606760062.243348) can0 5F0#8281802400000000
(1606760062.264099) can0 119#8281802200000000
(1606760062.264101) can0 210#0000000000000000
(1606760062.264102) can0 5F0#8281802400000000
(1606760062.304693) can0 119#8281802200000000
(1606760062.304695) can0 210#0000000080000000
(1606760062.304696) can0 5F0#8281802400000000
(1606760062.325367) can0 119#8281802200000000
(1606760062.325369) can0 210#0000000080000000
(1606760062.325370) can0 210#0000000000000000
(1606760062.345612) can0 119#0000004000000000
(1606760062.345614) can0 236#0EEB10004000009D
(1606760062.345616) can0 119#0000004000000000
(1606760062.366258) can0 236#0EEB1000600000AD
(1606760062.366260) can0 308#0000000001000000
(1606760062.366262) can0 308#0000000001000000
(1606760062.386749) can0 5F0#00000060005C04FD
(1606760062.386752) can0 248#0008000800004000
(1606760062.386753) can0 5F0#00000060005B04FD
(1606760062.407121) can0 248#0008000800004000
(1606760062.407132) can0 5F0#000003E700000000
(1606760062.407133) can0 248#0008000800004000
(1606760062.427810) can0 5F0#000003E700000000
(1606760062.427812) can0 5F0#023D037103DB04B9
(1606760062.427813) can0 5F0#000003E700000000
(1606760062.448171) can0 5F0#023E037203DB04B9
(1606760062.448173) can0 119#00100000000000C0
(1606760062.448174) can0 5F0#000003E700000000
(1606760062.468662) can0 5F0#023F037303DC04B8
(1606760062.468664) can0 119#00100000000000C0
(1606760062.468666) can0 5F0#000003E700000000
(1606760062.489166) can0 5F0#023F037303DC04B8
(1606760062.489168) can0 119#008000010040FFFB
(1606760062.489170) can0 5F0#0240037403DC04B8
(1606760062.509995) can0 119#008000010040FFFB
(1606760062.509997) can0 5F0#061A000000000000
(1606760062.509999) can0 5F0#0240037403DC04B8
(1606760062.530298) can0 119#008000010040FFFB
(1606760062.530300) can0 5F0#061A000000000000
(1606760062.530301) can0 119#008000010040FFFB
(1606760062.550760) can0 5F0#0000000000000000
(1606760062.550763) can0 119#000000BF000004FC
(1606760062.550764) can0 119#013C000000000000
(1606760062.570971) can0 300#009B1FFF1FFF7FCF
(1606760062.570973) can0 119#0000377900000000
(1606760062.570973) can0 119#013B000000000000
(1606760062.591444) can0 330#FCFCFCFFFFFF3F78
(1606760062.591452) can0 5F0#0000000000000000
(1606760062.591452) can0 328#00007B00D880FFFF
(1606760062.611964) can0 119#0000000000000974
(1606760062.611965) can0 330#FCFCFCFFFFFF3F78
(1606760062.611966) can0 5F0#0000028A00000000
(1606760062.632571) can0 119#023CC96A
(1606760062.632572) can0 5F0#0000000000000000
(1606760062.632572) can0 119#9C585CC9
(1606760062.653146) can0 5F0#0000000000000000
(1606760062.653148) can0 5F0#0000000000000000
(1606760062.653149) can0 312#09B5000000000000
(1606760062.694351) can0 212#000000002A660000
(1606760062.694353) can0 5F0#0000000000000000
(1606760062.694354) can0 236#0EEB1000D0000045
(1606760062.714786) can0 415#0000000000000000
(1606760062.714788) can0 325#000E0DEC000100
(1606760062.714790) can0 325#000E0DEC000100
(1606760062.735191) can0 359#01000082
(1606760062.735193) can0 200#1E03C000C000C000
(1606760062.735194) can0 325#000E0DEC000100
