(0000000000.113900) vcan0 4A0#3863271081010076
(0000000000.214000) vcan0 4A0#3863271081010076
(0000000000.314000) vcan0 4A0#3863271081010076
(0000000000.414000) vcan0 4A0#3863271081010076
(0000000000.514000) vcan0 4A0#3863271081010076
(0000000000.614000) vcan0 4A0#3863271081010076
(0000000000.714000) vcan0 4A0#3863271081010076
(0000000000.814000) vcan0 4A0#3863271081010076
(0000000000.914000) vcan0 4A0#3863271081010076
(0000000001.014100) vcan0 4A0#3863271081010076
(0000000001.114100) vcan0 4A0#3863271081010076
(0000000001.214000) vcan0 4A0#3863271081010076
(0000000001.314100) vcan0 4A0#3863271081010076
(0000000001.414100) vcan0 4A0#3863271081010076
(0000000001.514100) vcan0 4A0#3863271081010076
(0000000001.614100) vcan0 4A0#3863271081010076
(0000000001.714100) vcan0 4A0#3863273181010076
(0000000001.814100) vcan0 4A0#3863300381010C76
(0000000001.914100) vcan0 4A0#3863338581011176
(0000000002.014100) vcan0 4A0#3863382081011876
(0000000002.114100) vcan0 4A0#38633DA281012076
(0000000002.214100) vcan0 4A0#3863416281012576
(0000000002.314100) vcan0 4A0#3863461F81012C76
(0000000002.414100) vcan0 4A0#38514AAF81013276
(0000000002.514100) vcan0 4A0#3863502A81013A76
(0000000002.614100) vcan0 4A0#386353F081013F76
(0000000002.714100) vcan0 4A0#3863591D81014776
(0000000002.814100) vcan0 4A0#38635CB681014C76
(0000000002.914100) vcan0 4A0#386360D681015276
(0000000003.014100) vcan0 4A0#386364B281015776
(0000000003.114100) vcan0 4A0#3863686D81015D76
(0000000003.214100) vcan0 4A0#38636CB981016376
(0000000003.314100) vcan0 4A0#3863706981016876
(0000000003.414100) vcan0 4A0#3863752681016F76
(0000000003.514100) vcan0 4A0#3863798E81017576
(0000000003.614100) vcan0 4A0#38637C6381017976
(0000000003.714100) vcan0 4A0#38637F1081017D76
(0000000003.814100) vcan0 4A0#3863836281018376
(0000000003.914100) vcan0 4A0#3863880381018A76
(0000000004.014100) vcan0 4A0#38638E5A81019376
(0000000004.114100) vcan0 4A0#3863922581019876
(0000000004.214200) vcan0 4A0#3863948F81019C76
(0000000004.314200) vcan0 4A0#386398178101A176
(0000000004.414200) vcan0 4A0#38639C698101A776
(0000000004.514200) vcan0 4A0#3863A0AA8101AD76
(0000000004.614200) vcan0 4A0#3863A3B78101B176
(0000000004.714200) vcan0 4A0#3863A8098101B776
(0000000004.814200) vcan0 4A0#3863AC128101BD76
(0000000004.914200) vcan0 4A0#3863AE5A8101C076
(0000000005.014200) vcan0 4A0#3863B0D58101C476
(0000000005.114200) vcan0 4A0#3863B6568101CC76
(0000000005.214200) vcan0 4A0#3863BAD08101D276
(0000000005.314200) vcan0 4A0#3863BE7F8101D276
(0000000005.414300) vcan0 4A0#3863C1488101D276
(0000000005.514300) vcan0 4A0#3863C4178101D276
(0000000005.614200) vcan0 4A0#3863C6388101D276
(0000000005.714300) vcan0 4A0#3863C92E8101D276
(0000000005.814300) vcan0 4A0#3863CD598101D276
(0000000005.914300) vcan0 4A0#3863D1B08101D276
(0000000006.014300) vcan0 4A0#3863D4C88101D276
(0000000006.114300) vcan0 4A0#3863D8508101D276
(0000000006.214300) vcan0 4A0#3863D8AA8101D276
(0000000006.314300) vcan0 4A0#3863D8ED8101D276
(0000000006.414300) vcan0 4A0#3863D9268101D276
(0000000006.514300) vcan0 4A0#3863D9968101D276
(0000000006.614300) vcan0 4A0#3863D9DF8101D276
(0000000006.714300) vcan0 4A0#3863DA118101D276
(0000000006.814300) vcan0 4A0#3863DA398101D276
(0000000006.914300) vcan0 4A0#3863DA3E8101D276
(0000000007.014400) vcan0 4A0#3863DA448101D276
(0000000007.114400) vcan0 4A0#3863DA608101D276
(0000000007.214300) vcan0 4A0#3863DA608101D276
(0000000007.314400) vcan0 4A0#3863DA668101D276
(0000000007.414600) vcan0 4A0#3863DA6B8101D276
(0000000007.514500) vcan0 4A0#3863DA7C8101D276
(0000000007.614600) vcan0 4A0#3863DA718101D276
(0000000007.714500) vcan0 4A0#3863DA828101D276
(0000000007.814500) vcan0 4A0#3863DA7C8101D276
(0000000007.914500) vcan0 4A0#3863DA7C8101D276
(0000000008.014500) vcan0 4A0#3863DA828101D276
(0000000008.114600) vcan0 4A0#3863DA8D8101D276
(0000000008.214600) vcan0 4A0#3863DA878101D276
(0000000008.314600) vcan0 4A0#3863DA8D8101D276
(0000000008.414500) vcan0 4A0#3863DA878101D276
(0000000008.514600) vcan0 4A0#3863DAA98101D276
(0000000008.614400) vcan0 4A0#3863DA9E8101D276
(0000000008.714500) vcan0 4A0#3863DAA38101D276
(0000000008.814300) vcan0 4A0#3863DA988101D276
(0000000008.914500) vcan0 4A0#3863DAAF8101D276
(0000000009.014300) vcan0 4A0#3863DA9E8101D276
(0000000009.114500) vcan0 4A0#3863DA8D8101D276
(0000000009.214500) vcan0 4A0#3863DA7C8101D276
(0000000009.314300) vcan0 4A0#3863D9FB8101D276
(0000000009.414300) vcan0 4A0#38638B9681018F76
(0000000009.514300) vcan0 4A0#3863271081010076
(0000000009.614500) vcan0 4A0#3863271081010076
(0000000009.714500) vcan0 4A0#3863271081010076
(0000000009.814500) vcan0 4A0#3863D4638101D276
(0000000009.914500) vcan0 4A0#3863950581019C76
(0000000010.014500) vcan0 4A0#3863271081010076
(0000000010.114300) vcan0 4A0#38632C6481010776
(0000000010.214300) vcan0 4A0#3863DAC08101D276
(0000000010.314200) vcan0 4A0#38635E5681014E76
(0000000010.414500) vcan0 4A0#3863271081010076
(0000000010.514500) vcan0 4A0#38633CFF81011F76
(0000000010.614300) vcan0 4A0#3863DAC08101D276
(0000000010.714500) vcan0 4A0#3863336981011176
(0000000010.814200) vcan0 4A0#3863271081010076
(0000000010.914500) vcan0 4A0#3863271081010076
(0000000011.014200) vcan0 4A0#3863271081010076
(0000000011.114300) vcan0 4A0#3863271081010076
(0000000011.214500) vcan0 4A0#3863271081010076
(0000000011.314500) vcan0 4A0#3863271081010076
(0000000011.414400) vcan0 4A0#3863271081010076
(0000000011.514200) vcan0 4A0#3863271081010076
(0000000011.614100) vcan0 4A0#3863271081010076
(0000000011.714500) vcan0 4A0#3863271081010076
