(0000000000.072100) vcan0 210#0000000000000000
(0000000000.092000) vcan0 210#0000008080000000
(0000000000.112000) vcan0 210#0000008080000000
(0000000000.132000) vcan0 210#0000000000000000
(0000000000.152000) vcan0 210#0000000000000000
(0000000000.171900) vcan0 210#0000008080000000
(0000000000.191900) vcan0 210#0000008080000000
(0000000000.211800) vcan0 210#0000000000000000
(0000000000.231800) vcan0 210#0000000000000000
(0000000000.251800) vcan0 210#0000008080000000
(0000000000.271800) vcan0 210#0000008080000000
(0000000000.291700) vcan0 210#0000000000000000
(0000000000.311700) vcan0 210#0000000000000000
(0000000000.331600) vcan0 210#0000008080000000
(0000000000.351600) vcan0 210#0000008080000000
(0000000000.371600) vcan0 210#0000000000000000
(0000000000.391600) vcan0 210#0000000000000000
(0000000000.411500) vcan0 210#0000008080000000
(0000000000.431500) vcan0 210#0000008080000000
(0000000000.451400) vcan0 210#0000000000000000
(0000000000.471400) vcan0 210#0000000000000000
(0000000000.491400) vcan0 210#0000008080000000
(0000000000.511300) vcan0 210#0000008080000000
(0000000000.531300) vcan0 210#0000000000000000
(0000000000.551300) vcan0 210#0000000000000000
(0000000000.571200) vcan0 210#0000008080000000
(0000000000.591200) vcan0 210#0000008080000000
(0000000000.611200) vcan0 210#0000000000000000
(0000000000.631200) vcan0 210#0000000000000000
(0000000000.651100) vcan0 210#0000008080000000
(0000000000.671100) vcan0 210#0000008080000000
(0000000000.691100) vcan0 210#0000000000000000
(0000000000.711000) vcan0 210#0000000000000000
(0000000000.731000) vcan0 210#0000008080000000
(0000000000.750900) vcan0 210#0000008080000000
(0000000000.771000) vcan0 210#0000000000000000
(0000000000.790900) vcan0 210#0000000000000000
(0000000000.810900) vcan0 210#0000008080000000
(0000000000.830900) vcan0 210#0000008080000000
(0000000000.850800) vcan0 210#0000000000000000
(0000000000.870800) vcan0 210#0000000000000000
(0000000000.890700) vcan0 210#0000008080000000
(0000000000.910700) vcan0 210#0000008080000000
(0000000000.930700) vcan0 210#0000000000000000
(0000000000.950700) vcan0 210#0000000000000000
(0000000000.970700) vcan0 210#0000008080000000
(0000000000.990600) vcan0 210#0000008080000000
(0000000001.010600) vcan0 210#0000000000000000
(0000000001.030599) vcan0 210#0000000000000000
(0000000001.050500) vcan0 210#0000008080000000
(0000000001.070700) vcan0 210#0000008080000000
(0000000001.090400) vcan0 210#0000000000000000
(0000000001.110400) vcan0 210#0300028000000000
(0000000001.130400) vcan0 210#0400058080000000
(0000000001.150400) vcan0 210#0500068080000000
(0000000001.170400) vcan0 210#0500078000000000
(0000000001.190400) vcan0 210#0500088000000000
(0000000001.210200) vcan0 210#0500080080000000
(0000000001.230200) vcan0 210#0500080080000000
(0000000001.250100) vcan0 210#0500088000000000
(0000000001.270100) vcan0 210#0500088000000000
(0000000001.290100) vcan0 210#0500080080000000
(0000000001.310100) vcan0 210#0600080080000000
(0000000001.330000) vcan0 210#0700090000000000
(0000000001.350000) vcan0 210#08000B8000000000
(0000000001.370000) vcan0 210#09000C8080000000
(0000000001.389900) vcan0 210#0A000E0080000000
(0000000001.409900) vcan0 210#0B000F0000000000
(0000000001.429900) vcan0 210#0C00110000000000
(0000000001.449800) vcan0 210#0D00128080000000
(0000000001.469800) vcan0 210#0D00130080000000
(0000000001.489700) vcan0 210#0E00140000000000
(0000000001.509700) vcan0 210#0F00140000000000
(0000000001.529700) vcan0 210#0F00160080000000
(0000000001.549600) vcan0 210#1000178080000000
(0000000001.569600) vcan0 210#1100180000000000
(0000000001.589600) vcan0 210#1200198000000000
(0000000001.609600) vcan0 210#12001A0080000000
(0000000001.629500) vcan0 210#13001B8080000000
(0000000001.649500) vcan0 210#14001C8000000000
(0000000001.669500) vcan0 210#15001E0000000000
(0000000001.689400) vcan0 210#16001F0080000000
(0000000001.709400) vcan0 210#1700218080000000
(0000000001.729400) vcan0 210#1800210000000000
(0000000001.749300) vcan0 210#1900220000000000
(0000000001.769300) vcan0 210#1900230080000000
(0000000001.789300) vcan0 210#1A00248080000000
(0000000001.809200) vcan0 210#1A00258000000000
(0000000001.829200) vcan0 210#1A00268000000000
(0000000001.849200) vcan0 210#1B00278080000000
(0000000001.869200) vcan0 210#1C00288080000000
(0000000001.889100) vcan0 210#1D00298000000000
(0000000001.909100) vcan0 210#1E002A8000000000
(0000000001.929000) vcan0 210#1F002B8080000000
(0000000001.949000) vcan0 210#20002C0080000000
(0000000001.969000) vcan0 210#21002E0000000000
(0000000001.988900) vcan0 210#22002F8000000000
(0000000002.008900) vcan0 210#2300310080000000
(0000000002.028900) vcan0 210#2400338080000000
(0000000002.048800) vcan0 210#2600350000000000
(0000000002.068800) vcan0 210#2700378000000000
(0000000002.088800) vcan0 210#2800398080000000
(0000000002.108800) vcan0 210#29003A8080000000
(0000000002.128700) vcan0 210#2B003C0000000000
(0000000002.148700) vcan0 210#2C003E8000000000
(0000000002.168700) vcan0 210#2D003F8080000000
(0000000002.188600) vcan0 210#2E00418080000000
(0000000002.208600) vcan0 210#3000438000000000
(0000000002.228600) vcan0 210#3000440000000000
(0000000002.248500) vcan0 210#3100460080000000
(0000000002.268500) vcan0 210#3300488080000000
(0000000002.288500) vcan0 210#34004A8000000000
(0000000002.308400) vcan0 210#35004B0000000000
(0000000002.328400) vcan0 210#35004C0080000000
(0000000002.348400) vcan0 210#36004D8080000000
(0000000002.368400) vcan0 210#37004E0000000000
(0000000002.388300) vcan0 210#37004F8000000000
(0000000002.408300) vcan0 210#3800508080000000
(0000000002.428200) vcan0 210#3900510080000000
(0000000002.448200) vcan0 210#3A00528000000000
(0000000002.468200) vcan0 210#3B00548000000000
(0000000002.488200) vcan0 210#3C00568080000000
(0000000002.508100) vcan0 210#3E00580080000000
(0000000002.528100) vcan0 210#3F005A0000000000
(0000000002.548100) vcan0 210#40005B8000000000
(0000000002.568000) vcan0 210#41005D0080000000
(0000000002.588000) vcan0 210#43005E0080000000
(0000000002.608000) vcan0 210#4300600000000000
(0000000002.627900) vcan0 210#4500618000000000
(0000000002.647900) vcan0 210#4600638080000000
(0000000002.667900) vcan0 210#4700658080000000
(0000000002.687800) vcan0 210#4900678000000000
(0000000002.707800) vcan0 210#4A00690000000000
(0000000002.727800) vcan0 210#4B006B0080000000
(0000000002.747800) vcan0 210#4C006C8080000000
(0000000002.767700) vcan0 210#4D006E8000000000
(0000000002.787700) vcan0 210#4E006F0000000000
(0000000002.807700) vcan0 210#4F00718080000000
(0000000002.827600) vcan0 210#5000728080000000
(0000000002.847600) vcan0 210#5100738000000000
(0000000002.867600) vcan0 210#5100740000000000
(0000000002.887500) vcan0 210#5100748080000000
(0000000002.907500) vcan0 210#5200750080000000
(0000000002.927500) vcan0 210#5200758000000000
(0000000002.947500) vcan0 210#5200768000000000
(0000000002.967400) vcan0 210#5300778080000000
(0000000002.987400) vcan0 210#5400788080000000
(0000000003.007300) vcan0 210#5500798000000000
(0000000003.027300) vcan0 210#57007B0000000000
(0000000003.047300) vcan0 210#58007D8080000000
(0000000003.067200) vcan0 210#59007E8080000000
(0000000003.087200) vcan0 210#59007F8000000000
(0000000003.107200) vcan0 210#5A00808000000000
(0000000003.127200) vcan0 210#5A00818080000000
(0000000003.147100) vcan0 210#5B00818080000000
(0000000003.167100) vcan0 210#5C00838000000000
(0000000003.187100) vcan0 210#5C00840000000000
(0000000003.207000) vcan0 210#5E00860080000000
(0000000003.227000) vcan0 210#5F00878080000000
(0000000003.247000) vcan0 210#61008A8000000000
(0000000003.266900) vcan0 210#63008C8000000000
(0000000003.286900) vcan0 210#64008F0080000000
(0000000003.306900) vcan0 210#6600910080000000
(0000000003.326800) vcan0 210#6700930000000000
(0000000003.346800) vcan0 210#6900950000000000
(0000000003.366800) vcan0 210#6B00970080000000
(0000000003.386800) vcan0 210#6C00998080000000
(0000000003.406700) vcan0 210#6E009B8000000000
(0000000003.426700) vcan0 210#70009D8000000000
(0000000003.446700) vcan0 210#72009F8080000000
(0000000003.466600) vcan0 210#7400A08080000000
(0000000003.486600) vcan0 210#7500A28000000000
(0000000003.506500) vcan0 210#7800A48000000000
(0000000003.526500) vcan0 210#7800A58080000000
(0000000003.546500) vcan0 210#7900A70080000000
(0000000003.566500) vcan0 210#7C00A88000000000
(0000000003.586400) vcan0 210#7C00AA0000000000
(0000000003.606400) vcan0 210#7E00AA8080000000
(0000000003.626400) vcan0 210#8000AC8080000000
(0000000003.646300) vcan0 210#8100AD8000000000
(0000000003.666400) vcan0 210#8300AF0000000000
(0000000003.686300) vcan0 210#8400B00080000000
(0000000003.706300) vcan0 210#8500B28080000000
(0000000003.726300) vcan0 210#8800B38000000000
(0000000003.746200) vcan0 210#8900B58000000000
(0000000003.766200) vcan0 210#8C00B78080000000
(0000000003.786100) vcan0 210#8D00B88080000000
(0000000003.806100) vcan0 210#9000BA8000000000
(0000000003.826100) vcan0 210#9100BC8000000000
(0000000003.846000) vcan0 210#9400BE8080000000
(0000000003.866100) vcan0 210#9500BF0080000000
(0000000003.886000) vcan0 210#9700C18000000000
(0000000003.906000) vcan0 210#9800C28000000000
(0000000003.926000) vcan0 210#9B00C38080000000
(0000000003.945900) vcan0 210#9C00C58080000000
(0000000003.965900) vcan0 210#9E00C60000000000
(0000000003.985900) vcan0 210#A100C60000000000
(0000000004.005900) vcan0 210#A100C70080000000
(0000000004.025900) vcan0 210#A100C80080000000
(0000000004.045900) vcan0 210#A400C90000000000
(0000000004.065900) vcan0 210#A400CA0000000000
(0000000004.085600) vcan0 210#A700CB0080000000
(0000000004.105600) vcan0 210#A700CC8080000000
(0000000004.125600) vcan0 210#AA00CC0000000000
(0000000004.145500) vcan0 210#AB00CE8000000000
(0000000004.165500) vcan0 210#AD00CF8080000000
(0000000004.185500) vcan0 210#AE00D00080000000
(0000000004.205500) vcan0 210#B000D10000000000
(0000000004.225500) vcan0 210#B100D20000000000
(0000000004.245500) vcan0 210#B400D30080000000
(0000000004.265500) vcan0 210#B400D48080000000
(0000000004.285500) vcan0 210#B700D58000000000
(0000000004.305500) vcan0 210#B700D68000000000
(0000000004.325500) vcan0 210#BA00D60080000000
(0000000004.345200) vcan0 210#BB00D78080000000
(0000000004.365200) vcan0 210#BD00D80000000000
(0000000004.385200) vcan0 210#C000DA8000000000
(0000000004.405100) vcan0 210#C200DB8080000000
(0000000004.425100) vcan0 210#C400DD8080000000
(0000000004.445100) vcan0 210#C700DE0000000000
(0000000004.465100) vcan0 210#C800DF8000000000
(0000000004.485000) vcan0 210#CB00E18080000000
(0000000004.505000) vcan0 210#CE00E28080000000
(0000000004.525000) vcan0 210#CF00E38000000000
(0000000004.544900) vcan0 210#D200E58000000000
(0000000004.564900) vcan0 210#D500E60080000000
(0000000004.584900) vcan0 210#D600E78080000000
(0000000004.604900) vcan0 210#D900E98000000000
(0000000004.624800) vcan0 210#DB00EA8000000000
(0000000004.644800) vcan0 210#DC00EC0080000000
(0000000004.664800) vcan0 210#DD00ED8080000000
(0000000004.684700) vcan0 210#DE00EE0000000000
(0000000004.704700) vcan0 210#DF00EF8000000000
(0000000004.724700) vcan0 210#E000F10080000000
(0000000004.744700) vcan0 210#E100F20080000000
(0000000004.764600) vcan0 210#E200F30000000000
(0000000004.784600) vcan0 210#E300F48000000000
(0000000004.804600) vcan0 210#E400F58080000000
(0000000004.824500) vcan0 210#E400F58080000000
(0000000004.844500) vcan0 210#E400F50000000000
(0000000004.864500) vcan0 210#E400F50000000000
(0000000004.884500) vcan0 210#E400F58080000000
(0000000004.904400) vcan0 210#E400F58080000000
(0000000004.924400) vcan0 210#E400F50000000000
(0000000004.944400) vcan0 210#E400F50000000000
(0000000004.964500) vcan0 210#E400F58080000000
(0000000004.984300) vcan0 210#E400F58080000000
(0000000005.004200) vcan0 210#E500F60000000000
(0000000005.024300) vcan0 210#E500F60000000000
(0000000005.044200) vcan0 210#E500F68080000000
(0000000005.064200) vcan0 210#E500F68080000000
(0000000005.084200) vcan0 210#E500F78000000000
(0000000005.104300) vcan0 210#E500F60000000000
(0000000005.124200) vcan0 210#E500F70080000000
(0000000005.144300) vcan0 210#E500F70080000000
(0000000005.164200) vcan0 210#E600F78000000000
(0000000005.184200) vcan0 210#E600F78000000000
(0000000005.204200) vcan0 210#E600F70080000000
(0000000005.224300) vcan0 210#E600F70080000000
(0000000005.244200) vcan0 210#E600F78000000000
(0000000005.264300) vcan0 210#E600F78000000000
(0000000005.284200) vcan0 210#E600F70080000000
(0000000005.304300) vcan0 210#E600F70080000000
(0000000005.324200) vcan0 210#E600F78000000000
(0000000005.344300) vcan0 210#E600F78000000000
(0000000005.363800) vcan0 210#E600F70080000000
(0000000005.384300) vcan0 210#E600F70080000000
(0000000005.404200) vcan0 210#E600F78000000000
(0000000005.424300) vcan0 210#E600F78000000000
(0000000005.444200) vcan0 210#E600F70080000000
(0000000005.463400) vcan0 210#E600F70080000000
(0000000005.483400) vcan0 210#E600F78000000000
(0000000005.503400) vcan0 210#E600F78000000000
(0000000005.523400) vcan0 210#E600F70080000000
(0000000005.543300) vcan0 210#E600F70080000000
(0000000005.563300) vcan0 210#E600F78000000000
(0000000005.583300) vcan0 210#E600F78000000000
(0000000005.603200) vcan0 210#E600F70080000000
(0000000005.623200) vcan0 210#E600F70080000000
(0000000005.643200) vcan0 210#E600F78000000000
(0000000005.663100) vcan0 210#E600F78000000000
(0000000005.683100) vcan0 210#E600F70080000000
(0000000005.703100) vcan0 210#E600F70080000000
(0000000005.723100) vcan0 210#E600F78000000000
(0000000005.743100) vcan0 210#E600F78000000000
(0000000005.763000) vcan0 210#E600F70080000000
(0000000005.783000) vcan0 210#E600F70080000000
(0000000005.802900) vcan0 210#E600F78000000000
(0000000005.822900) vcan0 210#E600F78000000000
(0000000005.842900) vcan0 210#E600F70080000000
(0000000005.862800) vcan0 210#E600F70080000000
(0000000005.882800) vcan0 210#E600F78000000000
(0000000005.902800) vcan0 210#E600F78000000000
(0000000005.922700) vcan0 210#E600F70080000000
(0000000005.943000) vcan0 210#E600F70080000000
(0000000005.962700) vcan0 210#E600F78000000000
(0000000005.982700) vcan0 210#E600F78000000000
(0000000006.002600) vcan0 210#E600F70080000000
(0000000006.022600) vcan0 210#E600F70080000000
(0000000006.042600) vcan0 210#E600F78000000000
(0000000006.062500) vcan0 210#E600F78000000000
(0000000006.082500) vcan0 210#E600F70080000000
(0000000006.102400) vcan0 210#E600F70080000000
(0000000006.122400) vcan0 210#E600F78000000000
(0000000006.142400) vcan0 210#E600F78000000000
(0000000006.162400) vcan0 210#E600F70080000000
(0000000006.182400) vcan0 210#E600F70080000000
(0000000006.202300) vcan0 210#E600F78000000000
(0000000006.222300) vcan0 210#E600F78000000000
(0000000006.242200) vcan0 210#E600F70080000000
(0000000006.262200) vcan0 210#E600F70080000000
(0000000006.282200) vcan0 210#E600F78000000000
(0000000006.302100) vcan0 210#E600F78000000000
(0000000006.322100) vcan0 210#E600F70080000000
(0000000006.342100) vcan0 210#E600F70080000000
(0000000006.362100) vcan0 210#E600F78000000000
(0000000006.382000) vcan0 210#E600F78000000000
(0000000006.402000) vcan0 210#E600F70080000000
(0000000006.422000) vcan0 210#E600F70080000000
(0000000006.441900) vcan0 210#E600F78000000000
(0000000006.461900) vcan0 210#E600F78000000000
(0000000006.481900) vcan0 210#E600F70080000000
(0000000006.501800) vcan0 210#E600F70080000000
(0000000006.521800) vcan0 210#E600F78000000000
(0000000006.541800) vcan0 210#E600F88000000000
(0000000006.561800) vcan0 210#E600F70080000000
(0000000006.581700) vcan0 210#E600F70080000000
(0000000006.601700) vcan0 210#E600F78000000000
(0000000006.621700) vcan0 210#E600F78000000000
(0000000006.641600) vcan0 210#E600F70080000000
(0000000006.661600) vcan0 210#E600F70080000000
(0000000006.681600) vcan0 210#E600F78000000000
(0000000006.701600) vcan0 210#E600F78000000000
(0000000006.721500) vcan0 210#E600F70080000000
(0000000006.741500) vcan0 210#E600F80080000000
(0000000006.761600) vcan0 210#E600F78000000000
(0000000006.781400) vcan0 210#E600F78000000000
(0000000006.801400) vcan0 210#E600F70080000000
(0000000006.821400) vcan0 210#E600F70080000000
(0000000006.841400) vcan0 210#E600F78000000000
(0000000006.861400) vcan0 210#E600F88000000000
(0000000006.881400) vcan0 210#E600F70080000000
(0000000006.901400) vcan0 210#E600F70080000000
(0000000006.921400) vcan0 210#E600F78000000000
(0000000006.941400) vcan0 210#E600F78000000000
(0000000006.961200) vcan0 210#E600F80080000000
(0000000006.981100) vcan0 210#E600F80080000000
(0000000007.001100) vcan0 210#E600F88000000000
(0000000007.021000) vcan0 210#E600F78000000000
(0000000007.041000) vcan0 210#E600F80080000000
(0000000007.061000) vcan0 210#E600F80080000000
(0000000007.081000) vcan0 210#E600F78000000000
(0000000007.100900) vcan0 210#E600F78000000000
(0000000007.120900) vcan0 210#E600F80080000000
(0000000007.140900) vcan0 210#E600F70080000000
(0000000007.160800) vcan0 210#E600F88000000000
(0000000007.180800) vcan0 210#E600F88000000000
(0000000007.200800) vcan0 210#E600F80080000000
(0000000007.220800) vcan0 210#E600F80080000000
(0000000007.240800) vcan0 210#E600F88000000000
(0000000007.260700) vcan0 210#E600F88000000000
(0000000007.280700) vcan0 210#E600F80080000000
(0000000007.300700) vcan0 210#E600F80080000000
(0000000007.320700) vcan0 210#E600F88000000000
(0000000007.340600) vcan0 210#E600F88000000000
(0000000007.360500) vcan0 210#E600F80080000000
(0000000007.380500) vcan0 210#E600F80080000000
(0000000007.400500) vcan0 210#E600F78000000000
(0000000007.420400) vcan0 210#E600F88000000000
(0000000007.440500) vcan0 210#E600F80080000000
(0000000007.460400) vcan0 210#E600F80080000000
(0000000007.480400) vcan0 210#E600F88000000000
(0000000007.500300) vcan0 210#E600F88000000000
(0000000007.520300) vcan0 210#E600F80080000000
(0000000007.540300) vcan0 210#E600F80080000000
(0000000007.560200) vcan0 210#E600F88000000000
(0000000007.580200) vcan0 210#E600F88000000000
(0000000007.600200) vcan0 210#E600F80080000000
(0000000007.620100) vcan0 210#E600F80080000000
(0000000007.640100) vcan0 210#E600F88000000000
(0000000007.660100) vcan0 210#E600F88000000000
(0000000007.680000) vcan0 210#E600F80080000000
(0000000007.700000) vcan0 210#E600F80080000000
(0000000007.720000) vcan0 210#E600F88000000000
(0000000007.740000) vcan0 210#E600F88000000000
(0000000007.759900) vcan0 210#E600F80080000000
(0000000007.779900) vcan0 210#E600F70080000000
(0000000007.799800) vcan0 210#E600F78000000000
(0000000007.819800) vcan0 210#E600F78000000000
(0000000007.839800) vcan0 210#E600F70080000000
(0000000007.859800) vcan0 210#E500F70080000000
(0000000007.879700) vcan0 210#DE00F48000000000
(0000000007.899700) vcan0 210#9B00DC8000000000
(0000000007.919700) vcan0 210#5800A40080000000
(0000000007.939600) vcan0 210#1A00538080000000
(0000000007.959600) vcan0 210#0C00000000000000
(0000000007.979600) vcan0 210#0B00000000000000
(0000000007.999600) vcan0 210#0B00008080000000
(0000000008.019500) vcan0 210#0B00008080000000
(0000000008.039500) vcan0 210#0B00000000000000
(0000000008.059500) vcan0 210#0A00000000000000
(0000000008.079500) vcan0 210#0A00008080000000
(0000000008.099400) vcan0 210#0A00008080000000
(0000000008.119400) vcan0 210#0900000000000000
(0000000008.139300) vcan0 210#0900000000000000
(0000000008.159300) vcan0 210#0900008080000000
(0000000008.179300) vcan0 210#0800008080000000
(0000000008.199299) vcan0 210#0800000000000000
(0000000008.219200) vcan0 210#3700180000000000
(0000000008.239200) vcan0 210#7900818080000000
(0000000008.259200) vcan0 210#E500CD0080000000
(0000000008.279100) vcan0 210#E900FA0000000000
(0000000008.299100) vcan0 210#E900FA0000000000
(0000000008.319100) vcan0 210#E900FA8080000000
(0000000008.339000) vcan0 210#E800FA8080000000
(0000000008.359000) vcan0 210#E700F90000000000
(0000000008.378900) vcan0 210#E600F88000000000
(0000000008.398900) vcan0 210#E300F70080000000
(0000000008.418900) vcan0 210#B600EA0080000000
(0000000008.438900) vcan0 210#6700B70000000000
(0000000008.458800) vcan0 210#3700708000000000
(0000000008.478800) vcan0 210#0A002F0080000000
(0000000008.498800) vcan0 210#0300008080000000
(0000000008.518800) vcan0 210#0300000000000000
(0000000008.538700) vcan0 210#0300000000000000
(0000000008.558700) vcan0 210#0200008080000000
(0000000008.578600) vcan0 210#0200008080000000
(0000000008.598600) vcan0 210#0200000000000000
(0000000008.618600) vcan0 210#0100000000000000
(0000000008.638600) vcan0 210#0100008080000000
(0000000008.658500) vcan0 210#0100008080000000
(0000000008.678500) vcan0 210#0000000000000000
(0000000008.698500) vcan0 210#1400000000000000
(0000000008.718400) vcan0 210#5E005C8080000000
(0000000008.738400) vcan0 210#A700AE0080000000
(0000000008.758400) vcan0 210#E600EC8000000000
(0000000008.778300) vcan0 210#E700F88000000000
(0000000008.798300) vcan0 210#E700F80080000000
(0000000008.818300) vcan0 210#E600F80080000000
(0000000008.838200) vcan0 210#E600F88000000000
(0000000008.858200) vcan0 210#E600F78000000000
(0000000008.878200) vcan0 210#E200F68080000000
(0000000008.898200) vcan0 210#BB00EA0080000000
(0000000008.918100) vcan0 210#6C00BC8000000000
(0000000008.938100) vcan0 210#3200738000000000
(0000000008.958100) vcan0 210#0C001B8080000000
(0000000008.978000) vcan0 210#0C00008080000000
(0000000008.998000) vcan0 210#0B00000000000000
(0000000009.018000) vcan0 210#0B00000000000000
(0000000009.038000) vcan0 210#0B00008080000000
(0000000009.057900) vcan0 210#0B00008080000000
(0000000009.077900) vcan0 210#0A00000000000000
(0000000009.097900) vcan0 210#0A00000000000000
(0000000009.117800) vcan0 210#0A00008080000000
(0000000009.137800) vcan0 210#0900008080000000
(0000000009.157700) vcan0 210#0900000000000000
(0000000009.177700) vcan0 210#58004C8000000000
(0000000009.197700) vcan0 210#A400A38080000000
(0000000009.217700) vcan0 210#E700F10080000000
(0000000009.237700) vcan0 210#E800F90000000000
(0000000009.257600) vcan0 210#E800F90000000000
(0000000009.277600) vcan0 210#E700F98080000000
(0000000009.297600) vcan0 210#E600F80080000000
(0000000009.317500) vcan0 210#E500F78000000000
(0000000009.337500) vcan0 210#DF00F48000000000
(0000000009.357500) vcan0 210#BD00E60080000000
(0000000009.377500) vcan0 210#8000C68080000000
(0000000009.397500) vcan0 210#4D008F8000000000
(0000000009.417500) vcan0 210#1D004B0000000000
(0000000009.437400) vcan0 210#0400070080000000
(0000000009.457400) vcan0 210#0400008080000000
(0000000009.477400) vcan0 210#0400000000000000
(0000000009.497300) vcan0 210#0400000000000000
(0000000009.517300) vcan0 210#0300008080000000
(0000000009.537200) vcan0 210#0300008080000000
(0000000009.557200) vcan0 210#0300000000000000
(0000000009.577200) vcan0 210#0200000000000000
(0000000009.597200) vcan0 210#0200008080000000
(0000000009.617200) vcan0 210#0200008080000000
(0000000009.637100) vcan0 210#0100000000000000
(0000000009.657100) vcan0 210#0100000000000000
(0000000009.677000) vcan0 210#0100008080000000
(0000000009.697100) vcan0 210#0000008080000000
(0000000009.717100) vcan0 210#0000000000000000
(0000000009.736900) vcan0 210#0000000000000000
(0000000009.756900) vcan0 210#0000008080000000
(0000000009.776900) vcan0 210#0000008080000000
(0000000009.796900) vcan0 210#0000000000000000
(0000000009.816900) vcan0 210#0000000000000000
(0000000009.836700) vcan0 210#0000008080000000
(0000000009.856700) vcan0 210#0000008080000000
(0000000009.876700) vcan0 210#0000000000000000
(0000000009.896600) vcan0 210#0000000000000000
(0000000009.916600) vcan0 210#0000008080000000
(0000000009.936600) vcan0 210#0000008080000000
(0000000009.956600) vcan0 210#0000000000000000
(0000000009.976500) vcan0 210#0000000000000000
(0000000009.996500) vcan0 210#0000008080000000
(0000000010.016500) vcan0 210#0000008080000000
(0000000010.036400) vcan0 210#0000000000000000
(0000000010.056400) vcan0 210#0000000000000000
(0000000010.076400) vcan0 210#0000008080000000
(0000000010.096300) vcan0 210#0000008080000000
(0000000010.116300) vcan0 210#0000000000000000
(0000000010.136300) vcan0 210#0000000000000000
(0000000010.156200) vcan0 210#0000008080000000
(0000000010.176200) vcan0 210#0000008080000000
(0000000010.196200) vcan0 210#0000000000000000
(0000000010.216200) vcan0 210#0000000000000000
(0000000010.236100) vcan0 210#0000008080000000
(0000000010.256100) vcan0 210#0000008080000000
(0000000010.276000) vcan0 210#0000000000000000
(0000000010.296000) vcan0 210#0000000000000000
(0000000010.316000) vcan0 210#0000008080000000
(0000000010.335900) vcan0 210#0000008080000000
(0000000010.355900) vcan0 210#0000000000000000
(0000000010.375900) vcan0 210#0000000000000000
(0000000010.395900) vcan0 210#0000008080000000
(0000000010.415800) vcan0 210#0000008080000000
(0000000010.435800) vcan0 210#0000000000000000
(0000000010.455800) vcan0 210#0000000000000000
(0000000010.475700) vcan0 210#0000008080000000
(0000000010.495700) vcan0 210#0000008080000000
(0000000010.515700) vcan0 210#0000000000000000
(0000000010.535600) vcan0 210#0000000000000000
(0000000010.555600) vcan0 210#0000008080000000
(0000000010.575600) vcan0 210#0000008080000000
(0000000010.595600) vcan0 210#0000000000000000
(0000000010.615500) vcan0 210#0000000000000000
(0000000010.635500) vcan0 210#0000008080000000
(0000000010.655500) vcan0 210#0000008080000000
(0000000010.675400) vcan0 210#0000000000000000
(0000000010.695400) vcan0 210#0000000000000000
(0000000010.715300) vcan0 210#0000008080000000
(0000000010.735300) vcan0 210#0000008080000000
(0000000010.755300) vcan0 210#0000000000000000
(0000000010.775300) vcan0 210#0000000000000000
(0000000010.795300) vcan0 210#0000008080000000
(0000000010.815200) vcan0 210#0000008080000000
