(0000000000.103300) vcan0 4A0#27E53219640E0040
(0000000000.203100) vcan0 4A0#27E53219640E0040
(0000000000.303200) vcan0 4A0#27E63319640E0040
(0000000000.403000) vcan0 4A0#27E53319640E0040
(0000000000.502600) vcan0 4A0#27E53219640E0040
(0000000000.602500) vcan0 4A0#27E53219640E0040
(0000000000.702300) vcan0 4A0#27E53219640E0040
(0000000000.802200) vcan0 4A0#27E53319640E0040
(0000000000.902200) vcan0 4A0#27E53219640E0040
(0000000001.001800) vcan0 4A0#27E5341A640E0040
(0000000001.101900) vcan0 4A0#27E54121640E0140
(0000000001.201800) vcan0 4A0#2BE1442364120540
(0000000001.301600) vcan0 4A0#2BE1452364120540
(0000000001.401500) vcan0 4A0#2FDE4A2564160A40
(0000000001.501200) vcan0 4A0#32DB4D2764190D40
(0000000001.601000) vcan0 4A0#35D85129641C1140
(0000000001.700900) vcan0 4A0#37D6552B641E1540
(0000000001.800800) vcan0 4A0#3BD2582C64221840
(0000000001.900600) vcan0 4A0#3ECF5B2E64251C40
(0000000002.000200) vcan0 4A0#42CB603064282140
(0000000002.100300) vcan0 4A0#46C66633642D2740
(0000000002.200100) vcan0 4A0#4BC26C3664322C40
(0000000002.300000) vcan0 4A0#4FBD713964363140
(0000000002.399600) vcan0 4A0#53BA743A643A3540
(0000000002.499700) vcan0 4A0#56B6793D643D3A40
(0000000002.599500) vcan0 4A0#5BB27F4064423F40
(0000000002.699400) vcan0 4A0#60AC854364474540
(0000000002.799200) vcan0 4A0#64A88A45644B4A40
(0000000002.899000) vcan0 4A0#67A68C47644E4D40
(0000000002.998900) vcan0 4A0#69A4904864505040
(0000000003.098700) vcan0 4A0#6DA0944A64545540
(0000000003.198500) vcan0 4A0#709D984C64575840
(0000000003.298400) vcan0 4A0#76979F50645D6040
(0000000003.398200) vcan0 4A0#7C91A65364636640
(0000000003.498100) vcan0 4A0#838AAC56646A6C40
(0000000003.597900) vcan0 4A0#8984B05864707040
(0000000003.697800) vcan0 4A0#8F7EB55A64767540
(0000000003.797600) vcan0 4A0#9677BA5D647D7B40
(0000000003.897500) vcan0 4A0#9E6EBF6064848040
(0000000003.997600) vcan0 4A0#A468C361648B8340
(0000000004.097200) vcan0 4A0#A962C66364908640
(0000000004.197300) vcan0 4A0#B05BC96464968940
(0000000004.297200) vcan0 4A0#B654CC66649D8D40
(0000000004.396800) vcan0 4A0#BD4DD06864A39140
(0000000004.496600) vcan0 4A0#C644D46A64AD9540
(0000000004.596700) vcan0 4A0#CF3BD96C64B69A40
(0000000004.696400) vcan0 4A0#D634DD6F64BC9E40
(0000000004.796300) vcan0 4A0#D930E17164C0A140
(0000000004.896500) vcan0 4A0#DB2FE17164C2A240
(0000000004.996500) vcan0 4A0#DB2FE17164C2A240
(0000000005.096300) vcan0 4A0#DB2EE27164C2A240
(0000000005.196100) vcan0 4A0#DC2EE27164C3A340
(0000000005.296100) vcan0 4A0#DC2EE27264C3A340
(0000000005.396100) vcan0 4A0#DC2EE27164C3A340
(0000000005.495800) vcan0 4A0#DC2EE27264C3A340
(0000000005.595600) vcan0 4A0#DC2EE27264C3A340
(0000000005.695500) vcan0 4A0#DC2EE27264C3A340
(0000000005.795200) vcan0 4A0#DC2EE27264C3A340
(0000000005.895000) vcan0 4A0#DC2DE27264C3A340
(0000000005.995000) vcan0 4A0#DC2EE27264C3A340
(0000000006.094700) vcan0 4A0#DC2DE27264C3A340
(0000000006.194600) vcan0 4A0#DC2DE27264C3A340
(0000000006.294500) vcan0 4A0#DC2DE27264C3A340
(0000000006.393300) vcan0 4A0#DC2DE27264C3A340
(0000000006.493200) vcan0 4A0#DC2DE27264C3A340
(0000000006.593200) vcan0 4A0#DC2DE27264C3A340
(0000000006.693100) vcan0 4A0#DC2DE27264C3A340
(0000000006.792900) vcan0 4A0#DC2DE27264C3A340
(0000000006.892800) vcan0 4A0#DC2DE37264C3A340
(0000000006.992700) vcan0 4A0#DC2DE37264C3A340
(0000000007.092500) vcan0 4A0#DC2DE37264C3A340
(0000000007.192400) vcan0 4A0#DC2DE37264C3A340
(0000000007.292100) vcan0 4A0#DC2DE37264C3A340
(0000000007.391900) vcan0 4A0#DC2DE37264C3A340
(0000000007.492000) vcan0 4A0#DC2DE37264C3A340
(0000000007.591900) vcan0 4A0#DC2DE37264C3A340
(0000000007.691500) vcan0 4A0#DC2DE37264C3A340
(0000000007.791200) vcan0 4A0#DC2DE27264C3A340
(0000000007.891000) vcan0 4A0#D930C96B64C18940
(0000000007.990900) vcan0 4A0#35D83319641C0040
(0000000008.090700) vcan0 4A0#2FDD331964170040
(0000000008.190500) vcan0 4A0#2EDF321964150040
(0000000008.290400) vcan0 4A0#A567E5736481A540
(0000000008.390300) vcan0 4A0#DD2CE27264C4A240
(0000000008.490100) vcan0 4A0#50BC331F64400040
(0000000008.589900) vcan0 4A0#29E3321964100040
(0000000008.689800) vcan0 4A0#27E54E19640E0E40
(0000000008.789600) vcan0 4A0#BE4CE372649CA440
(0000000008.889500) vcan0 4A0#DB2ED46F64C39540
(0000000008.989300) vcan0 4A0#36D73319641F0040
(0000000009.089200) vcan0 4A0#30DD321964170040
(0000000009.189000) vcan0 4A0#3DD0BD53641D7D40
(0000000009.289100) vcan0 4A0#D931E37264BEA340
(0000000009.388900) vcan0 4A0#B258935364A35340
(0000000009.488800) vcan0 4A0#2DE0321964140040
(0000000009.588600) vcan0 4A0#29E4321964100040
(0000000009.688500) vcan0 4A0#28E53319640F0040
(0000000009.788300) vcan0 4A0#27E63219640E0040
(0000000009.888200) vcan0 4A0#27E53219640E0040
(0000000009.988200) vcan0 4A0#27E53219640E0040
(0000000010.087800) vcan0 4A0#27E53219640E0040
(0000000010.187600) vcan0 4A0#27E53219640E0040
(0000000010.287700) vcan0 4A0#27E53319640E0040
(0000000010.387400) vcan0 4A0#27E53319640E0040
(0000000010.487200) vcan0 4A0#27E53219640E0040
(0000000010.586900) vcan0 4A0#27E53319640E0040
(0000000010.686900) vcan0 4A0#27E53219640E0040
(0000000010.786500) vcan0 4A0#27E53219640E0040
