(0000000000.083700) vcan0 4A0#4E212710811F0075
(0000000000.183700) vcan0 4A0#464E271081140075
(0000000000.283800) vcan0 4A0#3863271081010075
(0000000000.383700) vcan0 4A0#3863271081010075
(0000000000.483800) vcan0 4A0#3863271081010075
(0000000000.584100) vcan0 4A0#3863271081010075
(0000000000.684000) vcan0 4A0#3863271081010075
(0000000000.784400) vcan0 4A0#3863271081010075
(0000000000.884200) vcan0 4A0#3863271081010075
(0000000000.984200) vcan0 4A0#3863271081010075
(0000000001.084300) vcan0 4A0#3863271081010075
(0000000001.184600) vcan0 4A0#3863271081010075
(0000000001.284400) vcan0 4A0#3863271081010075
(0000000001.384400) vcan0 4A0#3863271081010075
(0000000001.484400) vcan0 4A0#3863271081010075
(0000000001.584500) vcan0 4A0#3863271081010075
(0000000001.684400) vcan0 4A0#3863271081010075
(0000000001.784400) vcan0 4A0#3863271081010075
(0000000001.884300) vcan0 4A0#3863271081010075
(0000000001.984500) vcan0 4A0#3863271081010075
(0000000002.084800) vcan0 4A0#3863271081010075
(0000000002.184500) vcan0 4A0#3863271081010075
(0000000002.284300) vcan0 4A0#3863271081010075
(0000000002.384300) vcan0 4A0#3863271081010075
(0000000002.484900) vcan0 4A0#3863271081010075
(0000000002.584500) vcan0 4A0#3863271081010075
(0000000002.684600) vcan0 4A0#3863271081010075
(0000000002.784400) vcan0 4A0#3863271081010075
(0000000002.884800) vcan0 4A0#3863271081010075
(0000000002.984600) vcan0 4A0#3863271081010075
(0000000003.084900) vcan0 4A0#3863271081010075
(0000000003.184900) vcan0 4A0#3863271081010075
(0000000003.284900) vcan0 4A0#3863271081010075
(0000000003.385200) vcan0 4A0#3863271081010075
(0000000003.484900) vcan0 4A0#3863271081010075
(0000000003.584900) vcan0 4A0#3863271081010075
(0000000003.684600) vcan0 4A0#3863271081010075
(0000000003.785300) vcan0 4A0#3863271081010075
(0000000003.885000) vcan0 4A0#3863271081010075
(0000000003.984800) vcan0 4A0#3863271081010075
(0000000004.084800) vcan0 4A0#3AE2271080050075
(0000000004.184800) vcan0 4A0#4D1A2710811D0075
(0000000004.285000) vcan0 4A0#4D1A2710801D0075
(0000000004.385400) vcan0 4A0#4D1A2710811D0075
(0000000004.485200) vcan0 4A0#4D022710811D0075
(0000000004.585500) vcan0 4A0#4C8D27107F1D0075
(0000000004.685600) vcan0 4A0#4CA52710811D0075
(0000000004.785500) vcan0 4A0#4C6A2710811D0075
(0000000004.885600) vcan0 4A0#4CC827107F1D0075
(0000000004.985400) vcan0 4A0#4C5E2710811C0075
(0000000005.085800) vcan0 4A0#4CDF2710811D0075
(0000000005.185900) vcan0 4A0#4C5E27107F1C0075
(0000000005.285600) vcan0 4A0#4CC22710801D0075
(0000000005.385800) vcan0 4A0#481727107E170075
(0000000005.485800) vcan0 4A0#36A6271076000075
(0000000005.585900) vcan0 4A0#381727106B010075
(0000000005.685800) vcan0 4A0#37EE271060010075
(0000000005.785800) vcan0 4A0#37E2271056000075
(0000000005.886100) vcan0 4A0#37D127104E000075
(0000000005.986100) vcan0 4A0#37D627104A000075
(0000000006.086100) vcan0 4A0#37BF271046000075
(0000000006.186200) vcan0 4A0#37D1271044000075
(0000000006.286200) vcan0 4A0#37BF271042000075
(0000000006.386200) vcan0 4A0#36A6271041000075
(0000000006.486300) vcan0 4A0#37DC271040000075
(0000000006.586100) vcan0 4A0#3738271040000075
(0000000006.686300) vcan0 4A0#36BD271040000075
(0000000006.786300) vcan0 4A0#365427103F000075
(0000000006.886100) vcan0 4A0#35D9271040000075
(0000000006.986500) vcan0 4A0#360D271040000075
(0000000007.086200) vcan0 4A0#3683271041000075
(0000000007.186800) vcan0 4A0#3784271043000075
(0000000007.286500) vcan0 4A0#37EE271046010075
(0000000007.386200) vcan0 4A0#380B27104A010075
(0000000007.486600) vcan0 4A0#382827104F010075
(0000000007.587000) vcan0 4A0#3C41271055060075
(0000000007.686500) vcan0 4A0#3E802710620A0075
(0000000007.786700) vcan0 4A0#3E8027106D0A0075
(0000000007.886700) vcan0 4A0#3E28271074090075
(0000000007.986800) vcan0 4A0#3E45271079090075
(0000000008.086700) vcan0 4A0#3E6827107C090075
(0000000008.186700) vcan0 4A0#3E7427107E090075
(0000000008.286700) vcan0 4A0#55C6271082290075
(0000000008.386699) vcan0 4A0#4D022710811D0075
(0000000008.486800) vcan0 4A0#4CBC2710811D0075
(0000000008.586800) vcan0 4A0#4C9F2710811D0075
(0000000008.686700) vcan0 4A0#4CAA2710811D0075
(0000000008.786700) vcan0 4A0#4C8D2710811D0075
(0000000008.886900) vcan0 4A0#46B7271081150075
(0000000008.986600) vcan0 4A0#3863271081010075
(0000000009.086600) vcan0 4A0#3863271081010075
(0000000009.186500) vcan0 4A0#3863271081010075
