(1591048210.168767) vcan0 212#0576074CA7C43FFF
(1591048210.292423) vcan0 212#0576074C67C43FFF
(1591048210.455880) vcan0 212#0576074C67C43FFF
(1591048210.619689) vcan0 212#0576074CA7C43FFF
(1591048210.804898) vcan0 212#0576074CA7C43FFF
(1591048210.969671) vcan0 212#0576074C67C43FFF
(1591048211.153512) vcan0 212#0576074C67C43FFF
(1591048211.337687) vcan0 212#0576074CA7C43FFF
(1591048211.543393) vcan0 212#0576074CA7C43FFF
(1591048211.768481) vcan0 212#0576074C27C03FFF
(1591048211.768485) vcan0 212#0576074CE7C03FFF
(1591048212.300790) vcan0 212#0576074C27C03FFF
(1591048212.321316) vcan0 212#0576074C27C03FFF
(1591048212.321320) vcan0 212#0576074CE7C03FFF
(1591048212.362261) vcan0 212#0576074CE7C03FFF
(1591048212.362277) vcan0 212#0576074C27C03FFF
(1591048212.382776) vcan0 212#0576074C27C03FFF
(1591048212.403387) vcan0 212#0576074CE7C03FFF
(1591048212.423821) vcan0 212#0576074CE7C03FFF
(1591048212.444296) vcan0 212#0576074C27C03FFF
(1591048212.464858) vcan0 212#0576074C27C03FFF
(1591048212.484903) vcan0 212#0576074CE7C03FFF
(1591048212.505686) vcan0 212#0576074CE7C03FFF
(1591048213.101245) vcan0 212#0576074C27C03FFF
(1591048213.121938) vcan0 212#0576074C27C03FFF
(1591048213.183791) vcan0 212#0576074C27C03FFF
(1591048213.204086) vcan0 212#0576074C27C03FFF
(1591048213.224586) vcan0 212#0576074CE7C03FFF
(1591048213.245112) vcan0 212#0576074CE7C03FFF
(1591048213.265702) vcan0 212#0576074C27C03FFF
(1591048213.265705) vcan0 212#0576074C27C03FFF
(1591048213.286266) vcan0 212#0576074CE7C03FFF
(1591048214.024818) vcan0 212#0576074CE7C03FFF
(1591048214.045915) vcan0 212#0576074CE7C03FFF
(1591048214.066620) vcan0 212#0576074C27C03FFF
(1591048214.066622) vcan0 212#0576074C27C03FFF
(1591048214.781751) vcan0 212#0576074C27C03FFF
(1591048214.802380) vcan0 212#0576074C27C03FFF
(1591048214.802383) vcan0 212#0576074CE7C03FFF
(1591048215.500387) vcan0 212#0576074C27C03FFF
(1591048215.500390) vcan0 212#0576074C27C03FFF
(1591048217.016477) vcan0 212#0576099427C03FFF
(1591048217.036731) vcan0 212#0576099427C03FFF
(1591048217.057489) vcan0 212#05760994E7C03FFF
(1591048217.057492) vcan0 212#05760994E7C03FFF
(1591048217.077837) vcan0 212#0576095927C03FFF
(1591048217.794421) vcan0 212#057607E3E7A93FFF
(1591048217.815003) vcan0 212#057607E327A93FFF
(1591048218.470191) vcan0 212#057607FB27A93FFF
(1591048218.490628) vcan0 212#057607FBE7A93FFF
(1591048218.511216) vcan0 212#057607FBE7A93FFF
(1591048218.531874) vcan0 212#057607FB27A93FFF
(1591048218.551899) vcan0 212#057607FB27A93FFF
(1591048218.572466) vcan0 212#057607FBE7A93FFF
(1591048218.592655) vcan0 212#057607E3A7B53FFF
(1591048218.613449) vcan0 212#057607E367B53FFF
(1591048218.633433) vcan0 212#057607E367B53FFF
(1591048218.654033) vcan0 212#057607E3A7B53FFF
(1591048218.674742) vcan0 212#057607E3A7B53FFF
(1591048218.674746) vcan0 212#057607EF67B53FFF
(1591048218.695358) vcan0 212#057607EF67B53FFF
(1591048219.311528) vcan0 212#05760812A7B53FFF
(1591048219.331946) vcan0 212#0576081267B53FFF
(1591048219.372971) vcan0 212#05760807A7B53FFF
(1591048219.393461) vcan0 212#05760812A7B53FFF
(1591048219.414006) vcan0 212#0576081267B53FFF
(1591048219.434422) vcan0 212#0576081267B53FFF
(1591048219.454940) vcan0 212#05760812A7B53FFF
(1591048219.454941) vcan0 212#05760812A7B53FFF
(1591048219.475580) vcan0 212#0576081267B53FFF
(1591048219.496472) vcan0 212#0576081267B53FFF
(1591048220.172588) vcan0 212#0576081EA7B53FFF
(1591048220.193171) vcan0 212#05760812A7B53FFF
(1591048220.213846) vcan0 212#0576081267B53FFF
(1591048220.234122) vcan0 212#0576081267B53FFF
(1591048220.254660) vcan0 212#0576081EA7B53FFF
(1591048220.254662) vcan0 212#0576081EA7B53FFF
(1591048220.275182) vcan0 212#0576081E67B53FFF
(1591048220.932124) vcan0 212#0576082A67B53FFF
(1591048220.992533) vcan0 212#0576081EA7B53FFF
(1591048220.992534) vcan0 212#0576081E67B53FFF
(1591048221.012995) vcan0 212#0576081E67B53FFF
(1591048221.750311) vcan0 212#0576082A27A93FFF
(1591048221.750313) vcan0 212#0576082AE7A93FFF
(1591048221.770789) vcan0 212#0576082AE7A93FFF
(1591048222.569234) vcan0 212#05760812E7A93FFF
