(0000000007.492000) vcan0 4A0#DC2DE37264C3A340
(0000000007.591900) vcan0 4A0#DC2DE37264C3A340
(0000000007.691500) vcan0 4A0#DC2DE37264C3A340
(0000000007.791200) vcan0 4A0#DC2DE27264C3A340
(0000000007.891000) vcan0 4A0#D930C96B64C18940
(0000000007.990900) vcan0 4A0#35D83319641C0040
(0000000008.090700) vcan0 4A0#2FDD331964170040
(0000000008.190500) vcan0 4A0#2EDF321964150040
(0000000008.290400) vcan0 4A0#A567E5736481A540
(0000000008.390300) vcan0 4A0#DD2CE27264C4A240
(0000000008.490100) vcan0 4A0#50BC331F64400040
(0000000008.589900) vcan0 4A0#29E3321964100040
(0000000008.689800) vcan0 4A0#27E54E19640E0E40
(0000000008.789600) vcan0 4A0#BE4CE372649CA440
(0000000008.889500) vcan0 4A0#DB2ED46F64C39540
(0000000008.989300) vcan0 4A0#36D73319641F0040
(0000000009.089200) vcan0 4A0#30DD321964170040
(0000000009.189000) vcan0 4A0#3DD0BD53641D7D40
(0000000009.289100) vcan0 4A0#D931E37264BEA340
(0000000009.388900) vcan0 4A0#B258935364A35340
(0000000009.488800) vcan0 4A0#2DE0321964140040
(0000000009.588600) vcan0 4A0#29E4321964100040
(0000000009.688500) vcan0 4A0#28E53319640F0040
(0000000009.788300) vcan0 4A0#27E63219640E0040
(0000000009.888200) vcan0 4A0#27E53219640E0040
(0000000009.988200) vcan0 4A0#27E53219640E0040

