(0000000000.083900) vcan0 608#433D000000000000
(0000000000.184000) vcan0 608#433D000000000000
(0000000000.284000) vcan0 608#433D000000000000
(0000000000.384000) vcan0 608#433D000000000000
(0000000000.484100) vcan0 608#433D000000000000
(0000000000.584400) vcan0 608#433D000000000000
(0000000000.684300) vcan0 608#433D000000000000
(0000000000.784700) vcan0 608#433D000000000000
(0000000000.884400) vcan0 608#433D000000000000
(0000000000.984400) vcan0 608#433D000000000000
(0000000001.084500) vcan0 608#433D000000000000
(0000000001.184900) vcan0 608#433D000000000000
(0000000001.284700) vcan0 608#433D000000000000
(0000000001.384700) vcan0 608#433D000000000000
(0000000001.484700) vcan0 608#433D000000000000
(0000000001.584700) vcan0 608#433D000000000000
(0000000001.685000) vcan0 608#433D000000000000
(0000000001.784700) vcan0 608#433D000000000000
(0000000001.884500) vcan0 608#433D000000000000
(0000000001.984700) vcan0 608#433D000000000000
(0000000002.085000) vcan0 608#433D000000000000
(0000000002.184800) vcan0 608#433D000000000000
(0000000002.284500) vcan0 608#433D000000000000
(0000000002.384500) vcan0 608#433D000000000000
(0000000002.485100) vcan0 608#433D000000000000
(0000000002.584800) vcan0 608#433D000000000000
(0000000002.684900) vcan0 608#433D000000000000
(0000000002.784700) vcan0 608#433D000000000000
(0000000002.885000) vcan0 608#433D000000000000
(0000000002.984900) vcan0 608#433D000000000000
(0000000003.085200) vcan0 608#433D000000000000
(0000000003.185200) vcan0 608#433D000000000000
(0000000003.285200) vcan0 608#433D000000000000
(0000000003.385400) vcan0 608#433D000000000000
(0000000003.485200) vcan0 608#433D000000000000
(0000000003.585200) vcan0 608#433D000000000000
(0000000003.684900) vcan0 608#433D000000000000
(0000000003.785500) vcan0 608#433D000000000000
(0000000003.885300) vcan0 608#433D000000000000
(0000000003.985100) vcan0 608#433D000000000000
(0000000004.085000) vcan0 608#433D000000000000
(0000000004.185100) vcan0 608#433D000000000000
(0000000004.285200) vcan0 608#433D000000000000
(0000000004.385600) vcan0 608#433D000000000000
(0000000004.485400) vcan0 608#433D000000000000
(0000000004.585700) vcan0 608#433D000000000000
(0000000004.685800) vcan0 608#433D000000000000
(0000000004.785700) vcan0 608#433D000000000000
(0000000004.885900) vcan0 608#433D000000000000
(0000000004.985600) vcan0 608#433D000000000000
(0000000005.086000) vcan0 608#433D000000000000
(0000000005.186100) vcan0 608#433D000000094D00
(0000000005.285800) vcan0 608#433D000000094D00
(0000000005.386100) vcan0 608#433D000000092A00
(0000000005.486100) vcan0 608#433D000000056C00
(0000000005.586100) vcan0 608#433D000000069400
(0000000005.686000) vcan0 608#433D00000005F400
(0000000005.786100) vcan0 608#433D00000004A600
(0000000005.886400) vcan0 608#433D000000045E00
(0000000005.986300) vcan0 608#433D000000041D00
(0000000006.086300) vcan0 608#433D00000003FC00
(0000000006.186400) vcan0 608#433D00000003E200
(0000000006.286500) vcan0 608#433D00000003CD00
(0000000006.386500) vcan0 608#433D00000003B800
(0000000006.486500) vcan0 608#433D000000039D00
(0000000006.586300) vcan0 608#433D000000039600
(0000000006.686600) vcan0 608#433D000000038500
(0000000006.786900) vcan0 608#433D000000038000
(0000000006.886400) vcan0 608#433D000000037B00
(0000000006.986800) vcan0 608#433D000000038100
(0000000007.086500) vcan0 608#433D000000038F00
(0000000007.187000) vcan0 608#433D000000039E00
(0000000007.286700) vcan0 608#433D00000003A300
(0000000007.386400) vcan0 608#433D00000003B600
(0000000007.486800) vcan0 608#433D00000003D300
(0000000007.587500) vcan0 608#433D000000040500
(0000000007.686900) vcan0 608#433D000000046800
(0000000007.786900) vcan0 608#433D00000004E200
(0000000007.887000) vcan0 608#433D000000055000
(0000000007.987100) vcan0 608#433D00000005C000
(0000000008.087000) vcan0 608#433D000000069A00
(0000000008.186999) vcan0 608#433D00000006D800
(0000000008.287000) vcan0 608#433D000000000000
(0000000008.386900) vcan0 608#433D000000000000
(0000000008.487000) vcan0 608#433D000000000000
(0000000008.587000) vcan0 608#433D000000000000
(0000000008.687000) vcan0 608#433D000000000000
(0000000008.786900) vcan0 608#433D000000000000
(0000000008.887300) vcan0 608#433D000000000000
(0000000008.986800) vcan0 608#433D000000000000
(0000000009.086900) vcan0 608#433D000000000000
(0000000009.186800) vcan0 608#433D000000000000
