(0000000000.002700) vcan0 312#073E073E09C40728
(0000000000.013200) vcan0 312#073E073E09C40728
(0000000000.022900) vcan0 312#673E073E09C40728
(0000000000.033200) vcan0 312#673E073E09C40728
(0000000000.042900) vcan0 312#073E073E09C40728
(0000000000.053200) vcan0 312#073E073E09C40728
(0000000000.063000) vcan0 312#673E073E09C40728
(0000000000.073100) vcan0 312#673E073E09C40728
(0000000000.083000) vcan0 312#073E073E09C40728
(0000000000.093200) vcan0 312#073E073E09C40728
(0000000000.103000) vcan0 312#673E073E09C40728
(0000000000.113200) vcan0 312#673E073E09C40728
(0000000000.123000) vcan0 312#073E073E09C40728
(0000000000.133200) vcan0 312#073E073E09C40728
(0000000000.143000) vcan0 312#673E073E09C40728
(0000000000.153200) vcan0 312#673E073E09C40728
(0000000000.163000) vcan0 312#073E073E09C40728
(0000000000.173200) vcan0 312#073E073E09C40728
(0000000000.183100) vcan0 312#673E073E09C40728
(0000000000.193300) vcan0 312#673E073E09C40728
(0000000000.203000) vcan0 312#073E073E09C40728
(0000000000.213300) vcan0 312#073E073E09C40728
(0000000000.223100) vcan0 312#673E073E09C40728
(0000000000.233300) vcan0 312#673E073E09C40728
(0000000000.243000) vcan0 312#073E073E09C40728
(0000000000.253199) vcan0 312#073E073E09C40728
(0000000000.263100) vcan0 312#673E073E09C40728
(0000000000.273300) vcan0 312#673E073E09C40728
(0000000000.282900) vcan0 312#073E073E09C40728
(0000000000.293200) vcan0 312#073E073E09C40728
(0000000000.303000) vcan0 312#673E073E09C40728
(0000000000.313200) vcan0 312#673E073E09C40728
(0000000000.322900) vcan0 312#073E073E09C40728
(0000000000.333200) vcan0 312#073E073E09C40728
(0000000000.343100) vcan0 312#673E073E09C40728
(0000000000.353300) vcan0 312#673E073E09C40728
(0000000000.363000) vcan0 312#073E073E09C40728
(0000000000.373200) vcan0 312#073E073E09C40728
(0000000000.383000) vcan0 312#673E073E09C40728
(0000000000.393300) vcan0 312#673E073E09C40728
(0000000000.403100) vcan0 312#073E073E09C40728
(0000000000.413300) vcan0 312#073E073E09C40728
(0000000000.423800) vcan0 312#673E073E09C40728
(0000000000.433300) vcan0 312#673E073E09C40728
(0000000000.443100) vcan0 312#073E073E09C40728
(0000000000.453300) vcan0 312#073E073E09C40728
(0000000000.463100) vcan0 312#673E073E09C40728
(0000000000.473300) vcan0 312#673E073E09C40728
(0000000000.483100) vcan0 312#073E073E09C40728
(0000000000.493300) vcan0 312#073E073E09C40728
(0000000000.503100) vcan0 312#673E073E09C40728
(0000000000.513298) vcan0 312#673E073E09C40728
(0000000000.522900) vcan0 312#073E073E09C40728
(0000000000.533400) vcan0 312#073E073E09C40728
(0000000000.543100) vcan0 312#673E073E09C40728
(0000000000.553300) vcan0 312#673E073E09C40728
(0000000000.563100) vcan0 312#073E073E09C40728
(0000000000.573200) vcan0 312#073E073E09C40728
(0000000000.583200) vcan0 312#673E073E09C40728
(0000000000.593600) vcan0 312#673E073E09C40728
(0000000000.603200) vcan0 312#073E073E09C40728
(0000000000.613500) vcan0 312#073E073E09C40728
(0000000000.623200) vcan0 312#673E073E09C40728
(0000000000.633600) vcan0 312#673E073E09C40728
(0000000000.643200) vcan0 312#073E073E09C40728
(0000000000.653500) vcan0 312#073E073E09C40728
(0000000000.663200) vcan0 312#673E073E09C40728
(0000000000.673500) vcan0 312#673E073E09C40728
(0000000000.683100) vcan0 312#073E073E09C40728
(0000000000.693600) vcan0 312#073E073E09C40728
(0000000000.703000) vcan0 312#673E073E09C40728
(0000000000.713500) vcan0 312#673E073E09C40728
(0000000000.723200) vcan0 312#073E073E09C40728
(0000000000.733700) vcan0 312#073E073E09C40728
(0000000000.743200) vcan0 312#673E073E09C40728
(0000000000.753800) vcan0 312#673E073E09C40728
(0000000000.763500) vcan0 312#073E073E09C40728
(0000000000.773800) vcan0 312#073E073E09C40728
(0000000000.783500) vcan0 312#673E073E09C40728
(0000000000.793900) vcan0 312#673E073E09C40728
(0000000000.803200) vcan0 312#073E073E09C40728
(0000000000.813600) vcan0 312#073E073E09C40728
(0000000000.823200) vcan0 312#673E073E09C40728
(0000000000.833500) vcan0 312#673E073E09C40728
(0000000000.843200) vcan0 312#073E073E09C40728
(0000000000.853600) vcan0 312#073E073E09C40728
(0000000000.863200) vcan0 312#673E073E09C40728
(0000000000.873700) vcan0 312#673E073E09C40728
(0000000000.883200) vcan0 312#073E073E09C40728
(0000000000.893500) vcan0 312#073E073E09C40728
(0000000000.903100) vcan0 312#673E073E09C40728
(0000000000.913500) vcan0 312#673E073E09C40728
(0000000000.923000) vcan0 312#073E073E09C40728
(0000000000.933500) vcan0 312#073E073E09C40728
(0000000000.943100) vcan0 312#673E073E09C40728
(0000000000.953700) vcan0 312#673E073E09C40728
(0000000000.963200) vcan0 312#073E073E09C40728
(0000000000.973700) vcan0 312#073E073E09C40728
(0000000000.983200) vcan0 312#673E073E09C40728
(0000000000.993700) vcan0 312#673E073E09C40728
(0000000001.003300) vcan0 312#073E073E09C40728
(0000000001.013800) vcan0 312#073E073E09C40728
(0000000001.023200) vcan0 312#673E073E09C40728
(0000000001.033700) vcan0 312#673E073E09C40728
(0000000001.043299) vcan0 312#073E073E09C40728
(0000000001.053800) vcan0 312#073E073E09C40728
(0000000001.063300) vcan0 312#673E073E09C40728
(0000000001.073700) vcan0 312#673E073E09C40728
(0000000001.083300) vcan0 312#073E073E09C40728
(0000000001.093700) vcan0 312#073E073E09C40728
(0000000001.103400) vcan0 312#673E073E09C40728
(0000000001.113700) vcan0 312#673E073E09C40728
(0000000001.123300) vcan0 312#073E073E09C40728
(0000000001.133700) vcan0 312#073E073E09C40728
(0000000001.143400) vcan0 312#673E073E09C40728
(0000000001.153700) vcan0 312#673E073E09C40728
(0000000001.163400) vcan0 312#073E073E09C40728
(0000000001.173900) vcan0 312#073E073E09C40728
(0000000001.183700) vcan0 312#673E073E09C40728
(0000000001.194000) vcan0 312#673E073E09C40728
(0000000001.203800) vcan0 312#073E073E09C40728
(0000000001.214100) vcan0 312#073E073E09C40728
(0000000001.223400) vcan0 312#673E073E09C40728
(0000000001.233900) vcan0 312#673E073E09C40728
(0000000001.243500) vcan0 312#073E073E09C40728
(0000000001.253800) vcan0 312#073E073E09C40728
(0000000001.263300) vcan0 312#673E073E09C40728
(0000000001.273900) vcan0 312#673E073E09C40728
(0000000001.283500) vcan0 312#073E073E09C40728
(0000000001.294000) vcan0 312#073E073E09C40728
(0000000001.303500) vcan0 312#673E073E09C40728
(0000000001.313800) vcan0 312#673E073E09C40728
(0000000001.323500) vcan0 312#073E073E09C40728
(0000000001.333800) vcan0 312#073E073E09C40728
(0000000001.343300) vcan0 312#673E073E09C40728
(0000000001.353900) vcan0 312#673E073E09C40728
(0000000001.363300) vcan0 312#073E073E09C40728
(0000000001.374000) vcan0 312#073E073E09C40728
(0000000001.383500) vcan0 312#673E073E09C40728
(0000000001.394000) vcan0 312#673E073E09C40728
(0000000001.403300) vcan0 312#073E073E09C40728
(0000000001.413800) vcan0 312#073E073E09C40728
(0000000001.423500) vcan0 312#673E073E09C40728
(0000000001.434000) vcan0 312#673E073E09C40728
(0000000001.443500) vcan0 312#073E073E09C40728
(0000000001.453800) vcan0 312#073E073E09C40728
(0000000001.463300) vcan0 312#673E073E09C40728
(0000000001.473800) vcan0 312#673E073E09C40728
(0000000001.483500) vcan0 312#073E073E09C40728
(0000000001.493800) vcan0 312#073E073E09C40728
(0000000001.503500) vcan0 312#673E073E09C40728
(0000000001.513800) vcan0 312#673E073E09C40728
(0000000001.523500) vcan0 312#073E073E09C40728
(0000000001.534000) vcan0 312#073E073E09C40728
(0000000001.543500) vcan0 312#673E073E09C40728
(0000000001.554000) vcan0 312#673E073E09C40728
(0000000001.563500) vcan0 312#073E073E09C40728
(0000000001.574000) vcan0 312#073E073E09C40728
(0000000001.583500) vcan0 312#673E073E09C40728
(0000000001.593900) vcan0 312#673E073E09C40728
(0000000001.603600) vcan0 312#073E073E09C40728
(0000000001.614100) vcan0 312#073E073E09C40728
(0000000001.623600) vcan0 312#673E073E09C40728
(0000000001.634100) vcan0 312#673E073E09C40728
(0000000001.643500) vcan0 312#073E073E09C40728
(0000000001.653800) vcan0 312#073E073E09C40728
(0000000001.663500) vcan0 312#673E073E09C40728
(0000000001.673800) vcan0 312#673E073E09C40728
(0000000001.683500) vcan0 312#073E073E09C40728
(0000000001.693800) vcan0 312#073E073E09C40728
(0000000001.703500) vcan0 312#673E073E09C40728
(0000000001.713800) vcan0 312#673E073E09C40728
(0000000001.723300) vcan0 312#073E073E09C40728
(0000000001.733700) vcan0 312#073E073E09C40728
(0000000001.743300) vcan0 312#673E073E09C40728
(0000000001.753800) vcan0 312#673E073E09C40728
(0000000001.763500) vcan0 312#073E073E09C40728
(0000000001.773700) vcan0 312#073E073E09C40728
(0000000001.783500) vcan0 312#673E073E09C40728
(0000000001.794000) vcan0 312#673E073E09C40728
(0000000001.803500) vcan0 312#073E073E09C40728
(0000000001.814000) vcan0 312#073E073E09C40728
(0000000001.823500) vcan0 312#673E073E09C40728
(0000000001.834000) vcan0 312#673E073E09C40728
(0000000001.843500) vcan0 312#073E073E09C40728
(0000000001.853800) vcan0 312#073E073E09C40728
(0000000001.863300) vcan0 312#673E073E09C40728
(0000000001.873800) vcan0 312#673E073E09C40728
(0000000001.883300) vcan0 312#073E073E09C40728
(0000000001.894000) vcan0 312#073E073E09C40728
(0000000001.903500) vcan0 312#673E073E09C40728
(0000000001.913800) vcan0 312#673E073E09C40728
(0000000001.923500) vcan0 312#073E073E09C40728
(0000000001.933800) vcan0 312#073E073E09C40728
(0000000001.943300) vcan0 312#673E073E09C40728
(0000000001.953800) vcan0 312#673E073E09C40728
(0000000001.963500) vcan0 312#073E073E09C40728
(0000000001.973800) vcan0 312#073E073E09C40728
(0000000001.983500) vcan0 312#673E073E09C40728
(0000000001.993700) vcan0 312#673E073E09C40728
(0000000002.003299) vcan0 312#073E073E09C40728
(0000000002.013799) vcan0 312#073E073E09C40728
(0000000002.023499) vcan0 312#673E073E09C40728
(0000000002.034100) vcan0 312#673E073E09C40728
(0000000002.043800) vcan0 312#073E073E09C40728
(0000000002.054100) vcan0 312#073E073E09C40728
(0000000002.063800) vcan0 312#673E073E09C40728
(0000000002.074100) vcan0 312#673E073E09C40728
(0000000002.083600) vcan0 312#073E073E09C40728
(0000000002.093799) vcan0 312#073E073E09C40728
(0000000002.103600) vcan0 312#673E073E09C40728
(0000000002.113800) vcan0 312#673E073E09C40728
(0000000002.123500) vcan0 312#073E073E09C40728
(0000000002.133800) vcan0 312#073E073E09C40728
(0000000002.143400) vcan0 312#673E073E09C40728
(0000000002.153900) vcan0 312#673E073E09C40728
(0000000002.163600) vcan0 312#073E073E09C40728
(0000000002.173800) vcan0 312#073E073E09C40728
(0000000002.183600) vcan0 312#673E073E09C40728
(0000000002.193800) vcan0 312#673E073E09C40728
(0000000002.203600) vcan0 312#073E073E09C40728
(0000000002.213800) vcan0 312#073E073E09C40728
(0000000002.223600) vcan0 312#673E073E09C40728
(0000000002.233900) vcan0 312#673E073E09C40728
(0000000002.243600) vcan0 312#073E073E09C40728
(0000000002.253800) vcan0 312#073E073E09C40728
(0000000002.263400) vcan0 312#673E073E09C40728
(0000000002.273900) vcan0 312#673E073E09C40728
(0000000002.283600) vcan0 312#073E073E09C40728
(0000000002.293800) vcan0 312#073E073E09C40728
(0000000002.303600) vcan0 312#673E073E09C40728
(0000000002.314100) vcan0 312#673E073E09C40728
(0000000002.323300) vcan0 312#073E073E09C40728
(0000000002.334000) vcan0 312#073E073E09C40728
(0000000002.343600) vcan0 312#673E073E09C40728
(0000000002.353900) vcan0 312#673E073E09C40728
(0000000002.363600) vcan0 312#073E073E09C40728
(0000000002.374000) vcan0 312#073E073E09C40728
(0000000002.383300) vcan0 312#673E073E09C40728
(0000000002.394200) vcan0 312#673E073E09C40728
(0000000002.403600) vcan0 312#073E073E09C40728
(0000000002.413800) vcan0 312#073E073E09C40728
(0000000002.423600) vcan0 312#673E073E09C40728
(0000000002.433800) vcan0 312#673E073E09C40728
(0000000002.443600) vcan0 312#073E073E09C40728
(0000000002.454100) vcan0 312#073E073E09C40728
(0000000002.463800) vcan0 312#673E073E09C40728
(0000000002.474100) vcan0 312#673E073E09C40728
(0000000002.483900) vcan0 312#073E073E09C40728
(0000000002.494100) vcan0 312#073E073E09C40728
(0000000002.503600) vcan0 312#673E073E09C40728
(0000000002.513800) vcan0 312#673E073E09C40728
(0000000002.523400) vcan0 312#073E073E09C40728
(0000000002.533800) vcan0 312#073E073E09C40728
(0000000002.543300) vcan0 312#673E073E09C40728
(0000000002.554000) vcan0 312#673E073E09C40728
(0000000002.563600) vcan0 312#073E073E09C40728
(0000000002.574000) vcan0 312#073E073E09C40728
(0000000002.583600) vcan0 312#673E073E09C40728
(0000000002.594100) vcan0 312#673E073E09C40728
(0000000002.603600) vcan0 312#073E073E09C40728
(0000000002.613900) vcan0 312#073E073E09C40728
(0000000002.623400) vcan0 312#673E073E09C40728
(0000000002.634100) vcan0 312#673E073E09C40728
(0000000002.643700) vcan0 312#073E073E09C40728
(0000000002.653900) vcan0 312#073E073E09C40728
(0000000002.663400) vcan0 312#673E073E09C40728
(0000000002.673900) vcan0 312#673E073E09C40728
(0000000002.683700) vcan0 312#073E073E09C40728
(0000000002.693900) vcan0 312#073E073E09C40728
(0000000002.703700) vcan0 312#673E073E09C40728
(0000000002.713900) vcan0 312#673E073E09C40728
(0000000002.723400) vcan0 312#073E073E09C40728
(0000000002.733900) vcan0 312#073E073E09C40728
(0000000002.743500) vcan0 312#673E073E09C40728
(0000000002.753900) vcan0 312#673E073E09C40728
(0000000002.763400) vcan0 312#073E073E09C40728
(0000000002.774200) vcan0 312#073E073E09C40728
(0000000002.783500) vcan0 312#673E073E09C40728
(0000000002.794200) vcan0 312#673E073E09C40728
(0000000002.803700) vcan0 312#073E073E09C40728
(0000000002.813900) vcan0 312#073E073E09C40728
(0000000002.823500) vcan0 312#673E073E09C40728
(0000000002.834000) vcan0 312#673E073E09C40728
(0000000002.843800) vcan0 312#073E073E09C40728
(0000000002.854100) vcan0 312#073E073E09C40728
(0000000002.863800) vcan0 312#673E073E09C40728
(0000000002.874100) vcan0 312#673E073E09C40728
(0000000002.883900) vcan0 312#073E073E09C40728
(0000000002.894600) vcan0 312#073E073E09C40728
(0000000002.904100) vcan0 312#673E073E09C40728
(0000000002.914300) vcan0 312#673E073E09C40728
(0000000002.924100) vcan0 312#073E073E09C40728
(0000000002.934100) vcan0 312#073E073E09C40728
(0000000002.943600) vcan0 312#673E073E09C40728
(0000000002.954000) vcan0 312#673E073E09C40728
(0000000002.963800) vcan0 312#073E073E09C40728
(0000000002.974100) vcan0 312#073E073E09C40728
(0000000002.983700) vcan0 312#673E073E09C40728
(0000000002.994100) vcan0 312#673E073E09C40728
(0000000003.003900) vcan0 312#073E073E09C40728
(0000000003.014100) vcan0 312#073E073E09C40728
(0000000003.023700) vcan0 312#673E073E09C40728
(0000000003.034400) vcan0 312#673E073E09C40728
(0000000003.043700) vcan0 312#073E073E09C40728
(0000000003.054200) vcan0 312#073E073E09C40728
(0000000003.064000) vcan0 312#673E073E09C40728
(0000000003.074200) vcan0 312#673E073E09C40728
(0000000003.084000) vcan0 312#073E073E09C40728
(0000000003.094500) vcan0 312#073E073E09C40728
(0000000003.104000) vcan0 312#673E073E09C40728
(0000000003.114500) vcan0 312#673E073E09C40728
(0000000003.124000) vcan0 312#073E073E09C40728
(0000000003.134200) vcan0 312#073E073E09C40728
(0000000003.144000) vcan0 312#673E073E09C40728
(0000000003.154200) vcan0 312#673E073E09C40728
(0000000003.164000) vcan0 312#073E073E09C40728
(0000000003.174100) vcan0 312#073E073E09C40728
(0000000003.184000) vcan0 312#673E073E09C40728
(0000000003.194200) vcan0 312#673E073E09C40728
(0000000003.204000) vcan0 312#073E073E09C40728
(0000000003.214200) vcan0 312#073E073E09C40728
(0000000003.224000) vcan0 312#673E073E09C40728
(0000000003.234400) vcan0 312#673E073E09C40728
(0000000003.244000) vcan0 312#073E073E09C40728
(0000000003.254200) vcan0 312#073E073E09C40728
(0000000003.264000) vcan0 312#673E073E09C40728
(0000000003.274200) vcan0 312#673E073E09C40728
(0000000003.284000) vcan0 312#073E073E09C40728
(0000000003.294200) vcan0 312#073E073E09C40728
(0000000003.304000) vcan0 312#673E073E09C40728
(0000000003.314500) vcan0 312#673E073E09C40728
(0000000003.324300) vcan0 312#073E073E09C40728
(0000000003.334500) vcan0 312#073E073E09C40728
(0000000003.344300) vcan0 312#673E073E09C40728
(0000000003.354400) vcan0 312#673E073E09C40728
(0000000003.364000) vcan0 312#073E073E09C40728
(0000000003.374200) vcan0 312#073E073E09C40728
(0000000003.384000) vcan0 312#673E073E09C40728
(0000000003.394200) vcan0 312#673E073E09C40728
(0000000003.404000) vcan0 312#073E073E09C40728
(0000000003.414200) vcan0 312#073E073E09C40728
(0000000003.423900) vcan0 312#673E073E09C40728
(0000000003.434100) vcan0 312#673E073E09C40728
(0000000003.444000) vcan0 312#073E073E09C40728
(0000000003.454200) vcan0 312#073E073E09C40728
(0000000003.463900) vcan0 312#673E073E09C40728
(0000000003.474200) vcan0 312#673E073E09C40728
(0000000003.484000) vcan0 312#073E073E09C40728
(0000000003.494200) vcan0 312#073E073E09C40728
(0000000003.504000) vcan0 312#673E073E09C40728
(0000000003.514200) vcan0 312#673E073E09C40728
(0000000003.524000) vcan0 312#073E073E09C40728
(0000000003.534200) vcan0 312#073E073E09C40728
(0000000003.544000) vcan0 312#673E073E09C40728
(0000000003.554500) vcan0 312#673E073E09C40728
(0000000003.564000) vcan0 312#073E073E09C40728
(0000000003.574400) vcan0 312#073E073E09C40728
(0000000003.584000) vcan0 312#673E073E09C40728
(0000000003.594200) vcan0 312#673E073E09C40728
(0000000003.604000) vcan0 312#073E073E09C40728
(0000000003.614200) vcan0 312#073E073E09C40728
(0000000003.623900) vcan0 312#673E073E09C40728
(0000000003.634100) vcan0 312#673E073E09C40728
(0000000003.644000) vcan0 312#073E073E09C40728
(0000000003.654500) vcan0 312#073E073E09C40728
(0000000003.664000) vcan0 312#673E073E09C40728
(0000000003.674500) vcan0 312#673E073E09C40728
(0000000003.684000) vcan0 312#073E073E09C40728
(0000000003.694200) vcan0 312#073E073E09C40728
(0000000003.704000) vcan0 312#673E073E09C40728
(0000000003.714200) vcan0 312#673E073E09C40728
(0000000003.724000) vcan0 312#073E073E09C40728
(0000000003.734500) vcan0 312#073E073E09C40728
(0000000003.744100) vcan0 312#673E073E09C40728
(0000000003.754600) vcan0 312#673E073E09C40728
(0000000003.764300) vcan0 312#073E073E09C40728
(0000000003.774600) vcan0 312#073E073E09C40728
(0000000003.784100) vcan0 312#673E073E09C40728
(0000000003.794800) vcan0 312#673E073E09C40728
(0000000003.804100) vcan0 312#073E073E09C40728
(0000000003.814500) vcan0 312#073E073E09C40728
(0000000003.824100) vcan0 312#673E073E09C40728
(0000000003.834300) vcan0 312#673E073E09C40728
(0000000003.844100) vcan0 312#073E073E09C40728
(0000000003.854500) vcan0 312#073E073E09C40728
(0000000003.864100) vcan0 312#673E073E09C40728
(0000000003.874500) vcan0 312#673E073E09C40728
(0000000003.884100) vcan0 312#073E073E09C40728
(0000000003.894300) vcan0 312#073E073E09C40728
(0000000003.904100) vcan0 312#673E073E09C40728
(0000000003.914500) vcan0 312#673E073E09C40728
(0000000003.924100) vcan0 312#073E073E09C40728
(0000000003.934300) vcan0 312#073E073E09C40728
(0000000003.944100) vcan0 312#673E073E09C40728
(0000000003.954600) vcan0 312#673E073E09C40728
(0000000003.964100) vcan0 312#073E073E09C40728
(0000000003.974300) vcan0 312#073E073E09C40728
(0000000003.984200) vcan0 312#673E073E09C40728
(0000000003.994600) vcan0 312#673E073E09C40728
(0000000004.004200) vcan0 312#073E073E09C40728
(0000000004.014400) vcan0 312#073E073E09C40728
(0000000004.024100) vcan0 312#673E073E09C40728
(0000000004.034200) vcan0 312#673E073E09C40728
(0000000004.044100) vcan0 312#073E073E09C40728
(0000000004.054299) vcan0 312#073E073E09C40728
(0000000004.064100) vcan0 312#673E073E09C40728
(0000000004.074300) vcan0 312#673E073E09C40728
(0000000004.084100) vcan0 312#073E073E09C40728
(0000000004.094299) vcan0 312#073E073E09C40728
(0000000004.104100) vcan0 312#673E073E09C40728
(0000000004.114398) vcan0 312#673E073E09C40728
(0000000004.124200) vcan0 312#073E073E09C40728
(0000000004.134399) vcan0 312#073E073E09C40728
(0000000004.144199) vcan0 312#673E073E09C40728
(0000000004.154398) vcan0 312#673E073E09C40728
(0000000004.164399) vcan0 312#073E073E09C40728
(0000000004.174399) vcan0 312#073E073E09C40728
(0000000004.184199) vcan0 312#673E073E09C40728
(0000000004.194400) vcan0 312#673E073E09C40728
(0000000004.204400) vcan0 312#073E073E09C40728
(0000000004.214300) vcan0 312#073E073E09C40728
(0000000004.224400) vcan0 312#673E073E09C40728
(0000000004.234400) vcan0 312#673E073E09C40728
(0000000004.244200) vcan0 312#073E073E09C40728
(0000000004.254500) vcan0 312#073E073E09C40728
(0000000004.264200) vcan0 312#673E073E09C40728
(0000000004.274400) vcan0 312#673E073E09C40728
(0000000004.284300) vcan0 312#073E073E09C40728
(0000000004.294500) vcan0 312#073E073E09C40728
(0000000004.304300) vcan0 312#673E073E09C40728
(0000000004.314400) vcan0 312#673E073E09C40728
(0000000004.324500) vcan0 312#073E073E09C40728
(0000000004.334500) vcan0 312#073E073E09C40728
(0000000004.344300) vcan0 312#673E073E09C40728
(0000000004.354500) vcan0 312#673E073E09C40728
(0000000004.364300) vcan0 312#073E073E09C40728
(0000000004.374900) vcan0 312#073E073E09C40728
(0000000004.384500) vcan0 312#673E073E09C40728
(0000000004.394900) vcan0 312#673E073E09C40728
(0000000004.404500) vcan0 312#073E073E09C40728
(0000000004.414900) vcan0 312#073E073E09C40728
(0000000004.424500) vcan0 312#673E073E09C40728
(0000000004.434800) vcan0 312#673E073E09C40728
(0000000004.444500) vcan0 312#073E073E09C40728
(0000000004.454700) vcan0 312#073E073E09C40728
(0000000004.464500) vcan0 312#673E073E09C40728
(0000000004.474700) vcan0 312#673E073E09C40728
(0000000004.484500) vcan0 312#073E073E09C40728
(0000000004.494600) vcan0 312#073E073E09C40728
(0000000004.504400) vcan0 312#673E073E09C40728
(0000000004.514700) vcan0 312#673E073E09C40728
(0000000004.524500) vcan0 312#073E073E09C40728
(0000000004.535000) vcan0 312#073E073E09C40728
(0000000004.544400) vcan0 312#673E073E09C40728
(0000000004.554700) vcan0 312#673E073E09C40728
(0000000004.564500) vcan0 312#073E073E09C40728
(0000000004.574800) vcan0 312#073E073E09C40728
(0000000004.584500) vcan0 312#673E073E09C40728
(0000000004.594800) vcan0 312#673E073E09C40728
(0000000004.604600) vcan0 312#073E073E09C40728
(0000000004.614800) vcan0 312#073E073E09C40728
(0000000004.624600) vcan0 312#673E073E09C40728
(0000000004.635100) vcan0 312#673E073E09C40728
(0000000004.644600) vcan0 312#073E073E09C40728
(0000000004.654800) vcan0 312#073E073E09C40728
(0000000004.664600) vcan0 312#673E073E09C40728
(0000000004.674800) vcan0 312#673E073E09C40728
(0000000004.684600) vcan0 312#073E073E09C40728
(0000000004.694800) vcan0 312#073E073E09C40728
(0000000004.704600) vcan0 312#673E073E09C40728
(0000000004.714800) vcan0 312#673E073E09C40728
(0000000004.724500) vcan0 312#073E073E09C40728
(0000000004.734700) vcan0 312#073E073E09C40728
(0000000004.744500) vcan0 312#673E073E09C40728
(0000000004.754700) vcan0 312#673E073E09C40728
(0000000004.764500) vcan0 312#073E073E09C40728
(0000000004.774800) vcan0 312#073E073E09C40728
(0000000004.784600) vcan0 312#673E073E09C40728
(0000000004.795100) vcan0 312#673E073E09C40728
(0000000004.804600) vcan0 312#073E073E09C40728
(0000000004.814800) vcan0 312#073E073E09C40728
(0000000004.824600) vcan0 312#673E073E09C40728
(0000000004.835100) vcan0 312#673E073E09C40728
(0000000004.844700) vcan0 312#073E073E09C40728
(0000000004.854900) vcan0 312#073E073E09C40728
(0000000004.864600) vcan0 312#673E073E09C40728
(0000000004.875100) vcan0 312#673E073E09C40728
(0000000004.884700) vcan0 312#073E073E09C40728
(0000000004.894900) vcan0 312#073E073E09C40728
(0000000004.904700) vcan0 312#673E073E09C40728
(0000000004.915200) vcan0 312#673E073E09C40728
(0000000004.924700) vcan0 312#073E073E09C40728
(0000000004.935200) vcan0 312#073E073E09C40728
(0000000004.944700) vcan0 312#673E073E09C40728
(0000000004.955200) vcan0 312#673E073E09C40728
(0000000004.964700) vcan0 312#073E073E09C40728
(0000000004.974900) vcan0 312#073E073E09CF0728
(0000000004.984600) vcan0 312#673E073E09CF0728
(0000000004.994800) vcan0 312#673E073E0AAE0728
(0000000005.004700) vcan0 312#073E073E0AAE0728
(0000000005.015000) vcan0 312#073D073D0AB20728
(0000000005.024800) vcan0 312#673D073D0AB00728
(0000000005.035000) vcan0 312#673D073D0AB60728
(0000000005.044800) vcan0 312#073E073E0AB80728
(0000000005.055000) vcan0 312#073E073E0ABD0728
(0000000005.064800) vcan0 312#673E073E0ABF0728
(0000000005.075000) vcan0 312#673E073E0ABF0728
(0000000005.084800) vcan0 312#073E073E0ABB0728
(0000000005.095000) vcan0 312#073E073E0ABB0728
(0000000005.104800) vcan0 312#673E073E0ABA0728
(0000000005.115300) vcan0 312#673E073E0AB50728
(0000000005.124800) vcan0 312#073E073E0AB60728
(0000000005.135000) vcan0 312#073E073E0AB50728
(0000000005.144800) vcan0 312#673E073E0AB50728
(0000000005.155000) vcan0 312#673E073E0AB80728
(0000000005.164900) vcan0 312#073D073D0AB60728
(0000000005.175300) vcan0 312#279007900ABC0728
(0000000005.184900) vcan0 312#479007900ABD0728
(0000000005.195300) vcan0 312#479007900AC10728
(0000000005.204900) vcan0 312#279007900AC30728
(0000000005.215400) vcan0 312#279007900AC40728
(0000000005.224900) vcan0 312#479007900ABF0728
(0000000005.235000) vcan0 312#479007900ABE0728
(0000000005.244900) vcan0 312#279007900ABD0728
(0000000005.255000) vcan0 312#279007900AB90728
(0000000005.265000) vcan0 312#479007900AB90728
(0000000005.275000) vcan0 312#479007900AB90728
(0000000005.284900) vcan0 312#279007900AB60728
(0000000005.295100) vcan0 312#279007900AB70728
(0000000005.304900) vcan0 312#67E307E30AC50728
(0000000005.315100) vcan0 312#67E307E30ADF0728
(0000000005.324900) vcan0 312#07E307E30B010728
(0000000005.335100) vcan0 312#07E307E30B1A0728
(0000000005.344900) vcan0 312#67E307E30B290728
(0000000005.355300) vcan0 312#67E307E30B330728
(0000000005.364900) vcan0 312#283608360B930728
(0000000005.375400) vcan0 312#283608360BFF0728
(0000000005.384900) vcan0 312#485308530C120728
(0000000005.395100) vcan0 312#485908590C140728
(0000000005.404900) vcan0 312#088008800C110728
(0000000005.415100) vcan0 312#288708870C100728
(0000000005.424900) vcan0 312#689108910C100728
(0000000005.435300) vcan0 312#689108910C0C0728
(0000000005.444900) vcan0 312#284B084B0C080728
(0000000005.455300) vcan0 312#284B084B0BFC0728
(0000000005.464900) vcan0 312#484E084E0BF70728
(0000000005.475400) vcan0 312#485308530BEF0728
(0000000005.484900) vcan0 312#285608560BEA0728
(0000000005.495100) vcan0 312#085E085E0BE50728
(0000000005.504900) vcan0 312#686808680BE20728
(0000000005.515000) vcan0 312#486A086A0BE10728
(0000000005.524800) vcan0 312#087608760BE10728
(0000000005.535100) vcan0 312#088508850BE10728
(0000000005.544900) vcan0 312#682A082A0BDB0728
(0000000005.555100) vcan0 312#683208320BD90728
(0000000005.564900) vcan0 312#07D307D30BD60728
(0000000005.575200) vcan0 312#27D707D70BD40728
(0000000005.585000) vcan0 312#47D807D80BCF0728
(0000000005.595500) vcan0 312#47D407D40BCB0728
(0000000005.605000) vcan0 312#27D707D70BC60728
(0000000005.615500) vcan0 312#07DF07DF0BC60728
(0000000005.625000) vcan0 312#47E107E10BC30728
(0000000005.635500) vcan0 312#47E707E70BC10728
(0000000005.645100) vcan0 312#07EA07EA0BBD0728
(0000000005.655300) vcan0 312#07E507E50BB90728
(0000000005.665000) vcan0 312#67E607E60BB40728
(0000000005.675500) vcan0 312#47E107E10BB20728
(0000000005.685100) vcan0 312#07DA07DA0BB00728
(0000000005.695600) vcan0 312#07DA07DA0BAD0728
(0000000005.705100) vcan0 312#67D307D30BAA0728
(0000000005.715600) vcan0 312#47D207D20BA70728
(0000000005.725100) vcan0 312#27C907C90BA40728
(0000000005.735600) vcan0 312#27C907C90BA10728
(0000000005.745100) vcan0 312#47C007C00B9E0728
(0000000005.755300) vcan0 312#47B707B70B9D0728
(0000000005.765100) vcan0 312#27B707B70B980728
(0000000005.775300) vcan0 312#27AF07AF0B970728
(0000000005.785100) vcan0 312#47AA07AA0B940728
(0000000005.795300) vcan0 312#47AA07AA0B930728
(0000000005.805300) vcan0 312#27A507A50B900728
(0000000005.815600) vcan0 312#27A007A00B8D0728
(0000000005.825100) vcan0 312#47A007A00B8F0728
(0000000005.835300) vcan0 312#679D079D0B910728
(0000000005.845200) vcan0 312#279A079A0B930728
(0000000005.855400) vcan0 312#279A079A0B950728
(0000000005.865200) vcan0 312#679807980B950728
(0000000005.875300) vcan0 312#479607960B950728
(0000000005.885200) vcan0 312#279507950B950728
(0000000005.895700) vcan0 312#279307930B950728
(0000000005.905100) vcan0 312#479007900B950728
(0000000005.915600) vcan0 312#478E078E0B950728
(0000000005.925200) vcan0 312#278E078E0B950728
(0000000005.935400) vcan0 312#078A078A0B950728
(0000000005.945200) vcan0 312#678907890B950728
(0000000005.955600) vcan0 312#478807880B950728
(0000000005.965200) vcan0 312#278807880B950728
(0000000005.975700) vcan0 312#078607860B950728
(0000000005.985100) vcan0 312#478407840B950728
(0000000005.995400) vcan0 312#678307830B950728
(0000000006.005200) vcan0 312#078307830B950728
(0000000006.015400) vcan0 312#278207820B950728
(0000000006.025300) vcan0 312#678007800B950728
(0000000006.035300) vcan0 312#677F077F0B950728
(0000000006.045100) vcan0 312#077F077F0B950728
(0000000006.055400) vcan0 312#277E077E0B950728
(0000000006.065100) vcan0 312#477D077D0B950728
(0000000006.075400) vcan0 312#477B077B0B950728
(0000000006.085100) vcan0 312#077A077A0B950728
(0000000006.095400) vcan0 312#077A077A0B950728
(0000000006.105100) vcan0 312#677907790B950728
(0000000006.115600) vcan0 312#477807780B950728
(0000000006.125200) vcan0 312#277807780B950728
(0000000006.135400) vcan0 312#277807780B950728
(0000000006.145100) vcan0 312#677607760B950728
(0000000006.155600) vcan0 312#677507750B950728
(0000000006.165200) vcan0 312#077507750B950728
(0000000006.175400) vcan0 312#277407740B950728
(0000000006.185200) vcan0 312#477407740B950728
(0000000006.195600) vcan0 312#477407740B950728
(0000000006.205200) vcan0 312#277407740B950728
(0000000006.215700) vcan0 312#077307730B950728
(0000000006.225300) vcan0 312#677307730B950728
(0000000006.235700) vcan0 312#477207720B950728
(0000000006.245200) vcan0 312#277107710B950728
(0000000006.255700) vcan0 312#077007700B950728
(0000000006.265200) vcan0 312#677007700B950728
(0000000006.275700) vcan0 312#677007700B950728
(0000000006.285300) vcan0 312#276F076F0B950728
(0000000006.295500) vcan0 312#276F076F0B950728
(0000000006.305200) vcan0 312#476F076F0B950728
(0000000006.315400) vcan0 312#676E076E0B950728
(0000000006.325200) vcan0 312#076E076E0B950728
(0000000006.335400) vcan0 312#076D076D0B950728
(0000000006.345300) vcan0 312#676D076D0B950728
(0000000006.355400) vcan0 312#476C076C0B950728
(0000000006.365300) vcan0 312#276C076C0B950728
(0000000006.375700) vcan0 312#276C076C0B950728
(0000000006.385300) vcan0 312#476A076A0B950728
(0000000006.395500) vcan0 312#476A076A0B950728
(0000000006.406300) vcan0 312#276A076A0B950728
(0000000006.415700) vcan0 312#276907690B950728
(0000000006.425300) vcan0 312#676707670B950728
(0000000006.435700) vcan0 312#476507650B950728
(0000000006.445300) vcan0 312#076407640B950728
(0000000006.455700) vcan0 312#276507650B950728
(0000000006.465300) vcan0 312#676407640B950728
(0000000006.475800) vcan0 312#676207620B950728
(0000000006.485300) vcan0 312#076407640B950728
(0000000006.495800) vcan0 312#076407640B950728
(0000000006.505300) vcan0 312#676407640B950728
(0000000006.515800) vcan0 312#476507650B950728
(0000000006.525300) vcan0 312#076407640B950728
(0000000006.535800) vcan0 312#076407640B950728
(0000000006.545400) vcan0 312#476507650B950728
(0000000006.555600) vcan0 312#476507650B950728
(0000000006.565400) vcan0 312#276607660B950728
(0000000006.575600) vcan0 312#276507650B950728
(0000000006.585400) vcan0 312#476507650B950728
(0000000006.595500) vcan0 312#476507650B950728
(0000000006.605400) vcan0 312#276607660B950728
(0000000006.615600) vcan0 312#276607660B950728
(0000000006.625400) vcan0 312#476507650B950728
(0000000006.635600) vcan0 312#476507650B950728
(0000000006.645400) vcan0 312#276507650B950728
(0000000006.655800) vcan0 312#276507650B950728
(0000000006.665400) vcan0 312#476507650B950728
(0000000006.675800) vcan0 312#476507650B950728
(0000000006.685400) vcan0 312#276507650B950728
(0000000006.695700) vcan0 312#276507650B950728
(0000000006.705400) vcan0 312#676407640B950728
(0000000006.716100) vcan0 312#676407640B950728
(0000000006.725600) vcan0 312#076407640B950728
(0000000006.736100) vcan0 312#076407640B950728
(0000000006.745700) vcan0 312#676407640B950728
(0000000006.756200) vcan0 312#676407640B950728
(0000000006.765400) vcan0 312#276507650B950728
(0000000006.775900) vcan0 312#076407640B950728
(0000000006.785400) vcan0 312#676407640B950728
(0000000006.795900) vcan0 312#676407640B950728
(0000000006.805400) vcan0 312#076407640B950728
(0000000006.815500) vcan0 312#276507650B950728
(0000000006.825400) vcan0 312#476307630B950728
(0000000006.835600) vcan0 312#476307630B950728
(0000000006.845600) vcan0 312#276307630B950728
(0000000006.855600) vcan0 312#276307630B950728
(0000000006.865700) vcan0 312#476307630B950728
(0000000006.875700) vcan0 312#676407640B950728
(0000000006.885700) vcan0 312#076407640B950728
(0000000006.895700) vcan0 312#076407640B950728
(0000000006.905400) vcan0 312#676407640B950728
(0000000006.915900) vcan0 312#476507650B950728
(0000000006.925500) vcan0 312#276307630B950728
(0000000006.935700) vcan0 312#276307630B950728
(0000000006.945500) vcan0 312#476307630B950728
(0000000006.955900) vcan0 312#676407640B950728
(0000000006.965500) vcan0 312#276307630B950728
(0000000006.976000) vcan0 312#276307630B950728
(0000000006.985600) vcan0 312#676407640B950728
(0000000006.996000) vcan0 312#676407640B950728
(0000000007.005600) vcan0 312#276607660B950728
(0000000007.016000) vcan0 312#276607660B950728
(0000000007.025700) vcan0 312#676707670B950728
(0000000007.035900) vcan0 312#676707670B950728
(0000000007.045800) vcan0 312#076807680B950728
(0000000007.056000) vcan0 312#076807680B950728
(0000000007.065800) vcan0 312#676807680B950728
(0000000007.075700) vcan0 312#476907690B950728
(0000000007.085800) vcan0 312#276A076A0B950728
(0000000007.095700) vcan0 312#276A076A0B950728
(0000000007.105600) vcan0 312#676B076B0B950728
(0000000007.115700) vcan0 312#676B076B0B950728
(0000000007.125800) vcan0 312#276C076C0B950728
(0000000007.136000) vcan0 312#076D076D0B950728
(0000000007.145800) vcan0 312#676E076E0B940728
(0000000007.156000) vcan0 312#476F076F0B930728
(0000000007.166000) vcan0 312#276F076F0B910728
(0000000007.176300) vcan0 312#276F076F0B900728
(0000000007.185800) vcan0 312#677007700B8E0728
(0000000007.196000) vcan0 312#477107710B8C0728
(0000000007.205600) vcan0 312#077007700B8A0728
(0000000007.216000) vcan0 312#277107710B880728
(0000000007.225600) vcan0 312#477207720B870728
(0000000007.236000) vcan0 312#477207720B860728
(0000000007.245500) vcan0 312#277207720B840728
(0000000007.256000) vcan0 312#077307730B830728
(0000000007.265600) vcan0 312#477407740B820728
(0000000007.276000) vcan0 312#477407740B820728
(0000000007.285800) vcan0 312#277407740B810728
(0000000007.296000) vcan0 312#277407740B800728
(0000000007.305600) vcan0 312#477407740B7E0728
(0000000007.316100) vcan0 312#677507750B7C0728
(0000000007.325600) vcan0 312#077507750B7A0728
(0000000007.335800) vcan0 312#077507750B790728
(0000000007.345900) vcan0 312#677607760B760728
(0000000007.355800) vcan0 312#677607760B740728
(0000000007.365800) vcan0 312#077607760B720728
(0000000007.375800) vcan0 312#277807780B700728
(0000000007.385800) vcan0 312#477707770B6F0728
(0000000007.395800) vcan0 312#477807780B6D0728
(0000000007.405800) vcan0 312#277807780B6B0728
(0000000007.415800) vcan0 312#277B077B0B690728
(0000000007.425800) vcan0 312#477B077B0B670728
(0000000007.435800) vcan0 312#677C077C0B650728
(0000000007.445800) vcan0 312#077C077C0B640728
(0000000007.456000) vcan0 312#277D077D0B630728
(0000000007.465800) vcan0 312#477D077D0B610728
(0000000007.476100) vcan0 312#677F077F0B5F0728
(0000000007.485800) vcan0 312#077F077F0B5C0728
(0000000007.496000) vcan0 312#278107810B5A0728
(0000000007.505600) vcan0 312#678007800B580728
(0000000007.516000) vcan0 312#478107810B570728
(0000000007.525600) vcan0 312#278107810B540728
(0000000007.536100) vcan0 312#278207820B520728
(0000000007.545800) vcan0 312#478207820B500728
(0000000007.556100) vcan0 312#478107810B4E0728
(0000000007.565900) vcan0 312#278207820B4C0728
(0000000007.576300) vcan0 312#278207820B4F0728
(0000000007.586100) vcan0 312#478407840B510728
(0000000007.596300) vcan0 312#678307830B570728
(0000000007.606100) vcan0 312#078507850B5B0728
(0000000007.615800) vcan0 312#078507850B5F0728
(0000000007.625800) vcan0 312#678507850B680728
(0000000007.636000) vcan0 312#478807880B6D0728
(0000000007.645800) vcan0 312#278707870B720728
(0000000007.655700) vcan0 312#278707870B780728
(0000000007.665800) vcan0 312#678C078C0B7E0728
(0000000007.675700) vcan0 312#478B078B0B830728
(0000000007.685800) vcan0 312#278B078B0B8D0728
(0000000007.696000) vcan0 312#279007900B8F0728
(0000000007.705800) vcan0 312#678F078F0B960728
(0000000007.715700) vcan0 312#678F078F0B9C0728
(0000000007.725800) vcan0 312#279607960BA20728
(0000000007.736000) vcan0 312#079407940BA60728
(0000000007.745600) vcan0 312#479307930BAC0728
(0000000007.756000) vcan0 312#679807980BAE0728
(0000000007.765800) vcan0 312#079807980BB20728
(0000000007.776000) vcan0 312#079707970BB70728
(0000000007.785800) vcan0 312#479507950BBA0728
(0000000007.796000) vcan0 312#479A079A0BBF0728
(0000000007.805900) vcan0 312#079807980BC10728
(0000000007.816100) vcan0 312#079707970BC50728
(0000000007.825900) vcan0 312#479607960BC80728
(0000000007.836100) vcan0 312#679807980BCC0728
(0000000007.845900) vcan0 312#079807980BCF0728
(0000000007.856100) vcan0 312#279607960BD10728
(0000000007.865900) vcan0 312#479507950BD50728
(0000000007.875900) vcan0 312#679407940BD70728
(0000000007.885800) vcan0 312#079707970BD90728
(0000000007.896100) vcan0 312#279607960BDA0728
(0000000007.905900) vcan0 312#479307930BDB0728
(0000000007.915900) vcan0 312#479307930BE00728
(0000000007.925900) vcan0 312#079107910BE10728
(0000000007.936100) vcan0 312#279507950BE20728
(0000000007.945900) vcan0 312#679407940BE30728
(0000000007.955800) vcan0 312#479307930BE50728
(0000000007.965800) vcan0 312#079107910BE70728
(0000000007.975900) vcan0 312#279007900BE80728
(0000000007.985900) vcan0 312#678F078F0BEA0728
(0000000007.996400) vcan0 312#479307930BEB0728
(0000000008.006000) vcan0 312#279307930BEB0728
(0000000008.016299) vcan0 312#079107910BE10728
(0000000008.026199) vcan0 312#679207920BCF0728
(0000000008.036400) vcan0 312#679207920BC30728
(0000000008.045900) vcan0 312#079207920BB60728
(0000000008.056100) vcan0 312#079207920BB80728
(0000000008.065799) vcan0 312#679207920BAA0728
(0000000008.076100) vcan0 312#479907990B9B0728
(0000000008.085900) vcan0 312#279907990B9B0728
(0000000008.096000) vcan0 312#279907990B7F0728
(0000000008.105900) vcan0 312#479907990B7F0728
(0000000008.116099) vcan0 312#479907990B650728
(0000000008.125800) vcan0 312#279907990B650728
(0000000008.135800) vcan0 312#279907990B570728
(0000000008.145899) vcan0 312#479907990B4C0728
(0000000008.155799) vcan0 312#479907990B4C0728
(0000000008.165800) vcan0 312#279907990B3E0728
(0000000008.175800) vcan0 312#279907990B3E0728
(0000000008.185900) vcan0 312#67A107A10B290728
(0000000008.195798) vcan0 312#67A107A10B290728
(0000000008.205900) vcan0 312#073E073E09C40728
(0000000008.215799) vcan0 312#073E073E09C40728
(0000000008.225899) vcan0 312#673E073E09C40728
(0000000008.235799) vcan0 312#673E073E09C40728
(0000000008.245900) vcan0 312#073E073E09C40728
(0000000008.255799) vcan0 312#073E073E09C40728
(0000000008.265798) vcan0 312#673E073E09C40728
(0000000008.276100) vcan0 312#673E073E09C40728
(0000000008.285799) vcan0 312#073E073E09C40728
(0000000008.296099) vcan0 312#073E073E09C40728
(0000000008.305799) vcan0 312#673E073E09C40728
(0000000008.316100) vcan0 312#673E073E09C40728
(0000000008.325900) vcan0 312#073E073E09C40728
(0000000008.336100) vcan0 312#073E073E09C40728
(0000000008.345798) vcan0 312#673E073E09C40728
(0000000008.356100) vcan0 312#673E073E09C40728
(0000000008.365900) vcan0 312#073E073E09C40728
(0000000008.376099) vcan0 312#073E073E09C40728
(0000000008.385799) vcan0 312#673E073E09C40728
(0000000008.395700) vcan0 312#673E073E09C40728
(0000000008.405700) vcan0 312#073E073E09C40728
(0000000008.416100) vcan0 312#073E073E09C40728
(0000000008.425900) vcan0 312#673E073E09C40728
(0000000008.436100) vcan0 312#673E073E09C40728
(0000000008.446200) vcan0 312#073E073E09C40728
(0000000008.456100) vcan0 312#073E073E09C40728
(0000000008.465800) vcan0 312#673E073E09C40728
(0000000008.475800) vcan0 312#673E073E09C40728
(0000000008.485800) vcan0 312#073E073E09C40728
(0000000008.495800) vcan0 312#073E073E09C40728
(0000000008.505900) vcan0 312#673E073E09C40728
(0000000008.516000) vcan0 312#673E073E09C40728
(0000000008.525900) vcan0 312#073E073E09C40728
(0000000008.536100) vcan0 312#073E073E09C40728
(0000000008.545800) vcan0 312#673E073E09C40728
(0000000008.556000) vcan0 312#673E073E09C40728
(0000000008.565900) vcan0 312#073E073E09C40728
(0000000008.576100) vcan0 312#073E073E09C40728
(0000000008.585900) vcan0 312#673E073E09C40728
(0000000008.596000) vcan0 312#673E073E09C40728
(0000000008.605900) vcan0 312#073E073E09C40728
(0000000008.616100) vcan0 312#073E073E09C40728
(0000000008.625900) vcan0 312#673E073E09C40728
(0000000008.636000) vcan0 312#673E073E09C40728
(0000000008.645800) vcan0 312#073E073E09C40728
(0000000008.655800) vcan0 312#073E073E09C40728
(0000000008.665800) vcan0 312#673E073E09C40728
(0000000008.675800) vcan0 312#673E073E09C40728
(0000000008.685800) vcan0 312#073E073E09C40728
(0000000008.695800) vcan0 312#073E073E09C40728
(0000000008.705800) vcan0 312#673E073E09C40728
(0000000008.716100) vcan0 312#673E073E09C40728
(0000000008.725800) vcan0 312#073E073E09C40728
(0000000008.735700) vcan0 312#073E073E09C40728
(0000000008.745800) vcan0 312#673E073E09C40728
(0000000008.756000) vcan0 312#673E073E09C40728
(0000000008.765800) vcan0 312#073E073E09C40728
(0000000008.775800) vcan0 312#073E073E09C40728
(0000000008.785700) vcan0 312#673E073E09C40728
(0000000008.796100) vcan0 312#673E073E09C40728
(0000000008.805700) vcan0 312#073E073E09C40728
(0000000008.816000) vcan0 312#073E073E09C40728
(0000000008.825900) vcan0 312#673E073E09C40728
(0000000008.836100) vcan0 312#673E073E09C40728
(0000000008.846000) vcan0 312#073E073E09C40728
(0000000008.856400) vcan0 312#073E073E09C40728
(0000000008.866200) vcan0 312#673E073E09C40728
(0000000008.876400) vcan0 312#673E073E09C40728
(0000000008.886100) vcan0 312#073E073E09C40728
(0000000008.896400) vcan0 312#073E073E09C40728
(0000000008.905700) vcan0 312#673E073E09C40728
(0000000008.915800) vcan0 312#673E073E09C40728
(0000000008.925800) vcan0 312#073E073E09C40728
(0000000008.935900) vcan0 312#073E073E09C40728
(0000000008.945900) vcan0 312#673E073E09C40728
(0000000008.955800) vcan0 312#673E073E09C40728
(0000000008.965800) vcan0 312#073E073E09C40728
(0000000008.975800) vcan0 312#073E073E09C40728
(0000000008.985900) vcan0 312#673E073E09C40728
(0000000008.995800) vcan0 312#673E073E09C40728
(0000000009.005900) vcan0 312#073E073E09C40728
(0000000009.015800) vcan0 312#073E073E09C40728
(0000000009.025900) vcan0 312#673E073E09C40728
(0000000009.035800) vcan0 312#673E073E09C40728
(0000000009.045900) vcan0 312#073E073E09C40728
(0000000009.055800) vcan0 312#073E073E09C40728
(0000000009.065900) vcan0 312#673E073E09C40728
(0000000009.075800) vcan0 312#673E073E09C40728
(0000000009.085900) vcan0 312#073E073E09C40728
(0000000009.095800) vcan0 312#073E073E09C40728
(0000000009.105900) vcan0 312#673E073E09C40728
(0000000009.116100) vcan0 312#673E073E09C40728
(0000000009.125900) vcan0 312#073E073E09C40728
(0000000009.136100) vcan0 312#073E073E09C40728
(0000000009.145800) vcan0 312#673E073E09C40728
(0000000009.156100) vcan0 312#673E073E09C40728
(0000000009.165900) vcan0 312#073E073E09C40728
(0000000009.175800) vcan0 312#073E073E09C40728
(0000000009.185800) vcan0 312#673E073E09C40728
