(1591048210.107263) vcan0 308#00000046011FFF00
(1591048210.168770) vcan0 308#00000006001FFF00
(1591048210.230365) vcan0 308#00000006001FFF00
(1591048210.312949) vcan0 308#00000046011FFF00
(1591048210.374021) vcan0 308#00000046011FFF00
(1591048210.455881) vcan0 308#00000006001FFF00
(1591048210.538002) vcan0 308#00000006001FFF00
(1591048210.640290) vcan0 308#00000046011FFF00
(1591048210.722460) vcan0 308#00000046011FFF00
(1591048210.804901) vcan0 308#00000006001FFF00
(1591048210.887362) vcan0 308#00000006001FFF00
(1591048210.969672) vcan0 308#00000046011FFF00
(1591048211.072261) vcan0 308#00000046011FFF00
(1591048211.153514) vcan0 308#00000006001FFF00
(1591048211.255983) vcan0 308#00000006001FFF00
(1591048211.358265) vcan0 308#00000046011FFF00
(1591048211.440229) vcan0 308#00000046011FFF00
(1591048211.543395) vcan0 308#00000006001FFF00
(1591048211.789005) vcan0 308#00000046011FFF00
(1591048211.789014) vcan0 308#00000006001FFF00
(1591048212.178081) vcan0 308#00000046011FFF00
(1591048212.382772) vcan0 308#00000046011FFF00
(1591048212.403383) vcan0 308#00000006001FFF00
(1591048212.423817) vcan0 308#00000046011FFF00
(1591048212.444292) vcan0 308#00000006001FFF00
(1591048212.464856) vcan0 308#00000046011FFF00
(1591048212.464859) vcan0 308#00000006001FFF00
(1591048212.484904) vcan0 308#00000046011FFF00
(1591048212.505688) vcan0 308#00000006001FFF00
(1591048212.526163) vcan0 308#00000046011FFF00
(1591048212.793436) vcan0 308#00000046011FFF00
(1591048212.813904) vcan0 308#00000006001FFF00
(1591048212.834455) vcan0 308#00000046011FFF00
(1591048212.855114) vcan0 308#00000006001FFF00
(1591048212.875484) vcan0 308#00000046011FFF00
(1591048212.895976) vcan0 308#00000006001FFF00
(1591048212.916770) vcan0 308#00000046011FFF00
(1591048213.204088) vcan0 308#00000006001FFF00
(1591048213.224588) vcan0 308#00000046011FFF00
(1591048213.245114) vcan0 308#00000006001FFF00
(1591048213.265704) vcan0 308#00000046011FFF00
(1591048213.286263) vcan0 308#00000006001FFF00
(1591048213.306444) vcan0 308#00000046011FFF00
(1591048213.613852) vcan0 308#00000006001FFF00
(1591048213.634499) vcan0 308#00000046011FFF00
(1591048213.654985) vcan0 308#00000006001FFF00
(1591048213.675803) vcan0 308#00000046011FFF00
(1591048213.696570) vcan0 308#00000006001FFF00
(1591048213.716849) vcan0 308#00000046011FFF00
(1591048213.716850) vcan0 308#00000006001FFF00
(1591048214.087139) vcan0 308#00000006001FFF00
(1591048214.087143) vcan0 308#00000046011FFF00
(1591048214.414070) vcan0 308#00000006001FFF00
(1591048214.434592) vcan0 308#00000046011FFF00
(1591048214.455075) vcan0 308#00000006001FFF00
(1591048214.455076) vcan0 308#00000046011FFF00
(1591048214.802382) vcan0 308#00000006001FFF00
(1591048214.822739) vcan0 308#00000046011FFF00
(1591048215.213279) vcan0 308#00000006001FFF00
(1591048215.500389) vcan0 308#00000046011FFF00
(1591048215.520942) vcan0 308#00000006001FFF00
(1591048215.952201) vcan0 308#00000046011FFF00
(1591048215.972609) vcan0 308#00000006001FFF00
(1591048215.993110) vcan0 308#00000046011FFF00
(1591048216.383513) vcan0 308#00007244091FFF00
(1591048216.812325) vcan0 308#00007204081FFF00
(1591048217.036732) vcan0 308#0000BE04081FFF00
(1591048217.057491) vcan0 308#0000BE44091FFF00
(1591048217.077834) vcan0 308#0000BE04081FFF00
(1591048217.097994) vcan0 308#00022104091FFF00
(1591048217.097997) vcan0 308#00022144081FFF00
(1591048217.466666) vcan0 308#00065340011FFF00
(1591048217.487364) vcan0 308#00066240001FFF00
(1591048217.815005) vcan0 308#0005FB00011FFF00
(1591048217.815007) vcan0 308#0005EF40001FFF00
(1591048218.286026) vcan0 308#00053240001FFF00
(1591048218.572468) vcan0 308#0004E640011FFF00
(1591048218.592657) vcan0 308#0004DC00001FFF00
(1591048218.613451) vcan0 308#0004DC40011FFF00
(1591048218.633435) vcan0 308#0004D140001FFF00
(1591048218.674744) vcan0 308#0004C640001FFF00
(1591048218.695354) vcan0 308#0004BB00011FFF00
(1591048218.715607) vcan0 308#0004BB40001FFF00
(1591048218.715610) vcan0 308#0004B340011FFF00
(1591048218.941447) vcan0 308#00048040011FFF00
(1591048218.961866) vcan0 308#00047C00001FFF00
(1591048218.981977) vcan0 308#00047640011FFF00
(1591048219.002953) vcan0 308#00046E00001FFF00
(1591048219.022992) vcan0 308#00046E40011FFF00
(1591048219.043911) vcan0 308#00046640001FFF00
(1591048219.064664) vcan0 308#00046140011FFF00
(1591048219.085243) vcan0 308#00045E00001FFF00
(1591048219.085244) vcan0 308#00045E40011FFF00
(1591048219.372973) vcan0 308#00043A00011FFF00
(1591048219.393463) vcan0 308#00043A40001FFF00
(1591048219.414008) vcan0 308#00043B40011FFF00
(1591048219.434424) vcan0 308#00043B00001FFF00
(1591048219.475577) vcan0 308#00043940001FFF00
(1591048219.496470) vcan0 308#00043900011FFF00
(1591048219.516862) vcan0 308#00043940001FFF00
(1591048219.516866) vcan0 308#00043740011FFF00
(1591048219.803192) vcan0 308#00043700001FFF00
(1591048219.823924) vcan0 308#00043740011FFF00
(1591048219.844950) vcan0 308#00043700001FFF00
(1591048219.865466) vcan0 308#00043900011FFF00
(1591048219.885995) vcan0 308#00043940001FFF00
(1591048219.906523) vcan0 308#00043900011FFF00
(1591048219.929163) vcan0 308#00043940001FFF00
(1591048220.213848) vcan0 308#00044640011FFF00
(1591048220.234124) vcan0 308#00044240001FFF00
(1591048220.275177) vcan0 308#00044140001FFF00
(1591048220.295686) vcan0 308#00044100011FFF00
(1591048220.295689) vcan0 308#00044440001FFF00
(1591048220.623721) vcan0 308#00044B00011FFF00
(1591048220.644139) vcan0 308#00044D40001FFF00
(1591048220.664677) vcan0 308#00044C40011FFF00
(1591048220.685441) vcan0 308#00044500001FFF00
(1591048221.012993) vcan0 308#00047800011FFF00
(1591048221.033386) vcan0 308#00047E40001FFF00
(1591048221.423106) vcan0 308#0004B940011FFF00
(1591048221.443651) vcan0 308#0004BD40001FFF00
(1591048221.770785) vcan0 308#00050800011FFF00
(1591048221.790981) vcan0 308#00050840001FFF00
(1591048222.179582) vcan0 308#00055100011FFF00
(1591048222.199955) vcan0 308#00055300001FFF00
(1591048222.569235) vcan0 308#00054740011FFF00
