(1591048210.066419) vcan0 312#5FFF074C09AF074C
(1591048210.127630) vcan0 312#674C074C09AF074C
(1591048210.189541) vcan0 312#074C074C09AF074C
(1591048210.250851) vcan0 312#074C074C09AF074C
(1591048210.312953) vcan0 312#674C074C09AF074C
(1591048210.394388) vcan0 312#674C074C09AF074C
(1591048210.476383) vcan0 312#074C074C09AF074C
(1591048210.578987) vcan0 312#074C074C09AF074C
(1591048210.640294) vcan0 312#674C074C09AF074C
(1591048210.763507) vcan0 312#674C074C09AF074C
(1591048210.825497) vcan0 312#074C074C09AF074C
(1591048210.933938) vcan0 312#074C074C09AF074C
(1591048210.989706) vcan0 312#674C074C09AF074C
(1591048211.092383) vcan0 312#674C074C09AF074C
(1591048211.173982) vcan0 312#074C074C09AF074C
(1591048211.276638) vcan0 312#074C074C09AF074C
(1591048211.358283) vcan0 312#674C074C09AF074C
(1591048211.481800) vcan0 312#674C074C09AF074C
(1591048211.563931) vcan0 312#074C074C09AF074C
(1591048211.809939) vcan0 312#074C074C09A7074C
(1591048211.809943) vcan0 312#674C074C09A7074C
(1591048211.830442) vcan0 312#074C074C09A7074C
(1591048212.198529) vcan0 312#074C074C09A7074C
(1591048212.567146) vcan0 312#074C074C09A7074C
(1591048212.937314) vcan0 312#074C074C09A7074C
(1591048212.958044) vcan0 312#674C074C09A7074C
(1591048213.326844) vcan0 312#074C074C09A7074C
(1591048213.737010) vcan0 312#074C074C09A7074C
(1591048213.737012) vcan0 312#674C074C09A7074C
(1591048213.757430) vcan0 312#074C074C09A7074C
(1591048214.108056) vcan0 312#674C074C09A7074C
(1591048214.108058) vcan0 312#074C074C09A7074C
(1591048214.475911) vcan0 312#674C074C09A7074C
(1591048214.475912) vcan0 312#074C074C09A7074C
(1591048214.822743) vcan0 312#074C074C09A7074C
(1591048215.213279) vcan0 312#674C074C09A7074C
(1591048215.233711) vcan0 312#074C074C09A7074C
(1591048215.562772) vcan0 312#074C074C09A7074C
(1591048216.013587) vcan0 312#074C074C09A7074C
(1591048216.033823) vcan0 312#674C074C09A7074C
(1591048216.033824) vcan0 312#074C074C09A7074C
(1591048216.054581) vcan0 312#674C074C09A7074C
(1591048216.404180) vcan0 312#0965096509AF074C
(1591048216.404184) vcan0 312#6965096509AF074C
(1591048216.812329) vcan0 312#4994099409A7074C
(1591048217.118438) vcan0 312#0959085109CA0740
(1591048217.508454) vcan0 312#283508210B21071D
(1591048217.835524) vcan0 312#07E307F90AC40705
(1591048217.835525) vcan0 312#67E307F90AC40705
(1591048218.306509) vcan0 312#67EF07FB0A6A0705
(1591048218.327018) vcan0 312#07EF07FB0A6A0705
(1591048218.348043) vcan0 312#67EF08000A6A0705
(1591048218.756924) vcan0 312#07EF07FC0A1806FA
(1591048219.126814) vcan0 312#0807081509EA06FA
(1591048219.147322) vcan0 312#6807081509EA06FA
(1591048219.147323) vcan0 312#0807080B09EA06FA
(1591048219.537371) vcan0 312#4812081609DE06FA
(1591048219.557862) vcan0 312#2812081809D606FA
(1591048219.929167) vcan0 312#4812080C09DE06FA
(1591048219.947193) vcan0 312#2812081609DE06FA
(1591048220.316276) vcan0 312#281E081809DE06FA
(1591048220.316277) vcan0 312#481E081209DE06FA
(1591048220.705713) vcan0 312#481E081A09EA0705
(1591048221.054401) vcan0 312#481E080D0A0D0705
(1591048221.443653) vcan0 312#481208070A300705
(1591048221.464239) vcan0 312#2812080C0A300705
(1591048221.811178) vcan0 312#682A08150A76071D
(1591048221.811179) vcan0 312#082A08170A76071D
(1591048221.831486) vcan0 312#682A08170A76071D
(1591048222.220520) vcan0 312#481208140A99071D
(1591048222.261512) vcan0 312#4812080D0A99071D
(1591048222.590149) vcan0 312#281208170A8D071D
