(1602967930.763504) can0 101#00
(1602967930.770600) can0 210#0000008080000000
(1602967930.791364) can0 212#041F0757A7D03FFF
(1602967930.811565) can0 255#3FFF3FFF1F40FFFF
(1602967930.811566) can0 308#00000006001FFF00
(1602967930.811566) can0 309#1FFFFFFF0FFF00
(1602967930.831623) can0 312#0757075709BF0757
(1602967930.831623) can0 356#3FFF3FFF067800
(1602967930.831624) can0 380#0001
(1602967930.852129) can0 415#000000000000CB
(1602967930.852130) can0 4A0#31D033197D180040
(1602967930.852135) can0 608#5DFF000000000000
(1602967930.872746) can0 6FA#0156393855303438
(1602967930.872747) can0 6FE#FFEFE7E700000000
(1602967930.872747) can0 7BC#0000000000000000
(1602967930.893236) can0 212#041F075767D03FFF
(1602967930.893238) can0 308#00000046011FFF00
(1602967930.893239) can0 309#1FFFFFFF0FFF00
(1602967930.913848) can0 312#6757075709BF0757
(1602967930.913849) can0 356#3FFF3FFF067800
(1602967930.913850) can0 7BC#0000000000000000
(1602967930.934394) can0 210#0000000000000000
(1602967930.934396) can0 255#3FFF3FFF1F40FFFF
(1602967930.934397) can0 308#00000046011FFF00
(1602967930.954772) can0 309#1FFFFFFF0FFF00
(1602967930.954774) can0 312#6757075709BF0757
(1602967930.954775) can0 380#0001
(1602967930.975276) can0 6FE#FFEFE7E700000000
(1602967930.975278) can0 248#0008000000004000
(1602967930.975278) can0 212#041F075767D03FFF
(1602967930.995815) can0 318#00FF0107FFFF0000
(1602967930.995817) can0 308#00000006001FFF00
(1602967930.995818) can0 315#00000000007B00
(1602967931.016306) can0 309#1FFFFFFF0FFF00
(1602967931.016307) can0 312#0757075709BF0757
(1602967931.016308) can0 356#3FFF3FFF067800
(1602967931.036765) can0 6FA#0239333000000000
(1602967931.036767) can0 7BC#01BE3FB013000000
(1602967931.036768) can0 408#0000880000000000
(1602967931.057471) can0 325#000DF71B000100
(1602967931.057472) can0 210#0000000000000000
(1602967931.057473) can0 412#FF00FF008E00
(1602967931.077875) can0 255#3FFF3FFF1F40FFFF
(1602967931.077877) can0 308#00000006001FFF00
(1602967931.077879) can0 309#1FFFFFFF0FFF00
(1602967931.098739) can0 312#0757075709BF0757
(1602967931.098741) can0 380#0001
(1602967931.098743) can0 608#5DFF000000000000
(1602967931.119047) can0 248#0008000800004000
(1602967931.119049) can0 212#041F0757A7D03FFF
(1602967931.119051) can0 5FE#00000000000007EA
(1602967931.139417) can0 308#00000046011FFF00
(1602967931.139419) can0 315#44000000007B00
(1602967931.139421) can0 309#1FFFFFFF0FFF00
(1602967931.160112) can0 312#6757075709BF0757
(1602967931.160115) can0 356#3FFF3FFF067800
(1602967931.160118) can0 4A0#27D933197D0E0040
(1602967931.180529) can0 7BC#0281076565000004
(1602967931.180533) can0 325#080DF71B000100
(1602967931.180535) can0 210#0000008080000000
(1602967931.201023) can0 6FB#1107040023224000
(1602967931.201025) can0 255#3FFF3FFF1F40FFFF
(1602967931.201027) can0 412#FF00FF008E00
(1602967931.221570) can0 308#00000046011FFF00
(1602967931.221573) can0 309#1FFFFFFF0FFF00
(1602967931.221574) can0 312#6757075709BF0757
(1602967931.242088) can0 380#0001
(1602967931.242090) can0 415#000000000000CB
(1602967931.242092) can0 248#0008000800004000
(1602967931.262478) can0 101#00
(1602967931.262480) can0 212#041F0757A7D03FFF
(1602967931.262483) can0 6FD#0193004012266900
(1602967931.283087) can0 308#00000006001FFF00
(1602967931.283089) can0 315#48000000007C00
(1602967931.283091) can0 309#1FFFFFFF0FFF00
(1602967931.303534) can0 312#0757075709BF0757
(1602967931.303537) can0 356#3FFF3FFF067800
(1602967931.303538) can0 7BC#0300005D80008000
(1602967931.323972) can0 325#080DF71B000100
(1602967931.323975) can0 210#0000008080000000
(1602967931.323976) can0 6FF#2181024000000000
(1602967931.344554) can0 255#3FFF3FFF1F40FFFF
(1602967931.344557) can0 412#FF00FF008E00
(1602967931.344558) can0 308#00000006001FFF00
(1602967931.365359) can0 309#1FFFFFFF0FFF00
(1602967931.365361) can0 312#0757075709BF0757
(1602967931.365363) can0 380#0001
(1602967931.385472) can0 248#0008000800004000
(1602967931.385474) can0 212#041F075767D03FFF
(1602967931.385476) can0 308#00000046011FFF00
(1602967931.405966) can0 315#0C000000007B00
(1602967931.405968) can0 309#1FFFFFFF0FFF00
(1602967931.405969) can0 312#6757075709BF0757
(1602967931.426692) can0 356#3FFF3FFF067800
(1602967931.426695) can0 7BC#0400000000006500
(1602967931.426696) can0 325#080DF71B000100
(1602967931.446917) can0 210#0000000000000000
(1602967931.446919) can0 412#FF00FF008E00
(1602967931.446920) can0 255#3FFF3FFF1F40FFFF
