(1602970112.229823) can0 248#0008000000004000
(1602970112.234746) can0 318#00FF0107FFFF0000
(1602970112.240390) can0 315#3C000000007B00
(1602970112.242307) can0 408#00008D0000000000
(1602970112.244210) can0 325#000DF71B000100
(1602970112.246200) can0 412#FF00FF008E00
(1602970112.249975) can0 248#0008000800004000
(1602970112.257246) can0 5FE#00000000000007EA
(1602970112.258753) can0 315#00000000007B00
(1602970112.259798) can0 325#000DF71B000100
(1602970112.266691) can0 6FB#1107040023224000
(1602970112.268675) can0 412#FF00FF008E00
(1602970112.269868) can0 248#0008000800004000
(1602970112.277369) can0 6FD#0193004012266900
(1602970112.279540) can0 315#44000000007B00
(1602970112.283293) can0 325#000DF71B000100
(1602970112.284708) can0 6FF#2181024000000000
(1602970112.287060) can0 412#FF00FF008E00
(1602970112.289830) can0 248#0008000800004000
(1602970112.294773) can0 315#48000000007B00
(1602970112.301756) can0 325#000DF71B000100
(1602970112.304707) can0 412#FF00FF008E00
(1602970112.308510) can0 359#30FFFF80
(1602970112.311508) can0 248#0008000800004000
(1602970112.312590) can0 236#0FF13FFF00000029
(1602970112.316534) can0 315#0C000000007B00
(1602970112.321377) can0 325#080DF71B000100
(1602970112.323365) can0 236#0FF13FFF10000031
(1602970112.324937) can0 412#FF00FF008E00
(1602970112.329237) can0 359#30FFFF80
(1602970112.330039) can0 248#0008000800004000
(1602970112.331181) can0 236#0FF13FFF20000019
(1602970112.334983) can0 318#00FF010275FF0000
(1602970112.335977) can0 315#50000000007B00
(1602970112.339835) can0 408#00008D0000000000
(1602970112.340791) can0 325#080DF71B000100
(1602970112.342744) can0 236#0FF13FFF30000001
(1602970112.346670) can0 412#FF0074008E00
(1602970112.348431) can0 359#30FFFF80
(1602970112.351678) can0 248#0008000800004000
(1602970112.353635) can0 236#0FF13FFF40000049
(1602970112.355592) can0 300#009B1FFF1FFFFFFF
(1602970112.357428) can0 328#0000FF00D980FFFF
(1602970112.357429) can0 330#FCFCFCFFFFFF3FFF
(1602970112.358492) can0 315#14000000007B00
(1602970112.361331) can0 325#080DF71B000100
(1602970112.362509) can0 236#0FF13FFF50000051
(1602970112.364345) can0 200#1E03C000C000C000
(1602970112.365417) can0 208#00206FFFC000C000
(1602970112.365418) can0 215#00000000000000
(1602970112.367309) can0 412#FF0074008E00
(1602970112.368544) can0 359#32000080
(1602970112.371233) can0 248#0008000800004000
(1602970112.373185) can0 236#0FF13FFF60000079
(1602970112.375120) can0 300#001B1FFF9FFFFFFF
(1602970112.377087) can0 328#0000FF00D880FFFF
(1602970112.377087) can0 330#FCFCFCFFFFFF3FFF
(1602970112.379038) can0 315#18000000007B00
(1602970112.380003) can0 325#080DF71B000100
(1602970112.381004) can0 236#0FF13FFF70000061
(1602970112.382083) can0 200#1E03C000C000C000
(1602970112.383001) can0 208#00206FFFC000C000
(1602970112.384912) can0 215#00000000000003
(1602970112.386871) can0 412#FF0074008E00
(1602970112.388531) can0 359#02000080
(1602970112.391755) can0 248#0008000800004000
(1602970112.393720) can0 236#0FF13FFF800000E9
(1602970112.395653) can0 300#001B1FFF9FFFFFFF
(1602970112.397480) can0 328#0000FF00D880FFFF
(1602970112.397481) can0 330#FCFCFCFFFFFF3FFF
(1602970112.398540) can0 315#5C000000007B00
(1602970112.400028) can0 325#080DF71B000100
(1602970112.401504) can0 236#0FF13FFF900000F1
(1602970112.403309) can0 200#1E03C000C000C000
(1602970112.405251) can0 208#00206FFFC000C000
(1602970112.407347) can0 215#00000000000003
(1602970112.409168) can0 412#FF0074008E00
(1602970112.411146) can0 359#02000082
(1602970112.413066) can0 248#0008000800004000
(1602970112.415008) can0 236#0FF11000A00000C2
(1602970112.416993) can0 300#009B1FFF1FFFFFFF
(1602970112.416994) can0 328#0000FF00D880FFFF
(1602970112.416995) can0 330#FCFCFCFFFFFF3FFF
(1602970112.418956) can0 315#60000000007B00
(1602970112.419825) can0 325#080DF71B000100
(1602970112.420888) can0 236#0FF11000B00000DA
(1602970112.422048) can0 200#1E03C000C000C000
(1602970112.422837) can0 208#00206000C000C000
(1602970112.424847) can0 215#00000000000000
(1602970112.425902) can0 412#FF0074008E00
(1602970112.429709) can0 359#32000082
(1602970112.431640) can0 248#0008000800004000
(1602970112.433564) can0 236#0FF11000C0000092
(1602970112.435534) can0 300#009B1FFF1FFFFFFF
(1602970112.437528) can0 328#0000FF00D880FFFF
(1602970112.437529) can0 330#FCFCFCFFFFFF3FFF
(1602970112.438515) can0 318#00FF010275470000
(1602970112.438516) can0 315#24000000007B00
(1602970112.441506) can0 408#00008D0000000000
(1602970112.443536) can0 325#080DF71B000100
(1602970112.445413) can0 236#0FF11000D000008A
(1602970112.447448) can0 200#1E03C000C000C000
(1602970112.447449) can0 208#00206000C000C000
(1602970112.447449) can0 215#00000000000000
(1602970112.449339) can0 412#FF0075008E00
(1602970112.451327) can0 359#32000082
(1602970112.453237) can0 248#0008000800004000
(1602970112.455071) can0 236#0FF11000E00000A2
(1602970112.457042) can0 300#001B1FFF9FFFFFFF
(1602970112.457048) can0 328#0000FF00D880FFFF
(1602970112.457049) can0 330#FCFCFCFFFFFF3FFF
(1602970112.458978) can0 315#28000000007B00
(1602970112.459831) can0 325#080DF71B000100
(1602970112.460921) can0 236#0FF11000F00000BA
(1602970112.462042) can0 200#1E03C000C000C000
(1602970112.463004) can0 208#00206000C000C000
(1602970112.464969) can0 215#00000000000003
(1602970112.466788) can0 412#FF0075008E00
(1602970112.468312) can0 359#02000082
(1602970112.469840) can0 248#0008000800004000
(1602970112.470696) can0 236#0FF1100000000032
(1602970112.472070) can0 300#001B1FFF9FFFFFFF
(1602970112.472833) can0 328#0000FF00D880FFFF
(1602970112.474654) can0 330#FCFCFCFFFFFF3FFF
(1602970112.475693) can0 315#6C000000007B00
(1602970112.479851) can0 325#080DF71B000100
(1602970112.480573) can0 236#0FF110001000002A
(1602970112.482380) can0 200#1E03C000C000C000
(1602970112.484454) can0 208#00206000C000C000
(1602970112.485401) can0 215#00000000000003
(1602970112.487380) can0 412#FF0075008E00
(1602970112.488416) can0 359#02000082
(1602970112.490000) can0 248#0008000800004000
(1602970112.491393) can0 236#0FF1100020000002
(1602970112.492374) can0 300#009B1FFF1FFFFFFF
(1602970112.493361) can0 328#0000FF00D880FFFF
(1602970112.495276) can0 330#FCFCFCFFFFFF3FFF
(1602970112.497250) can0 315#30000000007B00
(1602970112.500104) can0 325#080DF71B000100
(1602970112.501155) can0 236#0FF110003000001A
(1602970112.502321) can0 200#1E03C000C000C000
(1602970112.503081) can0 208#00206000C000C000
(1602970112.505105) can0 215#00000000000000
(1602970112.507325) can0 412#FF0075008E00
(1602970112.508277) can0 359#32000082
(1602970112.511936) can0 248#0008000800004000
(1602970112.513741) can0 236#0FF1100040000052
(1602970112.514831) can0 300#009B1FFF1FFFFFFF
(1602970112.516786) can0 328#0000FF00D880FFFF
(1602970112.516787) can0 330#FCFCFCFFFFFF3FFF
(1602970112.518692) can0 315#74000000007B00
(1602970112.520027) can0 325#080DF71B000100
(1602970112.521474) can0 236#0FF110005000004A
(1602970112.522407) can0 200#1E03C000C000C000
(1602970112.523575) can0 208#00206000C000C000
(1602970112.524596) can0 215#00000000000000
(1602970112.526392) can0 412#FF0075008E00
(1602970112.528294) can0 359#32000082
(1602970112.530011) can0 248#0008000800004000
(1602970112.532267) can0 236#0FF1100060000062
(1602970112.534184) can0 300#001B1FFF9FFFFFFF
(1602970112.536137) can0 328#0000FF00D880FFFF
(1602970112.538150) can0 330#FCFCFCFFFFFF3FFF
(1602970112.540075) can0 318#00FF010275470000
(1602970112.540076) can0 315#78000000007B00
(1602970112.542017) can0 408#00008D0000000000
(1602970112.543209) can0 325#080DF71B000100
(1602970112.545099) can0 236#0FF110007000007A
(1602970112.545100) can0 200#1E03C000C000C000
(1602970112.547062) can0 208#00206000C000C000
(1602970112.547063) can0 215#00000000000003
(1602970112.549027) can0 412#FF0074008E00
(1602970112.549953) can0 359#02000082
(1602970112.550987) can0 248#0008000800004000
(1602970112.552925) can0 236#0FF11000800000F2
(1602970112.554721) can0 300#001B1FFF9FFFFFFF
(1602970112.556664) can0 328#0000FF00D880FFFF
(1602970112.556665) can0 330#FCFCFCFFFFFF3FFF
(1602970112.558675) can0 5FE#00000000000007EA
(1602970112.560572) can0 315#3C000000007B00
(1602970112.562524) can0 325#080DF71B000100
(1602970112.564495) can0 236#0FF11000900000EA
(1602970112.566447) can0 200#1E03C000C000C000
(1602970112.566448) can0 208#00206000C000C000
(1602970112.568396) can0 215#00000000000003
(1602970112.570476) can0 6FB#1107040023224000
(1602970112.570477) can0 412#FF0074008E00
(1602970112.571493) can0 359#02000082
(1602970112.573450) can0 248#0008000800004000
(1602970112.573451) can0 236#0FF11000A00000C2
(1602970112.575390) can0 300#009B1FFF1FFFFFFF
(1602970112.577344) can0 328#0000FF00D880FFFF
(1602970112.577344) can0 330#FCFCFCFFFFFF3FFF
(1602970112.579303) can0 6FD#0193004012266900
(1602970112.579304) can0 315#00000000007B00
(1602970112.580212) can0 325#080DF71B000100
(1602970112.581255) can0 236#0FF11000B00000DA
(1602970112.582557) can0 200#1E03C000C000C000
(1602970112.583288) can0 208#00206000C000C000
(1602970112.584191) can0 215#00000000000000
(1602970112.585096) can0 6FF#2181024000000000
(1602970112.586138) can0 412#FF0074008E00
(1602970112.589081) can0 359#32000082
(1602970112.589929) can0 248#0008000800004000
(1602970112.590855) can0 236#0FF11000C0000092
(1602970112.592393) can0 300#009B1FFF1FFFFFFF
(1602970112.594774) can0 328#0000FF00D880FFFF
(1602970112.596700) can0 330#FCFCFCFFFFFF3FFF
(1602970112.598781) can0 315#44000000007B00
(1602970112.601802) can0 325#080DF71B000100
(1602970112.603659) can0 236#0FF11000D000008A
(1602970112.604652) can0 200#1E03C000C000C000
(1602970112.606651) can0 208#00206000C000C000
(1602970112.606652) can0 215#00000000000000
(1602970112.608558) can0 412#FF0074008E00
(1602970112.609575) can0 359#32000082
(1602970112.611459) can0 248#0008000800004000
(1602970112.612510) can0 236#0FF11000E00000A2
(1602970112.614363) can0 300#001B1FFF9FFFFFFF
(1602970112.615434) can0 328#0000FF00D880FFFF
(1602970112.617393) can0 330#FCFCFCFFFFFF3FFF
(1602970112.619376) can0 315#48000000007B00
(1602970112.621156) can0 325#080DF71B000100
(1602970112.623071) can0 236#0FF11000F00000BA
(1602970112.625038) can0 200#1E03C000C000C000
(1602970112.626987) can0 208#00206000C000C000
(1602970112.626988) can0 215#00000000000003
(1602970112.629015) can0 412#FF0074008E00
(1602970112.630094) can0 359#02000082
(1602970112.632126) can0 248#0008000800004000
(1602970112.633959) can0 236#0FF1100000000032
(1602970112.634984) can0 300#001B1FFF9FFFFFFF
(1602970112.636916) can0 328#0000FF00D880FFFF
(1602970112.636917) can0 330#FCFCFCFFFFFF3FFF
(1602970112.636918) can0 110#010000000000
(1602970112.638867) can0 318#00FF010275470000
(1602970112.638868) can0 315#0C000000007B00
(1602970112.640018) can0 408#00008D0000000000
(1602970112.640796) can0 325#080DF71B000100
(1602970112.642878) can0 236#0FF110001000002A
(1602970112.644563) can0 200#1E03C000C000C000
(1602970112.646630) can0 208#00206000C000C000
(1602970112.646631) can0 215#00000000000003
(1602970112.648483) can0 412#FF0074008E00
(1602970112.650499) can0 359#02000082
(1602970112.652377) can0 248#0008000800004000
(1602970112.654347) can0 236#0FF1100020000002
(1602970112.656330) can0 300#009B1FFF1FFFFFFF
(1602970112.656331) can0 328#0000FF00D880FFFF
(1602970112.658317) can0 330#FCFCFCFFFFFF3FFF
(1602970112.660236) can0 315#50000000007B00
(1602970112.662173) can0 325#080DF71B000100
(1602970112.664118) can0 236#0FF110003000001A
(1602970112.666057) can0 200#1E03C000C000C000
(1602970112.668091) can0 208#00206000C000C000
(1602970112.668098) can0 215#00000000000000
(1602970112.669221) can0 412#FF0074008E00
(1602970112.671184) can0 359#32000082
(1602970112.672965) can0 248#0008000800004000
(1602970112.674872) can0 236#0FF1100040000052
(1602970112.676847) can0 300#009B1FFF1FFFFFFF
(1602970112.676848) can0 328#0000FF00D880FFFF
(1602970112.676849) can0 330#FCFCFCFFFFFF3FFF
(1602970112.678765) can0 315#14000000007B00
(1602970112.680048) can0 325#080DF71B000100
(1602970112.680835) can0 236#0FF110005000004A
(1602970112.683722) can0 200#1E03C000C000C000
(1602970112.685639) can0 208#00206000C000C000
(1602970112.687650) can0 215#00000000000000
(1602970112.689655) can0 412#FF0074008E00
(1602970112.691620) can0 359#32000082
(1602970112.693583) can0 248#0008000800004000
(1602970112.694740) can0 236#0FF1100060000062
(1602970112.696511) can0 300#001B1FFF9FFFFFFF
(1602970112.696512) can0 328#0000FF00D880FFFF
(1602970112.696513) can0 330#FCFCFCFFFFFF3FFF
(1602970112.698379) can0 315#18000000007B00
(1602970112.700277) can0 325#080DF71B000100
(1602970112.701403) can0 236#0FF110007000007A
(1602970112.702401) can0 200#1E03C000C000C000
(1602970112.703359) can0 208#00206000C000C000
(1602970112.705302) can0 215#00000000000003
(1602970112.707249) can0 412#FF0074008E00
(1602970112.708000) can0 359#02000082
(1602970112.710218) can0 248#0008000800004000
(1602970112.711161) can0 236#0FF11000800000F2
(1602970112.712423) can0 300#001B1FFF9FFFFFFF
(1602970112.713228) can0 328#0000FF00D880FFFF
(1602970112.714908) can0 330#FCFCFCFFFFFF3FFF
(1602970112.717157) can0 315#5C000000007B00
(1602970112.720017) can0 325#080DF71B000100
(1602970112.720764) can0 236#0FF11000900000EA
(1602970112.722351) can0 200#1E03C000C000C000
(1602970112.724842) can0 208#00206000C000C000
(1602970112.726760) can0 215#00000000000003
(1602970112.728670) can0 412#FF0074008E00
(1602970112.729731) can0 359#02000082
(1602970112.731662) can0 248#0008000800004000
(1602970112.733633) can0 236#0FF11000A00000C2
(1602970112.735693) can0 300#009B1FFF1FFFFFFF
(1602970112.737569) can0 328#0000FF00D880FFFF
(1602970112.737574) can0 330#FCFCFCFFFFFF3FFF
(1602970112.739413) can0 318#00FF010275470000
(1602970112.739414) can0 315#60000000007B00
(1602970112.741527) can0 408#00008D0000000000
(1602970112.743412) can0 325#080DF71B000100
(1602970112.745403) can0 236#0FF11000B00000DA
(1602970112.747351) can0 200#1E03C000C000C000
(1602970112.747352) can0 208#00206000C000C000
(1602970112.747353) can0 215#00000000000000
(1602970112.749196) can0 412#FF0074008E00
(1602970112.751136) can0 359#32000082
(1602970112.753035) can0 248#0008000800004000
(1602970112.754977) can0 236#0FF11000C0000092
(1602970112.757099) can0 300#009B1FFF1FFFFFFF
(1602970112.757100) can0 328#0000FF00D880FFFF
(1602970112.757101) can0 330#FCFCFCFFFFFF3FFF
(1602970112.759044) can0 315#24000000007B00
(1602970112.761865) can0 325#080DF71B000100
(1602970112.763869) can0 236#0FF11000D000008A
(1602970112.765739) can0 200#1E03C000C000C000
(1602970112.767770) can0 208#00206000C000C000
(1602970112.767771) can0 215#00000000000000
(1602970112.769736) can0 412#FF0074008E00
(1602970112.771567) can0 359#32000082
(1602970112.773555) can0 248#0008000800004000
(1602970112.775513) can0 236#0FF11000E00000A2
(1602970112.777520) can0 300#001B1FFF9FFFFFFF
(1602970112.777529) can0 328#0000FF00D880FFFF
(1602970112.777530) can0 330#FCFCFCFFFFFF3FFF
(1602970112.779439) can0 315#28000000007B00
(1602970112.781388) can0 325#080DF71B000100
(1602970112.783361) can0 236#0FF11000F00000BA
(1602970112.785259) can0 200#1E03C000C000C000
(1602970112.787216) can0 208#00206000C000C000
(1602970112.787216) can0 215#00000000000003
(1602970112.789255) can0 412#FF0074008E00
(1602970112.790295) can0 359#02000082
(1602970112.792132) can0 248#0008000800004000
(1602970112.794163) can0 236#0FF1100000000032
(1602970112.796112) can0 300#001B1FFF9FFFFFFF
(1602970112.797997) can0 328#0000FF00D880FFFF
(1602970112.797998) can0 330#FCFCFCFFFFFF3FFF
(1602970112.797998) can0 110#010000000000
(1602970112.800024) can0 315#6C000000007B00
(1602970112.801982) can0 325#080DF71B000100
(1602970112.803029) can0 236#0FF110001000002A
(1602970112.804921) can0 200#1E03C000C000C000
(1602970112.806873) can0 208#00206000C000C000
(1602970112.806874) can0 215#00000000000003
(1602970112.808831) can0 412#FF0074008E00
(1602970112.810783) can0 359#02000082
(1602970112.812664) can0 248#0008000800004000
(1602970112.813686) can0 236#0FF1100020000002
(1602970112.814761) can0 300#009B1FFF1FFFFFFF
(1602970112.814762) can0 328#0000FF00D880FFFF
(1602970112.816664) can0 330#FCFCFCFFFFFF3FFF
(1602970112.818570) can0 315#30000000007B00
(1602970112.820026) can0 325#080DF71B000100
(1602970112.822578) can0 236#0FF110003000001A
(1602970112.824457) can0 200#1E03C000C000C000
(1602970112.826272) can0 208#00206000C000C000
(1602970112.828211) can0 215#00000000000000
(1602970112.830198) can0 412#FF0074008E00
(1602970112.832147) can0 359#32000082
(1602970112.834089) can0 248#0008000800004000
(1602970112.834090) can0 236#0FF1100040000052
(1602970112.836238) can0 300#009B1FFF1FFFFFFF
(1602970112.838055) can0 328#0000FF00D880FFFF
(1602970112.838056) can0 330#FCFCFCFFFFFF3FFF
(1602970112.839139) can0 318#00FF010275470000
(1602970112.839140) can0 315#74000000007B00
(1602970112.840217) can0 408#00008D0000000000
(1602970112.840955) can0 325#080DF71B000100
(1602970112.842981) can0 236#0FF110005000004A
(1602970112.844952) can0 200#1E03C000C000C000
(1602970112.846802) can0 208#00206000C000C000
(1602970112.846803) can0 215#00000000000000
(1602970112.848809) can0 412#FF0074008E00
(1602970112.850727) can0 359#32000082
(1602970112.851794) can0 248#0008000800004000
(1602970112.853821) can0 236#0FF1100060000062
(1602970112.855729) can0 300#001B1FFF9FFFFFFF
(1602970112.857658) can0 328#0000FF00D880FFFF
(1602970112.857659) can0 330#FCFCFCFFFFFF3FFF
(1602970112.859628) can0 5FE#00000000000007EA
(1602970112.859628) can0 315#78000000007B00
(1602970112.861609) can0 325#080DF71B000100
(1602970112.862636) can0 236#0FF110007000007A
(1602970112.864467) can0 200#1E03C000C000C000
(1602970112.865488) can0 208#00206000C000C000
(1602970112.867447) can0 215#00000000000003
(1602970112.869398) can0 6FB#1107040023224000
(1602970112.869399) can0 412#FF0074008E00
(1602970112.871354) can0 359#02000082
(1602970112.873321) can0 248#0008000800004000
(1602970112.875240) can0 236#0FF11000800000F2
(1602970112.877217) can0 300#001B1FFF9FFFFFFF
(1602970112.877288) can0 328#0000FF00D880FFFF
(1602970112.877289) can0 330#FCFCFCFFFFFF3FFF
(1602970112.879039) can0 6FD#0193004012266900
(1602970112.879046) can0 315#3C000000007B00
(1602970112.880079) can0 325#080DF71B000100
(1602970112.881036) can0 236#0FF11000900000EA
(1602970112.882493) can0 200#1E03C000C000C000
(1602970112.884888) can0 208#00206000C000C000
(1602970112.886918) can0 215#00000000000003
(1602970112.888795) can0 6FF#2181024000000000
(1602970112.890780) can0 412#FF0074008E00
(1602970112.892845) can0 359#02000082
(1602970112.894680) can0 248#0008000800004000
(1602970112.894681) can0 236#0FF11000A00000C2
(1602970112.896690) can0 300#009B1FFF1FFFFFFF
(1602970112.896691) can0 328#0000FF00D880FFFF
(1602970112.898585) can0 330#FCFCFCFFFFFF3FFF
(1602970112.900536) can0 315#00000000007B00
(1602970112.902499) can0 325#080DF71B000100
(1602970112.904464) can0 236#0FF11000B00000DA
(1602970112.906408) can0 200#1E03C000C000C000
(1602970112.906409) can0 208#00206000C000C000
(1602970112.908337) can0 215#00000000000000
(1602970112.910272) can0 412#FF0074008E00
(1602970112.912267) can0 359#32000082
(1602970112.914308) can0 248#0008000800004000
(1602970112.914310) can0 236#0FF11000C0000092
(1602970112.916140) can0 300#009B1FFF1FFFFFFF
(1602970112.918188) can0 328#0000FF00D880FFFF
(1602970112.918191) can0 330#FCFCFCFFFFFF3FFF
(1602970112.920060) can0 315#44000000007B00
(1602970112.922053) can0 325#080DF71B000100
(1602970112.924149) can0 236#0FF11000D000008A
(1602970112.925951) can0 200#1E03C000C000C000
(1602970112.928038) can0 208#00206000C000C000
(1602970112.928039) can0 215#00000000000000
(1602970112.929805) can0 412#FF0074008E00
(1602970112.931787) can0 359#32000082
(1602970112.933861) can0 248#0008000800004000
(1602970112.935668) can0 236#0FF11000E00000A2
(1602970112.937641) can0 300#001B1FFF9FFFFFFF
(1602970112.937641) can0 328#0000FF00D880FFFF
(1602970112.937642) can0 330#FCFCFCFFFFFF3FFF
(1602970112.939589) can0 318#00FF010275470000
(1602970112.939590) can0 315#48000000007B00
(1602970112.941577) can0 408#00008D0000000000
(1602970112.943580) can0 325#080DF71B000100
(1602970112.945454) can0 236#0FF11000F00000BA
(1602970112.947396) can0 200#1E03C000C000C000
(1602970112.947397) can0 208#00206000C000C000
(1602970112.947397) can0 215#00000000000003
(1602970112.949378) can0 412#FF0075008E00
(1602970112.951286) can0 359#02000082
(1602970112.953273) can0 248#0008000800004000
(1602970112.955232) can0 236#0FF1100000000032
(1602970112.957180) can0 300#001B1FFF9FFFFFFF
(1602970112.957181) can0 328#0000FF00D880FFFF
(1602970112.957182) can0 330#FCFCFCFFFFFF3FFF
(1602970112.959127) can0 315#0C000000007B00
(1602970112.961159) can0 110#010000000000
(1602970112.962257) can0 325#080DF71B000100
(1602970112.964191) can0 236#0FF110001000002A
(1602970112.966068) can0 200#1E03C000C000C000
(1602970112.968005) can0 208#00206000C000C000
(1602970112.968006) can0 215#00000000000003
(1602970112.969894) can0 412#FF0075008E00
(1602970112.971841) can0 359#02000082
(1602970112.973781) can0 248#0008000800004000
(1602970112.975724) can0 236#0FF1100020000002
(1602970112.977730) can0 300#009B1FFF1FFFFFFF
(1602970112.977731) can0 328#0000FF00D880FFFF
(1602970112.977732) can0 330#FCFCFCFFFFFF3FFF
(1602970112.978844) can0 315#50000000007B00
(1602970112.980433) can0 325#080DF71B000100
(1602970112.981766) can0 236#0FF110003000001A
(1602970112.982614) can0 200#1E03C000C000C000
(1602970112.983610) can0 208#00206000C000C000
(1602970112.984725) can0 215#00000000000000
(1602970112.986649) can0 412#FF0075008E00
(1602970112.989496) can0 359#32000082
(1602970112.990428) can0 248#0008000800004000
(1602970112.991539) can0 236#0FF1100040000052
(1602970112.992594) can0 300#009B1FFF1FFFFFFF
(1602970112.993465) can0 328#0000FF00D880FFFF
(1602970112.995325) can0 330#FCFCFCFFFFFF3FFF
(1602970112.997223) can0 315#14000000007B00
(1602970113.000161) can0 325#080DF71B000100
(1602970113.001137) can0 236#0FF110005000004A
(1602970113.002516) can0 200#1E03C000C000C000
(1602970113.003251) can0 208#00206000C000C000
(1602970113.005038) can0 215#00000000000000
(1602970113.007113) can0 412#FF0075008E00
(1602970113.008969) can0 359#32000082
(1602970113.010186) can0 248#0008000800004000
(1602970113.010931) can0 236#0FF1100060000062
(1602970113.012554) can0 300#001B1FFF9FFFFFFF
(1602970113.014797) can0 328#0000FF00D880FFFF
(1602970113.016791) can0 330#FCFCFCFFFFFF3FFF
(1602970113.018773) can0 315#18000000007B00
(1602970113.020216) can0 325#080DF71B000100
(1602970113.021785) can0 236#0FF110007000007A
(1602970113.022786) can0 200#1E03C000C000C000
(1602970113.023851) can0 208#00206000C000C000
(1602970113.025805) can0 215#00000000000003
(1602970113.027643) can0 412#FF0075008E00
(1602970113.029549) can0 359#02000082
(1602970113.031508) can0 248#0008000800004000
(1602970113.033431) can0 236#0FF11000800000F2
(1602970113.035386) can0 300#001B1FFF9FFFFFFF
(1602970113.037429) can0 328#0000FF00D880FFFF
(1602970113.037430) can0 330#FCFCFCFFFFFF3FFF
(1602970113.039458) can0 318#0075000275470000
(1602970113.039459) can0 315#5C000000007B00
(1602970113.040416) can0 408#00008D0000000000
(1602970113.041411) can0 325#080DF71B000100
(1602970113.043397) can0 236#0FF11000900000EA
(1602970113.045325) can0 200#1E03C000C000C000
(1602970113.047264) can0 208#00206000C000C000
(1602970113.047265) can0 215#00000000000003
(1602970113.049149) can0 412#FF0075008E00
(1602970113.050151) can0 359#02000082
(1602970113.051252) can0 248#0008000800004000
(1602970113.053189) can0 236#0FF11000A00000C2
(1602970113.055073) can0 300#009B1FFF1FFFFFFF
(1602970113.057051) can0 328#0000FF00D880FFFF
(1602970113.057052) can0 330#FCFCFCFFFFFF3FFF
(1602970113.059002) can0 315#60000000007B00
(1602970113.060345) can0 325#080DF71B000100
(1602970113.061910) can0 236#0FF11000B00000DA
(1602970113.063814) can0 200#1E03C000C000C000
(1602970113.064924) can0 208#00206000C000C000
(1602970113.066797) can0 215#00000000000000
(1602970113.068638) can0 412#FF0075008E00
(1602970113.070720) can0 359#32000082
(1602970113.072689) can0 248#0008000800004000
(1602970113.074643) can0 236#0FF11000C0000092
(1602970113.076563) can0 300#009B1FFF1FFFFFFF
(1602970113.076564) can0 328#0000FF00D880FFFF
(1602970113.078405) can0 330#FCFCFCFFFFFF3FFF
(1602970113.079523) can0 315#24000000007B00
(1602970113.080426) can0 325#080DF71B000100
(1602970113.081484) can0 236#0FF11000D000008A
(1602970113.082809) can0 200#1E03C000C000C000
(1602970113.085428) can0 208#00206000C000C000
(1602970113.087384) can0 215#00000000000000
(1602970113.089281) can0 412#FF0075008E00
(1602970113.091143) can0 359#32000082
(1602970113.093014) can0 248#0008000800004000
(1602970113.094973) can0 236#0FF11000E00000A2
(1602970113.096980) can0 300#001B1FFF9FFFFFFF
(1602970113.096981) can0 328#0000FF00D880FFFF
(1602970113.096981) can0 330#FCFCFCFFFFFF3FFF
(1602970113.098888) can0 315#28000000007B00
(1602970113.100208) can0 325#080DF71B000100
(1602970113.101906) can0 236#0FF11000F00000BA
(1602970113.102754) can0 200#1E03C000C000C000
(1602970113.104050) can0 208#00206000C000C000
(1602970113.104936) can0 215#00000000000003
(1602970113.106875) can0 412#FF0075008E00
(1602970113.107665) can0 359#02000082
(1602970113.110256) can0 248#0008000800004000
(1602970113.112648) can0 236#0FF1100000000032
(1602970113.114924) can0 300#001B1FFF9FFFFFFF
(1602970113.116477) can0 328#0000FF00D880FFFF
(1602970113.118416) can0 330#FCFCFCFFFFFF3FFF
(1602970113.118416) can0 110#010000000000
(1602970113.120424) can0 315#6C000000007B00
(1602970113.122307) can0 325#080DF71B000100
(1602970113.124028) can0 236#0FF110001000002A
(1602970113.125928) can0 200#1E03C000C000C000
(1602970113.127868) can0 208#00206000C000C000
(1602970113.127869) can0 215#00000000000003
(1602970113.129848) can0 412#FF0075008E00
(1602970113.131867) can0 359#02000082
(1602970113.133845) can0 248#0008000800004000
(1602970113.134914) can0 236#0FF1100020000002
(1602970113.136862) can0 300#009B1FFF1FFFFFFF
(1602970113.136863) can0 328#0000FF00D880FFFF
(1602970113.136863) can0 330#FCFCFCFFFFFF3FFF
(1602970113.138865) can0 318#0075000275470000
(1602970113.140776) can0 315#30000000007B00
(1602970113.142724) can0 408#00008D0000000000
(1602970113.144681) can0 325#080DF71B000100
(1602970113.144682) can0 236#0FF110003000001A
(1602970113.146665) can0 200#1E03C000C000C000
(1602970113.146667) can0 208#00206000C000C000
(1602970113.148474) can0 215#00000000000000
(1602970113.149547) can0 412#FF0075008E00
(1602970113.151559) can0 359#32000082
(1602970113.153411) can0 248#0008000800004000
(1602970113.154389) can0 236#0FF1100040000052
(1602970113.156233) can0 300#009B1FFF1FFFFFFF
(1602970113.156234) can0 328#0000FF00D880FFFF
(1602970113.156235) can0 330#FCFCFCFFFFFF3FFF
(1602970113.158156) can0 5FE#00000000000007EA
(1602970113.160141) can0 315#74000000007B00
(1602970113.162048) can0 325#080DF71B000100
(1602970113.163996) can0 236#0FF110005000004A
(1602970113.166154) can0 200#1E03C000C000C000
(1602970113.167977) can0 208#00206000C000C000
(1602970113.167978) can0 215#00000000000000
(1602970113.169063) can0 6FB#1107040023224000
(1602970113.169064) can0 412#FF0075008E00
(1602970113.171066) can0 359#32000082
(1602970113.172999) can0 248#0008000800004000
(1602970113.174886) can0 236#0FF1100060000062
(1602970113.175903) can0 300#001B1FFF9FFFFFFF
(1602970113.175904) can0 328#0000FF00D880FFFF
(1602970113.175904) can0 330#FCFCFCFFFFFF3FFF
(1602970113.177805) can0 6FD#0193004012266900
(1602970113.179824) can0 315#78000000007B00
(1602970113.181836) can0 325#080DF71B000100
(1602970113.183727) can0 236#0FF110007000007A
(1602970113.185687) can0 200#1E03C000C000C000
(1602970113.187643) can0 208#00206000C000C000
(1602970113.187644) can0 215#00000000000003
(1602970113.189538) can0 6FF#2181024000000000
(1602970113.189539) can0 412#FF0075008E00
(1602970113.190554) can0 359#02000082
(1602970113.192608) can0 248#0008000800004000
(1602970113.194340) can0 236#0FF11000800000F2
(1602970113.195301) can0 300#001B1FFF9FFFFFFF
(1602970113.197442) can0 328#0000FF00D880FFFF
(1602970113.197443) can0 330#FCFCFCFFFFFF3FFF
(1602970113.199399) can0 315#3C000000007B00
(1602970113.200358) can0 325#080DF71B000100
(1602970113.201332) can0 236#0FF11000900000EA
(1602970113.202910) can0 200#1E03C000C000C000
(1602970113.204249) can0 208#00206000C000C000
(1602970113.206201) can0 215#00000000000003
(1602970113.208024) can0 412#FF0075008E00
(1602970113.209126) can0 359#02000082
(1602970113.210461) can0 248#0008000800004000
(1602970113.211942) can0 236#0FF11000A00000C2
(1602970113.212733) can0 300#009B1FFF1FFFFFFF
(1602970113.214029) can0 328#0000FF00D880FFFF
(1602970113.215832) can0 330#FCFCFCFFFFFF3FFF
(1602970113.217757) can0 315#00000000007B00
(1602970113.221751) can0 325#080DF71B000100
(1602970113.223608) can0 236#0FF11000B00000DA
(1602970113.225570) can0 200#1E03C000C000C000
(1602970113.227631) can0 208#00206000C000C000
(1602970113.227632) can0 215#00000000000000
(1602970113.229629) can0 412#FF0075008E00
(1602970113.231654) can0 359#32000082
(1602970113.233446) can0 248#0008000800004000
(1602970113.235421) can0 236#0FF11000C0000092
(1602970113.237279) can0 300#009B1FFF1FFFFFFF
(1602970113.237280) can0 328#0000FF00D880FFFF
(1602970113.237280) can0 330#FCFCFCFFFFFF3FFF
(1602970113.239219) can0 318#0075000275470000
(1602970113.239220) can0 315#44000000007B00
(1602970113.240305) can0 408#00008D0000000000
(1602970113.241204) can0 325#080DF71B000100
(1602970113.243127) can0 236#0FF11000D000008A
(1602970113.245066) can0 200#1E03C000C000C000
(1602970113.247044) can0 208#00206000C000C000
(1602970113.247044) can0 215#00000000000000
(1602970113.249156) can0 412#FF0075008E00
(1602970113.251100) can0 359#32000082
(1602970113.253069) can0 248#0008000800004000
(1602970113.254995) can0 236#0FF11000E00000A2
(1602970113.257038) can0 300#001B1FFF9FFFFFFF
(1602970113.257039) can0 328#0000FF00D880FFFF
(1602970113.257039) can0 330#FCFCFCFFFFFF3FFF
(1602970113.258947) can0 315#48000000007B00
(1602970113.260342) can0 325#080DF71B000100
(1602970113.261858) can0 236#0FF11000F00000BA
(1602970113.262698) can0 200#1E03C000C000C000
(1602970113.263701) can0 208#00206000C000C000
(1602970113.264785) can0 215#00000000000003
(1602970113.266726) can0 412#FF0075008E00
(1602970113.268573) can0 359#02000082
(1602970113.270540) can0 248#0008000800004000
(1602970113.271629) can0 236#0FF1100000000032
(1602970113.272736) can0 300#001B1FFF9FFFFFFF
(1602970113.273634) can0 328#0000FF00D880FFFF
(1602970113.274566) can0 330#FCFCFCFFFFFF3FFF
(1602970113.275483) can0 315#0C000000007B00
(1602970113.276503) can0 110#010000000000
(1602970113.280300) can0 325#080DF71B000100
(1602970113.284281) can0 236#0FF110001000002A
(1602970113.285113) can0 200#1E03C000C000C000
(1602970113.285131) can0 208#00206000C000C000
(1602970113.285145) can0 215#00000000000003
(1602970113.287082) can0 412#FF0075008E00
(1602970113.289037) can0 359#02000082
(1602970113.290322) can0 248#0008000800004000
(1602970113.291086) can0 236#0FF1100020000002
(1602970113.292664) can0 300#009B1FFF1FFFFFFF
(1602970113.294893) can0 328#0000FF00D880FFFF
(1602970113.296923) can0 330#FCFCFCFFFFFF3FFF
(1602970113.299002) can0 315#50000000007B00
(1602970113.300567) can0 325#080DF71B000100
(1602970113.301909) can0 236#0FF110003000001A
(1602970113.302718) can0 200#1E03C000C000C000
(1602970113.303871) can0 208#00206000C000C000
(1602970113.305809) can0 215#00000000000000
(1602970113.307752) can0 412#FF0075008E00
(1602970113.309708) can0 359#32000082
(1602970113.310602) can0 248#0008000800004000
(1602970113.311666) can0 236#0FF1100040000052
(1602970113.312733) can0 300#009B1FFF1FFFFFFF
(1602970113.313610) can0 328#0000FF00D880FFFF
(1602970113.315641) can0 330#FCFCFCFFFFFF3FFF
(1602970113.317536) can0 315#14000000007B00
(1602970113.320462) can0 325#080DF71B000100
(1602970113.321453) can0 236#0FF110005000004A
(1602970113.322707) can0 200#1E03C000C000C000
(1602970113.323462) can0 208#00206000C000C000
(1602970113.325174) can0 215#00000000000000
(1602970113.327144) can0 412#FF0075008E00
(1602970113.329091) can0 359#32000082
(1602970113.330373) can0 248#0008000800004000
(1602970113.331129) can0 236#0FF1100060000062
(1602970113.333030) can0 300#001B1FFF9FFFFFFF
(1602970113.335097) can0 328#0000FF00D880FFFF
(1602970113.337050) can0 330#FCFCFCFFFFFF3FFF
(1602970113.338963) can0 318#0075000275470000
(1602970113.340812) can0 315#18000000007B00
(1602970113.342753) can0 408#00008D0000000000
(1602970113.344763) can0 325#080DF71B000100
(1602970113.344764) can0 236#0FF110007000007A
(1602970113.346665) can0 200#1E03C000C000C000
(1602970113.346665) can0 208#00206000C000C000
(1602970113.348676) can0 215#00000000000003
(1602970113.350584) can0 412#FF0075008E00
(1602970113.352521) can0 359#02000082
(1602970113.354478) can0 248#0008000800004000
(1602970113.354478) can0 236#0FF11000800000F2
(1602970113.356444) can0 300#001B1FFF9FFFFFFF
(1602970113.358370) can0 328#0000FF00D880FFFF
(1602970113.358371) can0 330#FCFCFCFFFFFF3FFF
(1602970113.360407) can0 315#5C000000007B00
(1602970113.361618) can0 325#080DF71B000100
(1602970113.363420) can0 236#0FF11000900000EA
(1602970113.365355) can0 200#1E03C000C000C000
(1602970113.367272) can0 208#00206000C000C000
(1602970113.367273) can0 215#00000000000003
(1602970113.369146) can0 412#FF0075008E00
(1602970113.371121) can0 359#02000082
(1602970113.373053) can0 248#0008000800004000
(1602970113.375000) can0 236#0FF11000A00000C2
(1602970113.376102) can0 300#009B1FFF1FFFFFFF
(1602970113.376103) can0 328#0000FF00D880FFFF
(1602970113.376103) can0 330#FCFCFCFFFFFF3FFF
(1602970113.377975) can0 315#60000000007B00
(1602970113.382009) can0 325#080DF71B000100
(1602970113.383846) can0 236#0FF11000B00000DA
(1602970113.385013) can0 200#1E03C000C000C000
(1602970113.386869) can0 208#00206000C000C000
(1602970113.386870) can0 215#00000000000000
(1602970113.388779) can0 412#FF0075008E00
(1602970113.389814) can0 359#32000082
(1602970113.390654) can0 248#0008000800004000
(1602970113.391776) can0 236#0FF11000C0000092
(1602970113.392820) can0 300#009B1FFF1FFFFFFF
(1602970113.393717) can0 328#0000FF00D880FFFF
(1602970113.395676) can0 330#FCFCFCFFFFFF3FFF
(1602970113.397632) can0 315#24000000007B00
(1602970113.401537) can0 325#080DF71B000100
(1602970113.403314) can0 236#0FF11000D000008A
(1602970113.405287) can0 200#1E03C000C000C000
(1602970113.407296) can0 208#00206000C000C000
(1602970113.407297) can0 215#00000000000000
(1602970113.409194) can0 412#FF0075008E00
(1602970113.411159) can0 359#32000082
(1602970113.412291) can0 248#0008000800004000
(1602970113.414164) can0 236#0FF11000E00000A2
(1602970113.415209) can0 300#001B1FFF9FFFFFFF
(1602970113.417160) can0 328#0000FF00D880FFFF
(1602970113.417161) can0 330#FCFCFCFFFFFF3FFF
(1602970113.419086) can0 315#28000000007B00
(1602970113.422035) can0 325#080DF71B000100
(1602970113.424140) can0 236#0FF11000F00000BA
(1602970113.425931) can0 200#1E03C000C000C000
(1602970113.427802) can0 208#00206000C000C000
(1602970113.427803) can0 215#00000000000003
(1602970113.429697) can0 412#FF0075008E00
(1602970113.431832) can0 359#02000082
(1602970113.433729) can0 248#0008000800004000
(1602970113.435695) can0 236#0FF1100000000032
(1602970113.437524) can0 300#001B1FFF9FFFFFFF
(1602970113.437525) can0 328#0000FF00D880FFFF
(1602970113.437526) can0 330#FCFCFCFFFFFF3FFF
(1602970113.439442) can0 318#0075000275470000
(1602970113.439443) can0 315#6C000000007B00
(1602970113.439444) can0 110#010000000000
(1602970113.440423) can0 408#00008D0000000000
(1602970113.441403) can0 236#0FF110001000002A
(1602970113.443364) can0 325#080DF71B000100
(1602970113.445299) can0 200#1E03C000C000C000
(1602970113.446377) can0 208#00206000C000C000
(1602970113.446378) can0 215#00000000000003
(1602970113.447501) can0 412#FF0075008E00
(1602970113.449274) can0 359#02000082
(1602970113.452284) can0 248#0008000800004000
(1602970113.454143) can0 236#0FF1100020000002
(1602970113.455237) can0 300#009B1FFF1FFFFFFF
(1602970113.457264) can0 328#0000FF00D880FFFF
(1602970113.457265) can0 330#FCFCFCFFFFFF3FFF
(1602970113.459090) can0 5FE#00000000000007EA
(1602970113.460116) can0 315#30000000007B00
(1602970113.461894) can0 325#080DF71B000100
(1602970113.463859) can0 236#0FF110003000001A
(1602970113.465841) can0 200#1E03C000C000C000
(1602970113.467780) can0 208#00206000C000C000
(1602970113.467781) can0 215#00000000000000
(1602970113.469705) can0 6FB#1107040023224000
(1602970113.469706) can0 412#FF0075008E00
(1602970113.471660) can0 359#32000082
(1602970113.473654) can0 248#0008000800004000
(1602970113.475564) can0 236#0FF1100040000052
(1602970113.477540) can0 300#009B1FFF1FFFFFFF
(1602970113.477587) can0 328#0000FF00D880FFFF
(1602970113.477587) can0 330#FCFCFCFFFFFF3FFF
(1602970113.479658) can0 6FD#0193004012266900
(1602970113.479659) can0 315#74000000007A00
(1602970113.480391) can0 325#080DF71B000100
(1602970113.481434) can0 236#0FF110005000004A
(1602970113.482747) can0 200#1E03C000C000C000
(1602970113.483548) can0 208#00206000C000C000
(1602970113.484414) can0 215#00000000000000
(1602970113.487418) can0 6FF#2181024000000000
(1602970113.489498) can0 412#FF0075008E00
(1602970113.491364) can0 359#32000082
(1602970113.493387) can0 248#0008000800004000
(1602970113.495275) can0 236#0FF1100060000062
(1602970113.497237) can0 300#001B1FFF9FFFFFFF
(1602970113.497238) can0 328#0000FF00D880FFFF
(1602970113.497238) can0 330#FCFCFCFFFFFF3FFF
(1602970113.499188) can0 315#78000000007A00
(1602970113.500612) can0 325#080DF71B000100
(1602970113.502101) can0 236#0FF110007000007A
(1602970113.504067) can0 200#1E03C000C000C000
(1602970113.505108) can0 208#00206000C000C000
(1602970113.506995) can0 215#00000000000003
(1602970113.508973) can0 412#FF0075008E00
(1602970113.509955) can0 359#02000082
(1602970113.511907) can0 248#0008000800004000
(1602970113.513736) can0 236#0FF11000800000F2
(1602970113.514877) can0 300#001B1FFF9FFFFFFF
(1602970113.516770) can0 328#0000FF00D880FFFF
(1602970113.516771) can0 330#FCFCFCFFFFFF3FFF
(1602970113.518666) can0 315#3C000000007A00
(1602970113.520652) can0 325#080DF71B000100
(1602970113.521662) can0 236#0FF11000900000EA
(1602970113.522914) can0 200#1E03C000C000C000
(1602970113.523603) can0 208#00206000C000C000
(1602970113.525480) can0 215#00000000000003
(1602970113.527405) can0 412#FF0075008E00
(1602970113.529252) can0 359#02000082
(1602970113.530495) can0 248#0008000800004000
(1602970113.531226) can0 236#0FF11000A00000C2
(1602970113.532780) can0 300#009B1FFF1FFFFFFF
(1602970113.535043) can0 328#0000FF00D880FFFF
(1602970113.537103) can0 330#FCFCFCFFFFFF3FFF
(1602970113.539133) can0 318#0075000275470000
(1602970113.541098) can0 315#00000000007A00
(1602970113.543057) can0 408#00008D0000000000
(1602970113.545006) can0 325#080DF71B000100
(1602970113.545007) can0 236#0FF11000B00000DA
(1602970113.547007) can0 200#1E03C000C000C000
(1602970113.547008) can0 208#00206000C000C000
(1602970113.547008) can0 215#00000000000000
(1602970113.548785) can0 412#FF0075008E00
(1602970113.550746) can0 359#32000082
(1602970113.552664) can0 248#0008000800004000
(1602970113.554593) can0 236#0FF11000C0000092
(1602970113.556527) can0 300#009B1FFF1FFFFFFF
(1602970113.557696) can0 328#0000FF00D880FFFF
(1602970113.557697) can0 330#FCFCFCFFFFFF3FFF
(1602970113.559476) can0 315#44000000007A00
(1602970113.560439) can0 325#080DF71B000100
(1602970113.561422) can0 236#0FF11000D000008A
(1602970113.562769) can0 200#1E03C000C000C000
(1602970113.563521) can0 208#00206000C000C000
(1602970113.565401) can0 215#00000000000000
(1602970113.567464) can0 412#FF0075008E00
(1602970113.569346) can0 359#32000082
(1602970113.570694) can0 248#0008000800004000
(1602970113.571437) can0 236#0FF11000E00000A2
(1602970113.574373) can0 300#001B1FFF9FFFFFFF
(1602970113.576312) can0 328#0000FF00D880FFFF
(1602970113.578083) can0 330#FCFCFCFFFFFF3FFF
(1602970113.579981) can0 315#48000000007A00
(1602970113.581963) can0 325#080DF71B000100
(1602970113.583913) can0 236#0FF11000F00000BA
(1602970113.585929) can0 200#1E03C000C000C000
(1602970113.587876) can0 208#00206000C000C000
(1602970113.587877) can0 215#00000000000003
(1602970113.588868) can0 412#FF0075008E00
(1602970113.589934) can0 359#02000082
(1602970113.591721) can0 248#0008000800004000
(1602970113.593671) can0 236#0FF1100000000032
(1602970113.595636) can0 300#001B1FFF9FFFFFFF
(1602970113.597598) can0 328#0000FF00D880FFFF
(1602970113.597598) can0 330#FCFCFCFFFFFF3FFF
(1602970113.599697) can0 315#0C000000007B00
(1602970113.601714) can0 110#010000000000
(1602970113.603650) can0 325#080DF71B000100
(1602970113.605566) can0 236#0FF110001000002A
(1602970113.607536) can0 200#1E03C000C000C000
(1602970113.607537) can0 208#00206000C000C000
(1602970113.607538) can0 215#00000000000003
(1602970113.609463) can0 412#FF0075008E00
(1602970113.611558) can0 359#02000082
(1602970113.613377) can0 248#0008000800004000
(1602970113.615293) can0 236#0FF1100020000002
(1602970113.616304) can0 300#009B1FFF1FFFFFFF
(1602970113.616305) can0 328#0000FF00D880FFFF
(1602970113.616305) can0 330#FCFCFCFFFFFF3FFF
(1602970113.618137) can0 315#50000000007B00
(1602970113.622208) can0 325#080DF71B000100
(1602970113.624022) can0 236#0FF110003000001A
(1602970113.625106) can0 200#1E03C000C000C000
(1602970113.627108) can0 208#00206000C000C000
(1602970113.627110) can0 215#00000000000000
(1602970113.628960) can0 412#FF0075008E00
(1602970113.629985) can0 359#32000082
(1602970113.631943) can0 248#0008000800004000
(1602970113.633887) can0 236#0FF1100040000052
(1602970113.635771) can0 300#009B1FFF1FFFFFFF
(1602970113.637637) can0 328#0000FF00D880FFFF
(1602970113.637638) can0 330#FCFCFCFFFFFF3FFF
(1602970113.639626) can0 318#0075000275470000
(1602970113.639627) can0 315#14000000007B00
(1602970113.640534) can0 408#00008D0000000000
(1602970113.641613) can0 236#0FF110005000004A
(1602970113.643593) can0 325#080DF71B000100
(1602970113.645480) can0 200#1E03C000C000C000
(1602970113.647413) can0 208#00206000C000C000
(1602970113.647414) can0 215#00000000000000
(1602970113.649391) can0 412#FF0074008E00
(1602970113.651301) can0 359#32000082
(1602970113.653358) can0 248#0008000800004000
(1602970113.655202) can0 236#0FF1100060000062
(1602970113.657179) can0 300#001B1FFF9FFFFFFF
(1602970113.657180) can0 328#0000FF00D880FFFF
(1602970113.657180) can0 330#FCFCFCFFFFFF3FFF
(1602970113.659120) can0 315#18000000007B00
(1602970113.660493) can0 325#080DF71B000100
(1602970113.661238) can0 236#0FF110007000007A
(1602970113.662837) can0 200#1E03C000C000C000
(1602970113.665033) can0 208#00206000C000C000
(1602970113.666950) can0 215#00000000000003
(1602970113.668891) can0 412#FF0074008E00
(1602970113.670857) can0 359#02000082
(1602970113.672837) can0 248#0008000800004000
(1602970113.674740) can0 236#0FF11000800000F2
(1602970113.676704) can0 300#001B1FFF9FFFFFFF
(1602970113.676705) can0 328#0000FF00D880FFFF
(1602970113.678666) can0 330#FCFCFCFFFFFF3FFF
(1602970113.680649) can0 315#5C000000007B00
(1602970113.682642) can0 325#080DF71B000100
(1602970113.684525) can0 236#0FF11000900000EA
(1602970113.686497) can0 200#1E03C000C000C000
(1602970113.687611) can0 208#00206000C000C000
(1602970113.687612) can0 215#00000000000003
(1602970113.689426) can0 412#FF0074008E00
(1602970113.691404) can0 359#02000082
(1602970113.693333) can0 248#0008000800004000
(1602970113.695259) can0 236#0FF11000A00000C2
(1602970113.697281) can0 300#009B1FFF1FFFFFFF
(1602970113.697282) can0 328#0000FF00D880FFFF
(1602970113.697282) can0 330#FCFCFCFFFFFF3FFF
(1602970113.699194) can0 315#60000000007B00
(1602970113.700513) can0 325#080DF71B000100
(1602970113.701306) can0 236#0FF11000B00000DA
(1602970113.704226) can0 200#1E03C000C000C000
(1602970113.706216) can0 208#00206000C000C000
(1602970113.708175) can0 215#00000000000000
(1602970113.710131) can0 412#FF0074008E00
(1602970113.712151) can0 359#32000082
(1602970113.714011) can0 248#0008000800004000
(1602970113.715879) can0 236#0FF11000C0000092
(1602970113.717775) can0 300#009B1FFF1FFFFFFF
(1602970113.717776) can0 328#0000FF00D880FFFF
(1602970113.717777) can0 330#FCFCFCFFFFFF3FFF
(1602970113.719716) can0 315#24000000007B00
(1602970113.720556) can0 325#080DF71B000100
(1602970113.721643) can0 236#0FF11000D000008A
(1602970113.722694) can0 200#1E03C000C000C000
(1602970113.723579) can0 208#00206000C000C000
