(1591048247.428929) can0 200#0003C000C000C000
(1591048247.428930) can0 208#0020602EC000C000
(1591048247.428930) can0 200#0003C000C000C000
(1591048247.449365) can0 208#0020602EC000C000
(1591048247.449366) can0 215#00000000000000
(1591048247.449366) can0 215#00000000000000
(1591048247.470226) can0 359#31000082
(1591048247.470227) can0 212#0528080727A93FFF
(1591048247.470227) can0 359#31000082
(1591048247.490785) can0 212#05280807E7A93FFF
(1591048247.490786) can0 308#00057E40011FFF00
(1591048247.490787) can0 212#05280807E7A93FFF
(1591048247.511182) can0 308#00057640001FFF00
(1591048247.511183) can0 309#1FFFFFFF0FFF00
(1591048247.511183) can0 356#3FFF3FFF0BB800
(1591048247.531860) can0 7BC#3600000000000000
(1591048247.531861) can0 412#30004E008E00
(1591048247.531862) can0 356#3FFF3FFF0BB800
(1591048247.553013) can0 7BC#3700000000000000
(1591048247.553016) can0 412#30004E008E00
(1591048247.553017) can0 6FA#0239333000000000
(1591048247.573560) can0 412#30004E008E00
(1591048247.573562) can0 7BC#3800000000000000
(1591048247.573563) can0 7BC#3900000000000000
(1591048247.594037) can0 248#0008000000004000
(1591048247.594039) can0 236#10181001300000F6
(1591048247.594040) can0 248#0008000000004000
(1591048247.614515) can0 236#101810005000003B
(1591048247.614516) can0 300#009B1FFF1FFF7FFF
(1591048247.614518) can0 248#0008000000004000
(1591048247.634855) can0 236#101810007000000B
(1591048247.634858) can0 300#001B1FFF9FFF7FFF
(1591048247.634859) can0 248#0008000000004000
(1591048247.654731) can0 236#101810009000009B
(1591048247.654731) can0 300#001B1FFF9FFF7FFF
(1591048247.654732) can0 248#0008000000004000
(1591048247.675753) can0 236#10181000B00000AB
(1591048247.675755) can0 248#0008000000004000
(1591048247.696271) can0 236#10181000D00000FB
(1591048247.696273) can0 300#009B1FFF1FFF7FFF
(1591048247.696274) can0 248#0008000000004000
(1591048247.716798) can0 236#10181000F00000CB
(1591048247.716800) can0 300#001B1FFF9FFF7FFF
(1591048247.716802) can0 248#0008000000004000
(1591048247.737297) can0 236#101810001000005B
(1591048247.737299) can0 300#001B1FFF9FFF7FFF
(1591048247.737300) can0 248#0008000000004000
(1591048247.758193) can0 236#10181001300000F6
(1591048247.758195) can0 300#009B1FFF1FFF7FFF
(1591048247.758197) can0 236#10181001500000A6
(1591048247.778823) can0 300#009B1FFF1FFF7FFF
(1591048247.778825) can0 328#00007B00D880FFFF
(1591048247.778827) can0 300#001B1FFF9FFF7FFF
(1591048247.799848) can0 328#00007B00D880FFFF
(1591048247.799861) can0 330#FCFCFCFFFFFF3F77
(1591048247.799862) can0 300#001B1FFF9FFF7FFF
(1591048247.820627) can0 328#00007B00D880FFFF
(1591048247.820629) can0 330#FCFCFCFFFFFF3F77
(1591048247.820631) can0 210#0000008080000000
(1591048247.840758) can0 255#3FFF3FFF1F40FFFF
(1591048247.840760) can0 308#00055300001FFF00
(1591048247.840761) can0 255#3FFF3FFF1F40FFFF
(1591048247.860902) can0 308#00055100011FFF00
(1591048247.860904) can0 309#1FFFFFFF0FFF00
(1591048247.860905) can0 309#1FFFFFFF0FFF00
(1591048247.881647) can0 312#281208230A8D071D
(1591048247.881649) can0 380#0001
(1591048247.881651) can0 312#481208230A8D071D
(1591048247.902122) can0 380#0001
(1591048247.902125) can0 415#000000000000CC
(1591048247.902126) can0 380#0001
(1591048247.929328) can0 315#41000000009000
(1591048247.929330) can0 325#000DE064000100
(1591048247.929331) can0 318#004E00014E500000
(1591048247.943303) can0 315#05000000008F00
(1591048247.943305) can0 408#00008C0002000000
(1591048247.943307) can0 5FE#00000000000007EA
(1591048247.963681) can0 315#09000000008F00
(1591048247.963683) can0 325#000DE064000100
(1591048247.963685) can0 325#000DE064000100
(1591048247.983988) can0 236#10181001A000002E
(1591048247.983990) can0 200#0003C000C000C000
(1591048247.983991) can0 325#000DE064000100
(1591048248.004270) can0 236#10181001C000007E
(1591048248.004273) can0 200#0003C000C000C000
(1591048248.004274) can0 325#000DE064000100
(1591048248.024856) can0 236#10181001E000004E
(1591048248.024858) can0 200#0003C000C000C000
(1591048248.024859) can0 408#00008C0002000000
(1591048248.044977) can0 325#000DE064000100
(1591048248.044979) can0 236#10181001000000DE
(1591048248.044980) can0 325#000DE064000100
(1591048248.065820) can0 236#1018100020000073
(1591048248.065823) can0 200#0003C000C000C000
(1591048248.065824) can0 325#000DE064000100
(1591048248.086273) can0 236#1018100040000023
(1591048248.086275) can0 200#0003C000C000C000
(1591048248.086277) can0 325#000DE064000100
(1591048248.106609) can0 236#1018100060000013
(1591048248.106610) can0 200#0003C000C000C000
(1591048248.106611) can0 325#000DE064000100
(1591048248.127249) can0 236#1018100080000083
(1591048248.127251) can0 200#0003C000C000C000
(1591048248.127252) can0 325#000DE064000100
(1591048248.147765) can0 236#10181000A00000B3
(1591048248.147766) can0 200#0003C000C000C000
(1591048248.147767) can0 236#10181000C00000E3
(1591048248.168836) can0 200#0003C000C000C000
(1591048248.168837) can0 208#0020602DC000C000
(1591048248.168839) can0 200#0003C000C000C000
(1591048248.189197) can0 208#0020602DC000C000
(1591048248.189199) can0 212#0528081227A93FFF
(1591048248.189200) can0 200#0003C000C000C000
(1591048248.209662) can0 208#0020602DC000C000
(1591048248.209663) can0 101#04
(1591048248.209665) can0 200#0003C000C000C000
(1591048248.230111) can0 208#0020602DC000C000
(1591048248.230113) can0 212#05280812E7A93FFF
(1591048248.230122) can0 208#0020602EC000C000
(1591048248.250666) can0 212#0528081227A93FFF
(1591048248.250668) can0 215#00000000000000
(1591048248.250669) can0 208#0020602DC000C000
(1591048248.271208) can0 212#0528081227A93FFF
(1591048248.271210) can0 215#00000000000000
(1591048248.271212) can0 212#05280812E7A93FFF
(1591048248.291718) can0 215#00000000000003
(1591048248.291720) can0 308#00054440011FFF00
(1591048248.291737) can0 308#00054940001FFF00
(1591048248.312201) can0 309#1FFFFFFF0FFF00
(1591048248.312203) can0 312#281208060A8D071D
(1591048248.312204) can0 309#1FFFFFFF0FFF00
(1591048248.332563) can0 312#4812080B0A8D071D
(1591048248.332564) can0 356#3FFF3FFF0BB800
(1591048248.332565) can0 356#3FFF3FFF0BB800
(1591048248.353537) can0 7BC#1E00000000000000
(1591048248.353538) can0 412#30004E008E00
(1591048248.353539) can0 6FA#0156393855303438
(1591048248.374571) can0 7BC#1F00000000000000
(1591048248.374573) can0 412#30004E008E00
(1591048248.374574) can0 412#30004E008E00
(1591048248.395058) can0 248#0008000000004000
(1591048248.395060) can0 236#101810003000006B
(1591048248.395061) can0 412#30004E008E00
(1591048248.415814) can0 248#0008000000004000
(1591048248.415816) can0 236#101810005000003B
(1591048248.415817) can0 248#0008000000004000
(1591048248.436689) can0 236#101810007000000B
(1591048248.436691) can0 300#001B1FFF9FFF7FEF
(1591048248.436693) can0 248#0008000000004000
(1591048248.457263) can0 236#101810009000009B
(1591048248.457266) can0 210#0000008080000000
(1591048248.457267) can0 248#0008000000004000
(1591048248.477838) can0 236#10181000B00000AB
(1591048248.477840) can0 210#0000008080000000
(1591048248.477841) can0 248#0008000000004000
(1591048248.498670) can0 236#10181000D00000FB
(1591048248.498673) can0 210#0000000000000000
(1591048248.498674) can0 248#0008000000004000
(1591048248.519215) can0 236#10181000F00000CB
(1591048248.519217) can0 210#0000000000000000
(1591048248.519219) can0 248#0008000000004000
(1591048248.539749) can0 236#101810001000005B
(1591048248.539752) can0 210#0000008080000000
(1591048248.539753) can0 248#0008000000004000
(1591048248.560076) can0 236#101810003000006B
(1591048248.560078) can0 210#0000008080000000
(1591048248.560079) can0 236#101810005000003B
(1591048248.580383) can0 210#0000000000000000
(1591048248.580385) can0 300#009B1FFF1FFF7FFF
(1591048248.580386) can0 236#101810007000000B
(1591048248.600556) can0 210#0000000000000000
(1591048248.600558) can0 300#001B1FFF9FFF7FFF
(1591048248.600559) can0 210#0000008080000000
(1591048248.620621) can0 300#001B1FFF9FFF7FFF
(1591048248.620623) can0 255#3FFF3FFF1F40FFFF
(1591048248.620624) can0 255#3FFF3FFF1F40FFFF
(1591048248.641047) can0 300#009B1FFF1FFF7FFF
(1591048248.641049) can0 308#00055000001FFF00
(1591048248.641051) can0 308#00055200011FFF00
(1591048248.662052) can0 328#00007B00D880FFFF
(1591048248.662054) can0 309#1FFFFFFF0FFF00
(1591048248.662055) can0 309#1FFFFFFF0FFF00
(1591048248.682630) can0 330#FCFCFCFFFFFF3F75
(1591048248.682632) can0 312#281208140A99071D
(1591048248.682634) can0 312#4812080D0A99071D
(1591048248.703164) can0 380#0001
(1591048248.703166) can0 415#000000000000CC
(1591048248.703167) can0 315#21000000009000
(1591048248.723706) can0 325#000DE064000100
(1591048248.723708) can0 236#10181001400000BE
(1591048248.723709) can0 318#004E00014E500000
(1591048248.744227) can0 315#65000000009000
(1591048248.744229) can0 408#00008C0002000000
(1591048248.744230) can0 315#69000000009000
(1591048248.764501) can0 325#000DE064000100
(1591048248.764503) can0 236#101810018000001E
(1591048248.764504) can0 315#2D000000008F00
(1591048248.785506) can0 325#000DE064000100
(1591048248.785510) can0 236#10181001A000002E
(1591048248.785511) can0 315#71000000009000
(1591048248.805937) can0 325#000DE064000100
(1591048248.805939) can0 236#10181001C000007E
(1591048248.805940) can0 315#35000000008F00
(1591048248.826506) can0 325#000DE064000100
(1591048248.826508) can0 236#10181000E00000D3
(1591048248.826509) can0 408#00008C0002000000
(1591048248.846952) can0 325#000DE064000100
(1591048248.846954) can0 236#1018100000000043
(1591048248.846955) can0 325#000DE064000100
(1591048248.867565) can0 236#1018100020000073
(1591048248.867567) can0 359#01000082
(1591048248.867568) can0 325#000DE064000100
(1591048248.887995) can0 236#1018100040000023
(1591048248.887997) can0 359#01000082
(1591048248.887999) can0 325#000DE064000100
(1591048248.908479) can0 236#1018100060000013
(1591048248.908481) can0 359#31000082
(1591048248.908483) can0 325#000DE064000100
(1591048248.938791) can0 236#1018100080000083
(1591048248.938793) can0 359#31000082
(1591048248.938795) can0 408#00008C0002000000
(1591048248.949453) can0 325#000DE064000100
(1591048248.949456) can0 359#01000082
(1591048248.949457) can0 325#000DE064000100
(1591048248.969960) can0 359#01000082
(1591048248.969962) can0 236#10181000C00000E3
(1591048248.969964) can0 325#000DE064000100
(1591048248.990542) can0 359#31000082
(1591048248.990544) can0 236#10181000E00000D3
(1591048248.990545) can0 236#1018100000000043
(1591048249.011000) can0 101#04
(1591048249.011002) can0 212#05280812E7A93FFF
(1591048249.011002) can0 308#00055300001FFF00
(1591048249.031442) can0 309#1FFFFFFF0FFF00
(1591048249.031444) can0 312#281208170A99071D
(1591048249.031445) can0 309#1FFFFFFF0FFF00
(1591048249.051674) can0 200#0003C000C000C000
(1591048249.051675) can0 308#00054F40001FFF00
(1591048249.072221) can0 309#1FFFFFFF0FFF00
(1591048249.072222) can0 200#0003C000C000C000
(1591048249.072223) can0 215#00000000000003
(1591048249.092774) can0 356#3FFF3FFF0BB800
(1591048249.092776) can0 4A0#29D833193710004C
(1591048249.092776) can0 7BC#0300494F7A008000
(1591048249.113766) can0 412#2F004E008E00
(1591048249.113768) can0 248#0008000000004000
(1591048249.113769) can0 412#2F004E008E00
(1591048249.134369) can0 248#0008000000004000
(1591048249.134371) can0 210#0000000000000000
(1591048249.134372) can0 412#2F004E008E00
(1591048249.154942) can0 248#0008000000004000
(1591048249.154944) can0 236#10181000F00000CB
(1591048249.154945) can0 6FB#1107040023224000
(1591048249.176043) can0 412#2F004E008E00
(1591048249.176045) can0 248#0008000000004000
(1591048249.176046) can0 248#0008000000004000
(1591048249.196361) can0 210#0000008080000000
(1591048249.196364) can0 236#101810003000006B
(1591048249.196366) can0 248#0008000000004000
(1591048249.217022) can0 210#0000000000000000
(1591048249.217025) can0 236#101810005000003B
(1591048249.217026) can0 248#0008000000004000
(1591048249.237372) can0 210#0000000000000000
(1591048249.237374) can0 236#101810007000000B
(1591048249.237376) can0 248#0008000000004000
(1591048249.257922) can0 210#0000008080000000
(1591048249.257925) can0 236#101810009000009B
(1591048249.257926) can0 248#0008000000004000
(1591048249.278366) can0 210#0000008080000000
(1591048249.278368) can0 236#10181000B00000AB
(1591048249.278369) can0 248#0008000000004000
(1591048249.298913) can0 210#0000000000000000
(1591048249.298915) can0 236#10181000D00000FB
(1591048249.298929) can0 248#0008000000004000
(1591048249.319476) can0 210#0000000000000000
(1591048249.319478) can0 236#10181000F00000CB
(1591048249.319480) can0 248#0008000000004000
(1591048249.339908) can0 210#0000008080000000
(1591048249.339910) can0 236#101810001000005B
(1591048249.339912) can0 248#0008000000004000
(1591048249.360458) can0 210#0000008080000000
(1591048249.360461) can0 236#101810003000006B
(1591048249.360462) can0 210#0000000000000000
(1591048249.381370) can0 236#101810005000003B
(1591048249.381373) can0 255#3FFF3FFF1F40FFFF
(1591048249.381374) can0 236#101810007000000B
(1591048249.401990) can0 255#3FFF3FFF1F40FFFF
(1591048249.401993) can0 308#00054B00001FFF00
(1591048249.401995) can0 255#3FFF3FFF1F40FFFF
(1591048249.422421) can0 308#00054A00011FFF00
(1591048249.422423) can0 300#001B1FFF9FFF7FFF
(1591048249.422424) can0 300#009B1FFF1FFF7FFF
(1591048249.443531) can0 309#1FFFFFFF0FFF00
(1591048249.443534) can0 328#00007B00D880FFFF
(1591048249.443535) can0 309#1FFFFFFF0FFF00
(1591048249.463739) can0 300#009B1FFF1FFF7FFF
(1591048249.463741) can0 312#4812080D0A99071D
(1591048249.463742) can0 328#00007D00D880FFFF
(1591048249.484595) can0 330#FCFCFCFFFFFF3F77
(1591048249.484597) can0 380#0001
(1591048249.484598) can0 415#000000000000CC
(1591048249.504912) can0 315#7D000000009000
(1591048249.504914) can0 359#01000082
(1591048249.504916) can0 315#41000000009000
(1591048249.525399) can0 359#01000082
(1591048249.525401) can0 212#0528081227A93FFF
(1591048249.525402) can0 318#004E00014E500000
(1591048249.545977) can0 315#05000000009000
(1591048249.545979) can0 359#31000082
(1591048249.545980) can0 315#09000000009000
(1591048249.565935) can0 359#31000082
(1591048249.565937) can0 212#05280812E7A93FFF
(1591048249.565939) can0 359#01000082
(1591048249.586493) can0 212#05280812E7A93FFF
(1591048249.586495) can0 308#00054D00001FFF00
(1591048249.586497) can0 359#01000082
(1591048249.606679) can0 101#04
(1591048249.606680) can0 212#0528081227A93FFF
(1591048249.606682) can0 359#31000082
(1591048249.626798) can0 212#0528081227A93FFF
(1591048249.626800) can0 308#00055240001FFF00
(1591048249.626802) can0 359#31000082
(1591048249.647260) can0 212#05280812E7A93FFF
(1591048249.647262) can0 308#00055340011FFF00
(1591048249.647264) can0 359#01000082
(1591048249.667682) can0 212#05280812E7A93FFF
(1591048249.667683) can0 308#00055140001FFF00
(1591048249.667683) can0 359#01000082
(1591048249.688559) can0 212#0528081227A93FFF
(1591048249.688561) can0 308#00055100011FFF00
(1591048249.688562) can0 359#31000082
(1591048249.708564) can0 101#04
(1591048249.708566) can0 212#0528081227A93FFF
(1591048249.708568) can0 359#31000082
(1591048249.729118) can0 212#05280812E7A93FFF
(1591048249.729120) can0 308#00055640011FFF00
(1591048249.729121) can0 359#01000082
(1591048249.749634) can0 212#05280812E7A93FFF
(1591048249.749636) can0 308#00055000001FFF00
(1591048249.749637) can0 325#000DE064000100
(1591048249.770104) can0 309#1FFFFFFF0FFF00
(1591048249.770106) can0 236#10180FFFC00000D7
(1591048249.770107) can0 4A0#29D833193710004C
(1591048249.790955) can0 7BC#2547000000000000
(1591048249.790957) can0 200#0003C000C000C000
(1591048249.790958) can0 200#0003C000C000C000
(1591048249.811764) can0 208#0020602BC000C000
(1591048249.811767) can0 215#00000000000003
(1591048249.811768) can0 412#2E1A4E328E00
(1591048249.832154) can0 210#0000008080000000
(1591048249.832156) can0 255#3FFF3FFF1F40FFFF
(1591048249.832158) can0 412#2E1A4E328E00
(1591048249.852768) can0 210#0000000000000000
(1591048249.852769) can0 255#3FFF3FFF1F40FFFF
(1591048249.852771) can0 412#2E1A4E328E00
(1591048249.873079) can0 210#0000000000000000
(1591048249.873082) can0 255#3FFF3FFF1F40FFFF
(1591048249.873083) can0 412#2E1A4E328E00
(1591048249.893491) can0 210#0000008080000000
(1591048249.893493) can0 255#3FFF3FFF1F40FFFF
(1591048249.893494) can0 210#0000008080000000
(1591048249.913915) can0 255#3FFF3FFF1F40FFFF
(1591048249.913917) can0 308#00054400001FFF00
(1591048249.913919) can0 210#0000000000000000
(1591048249.934425) can0 255#3FFF3FFF1F40FFFF
(1591048249.934428) can0 308#00054500011FFF00
(1591048249.934429) can0 210#0000000000000000
(1591048249.954968) can0 255#3FFF3FFF1F40FFFF
(1591048249.954970) can0 308#00054700001FFF00
(1591048249.954971) can0 210#0000008080000000
(1591048249.975483) can0 255#3FFF3FFF1F40FFFF
(1591048249.975485) can0 308#00055200011FFF00
(1591048249.975486) can0 210#0000008080000000
(1591048249.995987) can0 255#3FFF3FFF1F40FFFF
(1591048249.995988) can0 308#00055B40001FFF00
(1591048249.995989) can0 210#0000000000000000
(1591048250.016582) can0 255#3FFF3FFF1F40FFFF
(1591048250.016584) can0 308#00056200011FFF00
(1591048250.016585) can0 210#0000000000000000
(1591048250.036691) can0 255#3FFF3FFF1F40FFFF
(1591048250.036693) can0 308#00056C00001FFF00
(1591048250.036694) can0 210#0000008080000000
(1591048250.056906) can0 255#3FFF3FFF1F40FFFF
(1591048250.056908) can0 308#00057600011FFF00
(1591048250.056909) can0 210#0000008080000000
(1591048250.077514) can0 255#3FFF3FFF1F40FFFF
(1591048250.077516) can0 308#00057B00001FFF00
(1591048250.077517) can0 255#3FFF3FFF1F40FFFF
(1591048250.097735) can0 308#00057E40011FFF00
(1591048250.097737) can0 309#1FFFFFFF0FFF00
(1591048250.097738) can0 308#00058940001FFF00
(1591048250.118698) can0 309#1FFFFFFF0FFF00
(1591048250.118701) can0 248#0008000000004000
(1591048250.118702) can0 236#10160FE9100000A0
(1591048250.139226) can0 312#6845082F0A990709
(1591048250.139228) can0 380#0001
(1591048250.139230) can0 236#10150FE1300000C6
(1591048250.159727) can0 380#0001
(1591048250.159729) can0 6FE#FFEFE7E700000000
(1591048250.159730) can0 608#4F48003D00017000
(1591048250.179832) can0 300#009B1FFF1FFF7FFF
(1591048250.179834) can0 328#00007B00D880FFFF
(1591048250.179836) can0 330#FCFCFCFFFFFF3F77
(1591048250.200399) can0 315#09000000008F00
(1591048250.200401) can0 359#31000082
(1591048250.200402) can0 315#4D000000008F00
(1591048250.220996) can0 359#01000082
(1591048250.220998) can0 212#05190835E7A93FFF
(1591048250.221000) can0 318#004E00014E500000
(1591048250.241882) can0 315#11000000009000
(1591048250.241884) can0 359#01000082
(1591048250.241885) can0 315#55000000008F00
(1591048250.262402) can0 359#31000082
(1591048250.262404) can0 212#0519083527A93FFF
(1591048250.262405) can0 315#59000000008F00
(1591048250.282845) can0 359#31000082
(1591048250.282847) can0 212#05190835E7A93FFF
(1591048250.282849) can0 315#1D000000008F00
(1591048250.303865) can0 359#01000082
(1591048250.303880) can0 101#04
(1591048250.303882) can0 315#21000000008F00
(1591048250.324514) can0 359#01000082
(1591048250.324516) can0 212#0519083527A93FFF
(1591048250.324518) can0 359#31000082
(1591048250.345099) can0 212#0519083527A93FFF
(1591048250.345102) can0 308#00056440001FFF00
(1591048250.345103) can0 359#31000082
(1591048250.366027) can0 212#05190835E7A93FFF
(1591048250.366030) can0 308#00055B00011FFF00
(1591048250.366031) can0 359#01000082
(1591048250.386361) can0 212#05190835E7A93FFF
(1591048250.386363) can0 308#00055600001FFF00
(1591048250.386364) can0 359#01000082
(1591048250.406883) can0 101#04
(1591048250.406885) can0 212#0519083527A93FFF
(1591048250.406887) can0 359#31000082
(1591048250.426891) can0 212#0519083527A93FFF
(1591048250.426893) can0 359#31000082
(1591048250.447183) can0 212#05190835E7A93FFF
(1591048250.447185) can0 308#00051D40011FFF00
(1591048250.447186) can0 212#05190835E7A93FFF
(1591048250.467839) can0 308#00051200001FFF00
(1591048250.467841) can0 309#1FFFFFFF0FFF00
(1591048250.467842) can0 309#1FFFFFFF0FFF00
(1591048250.488082) can0 312#483508450A5E0705
(1591048250.488084) can0 356#3FFF3FFF0BB800
(1591048250.488085) can0 356#3FFF3FFF0BB800
(1591048250.508973) can0 7BC#0800000000010000
(1591048250.508976) can0 325#000DE064000100
(1591048250.508977) can0 325#000DE064000100
(1591048250.529405) can0 236#10030FC080000064
(1591048250.529407) can0 200#0003C000C000C000
(1591048250.529409) can0 200#0003C000C000C000
(1591048250.549882) can0 208#00206018C000C000
(1591048250.549885) can0 215#00000000000003
(1591048250.549886) can0 200#0003C000C000C000
(1591048250.570391) can0 208#00206017C000C000
(1591048250.570393) can0 215#00000000000000
(1591048250.570394) can0 412#351A4E328E00
(1591048250.591226) can0 210#0000000000000000
(1591048250.591227) can0 255#3FFF3FFF1F40FFFF
(1591048250.591228) can0 412#351A4E328E00
(1591048250.611638) can0 210#0000008080000000
(1591048250.611639) can0 255#3FFF3FFF1F40FFFF
(1591048250.611640) can0 412#351A4E328E00
(1591048250.632097) can0 210#0000008080000000
(1591048250.632098) can0 255#3FFF3FFF1F40FFFF
(1591048250.632099) can0 412#351A4E328E00
(1591048250.652808) can0 210#0000000000000000
(1591048250.652810) can0 255#3FFF3FFF1F40FFFF
(1591048250.652811) can0 6FB#1107040023224000
(1591048250.672830) can0 412#351A4E328E00
(1591048250.672832) can0 210#0000000000000000
(1591048250.672833) can0 6FF#2181024000000000
(1591048250.693471) can0 412#351A4E328E00
(1591048250.693473) can0 210#0000008080000000
(1591048250.693474) can0 210#0000008080000000
(1591048250.713967) can0 255#3FFF3FFF1F40FFFF
(1591048250.713969) can0 308#00051340001FFF00
(1591048250.713970) can0 210#0000000000000000
(1591048250.734489) can0 255#3FFF3FFF1F40FFFF
(1591048250.734491) can0 308#00051300011FFF00
(1591048250.734492) can0 210#0000000000000000
(1591048250.754962) can0 255#3FFF3FFF1F40FFFF
(1591048250.754963) can0 308#00051100001FFF00
(1591048250.754964) can0 210#0000008080000000
(1591048250.775910) can0 255#3FFF3FFF1F40FFFF
(1591048250.775911) can0 308#00051240011FFF00
(1591048250.775912) can0 210#0000008080000000
(1591048250.796071) can0 255#3FFF3FFF1F40FFFF
(1591048250.796073) can0 308#00050D40001FFF00
(1591048250.796075) can0 309#1FFFFFFF0FFF00
(1591048250.816611) can0 312#683D08520A4F0702
(1591048250.816614) can0 380#0001
(1591048250.816615) can0 312#083D084D0A4F0702
(1591048250.837237) can0 380#0001
(1591048250.837239) can0 248#0008000000004000
(1591048250.837240) can0 6FE#FFEFE7E700000000
(1591048250.857990) can0 248#0008000000004000
(1591048250.857992) can0 236#0FCE0F20900000CB
(1591048250.857993) can0 236#0FC90F11B00000C6
(1591048250.878608) can0 300#009B1FFF1FFF7FFF
(1591048250.878610) can0 328#00007B00D880FFFF
(1591048250.878612) can0 300#009B1FFF1FFF7FEF
(1591048250.899151) can0 328#00007B00D880FFFF
(1591048250.899153) can0 330#FCFCFCFFFFFF3F77
(1591048250.899154) can0 300#001B1FFF9FFF7FFF
(1591048250.919241) can0 328#00007B00D880FFFF
(1591048250.919243) can0 330#FCFCFCFFFFFF3F77
(1591048250.919244) can0 328#00007D00D880FFFF
(1591048250.939685) can0 330#FCFCFCFFFFFF3F77
(1591048250.939688) can0 318#004E00014E500000
(1591048250.939689) can0 5FE#00000000000007EA
(1591048250.960103) can0 315#60000000008F00
(1591048250.960105) can0 359#01000082
(1591048250.960106) can0 6FD#0193004012266900
(1591048250.980530) can0 315#24000000008F00
(1591048250.980531) can0 359#31000082
(1591048250.980532) can0 315#28000000008F00
(1591048251.001451) can0 359#31000082
(1591048251.001452) can0 101#04
(1591048251.001453) can0 315#6C000000008F00
(1591048251.021720) can0 359#01000082
(1591048251.021721) can0 212#05190831E7A93FFF
(1591048251.021722) can0 318#004E00014E500000
(1591048251.042631) can0 315#30000000008F00
(1591048251.042632) can0 359#01000082
(1591048251.042633) can0 315#74000000008F00
(1591048251.063297) can0 359#31000082
(1591048251.063299) can0 212#0519081A67B53FFF
(1591048251.063300) can0 315#78000000008F00
(1591048251.083737) can0 359#31000082
(1591048251.083738) can0 212#0519081AA7B53FFF
(1591048251.083740) can0 315#3C000000008F00
(1591048251.103936) can0 359#01000082
(1591048251.103938) can0 101#04
(1591048251.103940) can0 315#00000000008F00
(1591048251.125046) can0 359#01000082
(1591048251.125049) can0 212#0519080E67B53FFF
(1591048251.125050) can0 359#31000082
(1591048251.145406) can0 212#0519080E67B53FFF
(1591048251.145408) can0 308#0004D300001FFF00
(1591048251.145409) can0 359#31000082
(1591048251.165868) can0 212#0519080EA7B53FFF
(1591048251.165870) can0 308#0004D340011FFF00
(1591048251.165871) can0 359#01000082
(1591048251.186026) can0 212#0519080EA7B53FFF
(1591048251.186029) can0 308#0004CE00001FFF00
(1591048251.186030) can0 308#0004C740011FFF00
(1591048251.206467) can0 309#1FFFFFFF0FFF00
(1591048251.206469) can0 312#680E081E0A2006F6
(1591048251.206471) can0 356#3FFF3FFF0BB800
(1591048251.227026) can0 7BC#2C00000000000000
(1591048251.227028) can0 325#000DE064000100
(1591048251.227029) can0 7BC#2D00000000000000
(1591048251.247564) can0 408#00008C0002000000
(1591048251.247566) can0 325#000DE064000100
(1591048251.247568) can0 325#000DE064000100
(1591048251.267994) can0 236#0F430EAB200000B3
(1591048251.267996) can0 200#0003C000C000C000
(1591048251.267998) can0 325#000DE064000100
(1591048251.288959) can0 236#0F3E0EC340000084
(1591048251.288961) can0 200#0003C000C000C000
(1591048251.288963) can0 325#000DE064000100
(1591048251.309845) can0 236#0F390EDD600000AB
(1591048251.309861) can0 200#0003C000C000C000
(1591048251.309862) can0 236#0F350EF8800000AD
(1591048251.330182) can0 200#0003C000C000C000
(1591048251.330184) can0 208#00206000C000C000
(1591048251.330185) can0 200#0003C000C000C000
(1591048251.350688) can0 208#00206000C000C000
(1591048251.350690) can0 215#00000000000003
(1591048251.350691) can0 200#0003C000C000C000
(1591048251.370886) can0 208#00206000C000C000
(1591048251.370888) can0 215#00000000000000
(1591048251.370890) can0 200#0003C000C000C000
(1591048251.391528) can0 208#00206000C000C000
(1591048251.391531) can0 215#00000000000000
(1591048251.391532) can0 412#381A4E328E00
(1591048251.411734) can0 210#0000008080000000
(1591048251.411736) can0 255#3FFF3FFF1F40FFFF
(1591048251.411737) can0 412#381A4D328E00
(1591048251.432310) can0 210#0000008080000000
(1591048251.432312) can0 255#3FFF3FFF1F40FFFF
(1591048251.432313) can0 412#381A4D328E00
(1591048251.457054) can0 210#0000000000000000
(1591048251.457056) can0 255#3FFF3FFF1F40FFFF
(1591048251.457058) can0 412#381A4D328E00
(1591048251.465625) can0 210#0000000000000000
(1591048251.465627) can0 255#3FFF3FFF1F40FFFF
(1591048251.465628) can0 412#381A4D328E00
(1591048251.467126) can0 210#0000008080000000
(1591048251.467128) can0 255#3FFF3FFF1F40FFFF
(1591048251.467129) can0 412#391A4D328E00
(1591048251.468516) can0 210#0000008080000000
(1591048251.468518) can0 255#3FFF3FFF1F40FFFF
(1591048251.468520) can0 210#0000000000000000
(1591048251.479291) can0 255#3FFF3FFF1F40FFFF
(1591048251.479292) can0 308#00049E40011FFF00
(1591048251.479294) can0 210#0000000000000000
(1591048251.481151) can0 255#3FFF3FFF1F40FFFF
(1591048251.481154) can0 308#00049E00001FFF00
(1591048251.481155) can0 210#0000008080000000
(1591048251.482972) can0 255#3FFF3FFF1F40FFFF
(1591048251.482973) can0 308#00049900011FFF00
(1591048251.482975) can0 210#0000008080000000
(1591048251.484978) can0 255#3FFF3FFF1F40FFFF
(1591048251.484980) can0 308#00048E40001FFF00
(1591048251.484982) can0 308#00048E00011FFF00
(1591048251.485651) can0 309#1FFFFFFF0FFF00
(1591048251.485652) can0 312#681A082209FD06F6
(1591048251.485653) can0 312#081A082209FD06F6
(1591048251.485684) can0 380#0001
(1591048251.485685) can0 248#0008000000004000
(1591048251.485686) can0 6FE#FFEFE7E700000000
(1591048251.485714) can0 248#0008000000004000
(1591048251.485715) can0 236#0F1D0FE7900000B0
(1591048251.485718) can0 248#0008000000004000
(1591048251.485760) can0 236#0F1D0FE8B00000E8
(1591048251.485761) can0 300#009B1FFF1FFF7FFF
(1591048251.485762) can0 248#0008000000004000
(1591048251.485791) can0 236#0F1C0FE9D0000063
(1591048251.485792) can0 300#009B1FFF1FFF7FFF
(1591048251.485794) can0 236#0F1C0FE9F0000053
(1591048251.493632) can0 300#001B1FFF9FFF7FFF
(1591048251.493634) can0 328#00007B00D880FFFF
(1591048251.493635) can0 300#001B1FFF9FFF7FEF
(1591048251.514031) can0 328#00007B00D880FFFF
(1591048251.514033) can0 330#FCFCFCFFFFFF3F77
(1591048251.514035) can0 300#009B1FFF1FFF7FEF
(1591048251.534929) can0 328#00007B00D880FFFF
(1591048251.534931) can0 330#FCFCFCFFFFFF3F77
(1591048251.534933) can0 315#44000000008F00
(1591048251.555216) can0 359#31000082
(1591048251.555218) can0 212#0519088F29943FFF
(1591048251.555220) can0 315#48000000008F00
(1591048251.575746) can0 359#31000082
(1591048251.575748) can0 315#0C000000008F00
(1591048251.596264) can0 359#01000082
(1591048251.596266) can0 212#051908BEE98C3FFF
(1591048251.596268) can0 318#004E00014E500000
(1591048251.616760) can0 315#50000000008F00
(1591048251.616762) can0 359#01000082
(1591048251.616763) can0 5FE#00000000000007EA
(1591048251.637403) can0 315#14000000008F00
(1591048251.637405) can0 359#31000082
(1591048251.637407) can0 6FD#0193004012266900
(1591048251.657798) can0 315#18000000008F00
(1591048251.657800) can0 359#31000082
(1591048251.657802) can0 315#5C000000009000
(1591048251.678266) can0 359#01000082
(1591048251.678267) can0 101#04
(1591048251.678268) can0 359#01000082
(1591048251.698598) can0 212#0519093328E83FFF
(1591048251.698600) can0 308#0004FA00011FFF00
(1591048251.698601) can0 212#0519092728E13FFF
(1591048251.719132) can0 308#00053900001FFF00
(1591048251.719133) can0 309#1FFFFFFF0FFF00
(1591048251.719134) can0 309#1FFFFFFF0FFF00
(1591048251.739568) can0 312#692708940AA80702
(1591048251.739569) can0 356#3FFF3FFF0BB800
(1591048251.739570) can0 356#3FFF3FFF0BB800
(1591048251.760511) can0 4A0#36CC3319611D0040
(1591048251.760512) can0 7BC#1100000000006400
(1591048251.760512) can0 7BC#1200000000000000
(1591048251.781550) can0 325#000DE064000100
(1591048251.781552) can0 236#0F140FE4C000003E
(1591048251.781553) can0 325#000DE064000100
(1591048251.801760) can0 236#0F140FE8E00000DC
(1591048251.801761) can0 200#0003C000C000C000
(1591048251.801762) can0 408#00008C0002000000
(1591048251.822529) can0 325#000DE064000100
(1591048251.822532) can0 236#0F130FEB00000039
(1591048251.822533) can0 325#000DE064000100
(1591048251.843268) can0 236#0F130FED20000060
(1591048251.843270) can0 200#0003C000C000C000
(1591048251.843271) can0 325#000DE064000100
(1591048251.863914) can0 236#0F130FEE4000008A
(1591048251.863917) can0 200#0003C000C000C000
(1591048251.863918) can0 325#000DE064000100
(1591048251.884640) can0 236#0F130FF06000006A
(1591048251.884642) can0 200#0003C000C000C000
(1591048251.884644) can0 236#0F120FF180000021
(1591048251.904868) can0 200#0003C000C000C000
(1591048251.904869) can0 208#00206000C000C000
(1591048251.904870) can0 200#0003C000C000C000
(1591048251.927851) can0 208#00206000C000C000
(1591048251.927853) can0 215#00000000000003
(1591048251.927853) can0 200#0003C000C000C000
(1591048251.946053) can0 208#00206000C000C000
(1591048251.946055) can0 215#00000000000000
(1591048251.946057) can0 6FF#2181024000000000
(1591048251.966505) can0 412#3A1A4E328E00
(1591048251.966507) can0 210#0C00110000000000
(1591048251.966508) can0 412#3A1A4E328E00
(1591048251.986592) can0 210#0D00130080000000
(1591048251.986594) can0 255#3FFF3FFF1F40FFFF
(1591048251.986595) can0 412#3B1A4E328E00
(1591048252.007699) can0 210#0E00148080000000
(1591048252.007701) can0 255#3FFF3FFF1F40FFFF
(1591048252.007702) can0 412#3B1A4E328E00
(1591048252.027859) can0 210#1000168000000000
(1591048252.027862) can0 255#3FFF3FFF1F40FFFF
(1591048252.027863) can0 412#3B1A4E328E00
(1591048252.047933) can0 210#1100180000000000
(1591048252.047935) can0 255#3FFF3FFF1F40FFFF
(1591048252.047936) can0 210#1000188080000000
(1591048252.068655) can0 255#3FFF3FFF1F40FFFF
(1591048252.068657) can0 308#0007D700011FFF00
(1591048252.068659) can0 255#3FFF3FFF1F40FFFF
(1591048252.089304) can0 308#0007E600001FFF00
(1591048252.089319) can0 309#1FFFFFFF0FFF00
(1591048252.089321) can0 255#3FFF3FFF1F40FFFF
(1591048252.110070) can0 308#0007F300011FFF00
(1591048252.110072) can0 309#1FFFFFFF0FFF00
(1591048252.110073) can0 309#1FFFFFFF0FFF00
(1591048252.130136) can0 312#089B08610BC90702
(1591048252.130138) can0 380#0001
(1591048252.130140) can0 312#688F08740BD10702
(1591048252.150635) can0 380#0001
(1591048252.150637) can0 608#5048003D00023800
(1591048252.150638) can0 380#0001
(1591048252.171139) can0 415#200032000000CC
(1591048252.171142) can0 248#0008000000004000
(1591048252.171143) can0 248#0008000000004000
(1591048252.191665) can0 236#0F100FF75000007C
(1591048252.191667) can0 300#009B1FFF1FFF7FFF
(1591048252.191668) can0 248#0008000000004000
(1591048252.212133) can0 236#0F100FF6700000D1
(1591048252.212135) can0 300#001B1FFF9FFF7FEF
(1591048252.212136) can0 248#0008000000004000
(1591048252.232580) can0 236#0F100FF490000066
(1591048252.232583) can0 300#001B1FFF9FFF7FEF
(1591048252.232584) can0 248#0008000000004000
(1591048252.256973) can0 236#0F0F0FF1B0000054
(1591048252.256975) can0 300#009B1FFF1FFF7FFF
(1591048252.256977) can0 248#0008000000004000
(1591048252.264686) can0 236#0F0F0FEFD00000D4
(1591048252.264688) can0 300#009B1FFF1FFF7FEF
(1591048252.264690) can0 236#0F0E0FEEF000003F
(1591048252.266285) can0 300#001B1FFF9FFF7FEF
(1591048252.266287) can0 328#00007B00D880FFFF
(1591048252.266289) can0 300#001B1FFF9FFF7FEF
(1591048252.267852) can0 328#00007B00D880FFFF
(1591048252.267854) can0 330#FCFCFCFFFFFF3F79
(1591048252.267855) can0 328#00007B00D880FFFF
(1591048252.273153) can0 330#FCFCFCFFFFFF3F78
(1591048252.273155) can0 359#01000082
(1591048252.273157) can0 359#31000082
(1591048252.273200) can0 212#05190849683D3FFF
(1591048252.273204) can0 315#24000000009000
(1591048252.273205) can0 359#31000082
(1591048252.273244) can0 101#04
(1591048252.273245) can0 212#05190849A8D53FFF
(1591048252.273247) can0 359#01000082
(1591048252.273283) can0 212#05190849E9523FFF
(1591048252.273285) can0 315#6C000000008F00
(1591048252.273287) can0 359#01000082
(1591048252.293304) can0 212#0519084969A03FFF
(1591048252.293306) can0 318#004E00014E4F0000
(1591048252.293308) can0 359#31000082
(1591048252.293361) can0 212#0519086C29AB3FFF
(1591048252.293363) can0 315#74000000008F00
(1591048252.293364) can0 359#31000082
(1591048252.293394) can0 212#05190883A9A03FFF
(1591048252.293396) can0 315#78000000008F00
(1591048252.293397) can0 309#1FFFFFFF0FFF00
(1591048252.313648) can0 312#28A609250B9A0702
(1591048252.313650) can0 356#3FFF3FFF0BB800
(1591048252.313652) can0 7BC#3600000000000000
(1591048252.334070) can0 325#000DE064000100
(1591048252.334072) can0 236#0F070FD640000068
(1591048252.334073) can0 7BC#3700000000000000
(1591048252.354908) can0 408#00008C0002000000
(1591048252.354911) can0 325#000DE064000100
(1591048252.354912) can0 325#000DE064000100
(1591048252.375382) can0 236#0F040FCE800000BB
(1591048252.375385) can0 200#0003C000C000C000
(1591048252.375386) can0 325#000DE064000100
(1591048252.396053) can0 236#0F020FC3A000004D
(1591048252.396055) can0 200#0003C000C000C000
(1591048252.396056) can0 325#000DE064000100
(1591048252.416300) can0 236#0F000FB7C0000024
(1591048252.416302) can0 200#0003C000C000C000
(1591048252.416318) can0 325#000DE064000100
(1591048252.436729) can0 236#0EFE0FABE00000F1
(1591048252.436731) can0 200#0003C000C000C000
(1591048252.436733) can0 408#00008C0002000000
(1591048252.457316) can0 325#000DE064000100
(1591048252.457319) can0 236#0EFD0FA4000000C3
(1591048252.457321) can0 200#0003C000C000C000
(1591048252.478143) can0 208#00206000C000C000
(1591048252.478145) can0 215#00000001000103
(1591048252.478146) can0 210#0100008080000000
(1591048252.498920) can0 255#3FFF3FFF1F40FFFF
(1591048252.498922) can0 412#3C1A4C328E00
(1591048252.498923) can0 309#1FFFFFFF0FFF00
(1591048252.519363) can0 312#088F08730BE80702
(1591048252.519365) can0 380#0001
(1591048252.519366) can0 248#0008000000004000
(1591048252.540041) can0 236#0EFA0FA3300000D0
(1591048252.540043) can0 300#009B1FFF1FFF7FDF
(1591048252.540045) can0 328#00007B00D880FFFF
(1591048252.560901) can0 330#FCFCFCFFFFFF3F79
(1591048252.560903) can0 359#01000082
(1591048252.560905) can0 212#0509087867B53FFF
(1591048252.581441) can0 308#00084D00011FFF00
(1591048252.581443) can0 309#1FFFFFFF0FFF00
(1591048252.581445) can0 4A0#2BD633193A120040
(1591048252.602037) can0 7BC#3E00000000000000
(1591048252.602038) can0 325#000DE064000100
(1591048252.602040) can0 236#0EF90FA340000052
(1591048252.622998) can0 200#0003C000C000C000
(1591048252.623001) can0 208#00206000C000C000
(1591048252.623002) can0 215#00000001000100
(1591048252.643328) can0 210#0100000000000000
(1591048252.643331) can0 255#3FFF3FFF1F40FFFF
(1591048252.643332) can0 308#00084D00011FFF00
(1591048252.663719) can0 412#3C1A4C328E00
(1591048252.663721) can0 309#1FFFFFFF0FFF00
(1591048252.663722) can0 248#0008000000004000
(1591048252.684183) can0 236#0EF80FA35000000C
(1591048252.684186) can0 300#009B1FFF1FFF7FDF
(1591048252.684187) can0 328#00007B00D880FFFF
(1591048252.704725) can0 330#FCFCFCFFFFFF3F79
(1591048252.704728) can0 359#31000082
(1591048252.704729) can0 101#04
(1591048252.724911) can0 212#0509086027A93FFF
(1591048252.724912) can0 308#00084A00001FFF00
(1591048252.724914) can0 325#000DE064000100
(1591048252.745142) can0 236#0EF70FA560000088
(1591048252.745144) can0 200#0003C000C000C000
(1591048252.745145) can0 236#0EF50FA68000002E
(1591048252.765377) can0 200#0003C000C000C000
(1591048252.765379) can0 208#00206000C000C000
(1591048252.765381) can0 200#0003C000C000C000
(1591048252.785833) can0 208#00206000C000C000
(1591048252.785835) can0 208#00206000C000C000
(1591048252.806062) can0 215#00000001000100
(1591048252.806064) can0 210#0000000000000000
(1591048252.806066) can0 210#0000000000000000
(1591048252.826460) can0 255#3FFF3FFF1F40FFFF
(1591048252.826463) can0 308#00080340001FFF00
(1591048252.826465) can0 210#0000008080000000
(1591048252.847053) can0 255#3FFF3FFF1F40FFFF
(1591048252.847056) can0 308#0007F440011FFF00
(1591048252.847057) can0 210#0300020080000000
(1591048252.867656) can0 255#3FFF3FFF1F40FFFF
(1591048252.867658) can0 308#0007CA40001FFF00
(1591048252.867659) can0 210#0600078000000000
(1591048252.887986) can0 255#3FFF3FFF1F40FFFF
(1591048252.887988) can0 308#0007B400011FFF00
(1591048252.887990) can0 210#0B000D8000000000
(1591048252.908626) can0 255#3FFF3FFF1F40FFFF
(1591048252.908628) can0 308#00079C40001FFF00
(1591048252.908629) can0 308#00076440011FFF00
(1591048252.932332) can0 309#1FFFFFFF0FFF00
(1591048252.932346) can0 6FF#2181024000000000
(1591048252.932348) can0 412#3D1A4C328E00
(1591048252.949215) can0 312#27FF087B0B5C06FE
(1591048252.949217) can0 380#0000
(1591048252.949219) can0 312#681609020B2D06FE
(1591048252.969751) can0 380#0000
(1591048252.969753) can0 248#0008000000004000
(1591048252.969754) can0 248#0008000000004000
(1591048252.990082) can0 236#0EE10FA0F000001E
(1591048252.990083) can0 300#001B1FFF9FFF7FBF
(1591048252.990084) can0 248#0008000000004000
(1591048253.010620) can0 236#0EE00FAA10000073
(1591048253.010622) can0 300#001B1FFF9FFF7FBF
(1591048253.010622) can0 248#0008000000004000
(1591048253.031477) can0 236#0EDF0FB930000025
(1591048253.031478) can0 300#009B1FFF1FFF7FAF
(1591048253.031479) can0 248#0008000000004000
(1591048253.052525) can0 236#0EDF0FC95000008E
(1591048253.052526) can0 300#009B1FFF1FFF7FAF
(1591048253.052528) can0 248#0008000000004000
(1591048253.073556) can0 236#0EDF0FD870000006
(1591048253.073559) can0 300#001B1FFF9FFF7FAF
(1591048253.073560) can0 248#0008000000004000
(1591048253.094033) can0 236#0EDF0FE5900000B6
(1591048253.094035) can0 300#001B1FFF9FFF7F9F
(1591048253.094036) can0 236#0EDF0FEFB000003D
(1591048253.114448) can0 300#009B1FFF1FFF7F9F
(1591048253.114449) can0 328#00007B00D880FFFF
(1591048253.114451) can0 300#009B1FFF1FFF7F8F
(1591048253.134626) can0 328#00007B00D880FFFF
(1591048253.134629) can0 330#FCFCFCFFFFFF3F7E
(1591048253.134630) can0 300#001B1FFF9FFF7F8F
(1591048253.155580) can0 328#00007A00D880FFFF
(1591048253.155583) can0 330#FCFCFCFFFFFF3F7F
(1591048253.155585) can0 328#00007A00D880FFFF
(1591048253.175668) can0 330#FCFCFCFFFFFF3F7F
(1591048253.175670) can0 359#01000082
(1591048253.175671) can0 359#01000082
(1591048253.196116) can0 212#050908BE688F3FFF
(1591048253.196118) can0 308#00061740011FFF00
(1591048253.196119) can0 359#31000082
(1591048253.216615) can0 212#050908BE68833FFF
(1591048253.216617) can0 308#00061340001FFF00
(1591048253.216618) can0 359#31000082
(1591048253.237310) can0 101#04
(1591048253.237312) can0 212#050908BEA8833FFF
(1591048253.237314) can0 309#1FFFFFFF0FFF00
(1591048253.257688) can0 312#28BE08B60AE30702
(1591048253.257690) can0 315#0C000000008F00
(1591048253.257691) can0 312#48BE08DE0AD70702
(1591048253.278298) can0 318#004E00014E4E0000
(1591048253.278300) can0 356#3FFF3FFF0BB800
(1591048253.278302) can0 315#14000000008F00
(1591048253.298343) can0 356#3FFF3FFF0BB800
(1591048253.298345) can0 6FA#0156393855303438
(1591048253.298346) can0 4A0#32CF331950190040
(1591048253.318624) can0 7BC#1B32180014000000
(1591048253.318626) can0 325#000DE064000100
(1591048253.318628) can0 325#000DE064000100
(1591048253.338786) can0 236#0EDD10022000005F
(1591048253.338788) can0 200#0003C019C019C018
(1591048253.338789) can0 325#000DE064000100
(1591048253.358859) can0 236#0EDD10024000000F
(1591048253.358861) can0 200#0003C01CC019C019
(1591048253.358863) can0 408#00008C0002000000
(1591048253.379253) can0 325#000DE064000100
(1591048253.379255) can0 236#0EDD100160000085
(1591048253.379257) can0 325#000DE064000100
(1591048253.399846) can0 236#0EDD0FFE80000021
(1591048253.399848) can0 200#0003C01DC01AC01B
(1591048253.399850) can0 325#000DE064000100
(1591048253.420315) can0 236#0EDB0FF0A000006D
(1591048253.420318) can0 200#0003C01DC01AC01B
(1591048253.420331) can0 325#000DE064000100
(1591048253.440740) can0 236#0ED90FD6C0000092
(1591048253.440742) can0 200#0003C01FC01CC01D
(1591048253.440743) can0 325#000DE064000100
(1591048253.461280) can0 236#0ED60FB6E00000B9
(1591048253.461282) can0 200#0003C020C01CC01D
(1591048253.461284) can0 408#00008C0002000000
(1591048253.482016) can0 325#000DE064000100
(1591048253.482017) can0 236#0ED30F9A000000F2
(1591048253.482019) can0 236#0ED00F84200000D8
(1591048253.502732) can0 200#0003C020C01CC01D
(1591048253.502734) can0 208#00206000C01CC01F
(1591048253.502736) can0 210#0800008080000000
(1591048253.523111) can0 255#3FFF3FFF1F40FFFF
(1591048253.523113) can0 308#00064C40001FFF00
(1591048253.523114) can0 380#0001
(1591048253.543938) can0 6FB#1107040023224000
(1591048253.543941) can0 608#5048003F00025500
(1591048253.543942) can0 248#0008000000004000
(1591048253.564695) can0 236#0ECF0F7C30000043
(1591048253.564697) can0 300#009B1FFF1FFF7F3E
(1591048253.564699) can0 328#00037A00D880FFFF
(1591048253.585197) can0 330#FCFCFCFFFFFF3F79
(1591048253.585199) can0 359#01000082
(1591048253.585200) can0 212#050908A628353FFF
(1591048253.605652) can0 308#00065940011FFF00
(1591048253.605654) can0 309#1FFFFFFF0FFF00
(1591048253.605656) can0 356#3FFF3FFF0BB800
(1591048253.626333) can0 6FD#0193004012266900
(1591048253.626335) can0 4A0#31D033194B180040
(1591048253.626337) can0 325#000DE064000100
(1591048253.646795) can0 236#0ECE0F774000006B
(1591048253.646797) can0 200#0003C020C01DC01E
(1591048253.646798) can0 208#00206000C01DC020
(1591048253.667452) can0 215#00F10008000701
(1591048253.667455) can0 210#0800000000000000
(1591048253.667456) can0 255#3FFF3FFF1F40FFFF
(1591048253.688247) can0 308#00065940011FFF00
(1591048253.688249) can0 309#1FFFFFFF0FFF00
(1591048253.688251) can0 325#000DE064000100
(1591048253.708858) can0 236#0ECB0F74600000A2
(1591048253.708861) can0 200#0003C021C01DC01E
(1591048253.708862) can0 236#0EC80F76800000DF
(1591048253.729379) can0 200#0003C021C01EC01F
(1591048253.729381) can0 208#00206000C01EC021
(1591048253.729382) can0 236#0EC50F76A00000A6
(1591048253.749933) can0 200#0003C021C01EC01F
(1591048253.749935) can0 208#00206000C01EC021
(1591048253.749937) can0 200#0003C021C01EC01F
(1591048253.770438) can0 208#00206000C01EC021
(1591048253.770440) can0 215#00FA0009000800
(1591048253.770441) can0 208#00206000C01EC021
(1591048253.791078) can0 215#00FA0009000800
(1591048253.791080) can0 210#0600000000000000
(1591048253.791082) can0 210#0600008080000000
(1591048253.811492) can0 255#3FFF3FFF1F40FFFF
(1591048253.811494) can0 308#0006D300011FFF00
(1591048253.811495) can0 210#0600008080000000
(1591048253.831890) can0 255#3FFF3FFF1F40FFFF
(1591048253.831892) can0 308#0006DE00001FFF00
(1591048253.831894) can0 308#0006FC40011FFF00
(1591048253.853100) can0 309#1FFFFFFF0FFF00
(1591048253.853102) can0 312#487808370B480702
(1591048253.853104) can0 312#286C08510B480702
(1591048253.873891) can0 380#0001
(1591048253.873892) can0 608#5048003E00023200
(1591048253.873894) can0 312#486C084A0B480702
(1591048253.894202) can0 380#0001
(1591048253.894204) can0 415#200032000000CC
(1591048253.894206) can0 248#0008000000004000
(1591048253.914995) can0 236#0EAB0F61B0000094
(1591048253.914997) can0 300#009B1FFF1FFF7F2E
(1591048253.914999) can0 248#0008000000004000
(1591048253.935550) can0 236#0EA70F5DD0000076
(1591048253.935553) can0 300#009B1FFF1FFF7F1E
(1591048253.935554) can0 248#0008000000004000
(1591048253.956189) can0 236#0EA30F57F00000F8
(1591048253.956191) can0 300#001B1FFF9FFF7F1E
(1591048253.956193) can0 248#0008000000004000
(1591048253.976536) can0 236#0E9F0F4C10000058
(1591048253.976538) can0 300#001B1FFF9FFF7F1E
(1591048253.976539) can0 248#0008000000004000
(1591048253.997194) can0 236#0E9B0F40300000BF
(1591048253.997195) can0 300#009B1FFF1FFF7EFE
(1591048253.997196) can0 248#0008000000004000
(1591048254.017564) can0 236#0E970F3850000087
(1591048254.017567) can0 300#009B1FFF1FFF7EFE
(1591048254.017568) can0 248#0008000000004000
(1591048254.037593) can0 236#0E930F31700000B3
(1591048254.037595) can0 300#001B1FFF9FFF7EFE
(1591048254.037596) can0 248#0008000000004000
(1591048254.058573) can0 236#0E8E0F2C90000014
(1591048254.058575) can0 300#001B1FFF9FFF7EEE
(1591048254.058576) can0 248#0008000000004000
(1591048254.079075) can0 236#0E8A0F28B000006F
(1591048254.079077) can0 300#009B1FFF1FFF7EEE
(1591048254.079078) can0 300#009B1FFF1FFF7EEE
(1591048254.099932) can0 328#00037D00D880FFFF
(1591048254.099935) can0 330#FCFCFCFFFFFF3F74
(1591048254.099936) can0 300#001B1FFF9FFF7EFE
(1591048254.120115) can0 328#00037E00D880FFFF
(1591048254.120117) can0 330#FCFCFCFFFFFF3F74
(1591048254.120118) can0 300#001B1FFF9FFF7EFE
(1591048254.140416) can0 328#00037D00D880FFFF
(1591048254.140418) can0 330#FCFCFCFFFFFF3F75
(1591048254.140420) can0 300#009B1FFF1FFF7EFE
(1591048254.160932) can0 328#00037D00D880FFFF
(1591048254.160935) can0 328#00037B00D880FFFF
(1591048254.181324) can0 330#FCFCFCFFFFFF3F78
(1591048254.181326) can0 212#0509080A679D3FFF
(1591048254.181328) can0 212#0509080AA79D3FFF
(1591048254.201788) can0 308#0006F100011FFF00
(1591048254.201791) can0 309#1FFFFFFF0FFF00
(1591048254.201792) can0 359#01000082
(1591048254.222285) can0 308#0006E340001FFF00
(1591048254.222287) can0 309#1FFFFFFF0FFF00
(1591048254.222289) can0 309#1FFFFFFF0FFF00
(1591048254.242941) can0 312#47FF081D0B2D06FE
(1591048254.242944) can0 356#3FFF3FFF0BB800
(1591048254.242945) can0 312#27F308230B2106FE
(1591048254.263276) can0 356#3FFF3FFF0BB800
(1591048254.263279) can0 6FA#004A413341573836
(1591048254.263280) can0 4A0#31D0452134181240
(1591048254.283926) can0 7BC#0200076565000002
(1591048254.283928) can0 6FD#0193004012266900
(1591048254.283930) can0 7BC#0300385074008000
(1591048254.304003) can0 315#3C000000008F00
(1591048254.304006) can0 325#000DE064000100
(1591048254.304007) can0 315#00000000008F00
(1591048254.324502) can0 325#000DE064000100
(1591048254.324504) can0 236#0E6B0FC5400000DD
(1591048254.324505) can0 315#44000000008F00
(1591048254.345004) can0 408#00008C0002000000
(1591048254.345006) can0 325#000DE064000100
(1591048254.345008) can0 325#000DE064000100
(1591048254.365688) can0 236#0E680FBA80000024
(1591048254.365690) can0 200#0003C027C022C023
(1591048254.365692) can0 325#000DE064000100
(1591048254.386418) can0 236#0E660FB3A0000096
(1591048254.386420) can0 200#0003C027C022C023
(1591048254.386422) can0 325#000DE064000100
(1591048254.406998) can0 236#0E650FB1C000002B
(1591048254.407000) can0 200#0003C028C022C024
(1591048254.407001) can0 325#000DE064000100
(1591048254.427907) can0 236#0E630FABE000000C
(1591048254.427909) can0 200#0003C028C022C024
(1591048254.427923) can0 408#00008C0002000000
(1591048254.448382) can0 325#000DE064000100
(1591048254.448383) can0 236#0E610FA60000005F
(1591048254.448385) can0 325#000DE064000100
(1591048254.469138) can0 236#0E5F0FA22000009E
(1591048254.469141) can0 200#0003C029C024C025
(1591048254.469142) can0 325#000DE064000100
(1591048254.489687) can0 236#0E5D0FA240000042
(1591048254.489689) can0 200#0003C02AC024C026
(1591048254.489691) can0 236#0E5B0FA160000041
(1591048254.510021) can0 200#0003C02AC025C026
(1591048254.510024) can0 208#00206000C023C029
(1591048254.510025) can0 200#0003C02AC025C027
(1591048254.530678) can0 208#00206000C024C029
(1591048254.530680) can0 215#01370015001203
(1591048254.530682) can0 200#0003C02BC025C027
(1591048254.551067) can0 208#00206000C024C029
(1591048254.551070) can0 210#0D00008080000000
(1591048254.551071) can0 200#0003C02BC026C027
(1591048254.571338) can0 208#00206000C024C02A
(1591048254.571339) can0 210#0D00000000000000
(1591048254.571340) can0 210#0C00000000000000
(1591048254.591846) can0 215#01400015001400
(1591048254.591847) can0 255#3FFF3FFF1F40FFFF
(1591048254.591848) can0 255#3FFF3FFF1F40FFFF
(1591048254.612665) can0 308#00071E00011FFF00
(1591048254.612666) can0 309#1FFFFFFF0FFF00
(1591048254.612666) can0 309#1FFFFFFF0FFF00
(1591048254.633246) can0 312#089B08720B600702
(1591048254.633247) can0 380#0000
(1591048254.633247) can0 312#689B08640B600702
(1591048254.653876) can0 380#0000
(1591048254.653878) can0 6FE#FFEFE7E700000000
(1591048254.653878) can0 608#5148003D0002CB00
(1591048254.674706) can0 412#3C1A4C328E00
(1591048254.674708) can0 248#0008000000004000
(1591048254.674709) can0 412#3C1A4C328E00
(1591048254.695291) can0 248#0008000000004000
(1591048254.695293) can0 236#0E4D0FBB900000CA
(1591048254.695295) can0 412#3D1A4C328E00
(1591048254.715987) can0 248#0008000000004000
(1591048254.715989) can0 236#0E4C0FB8B0000006
(1591048254.715990) can0 248#0008000000004000
(1591048254.736052) can0 236#0E4A0FB7D00000B7
(1591048254.736054) can0 359#31000082
(1591048254.736055) can0 248#0008000000004000
(1591048254.756488) can0 236#0E490FB8F0000025
(1591048254.756490) can0 359#31000082
(1591048254.756491) can0 248#0008000000004000
(1591048254.776987) can0 236#0E470FB71000005E
(1591048254.776990) can0 359#01000082
(1591048254.776991) can0 248#0008000000004000
(1591048254.797520) can0 236#0E460FB9300000DD
(1591048254.797530) can0 359#01000082
(1591048254.797531) can0 248#0008000000004000
(1591048254.817964) can0 236#0E440FB45000004E
(1591048254.817966) can0 359#31000082
(1591048254.817967) can0 248#0008000000004000
(1591048254.838483) can0 236#0E420FAF700000F4
(1591048254.838485) can0 359#31000082
(1591048254.838486) can0 248#0008000000004000
(1591048254.858687) can0 236#0E410FAD90000089
(1591048254.858689) can0 359#01000082
(1591048254.858690) can0 248#0008000000004000
(1591048254.878807) can0 236#0E3F0FAEB00000EC
(1591048254.878810) can0 359#01000082
(1591048254.878812) can0 248#0008000000004000
(1591048254.899459) can0 236#0E3D0FACD0000017
(1591048254.899461) can0 359#31000082
(1591048254.899462) can0 248#0008000000004000
(1591048254.928646) can0 236#0E3C0FB1F000000B
(1591048254.928648) can0 359#31000082
(1591048254.928649) can0 248#0008000000004000
(1591048254.940489) can0 236#0E3B0FB9100000C8
(1591048254.940492) can0 359#01000082
(1591048254.940493) can0 236#0E3A0FBE3000004A
(1591048254.960767) can0 359#01000082
(1591048254.960768) can0 212#0509086867FB3FFF
(1591048254.960769) can0 308#00080C40001FFF00
(1591048254.981630) can0 309#1FFFFFFF0FFF00
(1591048254.981632) can0 300#009B1FFF1FFF7E2D
(1591048254.981633) can0 300#001B1FFF9FFF7E2D
(1591048255.002383) can0 309#1FFFFFFF0FFF00
(1591048255.002385) can0 328#00057B00D880FFFF
(1591048255.002386) can0 312#285C086F0BB906FE
(1591048255.022872) can0 328#00067A00D880FFFF
(1591048255.022874) can0 330#FCFCFCFFFFFF3F78
(1591048255.022876) can0 7BC#2800000000000000
(1591048255.043523) can0 318#004E00014E4D0000
(1591048255.043525) can0 315#50000000008F00
(1591048255.043526) can0 315#14000000008F00
(1591048255.064092) can0 325#000DE064000100
(1591048255.064094) can0 236#0E380FECE00000E8
(1591048255.064096) can0 315#18000000008F00
(1591048255.084592) can0 325#000DE064000100
(1591048255.084594) can0 236#0E380FF50000005C
(1591048255.084595) can0 315#5C000000009000
(1591048255.104824) can0 325#000DE064000100
(1591048255.104826) can0 236#0E380FFB20000099
(1591048255.104827) can0 325#000DE064000100
(1591048255.125567) can0 236#0E381000400000B3
(1591048255.125570) can0 210#0400000000000000
(1591048255.125571) can0 408#00008C0002000000
(1591048255.146057) can0 325#000DE064000100
(1591048255.146059) can0 236#0E3810016000001E
(1591048255.146061) can0 325#000DE064000100
(1591048255.166645) can0 236#0E3810018000008E
(1591048255.166647) can0 210#0300008080000000
(1591048255.166648) can0 325#000DE064000100
(1591048255.187102) can0 236#0E381000A0000023
(1591048255.187105) can0 210#0300008080000000
(1591048255.187106) can0 325#000DE064000100
(1591048255.207833) can0 236#0E381000C0000073
(1591048255.207836) can0 210#0300000000000000
(1591048255.207837) can0 325#000DE064000100
(1591048255.228445) can0 236#0E381000E0000043
(1591048255.228447) can0 210#0300028000000000
(1591048255.228448) can0 408#00008C0002000000
(1591048255.248879) can0 325#000DE064000100
(1591048255.248881) can0 236#0E381000000000D3
(1591048255.248882) can0 325#000DE064000100
(1591048255.269360) can0 236#0E3810012000007E
(1591048255.269362) can0 210#0D000F8080000000
(1591048255.269363) can0 236#0E3810014000002E
(1591048255.290046) can0 210#1100168000000000
(1591048255.290048) can0 255#3FFF3FFF1F40FFFF
(1591048255.290049) can0 210#15001C8000000000
(1591048255.310959) can0 255#3FFF3FFF1F40FFFF
(1591048255.310961) can0 308#00060840001FFF00
(1591048255.310962) can0 200#0003C04CC042C045
(1591048255.331456) can0 208#00206000C03EC049
(1591048255.331458) can0 215#022A0027002203
(1591048255.331459) can0 215#02330028002302
(1591048255.352082) can0 309#1FFFFFFF0FFF00
(1591048255.352084) can0 312#084508CC0A9D0702
(1591048255.352086) can0 312#685408E70A7E0702
(1591048255.372114) can0 380#0000
(1591048255.372116) can0 608#5148004000016E00
(1591048255.372117) can0 415#200032000000CC
(1591048255.392470) can0 412#3C1A51328E00
(1591048255.392472) can0 248#0008000000004000
(1591048255.392473) can0 412#3C1A51328E00
(1591048255.412940) can0 248#0008000000004000
(1591048255.412942) can0 359#01000082
(1591048255.412944) can0 412#3C1A4D328E00
(1591048255.433526) can0 248#0008000000004000
(1591048255.433551) can0 359#01000082
(1591048255.433552) can0 412#3C1A4D328E00
(1591048255.453980) can0 248#0008000000004000
(1591048255.453982) can0 359#31000082
(1591048255.453984) can0 6FB#1107040023224000
(1591048255.474483) can0 412#3C1A4D328E00
(1591048255.474485) can0 248#0008000000004000
(1591048255.474487) can0 248#0008000000004000
(1591048255.494673) can0 101#04
(1591048255.494675) can0 359#01000082
(1591048255.494676) can0 248#0008000000004000
(1591048255.515450) can0 212#05090904690C3FFF
(1591048255.515452) can0 236#0E47106EB00000B9
(1591048255.515453) can0 359#31000082
(1591048255.535975) can0 212#0509091B68F43FFF
(1591048255.535978) can0 359#31000082
(1591048255.556896) can0 212#0509091BE8E83FFF
(1591048255.556899) can0 248#0008000000004000
(1591048255.556901) can0 359#01000082
(1591048255.577395) can0 212#05090933E8E83FFF
(1591048255.577397) can0 248#0008000000004000
(1591048255.577399) can0 359#01000082
(1591048255.597726) can0 101#04
(1591048255.597728) can0 248#0008000000004000
(1591048255.597730) can0 359#31000082
(1591048255.618176) can0 212#0509092768D53FFF
(1591048255.618178) can0 248#0008000000004000
(1591048255.618180) can0 359#31000082
(1591048255.638709) can0 212#05090927E8BE3FFF
(1591048255.638711) can0 248#0008000000004000
(1591048255.638712) can0 359#01000082
(1591048255.659411) can0 212#0509091BE8B23FFF
(1591048255.659413) can0 248#0008000000004000
(1591048255.659414) can0 359#01000082
(1591048255.680324) can0 212#0509090F28A63FFF
(1591048255.680327) can0 248#0008000000004000
(1591048255.680328) can0 248#0008000000004000
(1591048255.700913) can0 236#0E851179D000002E
(1591048255.700915) can0 308#00060300001FFF00
(1591048255.700917) can0 308#00063340011FFF00
(1591048255.720848) can0 236#0E8C1173F00000E9
(1591048255.720850) can0 309#1FFFFFFF0FFF00
(1591048255.720851) can0 312#08F8086D0B120702
(1591048255.741121) can0 356#3FFF3FFF0BB800
(1591048255.741123) can0 300#001B1FFF9FFF7D3B
(1591048255.741124) can0 312#48E808790B1906FE
(1591048255.761552) can0 356#3FFF3FFF0BB800
(1591048255.761555) can0 300#009B1FFF1FFF7D4B
(1591048255.761556) can0 328#000A7900D880FFFF
(1591048255.781759) can0 330#FCFCFCFFFFFF3F77
(1591048255.781761) can0 4A0#33CE3319541A0040
(1591048255.781763) can0 315#28000000008F00
(1591048255.802395) can0 210#0C00008080000000
(1591048255.802398) can0 255#3FFF3FFF1F40FFFF
(1591048255.802399) can0 315#6C000000008F00
(1591048255.822760) can0 210#0C00008080000000
(1591048255.822762) can0 255#3FFF3FFF1F40FFFF
(1591048255.822763) can0 318#004E00014E4B0000
(1591048255.843224) can0 315#30000000008F00
(1591048255.843226) can0 210#0C00000000000000
(1591048255.843227) can0 315#74000000008F00
(1591048255.863832) can0 210#0B00000000000000
(1591048255.863834) can0 255#3FFF3FFF1F40FFFF
(1591048255.863836) can0 210#0B00008080000000
(1591048255.884629) can0 255#3FFF3FFF1F40FFFF
(1591048255.884631) can0 325#000DE064000100
(1591048255.884633) can0 210#0B00008080000000
(1591048255.905260) can0 255#3FFF3FFF1F40FFFF
(1591048255.905263) can0 308#00079F40001FFF00
(1591048255.905264) can0 210#0B00000000000000
(1591048255.930648) can0 255#3FFF3FFF1F40FFFF
(1591048255.930650) can0 325#000DE064000100
(1591048255.930651) can0 210#0A00000000000000
(1591048255.945826) can0 255#3FFF3FFF1F40FFFF
(1591048255.945828) can0 408#00008C0002000000
(1591048255.945830) can0 210#0A00008080000000
(1591048255.966346) can0 255#3FFF3FFF1F40FFFF
(1591048255.966349) can0 308#0007E640011FFF00
(1591048255.966350) can0 210#0A00008080000000
(1591048255.986397) can0 255#3FFF3FFF1F40FFFF
(1591048255.986399) can0 308#0007F540001FFF00
(1591048255.986400) can0 210#0900000000000000
(1591048256.006620) can0 255#3FFF3FFF1F40FFFF
(1591048256.006622) can0 308#00080840011FFF00
(1591048256.006623) can0 210#0900000000000000
(1591048256.027672) can0 255#3FFF3FFF1F40FFFF
(1591048256.027674) can0 308#00081300001FFF00
(1591048256.027675) can0 308#00081D00011FFF00
(1591048256.047812) can0 408#00008C0002000000
(1591048256.047813) can0 309#1FFFFFFF0FFF00
(1591048256.047815) can0 236#0F2711AC200000A8
(1591048256.068651) can0 309#1FFFFFFF0FFF00
(1591048256.068654) can0 312#086808550BCD06FE
(1591048256.068655) can0 415#200032000000CC
(1591048256.089125) can0 200#0003C060C05BC05D
(1591048256.089127) can0 208#00206000C05AC060
(1591048256.089129) can0 208#00206000C05BC060
(1591048256.110031) can0 215#02DB0045003D01
(1591048256.110032) can0 412#3D1A4E328E00
(1591048256.110034) can0 412#3D1A4F328E00
(1591048256.130756) can0 359#01000082
(1591048256.130758) can0 212#04F2085CA8073FFF
(1591048256.130759) can0 412#3D1A4F328E00
(1591048256.151199) can0 359#01000082
(1591048256.151202) can0 212#04F2085168073FFF
(1591048256.151203) can0 412#3D1A4F328E00
(1591048256.171876) can0 359#31000082
(1591048256.171877) can0 212#04F2085167FB3FFF
(1591048256.171879) can0 412#3D1A4F328E00
(1591048256.192650) can0 359#31000082
(1591048256.192652) can0 101#04
(1591048256.192654) can0 412#3D1A4F328E00
(1591048256.213180) can0 359#01000082
(1591048256.213182) can0 212#04F20839A7FB3FFF
(1591048256.213184) can0 412#3E1A4F328E00
(1591048256.233840) can0 359#01000082
(1591048256.233843) can0 212#04F2083967EF3FFF
(1591048256.233844) can0 412#3E1A4F328E00
(1591048256.254129) can0 359#31000082
(1591048256.254130) can0 212#04F2082D67EF3FFF
(1591048256.254131) can0 412#3E1A4F328E00
(1591048256.274657) can0 359#31000082
(1591048256.274658) can0 212#04F2082DA7EF3FFF
(1591048256.274659) can0 359#01000082
(1591048256.295580) can0 101#04
(1591048256.295582) can0 212#04F20822E81E3FFF
(1591048256.295582) can0 359#01000082
(1591048256.316149) can0 212#04F2082268493FFF
(1591048256.316151) can0 308#00085740011FFF00
(1591048256.316153) can0 359#31000082
(1591048256.336292) can0 212#04F2082268543FFF
(1591048256.336294) can0 308#00085040001FFF00
(1591048256.336295) can0 359#31000082
(1591048256.356753) can0 212#04F2082DA8543FFF
(1591048256.356755) can0 308#00084800011FFF00
(1591048256.356757) can0 359#01000082
(1591048256.376881) can0 212#04F2082DA82A3FFF
(1591048256.376883) can0 308#00083A40001FFF00
(1591048256.376885) can0 359#01000082
(1591048256.397346) can0 101#04
(1591048256.397349) can0 212#04F2082D27CC3FFF
(1591048256.397350) can0 212#04F2083927CC3FFF
(1591048256.418016) can0 308#00082900001FFF00
(1591048256.418019) can0 309#1FFFFFFF0FFF00
(1591048256.418020) can0 312#483908380BCD06FE
(1591048256.438519) can0 248#0008000000004000
(1591048256.438536) can0 356#3FFF3FFF0BB800
(1591048256.438538) can0 248#0008000000004000
(1591048256.459033) can0 356#3FFF3FFF0BB800
(1591048256.459035) can0 236#0FF01192900000F1
(1591048256.459036) can0 236#0FF81191B0000071
(1591048256.479433) can0 4A0#2CD5331935130040
(1591048256.479434) can0 7BC#2F00000000000000
(1591048256.479436) can0 300#009B1FFF1FFF7F9F
(1591048256.499906) can0 328#000C7D00D880FFFF
(1591048256.499909) can0 330#FCFCFCFFFFFF3F7A
(1591048256.499910) can0 300#001B1FFF9FFF7FAF
(1591048256.520335) can0 328#000C7F00D880FFFF
(1591048256.520337) can0 330#FCFCFCFFFFFF3F79
(1591048256.520338) can0 330#FCFCFCFFFFFF3F7A
(1591048256.540882) can0 318#004E00014E520000
(1591048256.540884) can0 315#3C000000008F00
(1591048256.540886) can0 315#00000000008F00
(1591048256.561583) can0 210#0000000000000000
(1591048256.561586) can0 255#3FFF3FFF1F40FFFF
(1591048256.561587) can0 315#44000000008F00
(1591048256.582049) can0 210#0000000000000000
(1591048256.582052) can0 255#3FFF3FFF1F40FFFF
(1591048256.582053) can0 315#48000000008F00
(1591048256.602841) can0 210#0000008080000000
(1591048256.602843) can0 255#3FFF3FFF1F40FFFF
(1591048256.602845) can0 315#0C000000008F00
(1591048256.623745) can0 210#0000008080000000
(1591048256.623747) can0 255#3FFF3FFF1F40FFFF
(1591048256.623748) can0 318#004E00014E500000
(1591048256.644267) can0 315#50000000008F00
(1591048256.644269) can0 210#0600050000000000
(1591048256.644272) can0 210#0A000C0000000000
(1591048256.664867) can0 255#3FFF3FFF1F40FFFF
(1591048256.664869) can0 308#00079200001FFF00
(1591048256.664870) can0 210#0C00100080000000
(1591048256.685748) can0 255#3FFF3FFF1F40FFFF
(1591048256.685750) can0 308#00076F00011FFF00
(1591048256.685751) can0 210#0C00118080000000
(1591048256.706250) can0 255#3FFF3FFF1F40FFFF
(1591048256.706252) can0 308#00075940001FFF00
(1591048256.706254) can0 210#0C00120000000000
(1591048256.726452) can0 255#3FFF3FFF1F40FFFF
(1591048256.726454) can0 308#00073900011FFF00
(1591048256.726456) can0 210#0C00120000000000
(1591048256.747327) can0 255#3FFF3FFF1F40FFFF
(1591048256.747330) can0 308#0006FF00001FFF00
(1591048256.747332) can0 255#3FFF3FFF1F40FFFF
(1591048256.767565) can0 308#0006C200011FFF00
(1591048256.767567) can0 309#1FFFFFFF0FFF00
(1591048256.767568) can0 255#3FFF3FFF1F40FFFF
(1591048256.788060) can0 308#00067940001FFF00
(1591048256.788063) can0 309#1FFFFFFF0FFF00
(1591048256.788064) can0 309#1FFFFFFF0FFF00
(1591048256.809043) can0 312#482D08980ADF06FE
(1591048256.809045) can0 380#0001
(1591048256.809047) can0 312#283908820AD306FE
(1591048256.829361) can0 380#0001
(1591048256.829364) can0 325#000DE064000100
(1591048256.829365) can0 6FE#FFEFE7E700000000
(1591048256.849846) can0 408#00008C0002000000
(1591048256.849848) can0 236#1052106600000022
(1591048256.849850) can0 236#10531051200000CF
(1591048256.869967) can0 200#0003C073C077C075
(1591048256.869969) can0 208#00206000C078C072
(1591048256.869970) can0 200#0003C075C079C076
(1591048256.890310) can0 208#00206000C078C073
(1591048256.890312) can0 215#03A20067005F01
(1591048256.890314) can0 200#0003C074C079C076
(1591048256.911002) can0 208#00206000C079C073
(1591048256.911004) can0 208#00206000C07BC076
(1591048256.931639) can0 215#03B0006A006102
(1591048256.931641) can0 412#3E1A48328E00
(1591048256.931642) can0 412#3E1A48328E00
(1591048256.952126) can0 359#01000082
(1591048256.952128) can0 212#04F20897682A3FFF
(1591048256.952130) can0 6FB#1107040023224000
(1591048256.972500) can0 412#3E1A48328E00
(1591048256.972502) can0 359#31000082
(1591048256.972503) can0 6FF#2181024000000000
(1591048256.993540) can0 412#3E1A48328E00
(1591048256.993541) can0 359#31000082
(1591048256.993542) can0 412#3E1A48328E00
(1591048257.013997) can0 359#01000082
(1591048257.013999) can0 212#04F208A2A82A3FFF
(1591048257.014000) can0 412#3E1A46328E00
(1591048257.041278) can0 359#01000082
(1591048257.041280) can0 212#04F208AE68833FFF
(1591048257.041281) can0 359#31000082
(1591048257.055008) can0 212#04F208BA28E13FFF
(1591048257.055010) can0 308#00051100001FFF00
(1591048257.055012) can0 359#31000082
(1591048257.075612) can0 212#04F208BAA9173FFF
(1591048257.075614) can0 308#0004F840011FFF00
(1591048257.075615) can0 359#01000082
(1591048257.096199) can0 101#04
(1591048257.096201) can0 212#04F208D1A9173FFF
(1591048257.096202) can0 359#01000082
(1591048257.116306) can0 212#04F208C529233FFF
(1591048257.116308) can0 308#0004C840011FFF00
(1591048257.116309) can0 359#31000082
(1591048257.136512) can0 212#04F208C569173FFF
(1591048257.136514) can0 308#0004C800001FFF00
(1591048257.136515) can0 212#04F208DDA90C3FFF
(1591048257.156999) can0 308#0004C140011FFF00
(1591048257.157001) can0 309#1FFFFFFF0FFF00
(1591048257.157002) can0 308#0004B240001FFF00
(1591048257.177017) can0 309#1FFFFFFF0FFF00
(1591048257.177019) can0 312#08F409160A1106F2
(1591048257.177021) can0 309#1FFFFFFF0FFF00
(1591048257.197553) can0 312#68F4090D0A1106F2
(1591048257.197555) can0 356#3FFF3FFF0BB800
(1591048257.197557) can0 356#3FFF3FFF0BB800
(1591048257.218033) can0 7BC#1300000000000000
(1591048257.218035) can0 248#0008000000004000
(1591048257.218036) can0 7BC#1400000000000000
(1591048257.238550) can0 248#0008000000004000
(1591048257.238551) can0 236#108510987000007A
(1591048257.238553) can0 248#0008000000004000
(1591048257.259032) can0 236#108910A490000058
(1591048257.259034) can0 300#001B1FFF9FFF81C1
(1591048257.259036) can0 236#108D10B7B00000F2
(1591048257.279567) can0 300#009B1FFF1FFF81A1
(1591048257.279569) can0 328#00118000D880FFFF
(1591048257.279570) can0 300#009B1FFF1FFF81A1
(1591048257.300247) can0 328#00118200D880FFFF
(1591048257.300249) can0 330#FCFCFCFFFFFF3F80
(1591048257.300250) can0 328#00118000D880FFFF
(1591048257.320593) can0 330#FCFCFCFFFFFF3F80
(1591048257.320595) can0 315#18000000008F00
(1591048257.320597) can0 328#00128100D880FFFF
(1591048257.341008) can0 330#FCFCFCFFFFFF3F7E
(1591048257.341010) can0 318#004E00014E490000
(1591048257.341012) can0 315#60000000009000
(1591048257.361942) can0 210#0300000000000000
(1591048257.361944) can0 255#3FFF3FFF1F40FFFF
(1591048257.361946) can0 315#24000000008F00
(1591048257.382684) can0 210#0300000000000000
(1591048257.382686) can0 255#3FFF3FFF1F40FFFF
(1591048257.382688) can0 315#28000000008F00
(1591048257.403137) can0 210#0200008080000000
(1591048257.403139) can0 255#3FFF3FFF1F40FFFF
(1591048257.403141) can0 315#6C000000008F00
(1591048257.423736) can0 210#0200008080000000
(1591048257.423737) can0 255#3FFF3FFF1F40FFFF
(1591048257.423739) can0 318#004E00014E4C0000
(1591048257.444279) can0 315#30000000008F00
(1591048257.444297) can0 210#0200000000000000
(1591048257.444298) can0 315#74000000009000
(1591048257.464761) can0 210#0100000000000000
(1591048257.464763) can0 255#3FFF3FFF1F40FFFF
(1591048257.464764) can0 315#78000000008F00
(1591048257.485262) can0 210#0100008080000000
(1591048257.485264) can0 255#3FFF3FFF1F40FFFF
(1591048257.485265) can0 210#0100008080000000
(1591048257.505849) can0 255#3FFF3FFF1F40FFFF
(1591048257.505851) can0 308#00048440001FFF00
(1591048257.505852) can0 210#0000000000000000
(1591048257.526166) can0 255#3FFF3FFF1F40FFFF
(1591048257.526167) can0 308#00046500011FFF00
(1591048257.526168) can0 255#3FFF3FFF1F40FFFF
(1591048257.546622) can0 308#00046540001FFF00
(1591048257.546622) can0 309#1FFFFFFF0FFF00
(1591048257.546623) can0 309#1FFFFFFF0FFF00
(1591048257.567414) can0 312#6868087E09E206F2
(1591048257.567415) can0 380#0001
(1591048257.567416) can0 312#0868087E09E206F2
(1591048257.587718) can0 380#0001
(1591048257.587719) can0 415#200032000000CC
(1591048257.587719) can0 325#000DE064000100
(1591048257.608718) can0 236#10FE1127C0000066
(1591048257.608720) can0 200#0003C09FC0A7C0A2
(1591048257.608721) can0 325#000DE064000100
(1591048257.628665) can0 236#11021101E00000EB
(1591048257.628668) can0 200#0003C09DC0ADC0A3
(1591048257.628669) can0 236#110510DA0000007C
(1591048257.649162) can0 200#0003C0A0C0AEC0A4
(1591048257.649164) can0 208#00206000C0AAC098
(1591048257.649165) can0 200#0003C09EC0A9C0A2
(1591048257.669659) can0 208#00206000C0A9C09A
(1591048257.669661) can0 215#04FE0096009003
(1591048257.669663) can0 200#0003C09FC0ACC0A4
(1591048257.689706) can0 208#00206000C0ABC09A
(1591048257.689708) can0 215#050C0097009200
(1591048257.689710) can0 215#05070098009301
(1591048257.710221) can0 412#3E1A48328E00
(1591048257.710223) can0 359#31000082
(1591048257.710224) can0 412#3E1A4A328E00
(1591048257.730399) can0 359#01000082
(1591048257.730401) can0 212#04F20851A7B53FFF
(1591048257.730402) can0 412#3E1A4A328E00
(1591048257.750984) can0 359#01000082
(1591048257.750986) can0 212#04F2085167B53FFF
(1591048257.750988) can0 412#3E1A4A328E00
(1591048257.771463) can0 359#31000082
(1591048257.771465) can0 212#04F2084567B53FFF
(1591048257.771466) can0 412#3E1A4A328E00
(1591048257.792039) can0 359#31000082
(1591048257.792041) can0 101#04
(1591048257.792042) can0 412#3D1A4A328E00
(1591048257.812863) can0 359#01000082
(1591048257.812865) can0 212#04F20851A7B53FFF
(1591048257.812866) can0 412#3D1A4E328E00
(1591048257.833219) can0 359#01000082
(1591048257.833222) can0 212#04F2085127C03FFF
(1591048257.833223) can0 412#3D1A4E328E00
(1591048257.853829) can0 359#31000082
(1591048257.853831) can0 212#04F2084527C03FFF
(1591048257.853832) can0 359#31000082
(1591048257.874318) can0 212#04F20845E7C03FFF
(1591048257.874321) can0 308#00046000011FFF00
(1591048257.874322) can0 359#01000082
(1591048257.894848) can0 101#04
(1591048257.894915) can0 212#04F20845E7C03FFF
(1591048257.894918) can0 212#04F2084527C03FFF
(1591048257.915395) can0 308#00045300011FFF00
(1591048257.915398) can0 309#1FFFFFFF0FFF00
(1591048257.915399) can0 309#1FFFFFFF0FFF00
(1591048257.943915) can0 312#0845085109ED06FE
(1591048257.943917) can0 356#3FFF3FFF0BB800
(1591048257.943931) can0 356#3FFF3FFF0BB800
(1591048257.955916) can0 6FA#0156393855303438
(1591048257.955918) can0 7BC#3800000000000000
(1591048257.955920) can0 4A0#29D833194A100040
(1591048257.976494) can0 7BC#3900000000000000
(1591048257.976496) can0 248#0008000000004000
(1591048257.976497) can0 248#0008000000004000
(1591048257.996846) can0 236#11050FF63000005E
(1591048257.996848) can0 300#009B1FFF1FFF8394
(1591048257.996849) can0 248#0008000000004000
(1591048258.017392) can0 236#11050FF250000040
(1591048258.017393) can0 300#009B1FFF1FFF83C5
(1591048258.017394) can0 236#11040FEA7000008F
(1591048258.038306) can0 300#001B1FFF9FFF83D5
(1591048258.038308) can0 328#00148500D880FFFF
(1591048258.038309) can0 300#001B1FFF9FFF83C5
(1591048258.059241) can0 328#00148700D880FFFF
(1591048258.059243) can0 330#FCFCFCFFFFFF3F79
(1591048258.059244) can0 300#009B1FFF1FFF83D5
(1591048258.079614) can0 328#00148700D880FFFF
(1591048258.079616) can0 330#FCFCFCFFFFFF3F7A
(1591048258.079617) can0 315#74000000008F00
(1591048258.100289) can0 210#0000000000000000
(1591048258.100290) can0 255#3FFF3FFF1F40FFFF
(1591048258.100291) can0 315#78000000008F00
(1591048258.121089) can0 210#0000008080000000
(1591048258.121092) can0 255#3FFF3FFF1F40FFFF
(1591048258.121093) can0 318#004E00014E4F0000
(1591048258.141461) can0 315#3C000000009000
(1591048258.141463) can0 210#0000008080000000
(1591048258.141464) can0 5FE#00000000000007EA
(1591048258.162300) can0 315#00000000008F00
(1591048258.162302) can0 210#0000000000000000
(1591048258.162304) can0 6FD#0193004012266900
(1591048258.182412) can0 315#44000000008F00
(1591048258.182414) can0 210#0000000000000000
(1591048258.182415) can0 315#48000000008F00
(1591048258.202948) can0 210#0000008080000000
(1591048258.202951) can0 255#3FFF3FFF1F40FFFF
(1591048258.202952) can0 210#0000008080000000
(1591048258.223559) can0 255#3FFF3FFF1F40FFFF
(1591048258.223561) can0 308#00047C00001FFF00
(1591048258.223563) can0 210#0000000000000000
(1591048258.243961) can0 255#3FFF3FFF1F40FFFF
(1591048258.243964) can0 308#00048940011FFF00
(1591048258.243966) can0 308#00049200001FFF00
(1591048258.264529) can0 309#1FFFFFFF0FFF00
(1591048258.264532) can0 312#283908260A1106FE
(1591048258.264534) can0 308#00049140011FFF00
(1591048258.284967) can0 309#1FFFFFFF0FFF00
(1591048258.284969) can0 312#283908280A1106FE
(1591048258.305580) can0 380#0001
(1591048258.305582) can0 325#000DE064000100
(1591048258.305584) can0 380#0001
(1591048258.326025) can0 325#000DE064000100
(1591048258.326028) can0 236#10F20FC04000004E
(1591048258.326029) can0 408#00008C0002000000
(1591048258.346548) can0 325#000DE064000100
(1591048258.346550) can0 236#10F10FC0600000B4
(1591048258.346551) can0 325#000DE064000100
(1591048258.367186) can0 236#10F00FC3800000D8
(1591048258.367188) can0 200#0003C09EC0ABC0A2
(1591048258.367189) can0 325#000DE064000100
(1591048258.387793) can0 236#10EF0FC6A00000EA
(1591048258.387796) can0 200#0003C099C0ADC0A2
(1591048258.387797) can0 325#000DE064000100
(1591048258.408104) can0 236#10EF0FCEC0000026
(1591048258.408106) can0 200#0003C09AC0AAC0A2
(1591048258.408107) can0 236#10EF0FDDE0000089
(1591048258.428621) can0 200#0003C09AC0A4C09E
(1591048258.428623) can0 208#00206012C0A3C099
(1591048258.428624) can0 200#0003C09AC0ABC0A0
(1591048258.449134) can0 208#00206014C0A6C098
(1591048258.449151) can0 215#04F100C900C903
(1591048258.449152) can0 208#00206017C0A4C097
(1591048258.469632) can0 215#04D600CA00CA03
(1591048258.469634) can0 6FB#1107040023224000
(1591048258.469636) can0 6FF#2181024000000000
(1591048258.490164) can0 412#3E1A48328E00
(1591048258.490167) can0 359#31000082
(1591048258.490168) can0 412#3E1A48328E00
(1591048258.510770) can0 359#31000082
(1591048258.510773) can0 212#04F20822E7C03FFF
(1591048258.510775) can0 412#3F1A47328E00
(1591048258.531328) can0 359#01000082
(1591048258.531330) can0 212#04F20822E7C03FFF
(1591048258.531331) can0 412#3F1A47328E00
(1591048258.551485) can0 359#01000082
(1591048258.551487) can0 212#04F2082227C03FFF
(1591048258.551488) can0 412#3F1A47328E00
(1591048258.572007) can0 359#31000082
(1591048258.572008) can0 212#04F2082227C03FFF
(1591048258.572009) can0 412#3F1A47328E00
(1591048258.592577) can0 359#31000082
(1591048258.592583) can0 101#04
(1591048258.592584) can0 412#3E1A47328E00
(1591048258.613067) can0 359#01000082
(1591048258.613069) can0 212#04F20822E7C03FFF
(1591048258.613070) can0 412#3E1A4A328E00
(1591048258.633442) can0 212#04F2082227C03FFF
(1591048258.633443) can0 359#01000082
(1591048258.633444) can0 412#3E1A4A328E00
(1591048258.653936) can0 212#04F2082227C03FFF
(1591048258.653937) can0 359#31000082
(1591048258.653938) can0 359#31000082
(1591048258.674538) can0 308#0004BE00011FFF00
(1591048258.674540) can0 309#1FFFFFFF0FFF00
(1591048258.674541) can0 309#1FFFFFFF0FFF00
(1591048258.694963) can0 312#282208190A2806FE
(1591048258.694965) can0 356#3FFF3FFF0BB800
(1591048258.694965) can0 312#4822080C0A2806FE
(1591048258.715475) can0 356#3FFF3FFF0BB800
(1591048258.715476) can0 7BC#1D00000000000000
(1591048258.715476) can0 7BC#1E00000000000000
(1591048258.736305) can0 248#0008000000004000
(1591048258.736306) can0 236#10C70F43D0000066
(1591048258.736307) can0 7BC#1F00000000000000
(1591048258.757579) can0 248#0008000000004000
(1591048258.757581) can0 236#10C40F4EF00000D3
(1591048258.757583) can0 248#0008000000004000
(1591048258.777952) can0 236#10C20F5F10000072
(1591048258.777955) can0 300#001B1FFF9FFF8252
(1591048258.777956) can0 248#0008000000004000
(1591048258.798866) can0 236#10BF0F6D3000002F
(1591048258.798868) can0 300#009B1FFF1FFF8242
(1591048258.798869) can0 248#0008000000004000
(1591048258.819696) can0 236#10BC0F70500000DF
(1591048258.819698) can0 300#009B1FFF1FFF8232
(1591048258.819700) can0 248#0008000000004000
(1591048258.840304) can0 236#10B70F65700000D9
(1591048258.840306) can0 300#001B1FFF9FFF8242
(1591048258.840307) can0 300#001B1FFF9FFF8252
(1591048258.860530) can0 328#000F7F00D880FFFF
(1591048258.860532) can0 330#FCFCFCFFFFFF3F6A
(1591048258.860533) can0 300#009B1FFF1FFF8273
(1591048258.880948) can0 328#000F7D00D880FFFF
(1591048258.880950) can0 330#FCFCFCFFFFFF3F69
(1591048258.880952) can0 330#FCFCFCFFFFFF3F68
(1591048258.901488) can0 210#0000000000000000
(1591048258.901490) can0 255#3FFF3FFF1F40FFFF
(1591048258.901491) can0 210#0000008080000000
(1591048258.922416) can0 255#3FFF3FFF1F40FFFF
(1591048258.922418) can0 315#59000000008F00
(1591048258.922420) can0 210#0000008080000000
(1591048258.943224) can0 255#3FFF3FFF1F40FFFF
(1591048258.943227) can0 318#004E00014E580000
(1591048258.943242) can0 210#0000000000000000
(1591048258.963300) can0 255#3FFF3FFF1F40FFFF
(1591048258.963302) can0 315#21000000008F00
(1591048258.963303) can0 210#0000000000000000
(1591048258.983739) can0 255#3FFF3FFF1F40FFFF
(1591048258.983740) can0 315#65000000008F00
(1591048258.983741) can0 210#0000008080000000
(1591048259.004204) can0 255#3FFF3FFF1F40FFFF
(1591048259.004205) can0 315#69000000008F00
(1591048259.004205) can0 308#00048E40001FFF00
(1591048259.024412) can0 315#2D000000008F00
(1591048259.024413) can0 309#1FFFFFFF0FFF00
(1591048259.024414) can0 308#00049300011FFF00
(1591048259.044749) can0 318#004E00014E590000
(1591048259.044752) can0 309#1FFFFFFF0FFF00
(1591048259.044753) can0 309#1FFFFFFF0FFF00
(1591048259.065236) can0 312#2822081A0A1106FE
(1591048259.065238) can0 380#0001
(1591048259.065239) can0 312#482208330A1106FE
(1591048259.085888) can0 380#0001
(1591048259.085891) can0 415#200032000000CC
(1591048259.085892) can0 380#0001
(1591048259.106232) can0 325#000DE064000100
(1591048259.106234) can0 236#10870F3D200000B0
(1591048259.106235) can0 325#000DE064000100
(1591048259.126563) can0 236#10810F2B40000025
(1591048259.126565) can0 200#0003C063C068C066
(1591048259.126566) can0 408#00008C0002000000
(1591048259.147126) can0 325#000DE064000100
(1591048259.147128) can0 236#107B0F1260000031
(1591048259.147130) can0 325#000DE064000100
(1591048259.167971) can0 236#10760EFF80000026
(1591048259.167973) can0 200#0003C05EC068C062
(1591048259.167974) can0 325#000DE064000100
(1591048259.188945) can0 236#106F0EEAA00000B8
(1591048259.188947) can0 200#0003C05EC064C060
(1591048259.188948) can0 325#000DE064000100
(1591048259.209404) can0 236#10690EDBC0000093
(1591048259.209406) can0 200#0003C05FC063C060
(1591048259.209407) can0 325#000DE064000100
(1591048259.229674) can0 236#10630ED1E000009E
(1591048259.229675) can0 200#0003C05FC060C05E
(1591048259.229676) can0 408#00008C0002000000
(1591048259.249827) can0 325#000DE064000100
(1591048259.249828) can0 236#105D0ED00000002C
(1591048259.249829) can0 236#10570ED2200000BD
(1591048259.270394) can0 200#0003C05BC05EC05A
(1591048259.270396) can0 208#00206000C05CC056
(1591048259.270397) can0 200#0003C058C05BC059
(1591048259.290817) can0 208#00206000C05BC056
(1591048259.290818) can0 215#02BB00F500F701
(1591048259.290819) can0 208#00206000C05AC056
(1591048259.311473) can0 215#02B500F500F800
(1591048259.311475) can0 359#31000082
(1591048259.311477) can0 359#01000082
(1591048259.331885) can0 212#04E20822E7C03FFF
(1591048259.331887) can0 308#00045400001FFF00
(1591048259.331889) can0 359#01000082
(1591048259.352083) can0 212#04E2082227C03FFF
(1591048259.352085) can0 308#00045300011FFF00
(1591048259.352086) can0 359#31000082
(1591048259.372758) can0 212#04E2082227C03FFF
(1591048259.372760) can0 308#00045340001FFF00
(1591048259.372762) can0 359#31000082
(1591048259.393176) can0 101#04
(1591048259.393178) can0 212#04E20822E7C03FFF
(1591048259.393180) can0 359#01000082
(1591048259.413676) can0 212#04E2082DE7C03FFF
(1591048259.413679) can0 308#00044E40001FFF00
(1591048259.413680) can0 359#01000082
(1591048259.433695) can0 212#04E2082D27C03FFF
(1591048259.433698) can0 308#00044700011FFF00
(1591048259.433699) can0 312#282D082B09ED06FE
(1591048259.454088) can0 412#3F1A54328E00
(1591048259.454090) can0 356#3FFF3FFF0BB800
(1591048259.454092) can0 4A0#29D833194410004C
(1591048259.474642) can0 7BC#0200076565000002
(1591048259.474644) can0 248#0008000000004000
(1591048259.474645) can0 248#0008000000004000
(1591048259.495086) can0 236#10290F5A90000079
(1591048259.495088) can0 300#001B1FFF9FFF806F
(1591048259.495090) can0 248#0008000000004000
(1591048259.515733) can0 236#10270F67B00000EA
(1591048259.515736) can0 300#009B1FFF1FFF805F
(1591048259.515738) can0 248#0008000000004000
(1591048259.536057) can0 236#10250F76D000008E
(1591048259.536059) can0 300#009B1FFF1FFF805F
(1591048259.536060) can0 248#0008000000004000
(1591048259.556140) can0 236#10220F81F000004B
(1591048259.556142) can0 300#001B1FFF9FFF804F
(1591048259.556144) can0 248#0008000000004000
(1591048259.576639) can0 236#10200F8B100000EC
(1591048259.576641) can0 300#001B1FFF9FFF803F
(1591048259.576643) can0 248#0008000000004000
(1591048259.597138) can0 236#101F0F97300000D2
(1591048259.597139) can0 300#009B1FFF1FFF802F
(1591048259.597141) can0 248#0008000000004000
(1591048259.617525) can0 236#101D0F9E5000000F
(1591048259.617526) can0 300#009B1FFF1FFF802F
(1591048259.617527) can0 248#0008000000004000
(1591048259.638000) can0 236#101B0FA470000062
(1591048259.638001) can0 300#001B1FFF9FFF802F
(1591048259.638002) can0 236#101A0FAA90000041
(1591048259.658988) can0 300#001B1FFF9FFF801F
(1591048259.658989) can0 300#009B1FFF1FFF801F
(1591048259.680073) can0 328#00097E00D880FFFF
(1591048259.680075) can0 330#FCFCFCFFFFFF3F6F
(1591048259.680076) can0 328#00097D00D880FFFF
(1591048259.700842) can0 330#FCFCFCFFFFFF3F6F
(1591048259.700844) can0 210#0000000000000000
(1591048259.700845) can0 210#0000008080000000
(1591048259.721400) can0 255#3FFF3FFF1F40FFFF
(1591048259.721403) can0 308#00043600011FFF00
(1591048259.721404) can0 210#0000008080000000
(1591048259.741986) can0 255#3FFF3FFF1F40FFFF
(1591048259.741988) can0 308#00043540001FFF00
(1591048259.741989) can0 210#0000000000000000
(1591048259.762479) can0 255#3FFF3FFF1F40FFFF
(1591048259.762481) can0 308#00043500011FFF00
(1591048259.762483) can0 255#3FFF3FFF1F40FFFF
(1591048259.783471) can0 308#00043540001FFF00
(1591048259.783473) can0 309#1FFFFFFF0FFF00
(1591048259.783474) can0 309#1FFFFFFF0FFF00
(1591048259.803884) can0 312#4839082909E206FE
(1591048259.803886) can0 315#09000000008F00
(1591048259.803888) can0 312#2839083709E206FE
(1591048259.824505) can0 380#0001
(1591048259.824507) can0 315#4D000000008F00
(1591048259.824508) can0 318#004E00014E4E0000
(1591048259.845684) can0 6FE#FFEFE7E700000000
(1591048259.845686) can0 315#11000000008F00
(1591048259.845688) can0 325#000DE064000100
(1591048259.866206) can0 236#100C0FC1E000006C
(1591048259.866208) can0 200#0003C03EC03EC03D
(1591048259.866209) can0 325#000DE064000100
(1591048259.886647) can0 236#100A0FBC000000C1
(1591048259.886649) can0 200#0003C03DC03DC03C
(1591048259.886650) can0 325#000DE064000100
(1591048259.907173) can0 236#10090FB620000080
(1591048259.907175) can0 200#0003C03CC03CC03B
(1591048259.907177) can0 325#000DE064000100
(1591048259.928772) can0 236#10070FB440000074
(1591048259.928773) can0 200#0003C03BC03BC03B
(1591048259.928774) can0 408#00008C0002000000
(1591048259.948106) can0 325#000DE064000100
(1591048259.948108) can0 236#10060FB460000002
(1591048259.948120) can0 325#000DE064000100
(1591048259.968444) can0 236#10050FBA800000AD
(1591048259.968446) can0 200#0003C03AC03AC039
(1591048259.968447) can0 325#000DE064000100
(1591048259.988957) can0 236#10040FC1A0000006
(1591048259.988958) can0 200#0003C039C03AC039
(1591048259.988959) can0 325#000DE064000100
(1591048260.009358) can0 236#10030FC9C0000005
(1591048260.009359) can0 200#0003C038C039C038
(1591048260.009360) can0 325#000DE064000100
(1591048260.029881) can0 236#10020FCAE00000C9
(1591048260.029882) can0 200#0003C038C039C038
(1591048260.029883) can0 408#00008C0002000000
(1591048260.050842) can0 325#000DE064000100
(1591048260.050843) can0 236#10010FCC000000FA
(1591048260.050844) can0 236#0FFF0FC6200000DB
(1591048260.071530) can0 200#0003C037C037C037
(1591048260.071533) can0 208#00206015C038C036
(1591048260.071534) can0 200#0003C037C036C036
(1591048260.091890) can0 208#00206017C038C036
(1591048260.091891) can0 215#01AB010C011000
(1591048260.091892) can0 215#01A4010D011000
(1591048260.112272) can0 359#31000082
(1591048260.112274) can0 212#04E20839E7C03FFF
(1591048260.112275) can0 359#01000082
(1591048260.133106) can0 212#04E20839E7C03FFF
(1591048260.133108) can0 308#00043B00001FFF00
(1591048260.133109) can0 212#04E2083927C03FFF
(1591048260.153324) can0 308#00043F00011FFF00
(1591048260.153326) can0 309#1FFFFFFF0FFF00
(1591048260.153327) can0 356#3FFF3FFF0BB800
(1591048260.174238) can0 4A0#29D833194810004C
(1591048260.174240) can0 7BC#2547000000000000
(1591048260.174241) can0 356#3FFF3FFF0BB800
(1591048260.194880) can0 7BC#2600000000000000
(1591048260.194883) can0 412#401A51328E00
(1591048260.194884) can0 248#0008000000004000
(1591048260.215277) can0 236#0FF80FE3100000A5
(1591048260.215280) can0 300#001B1FFF9FFF7FCF
(1591048260.215281) can0 248#0008000000004000
(1591048260.235798) can0 236#0FF80FF03000000A
(1591048260.235800) can0 300#009B1FFF1FFF7FEF
(1591048260.235802) can0 248#0008000000004000
(1591048260.256328) can0 236#0FF80FF8500000C6
(1591048260.256330) can0 300#009B1FFF1FFF800F
(1591048260.256332) can0 248#0008000000004000
(1591048260.276940) can0 236#0FF80FFD70000025
(1591048260.276944) can0 300#001B1FFF9FFF801F
(1591048260.276945) can0 248#0008000000004000
(1591048260.297371) can0 236#0FF80FFF90000092
(1591048260.297373) can0 300#001B1FFF9FFF802F
(1591048260.297375) can0 248#0008000000004000
(1591048260.317877) can0 236#0FF80FFFB00000A2
(1591048260.317879) can0 300#009B1FFF1FFF801F
(1591048260.317881) can0 248#0008000000004000
(1591048260.338368) can0 236#0FF80FFFD00000F2
(1591048260.338370) can0 300#009B1FFF1FFF7FFF
(1591048260.338371) can0 248#0008000000004000
(1591048260.358677) can0 236#0FF80FFFF00000C2
(1591048260.358678) can0 300#001B1FFF9FFF7FEF
(1591048260.358680) can0 248#0008000000004000
(1591048260.378665) can0 236#0FF80FFF10000052
(1591048260.378667) can0 300#001B1FFF9FFF7FCF
(1591048260.378668) can0 236#0FF80FFF30000062
(1591048260.399174) can0 300#009B1FFF1FFF7FCF
(1591048260.399177) can0 328#00057D00D880FFFF
(1591048260.399178) can0 300#009B1FFF1FFF7FBF
(1591048260.419633) can0 328#00057D00D880FFFF
(1591048260.419635) can0 330#FCFCFCFFFFFF3F72
(1591048260.419636) can0 300#001B1FFF9FFF7FBF
(1591048260.439633) can0 328#00057D00D880FFFF
(1591048260.439635) can0 330#FCFCFCFFFFFF3F72
(1591048260.439637) can0 300#001B1FFF9FFF7FCF
(1591048260.460100) can0 328#00057E00D880FFFF
(1591048260.460102) can0 330#FCFCFCFFFFFF3F73
(1591048260.460104) can0 328#00057E00D880FFFF
(1591048260.480649) can0 330#FCFCFCFFFFFF3F74
(1591048260.480652) can0 210#0000000000000000
(1591048260.480653) can0 210#0000000000000000
(1591048260.501107) can0 255#3FFF3FFF1F40FFFF
(1591048260.501109) can0 308#00046700001FFF00
(1591048260.501110) can0 308#00046740011FFF00
(1591048260.521475) can0 309#1FFFFFFF0FFF00
(1591048260.521476) can0 312#4839082F09F906FE
(1591048260.521477) can0 309#1FFFFFFF0FFF00
(1591048260.542672) can0 312#2839082F09F906FE
(1591048260.542674) can0 380#0001
(1591048260.542675) can0 312#483908200A0506FE
(1591048260.563298) can0 380#0001
(1591048260.563300) can0 608#5248004700014300
(1591048260.563302) can0 6FD#0193004012266900
(1591048260.583791) can0 315#65000000008F00
(1591048260.583793) can0 325#000DE064000100
(1591048260.583794) can0 325#000DE064000100
(1591048260.603993) can0 236#0FF81000800000BE
(1591048260.603995) can0 200#0003C028C028C027
(1591048260.603996) can0 325#000DE064000100
(1591048260.624732) can0 236#0FF81000A000008E
(1591048260.624734) can0 200#0003C028C028C027
(1591048260.624736) can0 408#00008C0002000000
(1591048260.645133) can0 325#000DE064000100
(1591048260.645135) can0 236#0FF81000C00000DE
(1591048260.645137) can0 325#000DE064000100
(1591048260.665306) can0 236#0FF81000E00000EE
(1591048260.665308) can0 200#0003C027C027C027
(1591048260.665310) can0 325#000DE064000100
(1591048260.685665) can0 236#0FF810000000007E
(1591048260.685668) can0 200#0003C027C027C027
(1591048260.685669) can0 325#000DE064000100
(1591048260.706109) can0 236#0FF80FFF2000007A
(1591048260.706111) can0 200#0003C027C027C027
(1591048260.706112) can0 325#000DE064000100
(1591048260.726657) can0 236#0FF810004000001E
(1591048260.726660) can0 200#0003C026C027C026
(1591048260.726662) can0 408#00008C0002000000
(1591048260.747169) can0 325#000DE064000100
(1591048260.747172) can0 236#0FF810006000002E
(1591048260.747173) can0 325#000DE064000100
(1591048260.767679) can0 236#0FF81000800000BE
(1591048260.767681) can0 200#0003C025C025C025
(1591048260.767683) can0 325#000DE064000100
(1591048260.787947) can0 236#0FF81000A000008E
(1591048260.787949) can0 200#0003C024C025C025
(1591048260.787950) can0 325#000DE064000100
(1591048260.808080) can0 236#0FF81001C0000043
(1591048260.808082) can0 200#0003C024C025C024
(1591048260.808083) can0 236#0FF81001E0000073
(1591048260.828751) can0 200#0003C023C025C024
(1591048260.828753) can0 208#00206020C024C024
(1591048260.828755) can0 325#000DE064000100
(1591048260.848797) can0 236#0FF81001000000E3
(1591048260.848800) can0 200#0003C023C023C023
(1591048260.848801) can0 236#0FF81001200000D3
(1591048260.869744) can0 200#0003C022C023C022
(1591048260.869746) can0 208#00206024C022C023
(1591048260.869747) can0 200#0003C022C021C021
(1591048260.890036) can0 208#00206025C022C021
(1591048260.890038) can0 215#010A011B011E01
(1591048260.890039) can0 215#0102011B011E00
(1591048260.910273) can0 212#04E20839E7C03FFF
(1591048260.910275) can0 359#31000082
(1591048260.910277) can0 308#00047600001FFF00
(1591048260.930632) can0 359#01000082
(1591048260.930634) can0 309#1FFFFFFF0FFF00
(1591048260.930636) can0 312#4839084C09F906FE
(1591048260.951166) can0 356#3FFF3FFF0BB800
(1591048260.951182) can0 6FA#0156393855303438
(1591048260.951184) can0 312#2839083709F906FE
(1591048260.971572) can0 356#3FFF3FFF0BB800
(1591048260.971574) can0 4A0#29D833194410004C
(1591048260.971575) can0 312#4839083509F906FE
(1591048260.992040) can0 356#3FFF3FFF0BB800
(1591048260.992042) can0 7BC#0D00000000000000
(1591048260.992043) can0 412#421A4E328E00
(1591048261.032700) can0 248#0008000000004000
(1591048261.032702) can0 236#0FF80FFF10000052
(1591048261.032703) can0 412#421A51328E00
(1591048261.053724) can0 248#0008000000004000
(1591048261.053725) can0 412#421A51328E00
(1591048261.074139) can0 248#0008000000004000
(1591048261.074141) can0 236#0FF80FFB5000007C
(1591048261.074142) can0 248#0008000000004000
(1591048261.094683) can0 236#0FF80FF97000006B
(1591048261.094685) can0 300#001B1FFF9FFF7FFF
(1591048261.094686) can0 248#0008000000004000
(1591048261.115146) can0 236#0FF70FF5900000EC
(1591048261.115148) can0 300#001B1FFF9FFF7FEF
(1591048261.115150) can0 248#0008000000004000
(1591048261.135639) can0 236#0FF70FF4B0000041
(1591048261.135641) can0 300#009B1FFF1FFF7FEF
(1591048261.135642) can0 248#0008000000004000
(1591048261.156101) can0 236#0FF70FF3D00000E5
(1591048261.156104) can0 300#009B1FFF1FFF7FEF
(1591048261.156105) can0 248#0008000000004000
(1591048261.176034) can0 236#0FF70FF6F0000006
(1591048261.176036) can0 300#001B1FFF9FFF7FEF
(1591048261.176037) can0 248#0008000000004000
(1591048261.196983) can0 236#0FF70FF9100000FE
(1591048261.196985) can0 300#001B1FFF9FFF7FDF
(1591048261.196987) can0 248#0008000000004000
(1591048261.217482) can0 236#0FF70FFC3000001D
(1591048261.217484) can0 300#009B1FFF1FFF7FEF
(1591048261.217486) can0 236#0FF70FFE5000006A
(1591048261.258491) can0 210#0000000000000000
(1591048261.258493) can0 300#009B1FFF1FFF7FEF
(1591048261.258495) can0 210#0000008080000000
(1591048261.278878) can0 300#001B1FFF9FFF7FEF
(1591048261.278879) can0 255#3FFF3FFF1F40FFFF
(1591048261.278880) can0 308#00047240001FFF00
(1591048261.299391) can0 330#FCFCFCFFFFFF3F67
(1591048261.299393) can0 309#1FFFFFFF0FFF00
(1591048261.299393) can0 312#482D082D09F906FE
(1591048261.319872) can0 380#0001
(1591048261.319873) can0 415#200032000000CC
(1591048261.319874) can0 315#35000000008F00
(1591048261.340549) can0 325#000DE064000100
(1591048261.340551) can0 236#0FF71000E000002B
(1591048261.340552) can0 315#39000000008F00
(1591048261.381750) can0 325#000DE064000100
(1591048261.381751) can0 236#0FF71000000000BB
(1591048261.381753) can0 318#004E00014E5B0000
(1591048261.402313) can0 315#7D000000008F00
(1591048261.402315) can0 408#00008C0002000000
(1591048261.402316) can0 315#41000000008F00
(1591048261.422400) can0 325#000DE064000100
(1591048261.422401) can0 236#0FF71000400000DB
(1591048261.422402) can0 315#05000000008F00
(1591048261.442912) can0 325#000DE064000100
(1591048261.442913) can0 236#0FF70FFF600000DF
(1591048261.442914) can0 325#000DE064000100
(1591048261.463540) can0 236#0FF60FFC800000B3
(1591048261.463542) can0 359#01000082
(1591048261.463543) can0 325#000DE064000100
(1591048261.483935) can0 236#0FF60FF9A0000050
(1591048261.483937) can0 212#04E2082D27C03FFF
(1591048261.483938) can0 408#00008C0002000000
(1591048261.504419) can0 325#000DE064000100
(1591048261.504421) can0 236#0FF50FF3C0000071
(1591048261.504422) can0 325#000DE064000100
(1591048261.524903) can0 236#0FF50FEEE000002B
(1591048261.524905) can0 212#04E2082DE7C03FFF
(1591048261.524905) can0 325#000DE064000100
(1591048261.545021) can0 236#0FF40FE800000094
(1591048261.545023) can0 101#04
(1591048261.545023) can0 325#000DE064000100
(1591048261.585853) can0 236#0FF40FE8200000A4
(1591048261.585855) can0 212#04E2082D27C03FFF
(1591048261.585857) can0 325#000DE064000100
(1591048261.606430) can0 236#0FF40FEC400000BA
(1591048261.606432) can0 212#04E2082D27C03FFF
(1591048261.606434) can0 408#00008C0002000000
(1591048261.626810) can0 325#000DE064000100
(1591048261.626812) can0 212#04E2082DE7C03FFF
(1591048261.626813) can0 325#000DE064000100
(1591048261.667995) can0 236#0FF40FF880000071
(1591048261.667997) can0 212#04E2082DE7C03FFF
(1591048261.667998) can0 236#0FF41001A000001C
(1591048261.688573) can0 200#0003C000C000C000
(1591048261.688575) can0 208#00206032C000C000
(1591048261.688577) can0 208#00206032C000C000
(1591048261.730001) can0 215#0000011E012100
(1591048261.730003) can0 308#00047E40001FFF00
(1591048261.730005) can0 308#00047E00011FFF00
(1591048261.750694) can0 309#1FFFFFFF0FFF00
(1591048261.750696) can0 312#482D08270A0506FE
(1591048261.750698) can0 312#282D083A0A0506FE
(1591048261.771218) can0 356#3FFF3FFF0BB800
(1591048261.771220) can0 6FA#0239333000000000
(1591048261.771222) can0 4A0#29D833194610004C
(1591048261.791939) can0 7BC#2F00000000000000
(1591048261.791941) can0 412#431A51328E00
(1591048261.791942) can0 412#431A51328E00
(1591048261.812582) can0 248#0008000000004000
(1591048261.812583) can0 210#0000000000000000
(1591048261.812585) can0 412#431A51328E00
(1591048261.833127) can0 248#0008000000004000
(1591048261.833129) can0 210#0000008080000000
(1591048261.833130) can0 412#431A51328E00
(1591048261.853548) can0 248#0008000000004000
(1591048261.853550) can0 210#0000008080000000
(1591048261.853551) can0 412#431A51328E00
(1591048261.873905) can0 248#0008000000004000
(1591048261.873908) can0 210#0000000000000000
(1591048261.873909) can0 6FB#1107040023224000
(1591048261.894598) can0 412#431A51328E00
(1591048261.894600) can0 248#0008000000004000
(1591048261.894602) can0 412#431A51328E00
(1591048261.914981) can0 210#0000008080000000
(1591048261.914984) can0 248#0008000000004000
(1591048261.914985) can0 210#0000008080000000
(1591048261.935422) can0 248#0008000000004000
(1591048261.935424) can0 236#0FF4100610000000
(1591048261.935425) can0 210#0000000000000000
(1591048261.976379) can0 248#0008000000004000
(1591048261.976380) can0 236#0FF4100630000030
(1591048261.976381) can0 210#0000000000000000
(1591048261.996605) can0 248#0008000000004000
(1591048261.996606) can0 236#0FF4100650000060
(1591048261.996607) can0 210#0000008080000000
(1591048262.017673) can0 248#0008000000004000
(1591048262.017675) can0 236#0FF4100370000083
(1591048262.017676) can0 210#0000008080000000
(1591048262.038038) can0 248#0008000000004000
(1591048262.038039) can0 255#3FFF3FFF1F40FFFF
(1591048262.038040) can0 210#0000000000000000
(1591048262.058853) can0 248#0008000000004000
(1591048262.058854) can0 255#3FFF3FFF1F40FFFF
(1591048262.058855) can0 210#0000000000000000
(1591048262.079421) can0 248#0008000000004000
(1591048262.079423) can0 236#0FF41000D00000C9
(1591048262.079424) can0 210#0000008080000000
(1591048262.100332) can0 248#0008000000004000
(1591048262.100334) can0 255#3FFF3FFF1F40FFFF
(1591048262.100336) can0 210#0000008080000000
(1591048262.120483) can0 255#3FFF3FFF1F40FFFF
(1591048262.120484) can0 248#0008000000004000
(1591048262.120485) can0 248#0008000000004000
(1591048262.141050) can0 236#0FF41001300000C4
(1591048262.141052) can0 308#00047040011FFF00
(1591048262.141053) can0 236#0FF4100150000094
(1591048262.161974) can0 308#00047000001FFF00
(1591048262.161976) can0 300#009B1FFF1FFF7FEF
(1591048262.161977) can0 328#00007D00D880FFFF
(1591048262.202895) can0 309#1FFFFFFF0FFF00
(1591048262.202897) can0 330#FCFCFCFFFFFF3F78
