(1615322186.093782) can0 0B2#000000001102
(1615322186.093783) can0 224#0000000000000008
(1615322186.093783) can0 020#000007
(1615322186.114342) can0 0B4#00000000000000BC
(1615322186.114383) can0 025#0FFD980078787839
(1615322186.114384) can0 020#000007
(1615322186.135009) can0 0B4#00000000000000BC
(1615322186.135010) can0 025#0FFD980082828257
(1615322186.135011) can0 0B0#000000001107
(1615322186.155447) can0 0B2#000000001107
(1615322186.155449) can0 020#000007
(1615322186.175984) can0 0B4#00000000000000BC
(1615322186.175985) can0 025#0FFD980078787839
(1615322186.175986) can0 3A0#000000000000003E
(1615322186.196479) can0 020#000007
(1615322186.196481) can0 0B4#00000000000000BC
(1615322186.196482) can0 0B0#00000000110C
(1615322186.216979) can0 0B2#00000000110C
(1615322186.216980) can0 224#0000000000000008
(1615322186.216982) can0 0B0#00000000110E
(1615322186.237631) can0 0B2#00000000110E
(1615322186.237633) can0 224#0000000000000008
(1615322186.237634) can0 020#000007
(1615322186.258085) can0 0B4#00000000000000BC
(1615322186.258086) can0 024#0200020861FF8018
(1615322186.258088) can0 0B2#000000001101
(1615322186.278498) can0 223#0028000000000055
(1615322186.278499) can0 260#0E00000000000078
(1615322186.278500) can0 3A0#000000000000003E
(1615322186.299097) can0 0B0#000000001103
(1615322186.299099) can0 0B2#000000001103
(1615322186.299100) can0 020#000007
(1615322186.319475) can0 0B4#00000000000000BC
(1615322186.319477) can0 025#0FFD980078787839
(1615322186.319478) can0 260#0E00000000000078
(1615322186.340132) can0 020#000007
(1615322186.340133) can0 0B4#00000000000000BC
(1615322186.340134) can0 0B0#000000001108
(1615322186.360672) can0 0B2#000000001108
(1615322186.360673) can0 224#0000000000000008
(1615322186.360674) can0 025#0FFD980078787839
(1615322186.381290) can0 024#0200020661FF8016
(1615322186.381292) can0 260#0E00000000000078
(1615322186.381293) can0 020#000007
(1615322186.401704) can0 0B4#00000000000000BC
(1615322186.401706) can0 025#0FFD980078787839
(1615322186.401707) can0 0B0#00000000110D
(1615322186.422254) can0 0B2#00000000110D
(1615322186.422262) can0 223#0028000000000055
(1615322186.422263) can0 4C6#0700011000000000
(1615322186.442863) can0 260#0E00000000000078
(1615322186.442865) can0 630#1700000000000000
(1615322186.442866) can0 020#000007
(1615322186.463132) can0 0B4#00000000000000BC
(1615322186.463134) can0 025#0FFD980078787839
(1615322186.463135) can0 260#0E00000000000078
(1615322186.483651) can0 020#000007
(1615322186.483653) can0 0B4#00000000000000BC
(1615322186.483654) can0 260#0E00000000000078
(1615322186.504203) can0 0B0#000000001104
(1615322186.504205) can0 0B2#000000001104
(1615322186.504206) can0 0B4#00000000000000BC
(1615322186.524715) can0 025#0FFD980078787839
(1615322186.524717) can0 024#0200020A62058021
(1615322186.524718) can0 260#0E00000000000078
(1615322186.545705) can0 020#000007
(1615322186.545707) can0 0B4#00000000000000BC
(1615322186.545708) can0 260#0E00000000000078
(1615322186.565853) can0 0B0#000000001109
(1615322186.565855) can0 0B2#000000001109
(1615322186.565856) can0 260#0E00000000000078
(1615322186.586181) can0 2C4#03D20028000021EB
(1615322186.586183) can0 0B0#00000000110B
(1615322186.586184) can0 260#0E00000000000078
(1615322186.606664) can0 020#000007
(1615322186.606666) can0 0B4#00000000000000BC
(1615322186.606667) can0 0B0#00000000110E
(1615322186.627273) can0 0B2#00000000110E
(1615322186.627274) can0 224#0000000000000008
(1615322186.627275) can0 260#0E00000000000078
(1615322186.647846) can0 442#4002000000000000
(1615322186.647847) can0 0B0#000000001100
(1615322186.647848) can0 260#0E00000000000078
(1615322186.668262) can0 020#000007
(1615322186.668264) can0 0B4#00000000000000BC
(1615322186.668265) can0 621#1100000000000000
(1615322186.688847) can0 2C4#03BA0028000021D3
(1615322186.688849) can0 262#A000000009
(1615322186.688850) can0 260#0E00000000000078
(1615322186.711596) can0 0B0#000000001105
(1615322186.711598) can0 0B2#000000001105
(1615322186.711599) can0 020#000007
(1615322186.729800) can0 0B4#00000000000000BC
(1615322186.729802) can0 024#0200020A62058021
(1615322186.729803) can0 2C4#03C50028000021DE
(1615322186.750352) can0 020#000007
(1615322186.750353) can0 0B4#00000000000000BC
(1615322186.750354) can0 0B0#00000000110A
(1615322186.770846) can0 0B2#00000000110A
(1615322186.770847) can0 224#0000000000000008
(1615322186.770849) can0 2C4#03C90028000021E2
(1615322186.791316) can0 262#A000000009
(1615322186.791318) can0 620#1000000030600050
(1615322186.791319) can0 2C4#03C90028000021E2
(1615322186.811868) can0 020#000007
(1615322186.811870) can0 0B4#00000000000000BC
(1615322186.811871) can0 0B0#00000000110F
(1615322186.832209) can0 0B2#00000000110F
(1615322186.832222) can0 223#0028000000000055
(1615322186.832223) can0 2C4#03CC0028000021E5
(1615322186.852701) can0 3B4#0000D2F000000000
(1615322186.852703) can0 262#A000000009
(1615322186.852704) can0 2C4#03CC0028000021E5
(1615322186.873301) can0 020#000007
(1615322186.873303) can0 0B4#00000000000000BC
(1615322186.873304) can0 2C4#03D80028000021F1
(1615322186.893739) can0 262#A000000009
(1615322186.893741) can0 020#000007
(1615322186.893743) can0 2C4#03D80028000021F1
(1615322186.914256) can0 262#A000000009
(1615322186.914258) can0 0B0#000000001106
(1615322186.914260) can0 020#000007
(1615322186.934853) can0 0B4#00000000000000BC
(1615322186.934854) can0 025#0FFD980078787839
(1615322186.934856) can0 2C4#03E20028000021FB
(1615322186.955185) can0 262#A000000009
(1615322186.955186) can0 3B4#0000D2F000000000
(1615322186.955186) can0 38A#0804000000
(1615322186.975833) can0 020#000007
(1615322186.975834) can0 0B4#00000000000000BC
(1615322186.975834) can0 2C4#03CF0028000021E8
(1615322186.996284) can0 0B0#00000000110B
(1615322186.996285) can0 0B2#00000000110B
(1615322186.996285) can0 0B4#00000000000000BC
(1615322187.016823) can0 025#0FFD980078787839
(1615322187.016824) can0 0BA#060607D1
(1615322187.016824) can0 2C4#03BC0028000021D5
(1615322187.037218) can0 262#A000000009
(1615322187.037220) can0 020#000007
(1615322187.037220) can0 2C4#03BC0028000021D5
(1615322187.057726) can0 0B0#000000001100
(1615322187.057727) can0 0B2#000000001100
(1615322187.057727) can0 2C4#03C60028000021DF
(1615322187.078407) can0 3B4#0000D2F000000000
(1615322187.078408) can0 262#A000000009
(1615322187.078409) can0 262#A000000009
(1615322187.098831) can0 020#000007
(1615322187.098832) can0 0B4#00000000000000BC
(1615322187.098833) can0 0B2#000000001105
(1615322187.119285) can0 223#0028000000000055
(1615322187.119286) can0 262#A000000009
(1615322187.119286) can0 262#A000000009
(1615322187.140253) can0 0B0#000000001107
(1615322187.140256) can0 0B2#000000001107
(1615322187.140258) can0 262#A000000009
(1615322187.160229) can0 020#000007
(1615322187.160232) can0 0B4#00000000000000BC
(1615322187.160234) can0 262#A000000009
(1615322187.181158) can0 020#000007
(1615322187.181160) can0 0B4#00000000000000BC
(1615322187.181162) can0 0B0#00000000110C
(1615322187.201250) can0 0B2#00000000110C
(1615322187.201253) can0 224#0000000000000008
(1615322187.201254) can0 025#0FFD980078787839
(1615322187.221675) can0 262#A000000009
(1615322187.221678) can0 3A0#000000000000003E
(1615322187.221679) can0 020#000007
(1615322187.242256) can0 0B4#00000000000000BC
(1615322187.242258) can0 025#0FFD980078787839
(1615322187.242259) can0 0B0#000000001101
(1615322187.262786) can0 0B2#000000001101
(1615322187.262788) can0 223#0028000000000055
(1615322187.262789) can0 0B0#000000001103
(1615322187.283415) can0 0B2#000000001103
(1615322187.283417) can0 223#0028000000000055
(1615322187.283419) can0 020#000007
(1615322187.303904) can0 0B4#00000000000000BC
(1615322187.303907) can0 025#0FFD980078787839
(1615322187.303908) can0 020#000007
(1615322187.324176) can0 0B4#00000000000000BC
(1615322187.324177) can0 025#0FFD98006E6E6E1B
(1615322187.324189) can0 0B0#000000001108
(1615322187.344260) can0 0B2#000000001108
(1615322187.344262) can0 224#0000000000000008
(1615322187.344263) can0 020#000007
(1615322187.364892) can0 0B4#00000000000000BC
(1615322187.364893) can0 024#0200020961FC8016
(1615322187.364894) can0 020#000007
(1615322187.385313) can0 0B4#00000000000000BC
(1615322187.385315) can0 025#0FFD980078787839
(1615322187.385315) can0 0B0#00000000110D
(1615322187.405877) can0 0B2#00000000110D
(1615322187.405879) can0 223#0028000000000055
(1615322187.405880) can0 0B0#00000000110F
(1615322187.426874) can0 0B2#00000000110F
(1615322187.426876) can0 223#0028000000000055
(1615322187.426877) can0 020#000007
(1615322187.447432) can0 0B4#00000000000000BC
(1615322187.447434) can0 025#0FFD980078787839
(1615322187.447435) can0 0B0#000000001102
(1615322187.467981) can0 0B2#000000001102
(1615322187.467983) can0 224#0000000000000008
(1615322187.467985) can0 0B0#000000001104
(1615322187.488547) can0 0B2#000000001104
(1615322187.488549) can0 224#0000000000000008
(1615322187.488552) can0 020#000007
(1615322187.508973) can0 0B4#00000000000000BC
(1615322187.508975) can0 025#0FFD980078787839
(1615322187.508977) can0 020#000007
(1615322187.529469) can0 0B4#00000000000000BC
(1615322187.529472) can0 440#4202000000000000
(1615322187.550093) can0 0B0#000000001109
(1615322187.550095) can0 0B2#000000001109
(1615322187.550096) can0 025#0FFD980078787839
(1615322187.570455) can0 024#0200020661FF8016
(1615322187.570457) can0 0BA#060407CF
(1615322187.570458) can0 020#000007
(1615322187.590924) can0 0B4#00000000000000BC
(1615322187.590925) can0 025#0FFD980078787839
(1615322187.590927) can0 0B0#00000000110E
(1615322187.611593) can0 0B2#00000000110E
(1615322187.611595) can0 224#0000000000000008
(1615322187.611595) can0 4C8#0900010600000000
(1615322187.631919) can0 0B0#000000001100
(1615322187.631920) can0 0B2#000000001100
(1615322187.631921) can0 020#000007
(1615322187.652623) can0 0B4#00000000000000BC
(1615322187.652625) can0 024#020002086203801D
(1615322187.652626) can0 223#0028000000000055
(1615322187.673095) can0 020#000007
(1615322187.673097) can0 0B4#00000000000000BC
(1615322187.673099) can0 0B0#000000001105
(1615322187.693742) can0 0B2#000000001105
(1615322187.693744) can0 223#0028000000000055
(1615322187.693745) can0 020#000007
(1615322187.717904) can0 0B4#00000000000000BC
(1615322187.717906) can0 025#0FFD980078787839
(1615322187.717908) can0 020#000007
(1615322187.734743) can0 0B4#00000000000000BC
(1615322187.734745) can0 025#0FFD980078787839
(1615322187.734746) can0 0B0#00000000110A
(1615322187.755086) can0 0B2#00000000110A
(1615322187.755087) can0 224#0000000000000008
(1615322187.755088) can0 024#020002076202801B
(1615322187.775425) can0 0B0#00000000110C
(1615322187.775426) can0 0B2#00000000110C
(1615322187.775427) can0 020#000007
(1615322187.796069) can0 0B4#00000000000000BC
(1615322187.796070) can0 024#0200020861FC8015
(1615322187.796071) can0 0B0#00000000110F
(1615322187.816802) can0 0B2#00000000110F
(1615322187.816804) can0 223#0028000000000055
(1615322187.816806) can0 4C7#0800012000000000
(1615322187.837401) can0 0B0#000000001101
(1615322187.837427) can0 0B2#000000001101
(1615322187.837428) can0 020#000007
(1615322187.857793) can0 0B4#00000000000000BC
(1615322187.857795) can0 025#0FFD980078787839
(1615322187.857796) can0 020#000007
(1615322187.878176) can0 0B4#00000000000000BC
(1615322187.878178) can0 025#0FFD980078787839
(1615322187.878179) can0 0B0#000000001106
(1615322187.898693) can0 0B2#000000001106
(1615322187.898695) can0 224#0000000000000008
(1615322187.898696) can0 020#000007
(1615322187.919244) can0 0B4#00000000000000BC
(1615322187.919246) can0 025#0FFD980078787839
(1615322187.919248) can0 020#000007
(1615322187.939695) can0 0B4#00000000000000BC
(1615322187.939697) can0 024#0200020C61FF801C
(1615322187.939698) can0 0B0#00000000110B
(1615322187.960176) can0 0B2#00000000110B
(1615322187.960178) can0 223#0028000000000055
(1615322187.960179) can0 024#0200020D62018020
(1615322187.980847) can0 3A1#0000000000000000
(1615322187.980849) can0 260#0E00000000000078
(1615322187.980850) can0 020#000007
(1615322188.001133) can0 0B4#00000000000000BC
(1615322188.001135) can0 025#0FFD980078787839
(1615322188.001136) can0 0B0#000000001100
(1615322188.021722) can0 0B2#000000001100
(1615322188.021724) can0 224#0000000000000008
(1615322188.021725) can0 260#0E00000000000078
(1615322188.042179) can0 0B0#000000001102
(1615322188.042180) can0 0B2#000000001102
(1615322188.042181) can0 020#000007
(1615322188.062697) can0 0B4#00000000000000BC
(1615322188.062771) can0 025#0FFD980078787839
(1615322188.062772) can0 260#0E00000000000078
(1615322188.083202) can0 020#000007
(1615322188.083203) can0 0B4#00000000000000BC
(1615322188.083203) can0 0B0#000000001107
(1615322188.103803) can0 0B2#000000001107
(1615322188.103804) can0 223#0028000000000055
(1615322188.103805) can0 0B4#00000000000000BC
(1615322188.124361) can0 025#0FFD980082828257
(1615322188.124362) can0 0BA#060C07D7
(1615322188.124363) can0 260#0E00000000000078
(1615322188.144870) can0 020#000007
(1615322188.144871) can0 0B4#00000000000000BC
(1615322188.144872) can0 0B0#00000000110C
(1615322188.165668) can0 0B2#00000000110C
(1615322188.165670) can0 224#0000000000000008
(1615322188.165671) can0 260#0E00000000000078
(1615322188.185932) can0 0B0#00000000110E
(1615322188.185935) can0 0B2#00000000110E
(1615322188.185936) can0 260#0E00000000000078
(1615322188.206527) can0 020#000007
(1615322188.206529) can0 0B4#00000000000000BC
(1615322188.206531) can0 223#0028000000000055
(1615322188.226986) can0 260#0E00000000000078
(1615322188.226988) can0 262#A000000009
(1615322188.226990) can0 260#0E00000000000078
(1615322188.247533) can0 0B0#000000001103
(1615322188.247536) can0 0B2#000000001103
(1615322188.247538) can0 260#0E00000000000078
(1615322188.268295) can0 020#000007
(1615322188.268297) can0 0B4#00000000000000BC
(1615322188.268300) can0 260#0E00000000000078
(1615322188.288674) can0 020#000007
(1615322188.288677) can0 0B4#00000000000000BC
(1615322188.288678) can0 440#4202000000000000
(1615322188.309351) can0 0B0#000000001108
(1615322188.309362) can0 0B2#000000001108
(1615322188.309363) can0 025#0FFD980078787839
(1615322188.328585) can0 024#020002096204801F
(1615322188.328588) can0 262#A000000009
(1615322188.328604) can0 020#000007
(1615322188.349017) can0 0B4#00000000000000BC
(1615322188.349019) can0 025#0FFD980078787839
(1615322188.349021) can0 0B0#00000000110D
(1615322188.369683) can0 0B2#00000000110D
(1615322188.369685) can0 223#0028000000000055
(1615322188.369687) can0 262#A000000009
(1615322188.390239) can0 2C4#03B80028000021D1
(1615322188.390241) can0 0B0#00000000110F
(1615322188.390242) can0 020#000007
(1615322188.410696) can0 0B4#00000000000000BC
(1615322188.410700) can0 025#0FFD980078787839
(1615322188.410701) can0 262#A000000009
(1615322188.431106) can0 2C4#03B90028000021D2
(1615322188.431108) can0 020#000007
(1615322188.431110) can0 2C4#03B90028000021D2
(1615322188.451642) can0 0B0#000000001104
(1615322188.451643) can0 0B2#000000001104
(1615322188.451645) can0 020#000007
(1615322188.472232) can0 0B4#00000000000000BC
(1615322188.472234) can0 024#0200020661FD8014
(1615322188.472236) can0 262#A000000009
(1615322188.492771) can0 2C4#03D00028000021E9
(1615322188.492773) can0 3B4#0000D2F000000000
(1615322188.492775) can0 0B0#000000001109
(1615322188.512965) can0 0B2#000000001109
(1615322188.512967) can0 223#0028000000000055
(1615322188.512968) can0 024#0200020C62038021
(1615322188.533793) can0 0BA#060507D0
(1615322188.533795) can0 611#210010200001CDD5
(1615322188.533796) can0 262#A000000009
(1615322188.554001) can0 2C4#03E00028000021F9
(1615322188.554005) can0 020#000007
(1615322188.554006) can0 0B0#00000000110E
(1615322188.574504) can0 0B2#00000000110E
(1615322188.574506) can0 224#0000000000000008
(1615322188.574506) can0 262#A000000009
(1615322188.595010) can0 2C4#03D00028000021E9
(1615322188.595011) can0 3B4#0000D2F000000000
(1615322188.595012) can0 262#A000000009
(1615322188.615530) can0 2C4#03B90028000021D2
(1615322188.615531) can0 020#000007
(1615322188.615531) can0 262#A000000009
(1615322188.635997) can0 2C4#03B90028000021D2
(1615322188.635998) can0 020#000007
(1615322188.635998) can0 262#A000000009
(1615322188.656575) can0 2C4#03C00028000021D9
(1615322188.656576) can0 0B0#000000001105
(1615322188.656641) can0 2C4#03C00028000021D9
(1615322188.677044) can0 020#000007
(1615322188.677045) can0 0B4#00000000000000BC
(1615322188.677046) can0 3B4#0000D2F000000000
(1615322188.697825) can0 020#000007
(1615322188.697827) can0 0B4#00000000000000BC
(1615322188.697828) can0 0B0#00000000110A
(1615322188.718156) can0 0B2#00000000110A
(1615322188.718157) can0 224#0000000000000008
(1615322188.718159) can0 024#0200020A62048020
(1615322188.738707) can0 0B0#00000000110C
(1615322188.738709) can0 0B2#00000000110C
(1615322188.738710) can0 020#000007
(1615322188.759266) can0 0B4#00000000000000BC
(1615322188.759268) can0 025#0FFD980078787839
(1615322188.759270) can0 0B0#00000000110F
(1615322188.779864) can0 0B2#00000000110F
(1615322188.779866) can0 223#0028000000000055
(1615322188.779867) can0 0B0#000000001101
(1615322188.800294) can0 0B2#000000001101
(1615322188.800296) can0 223#0028000000000055
(1615322188.800297) can0 020#000007
(1615322188.820814) can0 0B4#00000000000000BC
(1615322188.820816) can0 025#0FFD980078787839
(1615322188.820817) can0 622#1200000000000000
(1615322188.841593) can0 020#000007
(1615322188.841595) can0 0B4#00000000000000BC
(1615322188.841596) can0 0B0#000000001106
(1615322188.861994) can0 0B2#000000001106
(1615322188.861996) can0 224#0000000000000008
(1615322188.861997) can0 025#0FFD980078787839
(1615322188.882481) can0 024#020002086200801A
(1615322188.882483) can0 0B0#000000001108
(1615322188.882484) can0 020#000007
(1615322188.903091) can0 0B4#00000000000000BC
(1615322188.903093) can0 0B0#00000000110B
(1615322188.923529) can0 0B2#00000000110B
(1615322188.923531) can0 223#0028000000000055
(1615322188.923533) can0 0B0#00000000110D
(1615322188.944123) can0 0B2#00000000110D
(1615322188.944125) can0 223#0028000000000055
(1615322188.944126) can0 020#000007
(1615322188.964547) can0 0B4#00000000000000BC
(1615322188.964549) can0 025#0FFD980078787839
(1615322188.964550) can0 224#0000000000000008
(1615322188.985045) can0 3A1#0000000000000000
(1615322188.985047) can0 020#000007
(1615322188.985048) can0 0B0#000000001102
(1615322189.005543) can0 0B2#000000001102
(1615322189.005545) can0 224#0000000000000008
(1615322189.005547) can0 020#000007
(1615322189.026230) can0 0B4#00000000000000BC
(1615322189.026232) can0 025#0FFD980082828257
(1615322189.026233) can0 020#000007
(1615322189.046730) can0 0B4#00000000000000BC
(1615322189.046732) can0 025#0FFD980078787839
(1615322189.046733) can0 0B0#000000001107
(1615322189.066999) can0 0B2#000000001107
(1615322189.067000) can0 223#0028000000000055
(1615322189.067001) can0 0BA#060507D0
(1615322189.087562) can0 0B0#000000001109
(1615322189.087564) can0 0B2#000000001109
(1615322189.087564) can0 020#000007
(1615322189.108026) can0 0B4#00000000000000BC
(1615322189.108027) can0 025#0FFD980078787839
(1615322189.108028) can0 0B0#00000000110C
(1615322189.128559) can0 0B2#00000000110C
(1615322189.128560) can0 224#0000000000000008
(1615322189.128561) can0 0B0#00000000110E
(1615322189.149062) can0 0B2#00000000110E
(1615322189.149064) can0 224#0000000000000008
(1615322189.149065) can0 020#000007
(1615322189.169706) can0 0B4#00000000000000BC
(1615322189.169707) can0 025#0FFD980078787839
(1615322189.169708) can0 020#000007
(1615322189.190088) can0 0B4#00000000000000BC
(1615322189.190089) can0 025#0FFD980078787839
(1615322189.190090) can0 0B0#000000001103
(1615322189.210599) can0 0B2#000000001103
(1615322189.210601) can0 223#0028000000000055
(1615322189.210602) can0 0B4#00000000000000BC
(1615322189.231472) can0 024#0200020861FD8016
(1615322189.231473) can0 025#0FFD980078787839
(1615322189.231473) can0 020#000007
(1615322189.251159) can0 0B4#00000000000000BC
(1615322189.251160) can0 025#0FFD980078787839
(1615322189.251161) can0 0B0#000000001108
(1615322189.271638) can0 0B2#000000001108
(1615322189.271640) can0 224#0000000000000008
(1615322189.271640) can0 0B0#00000000110A
(1615322189.292162) can0 0B2#00000000110A
(1615322189.292164) can0 224#0000000000000008
(1615322189.292165) can0 020#000007
(1615322189.312807) can0 0B4#00000000000000BC
(1615322189.312808) can0 025#0FFD980078787839
(1615322189.312809) can0 0B2#00000000110D
(1615322189.333283) can0 223#0028000000000055
(1615322189.333284) can0 260#0E00000000000078
(1615322189.333294) can0 0B0#00000000110F
(1615322189.353424) can0 0B2#00000000110F
(1615322189.353425) can0 223#0028000000000055
(1615322189.353426) can0 020#000007
(1615322189.373739) can0 0B4#00000000000000BC
(1615322189.373741) can0 024#0200020C6200801E
(1615322189.373742) can0 020#000007
(1615322189.394258) can0 0B4#00000000000000BC
(1615322189.394259) can0 025#0FFD980078787839
(1615322189.394260) can0 0B0#000000001104
(1615322189.414837) can0 0B2#000000001104
(1615322189.414839) can0 224#0000000000000008
(1615322189.414840) can0 025#0FFD980078787839
(1615322189.435265) can0 024#0200020762008019
(1615322189.435267) can0 260#0E00000000000078
(1615322189.435267) can0 020#000007
(1615322189.455312) can0 0B4#00000000000000BC
(1615322189.455313) can0 024#0200020961FF8019
(1615322189.455314) can0 0B0#000000001109
(1615322189.475872) can0 0B2#000000001109
(1615322189.475873) can0 223#0028000000000055
(1615322189.475874) can0 260#0E00000000000078
(1615322189.496367) can0 0B0#00000000110B
(1615322189.496368) can0 0B2#00000000110B
(1615322189.496369) can0 020#000007
(1615322189.516877) can0 0B4#00000000000000BC
(1615322189.516878) can0 025#0FFD980078787839
(1615322189.516879) can0 260#0E00000000000078
(1615322189.537755) can0 442#4002000000000000
(1615322189.537756) can0 020#000007
(1615322189.537757) can0 260#0E00000000000078
(1615322189.558259) can0 0B0#000000001100
(1615322189.558260) can0 0B2#000000001100
(1615322189.558261) can0 020#000007
(1615322189.578795) can0 0B4#00000000000000BC
(1615322189.578796) can0 025#0FFD980078787839
(1615322189.578797) can0 260#0E00000000000078
(1615322189.599252) can0 020#000007
(1615322189.599253) can0 0B4#00000000000000BC
(1615322189.599254) can0 0B0#000000001105
(1615322189.619863) can0 0B2#000000001105
(1615322189.619865) can0 223#0028000000000055
(1615322189.619866) can0 024#020002076203801C
(1615322189.640469) can0 260#0E00000000000078
(1615322189.640471) can0 0B0#000000001107
(1615322189.640472) can0 260#0E00000000000078
(1615322189.660800) can0 020#000007
(1615322189.660801) can0 0B4#00000000000000BC
(1615322189.660802) can0 0B0#00000000110A
(1615322189.681467) can0 0B2#00000000110A
(1615322189.681468) can0 224#0000000000000008
(1615322189.681469) can0 260#0E00000000000078
(1615322189.701989) can0 0B0#00000000110C
(1615322189.701990) can0 0B2#00000000110C
(1615322189.701991) can0 260#0E00000000000078
(1615322189.722530) can0 020#000007
(1615322189.722533) can0 0B4#00000000000000BC
(1615322189.722534) can0 0B2#00000000110F
(1615322189.742990) can0 223#0028000000000055
(1615322189.742991) can0 260#0E00000000000078
(1615322189.742992) can0 260#0E00000000000078
(1615322189.763392) can0 0B0#000000001101
(1615322189.763394) can0 0B2#000000001101
(1615322189.763394) can0 260#0E00000000000078
(1615322189.783934) can0 020#000007
(1615322189.783936) can0 0B4#00000000000000BC
(1615322189.783937) can0 260#0E00000000000078
(1615322189.804414) can0 020#000007
(1615322189.804416) can0 0B4#00000000000000BC
(1615322189.804417) can0 260#0E00000000000078
(1615322189.824933) can0 3A0#000000000000003F
(1615322189.824935) can0 0B0#000000001106
(1615322189.824935) can0 025#0FFD980078787839
(1615322189.845428) can0 260#0E00000000000078
(1615322189.845429) can0 024#0200020B62058022
(1615322189.845430) can0 020#000007
(1615322189.866037) can0 0B4#00000000000000BC
(1615322189.866038) can0 025#0FFD980078787839
(1615322189.866039) can0 0B0#00000000110B
(1615322189.886489) can0 0B2#00000000110B
(1615322189.886495) can0 223#0028000000000055
(1615322189.886496) can0 262#A000000009
(1615322189.907058) can0 0B0#00000000110D
(1615322189.907059) can0 0B2#00000000110D
(1615322189.907060) can0 4DD#1E00000500000000
(1615322189.927494) can0 020#000007
(1615322189.927495) can0 0B4#00000000000000BC
(1615322189.927496) can0 262#A000000009
(1615322189.948092) can0 2C4#03DB0028000021F4
(1615322189.948093) can0 020#000007
(1615322189.948094) can0 0B0#000000001102
(1615322189.968536) can0 0B2#000000001102
(1615322189.968538) can0 224#0000000000000008
(1615322189.968538) can0 020#000007
(1615322189.989036) can0 0B4#00000000000000BC
(1615322189.989037) can0 024#0200020761FF8017
(1615322189.989038) can0 262#A000000009
(1615322190.009697) can0 2C4#03C90028000021E2
(1615322190.009698) can0 020#000007
(1615322190.009699) can0 0B0#000000001107
(1615322190.030066) can0 0B2#000000001107
(1615322190.030067) can0 223#0028000000000055
(1615322190.030068) can0 024#0200020E61FF801E
(1615322190.050589) can0 262#A000000009
(1615322190.050590) can0 2C4#03BC0028000021D5
(1615322190.050591) can0 262#A000000009
(1615322190.071080) can0 2C4#03BC0028000021D5
(1615322190.071082) can0 020#000007
(1615322190.071083) can0 0B0#00000000110C
(1615322190.091595) can0 0B2#00000000110C
(1615322190.091596) can0 224#0000000000000008
(1615322190.091597) can0 620#1000000030600050
(1615322190.112078) can0 262#A000000009
(1615322190.112080) can0 2C4#03CE0028000021E7
(1615322190.112081) can0 442#4002000000000000
(1615322190.132571) can0 262#A000000009
(1615322190.132572) can0 020#000007
(1615322190.132572) can0 262#A000000009
(1615322190.153075) can0 2C4#03E10028000021FA
(1615322190.153077) can0 020#000007
(1615322190.153077) can0 262#A000000009
(1615322190.173719) can0 0B0#000000001103
(1615322190.173720) can0 0B2#000000001103
(1615322190.173720) can0 262#A000000009
(1615322190.194201) can0 020#000007
(1615322190.194202) can0 0B4#00000000000000BC
(1615322190.194203) can0 2C4#043B002800002154
(1615322190.214617) can0 3B4#0000D2F000000000
(1615322190.214618) can0 020#000007
(1615322190.214618) can0 0B0#000000001108
(1615322190.235212) can0 0B2#000000001108
(1615322190.235213) can0 224#0000000000000008
(1615322190.235214) can0 2C4#0480002800002199
(1615322190.255880) can0 0B0#00000000110A
(1615322190.255882) can0 0B2#00000000110A
(1615322190.255883) can0 2C4#04E30028000021FC
(1615322190.276287) can0 020#000007
(1615322190.276289) can0 223#0028000000000055
(1615322190.296859) can0 2C4#056200280000217B
(1615322190.296861) can0 020#000007
(1615322190.296862) can0 2C4#060E002800002127
(1615322190.317526) can0 3B4#0000D2F000000000
(1615322190.317529) can0 0B0#00000000110F
(1615322190.317530) can0 2C4#06C40028000021DD
(1615322190.337897) can0 020#000007
(1615322190.337899) can0 0B4#00000000000000BC
(1615322190.337912) can0 2C4#0770002800002189
(1615322190.358347) can0 020#000007
(1615322190.358348) can0 0B4#00000000000000BC
(1615322190.358350) can0 2C4#081500280000212E
(1615322190.379029) can0 0B0#000000001104
(1615322190.379031) can0 0B2#000000001104
(1615322190.379032) can0 024#020002096200801B
(1615322190.399687) can0 2C4#08A80028000021C1
(1615322190.399689) can0 0B0#000000001106
(1615322190.399690) can0 2C4#093A002800002153
(1615322190.419903) can0 3B4#0000D2F000000000
(1615322190.419905) can0 440#4202000000000000
(1615322190.419906) can0 2C4#0A3200280000214B
(1615322190.440404) can0 0B0#000000001109
(1615322190.440406) can0 0B2#000000001109
(1615322190.440408) can0 2C4#0A9C0028000021B5
(1615322190.460922) can0 630#1700000000000000
(1615322190.460924) can0 0B0#00000000110B
(1615322190.460925) can0 2C4#0B5500280000216E
(1615322190.481422) can0 020#000007
(1615322190.481424) can0 0B4#00000000000000BC
(1615322190.481426) can0 2C4#0BAB0028000021C4
(1615322190.501961) can0 020#000007
(1615322190.501963) can0 0B4#00000000000000BC
(1615322190.501965) can0 2C4#0C37002800002150
(1615322190.522611) can0 610#2000000000000000
(1615322190.522613) can0 3B4#0000D2F000000000
(1615322190.522614) can0 020#000007
(1615322190.542966) can0 0B4#00000000000000BC
(1615322190.542968) can0 025#0FFD980078787839
(1615322190.542969) can0 2C4#0CDB0028000021F4
(1615322190.563466) can0 020#000007
(1615322190.563468) can0 0B4#00000000000000BC
(1615322190.563469) can0 2C4#0D3400280000214D
(1615322190.583987) can0 0B0#000000001105
(1615322190.583989) can0 0B2#000000001105
(1615322190.583990) can0 2C4#0D7C002800002195
(1615322190.604600) can0 4C8#0900010600000000
(1615322190.604601) can0 0B0#000000001107
(1615322190.604603) can0 2C4#0DBD0028000021D6
(1615322190.625024) can0 3A0#000000000000003F
(1615322190.625026) can0 3B4#0000D2F000000000
(1615322190.625026) can0 0B0#00000000110A
(1615322190.645697) can0 0B2#00000000110A
(1615322190.645699) can0 224#0000000000000008
(1615322190.645700) can0 2C4#0E1F002800002138
(1615322190.666161) can0 0B0#00000000110C
(1615322190.666163) can0 0B2#00000000110C
(1615322190.666164) can0 020#000007
(1615322190.686535) can0 0B4#00000000000000BC
(1615322190.686537) can0 025#0FFD980078787839
(1615322190.686538) can0 621#1100000000000000
(1615322190.707095) can0 2C4#0E6500280000217E
(1615322190.707097) can0 020#000007
(1615322190.707098) can0 2C4#0E80002800002199
(1615322190.727645) can0 0B0#000000001101
(1615322190.727652) can0 0B2#000000001101
(1615322190.727654) can0 020#000007
(1615322190.748116) can0 0B4#00000000000000BC
(1615322190.748117) can0 024#0200020C61FF801C
(1615322190.748119) can0 020#000007
(1615322190.768590) can0 0B4#00000000000000BC
(1615322190.768592) can0 025#0FFD980078787839
(1615322190.768592) can0 0B0#000000001106
(1615322190.789060) can0 0B2#000000001106
(1615322190.789061) can0 224#0000000000000008
(1615322190.789062) can0 024#0200020A61FD8018
(1615322190.809605) can0 0B0#000000001108
(1615322190.809607) can0 0B2#000000001108
(1615322190.809607) can0 020#000007
(1615322190.830211) can0 0B4#00000000000000BC
(1615322190.830212) can0 025#0FFD980078787839
(1615322190.830214) can0 0B0#00000000110B
(1615322190.850829) can0 0B2#00000000110B
(1615322190.850831) can0 223#0028000000000055
(1615322190.850832) can0 0B0#00000000110D
(1615322190.871254) can0 0B2#00000000110D
(1615322190.871256) can0 223#0028000000000055
(1615322190.871257) can0 020#000007
(1615322190.891665) can0 0B4#00000000000000BC
(1615322190.891666) can0 025#0FFD980078787839
(1615322190.891667) can0 020#000007
(1615322190.912355) can0 0B4#00000000000000BC
(1615322190.912357) can0 025#0FFD980078787839
(1615322190.912358) can0 0B0#000000001102
(1615322190.932947) can0 0B2#000000001102
(1615322190.932949) can0 224#0000000000000008
(1615322190.932950) can0 020#000007
(1615322190.956307) can0 0B4#00000000000000BC
(1615322190.956309) can0 025#0FFD980078787839
(1615322190.956311) can0 020#000007
(1615322190.973714) can0 0B4#00000000000000BC
(1615322190.973716) can0 025#0FFD980078787839
(1615322190.973717) can0 394#03
(1615322190.994308) can0 0B0#000000001107
(1615322190.994309) can0 0B2#000000001107
(1615322190.994311) can0 024#0200020B61FC8018
(1615322191.014829) can0 260#0E00000000000078
(1615322191.014831) can0 0B0#000000001109
(1615322191.014832) can0 020#000007
(1615322191.035254) can0 0B4#00000000000000BC
(1615322191.035256) can0 024#0200020A61FE8019
(1615322191.035257) can0 0B0#00000000110C
(1615322191.055793) can0 0B2#00000000110C
(1615322191.055795) can0 224#0000000000000008
(1615322191.055796) can0 0B0#00000000110E
(1615322191.076273) can0 0B2#00000000110E
(1615322191.076275) can0 224#0000000000000008
(1615322191.076276) can0 020#000007
(1615322191.096964) can0 0B4#00000000000000BC
(1615322191.096966) can0 025#0FFD980078787839
(1615322191.096967) can0 260#0E00000000000078
(1615322191.117405) can0 020#000007
(1615322191.117407) can0 0B4#00000000000000BC
(1615322191.117408) can0 0B0#000000001103
(1615322191.137786) can0 0B2#000000001103
(1615322191.137788) can0 223#0028000000000055
(1615322191.137789) can0 0B4#00000000000000BC
(1615322191.158313) can0 025#0FFD980078787839
(1615322191.158315) can0 0BA#060A07D5
(1615322191.158315) can0 260#0E00000000000078
(1615322191.179016) can0 020#000007
(1615322191.179017) can0 0B4#00000000000000BC
(1615322191.179018) can0 0B0#000000001108
(1615322191.199265) can0 0B2#000000001108
(1615322191.199266) can0 224#0000000000000008
(1615322191.199267) can0 260#0E00000000000078
(1615322191.219805) can0 0B0#00000000110A
(1615322191.219807) can0 0B2#00000000110A
(1615322191.219807) can0 260#0E00000000000078
(1615322191.240475) can0 020#000007
(1615322191.240476) can0 0B4#00000000000000BC
(1615322191.240477) can0 0B2#00000000110D
(1615322191.260869) can0 223#0028000000000055
(1615322191.260870) can0 260#0E00000000000078
(1615322191.260870) can0 260#0E00000000000078
(1615322191.281359) can0 0B0#00000000110F
(1615322191.281364) can0 0B2#00000000110F
(1615322191.281365) can0 020#000007
(1615322191.301884) can0 0B4#00000000000000BC
(1615322191.301885) can0 025#0FFD980078787839
(1615322191.301886) can0 260#0E00000000000078
(1615322191.322332) can0 020#000007
(1615322191.322333) can0 0B4#00000000000000BC
(1615322191.322334) can0 260#0E00000000000078
(1615322191.342849) can0 0B0#000000001104
(1615322191.342859) can0 0B2#000000001104
(1615322191.342859) can0 025#0FFD980078787839
(1615322191.363166) can0 260#0E00000000000078
(1615322191.363167) can0 024#0200020C61FB8018
(1615322191.363168) can0 020#000007
(1615322191.383692) can0 0B4#00000000000000BC
(1615322191.383694) can0 025#0FFD980082828257
(1615322191.383695) can0 0B0#000000001109
(1615322191.404234) can0 0B2#000000001109
(1615322191.404235) can0 223#0028000000000055
(1615322191.404236) can0 3A0#000000000000003F
(1615322191.424740) can0 262#A000000009
(1615322191.424741) can0 0B0#00000000110B
(1615322191.424741) can0 020#000007
(1615322191.445226) can0 0B4#00000000000000BC
(1615322191.445227) can0 025#0FFD980078787839
(1615322191.445228) can0 262#A000000009
(1615322191.465438) can0 020#000007
(1615322191.465440) can0 0B4#00000000000000BC
(1615322191.465440) can0 0B0#000000001100
(1615322191.485954) can0 0B2#000000001100
(1615322191.485955) can0 224#0000000000000008
(1615322191.485956) can0 020#000007
(1615322191.506474) can0 0B4#00000000000000BC
(1615322191.506475) can0 025#0FFD980078787839
(1615322191.506476) can0 3A0#000000000000003F
(1615322191.526971) can0 262#A000000009
(1615322191.526972) can0 020#000007
(1615322191.526973) can0 0B0#000000001105
(1615322191.547475) can0 0B2#000000001105
(1615322191.547476) can0 223#0028000000000055
(1615322191.547477) can0 0BA#05F007BA
(1615322191.567982) can0 38A#0804000000
(1615322191.567983) can0 262#A000000009
(1615322191.567984) can0 262#A000000009
(1615322191.588495) can0 020#000007
(1615322191.588496) can0 0B4#00000000000000BC
(1615322191.588497) can0 0B0#00000000110A
(1615322191.609033) can0 0B2#00000000110A
(1615322191.609034) can0 224#0000000000000008
(1615322191.609035) can0 262#A000000009
(1615322191.629575) can0 0B0#00000000110C
(1615322191.629577) can0 0B2#00000000110C
(1615322191.629577) can0 262#A000000009
(1615322191.650093) can0 020#000007
(1615322191.650094) can0 262#A000000009
(1615322191.670687) can0 020#000007
(1615322191.670689) can0 0B4#00000000000000BC
(1615322191.670689) can0 262#A000000009
(1615322191.691208) can0 0B0#000000001101
(1615322191.691209) can0 0B2#000000001101
(1615322191.691210) can0 262#A000000009
(1615322191.713684) can0 020#000007
(1615322191.713685) can0 0B4#00000000000000BC
(1615322191.713686) can0 020#000007
(1615322191.732171) can0 0B4#00000000000000BC
(1615322191.732173) can0 025#0FFD980078787839
(1615322191.732174) can0 0B0#000000001106
(1615322191.752573) can0 0B2#000000001106
(1615322191.752574) can0 224#0000000000000008
(1615322191.752574) can0 0B0#000000001108
(1615322191.773090) can0 0B2#000000001108
(1615322191.773091) can0 224#0000000000000008
(1615322191.773091) can0 020#000007
(1615322191.793683) can0 0B4#00000000000000BC
(1615322191.793683) can0 025#0FFD980078787839
(1615322191.793684) can0 0B2#00000000110B
(1615322191.814249) can0 223#0028000000000055
(1615322191.814250) can0 020#000007
(1615322191.814250) can0 0B0#00000000110D
(1615322191.834617) can0 0B2#00000000110D
(1615322191.834617) can0 223#0028000000000055
(1615322191.834618) can0 020#000007
(1615322191.855127) can0 0B4#00000000000000BC
(1615322191.855128) can0 025#0FFD980078787839
(1615322191.855128) can0 020#000007
(1615322191.875858) can0 0B4#00000000000000BC
(1615322191.875859) can0 025#0FFD980078787839
(1615322191.875860) can0 3B0#0000004E00
(1615322191.896207) can0 0B0#000000001102
(1615322191.896208) can0 0B2#000000001102
(1615322191.896209) can0 024#0200021361F9801D
(1615322191.916722) can0 025#0FFD980078787839
(1615322191.916723) can0 0B0#000000001104
(1615322191.916724) can0 020#000007
(1615322191.937502) can0 0B4#00000000000000BC
(1615322191.937504) can0 025#0FFD980078787839
(1615322191.937505) can0 380#0020000000002F00
(1615322191.957822) can0 0B0#000000001107
(1615322191.957823) can0 0B2#000000001107
(1615322191.957824) can0 0B0#000000001109
(1615322191.978636) can0 0B2#000000001109
(1615322191.978638) can0 223#0028000000000055
(1615322191.978639) can0 020#000007
(1615322191.999094) can0 0B4#00000000000000BC
(1615322191.999096) can0 025#0FFD980078787839
(1615322191.999097) can0 224#0000000000000008
(1615322192.019508) can0 020#000007
(1615322192.019509) can0 0B4#00000000000000BC
(1615322192.019510) can0 0B0#00000000110E
(1615322192.040085) can0 0B2#00000000110E
(1615322192.040086) can0 224#0000000000000008
(1615322192.040086) can0 020#000007
(1615322192.060365) can0 0B4#00000000000000BC
(1615322192.060366) can0 025#0FFD980078787839
(1615322192.060367) can0 020#000007
(1615322192.080923) can0 0B4#00000000000000BC
(1615322192.080924) can0 025#0FFD980078787839
(1615322192.080925) can0 0B0#000000001103
(1615322192.101740) can0 0B2#000000001103
(1615322192.101741) can0 223#0028000000000055
(1615322192.101742) can0 024#0200020A62048020
(1615322192.121922) can0 0B0#000000001105
(1615322192.121924) can0 0B2#000000001105
(1615322192.121925) can0 020#000007
(1615322192.142397) can0 0B4#00000000000000BC
(1615322192.142398) can0 024#0200020362008015
(1615322192.142399) can0 0B0#000000001108
(1615322192.162936) can0 0B2#000000001108
(1615322192.162938) can0 224#0000000000000008
(1615322192.162939) can0 0B0#00000000110A
(1615322192.183547) can0 0B2#00000000110A
(1615322192.183548) can0 224#0000000000000008
(1615322192.183549) can0 020#000007
(1615322192.204087) can0 0B4#00000000000000BC
(1615322192.204088) can0 025#0FFD980078787839
(1615322192.204089) can0 4C6#0700011000000000
(1615322192.224758) can0 442#4002000000000000
(1615322192.224760) can0 3A0#000000000000003F
(1615322192.224761) can0 0B0#00000000110F
(1615322192.244994) can0 0B2#00000000110F
(1615322192.244996) can0 223#0028000000000055
(1615322192.244997) can0 020#000007
(1615322192.265535) can0 0B4#00000000000000BC
(1615322192.265536) can0 025#0FFD980078787839
(1615322192.265537) can0 020#000007
(1615322192.286146) can0 0B4#00000000000000BC
(1615322192.286148) can0 024#0200020761FF8017
(1615322192.286149) can0 0B0#000000001104
(1615322192.306614) can0 0B2#000000001104
(1615322192.306616) can0 224#0000000000000008
(1615322192.306617) can0 3A0#000000000000003F
(1615322192.327257) can0 0B0#000000001106
(1615322192.327259) can0 0B2#000000001106
(1615322192.327260) can0 020#000007
(1615322192.347662) can0 0B4#00000000000000BC
(1615322192.347675) can0 025#0FFD980078787839
(1615322192.347676) can0 223#0028000000000055
(1615322192.368244) can0 4C3#0300120700000000
(1615322192.368246) can0 020#000007
(1615322192.368247) can0 3B4#0000D2F000000000
(1615322192.388653) can0 0B0#00000000110B
(1615322192.388655) can0 0B2#00000000110B
(1615322192.388656) can0 020#000007
(1615322192.409150) can0 0B4#00000000000000BC
(1615322192.409151) can0 025#0FFD980078787839
(1615322192.409152) can0 2C4#075400280000216D
(1615322192.429788) can0 020#000007
(1615322192.429789) can0 0B4#00000000000000BC
(1615322192.429790) can0 2C4#074500280000215E
(1615322192.450177) can0 0B0#000000001100
(1615322192.450179) can0 0B2#000000001100
(1615322192.450180) can0 2C4#073100280000214A
(1615322192.470644) can0 260#0E00000000000078
(1615322192.470645) can0 0B0#000000001102
(1615322192.470646) can0 2C4#072300280000213C
(1615322192.491281) can0 3B4#0000D2F000000000
(1615322192.491283) can0 020#000007
(1615322192.491284) can0 0B0#000000001105
(1615322192.511684) can0 0B2#000000001105
(1615322192.511685) can0 223#0028000000000055
(1615322192.511686) can0 2C4#070200280000211B
(1615322192.532575) can0 260#0E00000000000078
(1615322192.532577) can0 0B0#000000001107
(1615322192.532577) can0 2C4#06F0002800002109
(1615322192.552638) can0 020#000007
(1615322192.552640) can0 0B4#00000000000000BC
(1615322192.552641) can0 2C4#06DA0028000021F3
(1615322192.573156) can0 260#0E00000000000078
(1615322192.573157) can0 020#000007
(1615322192.573158) can0 2C4#06C40028000021DD
(1615322192.593830) can0 3B4#0000D2F000000000
(1615322192.593832) can0 38A#0804000000
(1615322192.593833) can0 020#000007
(1615322192.614350) can0 0B4#00000000000000BC
(1615322192.614351) can0 025#0FFD980078787839
(1615322192.614352) can0 260#0E00000000000078
(1615322192.634755) can0 020#000007
(1615322192.634756) can0 0B4#00000000000000BC
(1615322192.634757) can0 0B0#000000001101
(1615322192.655353) can0 0B2#000000001101
(1615322192.655354) can0 223#0028000000000055
(1615322192.655355) can0 260#0E00000000000078
(1615322192.675784) can0 0B0#000000001103
(1615322192.675786) can0 0B2#000000001103
(1615322192.675787) can0 4C7#0800012000000000
(1615322192.696448) can0 260#0E00000000000078
(1615322192.696449) can0 020#000007
(1615322192.696450) can0 0B0#000000001106
(1615322192.720199) can0 0B2#000000001106
(1615322192.720202) can0 224#0000000000000008
(1615322192.720203) can0 260#0E00000000000078
(1615322192.737456) can0 0B0#000000001108
(1615322192.737458) can0 0B2#000000001108
(1615322192.737459) can0 260#0E00000000000078
(1615322192.757865) can0 020#000007
(1615322192.757866) can0 0B4#00000000000000BC
(1615322192.757867) can0 260#0E00000000000078
(1615322192.778333) can0 020#000007
(1615322192.778334) can0 0B4#00000000000000BC
(1615322192.778335) can0 260#0E00000000000078
(1615322192.798885) can0 0B0#00000000110D
(1615322192.798886) can0 0B2#00000000110D
(1615322192.798887) can0 020#000007
(1615322192.819537) can0 0B4#00000000000000BC
(1615322192.819538) can0 025#0FFD980078787839
(1615322192.819539) can0 260#0E00000000000078
