(1622234581.366944) can0 2B0#1700000776
(1622234581.366945) can0 220#F10300000000E60F
(1622234581.366945) can0 2B0#1700000798
(1622234581.387528) can0 220#0A0400000000E60F
(1622234581.387528) can0 4F0#40003800002CAC09
(1622234581.387529) can0 2B0#17000007BA
(1622234581.408006) can0 220#020400000000DA0F
(1622234581.408007) can0 4F0#40003A00002CAC09
(1622234581.408008) can0 2B0#17000007DC
(1622234581.428503) can0 220#F50300000000E60F
(1622234581.428504) can0 4F0#40003C00002CAC09
(1622234581.428504) can0 2B0#17000007FE
(1622234581.449142) can0 220#140400000000DA0F
(1622234581.449143) can0 4F0#40003E00002CAC09
(1622234581.449144) can0 220#FA0300000000E00F
(1622234581.469521) can0 4F0#40004000002CAC09
(1622234581.469522) can0 153#200000FF00FFE0FE
(1622234581.469522) can0 220#0D0400000000FF0F
(1622234581.490325) can0 4F0#40004200002CAC09
(1622234581.490327) can0 153#200000FF00FF102E
(1622234581.490328) can0 4F0#40004400002CAC09
(1622234581.510645) can0 153#200000FF00FF304E
(1622234581.510645) can0 350#0010048487000017
(1622234581.510646) can0 4F0#40004600002CAC09
(1622234581.531196) can0 4F1#5003000000000000
(1622234581.531205) can0 690#0000010000001000
(1622234581.531206) can0 4F0#40004800002CAC09
(1622234581.551547) can0 153#200000FF00FF708E
(1622234581.551548) can0 350#0010448487000057
(1622234581.551549) can0 4F0#40004A00002CAC09
(1622234581.572237) can0 153#200000FF00FF90AE
(1622234581.572238) can0 350#0010648487000077
(1622234581.572239) can0 4F0#40004C00002CAC09
(1622234581.592555) can0 153#200000FF00FFB0CE
(1622234581.592557) can0 350#0010848487000097
(1622234581.592557) can0 4F0#40004E00002CAC09
(1622234581.613053) can0 153#200000FF00FFD0EE
(1622234581.613054) can0 350#0010A484870000B7
(1622234581.613054) can0 4F0#40005000002CAC09
(1622234581.633575) can0 4F1#5003000000000000
(1622234581.633576) can0 690#0000010000001400
(1622234581.633577) can0 153#200000FF00FF203E
(1622234581.654083) can0 350#0010E484870000F7
(1622234581.654084) can0 316#4523DC0DCC150073
(1622234581.654085) can0 153#200000FF00FF405E
(1622234581.674648) can0 350#0010048487000017
(1622234581.674649) can0 316#4523DC0DCC150073
(1622234581.674650) can0 153#200000FF00FF607E
(1622234581.695065) can0 350#0010248487000037
(1622234581.695066) can0 316#4523DC0DB4150073
(1622234581.695067) can0 350#0010448487000057
(1622234581.715535) can0 316#4523DC0DB4150073
(1622234581.715536) can0 18F#0000000000000000
(1622234581.715537) can0 316#4523DC0DA8150073
(1622234581.736377) can0 18F#0000000000000000
(1622234581.736379) can0 329#00AB7F1511200014
(1622234581.736379) can0 329#00AA7F1511200014
(1622234581.756769) can0 382#00000015AC000000
(1622234581.756771) can0 545#DC00000000000000
(1622234581.777297) can0 2B0#17000007EF
(1622234581.777299) can0 220#050400000000F30F
(1622234581.777300) can0 2B0#1700000701
(1622234581.797637) can0 220#F40300000000DA0F
(1622234581.797639) can0 1F1#00B4000000000000
(1622234581.797639) can0 2B0#1700000723
(1622234581.818075) can0 220#FA0300000000CD0F
(1622234581.818076) can0 1F1#00B4000000000000
(1622234581.818077) can0 2B0#1700000745
(1622234581.838586) can0 220#FF0300000000F30F
(1622234581.838587) can0 1F1#00B4000000000000
(1622234581.838588) can0 2B0#1700000767
(1622234581.859286) can0 220#070400000000F30F
(1622234581.859288) can0 1F1#00B4000000000000
(1622234581.859289) can0 2B0#1700000789
(1622234581.879708) can0 220#F20300000000F90F
(1622234581.879709) can0 1F1#00B4000000000000
(1622234581.879710) can0 220#F90300000000F30F
(1622234581.900096) can0 1F1#00B4000000000000
(1622234581.900097) can0 350#0010748487000067
(1622234581.900098) can0 1F1#00B4000000000000
(1622234581.920605) can0 350#0010948487000087
(1622234581.920605) can0 153#200000FF00FFE0FE
(1622234581.920606) can0 350#0010B484870000A7
(1622234581.941176) can0 153#200000FF00FF102E
(1622234581.941178) can0 316#4523DC0DCC150073
(1622234581.941178) can0 350#0010D484870000C7
(1622234581.961605) can0 153#200000FF00FF304E
(1622234581.961606) can0 316#4523DC0DC8150073
(1622234581.961607) can0 350#0010F484870000E7
(1622234581.982125) can0 042#FF00FFFF00000000
(1622234581.982126) can0 043#0100000000000000
(1622234581.982127) can0 350#0010148487000007
(1622234582.002636) can0 153#200000FF00FF708E
(1622234582.002637) can0 316#4523DC0DBC150073
(1622234582.002638) can0 350#0010348487000027
(1622234582.023157) can0 153#200000FF00FF90AE
(1622234582.023158) can0 316#4523DC0DC8150073
(1622234582.023159) can0 350#0010548487000047
(1622234582.043626) can0 153#200000FF00FFB0CE
(1622234582.043627) can0 316#4523DC0DC8150073
(1622234582.043628) can0 350#0010748487000067
(1622234582.064108) can0 153#200000FF00FFD0EE
(1622234582.064110) can0 316#4523DC0DD8150073
(1622234582.064110) can0 350#0010948487000087
(1622234582.084686) can0 153#200000FF00FF001E
(1622234582.084687) can0 316#4523DC0DD8150073
(1622234582.084688) can0 350#0010B484870000A7
(1622234582.105130) can0 153#200000FF00FF203E
(1622234582.105130) can0 316#4523DC0DE0150073
(1622234582.105131) can0 316#4523DC0DE0150073
(1622234582.125620) can0 18F#0000000000000000
(1622234582.125620) can0 329#00AA7F1511200014
(1622234582.125621) can0 316#4523DC0DE0150073
(1622234582.146165) can0 18F#0000000000000000
(1622234582.146167) can0 329#00AB7F1511200014
(1622234582.146167) can0 382#00000015AC000000
(1622234582.166788) can0 545#DC00000000000000
(1622234582.166790) can0 2B0#1700000776
(1622234582.166791) can0 545#DC00000000000000
(1622234582.187294) can0 2B0#1700000798
(1622234582.187295) can0 220#F20300000000F90F
(1622234582.187296) can0 2B0#17000007BA
(1622234582.207814) can0 220#0A0400000000F30F
(1622234582.207816) can0 4F0#40008A00002CAC09
(1622234582.207817) can0 2B0#17000007DC
(1622234582.228305) can0 220#FF0300000000E60F
(1622234582.228307) can0 4F0#40008C00002CAC09
(1622234582.228309) can0 2B0#17000007FE
(1622234582.248760) can0 220#F90300000000F90F
(1622234582.248763) can0 4F0#40008E00002CAC09
(1622234582.248764) can0 2B0#1700000710
(1622234582.269504) can0 220#FF0300000000ED0F
(1622234582.269506) can0 4F0#40009000002CAC09
(1622234582.269507) can0 2B0#1700000732
(1622234582.289838) can0 220#050400000000E60F
(1622234582.289841) can0 4F0#40009200002CAC09
(1622234582.289842) can0 220#0A0400000000E00F
(1622234582.310338) can0 4F0#40009400002CAC09
(1622234582.310340) can0 350#0010048487000017
(1622234582.310341) can0 4F0#40009600002CAC09
(1622234582.330977) can0 4F1#5003000000000000
(1622234582.330979) can0 690#0000010000003000
(1622234582.330980) can0 4F0#40009800002CAC09
(1622234582.351492) can0 350#0010448487000057
(1622234582.351494) can0 153#200000FF00FFC0DE
(1622234582.351496) can0 4F0#40009A00002CAC09
(1622234582.371989) can0 350#0010648487000077
(1622234582.371991) can0 153#200000FF00FFE0FE
(1622234582.371993) can0 4F0#40009C00002CAC09
(1622234582.392400) can0 350#0010848487000097
(1622234582.392403) can0 153#200000FF00FF102E
(1622234582.392404) can0 4F0#40009E00002CAC09
(1622234582.412852) can0 350#0010A484870000B7
(1622234582.412854) can0 153#200000FF00FF304E
(1622234582.412855) can0 4F0#4000A000002CAC09
(1622234582.433681) can0 4F1#5003000000000000
(1622234582.433684) can0 690#0000010000003400
(1622234582.433687) can0 350#0010E484870000F7
(1622234582.454002) can0 153#200000FF00FF708E
(1622234582.454004) can0 316#4523DC0D94150073
(1622234582.454006) can0 350#0010048487000017
(1622234582.474405) can0 153#200000FF00FF90AE
(1622234582.474407) can0 316#4523DC0D9C150073
(1622234582.474408) can0 350#0010248487000037
(1622234582.494840) can0 153#200000FF00FFB0CE
(1622234582.494842) can0 316#4523DC0D9C150073
(1622234582.494843) can0 153#200000FF00FFD0EE
(1622234582.515415) can0 316#4523DC0D98150073
(1622234582.515418) can0 18F#0000000000000000
(1622234582.515419) can0 316#4523DC0D90150073
(1622234582.535849) can0 18F#0000000000000000
(1622234582.535868) can0 329#00AA7F1511200014
(1622234582.535870) can0 329#00AB7F1511200014
(1622234582.556318) can0 382#00000016AD000000
(1622234582.556320) can0 545#DC00000000000000
(1622234582.556321) can0 545#DC00000000000000
(1622234582.576933) can0 2B0#17000007EF
(1622234582.576935) can0 220#0A0400000000E00F
(1622234582.576936) can0 2B0#1700000701
(1622234582.597559) can0 220#0C0400000000DA0F
(1622234582.597562) can0 1F1#00B4000000000000
(1622234582.597563) can0 2B0#1700000723
(1622234582.617999) can0 220#F70300000000F30F
(1622234582.618002) can0 1F1#00B4000000000000
(1622234582.618003) can0 2B0#1700000745
(1622234582.638615) can0 220#0D0400000000ED0F
(1622234582.638616) can0 1F1#00B4000000000000
(1622234582.638617) can0 2B0#1700000767
(1622234582.658969) can0 220#F40300000000F30F
(1622234582.658971) can0 1F1#00B4000000000000
(1622234582.658973) can0 2B0#1700000789
(1622234582.679441) can0 220#0F0400000000F90F
(1622234582.679443) can0 1F1#00B4000000000000
(1622234582.679444) can0 2B0#17000007AB
(1622234582.700015) can0 220#F20300000000E60F
(1622234582.700017) can0 1F1#00B4000000000000
(1622234582.700019) can0 1F1#00B4000000000000
(1622234582.720456) can0 350#0010948487000087
(1622234582.720458) can0 153#200000FF00FF405E
(1622234582.720460) can0 1F1#00B4000000000000
(1622234582.740920) can0 350#0010B484870000A7
(1622234582.740922) can0 153#200000FF00FF607E
(1622234582.740924) can0 350#0010D484870000C7
(1622234582.761408) can0 153#200000FF00FF809E
(1622234582.761411) can0 316#4523DC0DE0150073
(1622234582.761412) can0 2C0#3000000000000000
(1622234582.782097) can0 350#0010F484870000E7
(1622234582.782099) can0 153#200000FF00FFA0BE
(1622234582.782100) can0 350#0010148487000007
(1622234582.802469) can0 153#200000FF00FFC0DE
(1622234582.802472) can0 316#4523DC0DE4150073
(1622234582.802473) can0 350#0010348487000027
(1622234582.822957) can0 153#200000FF00FFE0FE
(1622234582.822959) can0 316#4523DC0DC4150073
(1622234582.822961) can0 350#0010548487000047
(1622234582.843577) can0 153#200000FF00FF102E
(1622234582.843579) can0 316#4523DC0DE4150073
(1622234582.843580) can0 350#0010748487000067
(1622234582.864035) can0 153#200000FF00FF304E
(1622234582.864038) can0 316#4523DC0DE4150073
(1622234582.864039) can0 350#0010948487000087
(1622234582.884410) can0 153#200000FF00FF506E
(1622234582.884413) can0 316#4523DC0DD4150073
(1622234582.884414) can0 153#200000FF00FF708E
(1622234582.905104) can0 316#4523DC0DD4150073
(1622234582.905106) can0 18F#0000000000000000
(1622234582.905107) can0 153#200000FF00FF90AE
(1622234582.925577) can0 316#4523DC0DE4150073
(1622234582.925579) can0 18F#0000000000000000
(1622234582.925580) can0 316#4523DC0DD4150073
(1622234582.946434) can0 18F#0000000000000000
(1622234582.946436) can0 329#00AA7F1511200014
(1622234582.946437) can0 316#4523DC0DD4150073
(1622234582.967313) can0 18F#0000000000000000
(1622234582.967315) can0 329#00AB7F1511200014
(1622234582.967316) can0 382#00000015AD000000
(1622234582.987393) can0 545#DC00000000000000
(1622234582.987395) can0 220#F50300000000E60F
(1622234582.987397) can0 545#DC00000000000000
(1622234583.008235) can0 220#FC0300000000F90F
(1622234583.008237) can0 2B0#17000007BA
(1622234583.008238) can0 220#010400000000ED0F
(1622234583.028084) can0 2B0#17000007DC
(1622234583.028086) can0 4F0#4000DC00002CAC09
(1622234583.028101) can0 220#FF0300000000E00F
(1622234583.048626) can0 2B0#17000007FE
(1622234583.048629) can0 4F0#4000DE00002CAC09
(1622234583.048631) can0 220#F40300000000E60F
(1622234583.069133) can0 2B0#1700000710
(1622234583.069136) can0 4F0#4000E000002CAC09
(1622234583.069137) can0 220#0F0400000000ED0F
(1622234583.089506) can0 2B0#1700000732
(1622234583.089508) can0 4F0#4000E200002CAC09
(1622234583.089510) can0 220#0F0400000000DA0F
(1622234583.110082) can0 2B0#1700000754
(1622234583.110084) can0 4F0#4000E400002CAC09
(1622234583.110085) can0 220#EF0300000000E60F
(1622234583.130188) can0 2B0#1700000776
(1622234583.130190) can0 4F0#4000E800002CAC09
(1622234583.150527) can0 350#0010448487000057
(1622234583.150528) can0 153#200000FF00FF203E
(1622234583.150530) can0 4F0#4000EA00002CAC09
(1622234583.171155) can0 350#0010648487000077
(1622234583.171156) can0 153#200000FF00FF405E
(1622234583.171157) can0 4F0#4000EC00002CAC09
(1622234583.191437) can0 350#0010848487000097
(1622234583.191438) can0 153#200000FF00FF607E
(1622234583.191439) can0 4F0#4000EE00002CAC09
(1622234583.211904) can0 350#0010A484870000B7
(1622234583.211905) can0 153#200000FF00FF809E
(1622234583.211906) can0 4F0#4000F000002CAC09
(1622234583.232413) can0 4F1#5003000000000000
(1622234583.232415) can0 690#0000010000001400
(1622234583.232416) can0 350#0010E484870000F7
(1622234583.253007) can0 153#200000FF00FFC0DE
(1622234583.253009) can0 316#4523DC0DD8150073
(1622234583.253009) can0 350#0010048487000017
(1622234583.273486) can0 153#200000FF00FFE0FE
(1622234583.273488) can0 316#4523DC0DD8150073
(1622234583.273489) can0 350#0010248487000037
(1622234583.294051) can0 153#200000FF00FF102E
(1622234583.294053) can0 316#4523DC0DB8150073
(1622234583.294054) can0 153#200000FF00FF304E
(1622234583.314417) can0 316#4523DC0DD0150073
(1622234583.314418) can0 18F#0000000000000000
(1622234583.314419) can0 153#200000FF00FF506E
(1622234583.335033) can0 316#4523DC0DD0150073
(1622234583.335034) can0 18F#0000000000000000
(1622234583.335035) can0 316#4523DC0DD4150073
(1622234583.355448) can0 18F#0000000000000000
(1622234583.355449) can0 329#00AA7F1511200014
(1622234583.355451) can0 18F#0000000000000000
(1622234583.375964) can0 329#00AA7F1511200014
(1622234583.375965) can0 382#00000015AE000000
(1622234583.375966) can0 382#00000016AD000000
(1622234583.396581) can0 545#DC00000000000000
(1622234583.396582) can0 220#0D0400000000F90F
(1622234583.396583) can0 220#FF0300000000E60F
(1622234583.416977) can0 1F1#00B4000000000000
(1622234583.416979) can0 2B0#1700000723
(1622234583.416980) can0 220#FA0300000000F30F
(1622234583.437444) can0 1F1#00B4000000000000
(1622234583.437445) can0 2B0#1700000745
(1622234583.437447) can0 220#FF0300000000E60F
(1622234583.458038) can0 1F1#00B4000000000000
(1622234583.458040) can0 2B0#1700000767
(1622234583.458040) can0 220#FF0300000000F90F
(1622234583.478601) can0 1F1#00B4000000000000
(1622234583.478603) can0 2B0#1700000789
(1622234583.478604) can0 220#0A0400000000ED0F
(1622234583.499803) can0 1F1#00B4000000000000
(1622234583.499804) can0 2B0#17000007AB
(1622234583.499805) can0 220#FF0300000000E60F
(1622234583.519472) can0 1F1#00B4000000000000
(1622234583.519473) can0 2B0#17000007CD
(1622234583.519474) can0 220#FA0300000000F30F
(1622234583.539880) can0 1F1#00B4000000000000
(1622234583.539888) can0 2B0#17000007EF
(1622234583.539888) can0 2B0#1700000701
(1622234583.560393) can0 350#0010D484870000C7
(1622234583.560394) can0 153#200000FF00FFD0EE
(1622234583.560395) can0 2C0#3000000000000000
(1622234583.580914) can0 350#0010F484870000E7
(1622234583.580916) can0 153#200000FF00FF001E
(1622234583.580916) can0 350#0010148487000007
(1622234583.601419) can0 153#200000FF00FF203E
(1622234583.601421) can0 316#4523DC0DD4150073
(1622234583.601422) can0 350#0010348487000027
(1622234583.621911) can0 153#200000FF00FF405E
(1622234583.621912) can0 316#4523DC0DAC150073
(1622234583.621913) can0 350#0010548487000047
(1622234583.642416) can0 153#200000FF00FF607E
(1622234583.642417) can0 316#4523DC0DAC150073
(1622234583.642418) can0 350#0010748487000067
(1622234583.663145) can0 153#200000FF00FF809E
(1622234583.663147) can0 316#4523DC0DBC150073
(1622234583.663148) can0 350#0010948487000087
(1622234583.683617) can0 153#200000FF00FFA0BE
(1622234583.683619) can0 316#4523DC0DBC150073
(1622234583.683620) can0 350#0010B484870000A7
(1622234583.704170) can0 153#200000FF00FFC0DE
(1622234583.704172) can0 316#4523DC0DE4150073
(1622234583.704174) can0 153#200000FF00FFE0FE
(1622234583.724681) can0 316#4523DC0DD0150073
(1622234583.724683) can0 18F#0000000000000000
(1622234583.724684) can0 153#200000FF00FF102E
(1622234583.745122) can0 316#4523DC0DD0150073
(1622234583.745124) can0 18F#0000000000000000
(1622234583.745125) can0 316#4523DC0DA4150073
(1622234583.765609) can0 18F#0000000000000000
(1622234583.765611) can0 329#00AA7F1511200014
(1622234583.765612) can0 18F#0000000000000000
(1622234583.786151) can0 329#00AA7F1511200014
(1622234583.786154) can0 382#00000015AE000000
(1622234583.786155) can0 545#DC00000000000000
(1622234583.806541) can0 220#EF0300000000E60F
(1622234583.806543) can0 2B0#17000007BA
(1622234583.806544) can0 220#090400000000ED0F
(1622234583.827110) can0 2B0#17000007DC
(1622234583.827112) can0 4F0#40002C00002CAC09
(1622234583.827113) can0 220#F50300000000F90F
(1622234583.847592) can0 2B0#17000007FE
(1622234583.847594) can0 4F0#40002E00002CAC09
(1622234583.847595) can0 220#090400000000E60F
(1622234583.868224) can0 2B0#1700000710
(1622234583.868227) can0 4F0#40003000002CAC09
(1622234583.868228) can0 220#F10300000000F90F
(1622234583.888667) can0 2B0#1700000732
(1622234583.888669) can0 4F0#40003200002CAC09
(1622234583.888670) can0 220#010400000000E60F
(1622234583.909036) can0 2B0#1700000754
(1622234583.909037) can0 4F0#40003400002CAC09
(1622234583.909038) can0 220#020400000000ED0F
(1622234583.929494) can0 2B0#1700000776
(1622234583.929495) can0 4F0#40003600002CAC09
(1622234583.929496) can0 220#F50300000000ED0F
(1622234583.950011) can0 2B0#1700000798
(1622234583.950013) can0 4F0#40003800002CAC09
(1622234583.950014) can0 2B0#17000007BA
(1622234583.970489) can0 4F0#40003A00002CAC09
(1622234583.970490) can0 350#0010648487000077
(1622234583.970491) can0 4F0#40003C00002CAC09
(1622234583.990989) can0 350#0010848487000097
(1622234583.990991) can0 153#200000FF00FFB0CE
(1622234583.990992) can0 4F0#40003E00002CAC09
(1622234584.011525) can0 350#0010A484870000B7
(1622234584.011526) can0 153#200000FF00FFD0EE
(1622234584.011527) can0 4F0#40004000002CAC09
(1622234584.032018) can0 4F1#5003000000000000
(1622234584.032019) can0 690#0000010000003400
(1622234584.032030) can0 350#0010E484870000F7
(1622234584.052551) can0 153#200000FF00FF203E
(1622234584.052553) can0 316#4523DC0DB8150073
(1622234584.052554) can0 350#0010048487000017
(1622234584.073042) can0 153#200000FF00FF405E
(1622234584.073043) can0 316#4523DC0DC8150073
(1622234584.073044) can0 350#0010248487000037
(1622234584.093531) can0 153#200000FF00FF607E
(1622234584.093533) can0 316#4523DC0DC8150073
(1622234584.093534) can0 153#200000FF00FF809E
(1622234584.114093) can0 316#4523DC0DD8150073
(1622234584.114094) can0 18F#0000000000000000
(1622234584.114095) can0 153#200000FF00FFA0BE
(1622234584.134058) can0 316#4523DC0DCC150073
(1622234584.134059) can0 18F#0000000000000000
(1622234584.134060) can0 153#200000FF00FFC0DE
(1622234584.154579) can0 316#4523DC0DCC150073
(1622234584.154580) can0 18F#0000000000000000
(1622234584.154581) can0 316#4523DC0DD4150073
(1622234584.175159) can0 18F#0000000000000000
(1622234584.175161) can0 329#00AA7F1511200014
(1622234584.175162) can0 329#00AA7F1511200014
(1622234584.195576) can0 382#00000015AE000000
(1622234584.195577) can0 545#DC00000000000000
(1622234584.195578) can0 545#DC00000000000000
(1622234584.216104) can0 220#F50300000000FF0F
(1622234584.216106) can0 1F1#00B40B0000000000
(1622234584.216107) can0 220#050400000000E60F
(1622234584.236627) can0 1F1#00B40B0000000000
(1622234584.236628) can0 2B0#1700000745
(1622234584.236629) can0 220#FD0300000000E60F
(1622234584.257119) can0 1F1#00B4100000000000
(1622234584.257125) can0 2B0#1700000767
(1622234584.257126) can0 220#FF0300000000F90F
(1622234584.277623) can0 1F1#00B4140000000000
(1622234584.277625) can0 2B0#1700000789
(1622234584.277626) can0 220#FA0300000000E00F
(1622234584.298314) can0 1F1#00B4170000000000
(1622234584.298316) can0 2B0#17000007AB
(1622234584.298317) can0 220#EC0300000000FF0F
(1622234584.318636) can0 1F1#00B41A0000000000
(1622234584.318638) can0 2B0#17000007CD
(1622234584.318639) can0 220#090400000000F90F
(1622234584.339109) can0 1F1#00B41A0000000000
(1622234584.339110) can0 2B0#17000007EF
(1622234584.339111) can0 2B0#1700000701
(1622234584.359798) can0 350#0010D484870000C7
(1622234584.359872) can0 153#200000FF00FF304E
(1622234584.359873) can0 2B0#1700000723
(1622234584.380139) can0 2C0#3000000000000000
(1622234584.380141) can0 350#0010F484870000E7
(1622234584.380142) can0 350#0010148487000007
(1622234584.400643) can0 153#200000FF00FF708E
(1622234584.400644) can0 316#4523DC0DD0150073
(1622234584.400645) can0 350#0010348487000027
(1622234584.421267) can0 153#200000FF00FF90AE
(1622234584.421269) can0 316#4523DC0DD0150073
(1622234584.421270) can0 350#0010548487000047
(1622234584.441463) can0 153#200000FF00FFB0CE
(1622234584.441464) can0 316#4523DC0DCC150073
(1622234584.441465) can0 350#0010748487000067
(1622234584.461668) can0 153#200000FF00FFD0EE
(1622234584.461669) can0 316#4523DC0DCC150073
(1622234584.461670) can0 350#0010948487000087
(1622234584.482174) can0 153#200000FF00FF001E
(1622234584.482180) can0 316#4523DC0DC8150073
(1622234584.482181) can0 153#200000FF00FF203E
(1622234584.502752) can0 316#4523DC0DDC150073
(1622234584.502754) can0 153#200000FF00FF405E
(1622234584.523184) can0 316#4523DC0DDC150073
(1622234584.523185) can0 18F#0000000000000000
(1622234584.523185) can0 153#200000FF00FF607E
(1622234584.543750) can0 316#4523DC0DD0150073
(1622234584.543760) can0 18F#0000000000000000
(1622234584.543760) can0 153#200000FF00FF809E
(1622234584.564254) can0 316#4523DC0DD0150073
(1622234584.564256) can0 18F#0000000000000000
(1622234584.564257) can0 316#4523DC0DA8150073
(1622234584.584754) can0 18F#0000000000000000
(1622234584.584755) can0 329#00A97F1511200014
(1622234584.584756) can0 316#4523DC0DA8150073
(1622234584.605251) can0 18F#0000000000000000
(1622234584.605252) can0 329#00A97F1511200014
(1622234584.605253) can0 329#00AA7F1511200014
(1622234584.625688) can0 382#00000016AD000000
(1622234584.625689) can0 545#DC00000000000000
(1622234584.625690) can0 545#DC00000000000000
(1622234584.646091) can0 220#120400000000FF0F
(1622234584.646092) can0 2B0#17000007FE
(1622234584.646093) can0 220#0A0400000000ED0F
(1622234584.666544) can0 2B0#1700000710
(1622234584.666545) can0 4F0#40048000002CAC09
(1622234584.666545) can0 220#070400000000ED0F
(1622234584.687044) can0 2B0#1700000732
(1622234584.687045) can0 4F0#40048200002CAC09
(1622234584.687045) can0 220#FC0300000000DA0F
(1622234584.707834) can0 2B0#1700000754
(1622234584.707837) can0 4F0#40048400002CAC09
(1622234584.707839) can0 220#FA0300000000ED0F
(1622234584.728171) can0 2B0#1700000776
(1622234584.728172) can0 4F0#40048600002CAC09
(1622234584.728173) can0 5F0#0100
(1622234584.748620) can0 220#0A0400000000ED0F
(1622234584.748621) can0 2B0#1700000798
(1622234584.748622) can0 220#F10300000000F30F
(1622234584.769122) can0 2B0#17000007BA
(1622234584.769123) can0 4F0#40058A00002CAC09
(1622234584.769124) can0 220#040400000000F90F
(1622234584.789635) can0 2B0#17000007DC
(1622234584.789637) can0 4F0#40058C00002CAC09
(1622234584.789638) can0 2B0#17000007FE
(1622234584.810149) can0 4F0#40058E00002CAC09
(1622234584.810150) can0 350#0010A484870000B7
(1622234584.810151) can0 2B0#1700000710
(1622234584.830865) can0 4F0#40059000002CAC09
(1622234584.830866) can0 4F1#5003000000000000
(1622234584.830867) can0 4F0#40059200002CAC09
(1622234584.851154) can0 350#0010E484870000F7
(1622234584.851156) can0 153#200000FF00FF708E
(1622234584.851157) can0 350#0010048487000017
(1622234584.871643) can0 153#200000FF00FF90AE
(1622234584.871644) can0 316#4523DC0D88150073
(1622234584.871645) can0 350#0010248487000037
(1622234584.892166) can0 153#200000FF00FFB0CE
(1622234584.892167) can0 316#4523DC0DA0150073
(1622234584.892168) can0 350#0010448487000057
(1622234584.912800) can0 153#200000FF00FFD0EE
(1622234584.912802) can0 316#4523DC0D8C150073
(1622234584.912803) can0 153#200000FF00FF001E
(1622234584.933208) can0 316#4523DC0D8C150073
(1622234584.933209) can0 18F#0000000000000000
(1622234584.933210) can0 153#200000FF00FF203E
(1622234584.954092) can0 316#4523DC0DA0150073
(1622234584.954093) can0 18F#0000000000000000
(1622234584.954094) can0 153#200000FF00FF405E
(1622234584.974648) can0 316#4523DC0DA0150073
(1622234584.974650) can0 18F#0000000000000000
(1622234584.974652) can0 153#200000FF00FF607E
(1622234584.995067) can0 316#4523DC0DDC150073
(1622234584.995068) can0 18F#0000000000000000
(1622234584.995069) can0 316#4523DC0DEC150073
(1622234585.015546) can0 18F#0000000000000000
(1622234585.015547) can0 329#00A97F1511200014
(1622234585.015548) can0 329#00A97F1511200014
(1622234585.036097) can0 382#00000016AD000000
(1622234585.036098) can0 545#DC00000000000000
(1622234585.036107) can0 545#DC00000000000000
(1622234585.056547) can0 220#0F0400000000E60F
(1622234585.056548) can0 1F1#00B42B0000000000
(1622234585.056549) can0 220#F90300000000F30F
(1622234585.077098) can0 1F1#00B42E0000000000
(1622234585.077100) can0 2C0#3000000000000000
(1622234585.077101) can0 220#FD0300000000ED0F
(1622234585.097691) can0 1F1#00B4320000000000
(1622234585.097692) can0 2B0#17000007AB
(1622234585.097693) can0 220#020400000000ED0F
(1622234585.118068) can0 1F1#00B4370000000000
(1622234585.118069) can0 2B0#17000007CD
(1622234585.118070) can0 5A2#24029102
(1622234585.139053) can0 220#F70300000000F90F
(1622234585.139055) can0 1F1#00B43B0000000000
(1622234585.139055) can0 220#FF0300000000F30F
(1622234585.159499) can0 1F1#00B43E0000000000
(1622234585.159500) can0 2B0#1700000701
(1622234585.159500) can0 220#F20300000000ED0F
(1622234585.180030) can0 1F1#00B4410000000000
(1622234585.180031) can0 2C0#3000000000000000
(1622234585.180032) can0 1F1#00B4430000000000
(1622234585.200458) can0 2B0#1700000745
(1622234585.200459) can0 350#0010148487000007
(1622234585.200459) can0 2B0#1700000767
(1622234585.220974) can0 350#0010348487000027
(1622234585.220975) can0 153#200000FF00FFE0FE
(1622234585.220976) can0 2B0#1700000789
(1622234585.241151) can0 350#0010548487000047
(1622234585.241152) can0 153#200000FF00FF102E
(1622234585.241153) can0 350#0010748487000067
(1622234585.261535) can0 153#200000FF00FF304E
(1622234585.261535) can0 316#4523DC0DA0150073
(1622234585.261536) can0 350#0010948487000087
(1622234585.282047) can0 153#200000FF00FF506E
(1622234585.282049) can0 316#4523DC0DA0150073
(1622234585.282049) can0 350#0010B484870000A7
(1622234585.302551) can0 153#200000FF00FF708E
(1622234585.302552) can0 316#4523DC0DD4150073
(1622234585.302552) can0 153#200000FF00FF90AE
(1622234585.323208) can0 316#4523DC0DD4150073
(1622234585.323209) can0 18F#0000000000000000
(1622234585.323210) can0 153#200000FF00FFB0CE
(1622234585.343562) can0 316#4523DC0DD4150073
(1622234585.343564) can0 18F#0000000000000000
(1622234585.343564) can0 153#200000FF00FFD0EE
(1622234585.364141) can0 316#4523DC0DCC150073
(1622234585.364142) can0 18F#0000000000000000
(1622234585.364143) can0 153#200000FF00FF001E
(1622234585.384632) can0 316#4523DC0DCC150073
(1622234585.384633) can0 18F#0000000000000000
(1622234585.384634) can0 153#200000FF00FF203E
(1622234585.405049) can0 316#4523DC0DD0150073
(1622234585.405051) can0 18F#0000000000000000
(1622234585.405052) can0 18F#0000000000000000
(1622234585.425572) can0 329#00A87F1511200014
(1622234585.425574) can0 382#00000015AC000000
(1622234585.425575) can0 329#00A97F1511200014
(1622234585.446054) can0 382#00000016AE000000
(1622234585.446055) can0 545#DC00000000000000
(1622234585.446056) can0 545#DC00000000000000
(1622234585.466646) can0 220#090400000000E00F
(1622234585.466647) can0 4F0#4007D000002CAC09
(1622234585.466648) can0 220#FA0300000000E60F
(1622234585.487055) can0 4F0#4007D200002CAC09
(1622234585.487056) can0 2B0#1700000732
(1622234585.487057) can0 220#FD0300000000ED0F
(1622234585.507845) can0 4F0#4007D400002CAC09
(1622234585.507847) can0 2B0#1700000754
(1622234585.507848) can0 220#120400000000E60F
(1622234585.528068) can0 4F0#4007D600002CAC09
(1622234585.528069) can0 4F1#5003000000000000
(1622234585.528070) can0 220#F90300000000F30F
(1622234585.548671) can0 4F0#4007D800002CAC09
(1622234585.548672) can0 2B0#1700000798
(1622234585.548673) can0 220#050400000000E60F
(1622234585.569175) can0 4F0#4007DA00002CAC09
(1622234585.569176) can0 2B0#17000007BA
(1622234585.569177) can0 220#F20300000000F90F
(1622234585.589646) can0 4F0#4007DC00002CAC09
(1622234585.589647) can0 2B0#17000007DC
(1622234585.589648) can0 220#040400000000ED0F
(1622234585.610313) can0 4F0#4007DE00002CAC09
(1622234585.610314) can0 2B0#17000007FE
(1622234585.610315) can0 220#FF0300000000ED0F
(1622234585.630694) can0 4F0#4007E000002CAC09
(1622234585.630696) can0 4F1#5003000000000000
(1622234585.630697) can0 4F0#4007E200002CAC09
(1622234585.651112) can0 2B0#1700000732
(1622234585.651114) can0 350#0010E484870000F7
(1622234585.651115) can0 4F0#4007E400002CAC09
(1622234585.671589) can0 2B0#1700000754
(1622234585.671590) can0 350#0010048487000017
(1622234585.671591) can0 2B0#1700000776
(1622234585.692197) can0 350#0010248487000037
(1622234585.692198) can0 153#200000FF00FF102E
(1622234585.692199) can0 350#0010448487000057
(1622234585.712865) can0 153#200000FF00FF304E
(1622234585.712866) can0 316#4523DC0DDC150073
(1622234585.712867) can0 350#0010648487000077
(1622234585.733273) can0 5FA#3000000000000000
(1622234585.733274) can0 153#200000FF00FF506E
(1622234585.733275) can0 5F0#0100
(1622234585.753688) can0 153#200000FF00FF708E
(1622234585.753689) can0 316#4523DC0DAC150073
(1622234585.753690) can0 153#200000FF00FF90AE
(1622234585.774392) can0 316#4523DC0DB8150073
(1622234585.774394) can0 18F#0000000000000000
(1622234585.774395) can0 153#200000FF00FFB0CE
(1622234585.794669) can0 316#4523DC0DB8150073
(1622234585.794675) can0 18F#0000000000000000
(1622234585.794675) can0 153#200000FF00FFD0EE
(1622234585.815105) can0 316#4523DC0DC8150073
(1622234585.815107) can0 18F#0000000000000000
(1622234585.815108) can0 316#4523DC0DF0150073
(1622234585.835637) can0 18F#0000000000000000
(1622234585.835638) can0 329#00A87F1511200014
(1622234585.835639) can0 316#4523DC0DF0150073
(1622234585.856145) can0 18F#0000000000000000
(1622234585.856146) can0 329#00A97F1511200014
(1622234585.856147) can0 18F#0000000000000000
(1622234585.876729) can0 329#00A97F1511200014
(1622234585.876730) can0 382#00000015AD000000
(1622234585.897251) can0 545#DC00000000000000
(1622234585.897252) can0 220#FF0300000000E00F
(1622234585.897253) can0 220#F70300000000ED0F
(1622234585.917638) can0 1F1#00B44B0000000000
(1622234585.917640) can0 2B0#17000007CD
(1622234585.917641) can0 220#040400000000ED0F
(1622234585.938139) can0 1F1#00B44A0000000000
(1622234585.938140) can0 2B0#17000007EF
(1622234585.938141) can0 220#F50300000000ED0F
(1622234585.958642) can0 1F1#00B44A0000000000
(1622234585.958644) can0 2B0#1700000701
(1622234585.958645) can0 220#020400000000E00F
(1622234585.979153) can0 1F1#00B44A0000000000
(1622234585.979154) can0 2C0#3000000000000000
(1622234585.979155) can0 220#FF0300000000E00F
(1622234585.999639) can0 1F1#00B4490000000000
(1622234585.999640) can0 2B0#1700000745
(1622234585.999641) can0 220#FD0300000000ED0F
(1622234586.020305) can0 1F1#00B4490000000000
(1622234586.020306) can0 2B0#1700000767
(1622234586.020307) can0 220#040400000000ED0F
(1622234586.040764) can0 1F1#00B4480000000000
(1622234586.040766) can0 2B0#1700000789
(1622234586.040777) can0 220#FC0300000000F30F
(1622234586.061160) can0 1F1#00B4480000000000
(1622234586.061161) can0 2B0#17000007AB
(1622234586.061166) can0 2C0#3000000000000000
(1622234586.081656) can0 2B0#17000007CD
(1622234586.081657) can0 350#0010948487000087
(1622234586.081658) can0 2B0#17000007EF
(1622234586.102151) can0 350#0010B484870000A7
(1622234586.102152) can0 153#200000FF00FFC0DE
(1622234586.102153) can0 2B0#1700000701
(1622234586.122700) can0 350#0010D484870000C7
(1622234586.122701) can0 153#200000FF00FFE0FE
(1622234586.122702) can0 2B0#1700000723
(1622234586.143182) can0 350#0010F484870000E7
(1622234586.143184) can0 153#200000FF00FF102E
(1622234586.143185) can0 153#200000FF00FF304E
(1622234586.163646) can0 316#4523DC0DB8150073
(1622234586.163647) can0 18F#0000000000000000
(1622234586.163648) can0 153#200000FF00FF506E
(1622234586.184201) can0 316#4523DC0DC8150073
(1622234586.184202) can0 18F#0000000000000000
(1622234586.184203) can0 153#200000FF00FF708E
(1622234586.204726) can0 316#4523DC0DC8150073
(1622234586.204727) can0 18F#0000000000000000
(1622234586.204728) can0 153#200000FF00FF90AE
(1622234586.225170) can0 316#4523DC0DA4150073
(1622234586.225171) can0 18F#0000000000000000
(1622234586.225172) can0 153#200000FF00FFB0CE
(1622234586.245695) can0 316#4523DC0DC4150073
(1622234586.245696) can0 18F#0000000000000000
(1622234586.245697) can0 316#4523DC0DC4150073
(1622234586.266184) can0 18F#0000000000000000
(1622234586.266185) can0 329#00A97F1511200014
(1622234586.266186) can0 18F#0000000000000000
(1622234586.286787) can0 329#00A87F1511200014
(1622234586.286788) can0 382#00000015AD000000
(1622234586.286789) can0 382#00000015AD000000
(1622234586.307185) can0 545#DC00000000000000
(1622234586.307186) can0 220#FF0300000000E60F
(1622234586.307187) can0 220#FD0300000000ED0F
(1622234586.327798) can0 4F0#40092600002CAC09
(1622234586.327800) can0 4F1#5003000000000000
(1622234586.327800) can0 220#0D0400000000E60F
(1622234586.348222) can0 4F0#40092800002CAC09
(1622234586.348223) can0 2B0#1600000788
(1622234586.348223) can0 220#F50300000000ED0F
(1622234586.368689) can0 4F0#40092A00002CAC09
(1622234586.368690) can0 2B0#16000007AA
(1622234586.368691) can0 220#FF0300000000F90F
(1622234586.389358) can0 4F0#40092C00002CAC09
(1622234586.389359) can0 2B0#16000007CC
(1622234586.389360) can0 220#FF0300000000ED0F
(1622234586.409774) can0 4F0#40092E00002CAC09
(1622234586.409775) can0 2B0#16000007EE
(1622234586.409776) can0 220#FF0300000000FF0F
(1622234586.430212) can0 4F0#40093000002CAC09
(1622234586.430214) can0 4F1#5003000000000000
(1622234586.430214) can0 220#0A0400000000E60F
(1622234586.450287) can0 4F0#400A3200002CAC09
(1622234586.450287) can0 350#0010E484870000F7
(1622234586.450288) can0 4F0#400A3400002CAC09
(1622234586.470804) can0 350#0010048487000017
(1622234586.470805) can0 2B0#1600000744
(1622234586.470806) can0 350#0010248487000037
(1622234586.491302) can0 2B0#1600000766
(1622234586.491304) can0 153#200000FF00FF607E
(1622234586.491305) can0 350#0010448487000057
(1622234586.511835) can0 2B0#1600000788
(1622234586.511836) can0 153#200000FF00FF809E
(1622234586.511838) can0 350#0010648487000077
(1622234586.532326) can0 2B0#16000007AA
(1622234586.532327) can0 153#200000FF00FFA0BE
(1622234586.532333) can0 153#200000FF00FFC0DE
(1622234586.552878) can0 316#4523DC0DC0150073
(1622234586.552879) can0 18F#0000000000000000
(1622234586.552880) can0 153#200000FF00FFE0FE
(1622234586.573389) can0 316#4523DC0DC0150073
(1622234586.573391) can0 18F#0000000000000000
(1622234586.573391) can0 153#200000FF00FF102E
(1622234586.593907) can0 316#4523DC0DD8150073
(1622234586.593908) can0 18F#0000000000000000
(1622234586.593909) can0 153#200000FF00FF304E
(1622234586.614318) can0 316#4523DC0DB0150073
(1622234586.614319) can0 18F#0000000000000000
(1622234586.614320) can0 153#200000FF00FF506E
(1622234586.634828) can0 316#4523DC0DB0150073
(1622234586.634829) can0 18F#0000000000000000
(1622234586.634830) can0 153#200000FF00FF708E
(1622234586.655695) can0 316#4523DC0DCC150073
(1622234586.655696) can0 18F#0000000000000000
(1622234586.655697) can0 18F#0000000000000000
(1622234586.676204) can0 329#00A87F1511200014
(1622234586.676205) can0 382#00000015AE000000
(1622234586.676206) can0 382#00000015AD000000
(1622234586.696687) can0 545#DC00000000000000
(1622234586.696688) can0 220#FF0300000000E60F
(1622234586.696689) can0 220#040400000000F30F
(1622234586.717260) can0 1F1#00B4490000000000
(1622234586.717262) can0 350#0010948487000087
(1622234586.717263) can0 220#EC0300000000F90F
(1622234586.737820) can0 1F1#00B4460000000000
(1622234586.737822) can0 350#0010B484870000A7
(1622234586.737823) can0 5F0#0100
(1622234586.758320) can0 220#0D0400000000E60F
(1622234586.758321) can0 1F1#00B4440000000000
(1622234586.758322) can0 220#FA0300000000E00F
(1622234586.778859) can0 1F1#00B4430000000000
(1622234586.778860) can0 2C0#3000000000000000
(1622234586.778860) can0 220#020400000000F30F
(1622234586.799365) can0 1F1#00B4470000000000
(1622234586.799366) can0 350#0010148487000007
(1622234586.799366) can0 220#020400000000DA0F
(1622234586.819936) can0 1F1#00B4490000000000
(1622234586.819937) can0 350#0010348487000027
(1622234586.819938) can0 220#FA0300000000FF0F
(1622234586.840384) can0 1F1#00B44D0000000000
(1622234586.840385) can0 350#0010548487000047
(1622234586.840385) can0 220#FF0300000000F30F
(1622234586.860867) can0 1F1#00B44E0000000000
(1622234586.860868) can0 350#0010748487000067
(1622234586.860868) can0 2C0#3000000000000000
(1622234586.881529) can0 350#0010948487000087
(1622234586.881530) can0 2B0#16000007DD
(1622234586.881531) can0 350#0010B484870000A7
(1622234586.901940) can0 2B0#16000007FF
(1622234586.901942) can0 153#200000FF00FF203E
(1622234586.901943) can0 350#0010D484870000C7
(1622234586.922431) can0 2B0#1600000711
(1622234586.922435) can0 153#200000FF00FF405E
(1622234586.922436) can0 350#0010F484870000E7
(1622234586.942999) can0 2B0#1600000733
(1622234586.943000) can0 153#200000FF00FF607E
(1622234586.943001) can0 2B0#1600000755
(1622234586.963395) can0 153#200000FF00FF809E
(1622234586.963397) can0 316#4523DC0DBC150073
(1622234586.963398) can0 153#200000FF00FFA0BE
(1622234586.983967) can0 316#4523DC0DBC150073
(1622234586.983968) can0 18F#0000000000000000
(1622234586.983969) can0 153#200000FF00FFC0DE
(1622234587.004776) can0 316#4523DC0DC0150073
(1622234587.004777) can0 18F#0000000000000000
(1622234587.004778) can0 153#200000FF00FFE0FE
(1622234587.024955) can0 316#4523DC0DB8150073
(1622234587.024958) can0 18F#0000000000000000
(1622234587.024959) can0 153#200000FF00FF102E
(1622234587.045582) can0 316#4523DC0DB8150073
(1622234587.045593) can0 18F#0000000000000000
(1622234587.045594) can0 153#200000FF00FF304E
(1622234587.065851) can0 316#4523DC0DD4150073
(1622234587.065857) can0 18F#0000000000000000
(1622234587.065858) can0 18F#0000000000000000
(1622234587.086307) can0 329#00A87F1511200014
(1622234587.086308) can0 382#00000015AE000000
(1622234587.086309) can0 382#00000015AD000000
(1622234587.107185) can0 545#DC00000000000000
(1622234587.107186) can0 220#FA0300000000F30F
(1622234587.107187) can0 220#010400000000E60F
(1622234587.127347) can0 4F0#400A7600002CAC09
(1622234587.127348) can0 4F1#5003000000000000
(1622234587.127349) can0 220#F20300000000F90F
(1622234587.147808) can0 4F0#400A7800002CAC09
(1622234587.147810) can0 350#0010448487000057
(1622234587.147811) can0 220#0F0400000000E00F
(1622234587.168224) can0 4F0#400A7A00002CAC09
(1622234587.168225) can0 350#0010648487000077
(1622234587.168226) can0 220#FD0300000000E60F
(1622234587.188782) can0 4F0#400A7C00002CAC09
(1622234587.188783) can0 350#0010848487000097
(1622234587.188783) can0 220#010400000000F30F
(1622234587.209295) can0 4F0#400A7E00002CAC09
(1622234587.209296) can0 350#0010A484870000B7
(1622234587.209296) can0 220#020400000000F30F
(1622234587.229878) can0 4F0#400A8000002CAC09
(1622234587.229880) can0 4F1#5003000000000000
(1622234587.229881) can0 220#F50300000000F30F
(1622234587.250372) can0 4F0#400A8200002CAC09
(1622234587.250373) can0 220#020400000000F90F
(1622234587.270913) can0 4F0#400A8400002CAC09
(1622234587.270914) can0 350#0010048487000017
(1622234587.270915) can0 4F0#400A8600002CAC09
(1622234587.291399) can0 350#0010248487000037
(1622234587.291401) can0 2B0#1600000766
(1622234587.291402) can0 350#0010448487000057
(1622234587.311885) can0 2B0#1600000788
(1622234587.311887) can0 153#200000FF00FFD0EE
(1622234587.311888) can0 350#0010648487000077
(1622234587.332371) can0 2B0#16000007AA
(1622234587.332372) can0 153#200000FF00FF001E
(1622234587.332374) can0 2B0#16000007CC
(1622234587.352977) can0 153#200000FF00FF203E
(1622234587.352979) can0 316#4523DC0DD0150073
(1622234587.352980) can0 2B0#16000007EE
(1622234587.373410) can0 153#200000FF00FF405E
(1622234587.373411) can0 316#4523DC0DC8150073
(1622234587.373412) can0 2B0#1600000700
(1622234587.393931) can0 153#200000FF00FF607E
(1622234587.393933) can0 316#4523DC0DC8150073
(1622234587.393934) can0 153#200000FF00FF809E
(1622234587.414426) can0 316#4523DC0DDC150073
(1622234587.414427) can0 18F#0000000000000000
(1622234587.414429) can0 153#200000FF00FFA0BE
(1622234587.434905) can0 316#4523DC0DBC150073
(1622234587.434907) can0 18F#0000000000000000
(1622234587.434908) can0 153#200000FF00FFC0DE
(1622234587.455435) can0 316#4523DC0DBC150073
(1622234587.455436) can0 18F#0000000000000000
(1622234587.455438) can0 153#200000FF00FFE0FE
(1622234587.475912) can0 316#4523DC0DD0150073
(1622234587.475913) can0 18F#0000000000000000
(1622234587.475914) can0 18F#0000000000000000
(1622234587.496438) can0 329#00A87F1511200014
(1622234587.496439) can0 382#00000015AD000000
(1622234587.496440) can0 382#00000015AD000000
(1622234587.517068) can0 545#DC00000000000000
(1622234587.517070) can0 220#F40300000000FF0F
(1622234587.517071) can0 220#020400000000F90F
(1622234587.537509) can0 1F1#00B4490000000000
(1622234587.537510) can0 350#0010B484870000A7
(1622234587.537511) can0 220#F70300000000ED0F
(1622234587.557888) can0 1F1#00B4480000000000
(1622234587.557889) can0 350#0010D484870000C7
(1622234587.557890) can0 220#0C0400000000F90F
(1622234587.578441) can0 1F1#00B4480000000000
(1622234587.578443) can0 2C0#3000000000000000
(1622234587.578444) can0 220#FF0300000000F30F
(1622234587.598937) can0 1F1#00B4470000000000
(1622234587.598939) can0 350#0010148487000007
(1622234587.598940) can0 220#F70300000000ED0F
(1622234587.619557) can0 1F1#00B4470000000000
(1622234587.619559) can0 350#0010348487000027
(1622234587.619560) can0 220#050400000000ED0F
(1622234587.639982) can0 1F1#00B4460000000000
(1622234587.639984) can0 350#0010548487000047
(1622234587.639985) can0 220#F20300000000F30F
(1622234587.660361) can0 1F1#00B4450000000000
(1622234587.660362) can0 350#0010748487000067
(1622234587.660363) can0 220#010400000000E00F
(1622234587.680909) can0 1F1#00B4450000000000
(1622234587.680910) can0 2C0#3000000000000000
(1622234587.680911) can0 350#0010B484870000A7
(1622234587.701462) can0 2B0#16000007FF
(1622234587.701463) can0 153#200000FF00FF708E
(1622234587.701464) can0 350#0010D484870000C7
(1622234587.722100) can0 2B0#1600000711
(1622234587.722102) can0 153#200000FF00FF90AE
(1622234587.722103) can0 350#0010F484870000E7
(1622234587.742430) can0 2B0#1600000733
(1622234587.742432) can0 153#200000FF00FFB0CE
(1622234587.742433) can0 5F0#0100
(1622234587.763026) can0 2B0#1600000755
(1622234587.763027) can0 153#200000FF00FFD0EE
(1622234587.763029) can0 2B0#1600000777
(1622234587.783462) can0 153#200000FF00FF001E
(1622234587.783463) can0 316#4523DC0DB4150073
(1622234587.783464) can0 2B0#1600000799
(1622234587.804057) can0 153#200000FF00FF203E
(1622234587.804059) can0 316#4523DC0DD0150073
(1622234587.804060) can0 153#200000FF00FF405E
(1622234587.824481) can0 316#4523DC0DD0150073
(1622234587.824482) can0 18F#0000000000000000
(1622234587.824484) can0 153#200000FF00FF607E
(1622234587.844955) can0 316#4523DC0DB8150073
(1622234587.844957) can0 18F#0000000000000000
(1622234587.844958) can0 153#200000FF00FF809E
(1622234587.865425) can0 316#4523DC0DB8150073
(1622234587.865427) can0 18F#0000000000000000
(1622234587.865428) can0 153#200000FF00FFA0BE
(1622234587.886036) can0 316#4523DC0DCC150073
(1622234587.886037) can0 18F#0000000000000000
(1622234587.886038) can0 316#4523DC0DCC150073
(1622234587.906546) can0 18F#0000000000000000
(1622234587.906547) can0 329#00A87F1511200014
(1622234587.906548) can0 329#00A87F1511200014
(1622234587.926962) can0 382#00000015AD000000
(1622234587.926964) can0 545#DC00000000000000
(1622234587.926965) can0 545#DC00000000000000
(1622234587.947467) can0 4F0#4008C800002CAC09
(1622234587.947468) can0 220#070400000000E60F
(1622234587.947469) can0 220#F40300000000ED0F
(1622234587.967885) can0 4F0#4008CA00002CAC09
(1622234587.967886) can0 350#0010648487000077
(1622234587.967886) can0 220#010400000000E60F
(1622234587.988361) can0 4F0#4008CC00002CAC09
(1622234587.988363) can0 350#0010848487000097
(1622234587.988364) can0 220#090400000000ED0F
(1622234588.008911) can0 4F0#4008CE00002CAC09
(1622234588.008912) can0 350#0010A484870000B7
(1622234588.008912) can0 220#F50300000000FF0F
(1622234588.029419) can0 4F0#4008D000002CAC09
(1622234588.029420) can0 4F1#5003000000000000
(1622234588.029421) can0 220#0A0400000000E00F
(1622234588.049911) can0 4F0#4008D200002CAC09
(1622234588.049918) can0 350#0010E484870000F7
(1622234588.049919) can0 220#F20300000000E60F
(1622234588.070469) can0 4F0#4008D400002CAC09
(1622234588.070470) can0 350#0010048487000017
(1622234588.070470) can0 220#010400000000DA0F
(1622234588.090926) can0 4F0#4008D600002CAC09
(1622234588.090931) can0 350#0010248487000037
(1622234588.090932) can0 350#0010448487000057
(1622234588.111423) can0 2B0#1600000788
(1622234588.111423) can0 153#200000FF00FF304E
(1622234588.111424) can0 350#0010648487000077
(1622234588.132008) can0 2B0#16000007AA
(1622234588.132009) can0 153#200000FF00FF506E
(1622234588.132010) can0 2B0#16000007CC
(1622234588.152478) can0 153#200000FF00FF708E
(1622234588.152479) can0 18F#0000000000000000
(1622234588.152480) can0 2B0#16000007EE
(1622234588.172992) can0 153#200000FF00FF90AE
(1622234588.172994) can0 18F#0000000000000000
(1622234588.172994) can0 2B0#1600000700
(1622234588.193451) can0 153#200000FF00FFB0CE
(1622234588.193452) can0 18F#0000000000000000
(1622234588.193452) can0 2B0#1600000722
(1622234588.214047) can0 153#200000FF00FFD0EE
(1622234588.214049) can0 18F#0000000000000000
(1622234588.214050) can0 153#200000FF00FF001E
(1622234588.234525) can0 18F#0000000000000000
(1622234588.234529) can0 316#4523DC0DD0150073
(1622234588.234530) can0 153#200000FF00FF203E
(1622234588.255117) can0 18F#0000000000000000
(1622234588.255118) can0 316#4523DC0DD0150073
(1622234588.255119) can0 153#200000FF00FF405E
(1622234588.275454) can0 18F#0000000000000000
(1622234588.275455) can0 316#4523DC0DD0150073
(1622234588.275456) can0 316#4523DC0DF0150073
(1622234588.295940) can0 329#00A77F1511200014
(1622234588.295941) can0 382#00000015AD000000
(1622234588.295942) can0 329#00A77F1511200014
(1622234588.316584) can0 382#00000015AD000000
(1622234588.316585) can0 545#DC00000000000000
(1622234588.316585) can0 545#DC00000000000000
(1622234588.337091) can0 220#F50300000000F30F
(1622234588.337093) can0 1F1#00B43C0000000000
(1622234588.337093) can0 220#070400000000ED0F
(1622234588.357516) can0 1F1#00B43B0000000000
(1622234588.357517) can0 350#0010D484870000C7
(1622234588.357518) can0 220#FF0300000000F30F
(1622234588.377956) can0 1F1#00B4390000000000
(1622234588.377957) can0 2C0#3000000000000000
(1622234588.377958) can0 220#FF0300000000F30F
(1622234588.398462) can0 1F1#00B4390000000000
(1622234588.398463) can0 350#0010148487000007
(1622234588.398463) can0 220#040400000000E60F
(1622234588.418978) can0 1F1#00B4390000000000
(1622234588.418979) can0 350#0010348487000027
(1622234588.418980) can0 220#F20300000000E60F
(1622234588.439422) can0 1F1#00B43C0000000000
(1622234588.439423) can0 350#0010548487000047
(1622234588.439423) can0 220#0A0400000000F30F
(1622234588.459981) can0 1F1#00B43E0000000000
(1622234588.459982) can0 350#0010748487000067
(1622234588.459982) can0 220#F50300000000ED0F
(1622234588.480469) can0 1F1#00B4420000000000
(1622234588.480470) can0 2C0#3000000000000000
(1622234588.480471) can0 220#FA0300000000E00F
(1622234588.502836) can0 1F1#00B4450000000000
(1622234588.502837) can0 350#0010B484870000A7
(1622234588.502838) can0 350#0010D484870000C7
(1622234588.521462) can0 2B0#1600000711
(1622234588.521463) can0 153#200000FF00FFE0FE
(1622234588.521464) can0 350#0010F484870000E7
(1622234588.542099) can0 2B0#1600000733
(1622234588.542101) can0 153#200000FF00FF102E
(1622234588.542115) can0 2B0#1600000755
(1622234588.562888) can0 153#200000FF00FF304E
(1622234588.562890) can0 18F#0000000000000000
(1622234588.562891) can0 2B0#1600000777
(1622234588.583360) can0 153#200000FF00FF506E
(1622234588.583362) can0 18F#0000000000000000
(1622234588.583363) can0 2B0#1600000799
(1622234588.603863) can0 153#200000FF00FF708E
(1622234588.603865) can0 18F#0000000000000000
(1622234588.603866) can0 2B0#16000007BB
(1622234588.624446) can0 153#200000FF00FF90AE
(1622234588.624448) can0 2B0#16000007DD
(1622234588.644958) can0 153#200000FF00FFB0CE
(1622234588.644959) can0 18F#0000000000000000
(1622234588.644960) can0 153#200000FF00FFD0EE
(1622234588.665341) can0 18F#0000000000000000
(1622234588.665343) can0 316#4523DC0DD4150073
(1622234588.665344) can0 153#200000FF00FF001E
(1622234588.685832) can0 18F#0000000000000000
(1622234588.685833) can0 316#4523DC0DD4150073
(1622234588.685834) can0 18F#0000000000000000
(1622234588.706284) can0 316#4523DC0DEC150073
(1622234588.706286) can0 329#00A77F1511200014
(1622234588.706287) can0 329#00A77F1511200014
(1622234588.726811) can0 382#00000015AD000000
(1622234588.726812) can0 545#DC00000000000000
(1622234588.726814) can0 545#DC00000000000000
(1622234588.747366) can0 4F0#40081800002CAC09
(1622234588.747368) can0 220#F90300000000ED0F
(1622234588.747369) can0 5F0#0100
(1622234588.767756) can0 4F0#40081A00002CAC09
(1622234588.767758) can0 220#020400000000F30F
(1622234588.767759) can0 4F0#40081C00002CAC09
(1622234588.788234) can0 220#050400000000F90F
(1622234588.788236) can0 350#0010848487000097
(1622234588.788238) can0 4F0#40081E00002CAC09
(1622234588.808755) can0 220#FA0300000000ED0F
(1622234588.808762) can0 350#0010A484870000B7
(1622234588.808764) can0 4F0#40082000002CAC09
(1622234588.829343) can0 4F1#5003000000000000
(1622234588.829345) can0 220#070400000000F30F
(1622234588.829346) can0 4F0#40082200002CAC09
(1622234588.849884) can0 220#F40300000000ED0F
(1622234588.849885) can0 350#0010E484870000F7
(1622234588.849887) can0 4F0#40082400002CAC09
(1622234588.870461) can0 220#010400000000F90F
(1622234588.870463) can0 350#0010048487000017
(1622234588.870464) can0 220#020400000000ED0F
(1622234588.890856) can0 350#0010248487000037
(1622234588.890857) can0 2B0#1600000766
(1622234588.890858) can0 350#0010448487000057
(1622234588.911272) can0 2B0#1600000788
(1622234588.911274) can0 153#200000FF00FF809E
(1622234588.911275) can0 350#0010648487000077
(1622234588.931834) can0 2B0#16000007AA
(1622234588.931836) can0 153#200000FF00FFA0BE
(1622234588.931837) can0 2B0#16000007CC
(1622234588.952297) can0 153#200000FF00FFC0DE
(1622234588.952299) can0 18F#0000000000000000
(1622234588.952300) can0 2B0#16000007EE
(1622234588.972799) can0 153#200000FF00FFE0FE
(1622234588.972801) can0 18F#0000000000000000
(1622234588.972802) can0 2B0#1600000700
(1622234588.993291) can0 153#200000FF00FF102E
(1622234588.993292) can0 18F#0000000000000000
(1622234588.993294) can0 2B0#1600000722
(1622234589.013835) can0 153#200000FF00FF304E
(1622234589.013836) can0 18F#0000000000000000
(1622234589.013838) can0 2B0#1600000744
(1622234589.034336) can0 153#200000FF00FF506E
(1622234589.034337) can0 18F#0000000000000000
(1622234589.034339) can0 2B0#1600000766
(1622234589.054949) can0 153#200000FF00FF708E
(1622234589.054965) can0 18F#0000000000000000
(1622234589.054967) can0 2B0#1600000788
(1622234589.075452) can0 153#200000FF00FF90AE
(1622234589.075454) can0 18F#0000000000000000
(1622234589.075455) can0 153#200000FF00FFB0CE
(1622234589.095889) can0 18F#0000000000000000
(1622234589.095891) can0 316#4523DC0DE0150073
(1622234589.095892) can0 18F#0000000000000000
(1622234589.116324) can0 316#4523DC0DE0150073
(1622234589.116326) can0 329#00A77F1511200014
(1622234589.116327) can0 329#00A77F1511200014
(1622234589.136898) can0 382#00000015AD000000
(1622234589.136899) can0 545#DC00000000000000
(1622234589.136900) can0 545#DC00000000000000
(1622234589.157508) can0 220#FA0300000200ED0F
(1622234589.157509) can0 1F1#00B4260000000000
(1622234589.157510) can0 5A2#24029102
(1622234589.177816) can0 220#ED0300000000ED0F
(1622234589.177817) can0 1F1#00B4250000000000
(1622234589.177819) can0 220#140400000000E60F
(1622234589.198301) can0 1F1#00B4240000000000
(1622234589.198303) can0 350#0010148487000007
(1622234589.198304) can0 220#F10300000000ED0F
(1622234589.224123) can0 1F1#00B4230000000000
(1622234589.224125) can0 350#0010348487000027
(1622234589.224126) can0 220#120400000000ED0F
(1622234589.239409) can0 1F1#00B4210000000000
(1622234589.239410) can0 350#0010548487000047
(1622234589.239412) can0 220#FD0300000000ED0F
(1622234589.259352) can0 1F1#00B4200000000000
(1622234589.259353) can0 350#0010748486000066
(1622234589.259355) can0 220#FF0300000000F30F
(1622234589.279906) can0 1F1#00B4200000000000
(1622234589.279907) can0 5A0#0600000000000000
(1622234589.279908) can0 220#010400000000ED0F
(1622234589.300417) can0 1F1#00B41F0000000000
(1622234589.300418) can0 350#0010B484860000A6
(1622234589.300419) can0 1F1#00B41F0000000000
(1622234589.321151) can0 350#0010D484860000C6
(1622234589.321153) can0 2B0#1600000711
(1622234589.321155) can0 350#0010F484860000E6
(1622234589.341419) can0 2B0#1600000733
(1622234589.341421) can0 153#200000FF00FF607E
(1622234589.341422) can0 2B0#1600000755
(1622234589.361850) can0 153#200000FF00FF809E
(1622234589.361851) can0 18F#0000000000000000
(1622234589.361853) can0 2B0#1600000777
(1622234589.382365) can0 153#200000FF00FFA0BE
(1622234589.382367) can0 18F#0000000000000000
(1622234589.382368) can0 2B0#1600000799
(1622234589.403002) can0 153#200000FF00FFC0DE
(1622234589.403004) can0 18F#0000000000000000
(1622234589.403005) can0 2B0#16000007BB
(1622234589.423435) can0 153#200000FF00FFE0FE
(1622234589.423437) can0 18F#0000000000000000
(1622234589.423439) can0 2B0#16000007DD
(1622234589.443992) can0 153#200000FF00FF102E
(1622234589.443994) can0 18F#0000000000000000
(1622234589.443995) can0 2B0#16000007FF
(1622234589.464466) can0 153#200000FF00FF304E
(1622234589.464469) can0 18F#0000000000000000
(1622234589.464470) can0 2B0#1600000711
(1622234589.485052) can0 153#200000FF00FF506E
(1622234589.485054) can0 18F#0000000000000000
(1622234589.485056) can0 153#200000FF00FF708E
(1622234589.505455) can0 18F#0000000000000000
(1622234589.505457) can0 316#4523DC0DE8150073
(1622234589.505458) can0 18F#0000000000000000
(1622234589.526001) can0 316#4523DC0DE8150073
(1622234589.526004) can0 329#00A77F1511200014
(1622234589.526005) can0 329#00A67F1511200014
(1622234589.546566) can0 382#00000015AD000000
(1622234589.546568) can0 545#DC00000000000000
(1622234589.546581) can0 545#DC00000000000000
(1622234589.567273) can0 4F0#40036A00002CAC09
(1622234589.567274) can0 220#050400000000E60F
(1622234589.567275) can0 4F0#40036C00002CAC09
(1622234589.587708) can0 220#F10300000000F30F
(1622234589.587709) can0 350#0010848486000096
(1622234589.587710) can0 4F0#40036E00002CAC09
(1622234589.608573) can0 220#150400000000E00F
(1622234589.608575) can0 350#0010A484860000B6
(1622234589.608577) can0 4F0#40037000002CAC09
(1622234589.628766) can0 4F1#5003000000000000
(1622234589.628768) can0 690#0000010000001400
(1622234589.628769) can0 4F0#40027200002CAC09
(1622234589.649017) can0 220#FF0300000000E60F
(1622234589.649019) can0 350#0010E484860000F6
(1622234589.649020) can0 4F0#40027400002CAC09
(1622234589.669410) can0 220#FF0300000000E60F
(1622234589.669411) can0 350#0010048486000016
(1622234589.669412) can0 4F0#40027600002CAC09
(1622234589.689753) can0 220#FC0300000000E00F
(1622234589.689754) can0 350#0010248486000036
(1622234589.689755) can0 220#0C0400000000ED0F
(1622234589.710515) can0 350#0010448486000056
(1622234589.710516) can0 2B0#1600000788
(1622234589.710517) can0 350#0010648486000076
(1622234589.730851) can0 5FA#3000000000000000
(1622234589.730852) can0 2B0#16000007AA
(1622234589.730853) can0 350#0010848486000096
(1622234589.751370) can0 2B0#16000007CC
(1622234589.751371) can0 153#200000FF00FF203E
(1622234589.751372) can0 5F0#0100
(1622234589.771935) can0 2B0#16000007EE
(1622234589.771937) can0 153#200000FF00FF405E
(1622234589.771937) can0 2B0#1600000700
(1622234589.792338) can0 153#200000FF00FF607E
(1622234589.792339) can0 18F#0000000000000000
(1622234589.792340) can0 2B0#1600000722
(1622234589.812869) can0 153#200000FF00FF809E
(1622234589.812870) can0 18F#0000000000000000
(1622234589.812871) can0 2B0#1600000744
(1622234589.833441) can0 153#200000FF00FFA0BE
(1622234589.833442) can0 18F#0000000000000000
(1622234589.833443) can0 2B0#1600000766
(1622234589.854021) can0 153#200000FF00FFC0DE
(1622234589.854022) can0 18F#0000000000000000
(1622234589.854023) can0 2B0#1600000788
(1622234589.874379) can0 153#200000FF00FFE0FE
(1622234589.874381) can0 18F#0000000000000000
(1622234589.874381) can0 2B0#16000007AA
(1622234589.894936) can0 153#200000FF00FF102E
(1622234589.894938) can0 18F#0000000000000000
(1622234589.894938) can0 2B0#16000007CC
(1622234589.915445) can0 316#4523DC0DAC150073
(1622234589.915447) can0 153#200000FF00FF304E
(1622234589.915448) can0 153#200000FF00FF506E
(1622234589.935890) can0 18F#0000000000000000
(1622234589.935891) can0 329#00A77F1511200014
(1622234589.935892) can0 329#00A67F1511200014
(1622234589.956444) can0 382#00000015AD000000
(1622234589.956446) can0 545#DC00000000000000
(1622234589.956447) can0 220#0F0400000000E00F
(1622234589.976896) can0 1F1#00B4030000000000
(1622234589.976898) can0 042#FF00FFFF00000000
(1622234589.976898) can0 220#F10300000900E60F
(1622234589.997403) can0 1F1#00B4030000000000
(1622234589.997405) can0 220#090400008300F30F
(1622234590.017872) can0 1F1#00B4030000000000
(1622234590.017873) can0 350#0010348486000026
(1622234590.017874) can0 220#F5030000DE00E00F
(1622234590.038396) can0 1F1#00B4030000000000
(1622234590.038397) can0 350#0010548486000046
(1622234590.038398) can0 220#050400001801F30F
(1622234590.058935) can0 1F1#00B4030000000000
(1622234590.058945) can0 350#0010748486000066
(1622234590.058946) can0 220#010400003D01E60F
(1622234590.079524) can0 1F1#00B4020000000000
(1622234590.079526) can0 350#0010948486000086
(1622234590.079527) can0 220#FC0300007301E60F
(1622234590.099903) can0 1F1#00B4020000000000
(1622234590.099905) can0 350#0010B484860000A6
(1622234590.099906) can0 220#04040000A601E60F
(1622234590.120449) can0 1F1#00B4020000000000
(1622234590.120450) can0 350#0010D484860000C6
(1622234590.120452) can0 1F1#00B4020000000000
(1622234590.141094) can0 350#0010F484860000E6
(1622234590.141095) can0 2B0#1600000733
(1622234590.141096) can0 2B0#1600000755
(1622234590.161468) can0 316#4523DC0DC0150073
(1622234590.161469) can0 153#200000FF00FFD0EE
(1622234590.161470) can0 2B0#1600000777
(1622234590.181983) can0 316#4523DC0DE4150073
(1622234590.181984) can0 153#200000FF00FF001E
(1622234590.181985) can0 2B0#1600000799
(1622234590.202401) can0 316#4523DC0DE4150073
(1622234590.202402) can0 153#200000FF00FF203E
(1622234590.202403) can0 2B0#16000007BB
(1622234590.223010) can0 18F#0000000000000000
(1622234590.223011) can0 153#200000FF00FF405E
(1622234590.223012) can0 2B0#16000007DD
(1622234590.243435) can0 316#4523DC0DE0150073
(1622234590.243436) can0 153#200000FF00FF607E
(1622234590.243437) can0 2B0#16000007FF
(1622234590.264052) can0 153#200000FF00FF809E
(1622234590.264053) can0 18F#0000000000000000
(1622234590.264054) can0 2B0#1600000711
(1622234590.284518) can0 153#200000FF00FFA0BE
(1622234590.284519) can0 18F#0000000000000000
(1622234590.284520) can0 2B0#1600000733
(1622234590.304954) can0 153#200000FF00FFC0DE
(1622234590.304955) can0 18F#0000000000000000
(1622234590.304956) can0 2B0#1600000755
(1622234590.325424) can0 153#200000FF00FFE0FE
(1622234590.325426) can0 18F#0000000000000000
(1622234590.325426) can0 18F#0000000000000000
(1622234590.345956) can0 316#4523DC0E14150073
(1622234590.345957) can0 329#00A67F1511200014
(1622234590.345958) can0 329#00A67F1511200014
(1622234590.366415) can0 382#00000017AD000000
(1622234590.366416) can0 545#DC00000000000000
(1622234590.366417) can0 545#DC00000000000000
(1622234590.387158) can0 4F0#4000BC00002CAC09
(1622234590.387160) can0 220#070400006902F30F
(1622234590.387164) can0 4F0#4000BE00002CAC09
(1622234590.407665) can0 220#F90300006E02E60F
(1622234590.407666) can0 350#0010A484860000B6
(1622234590.407667) can0 4F0#4000C000002CAC09
(1622234590.427956) can0 4F1#5003000000000000
(1622234590.427958) can0 690#0000010000003400
(1622234590.427958) can0 4F0#4000C200002CAC09
(1622234590.448446) can0 220#040400006702ED0F
(1622234590.448446) can0 350#0010E484860000F6
(1622234590.448447) can0 4F0#4000C400002CAC09
(1622234590.468959) can0 220#F20300006902F90F
(1622234590.468960) can0 350#0010048486000016
(1622234590.468961) can0 220#070400006902E60F
(1622234590.489563) can0 350#0010248486000036
(1622234590.489565) can0 316#4523DC0E14150073
(1622234590.489566) can0 220#F20300006902F30F
(1622234590.509950) can0 350#0010448486000056
(1622234590.509951) can0 316#4523DC0DF0150073
(1622234590.509952) can0 220#FF0300006902ED0F
(1622234590.530410) can0 350#0010648486000076
(1622234590.530411) can0 316#4523DC0DF0150073
(1622234590.530411) can0 316#4523DC0DD4150073
(1622234590.550971) can0 153#200000FF00FF708E
(1622234590.550973) can0 18F#0000000000000000
(1622234590.550982) can0 316#4523DC0DD4150073
(1622234590.571194) can0 153#200000FF00FF90AE
(1622234590.571195) can0 18F#0000000000000000
(1622234590.571195) can0 316#4523DC0DFC150073
(1622234590.591708) can0 153#200000FF00FFB0CE
(1622234590.591710) can0 18F#0000000000000000
(1622234590.591710) can0 316#4523DC0DFC150073
(1622234590.612156) can0 153#200000FF00FFD0EE
(1622234590.612158) can0 18F#0000000000000000
(1622234590.612158) can0 316#4523DC0DFC150073
(1622234590.632661) can0 153#200000FF00FF001E
(1622234590.632662) can0 18F#0000000000000000
(1622234590.632663) can0 316#4523DC0E00150073
(1622234590.653204) can0 153#200000FF00FF203E
(1622234590.653206) can0 18F#0000000000000000
(1622234590.653206) can0 316#4523DC0E00150073
(1622234590.673993) can0 153#200000FF00FF405E
(1622234590.673994) can0 18F#0000000000000000
(1622234590.673995) can0 316#4523DC0DF4150073
(1622234590.694486) can0 153#200000FF00FF607E
(1622234590.694487) can0 18F#0000000000000000
(1622234590.694488) can0 316#4523DC0DF4150073
(1622234590.715022) can0 153#200000FF00FF809E
(1622234590.715023) can0 18F#0000000000000000
(1622234590.715024) can0 5FA#3000000000000000
(1622234590.735489) can0 316#4523DC0DFC150073
(1622234590.735490) can0 153#200000FF00FFA0BE
(1622234590.735491) can0 316#4523DC0DF4150073
