(1597097632.962152) can0 2B0#30FF0007D9
(1597097632.962154) can0 350#0010249C9C000034
(1597097632.962154) can0 690#0000010000000C00
(1597097632.982740) can0 153#202100FF00FFD00F
(1597097632.982740) can0 2B0#30FF0007FB
(1597097632.982741) can0 153#202100FF00FF003F
(1597097633.003211) can0 2B0#30FF00079D
(1597097633.003213) can0 350#0010649C9C000074
(1597097633.003214) can0 153#202100FF00FF205F
(1597097633.024502) can0 2B0#30FF0007BF
(1597097633.024504) can0 350#0010849C9C000094
(1597097633.024506) can0 153#202100FF00FF407F
(1597097633.044872) can0 2B0#30FF000751
(1597097633.044874) can0 350#0010A49C9C0000B4
(1597097633.044875) can0 153#202100FF00FF609F
(1597097633.065257) can0 2B0#30FF000773
(1597097633.065259) can0 350#0010C49C9C0000D4
(1597097633.065261) can0 153#202100FF00FF80BF
(1597097633.085751) can0 2B0#30FF000715
(1597097633.085754) can0 350#0010E49C9C0000F4
(1597097633.085755) can0 153#202100FF00FFA0DF
(1597097633.106279) can0 2B0#30FF000737
(1597097633.106282) can0 350#0010049C9C000014
(1597097633.106283) can0 350#0010249C9C000034
(1597097633.126924) can0 220#0D04000002002410
(1597097633.126926) can0 1F1#0800000000000000
(1597097633.126928) can0 350#0010449C9C000054
(1597097633.147347) can0 220#0D04000002001810
(1597097633.147349) can0 1F1#0800000000000000
(1597097633.147351) can0 350#0010649C9C000074
(1597097633.167842) can0 220#0D04000002002410
(1597097633.167844) can0 1F1#0800000000000000
(1597097633.167846) can0 350#0010849C9C000094
(1597097633.188574) can0 220#0D04000002003710
(1597097633.188576) can0 1F1#0800000000000000
(1597097633.188577) can0 350#0010A49C9C0000B4
(1597097633.208990) can0 220#0D04000000002410
(1597097633.208992) can0 1F1#0800000000000000
(1597097633.208993) can0 350#0010C49C9C0000D4
(1597097633.229594) can0 220#0D04000002003110
(1597097633.229596) can0 1F1#0800000000000000
(1597097633.229597) can0 350#0010E49C9C0000F4
(1597097633.249472) can0 220#0D04000000003D10
(1597097633.249474) can0 1F1#0800000000000000
(1597097633.249475) can0 350#0010049C9C000014
(1597097633.269964) can0 220#0D04000002003710
(1597097633.269966) can0 1F1#0800000000000000
(1597097633.269968) can0 350#0010249C9C000034
(1597097633.290517) can0 220#0D04000002003710
(1597097633.290519) can0 1F1#0800000000000000
(1597097633.290520) can0 350#0010449C9C000054
(1597097633.311337) can0 220#0D04000002002410
(1597097633.311339) can0 1F1#0800000000000000
(1597097633.311341) can0 220#0D04000002000B10
(1597097633.331924) can0 1F1#0800000000000000
(1597097633.331927) can0 153#202100FF00FF306F
(1597097633.331928) can0 153#202100FF00FF508F
(1597097633.352652) can0 2B0#30FF000740
(1597097633.352655) can0 350#0010949C9C000084
(1597097633.352656) can0 153#202100FF00FF70AF
(1597097633.373264) can0 2B0#30FF000762
(1597097633.373266) can0 350#0010B49C9C0000A4
(1597097633.373267) can0 2C0#3500000000000000
(1597097633.393863) can0 153#202100FF00FF90CF
(1597097633.393874) can0 2B0#30FF000704
(1597097633.393875) can0 153#202100FF00FFB0EF
(1597097633.414322) can0 2B0#30FF000726
(1597097633.414324) can0 350#0010F49C9C0000E4
(1597097633.414325) can0 153#202100FF00FFD00F
(1597097633.434951) can0 2B0#30FF0007C8
(1597097633.434971) can0 350#0010149C9C000004
(1597097633.434972) can0 153#202100FF00FF003F
(1597097633.455580) can0 2B0#30FF0007EA
(1597097633.455583) can0 5F0#0100
(1597097633.455584) can0 153#202100FF00FF205F
(1597097633.476114) can0 2B0#30FF00078C
(1597097633.476116) can0 350#0010549C9C000044
(1597097633.476118) can0 5A0#0600000000000000
(1597097633.496676) can0 2C0#3500000000000000
(1597097633.496678) can0 153#202100FF00FF407F
(1597097633.496680) can0 153#202100FF00FF609F
(1597097633.517383) can0 2B0#30FF000740
(1597097633.517385) can0 350#0010949C9C000084
(1597097633.517387) can0 153#202100FF00FF80BF
(1597097633.538072) can0 2B0#30FF000762
(1597097633.538074) can0 350#0010B49C9C0000A4
(1597097633.538076) can0 153#202100FF00FFA0DF
(1597097633.558643) can0 2B0#30FF000704
(1597097633.558645) can0 350#0010D49C9C0000C4
(1597097633.558647) can0 153#202100FF00FFC0FF
(1597097633.578836) can0 2B0#30FF000726
(1597097633.578838) can0 350#0010F49C9C0000E4
(1597097633.578840) can0 2C0#3500000000000000
(1597097633.599439) can0 153#202100FF00FFE01F
(1597097633.599440) can0 2B0#30FF0007C8
(1597097633.599442) can0 2B0#30FF0007EA
(1597097633.619992) can0 350#0010349C9C000024
(1597097633.619994) can0 220#0D04000002001810
(1597097633.619996) can0 2B0#30FF00078C
(1597097633.640492) can0 350#0010549C9C000044
(1597097633.640494) can0 220#0D04000002003110
(1597097633.640495) can0 350#0010749C9C000064
(1597097633.661368) can0 5F0#0100
(1597097633.661370) can0 220#0D04000002002410
(1597097633.661371) can0 350#0010949C9C000084
(1597097633.681863) can0 220#0D04000002002A10
(1597097633.681865) can0 4F0#C000E20000A41311
(1597097633.681867) can0 350#0010B49C9C0000A4
(1597097633.702415) can0 220#0D04000000001810
(1597097633.702417) can0 4F0#C000E40000A41311
(1597097633.702419) can0 350#0010D49C9C0000C4
(1597097633.722427) can0 220#0D04000002001810
(1597097633.722429) can0 4F0#C000E60000A41311
(1597097633.722431) can0 350#0010F49C9C0000E4
(1597097633.742874) can0 220#0D04000000001110
(1597097633.742876) can0 4F0#C000E80000A41311
(1597097633.742877) can0 350#0010149C9C000004
(1597097633.763501) can0 220#0D04000002004310
(1597097633.763503) can0 4F0#C000EA0000A41311
(1597097633.763504) can0 350#0010349C9C000024
(1597097633.784133) can0 220#0D04000002002410
(1597097633.784135) can0 4F0#C000EC0000A41311
(1597097633.784137) can0 220#0D04000000004310
(1597097633.804697) can0 4F0#C000EE0000A41311
(1597097633.804699) can0 153#202100FF00FF508F
(1597097633.804701) can0 4F0#C000F00000A41311
(1597097633.824979) can0 153#202100FF00FF70AF
(1597097633.824981) can0 2B0#30FF0007BF
(1597097633.824982) can0 4F0#C000F20000A41311
(1597097633.845499) can0 153#202100FF00FF90CF
(1597097633.845501) can0 2B0#30FF000751
(1597097633.845502) can0 153#202100FF00FFB0EF
(1597097633.865551) can0 2B0#30FF000773
(1597097633.865553) can0 350#0010C49C9C0000D4
(1597097633.865554) can0 153#202100FF00FFD00F
(1597097633.886101) can0 2B0#30FF000715
(1597097633.886103) can0 153#202100FF00FF003F
(1597097633.906638) can0 2B0#30FF000737
(1597097633.906640) can0 350#0010049C9C000014
(1597097633.906641) can0 153#202100FF00FF205F
(1597097633.927030) can0 2B0#30FF0007D9
(1597097633.927032) can0 350#0010249C9C000034
(1597097633.927033) can0 153#202100FF00FF407F
(1597097633.948022) can0 2B0#30FF0007FB
(1597097633.948024) can0 350#0010449C9C000054
(1597097633.948025) can0 153#202100FF00FF609F
(1597097633.968537) can0 2B0#30FF00079D
(1597097633.968539) can0 350#0010649C9C000074
(1597097633.968540) can0 153#202100FF00FF80BF
(1597097633.989141) can0 2B0#30FF0007BF
(1597097633.989143) can0 350#0010849C9C000094
(1597097633.989144) can0 153#202100FF00FFA0DF
(1597097634.012844) can0 2B0#30FF000751
(1597097634.012847) can0 350#0010A49C9C0000B4
(1597097634.012848) can0 2B0#30FF000773
(1597097634.030315) can0 350#0010C49C9C0000D4
(1597097634.030317) can0 220#0D04000000002410
(1597097634.030318) can0 2B0#30FF000715
(1597097634.050969) can0 350#0010E49C9C0000F4
(1597097634.050972) can0 220#0D04000000001E10
(1597097634.050973) can0 350#0010049C9C000014
(1597097634.074368) can0 220#0D04000002000B10
(1597097634.074369) can0 1F1#0800000000000000
(1597097634.074370) can0 350#0010249C9C000034
(1597097634.091679) can0 220#0D04000000002410
(1597097634.091680) can0 1F1#0800000000000000
(1597097634.091681) can0 350#0010449C9C000054
(1597097634.112450) can0 220#0D04000002002A10
(1597097634.112451) can0 1F1#0800000000000000
(1597097634.112452) can0 350#0010649C9C000074
(1597097634.133006) can0 220#0D04000002002410
(1597097634.133007) can0 1F1#0800000000000000
(1597097634.133009) can0 350#0010849C9C000094
(1597097634.153601) can0 220#0D04000002001110
(1597097634.153602) can0 1F1#0800000000000000
(1597097634.153604) can0 350#0010A49C9C0000B4
(1597097634.173663) can0 220#0D04000002001110
(1597097634.173665) can0 1F1#0800000000000000
(1597097634.173666) can0 350#0010C49C9C0000D4
(1597097634.194043) can0 220#0D04000000003710
(1597097634.194045) can0 1F1#0800000000000000
(1597097634.194047) can0 350#0010E49C9C0000F4
(1597097634.214588) can0 220#0D04000002001810
(1597097634.214591) can0 1F1#0800000000000000
(1597097634.214592) can0 220#0D04000000001E10
(1597097634.235083) can0 1F1#0800000000000000
(1597097634.235085) can0 153#202100FF00FF306F
(1597097634.235086) can0 1F1#0800000000000000
(1597097634.255667) can0 5FA#3001010000000000
(1597097634.255669) can0 153#202100FF00FF508F
(1597097634.255671) can0 153#202100FF00FF70AF
(1597097634.275697) can0 2B0#30FF00078C
(1597097634.275699) can0 350#0010549C9C000044
(1597097634.275701) can0 2C0#3500000000000000
(1597097634.295975) can0 153#202100FF00FF90CF
(1597097634.295977) can0 2B0#30FF0007AE
(1597097634.295978) can0 153#202100FF00FFB0EF
(1597097634.316442) can0 2B0#30FF000740
(1597097634.316444) can0 350#0010949C9C000084
(1597097634.316446) can0 153#202100FF00FFD00F
(1597097634.337159) can0 2B0#30FF000762
(1597097634.337161) can0 350#0010B49C9C0000A4
(1597097634.337162) can0 153#202100FF00FF003F
(1597097634.357945) can0 2B0#30FF000704
(1597097634.357947) can0 350#0010D49C9C0000C4
(1597097634.357949) can0 153#202100FF00FF205F
(1597097634.378596) can0 2B0#30FF000726
(1597097634.378598) can0 350#0010F49C9C0000E4
(1597097634.378600) can0 2C0#3500000000000000
(1597097634.399178) can0 153#202100FF00FF407F
(1597097634.399180) can0 2B0#30FF0007C8
(1597097634.399181) can0 153#202100FF00FF609F
(1597097634.420046) can0 2B0#30FF0007EA
(1597097634.420049) can0 350#0010349C9C000024
(1597097634.420050) can0 153#202100FF00FF80BF
(1597097634.440599) can0 2B0#30FF00078C
(1597097634.440612) can0 350#0010549C9C000044
(1597097634.440614) can0 2B0#30FF0007AE
(1597097634.460915) can0 350#0010749C9C000064
(1597097634.460917) can0 4F0#C000300000A41311
(1597097634.460919) can0 2B0#30FF000740
(1597097634.481267) can0 350#0010949C9C000084
(1597097634.481269) can0 4F0#C000320000A41311
(1597097634.481271) can0 2B0#30FF000762
(1597097634.501463) can0 350#0010B49C9C0000A4
(1597097634.501465) can0 4F0#C000340000A41311
(1597097634.501466) can0 350#0010D49C9C0000C4
(1597097634.522205) can0 4F0#C000360000A41311
(1597097634.522207) can0 220#0D04000002001110
(1597097634.522209) can0 350#0010F49C9C0000E4
(1597097634.542305) can0 4F0#C000380000A41311
(1597097634.542306) can0 220#0D04000000003110
(1597097634.542308) can0 350#0010149C9C000004
(1597097634.562974) can0 4F0#C0003A0000A41311
(1597097634.562976) can0 220#0D04000002003D10
(1597097634.562977) can0 350#0010349C9C000024
(1597097634.583719) can0 4F0#C0003C0000A41311
(1597097634.583721) can0 4F1#1000000000000000
(1597097634.583723) can0 350#0010549C9C000044
(1597097634.603978) can0 4F0#C0003E0000A41311
(1597097634.603980) can0 220#0D04000002001810
(1597097634.603981) can0 220#0D04000002001E10
(1597097634.624623) can0 153#202100FF00FFC0FF
(1597097634.624625) can0 2B0#30FF0007BF
(1597097634.624626) can0 220#0D04000002002410
(1597097634.645035) can0 153#202100FF00FFE01F
(1597097634.645038) can0 2B0#30FF000751
(1597097634.645039) can0 220#0D04000002000B10
(1597097634.665368) can0 5F0#0100
(1597097634.665371) can0 153#202100FF00FF104F
(1597097634.665373) can0 153#202100FF00FF306F
(1597097634.686005) can0 2B0#30FF000715
(1597097634.686007) can0 350#0010E49C9C0000F4
(1597097634.686008) can0 153#202100FF00FF508F
(1597097634.706740) can0 2B0#30FF000737
(1597097634.706742) can0 350#0010049C9C000014
(1597097634.706744) can0 153#202100FF00FF70AF
(1597097634.726938) can0 2B0#30FF0007D9
(1597097634.726941) can0 350#0010249C9C000034
(1597097634.726942) can0 153#202100FF00FF90CF
(1597097634.747467) can0 2B0#30FF0007FB
(1597097634.747470) can0 350#0010449C9C000054
(1597097634.747471) can0 153#202100FF00FFB0EF
(1597097634.767440) can0 2B0#30FF00079D
(1597097634.767442) can0 350#0010649C9C000074
(1597097634.767444) can0 153#202100FF00FFD00F
(1597097634.788329) can0 2B0#30FF0007BF
(1597097634.788330) can0 350#0010849C9C000094
(1597097634.788332) can0 153#202100FF00FF003F
(1597097634.808802) can0 2B0#30FF000751
(1597097634.808805) can0 350#0010A49C9C0000B4
(1597097634.808806) can0 153#202100FF00FF205F
(1597097634.829300) can0 2B0#30FF000773
(1597097634.829302) can0 350#0010C49C9C0000D4
(1597097634.829304) can0 2B0#30FF000715
(1597097634.849924) can0 350#0010E49C9C0000F4
(1597097634.849927) can0 220#0D04000002003710
(1597097634.849928) can0 2B0#30FF000737
(1597097634.870452) can0 350#0010049C9C000014
(1597097634.870454) can0 220#0D0400000200F90F
(1597097634.870456) can0 2B0#30FF0007D9
(1597097634.890929) can0 350#0010249C9C000034
(1597097634.890931) can0 220#0D04000000001110
(1597097634.890932) can0 350#0010449C9C000054
(1597097634.911662) can0 220#0D04000002001110
(1597097634.911664) can0 1F1#0800000000000000
(1597097634.911666) can0 350#0010649C9C000074
(1597097634.931885) can0 220#0D04000000003D10
(1597097634.931888) can0 1F1#0800000000000000
(1597097634.931919) can0 350#0010849C9C000094
(1597097634.952570) can0 220#0D04000002003710
(1597097634.952572) can0 1F1#0800000000000000
(1597097634.952574) can0 350#0010A49C9C0000B4
(1597097634.972883) can0 220#0D04000002003110
(1597097634.972885) can0 1F1#0800000000000000
(1597097634.973033) can0 220#0D04000002003710
(1597097634.993539) can0 1F1#0800000000000000
(1597097634.993541) can0 2C0#3500000000000000
(1597097634.993542) can0 220#0D04000002003D10
(1597097635.014095) can0 1F1#0800000000000000
(1597097635.014097) can0 153#202100FF00FF609F
(1597097635.014098) can0 153#202100FF00FF80BF
(1597097635.035189) can0 2B0#30FF0007C8
(1597097635.035191) can0 4F0#C0006A0000A41311
(1597097635.035192) can0 153#202100FF00FFA0DF
(1597097635.055636) can0 2B0#30FF0007EA
(1597097635.055638) can0 4F0#C0006C0000A41311
(1597097635.055640) can0 153#202100FF00FFC0FF
(1597097635.080630) can0 2B0#30FF00078C
(1597097635.080632) can0 4F0#C0006E0000A41311
(1597097635.080634) can0 2C0#3500000000000000
(1597097635.096477) can0 153#202100FF00FFE01F
(1597097635.096479) can0 2B0#30FF0007AE
(1597097635.096480) can0 153#202100FF00FF104F
(1597097635.116921) can0 2B0#30FF000740
(1597097635.116922) can0 4F0#C000720000A41311
(1597097635.116923) can0 153#202100FF00FF306F
(1597097635.137458) can0 2B0#30FF000762
(1597097635.137459) can0 4F0#C000740000A41311
(1597097635.137460) can0 153#202100FF00FF508F
(1597097635.157782) can0 2B0#30FF000704
(1597097635.157784) can0 4F0#C000760000A41311
(1597097635.157784) can0 153#202100FF00FF70AF
(1597097635.178751) can0 2B0#30FF000726
(1597097635.178753) can0 4F0#C000780000A41311
(1597097635.178754) can0 153#202100FF00FF90CF
(1597097635.198932) can0 2B0#30FF0007C8
(1597097635.198933) can0 4F0#C0007A0000A41311
(1597097635.198934) can0 2B0#30FF0007EA
(1597097635.219301) can0 4F0#C0007C0000A41311
(1597097635.219303) can0 350#0010349C9C000024
(1597097635.219304) can0 2B0#30FF00078C
(1597097635.239901) can0 4F0#C0007E0000A41311
(1597097635.239902) can0 350#0010549C9C000044
(1597097635.239903) can0 2B0#30FF0007AE
(1597097635.260494) can0 4F0#C000800000A41311
(1597097635.260495) can0 2B0#30FF000740
(1597097635.280834) can0 4F0#C000820000A41311
(1597097635.280835) can0 4F1#1000000000000000
(1597097635.280836) can0 2B0#30FF000762
(1597097635.301475) can0 4F0#C000840000A41311
(1597097635.301477) can0 350#0010B49C9C0000A4
(1597097635.301478) can0 4F0#C000860000A41311
(1597097635.321483) can0 350#0010D49C9C0000C4
(1597097635.321485) can0 220#0D04000002004A10
(1597097635.321486) can0 4F0#C000880000A41311
(1597097635.342029) can0 350#0010F49C9C0000E4
(1597097635.342031) can0 220#0D04000002003710
(1597097635.342032) can0 4F0#C0008A0000A41311
(1597097635.363021) can0 350#0010149C9C000004
(1597097635.363023) can0 220#0D04000002002A10
(1597097635.363025) can0 350#0010349C9C000024
(1597097635.383461) can0 220#0D04000000000B10
(1597097635.383462) can0 153#202100FF00FFD00F
(1597097635.383464) can0 220#0D04000002003710
(1597097635.403929) can0 153#202100FF00FF003F
(1597097635.403932) can0 2B0#30FF00079D
(1597097635.403933) can0 153#202100FF00FF205F
(1597097635.424790) can0 2B0#30FF0007BF
(1597097635.424792) can0 350#0010849C9C000094
(1597097635.424793) can0 153#202100FF00FF407F
(1597097635.445162) can0 2B0#30FF000751
(1597097635.445179) can0 350#0010A49C9C0000B4
(1597097635.445180) can0 153#202100FF00FF609F
(1597097635.465675) can0 2B0#30FF000773
(1597097635.465678) can0 5F0#0100
(1597097635.465679) can0 153#202100FF00FF80BF
(1597097635.486324) can0 2B0#30FF000715
(1597097635.486326) can0 350#0010E49C9C0000F4
(1597097635.486327) can0 153#202100FF00FFA0DF
(1597097635.506364) can0 2B0#30FF000737
(1597097635.506367) can0 350#0010049C9C000014
(1597097635.506368) can0 153#202100FF00FFC0FF
(1597097635.527507) can0 2B0#30FF0007D9
(1597097635.527510) can0 350#0010249C9C000034
(1597097635.527511) can0 153#202100FF00FFE01F
(1597097635.547760) can0 2B0#30FF0007FB
(1597097635.547762) can0 350#0010449C9C000054
(1597097635.547763) can0 153#202100FF00FF104F
(1597097635.567987) can0 2B0#30FF00079D
(1597097635.567990) can0 350#0010649C9C000074
(1597097635.567992) can0 153#202100FF00FF306F
(1597097635.588490) can0 2B0#30FF0007BF
(1597097635.588493) can0 350#0010849C9C000094
(1597097635.588494) can0 153#202100FF00FF508F
(1597097635.609106) can0 2B0#30FF000751
(1597097635.609108) can0 350#0010A49C9C0000B4
(1597097635.609110) can0 153#202100FF00FF70AF
(1597097635.629294) can0 2B0#30FF000773
(1597097635.629296) can0 350#0010C49C9C0000D4
(1597097635.629297) can0 2B0#30FF000715
(1597097635.650163) can0 350#0010E49C9C0000F4
(1597097635.650165) can0 220#0D04000002003710
(1597097635.650167) can0 2B0#30FF000737
(1597097635.670703) can0 350#0010049C9C000014
(1597097635.670705) can0 5F0#0100
(1597097635.670707) can0 2B0#30FF0007D9
(1597097635.691205) can0 350#0010249C9C000034
(1597097635.691207) can0 220#0D04000002004A10
(1597097635.691209) can0 2B0#30FF0007FB
(1597097635.711752) can0 350#0010449C9C000054
(1597097635.711754) can0 220#0D04000002004310
(1597097635.711756) can0 2B0#30FF00079D
(1597097635.732267) can0 350#0010649C9C000074
(1597097635.732269) can0 220#0D04000000002A10
(1597097635.732271) can0 350#0010849C9C000094
(1597097635.752242) can0 220#0D04000002003710
(1597097635.752245) can0 1F1#0800000000000000
(1597097635.752246) can0 350#0010A49C9C0000B4
(1597097635.772889) can0 220#0D04000000004A10
(1597097635.772892) can0 1F1#0800000000000000
(1597097635.772893) can0 220#0D04000002003D10
(1597097635.793679) can0 1F1#0800000000000000
(1597097635.793681) can0 2C0#3500000000000000
(1597097635.793683) can0 220#0D04000000003110
(1597097635.814430) can0 1F1#0800000000000000
(1597097635.814432) can0 153#202100FF00FFB0EF
(1597097635.814434) can0 153#202100FF00FFD00F
(1597097635.834856) can0 2B0#30FF0007C8
(1597097635.834859) can0 4F0#C000BA0000A41311
(1597097635.834861) can0 153#202100FF00FF003F
(1597097635.854906) can0 2B0#30FF0007EA
(1597097635.854909) can0 4F0#C000BC0000A41311
(1597097635.854910) can0 153#202100FF00FF205F
(1597097635.875684) can0 2B0#30FF00078C
(1597097635.875687) can0 4F0#C000BE0000A41311
(1597097635.875688) can0 2C0#3500000000000000
(1597097635.896343) can0 153#202100FF00FF407F
(1597097635.896345) can0 2B0#30FF0007AE
(1597097635.896347) can0 153#202100FF00FF609F
(1597097635.916848) can0 2B0#30FF000740
(1597097635.916850) can0 4F0#C000C20000A41311
(1597097635.916852) can0 153#202100FF00FF80BF
(1597097635.937386) can0 2B0#30FF000762
(1597097635.937388) can0 4F0#C000C40000A41311
(1597097635.937400) can0 153#202100FF00FFA0DF
(1597097635.958253) can0 2B0#30FF000704
(1597097635.958255) can0 4F0#C000C60000A41311
(1597097635.958256) can0 153#202100FF00FFC0FF
(1597097635.978703) can0 4F0#C000C80000A41311
(1597097635.978706) can0 2B0#30FF000726
(1597097635.978708) can0 2C0#3500000000000000
(1597097635.999119) can0 153#202100FF00FFE01F
(1597097635.999122) can0 4F0#C000CA0000A41311
(1597097635.999123) can0 153#202100FF00FF104F
(1597097636.019622) can0 4F0#C000CC0000A41311
(1597097636.019624) can0 2B0#30FF0007EA
(1597097636.019625) can0 153#202100FF00FF306F
(1597097636.040632) can0 4F0#C000CE0000A41311
(1597097636.040634) can0 2B0#30FF00078C
(1597097636.040636) can0 4F0#C000D00000A41311
(1597097636.060974) can0 2B0#30FF0007AE
(1597097636.060976) can0 350#0010749C9C000064
(1597097636.060978) can0 4F0#C000D20000A41311
(1597097636.083533) can0 2B0#30FF000740
(1597097636.083535) can0 4F1#1000000000000000
(1597097636.083536) can0 4F0#C000D40000A41311
(1597097636.102005) can0 2B0#30FF000762
(1597097636.102008) can0 350#0010B49C9C0000A4
(1597097636.102009) can0 4F0#C000D60000A41311
(1597097636.122625) can0 2B0#30FF000704
(1597097636.122627) can0 350#0010D49C9C0000C4
(1597097636.122628) can0 4F0#C000D80000A41311
(1597097636.142962) can0 2B0#30FF000726
(1597097636.142964) can0 350#0010F49C9C0000E4
(1597097636.142966) can0 350#0010149C9C000004
(1597097636.163603) can0 220#0D04000002004310
(1597097636.163606) can0 153#202100FF00FF104F
(1597097636.163607) can0 690#0000010000000C00
(1597097636.184305) can0 350#0010349C9C000024
(1597097636.184307) can0 220#0D04000002003110
(1597097636.184309) can0 220#0D04000002002A10
(1597097636.204916) can0 153#202100FF00FF508F
(1597097636.204918) can0 2B0#30FF00079D
(1597097636.204919) can0 220#0D04000000001E10
(1597097636.225494) can0 153#202100FF00FF70AF
(1597097636.225496) can0 2B0#30FF0007BF
(1597097636.225498) can0 220#0D04000002004310
(1597097636.246695) can0 153#202100FF00FF90CF
(1597097636.246697) can0 2B0#30FF000751
(1597097636.246698) can0 153#202100FF00FFB0EF
(1597097636.267010) can0 2B0#30FF000773
(1597097636.267012) can0 350#0010C49C9C0000D4
(1597097636.267014) can0 153#202100FF00FFD00F
(1597097636.287497) can0 2B0#30FF000715
(1597097636.287500) can0 350#0010E49C9C0000F4
(1597097636.287501) can0 153#202100FF00FF003F
(1597097636.308069) can0 2B0#30FF000737
(1597097636.308071) can0 350#0010049C9C000014
(1597097636.308073) can0 153#202100FF00FF205F
(1597097636.328717) can0 2B0#30FF0007D9
(1597097636.328720) can0 350#0010249C9C000034
(1597097636.328721) can0 153#202100FF00FF407F
(1597097636.349150) can0 2B0#30FF0007FB
(1597097636.349152) can0 350#0010449C9C000054
(1597097636.349153) can0 153#202100FF00FF609F
(1597097636.369657) can0 2B0#30FF00079D
(1597097636.369660) can0 350#0010649C9C000074
(1597097636.369661) can0 153#202100FF00FF80BF
(1597097636.394114) can0 2B0#30FF0007BF
(1597097636.394116) can0 350#0010849C9C000094
(1597097636.394118) can0 153#202100FF00FFA0DF
(1597097636.410148) can0 2B0#30FF000751
(1597097636.410150) can0 350#0010A49C9C0000B4
(1597097636.410151) can0 153#202100FF00FFC0FF
(1597097636.430622) can0 2B0#30FF000773
(1597097636.430624) can0 350#0010C49C9C0000D4
(1597097636.430625) can0 2B0#30FF000715
(1597097636.451448) can0 350#0010E49C9C0000F4
(1597097636.451450) can0 220#0D04000002002410
(1597097636.451451) can0 2B0#30FF000737
(1597097636.471913) can0 350#0010049C9C000014
(1597097636.471915) can0 220#0D04000000002A10
(1597097636.471916) can0 2B0#30FF0007D9
(1597097636.492277) can0 350#0010249C9C000034
(1597097636.492279) can0 220#0D04000002004A10
(1597097636.492280) can0 2B0#30FF0007FB
(1597097636.512723) can0 350#0010449C9C000054
(1597097636.512725) can0 220#0D04000000002A10
(1597097636.512726) can0 2B0#30FF00079D
(1597097636.533312) can0 350#0010649C9C000074
(1597097636.533314) can0 220#0D04000002001E10
(1597097636.533316) can0 350#0010849C9C000094
(1597097636.554035) can0 220#0D04000002003110
(1597097636.554038) can0 1F1#0800000000000000
(1597097636.554039) can0 350#0010A49C9C0000B4
(1597097636.574707) can0 220#0D04000000003110
(1597097636.574709) can0 1F1#0800000000000000
(1597097636.574711) can0 220#0D04000002005610
(1597097636.594863) can0 1F1#0800000000000000
(1597097636.594864) can0 2C0#3500000000000000
(1597097636.594866) can0 220#0D04000000001810
(1597097636.615263) can0 1F1#0800000000000000
(1597097636.615266) can0 153#202100FF00FF104F
(1597097636.615267) can0 220#0D04000002002A10
(1597097636.635730) can0 1F1#0800000000000000
(1597097636.635732) can0 1F1#0800000000000000
(1597097636.656119) can0 153#202100FF00FF508F
(1597097636.656122) can0 4F0#C0000C0000A41311
(1597097636.656123) can0 5F0#0100
(1597097636.676140) can0 153#202100FF00FF70AF
(1597097636.676142) can0 4F0#C0000E0000A41311
(1597097636.676143) can0 2C0#3500000000000000
(1597097636.696761) can0 153#202100FF00FF90CF
(1597097636.696763) can0 4F0#C000100000A41311
(1597097636.696765) can0 153#202100FF00FFB0EF
(1597097636.717415) can0 4F0#C000120000A41311
(1597097636.717418) can0 2B0#30FF000740
(1597097636.717419) can0 153#202100FF00FFD00F
(1597097636.737855) can0 4F0#C000140000A41311
(1597097636.737857) can0 2B0#30FF000762
(1597097636.737858) can0 153#202100FF00FF003F
(1597097636.758387) can0 4F0#C000160000A41311
(1597097636.758390) can0 2B0#30FF000704
(1597097636.758391) can0 153#202100FF00FF205F
(1597097636.778778) can0 4F0#C000180000A41311
(1597097636.778780) can0 4F1#1000000000000000
(1597097636.778781) can0 2C0#3500000000000000
(1597097636.799291) can0 153#202100FF00FF407F
(1597097636.799293) can0 4F0#C0001A0000A41311
(1597097636.799294) can0 153#202100FF00FF609F
(1597097636.819589) can0 4F0#C0001C0000A41311
(1597097636.819591) can0 2B0#30FF0007EA
(1597097636.819592) can0 153#202100FF00FF80BF
(1597097636.840304) can0 4F0#C0001E0000A41311
(1597097636.840306) can0 2B0#30FF00078C
(1597097636.840307) can0 4F0#C000200000A41311
(1597097636.861300) can0 2B0#30FF0007AE
(1597097636.861301) can0 350#0010749C9C000064
(1597097636.861303) can0 4F0#C000220000A41311
(1597097636.881892) can0 4F1#1000000000000000
(1597097636.881894) can0 690#0000010000002800
(1597097636.881895) can0 2B0#30FF000762
(1597097636.902464) can0 350#0010B49C9C0000A4
(1597097636.902466) can0 220#0D04000002001E10
(1597097636.902468) can0 2B0#30FF000704
(1597097636.922945) can0 350#0010D49C9C0000C4
(1597097636.922947) can0 220#0D04000000003110
(1597097636.922948) can0 2B0#30FF000726
(1597097636.943578) can0 350#0010F49C9C0000E4
(1597097636.943580) can0 220#0D04000000003710
(1597097636.943592) can0 350#0010149C9C000004
(1597097636.964221) can0 220#0D04000000003D10
(1597097636.964223) can0 153#202100FF00FF609F
(1597097636.964225) can0 350#0010349C9C000024
(1597097636.984721) can0 220#0D04000002001E10
(1597097636.984723) can0 153#202100FF00FF80BF
(1597097636.984724) can0 220#0D04000002003710
(1597097637.005489) can0 153#202100FF00FFA0DF
(1597097637.005492) can0 2B0#30FF00079D
(1597097637.005494) can0 220#0D04000002003110
(1597097637.026090) can0 153#202100FF00FFC0FF
(1597097637.026092) can0 2B0#30FF0007BF
(1597097637.026094) can0 220#0D04000002003710
(1597097637.046619) can0 153#202100FF00FFE01F
(1597097637.046622) can0 2B0#30FF000751
(1597097637.046623) can0 153#202100FF00FF104F
(1597097637.067166) can0 2B0#30FF000773
(1597097637.067168) can0 350#0010C49C9C0000D4
(1597097637.067170) can0 153#202100FF00FF306F
