(1726604549.557454) can0 20A#0000000000000000
(1726604549.558282) can0 218#00000000000040
(1726604549.563211) can0 23A#14FF2B
(1726604549.567509) can0 20A#0000000000000000
(1726604549.568277) can0 218#00000000000040
(1726604549.577588) can0 20A#0000000000000000
(1726604549.578297) can0 218#00000000000040
(1726604549.583196) can0 246#0200
(1726604549.587325) can0 20A#0000000000000000
(1726604549.588231) can0 218#00000000000040
(1726604549.597626) can0 20A#0000000000000000
(1726604549.598287) can0 218#00000000000040
(1726604549.603549) can0 290#01
(1726604549.607540) can0 20A#0000000000000000
(1726604549.608427) can0 218#00000000000040
(1726604549.613381) can0 401#00
(1726604549.617582) can0 20A#0000000000000000
(1726604549.618297) can0 218#00000000000040
(1726604549.627708) can0 20A#0000000000000000
(1726604549.628319) can0 218#00000000000040
(1726604549.637296) can0 20A#0000000000000000
(1726604549.638297) can0 218#00000000000040
(1726604549.647309) can0 20A#0000000000000000
(1726604549.648357) can0 218#00000000000040
(1726604549.657304) can0 20A#0000000000000000
(1726604549.658280) can0 218#00000000000040
(1726604549.663188) can0 23A#14FF2B
(1726604549.667276) can0 20A#0000000000000000
(1726604549.668252) can0 218#00000000000040
(1726604549.677372) can0 20A#0000000000000000
(1726604549.678323) can0 218#00000000000040
(1726604549.683215) can0 246#0200
(1726604549.687288) can0 20A#0000000000000000
(1726604549.688268) can0 218#00000000000040
(1726604549.697576) can0 20A#0000000000000000
(1726604549.698280) can0 218#00000000000040
(1726604549.703528) can0 290#01
(1726604549.707466) can0 20A#0000000000000000
(1726604549.708280) can0 218#00000000000040
(1726604549.713395) can0 401#00
(1726604549.717510) can0 20A#0000000000000000
(1726604549.718282) can0 218#00000000000040
(1726604549.727734) can0 20A#0000000000000000
(1726604549.728401) can0 218#00000000000040
(1726604549.737727) can0 20A#0000000000000000
(1726604549.738403) can0 218#00000000000040
(1726604549.747559) can0 20A#0000000000000000
(1726604549.748285) can0 218#00000000000040
(1726604549.757632) can0 20A#0000000000000000
(1726604549.758427) can0 218#00000000000040
(1726604549.763587) can0 23A#14FF2B
(1726604549.767650) can0 20A#0000000000000000
(1726604549.768314) can0 218#00000000000040
(1726604549.777701) can0 20A#0000000000000000
(1726604549.778284) can0 218#00000000000040
(1726604549.783555) can0 246#0200
(1726604549.787649) can0 20A#0000000000000000
(1726604549.788288) can0 218#00000000000040
(1726604549.797703) can0 20A#0000000000000000
(1726604549.798476) can0 218#00000000000040
(1726604549.803533) can0 290#01
(1726604549.807303) can0 20A#0000000000000000
(1726604549.808280) can0 218#00000000000040
(1726604549.813383) can0 401#00
(1726604549.817637) can0 20A#0000000000000000
(1726604549.818292) can0 218#00000000000040
(1726604549.827702) can0 20A#0000000000000000
(1726604549.828338) can0 218#00000000000040
(1726604549.837727) can0 20A#0000000000000000
(1726604549.838397) can0 218#00000000000040
(1726604549.847731) can0 20A#0000000000000000
(1726604549.848285) can0 218#00000000000040
(1726604549.857704) can0 20A#0000000000000000
(1726604549.858281) can0 218#00000000000040
(1726604549.863590) can0 23A#14FF2B
(1726604549.867672) can0 20A#0000000000000000
(1726604549.868443) can0 218#00000000000040
(1726604549.877712) can0 20A#0000000000000000
(1726604549.878380) can0 218#00000000000040
(1726604549.883556) can0 246#0200
(1726604549.887649) can0 20A#0000000000000000
(1726604549.888301) can0 218#00000000000040
(1726604549.897703) can0 20A#0000000000000000
(1726604549.898285) can0 218#00000000000040
(1726604549.903532) can0 290#01
(1726604549.907642) can0 20A#0000000000000000
(1726604549.908342) can0 218#00000000000040
(1726604549.913534) can0 401#00
(1726604549.917675) can0 20A#0000000000000000
(1726604549.918363) can0 218#00000000000040
(1726604549.927708) can0 20A#0000000000000000
(1726604549.928286) can0 218#00000000000040
(1726604549.937713) can0 20A#0000000000000000
(1726604549.938402) can0 218#00000000000040
(1726604549.947386) can0 20A#0000000000000000
(1726604549.948289) can0 218#00000000000040
(1726604549.957333) can0 20A#0000000000000000
(1726604549.958295) can0 218#00000000000040
(1726604549.963595) can0 23A#14FF2B
(1726604549.967652) can0 20A#0000000000000000
(1726604549.968305) can0 218#00000000000040
(1726604549.977627) can0 20A#0000000000000000
(1726604549.978309) can0 218#00000000000040
(1726604549.983535) can0 246#0200
(1726604549.987671) can0 20A#0000000000000000
(1726604549.988312) can0 218#00000000000040
(1726604549.997740) can0 20A#0000000000000000
(1726604549.998380) can0 218#00000000000040
(1726604550.003399) can0 290#01
(1726604550.007679) can0 20A#0000000000000000
(1726604550.008293) can0 218#00000000000040
(1726604550.013534) can0 401#00
(1726604550.017652) can0 20A#0000000000000000
(1726604550.018307) can0 218#00000000000040
(1726604550.027732) can0 20A#0000000000000000
(1726604550.028383) can0 218#00000000000040
(1726604550.037736) can0 20A#0000000000000000
(1726604550.038399) can0 218#00000000000040
(1726604550.047684) can0 20A#0000000000000000
(1726604550.048294) can0 218#00000000000040
(1726604550.057314) can0 20A#0000000000000000
(1726604550.058301) can0 218#00000000000040
(1726604550.063610) can0 23A#14FF2B
(1726604550.067622) can0 20A#0000000000000000
(1726604550.068297) can0 218#00000000000040
(1726604550.077733) can0 20A#0000000000000000
(1726604550.078388) can0 218#00000000000040
(1726604550.083560) can0 246#0200
(1726604550.087657) can0 20A#0000000000000000
(1726604550.088295) can0 218#00000000000040
(1726604550.097742) can0 20A#0000000000000000
(1726604550.098477) can0 218#00000000000040
(1726604550.103497) can0 290#01
(1726604550.107578) can0 20A#0000000000000000
(1726604550.108296) can0 218#00000000000040
(1726604550.113544) can0 401#00
(1726604550.117654) can0 20A#0000000000000000
(1726604550.118342) can0 218#00000000000040
(1726604550.127711) can0 20A#0000000000000000
(1726604550.128293) can0 218#00000000000040
(1726604550.137734) can0 20A#0000000000000000
(1726604550.138378) can0 218#00000000000040
(1726604550.147737) can0 20A#0000000000000000
(1726604550.148380) can0 218#00000000000040
(1726604550.157511) can0 20A#0000000000000000
(1726604550.158328) can0 218#00000000000040
(1726604550.163510) can0 23A#14FF2B
(1726604550.167658) can0 20A#0000000000000000
(1726604550.168313) can0 218#00000000000040
(1726604550.177318) can0 20A#0000000000000000
(1726604550.178295) can0 218#00000000000040
(1726604550.183590) can0 246#0200
(1726604550.187674) can0 20A#0000000000000000
(1726604550.188298) can0 218#00000000000040
(1726604550.197472) can0 20A#0000000000000000
(1726604550.198292) can0 218#00000000000040
(1726604550.203436) can0 290#01
(1726604550.207675) can0 20A#0000000000000000
(1726604550.208359) can0 218#00000000000040
(1726604550.213569) can0 401#00
(1726604550.217612) can0 20A#0000000000000000
(1726604550.218312) can0 218#00000000000040
(1726604550.227653) can0 20A#0000000000000000
(1726604550.228375) can0 218#00000000000040
(1726604550.237658) can0 20A#0000000000000000
(1726604550.238301) can0 218#00000000000040
(1726604550.247739) can0 20A#0000000000000000
(1726604550.248480) can0 218#00000000000040
(1726604550.257617) can0 20A#0000000000000000
(1726604550.258450) can0 218#00000000000040
(1726604550.263602) can0 23A#14FF2B
(1726604550.267682) can0 20A#0000000000000000
(1726604550.268406) can0 218#00000000000040
(1726604550.277741) can0 20A#0000000000000000
(1726604550.278484) can0 218#00000000000040
(1726604550.283597) can0 246#0200
(1726604550.287678) can0 20A#0000000000000000
(1726604550.288321) can0 218#00000000000040
(1726604550.293629) can0 23E#99000000
(1726604550.297415) can0 20A#0000000000000000
(1726604550.298305) can0 218#00000000000040
(1726604550.303542) can0 290#01
(1726604550.307520) can0 20A#0000000000000000
(1726604550.308314) can0 218#00000000000040
(1726604550.313543) can0 401#00
(1726604550.317683) can0 20A#0000000000000000
(1726604550.318387) can0 218#00000000000040
(1726604550.327741) can0 20A#0000000000000000
(1726604550.328474) can0 218#00000000000040
(1726604550.337739) can0 20A#0000000000000000
(1726604550.338498) can0 218#00000000000040
(1726604550.347604) can0 20A#0000000000000000
(1726604550.348304) can0 218#00000000000040
(1726604550.357307) can0 20A#0000000000000000
(1726604550.358305) can0 218#00000000000040
(1726604550.363604) can0 23A#14FF2B
(1726604550.367684) can0 20A#0000000000000000
(1726604550.368505) can0 218#00000000000040
(1726604550.377714) can0 20A#0000000000000000
(1726604550.378494) can0 218#00000000000040
(1726604550.383576) can0 246#0200
(1726604550.387690) can0 20A#0000000000000000
(1726604550.388394) can0 218#00000000000040
(1726604550.397582) can0 20A#0000000000000000
(1726604550.398300) can0 218#00000000000040
(1726604550.403568) can0 290#01
(1726604550.407696) can0 20A#0000000000000000
(1726604550.408459) can0 218#00000000000040
(1726604550.413569) can0 401#00
(1726604550.417684) can0 20A#0000000000000000
(1726604550.418392) can0 218#00000000000040
(1726604550.427577) can0 20A#0000000000000000
(1726604550.428318) can0 218#00000000000040
(1726604550.437745) can0 20A#0000000000000000
(1726604550.438486) can0 218#00000000000040
(1726604550.447309) can0 20A#0000000000000000
(1726604550.448342) can0 218#00000000000040
(1726604550.457742) can0 20A#0000000000000000
(1726604550.458484) can0 218#00000000000040
(1726604550.463605) can0 23A#14FF2B
(1726604550.467696) can0 20A#0000000000000000
(1726604550.468517) can0 218#00000000000040
(1726604550.477743) can0 20A#0000000000000000
(1726604550.478487) can0 218#00000000000040
(1726604550.483576) can0 246#0200
(1726604550.487695) can0 20A#0000000000000000
(1726604550.488394) can0 218#00000000000040
(1726604550.497679) can0 20A#0000000000000000
(1726604550.498296) can0 218#00000000000040
(1726604550.503571) can0 290#01
(1726604550.507688) can0 20A#0000000000000000
(1726604550.508417) can0 218#00000000000040
(1726604550.513573) can0 401#00
(1726604550.517698) can0 20A#0000000000000000
(1726604550.518489) can0 218#00000000000040
(1726604550.527745) can0 20A#0000000000000000
(1726604550.528376) can0 218#00000000000040
(1726604550.537729) can0 20A#0000000000000000
(1726604550.538377) can0 218#00000000000040
(1726604550.547748) can0 20A#0000000000000000
(1726604550.548381) can0 218#00000000000040
(1726604550.557684) can0 20A#0000000000000000
(1726604550.558333) can0 218#00000000000040
(1726604550.563598) can0 23A#14FF2B
(1726604550.567690) can0 20A#0000000000000000
(1726604550.568329) can0 218#00000000000040
(1726604550.577744) can0 20A#0000000000000000
(1726604550.578483) can0 218#00000000000040
(1726604550.583572) can0 246#0200
(1726604550.587657) can0 20A#0000000000000000
(1726604550.588389) can0 218#00000000000040
(1726604550.597748) can0 20A#0000000000000000
(1726604550.598483) can0 218#00000000000040
(1726604550.603574) can0 290#01
(1726604550.607698) can0 20A#0000000000000000
(1726604550.608414) can0 218#00000000000040
(1726604550.613577) can0 401#00
(1726604550.617595) can0 20A#0000000000000000
(1726604550.618357) can0 218#00000000000040
(1726604550.627747) can0 20A#0000000000000000
(1726604550.628492) can0 218#00000000000040
(1726604550.637746) can0 20A#0000000000000000
(1726604550.638500) can0 218#00000000000040
(1726604550.647746) can0 20A#0000000000000000
(1726604550.648434) can0 218#00000000000040
(1726604550.657747) can0 20A#0000000000000000
(1726604550.658332) can0 218#00000000000040
(1726604550.663517) can0 23A#14FF2B
(1726604550.667692) can0 20A#0000000000000000
(1726604550.668330) can0 218#00000000000040
(1726604550.677609) can0 20A#0000000000000000
(1726604550.678347) can0 218#00000000000040
(1726604550.683556) can0 246#0200
(1726604550.687693) can0 20A#0000000000000000
(1726604550.688393) can0 218#00000000000040
(1726604550.697516) can0 20A#0000000000000000
(1726604550.698307) can0 218#00000000000040
(1726604550.703576) can0 290#01
(1726604550.707702) can0 20A#0000000000000000
(1726604550.708517) can0 218#00000000000040
(1726604550.713576) can0 401#00
(1726604550.717693) can0 20A#0000000000000000
(1726604550.718332) can0 218#00000000000040
(1726604550.727751) can0 20A#0000000000000000
(1726604550.728339) can0 218#00000000000040
(1726604550.737724) can0 20A#0000000000000000
(1726604550.738263) can0 218#00000000000040
(1726604550.747655) can0 20A#0000000000000000
(1726604550.748344) can0 218#00000000000040
(1726604550.757646) can0 20A#0000000000000000
(1726604550.758459) can0 218#00000000000040
(1726604550.763554) can0 23A#14FF2B
(1726604550.767697) can0 20A#0000000000000000
(1726604550.768329) can0 218#00000000000040
(1726604550.777658) can0 20A#0000000000000000
(1726604550.778351) can0 218#00000000000040
(1726604550.783608) can0 246#0200
(1726604550.787700) can0 20A#0000000000000000
(1726604550.788525) can0 218#00000000000040
(1726604550.797673) can0 20A#0000000000000000
(1726604550.798513) can0 218#00000000000040
(1726604550.803452) can0 290#01
(1726604550.807694) can0 20A#0000000000000000
(1726604550.808339) can0 218#00000000000040
(1726604550.813421) can0 401#00
(1726604550.817695) can0 20A#0000000000000000
(1726604550.818520) can0 218#00000000000040
(1726604550.827751) can0 20A#0000000000000000
(1726604550.828485) can0 218#00000000000040
(1726604550.837754) can0 20A#0000000000000000
(1726604550.838498) can0 218#00000000000040
(1726604550.847751) can0 20A#0000000000000000
(1726604550.848488) can0 218#00000000000040
(1726604550.857752) can0 20A#0000000000000000
(1726604550.858490) can0 218#00000000000040
(1726604550.863638) can0 23A#14FF2B
(1726604550.867706) can0 20A#0000000000000000
(1726604550.868422) can0 218#00000000000040
(1726604550.877658) can0 20A#0000000000000000
(1726604550.878356) can0 218#00000000000040
(1726604550.883605) can0 246#0200
(1726604550.887697) can0 20A#0000000000000000
(1726604550.888359) can0 218#00000000000040
(1726604550.897728) can0 20A#0000000000000000
(1726604550.898520) can0 218#00000000000040
(1726604550.903590) can0 290#01
(1726604550.907705) can0 20A#0000000000000000
(1726604550.908523) can0 218#00000000000040
(1726604550.913556) can0 401#00
(1726604550.917559) can0 20A#0000000000000000
(1726604550.918317) can0 218#00000000000040
(1726604550.927730) can0 20A#0000000000000000
(1726604550.928493) can0 218#00000000000040
(1726604550.937647) can0 20A#0000000000000000
(1726604550.938355) can0 218#00000000000040
(1726604550.947498) can0 20A#0000000000000000
(1726604550.948355) can0 218#00000000000040
(1726604550.957619) can0 20A#0000000000000000
(1726604550.958328) can0 218#00000000000040
(1726604550.963641) can0 23A#14FF2B
(1726604550.967705) can0 20A#0000000000000000
(1726604550.968351) can0 218#00000000000040
(1726604550.977754) can0 20A#0000000000000000
(1726604550.978488) can0 218#00000000000040
(1726604550.983614) can0 246#0200
(1726604550.987699) can0 20A#0000000000000000
(1726604550.988427) can0 218#00000000000040
(1726604550.997673) can0 20A#0000000000000000
(1726604550.998360) can0 218#00000000000040
(1726604551.003593) can0 290#01
(1726604551.007693) can0 20A#0000000000000000
(1726604551.008347) can0 218#00000000000040
(1726604551.013587) can0 401#00
(1726604551.017700) can0 20A#0000000000000000
(1726604551.018520) can0 218#00000000000040
(1726604551.027680) can0 20A#0000000000000000
(1726604551.028351) can0 218#00000000000040
(1726604551.037756) can0 20A#0000000000000000
(1726604551.038427) can0 218#00000000000040
(1726604551.047760) can0 20A#0000000000000000
(1726604551.048504) can0 218#00000000000040
(1726604551.057765) can0 20A#0000000000000000
(1726604551.058500) can0 218#00000000000040
(1726604551.063645) can0 23A#14FF2B
(1726604551.067671) can0 20A#0000000000000000
(1726604551.068353) can0 218#00000000000040
(1726604551.077718) can0 20A#0000000000000000
(1726604551.078528) can0 218#00000000000040
(1726604551.083569) can0 246#0200
(1726604551.087702) can0 20A#0000000000000000
(1726604551.088400) can0 218#00000000000040
(1726604551.097757) can0 20A#0000000000000000
(1726604551.098506) can0 218#00000000000040
(1726604551.103585) can0 290#01
(1726604551.107701) can0 20A#0000000000000000
(1726604551.108533) can0 218#00000000000040
(1726604551.113586) can0 401#00
(1726604551.117705) can0 20A#0000000000000000
(1726604551.118425) can0 218#00000000000040
(1726604551.127757) can0 20A#0000000000000000
(1726604551.128501) can0 218#00000000000040
(1726604551.137760) can0 20A#0000000000000000
(1726604551.138506) can0 218#00000000000040
(1726604551.147758) can0 20A#0000000000000000
(1726604551.148508) can0 218#00000000000040
(1726604551.157596) can0 20A#0000000000000000
(1726604551.158371) can0 218#00000000000040
(1726604551.163303) can0 23A#14FF2B
(1726604551.167406) can0 20A#0000000000000000
(1726604551.168426) can0 218#00000000000040
(1726604551.177701) can0 20A#0000000000000000
(1726604551.178419) can0 218#00000000000040
(1726604551.183558) can0 246#0200
(1726604551.187709) can0 20A#0000000000000000
(1726604551.188393) can0 218#00000000000040
(1726604551.197602) can0 20A#0000000000000000
(1726604551.198466) can0 218#00000000000040
(1726604551.203586) can0 290#01
(1726604551.207713) can0 20A#0000000000000000
(1726604551.208519) can0 218#00000000000040
(1726604551.213595) can0 401#00
(1726604551.217551) can0 20A#0000000000000000
(1726604551.218359) can0 218#00000000000040
(1726604551.227681) can0 20A#0000000000000000
(1726604551.228364) can0 218#00000000000040
(1726604551.237764) can0 20A#0000000000000000
(1726604551.238507) can0 218#00000000000040
(1726604551.247761) can0 20A#0000000000000000
(1726604551.248503) can0 218#00000000000040
(1726604551.257775) can0 20A#0000000000000000
(1726604551.258510) can0 218#00000000000040
(1726604551.263625) can0 23A#14FF2B
(1726604551.267669) can0 20A#0000000000000000
(1726604551.268365) can0 218#00000000000040
(1726604551.277762) can0 20A#0000000000000000
(1726604551.278498) can0 218#00000000000040
(1726604551.283621) can0 246#0200
(1726604551.287707) can0 20A#0000000000000000
(1726604551.288429) can0 218#00000000000040
(1726604551.293648) can0 23E#99000000
(1726604551.297706) can0 20A#0000000000000000
(1726604551.298532) can0 218#00000000000040
(1726604551.303599) can0 290#01
(1726604551.307699) can0 20A#0000000000000000
(1726604551.308460) can0 218#00000000000040
(1726604551.313602) can0 401#00
(1726604551.317707) can0 20A#0000000000000000
(1726604551.318533) can0 218#00000000000040
(1726604551.327763) can0 20A#0000000000000000
(1726604551.328516) can0 218#00000000000040
(1726604551.337765) can0 20A#0000000000000000
(1726604551.338399) can0 218#00000000000040
(1726604551.347760) can0 20A#0000000000000000
(1726604551.348442) can0 218#00000000000040
(1726604551.357621) can0 20A#0000000000000000
(1726604551.358469) can0 218#00000000000040
(1726604551.363641) can0 23A#14FF2B
(1726604551.367366) can0 20A#0000000000000000
(1726604551.368338) can0 218#00000000000040
(1726604551.377380) can0 20A#0000000000000000
(1726604551.378336) can0 218#00000000000040
(1726604551.383257) can0 246#0200
(1726604551.387537) can0 20A#0000000000000000
(1726604551.388422) can0 218#00000000000040
(1726604551.397628) can0 20A#0000000000000000
(1726604551.398471) can0 218#00000000000040
(1726604551.403462) can0 290#01
(1726604551.407708) can0 20A#0000000000000000
(1726604551.408436) can0 218#00000000000040
(1726604551.413605) can0 401#00
(1726604551.417702) can0 20A#0000000000000000
(1726604551.418352) can0 218#00000000000040
(1726604551.427698) can0 20A#0000000000000000
(1726604551.428532) can0 218#00000000000040
(1726604551.437765) can0 20A#0000000000000000
(1726604551.438506) can0 218#00000000000040
(1726604551.447334) can0 20A#0000000000000000
(1726604551.448366) can0 218#00000000000040
(1726604551.457635) can0 20A#0000000000000000
(1726604551.458378) can0 218#00000000000040
(1726604551.463653) can0 23A#14FF2B
(1726604551.467710) can0 20A#0000000000000000
(1726604551.468547) can0 218#00000000000040
(1726604551.477770) can0 20A#0000000000000000
(1726604551.478506) can0 218#00000000000040
(1726604551.483622) can0 246#0200
(1726604551.487711) can0 20A#0000000000000000
(1726604551.488540) can0 218#00000000000040
(1726604551.497621) can0 20A#0000000000000000
(1726604551.498364) can0 218#00000000000040
(1726604551.503597) can0 290#01
(1726604551.507575) can0 20A#0000000000000000
(1726604551.508381) can0 218#00000000000040
(1726604551.513595) can0 401#00
(1726604551.517718) can0 20A#0000000000000000
(1726604551.518532) can0 218#00000000000040
(1726604551.527775) can0 20A#0000000000000000
(1726604551.528510) can0 218#00000000000040
(1726604551.537774) can0 20A#0000000000000000
(1726604551.538473) can0 218#00000000000040
(1726604551.547774) can0 20A#0000000000000000
(1726604551.548505) can0 218#00000000000040
(1726604551.557638) can0 20A#0000000000000000
(1726604551.558478) can0 218#00000000000040
(1726604551.563645) can0 23A#14FF2B
(1726604551.567713) can0 20A#0000000000000000
(1726604551.568540) can0 218#00000000000040
(1726604551.577711) can0 20A#0000000000000000
(1726604551.578537) can0 218#00000000000040
(1726604551.583631) can0 246#0200
(1726604551.587722) can0 20A#0000000000000000
(1726604551.588457) can0 218#00000000000040
(1726604551.597769) can0 20A#0000000000000000
(1726604551.598519) can0 218#00000000000040
(1726604551.603536) can0 290#01
(1726604551.607715) can0 20A#0000000000000000
(1726604551.608437) can0 218#00000000000040
(1726604551.613598) can0 401#00
(1726604551.617713) can0 20A#0000000000000000
(1726604551.618542) can0 218#00000000000040
(1726604551.627629) can0 20A#0000000000000000
(1726604551.628366) can0 218#00000000000040
(1726604551.637772) can0 20A#0000000000000000
(1726604551.638538) can0 218#00000000000040
(1726604551.647770) can0 20A#0000000000000000
(1726604551.648506) can0 218#00000000000040
(1726604551.657770) can0 20A#0000000000000000
(1726604551.658523) can0 218#00000000000040
(1726604551.663657) can0 23A#14FF2B
(1726604551.667713) can0 20A#0000000000000000
(1726604551.668418) can0 218#00000000000040
(1726604551.677770) can0 20A#0000000000000000
(1726604551.678507) can0 218#00000000000040
(1726604551.683631) can0 246#0200
(1726604551.687698) can0 20A#0000000000000000
(1726604551.688381) can0 218#00000000000040
(1726604551.697606) can0 20A#0000000000000000
(1726604551.698483) can0 218#00000000000040
(1726604551.703599) can0 290#01
(1726604551.707646) can0 20A#0000000000000000
(1726604551.708473) can0 218#00000000000040
(1726604551.713601) can0 401#00
(1726604551.717727) can0 20A#0000000000000000
(1726604551.718542) can0 218#00000000000040
(1726604551.727733) can0 20A#0000000000000000
(1726604551.728552) can0 218#00000000000040
(1726604551.737772) can0 20A#0000000000000000
(1726604551.738473) can0 218#00000000000040
(1726604551.747777) can0 20A#0000000000000000
(1726604551.748520) can0 218#00000000000040
(1726604551.757773) can0 20A#0000000000000000
(1726604551.758516) can0 218#00000000000040
(1726604551.763659) can0 23A#14FF2B
(1726604551.767657) can0 20A#0000000000000000
(1726604551.768482) can0 218#00000000000040
(1726604551.777772) can0 20A#0000000000000000
(1726604551.778507) can0 218#00000000000040
(1726604551.783632) can0 246#0200
(1726604551.787718) can0 20A#0000000000000000
(1726604551.788548) can0 218#00000000000040
(1726604551.797776) can0 20A#0000000000000000
(1726604551.798516) can0 218#00000000000040
(1726604551.803631) can0 290#01
(1726604551.807719) can0 20A#0000000000000000
(1726604551.808462) can0 218#00000000000040
(1726604551.813606) can0 401#00
(1726604551.817388) can0 20A#0000000000000000
(1726604551.818380) can0 218#00000000000040
(1726604551.827345) can0 20A#0000000000000000
(1726604551.828289) can0 218#00000000000040
(1726604551.837520) can0 20A#0000000000000000
(1726604551.838453) can0 218#00000000000040
(1726604551.847463) can0 20A#0000000000000000
(1726604551.848504) can0 218#00000000000040
(1726604551.857742) can0 20A#0000000000000000
(1726604551.858541) can0 218#00000000000040
(1726604551.863655) can0 23A#14FF2B
(1726604551.867720) can0 20A#0000000000000000
(1726604551.868545) can0 218#00000000000040
(1726604551.877800) can0 20A#0000000000000000
(1726604551.878523) can0 218#00000000000040
(1726604551.883641) can0 246#0200
(1726604551.887729) can0 20A#0000000000000000
(1726604551.888560) can0 218#00000000000040
(1726604551.897479) can0 20A#0000000000000000
(1726604551.898348) can0 218#00000000000040
(1726604551.903390) can0 290#01
(1726604551.907566) can0 20A#0000000000000000
(1726604551.908503) can0 218#00000000000040
(1726604551.913588) can0 401#00
(1726604551.917586) can0 20A#0000000000000000
(1726604551.918417) can0 218#00000000000040
(1726604551.927779) can0 20A#0000000000000000
(1726604551.928515) can0 218#00000000000040
(1726604551.937777) can0 20A#0000000000000000
(1726604551.938527) can0 218#00000000000040
(1726604551.947613) can0 20A#0000000000000000
(1726604551.948484) can0 218#00000000000040
(1726604551.957390) can0 20A#0000000000000000
(1726604551.958378) can0 218#00000000000040
(1726604551.963439) can0 23A#14FF2B
(1726604551.967406) can0 20A#0000000000000000
(1726604551.968350) can0 218#00000000000040
(1726604551.977775) can0 20A#0000000000000000
(1726604551.978517) can0 218#00000000000040
(1726604551.983641) can0 246#0200
(1726604551.987727) can0 20A#0000000000000000
(1726604551.988458) can0 218#00000000000040
(1726604551.997648) can0 20A#0000000000000000
(1726604551.998383) can0 218#00000000000040
(1726604552.003472) can0 290#01
(1726604552.007723) can0 20A#0000000000000000
(1726604552.008444) can0 218#00000000000040
(1726604552.013242) can0 401#00
(1726604552.017371) can0 20A#0000000000000000
(1726604552.018355) can0 218#00000000000040
(1726604552.027314) can0 20A#0000000000000000
(1726604552.028356) can0 218#00000000000040
(1726604552.037371) can0 20A#0000000000000000
(1726604552.038351) can0 218#00000000000040
(1726604552.047482) can0 20A#0000000000000000
(1726604552.048380) can0 218#00000000000040
(1726604552.057703) can0 20A#0000000000000000
(1726604552.058371) can0 218#00000000000040
(1726604552.063666) can0 23A#14FF2B
(1726604552.067722) can0 20A#0000000000000000
(1726604552.068451) can0 218#00000000000040
(1726604552.077762) can0 20A#0000000000000000
(1726604552.078451) can0 218#00000000000040
(1726604552.083640) can0 246#0200
(1726604552.087750) can0 20A#0000000000000000
(1726604552.088625) can0 218#00000000000040
(1726604552.097704) can0 20A#0000000000000000
(1726604552.098405) can0 218#00000000000040
(1726604552.103609) can0 290#01
(1726604552.107398) can0 20A#0000000000000000
(1726604552.108353) can0 218#00000000000040
(1726604552.113295) can0 401#00
(1726604552.117614) can0 20A#0000000000000000
(1726604552.118497) can0 218#00000000000040
(1726604552.127800) can0 20A#0000000000000000
(1726604552.128539) can0 218#00000000000040
(1726604552.137810) can0 20A#0000000000000000
(1726604552.138517) can0 218#00000000000040
(1726604552.147784) can0 20A#0000000000000000
(1726604552.148527) can0 218#00000000000040
(1726604552.157673) can0 20A#0000000000000000
(1726604552.158488) can0 218#00000000000040
(1726604552.163307) can0 23A#14FF2B
(1726604552.167753) can0 20A#0000000000000000
(1726604552.168538) can0 218#00000000000040
(1726604552.177402) can0 20A#0000000000000000
(1726604552.178373) can0 218#00000000000040
(1726604552.183635) can0 246#0200
(1726604552.187728) can0 20A#0000000000000000
(1726604552.188541) can0 218#00000000000040
(1726604552.197618) can0 20A#0000000000000000
(1726604552.198486) can0 218#00000000000040
(1726604552.203648) can0 290#02
(1726604552.207727) can0 20A#0000000000000000
(1726604552.208558) can0 218#00000000000040
(1726604552.213614) can0 401#00
(1726604552.217590) can0 20A#0000000000000000
(1726604552.218387) can0 218#00000000000040
(1726604552.227508) can0 20A#0000000000000000
(1726604552.228382) can0 218#00000000000040
(1726604552.237428) can0 20A#0000000000000000
(1726604552.238323) can0 218#00000000000040
(1726604552.247675) can0 20A#0000000000000000
(1726604552.248397) can0 218#00000000000040
(1726604552.257643) can0 20A#0000000000000000
(1726604552.258389) can0 218#00000000000040
(1726604552.263647) can0 23A#14FF2B
(1726604552.267721) can0 20A#0000000000000000
(1726604552.268412) can0 218#00000000000040
(1726604552.277414) can0 20A#0000000000000000
(1726604552.278435) can0 218#00000000000040
(1726604552.283469) can0 246#0200
(1726604552.287699) can0 20A#0000000000000000
(1726604552.288556) can0 218#00000000000040
(1726604552.293663) can0 23E#99000000
(1726604552.297729) can0 20A#0000000000000000
(1726604552.298525) can0 218#00000000000040
(1726604552.303649) can0 290#02
(1726604552.307762) can0 20A#0000000000000000
(1726604552.308478) can0 218#00000000000040
(1726604552.313478) can0 401#00
(1726604552.317730) can0 20A#0000000000000000
(1726604552.318457) can0 218#00000000000040
(1726604552.327790) can0 20A#0000000000000000
(1726604552.328530) can0 218#00000000000040
(1726604552.337399) can0 20A#0000000000000000
(1726604552.338380) can0 218#00000000000040
(1726604552.347723) can0 20A#0000000000000000
(1726604552.348374) can0 218#00000000000040
(1726604552.357788) can0 20A#0000000000000000
(1726604552.358536) can0 218#00000000000040
(1726604552.363665) can0 23A#14FF2B
(1726604552.367731) can0 20A#0000000000000000
(1726604552.368419) can0 218#00000000000040
(1726604552.377647) can0 20A#0000000000000000
(1726604552.378390) can0 218#00000000000040
(1726604552.383292) can0 246#0200
(1726604552.387672) can0 20A#0000000000000000
(1726604552.388387) can0 218#00000000000040
(1726604552.397780) can0 20A#0000000000000000
(1726604552.398523) can0 218#00000000000040
(1726604552.403648) can0 290#02
(1726604552.407740) can0 20A#0000000000000000
(1726604552.408568) can0 218#00000000000040
(1726604552.413616) can0 401#00
(1726604552.417741) can0 20A#0000000000000000
(1726604552.418449) can0 218#00000000000040
(1726604552.427788) can0 20A#0000000000000000
(1726604552.428525) can0 218#00000000000040
(1726604552.437815) can0 20A#0000000000000000
(1726604552.438521) can0 218#00000000000040
(1726604552.447656) can0 20A#0000000000000000
(1726604552.448493) can0 218#00000000000040
(1726604552.457792) can0 20A#0000000000000000
(1726604552.458545) can0 218#00000000000040
(1726604552.463675) can0 23A#14FF2B
(1726604552.467758) can0 20A#0000000000000000
(1726604552.468526) can0 218#00000000000040
(1726604552.477742) can0 20A#0000000000000000
(1726604552.478561) can0 218#00000000000040
(1726604552.483649) can0 246#0200
(1726604552.487743) can0 20A#0000000000000000
(1726604552.488550) can0 218#00000000000040
(1726604552.497473) can0 20A#0000000000000000
(1726604552.498391) can0 218#00000000000040
(1726604552.503651) can0 290#02
(1726604552.507757) can0 20A#0000000000000000
(1726604552.508638) can0 218#00000000000040
(1726604552.513643) can0 401#00
(1726604552.517767) can0 20A#0000000000000000
(1726604552.518460) can0 218#00000000000040
(1726604552.527792) can0 20A#0000000000000000
(1726604552.528417) can0 218#00000000000040
(1726604552.537669) can0 20A#0000000000000000
(1726604552.538503) can0 218#00000000000040
(1726604552.547818) can0 20A#0000000000000000
(1726604552.548418) can0 218#00000000000040
(1726604552.557658) can0 20A#0000000000000000
(1726604552.558374) can0 218#00000000000040
(1726604552.563517) can0 23A#14FF2B
(1726604552.567387) can0 20A#0000000000000000
(1726604552.568433) can0 218#00000000000040
(1726604552.577613) can0 20A#0000000000000000
(1726604552.578392) can0 218#00000000000040
(1726604552.583653) can0 246#0200
(1726604552.587740) can0 20A#0000000000000000
(1726604552.588464) can0 218#00000000000040
(1726604552.597691) can0 20A#0000000000000000
(1726604552.598497) can0 218#00000000000040
(1726604552.603423) can0 290#02
(1726604552.607674) can0 20A#0000000000000000
(1726604552.608503) can0 218#00000000000040
(1726604552.613624) can0 401#00
(1726604552.617738) can0 20A#0000000000000000
(1726604552.618541) can0 218#00000000000040
(1726604552.627683) can0 20A#0000000000000000
(1726604552.628507) can0 218#00000000000040
(1726604552.637450) can0 20A#0000000000000000
(1726604552.638358) can0 218#00000000000040
(1726604552.647759) can0 20A#0000000000000000
(1726604552.648591) can0 218#00000000000040
(1726604552.657817) can0 20A#0000000000000000
(1726604552.658541) can0 218#00000000000040
(1726604552.663674) can0 23A#14FF2B
(1726604552.667722) can0 20A#0000000000000000
(1726604552.668389) can0 218#00000000000040
(1726604552.677739) can0 20A#0000000000000000
(1726604552.678575) can0 218#00000000000040
(1726604552.683659) can0 246#0200
(1726604552.687772) can0 20A#0000000000000000
(1726604552.688417) can0 218#00000000000040
(1726604552.697374) can0 20A#0000000000000000
(1726604552.698405) can0 218#00000000000040
(1726604552.703659) can0 290#02
(1726604552.707764) can0 20A#0000000000000000
(1726604552.708645) can0 218#00000000000040
(1726604552.713333) can0 401#00
(1726604552.717408) can0 20A#0000000000000000
(1726604552.718408) can0 218#00000000000040
(1726604552.727759) can0 20A#0000000000000000
(1726604552.728617) can0 218#00000000000040
(1726604552.737805) can0 20A#0000000000000000
(1726604552.738643) can0 218#00000000000040
(1726604552.747830) can0 20A#0000000000000000
(1726604552.748651) can0 218#00000000000040
(1726604552.757837) can0 20A#0000000000000000
(1726604552.758588) can0 218#00000000000040
(1726604552.763686) can0 23A#14FF2B
(1726604552.767728) can0 20A#0000000000000000
(1726604552.768512) can0 218#00000000000040
(1726604552.777646) can0 20A#0000000000000000
(1726604552.778409) can0 218#00000000000040
(1726604552.783683) can0 246#0200
(1726604552.787719) can0 20A#0000000000000000
(1726604552.788410) can0 218#00000000000040
(1726604552.797785) can0 20A#0000000000000000
(1726604552.798617) can0 218#00000000000040
(1726604552.803603) can0 290#02
(1726604552.807767) can0 20A#0000000000000000
(1726604552.808644) can0 218#00000000000040
(1726604552.813624) can0 401#00
(1726604552.817768) can0 20A#0000000000000000
(1726604552.818529) can0 218#00000000000040
(1726604552.827665) can0 20A#0000000000000000
(1726604552.828521) can0 218#00000000000040
(1726604552.837767) can0 20A#0000000000000000
(1726604552.838539) can0 218#00000000000040
(1726604552.847799) can0 20A#0000000000000000
(1726604552.848538) can0 218#00000000000040
(1726604552.857797) can0 20A#0000000000000000
(1726604552.858530) can0 218#00000000000040
(1726604552.863684) can0 23A#14FF2B
(1726604552.867769) can0 20A#0000000000000000
(1726604552.868496) can0 218#00000000000040
(1726604552.877827) can0 20A#0000000000000000
(1726604552.878542) can0 218#00000000000040
(1726604552.883685) can0 246#0200
(1726604552.887717) can0 20A#0000000000000000
(1726604552.888417) can0 218#00000000000040
(1726604552.897825) can0 20A#0000000000000000
(1726604552.898648) can0 218#00000000000040
(1726604552.903660) can0 290#02
(1726604552.907571) can0 20A#0000000000000000
(1726604552.908517) can0 218#00000000000040
(1726604552.913596) can0 401#00
(1726604552.917746) can0 20A#0000000000000000
(1726604552.918417) can0 218#00000000000040
(1726604552.927762) can0 20A#0000000000000000
(1726604552.928559) can0 218#00000000000040
(1726604552.937783) can0 20A#0000000000000000
(1726604552.938542) can0 218#00000000000040
(1726604552.947670) can0 20A#0000000000000000
(1726604552.948510) can0 218#00000000000040
(1726604552.957829) can0 20A#0000000000000000
(1726604552.958650) can0 218#00000000000040
(1726604552.963702) can0 23A#14FF2B
(1726604552.967771) can0 20A#0000000000000000
(1726604552.968472) can0 218#00000000000040
(1726604552.977825) can0 20A#0000000000000000
(1726604552.978545) can0 218#00000000000040
(1726604552.983689) can0 246#0200
(1726604552.987689) can0 20A#0000000000000000
(1726604552.988513) can0 218#00000000000040
(1726604552.997826) can0 20A#0000000000000000
(1726604552.998557) can0 218#00000000000040
(1726604553.003666) can0 290#02
(1726604553.007771) can0 20A#0000000000000000
(1726604553.008648) can0 218#00000000000040
(1726604553.013633) can0 401#00
(1726604553.017773) can0 20A#0000000000000000
(1726604553.018419) can0 218#00000000000040
(1726604553.027441) can0 20A#0000000000000000
(1726604553.028539) can0 218#00000000000040
(1726604553.037510) can0 20A#0000000000000000
(1726604553.038424) can0 218#00000000000040
(1726604553.047828) can0 20A#0000000000000000
(1726604553.048650) can0 218#00000000000040
(1726604553.057830) can0 20A#0000000000000000
(1726604553.058548) can0 218#00000000000040
(1726604553.063706) can0 23A#14FF2B
(1726604553.067780) can0 20A#0000000000000000
(1726604553.068474) can0 218#00000000000040
(1726604553.077821) can0 20A#0000000000000000
(1726604553.078558) can0 218#00000000000040
(1726604553.083682) can0 246#0200
(1726604553.087749) can0 20A#0000000000000000
(1726604553.088472) can0 218#00000000000040
(1726604553.097830) can0 20A#0000000000000000
(1726604553.098650) can0 218#00000000000040
(1726604553.103667) can0 290#02
(1726604553.107773) can0 20A#0000000000000000
(1726604553.108367) can0 218#00000000000040
(1726604553.113306) can0 401#00
(1726604553.117769) can0 20A#0000000000000000
(1726604553.118477) can0 218#00000000000040
(1726604553.127830) can0 20A#0000000000000000
(1726604553.128550) can0 218#00000000000040
(1726604553.137829) can0 20A#0000000000000000
(1726604553.138572) can0 218#00000000000040
(1726604553.147828) can0 20A#0000000000000000
(1726604553.148653) can0 218#00000000000040
(1726604553.157743) can0 20A#0000000000000000
(1726604553.158497) can0 218#00000000000040
(1726604553.163432) can0 23A#14FF2B
(1726604553.167380) can0 20A#0000000000000000
(1726604553.168418) can0 218#00000000000040
(1726604553.177613) can0 20A#0000000000000000
(1726604553.178410) can0 218#00000000000040
(1726604553.183670) can0 246#0200
(1726604553.187427) can0 20A#0000000000000000
(1726604553.188336) can0 218#00000000000040
(1726604553.197564) can0 20A#0000000000000000
(1726604553.198406) can0 218#00000000000040
(1726604553.203538) can0 290#02
(1726604553.207772) can0 20A#0000000000000000
(1726604553.208545) can0 218#00000000000040
(1726604553.213664) can0 401#00
(1726604553.217590) can0 20A#0000000000000000
(1726604553.218412) can0 218#00000000000040
(1726604553.227742) can0 20A#0000000000000000
(1726604553.228384) can0 218#00000000000040
(1726604553.237770) can0 20A#0000000000000000
(1726604553.238545) can0 218#00000000000040
(1726604553.247802) can0 20A#0000000000000000
(1726604553.248577) can0 218#00000000000040
(1726604553.257834) can0 20A#0000000000000000
(1726604553.258653) can0 218#00000000000040
(1726604553.263685) can0 23A#14FF2B
(1726604553.267778) can0 20A#0000000000000000
(1726604553.268549) can0 218#00000000000040
(1726604553.277835) can0 20A#0000000000000000
(1726604553.278656) can0 218#00000000000040
(1726604553.283640) can0 246#0200
(1726604553.287779) can0 20A#0000000000000000
(1726604553.288437) can0 218#00000000000040
(1726604553.293713) can0 23E#99000000
(1726604553.297779) can0 20A#0000000000000000
(1726604553.298574) can0 218#00000000000040
(1726604553.303668) can0 290#02
(1726604553.307743) can0 20A#0000000000000000
(1726604553.308522) can0 218#00000000000040
(1726604553.313673) can0 401#00
(1726604553.317787) can0 20A#0000000000000000
(1726604553.318424) can0 218#00000000000040
(1726604553.327811) can0 20A#0000000000000000
(1726604553.328573) can0 218#00000000000040
(1726604553.337838) can0 20A#0000000000000000
(1726604553.338550) can0 218#00000000000040
(1726604553.347835) can0 20A#0000000000000000
(1726604553.348486) can0 218#00000000000040
(1726604553.357699) can0 20A#0000000000000000
(1726604553.358516) can0 218#00000000000040
(1726604553.363689) can0 23A#14FF2B
(1726604553.367781) can0 20A#0000000000000000
(1726604553.368401) can0 218#00000000000040
(1726604553.377836) can0 20A#0000000000000000
(1726604553.378411) can0 218#00000000000040
(1726604553.383698) can0 246#0200
(1726604553.387787) can0 20A#0000000000000000
(1726604553.388438) can0 218#00000000000040
(1726604553.397836) can0 20A#0000000000000000
(1726604553.398655) can0 218#00000000000040
(1726604553.403679) can0 290#08
(1726604553.407782) can0 20A#0000000000000000
(1726604553.408373) can0 218#00000000000040
(1726604553.413672) can0 401#00
(1726604553.417784) can0 20A#0000000000000000
(1726604553.418409) can0 218#00000000000040
(1726604553.427839) can0 20A#0000000000000000
(1726604553.428417) can0 218#00000000000040
(1726604553.437839) can0 20A#0000000000000000
(1726604553.438660) can0 218#00000000000040
(1726604553.447673) can0 20A#0000000000000000
(1726604553.448520) can0 218#00000000000040
(1726604553.457838) can0 20A#0000000000000000
(1726604553.458566) can0 218#00000000000040
(1726604553.463700) can0 23A#14FF2B
(1726604553.467783) can0 20A#0000000000000000
(1726604553.468375) can0 218#00000000000040
(1726604553.477837) can0 20A#0000000000000000
(1726604553.478657) can0 218#00000000000040
(1726604553.483669) can0 246#0200
(1726604553.487783) can0 20A#0000000000000000
(1726604553.488404) can0 218#00000000000040
(1726604553.497840) can0 20A#0000000000000000
(1726604553.498367) can0 218#00000000000040
(1726604553.503677) can0 290#08
(1726604553.507784) can0 20A#0000000000000000
(1726604553.508371) can0 218#00000000000040
(1726604553.513673) can0 401#00
(1726604553.517785) can0 20A#0000000000000000
(1726604553.518415) can0 218#00000000000040
(1726604553.527848) can0 20A#0000000000000000
(1726604553.528558) can0 218#00000000000040
(1726604553.537839) can0 20A#0000000000000000
(1726604553.538660) can0 218#00000000000040
(1726604553.547836) can0 20A#0000000000000000
(1726604553.548662) can0 218#00000000000040
(1726604553.557854) can0 20A#0000000000000000
(1726604553.558671) can0 218#00000000000040
(1726604553.563709) can0 23A#14FF2B
(1726604553.567787) can0 20A#0000000000000000
(1726604553.568438) can0 218#00000000000040
(1726604553.577841) can0 20A#0000000000000000
(1726604553.578520) can0 218#00000000000040
(1726604553.583708) can0 246#0200
(1726604553.587786) can0 20A#0000000000000000
(1726604553.588440) can0 218#00000000000040
(1726604553.597844) can0 20A#0000000000000000
(1726604553.598571) can0 218#00000000000040
(1726604553.603675) can0 290#08
(1726604553.607791) can0 20A#0000000000000000
(1726604553.608454) can0 218#00000000000040
(1726604553.613674) can0 401#00
(1726604553.617777) can0 20A#0000000000000000
(1726604553.618445) can0 218#00000000000040
(1726604553.627745) can0 20A#0000000000000000
(1726604553.628529) can0 218#00000000000040
(1726604553.637842) can0 20A#0000000000000000
(1726604553.638662) can0 218#00000000000040
(1726604553.647843) can0 20A#0000000000000000
(1726604553.648665) can0 218#00000000000040
(1726604553.657843) can0 20A#0000000000000000
(1726604553.658669) can0 218#00000000000040
(1726604553.663702) can0 23A#14FF2B
(1726604553.667788) can0 20A#0000000000000000
(1726604553.668364) can0 218#00000000000040
(1726604553.677847) can0 20A#0000000000000000
(1726604553.678666) can0 218#00000000000040
(1726604553.683696) can0 246#0200
(1726604553.687788) can0 20A#0000000000000000
(1726604553.688405) can0 218#00000000000040
(1726604553.697414) can0 20A#0000000000000000
(1726604553.698436) can0 218#00000000000040
(1726604553.703679) can0 290#08
(1726604553.707790) can0 20A#0000000000000000
(1726604553.708442) can0 218#00000000000040
(1726604553.713682) can0 401#00
(1726604553.717788) can0 20A#0000000000000000
(1726604553.718442) can0 218#00000000000040
(1726604553.727844) can0 20A#0000000000000000
(1726604553.728668) can0 218#00000000000040
(1726604553.737846) can0 20A#0000000000000000
(1726604553.738583) can0 218#00000000000040
(1726604553.747845) can0 20A#0000000000000000
(1726604553.748669) can0 218#00000000000040
(1726604553.757847) can0 20A#0000000000000000
(1726604553.758666) can0 218#00000000000040
(1726604553.763518) can0 23A#14FF2B
(1726604553.767401) can0 20A#0000000000000000
(1726604553.768429) can0 218#00000000000040
(1726604553.777822) can0 20A#0000000000000000
(1726604553.778587) can0 218#00000000000040
(1726604553.783701) can0 246#0200
(1726604553.787560) can0 20A#0000000000000000
(1726604553.788442) can0 218#00000000000040
(1726604553.797794) can0 20A#0000000000000000
(1726604553.798442) can0 218#00000000000040
(1726604553.803546) can0 290#08
(1726604553.807790) can0 20A#0000000000000000
(1726604553.808420) can0 218#00000000000040
(1726604553.813618) can0 401#00
(1726604553.817792) can0 20A#0000000000000000
(1726604553.818553) can0 218#00000000000040
(1726604553.827847) can0 20A#0000000000000000
(1726604553.828574) can0 218#00000000000040
(1726604553.837857) can0 20A#0000000000000000
(1726604553.838379) can0 218#00000000000040
(1726604553.847854) can0 20A#0000000000000000
(1726604553.848440) can0 218#00000000000040
(1726604553.857848) can0 20A#0000000000000000
(1726604553.858443) can0 218#00000000000040
(1726604553.863734) can0 23A#14FF2B
(1726604553.867757) can0 20A#0000000000000000
(1726604553.868438) can0 218#00000000000040
(1726604553.877441) can0 20A#0000000000000000
(1726604553.878425) can0 218#00000000000040
(1726604553.883652) can0 246#0200
(1726604553.887793) can0 20A#0000000000000000
(1726604553.888451) can0 218#00000000000040
(1726604553.897836) can0 20A#0000000000000000
(1726604553.898434) can0 218#00000000000040
(1726604553.903540) can0 290#08
(1726604553.907793) can0 20A#0000000000000000
(1726604553.908438) can0 218#00000000000040
(1726604553.913676) can0 401#00
(1726604553.917787) can0 20A#0000000000000000
(1726604553.918431) can0 218#00000000000040
(1726604553.927848) can0 20A#0000000000000000
(1726604553.928437) can0 218#00000000000040
(1726604553.937841) can0 20A#0000000000000000
(1726604553.938442) can0 218#00000000000040
(1726604553.947439) can0 20A#0000000000000000
(1726604553.948560) can0 218#00000000000040
(1726604553.957850) can0 20A#0000000000000000
(1726604553.958598) can0 218#00000000000040
(1726604553.963710) can0 23A#14FF2B
(1726604553.967795) can0 20A#0000000000000000
(1726604553.968443) can0 218#00000000000040
(1726604553.977852) can0 20A#0000000000000000
(1726604553.978672) can0 218#00000000000040
(1726604553.983702) can0 246#0200
(1726604553.987795) can0 20A#0000000000000000
(1726604553.988455) can0 218#00000000000040
(1726604553.997852) can0 20A#0000000000000000
(1726604553.998674) can0 218#00000000000040
(1726604554.003686) can0 290#08
(1726604554.007658) can0 20A#0000000000000000
(1726604554.008549) can0 218#00000000000040
(1726604554.013683) can0 401#00
(1726604554.017795) can0 20A#0000000000000000
(1726604554.018442) can0 218#00000000000040
(1726604554.027853) can0 20A#0000000000000000
(1726604554.028615) can0 218#00000000000040
(1726604554.037850) can0 20A#0000000000000000
(1726604554.038670) can0 218#00000000000040
(1726604554.047856) can0 20A#0000000000000000
(1726604554.048675) can0 218#00000000000040
(1726604554.057853) can0 20A#0000000000000000
(1726604554.058674) can0 218#00000000000040
(1726604554.063713) can0 23A#14FF2B
(1726604554.067788) can0 20A#0000000000000000
(1726604554.068560) can0 218#00000000000040
(1726604554.077737) can0 20A#0000000000000000
(1726604554.078447) can0 218#00000000000040
(1726604554.083706) can0 246#0200
(1726604554.087797) can0 20A#0000000000000000
(1726604554.088447) can0 218#00000000000040
(1726604554.097853) can0 20A#0000000000000000
(1726604554.098672) can0 218#00000000000040
(1726604554.103708) can0 290#08
(1726604554.107794) can0 20A#0000000000000000
(1726604554.108568) can0 218#00000000000040
(1726604554.113682) can0 401#00
(1726604554.117808) can0 20A#0000000000000000
(1726604554.118592) can0 218#00000000000040
(1726604554.127857) can0 20A#0000000000000000
(1726604554.128625) can0 218#00000000000040
(1726604554.137657) can0 20A#0000000000000000
(1726604554.138439) can0 218#00000000000040
(1726604554.147853) can0 20A#0000000000000000
(1726604554.148675) can0 218#00000000000040
(1726604554.157769) can0 20A#0000000000000000
(1726604554.158554) can0 218#00000000000040
(1726604554.163630) can0 23A#14FF2B
(1726604554.167799) can0 20A#0000000000000000
(1726604554.168570) can0 218#00000000000040
(1726604554.177854) can0 20A#0000000000000000
(1726604554.178626) can0 218#00000000000040
(1726604554.183717) can0 246#0200
(1726604554.187798) can0 20A#0000000000000000
(1726604554.188455) can0 218#00000000000040
(1726604554.197699) can0 20A#0000000000000000
(1726604554.198467) can0 218#00000000000040
(1726604554.203635) can0 290#08
(1726604554.207800) can0 20A#0000000000000000
(1726604554.208444) can0 218#00000000000040
(1726604554.213687) can0 401#00
(1726604554.217802) can0 20A#0000000000000000
(1726604554.218450) can0 218#00000000000040
(1726604554.227777) can0 20A#0000000000000000
(1726604554.228440) can0 218#00000000000040
(1726604554.237858) can0 20A#0000000000000000
(1726604554.238453) can0 218#00000000000040
(1726604554.247857) can0 20A#0000000000000000
(1726604554.248435) can0 218#00000000000040
(1726604554.257848) can0 20A#0000000000000000
(1726604554.258439) can0 218#00000000000040
(1726604554.263526) can0 23A#14FF2B
(1726604554.267772) can0 20A#0000000000000000
(1726604554.268570) can0 218#00000000000040
(1726604554.277859) can0 20A#0000000000000000
(1726604554.278679) can0 218#00000000000040
(1726604554.283718) can0 246#0200
(1726604554.287801) can0 20A#0000000000000000
(1726604554.288445) can0 218#00000000000040
(1726604554.293736) can0 23E#99000000
(1726604554.297803) can0 20A#0000000000000000
(1726604554.298446) can0 218#00000000000040
(1726604554.303691) can0 290#08
(1726604554.307802) can0 20A#0000000000000000
(1726604554.308445) can0 218#00000000000040
(1726604554.313685) can0 401#00
(1726604554.317828) can0 20A#0000000000000000
(1726604554.318594) can0 218#00000000000040
(1726604554.327885) can0 20A#0000000000000000
(1726604554.328609) can0 218#00000000000040
(1726604554.337883) can0 20A#0000000000000000
(1726604554.338609) can0 218#00000000000040
(1726604554.347884) can0 20A#0000000000000000
(1726604554.348682) can0 218#00000000000040
(1726604554.357889) can0 20A#0000000000000000
(1726604554.358592) can0 218#00000000000040
(1726604554.363380) can0 23A#14FF2B
(1726604554.367447) can0 20A#0000000000000000
(1726604554.368432) can0 218#00000000000040
(1726604554.377799) can0 20A#0000000000000000
(1726604554.378448) can0 218#00000000000040
(1726604554.383719) can0 246#0200
(1726604554.387512) can0 20A#0000000000000000
(1726604554.388463) can0 218#00000000000040
(1726604554.397747) can0 20A#0000000000000000
(1726604554.398460) can0 218#00000000000040
(1726604554.403695) can0 290#08
(1726604554.407813) can0 20A#0000000000000000
(1726604554.408625) can0 218#00000000000040
(1726604554.413692) can0 401#00
(1726604554.417804) can0 20A#0000000000000000
(1726604554.418686) can0 218#00000000000040
(1726604554.427857) can0 20A#0000000000000000
(1726604554.428604) can0 218#00000000000040
(1726604554.437861) can0 20A#0000000000000000
(1726604554.438448) can0 218#00000000000040
(1726604554.447705) can0 20A#0000000000000000
(1726604554.448571) can0 218#00000000000040
(1726604554.457862) can0 20A#0000000000000000
(1726604554.458684) can0 218#00000000000040
(1726604554.463722) can0 23A#14FF2B
(1726604554.467835) can0 20A#0000000000000000
(1726604554.468706) can0 218#00000000000040
(1726604554.477864) can0 20A#0000000000000000
(1726604554.478684) can0 218#00000000000040
(1726604554.483713) can0 246#0200
(1726604554.487805) can0 20A#0000000000000000
(1726604554.488684) can0 218#00000000000040
(1726604554.497888) can0 20A#0000000000000000
(1726604554.498610) can0 218#00000000000040
(1726604554.503689) can0 290#08
(1726604554.507813) can0 20A#0000000000000000
(1726604554.508688) can0 218#00000000000040
(1726604554.513701) can0 401#00
(1726604554.517815) can0 20A#0000000000000000
(1726604554.518636) can0 218#00000000000040
(1726604554.527869) can0 20A#0000000000000000
(1726604554.528689) can0 218#00000000000040
(1726604554.537889) can0 20A#0000000000000000
(1726604554.538619) can0 218#00000000000040
(1726604554.547863) can0 20A#0000000000000000
(1726604554.548688) can0 218#00000000000040
(1726604554.557873) can0 20A#0000000000000000
(1726604554.558445) can0 218#00000000000040
(1726604554.563725) can0 23A#14FF2B
(1726604554.567804) can0 20A#0000000000000000
(1726604554.568614) can0 218#00000000000040
(1726604554.577864) can0 20A#0000000000000000
(1726604554.578600) can0 218#00000000000040
(1726604554.583420) can0 246#0200
(1726604554.587781) can0 20A#0000000000000000
(1726604554.588532) can0 218#00000000000040
(1726604554.597864) can0 20A#0000000000000000
(1726604554.598592) can0 218#00000000000040
(1726604554.603703) can0 290#08
(1726604554.607817) can0 20A#0000000000000000
(1726604554.608646) can0 218#00000000000040
(1726604554.613692) can0 401#00
(1726604554.617819) can0 20A#0000000000000000
(1726604554.618544) can0 218#00000000000040
(1726604554.627870) can0 20A#0000000000000000
(1726604554.628606) can0 218#00000000000040
(1726604554.637898) can0 20A#0000000000000000
(1726604554.638689) can0 218#00000000000040
(1726604554.647875) can0 20A#0000000000000000
(1726604554.648688) can0 218#00000000000040
(1726604554.657892) can0 20A#0000000000000000
(1726604554.658628) can0 218#00000000000040
(1726604554.663750) can0 23A#14FF2B
(1726604554.667843) can0 20A#0000000000000000
(1726604554.668690) can0 218#00000000000040
(1726604554.677888) can0 20A#0000000000000000
(1726604554.678624) can0 218#00000000000040
(1726604554.683727) can0 246#0200
(1726604554.687835) can0 20A#0000000000000000
(1726604554.688450) can0 218#00000000000040
(1726604554.697714) can0 20A#0000000000000000
(1726604554.698457) can0 218#00000000000040
(1726604554.703699) can0 290#08
(1726604554.707812) can0 20A#0000000000000000
(1726604554.708445) can0 218#00000000000040
(1726604554.713387) can0 401#00
(1726604554.717806) can0 20A#0000000000000000
(1726604554.718451) can0 218#00000000000040
(1726604554.727866) can0 20A#0000000000000000
(1726604554.728633) can0 218#00000000000040
(1726604554.737902) can0 20A#0000000000000000
(1726604554.738596) can0 218#00000000000040
(1726604554.747892) can0 20A#0000000000000000
(1726604554.748692) can0 218#00000000000040
(1726604554.757876) can0 20A#0000000000000000
(1726604554.758698) can0 218#00000000000040
(1726604554.763755) can0 23A#14FF2B
(1726604554.767813) can0 20A#0000000000000000
(1726604554.768467) can0 218#00000000000040
(1726604554.777647) can0 20A#0000000000000000
(1726604554.778422) can0 218#00000000000040
(1726604554.783731) can0 246#0200
(1726604554.787836) can0 20A#0000000000000000
(1726604554.788613) can0 218#00000000000040
(1726604554.797846) can0 20A#0000000000000000
(1726604554.798454) can0 218#00000000000040
(1726604554.803697) can0 290#08
(1726604554.807842) can0 20A#0000000000000000
(1726604554.808503) can0 218#00000000000040
(1726604554.813698) can0 401#00
(1726604554.817814) can0 20A#0000000000000000
(1726604554.818448) can0 218#00000000000040
(1726604554.827866) can0 20A#0000000000000000
(1726604554.828602) can0 218#00000000000040
(1726604554.837868) can0 20A#0000000000000000
(1726604554.838642) can0 218#00000000000040
(1726604554.847848) can0 20A#0000000000000000
(1726604554.848448) can0 218#00000000000040
(1726604554.857873) can0 20A#0000000000000000
(1726604554.858693) can0 218#00000000000040
(1726604554.863753) can0 23A#14FF2B
(1726604554.867844) can0 20A#0000000000000000
(1726604554.868468) can0 218#00000000000040
(1726604554.877880) can0 20A#0000000000000000
(1726604554.878448) can0 218#00000000000040
(1726604554.883732) can0 246#0200
(1726604554.887837) can0 20A#0000000000000000
(1726604554.888457) can0 218#00000000000040
(1726604554.897889) can0 20A#0000000000000000
(1726604554.898441) can0 218#00000000000040
(1726604554.903425) can0 290#08
(1726604554.907782) can0 20A#0000000000000000
(1726604554.908562) can0 218#00000000000040
(1726604554.913700) can0 401#00
(1726604554.917840) can0 20A#0000000000000000
(1726604554.918619) can0 218#00000000000040
(1726604554.927764) can0 20A#0000000000000000
(1726604554.928454) can0 218#00000000000040
(1726604554.937900) can0 20A#0000000000000000
(1726604554.938628) can0 218#00000000000040
(1726604554.947467) can0 20A#0000000000000000
(1726604554.948445) can0 218#00000000000040
(1726604554.957897) can0 20A#0000000000000000
(1726604554.958459) can0 218#00000000000040
(1726604554.963759) can0 23A#14FF2B
(1726604554.967437) can0 20A#0000000000000000
(1726604554.968445) can0 218#00000000000040
(1726604554.977875) can0 20A#0000000000000000
(1726604554.978642) can0 218#00000000000040
(1726604554.983373) can0 246#0200
(1726604554.987487) can0 20A#0000000000000000
(1726604554.988582) can0 218#00000000000040
(1726604554.997896) can0 20A#0000000000000000
(1726604554.998630) can0 218#00000000000040
(1726604555.003481) can0 290#08
(1726604555.007760) can0 20A#0000000000000000
(1726604555.008575) can0 218#00000000000040
(1726604555.013572) can0 401#00
(1726604555.017687) can0 20A#0000000000000000
(1726604555.018480) can0 218#00000000000040
(1726604555.027911) can0 20A#0000000000000000
(1726604555.028701) can0 218#00000000000040
(1726604555.037860) can0 20A#0000000000000000
(1726604555.038613) can0 218#00000000000040
(1726604555.047875) can0 20A#0000000000000000
(1726604555.048609) can0 218#00000000000040
(1726604555.057884) can0 20A#0000000000000000
(1726604555.058615) can0 218#00000000000040
(1726604555.063738) can0 23A#14FF2B
(1726604555.067817) can0 20A#0000000000000000
(1726604555.068477) can0 218#00000000000040
(1726604555.077876) can0 20A#0000000000000000
(1726604555.078633) can0 218#00000000000040
(1726604555.083761) can0 246#0200
(1726604555.087845) can0 20A#0000000000000000
(1726604555.088733) can0 218#00000000000040
(1726604555.097646) can0 20A#0000000000000000
(1726604555.098470) can0 218#00000000000040
(1726604555.103729) can0 290#08
(1726604555.107609) can0 20A#0000000000000000
(1726604555.108473) can0 218#00000000000040
(1726604555.113712) can0 401#00
(1726604555.117847) can0 20A#0000000000000000
(1726604555.118622) can0 218#00000000000040
(1726604555.127876) can0 20A#0000000000000000
(1726604555.128613) can0 218#00000000000040
(1726604555.137764) can0 20A#0000000000000000
(1726604555.138437) can0 218#00000000000040
(1726604555.147915) can0 20A#0000000000000000
(1726604555.148733) can0 218#00000000000040
(1726604555.157822) can0 20A#0000000000000000
(1726604555.158462) can0 218#00000000000040
(1726604555.163418) can0 23A#14FF2B
(1726604555.167481) can0 20A#0000000000000000
(1726604555.168465) can0 218#00000000000040
(1726604555.177788) can0 20A#0000000000000000
(1726604555.178574) can0 218#00000000000040
(1726604555.183725) can0 246#0200
(1726604555.187824) can0 20A#0000000000000000
(1726604555.188699) can0 218#00000000000040
(1726604555.197732) can0 20A#0000000000000000
(1726604555.198442) can0 218#00000000000040
(1726604555.203748) can0 290#08
(1726604555.207849) can0 20A#0000000000000000
(1726604555.208466) can0 218#00000000000040
(1726604555.213728) can0 401#00
(1726604555.217511) can0 20A#0000000000000000
(1726604555.218445) can0 218#00000000000040
(1726604555.227828) can0 20A#0000000000000000
(1726604555.228700) can0 218#00000000000040
(1726604555.237889) can0 20A#0000000000000000
(1726604555.238703) can0 218#00000000000040
(1726604555.247912) can0 20A#0000000000000000
(1726604555.248741) can0 218#00000000000040
(1726604555.257913) can0 20A#0000000000000000
(1726604555.258584) can0 218#00000000000040
(1726604555.263762) can0 23A#14FF2B
(1726604555.267821) can0 20A#0000000000000000
(1726604555.268585) can0 218#00000000000040
(1726604555.277875) can0 20A#0000000000000000
(1726604555.278727) can0 218#00000000000040
(1726604555.283768) can0 246#0200
(1726604555.287851) can0 20A#0000000000000000
(1726604555.288725) can0 218#00000000000040
(1726604555.293783) can0 23E#99000000
(1726604555.297586) can0 20A#0000000000000000
(1726604555.298426) can0 218#00000000000040
(1726604555.303740) can0 290#02
(1726604555.307849) can0 20A#0000000000000000
(1726604555.308703) can0 218#00000000000040
(1726604555.313719) can0 401#00
(1726604555.317833) can0 20A#0000000000000000
(1726604555.318551) can0 218#00000000000040
(1726604555.327907) can0 20A#0000000000000000
(1726604555.328730) can0 218#00000000000040
(1726604555.337914) can0 20A#0000000000000000
(1726604555.338732) can0 218#00000000000040
(1726604555.347909) can0 20A#0000000000000000
(1726604555.348624) can0 218#00000000000040
(1726604555.357884) can0 20A#0000000000000000
(1726604555.358713) can0 218#00000000000040
(1726604555.363792) can0 23A#14FF2B
(1726604555.367864) can0 20A#0000000000000000
(1726604555.368564) can0 218#00000000000040
(1726604555.377900) can0 20A#0000000000000000
(1726604555.378662) can0 218#00000000000040
(1726604555.383768) can0 246#0200
(1726604555.387846) can0 20A#0000000000000000
(1726604555.388640) can0 218#00000000000040
(1726604555.397906) can0 20A#0000000000000000
(1726604555.398644) can0 218#00000000000040
(1726604555.403745) can0 290#02
(1726604555.407852) can0 20A#0000000000000000
(1726604555.408732) can0 218#00000000000040
(1726604555.413744) can0 401#00
(1726604555.417862) can0 20A#0000000000000000
(1726604555.418463) can0 218#00000000000040
(1726604555.427921) can0 20A#0000000000000000
(1726604555.428627) can0 218#00000000000040
(1726604555.437926) can0 20A#0000000000000000
(1726604555.438618) can0 218#00000000000040
(1726604555.447756) can0 20A#0000000000000000
(1726604555.448471) can0 218#00000000000040
(1726604555.457917) can0 20A#0000000000000000
(1726604555.458742) can0 218#00000000000040
(1726604555.463770) can0 23A#14FF2B
(1726604555.467855) can0 20A#0000000000000000
(1726604555.468499) can0 218#00000000000040
(1726604555.477863) can0 20A#0000000000000000
(1726604555.478734) can0 218#00000000000040
(1726604555.483746) can0 246#0200
(1726604555.487854) can0 20A#0000000000000000
(1726604555.488730) can0 218#00000000000040
(1726604555.497912) can0 20A#0000000000000000
(1726604555.498736) can0 218#00000000000040
(1726604555.503715) can0 290#02
(1726604555.507852) can0 20A#0000000000000000
(1726604555.508733) can0 218#00000000000040
(1726604555.513722) can0 401#00
(1726604555.517855) can0 20A#0000000000000000
(1726604555.518714) can0 218#00000000000040
(1726604555.527924) can0 20A#0000000000000000
(1726604555.528625) can0 218#00000000000040
(1726604555.537899) can0 20A#0000000000000000
(1726604555.538709) can0 218#00000000000040
(1726604555.547924) can0 20A#0000000000000000
(1726604555.548735) can0 218#00000000000040
(1726604555.557918) can0 20A#0000000000000000
(1726604555.558745) can0 218#00000000000040
(1726604555.563772) can0 23A#14FF2B
(1726604555.567473) can0 20A#0000000000000000
(1726604555.568445) can0 218#00000000000040
(1726604555.577476) can0 20A#0000000000000000
(1726604555.578425) can0 218#00000000000040
(1726604555.583402) can0 246#0200
(1726604555.587509) can0 20A#0000000000000000
(1726604555.588422) can0 218#00000000000040
(1726604555.597918) can0 20A#0000000000000000
(1726604555.598743) can0 218#00000000000040
(1726604555.603537) can0 290#02
(1726604555.607729) can0 20A#0000000000000000
(1726604555.608602) can0 218#00000000000040
(1726604555.613628) can0 401#00
(1726604555.617723) can0 20A#0000000000000000
(1726604555.618591) can0 218#00000000000040
(1726604555.627927) can0 20A#0000000000000000
(1726604555.628735) can0 218#00000000000040
(1726604555.637929) can0 20A#0000000000000000
(1726604555.638660) can0 218#00000000000040
(1726604555.647904) can0 20A#0000000000000000
(1726604555.648636) can0 218#00000000000040
(1726604555.657903) can0 20A#0000000000000000
(1726604555.658740) can0 218#00000000000040
(1726604555.663799) can0 23A#14FF2B
(1726604555.667863) can0 20A#0000000000000000
(1726604555.668590) can0 218#00000000000040
(1726604555.677588) can0 20A#0000000000000000
(1726604555.678622) can0 218#00000000000040
(1726604555.683432) can0 246#0200
(1726604555.687862) can0 20A#0000000000000000
(1726604555.688732) can0 218#00000000000040
(1726604555.697766) can0 20A#0000000000000000
(1726604555.698583) can0 218#00000000000040
(1726604555.703745) can0 290#02
(1726604555.707829) can0 20A#0000000000000000
(1726604555.708506) can0 218#00000000000040
(1726604555.713718) can0 401#00
(1726604555.717858) can0 20A#0000000000000000
(1726604555.718614) can0 218#00000000000040
(1726604555.727915) can0 20A#0000000000000000
(1726604555.728737) can0 218#00000000000040
(1726604555.737924) can0 20A#0000000000000000
(1726604555.738749) can0 218#00000000000040
(1726604555.747927) can0 20A#0000000000000000
(1726604555.748738) can0 218#00000000000040
(1726604555.757918) can0 20A#0000000000000000
(1726604555.758641) can0 218#00000000000040
(1726604555.763802) can0 23A#14FF2B
(1726604555.767863) can0 20A#0000000000000000
(1726604555.768568) can0 218#00000000000040
(1726604555.777918) can0 20A#0000000000000000
(1726604555.778657) can0 218#00000000000040
(1726604555.783778) can0 246#0200
(1726604555.787831) can0 20A#0000000000000000
(1726604555.788470) can0 218#00000000000040
(1726604555.797924) can0 20A#0000000000000000
(1726604555.798743) can0 218#00000000000040
(1726604555.803698) can0 290#02
(1726604555.807862) can0 20A#0000000000000000
(1726604555.808738) can0 218#00000000000040
(1726604555.813754) can0 401#00
(1726604555.817863) can0 20A#0000000000000000
(1726604555.818562) can0 218#00000000000040
(1726604555.827920) can0 20A#0000000000000000
(1726604555.828740) can0 218#00000000000040
(1726604555.837925) can0 20A#0000000000000000
(1726604555.838748) can0 218#00000000000040
(1726604555.847922) can0 20A#0000000000000000
(1726604555.848737) can0 218#00000000000040
(1726604555.857926) can0 20A#0000000000000000
(1726604555.858656) can0 218#00000000000040
(1726604555.863663) can0 23A#14FF2B
(1726604555.867833) can0 20A#0000000000000000
(1726604555.868473) can0 218#00000000000040
(1726604555.877918) can0 20A#0000000000000000
(1726604555.878752) can0 218#00000000000040
(1726604555.883779) can0 246#0200
(1726604555.887864) can0 20A#0000000000000000
(1726604555.888740) can0 218#00000000000040
(1726604555.897921) can0 20A#0000000000000000
(1726604555.898744) can0 218#00000000000040
(1726604555.903756) can0 290#02
(1726604555.907862) can0 20A#0000000000000000
(1726604555.908745) can0 218#00000000000040
(1726604555.913758) can0 401#00
(1726604555.917865) can0 20A#0000000000000000
(1726604555.918691) can0 218#00000000000040
(1726604555.927922) can0 20A#0000000000000000
(1726604555.928740) can0 218#00000000000040
(1726604555.937921) can0 20A#0000000000000000
(1726604555.938743) can0 218#00000000000040
(1726604555.947488) can0 20A#0000000000000000
(1726604555.948531) can0 218#00000000000040
(1726604555.957918) can0 20A#0000000000000000
(1726604555.958657) can0 218#00000000000040
(1726604555.963699) can0 23A#14FF2B
(1726604555.967865) can0 20A#0000000000000000
(1726604555.968514) can0 218#00000000000040
(1726604555.977848) can0 20A#0000000000000000
(1726604555.978747) can0 218#00000000000040
(1726604555.983773) can0 246#0200
(1726604555.987869) can0 20A#0000000000000000
(1726604555.988742) can0 218#00000000000040
(1726604555.997874) can0 20A#0000000000000000
(1726604555.998744) can0 218#00000000000040
(1726604556.003760) can0 290#02
(1726604556.007869) can0 20A#0000000000000000
(1726604556.008743) can0 218#00000000000040
(1726604556.013749) can0 401#00
(1726604556.017868) can0 20A#0000000000000000
(1726604556.018664) can0 218#00000000000040
(1726604556.027925) can0 20A#0000000000000000
(1726604556.028745) can0 218#00000000000040
(1726604556.037928) can0 20A#0000000000000000
(1726604556.038757) can0 218#00000000000040
(1726604556.047932) can0 20A#0000000000000000
(1726604556.048747) can0 218#00000000000040
(1726604556.057924) can0 20A#0000000000000000
(1726604556.058758) can0 218#00000000000040
(1726604556.063816) can0 23A#14FF2B
(1726604556.067871) can0 20A#0000000000000000
(1726604556.068748) can0 218#00000000000040
(1726604556.077924) can0 20A#0000000000000000
(1726604556.078667) can0 218#00000000000040
(1726604556.083786) can0 246#0200
(1726604556.087871) can0 20A#0000000000000000
(1726604556.088474) can0 218#00000000000040
(1726604556.097924) can0 20A#0000000000000000
(1726604556.098671) can0 218#00000000000040
(1726604556.103763) can0 290#02
(1726604556.107877) can0 20A#0000000000000000
(1726604556.108745) can0 218#00000000000040
(1726604556.113760) can0 401#00
(1726604556.117862) can0 20A#0000000000000000
(1726604556.118749) can0 218#00000000000040
(1726604556.127862) can0 20A#0000000000000000
(1726604556.128677) can0 218#00000000000040
(1726604556.137926) can0 20A#0000000000000000
(1726604556.138750) can0 218#00000000000040
(1726604556.147936) can0 20A#0000000000000000
(1726604556.148747) can0 218#00000000000040
(1726604556.157802) can0 20A#0000000000000000
(1726604556.158621) can0 218#00000000000040
(1726604556.163788) can0 23A#14FF2B
(1726604556.167526) can0 20A#0000000000000000
(1726604556.168500) can0 218#00000000000040
(1726604556.177917) can0 20A#0000000000000000
(1726604556.178748) can0 218#00000000000040
(1726604556.183511) can0 246#0200
(1726604556.187800) can0 20A#0000000000000000
(1726604556.188616) can0 218#00000000000040
(1726604556.197775) can0 20A#0000000000000000
(1726604556.198602) can0 218#00000000000040
(1726604556.203609) can0 290#02
(1726604556.207795) can0 20A#0000000000000000
(1726604556.208511) can0 218#00000000000040
(1726604556.213720) can0 401#00
(1726604556.217734) can0 20A#0000000000000000
(1726604556.218604) can0 218#00000000000040
(1726604556.227534) can0 20A#0000000000000000
(1726604556.228515) can0 218#00000000000040
(1726604556.237913) can0 20A#0000000000000000
(1726604556.238685) can0 218#00000000000040
(1726604556.247930) can0 20A#0000000000000000
(1726604556.248747) can0 218#00000000000040
(1726604556.257928) can0 20A#0000000000000000
(1726604556.258762) can0 218#00000000000040
(1726604556.263789) can0 23A#14FF2B
(1726604556.267873) can0 20A#0000000000000000
(1726604556.268510) can0 218#00000000000040
(1726604556.277927) can0 20A#0000000000000000
(1726604556.278518) can0 218#00000000000040
(1726604556.283423) can0 246#0200
(1726604556.287571) can0 20A#0000000000000000
(1726604556.288504) can0 218#00000000000040
(1726604556.293449) can0 23E#99000000
(1726604556.297812) can0 20A#0000000000000000
(1726604556.298518) can0 218#00000000000040
(1726604556.303757) can0 290#02
(1726604556.307661) can0 20A#0000000000000000
(1726604556.308502) can0 218#00000000000040
(1726604556.313441) can0 401#00
(1726604556.317874) can0 20A#0000000000000000
(1726604556.318598) can0 218#00000000000040
(1726604556.327933) can0 20A#0000000000000000
(1726604556.328750) can0 218#00000000000040
(1726604556.337937) can0 20A#0000000000000000
(1726604556.338762) can0 218#00000000000040
(1726604556.347942) can0 20A#0000000000000000
(1726604556.348677) can0 218#00000000000040
(1726604556.357937) can0 20A#0000000000000000
(1726604556.358556) can0 218#00000000000040
(1726604556.363794) can0 23A#14FF2B
(1726604556.367875) can0 20A#0000000000000000
(1726604556.368501) can0 218#00000000000040
(1726604556.377932) can0 20A#0000000000000000
(1726604556.378755) can0 218#00000000000040
(1726604556.383440) can0 246#0200
(1726604556.387836) can0 20A#0000000000000000
(1726604556.388543) can0 218#00000000000040
(1726604556.397933) can0 20A#0000000000000000
(1726604556.398667) can0 218#00000000000040
(1726604556.403767) can0 290#02
(1726604556.407877) can0 20A#0000000000000000
(1726604556.408605) can0 218#00000000000040
(1726604556.413758) can0 401#00
(1726604556.417899) can0 20A#0000000000000000
(1726604556.418756) can0 218#00000000000040
(1726604556.427933) can0 20A#0000000000000000
(1726604556.428679) can0 218#00000000000040
(1726604556.437797) can0 20A#0000000000000000
(1726604556.438607) can0 218#00000000000040
(1726604556.447774) can0 20A#0000000000000000
(1726604556.448470) can0 218#00000000000040
(1726604556.457941) can0 20A#0000000000000000
(1726604556.458533) can0 218#00000000000040
(1726604556.463790) can0 23A#14FF2B
(1726604556.467895) can0 20A#0000000000000000
(1726604556.468610) can0 218#00000000000040
(1726604556.477941) can0 20A#0000000000000000
(1726604556.478669) can0 218#00000000000040
(1726604556.483786) can0 246#0200
(1726604556.487881) can0 20A#0000000000000000
(1726604556.488508) can0 218#00000000000040
(1726604556.497934) can0 20A#0000000000000000
(1726604556.498676) can0 218#00000000000040
(1726604556.503448) can0 290#02
(1726604556.507846) can0 20A#0000000000000000
(1726604556.508533) can0 218#00000000000040
(1726604556.513771) can0 401#00
(1726604556.517876) can0 20A#0000000000000000
(1726604556.518762) can0 218#00000000000040
(1726604556.527934) can0 20A#0000000000000000
(1726604556.528666) can0 218#00000000000040
(1726604556.537935) can0 20A#0000000000000000
(1726604556.538675) can0 218#00000000000040
(1726604556.547947) can0 20A#0000000000000000
(1726604556.548686) can0 218#00000000000040
(1726604556.557943) can0 20A#0000000000000000
(1726604556.558667) can0 218#00000000000040
(1726604556.563821) can0 23A#14FF2B
(1726604556.567883) can0 20A#0000000000000000
(1726604556.568521) can0 218#00000000000040
(1726604556.577937) can0 20A#0000000000000000
(1726604556.578676) can0 218#00000000000040
(1726604556.583796) can0 246#0200
(1726604556.587880) can0 20A#0000000000000000
(1726604556.588699) can0 218#00000000000040
(1726604556.597934) can0 20A#0000000000000000
(1726604556.598760) can0 218#00000000000040
(1726604556.603773) can0 290#02
(1726604556.607881) can0 20A#0000000000000000
(1726604556.608603) can0 218#00000000000040
(1726604556.613772) can0 401#00
(1726604556.617881) can0 20A#0000000000000000
(1726604556.618761) can0 218#00000000000040
(1726604556.627939) can0 20A#0000000000000000
(1726604556.628683) can0 218#00000000000040
(1726604556.637891) can0 20A#0000000000000000
(1726604556.638759) can0 218#00000000000040
(1726604556.647940) can0 20A#0000000000000000
(1726604556.648684) can0 218#00000000000040
(1726604556.657936) can0 20A#0000000000000000
(1726604556.658634) can0 218#00000000000040
(1726604556.663825) can0 23A#14FF2B
(1726604556.667884) can0 20A#0000000000000000
(1726604556.668519) can0 218#00000000000040
(1726604556.677947) can0 20A#0000000000000000
(1726604556.678648) can0 218#00000000000040
(1726604556.683790) can0 246#0200
(1726604556.687875) can0 20A#0000000000000000
(1726604556.688523) can0 218#00000000000040
(1726604556.697554) can0 20A#0000000000000000
(1726604556.698623) can0 218#00000000000040
(1726604556.703774) can0 290#02
(1726604556.707886) can0 20A#0000000000000000
(1726604556.708706) can0 218#00000000000040
(1726604556.713774) can0 401#00
(1726604556.717885) can0 20A#0000000000000000
(1726604556.718760) can0 218#00000000000040
(1726604556.727941) can0 20A#0000000000000000
(1726604556.728767) can0 218#00000000000040
(1726604556.737938) can0 20A#0000000000000000
(1726604556.738764) can0 218#00000000000040
(1726604556.747964) can0 20A#0000000000000000
(1726604556.748638) can0 218#00000000000040
(1726604556.757923) can0 20A#0000000000000000
(1726604556.758525) can0 218#00000000000040
(1726604556.763467) can0 23A#14FF2B
(1726604556.767886) can0 20A#0000000000000000
(1726604556.768611) can0 218#00000000000040
(1726604556.777933) can0 20A#0000000000000000
(1726604556.778687) can0 218#00000000000040
(1726604556.783447) can0 246#0200
(1726604556.787857) can0 20A#0000000000000000
(1726604556.788607) can0 218#00000000000040
(1726604556.797941) can0 20A#0000000000000000
(1726604556.798703) can0 218#00000000000040
(1726604556.803605) can0 290#02
(1726604556.807749) can0 20A#0000000000000000
(1726604556.808612) can0 218#00000000000040
(1726604556.813634) can0 401#00
(1726604556.817757) can0 20A#0000000000000000
(1726604556.818467) can0 218#00000000000040
(1726604556.827868) can0 20A#0000000000000000
(1726604556.828695) can0 218#00000000000040
(1726604556.837974) can0 20A#0000000000000000
(1726604556.838679) can0 218#00000000000040
(1726604556.847942) can0 20A#0000000000000000
(1726604556.848683) can0 218#00000000000040
(1726604556.857951) can0 20A#0000000000000000
(1726604556.858790) can0 218#00000000000040
(1726604556.863828) can0 23A#14FF2B
(1726604556.867872) can0 20A#0000000000000000
(1726604556.868610) can0 218#00000000000040
(1726604556.877944) can0 20A#0000000000000000
(1726604556.878698) can0 218#00000000000040
(1726604556.883805) can0 246#0200
(1726604556.887890) can0 20A#0000000000000000
(1726604556.888762) can0 218#00000000000040
(1726604556.897911) can0 20A#0000000000000000
(1726604556.898704) can0 218#00000000000040
(1726604556.903774) can0 290#02
(1726604556.907629) can0 20A#0000000000000000
(1726604556.908657) can0 218#00000000000040
(1726604556.913778) can0 401#00
(1726604556.917833) can0 20A#0000000000000000
(1726604556.918551) can0 218#00000000000040
(1726604556.927970) can0 20A#0000000000000000
(1726604556.928766) can0 218#00000000000040
(1726604556.937952) can0 20A#0000000000000000
(1726604556.938685) can0 218#00000000000040
(1726604556.947797) can0 20A#0000000000000000
(1726604556.948628) can0 218#00000000000040
(1726604556.957897) can0 20A#0000000000000000
(1726604556.958704) can0 218#00000000000040
(1726604556.963830) can0 23A#14FF2B
(1726604556.967844) can0 20A#0000000000000000
(1726604556.968526) can0 218#00000000000040
(1726604556.977972) can0 20A#0000000000000000
(1726604556.978702) can0 218#00000000000040
(1726604556.983806) can0 246#0200
(1726604556.987914) can0 20A#0000000000000000
(1726604556.988770) can0 218#00000000000040
(1726604556.997943) can0 20A#0000000000000000
(1726604556.998770) can0 218#00000000000040
(1726604557.003807) can0 290#02
(1726604557.007892) can0 20A#0000000000000000
(1726604557.008639) can0 218#00000000000040
(1726604557.013782) can0 401#00
(1726604557.017665) can0 20A#0000000000000000
(1726604557.018624) can0 218#00000000000040
(1726604557.027949) can0 20A#0000000000000000
(1726604557.028767) can0 218#00000000000040
(1726604557.037948) can0 20A#0000000000000000
(1726604557.038679) can0 218#00000000000040
(1726604557.047979) can0 20A#0000000000000000
(1726604557.048767) can0 218#00000000000040
(1726604557.057956) can0 20A#0000000000000000
(1726604557.058513) can0 218#00000000000040
(1726604557.063827) can0 23A#14FF2B
(1726604557.067764) can0 20A#0000000000000000
(1726604557.068486) can0 218#00000000000040
(1726604557.077944) can0 20A#0000000000000000
(1726604557.078772) can0 218#00000000000040
(1726604557.083760) can0 246#0200
(1726604557.087892) can0 20A#0000000000000000
(1726604557.088614) can0 218#00000000000040
(1726604557.097949) can0 20A#0000000000000000
(1726604557.098681) can0 218#00000000000040
(1726604557.103777) can0 290#01
(1726604557.107895) can0 20A#0000000000000000
(1726604557.108616) can0 218#00000000000040
(1726604557.113783) can0 401#00
(1726604557.117844) can0 20A#0000000000000000
(1726604557.118542) can0 218#00000000000040
(1726604557.127951) can0 20A#0000000000000000
(1726604557.128698) can0 218#00000000000040
(1726604557.137976) can0 20A#0000000000000000
(1726604557.138717) can0 218#00000000000040
(1726604557.147960) can0 20A#0000000000000000
(1726604557.148695) can0 218#00000000000040
(1726604557.157920) can0 20A#0000000000000000
(1726604557.158622) can0 218#00000000000040
(1726604557.163486) can0 23A#14FF2B
(1726604557.167567) can0 20A#0000000000000000
(1726604557.168643) can0 218#00000000000040
(1726604557.177951) can0 20A#0000000000000000
(1726604557.178683) can0 218#00000000000040
(1726604557.183808) can0 246#0200
(1726604557.187898) can0 20A#0000000000000000
(1726604557.188718) can0 218#00000000000040
(1726604557.197546) can0 20A#0000000000000000
(1726604557.198463) can0 218#00000000000040
(1726604557.203785) can0 290#01
(1726604557.207897) can0 20A#0000000000000000
(1726604557.208770) can0 218#00000000000040
(1726604557.213806) can0 401#00
(1726604557.217904) can0 20A#0000000000000000
(1726604557.218621) can0 218#00000000000040
(1726604557.227951) can0 20A#0000000000000000
(1726604557.228773) can0 218#00000000000040
(1726604557.237949) can0 20A#0000000000000000
(1726604557.238689) can0 218#00000000000040
(1726604557.247982) can0 20A#0000000000000000
(1726604557.248644) can0 218#00000000000040
(1726604557.257899) can0 20A#0000000000000000
(1726604557.258657) can0 218#00000000000040
(1726604557.263829) can0 23A#14FF2B
(1726604557.267923) can0 20A#0000000000000000
(1726604557.268531) can0 218#00000000000040
(1726604557.277906) can0 20A#0000000000000000
(1726604557.278724) can0 218#00000000000040
(1726604557.283814) can0 246#0200
(1726604557.287921) can0 20A#0000000000000000
(1726604557.288700) can0 218#00000000000040
(1726604557.293841) can0 23E#99000000
(1726604557.297922) can0 20A#0000000000000000
(1726604557.298629) can0 218#00000000000040
(1726604557.303787) can0 290#01
(1726604557.307922) can0 20A#0000000000000000
(1726604557.308800) can0 218#00000000000040
(1726604557.313598) can0 401#00
(1726604557.317923) can0 20A#0000000000000000
(1726604557.318716) can0 218#00000000000040
(1726604557.327976) can0 20A#0000000000000000
(1726604557.328695) can0 218#00000000000040
(1726604557.337651) can0 20A#0000000000000000
(1726604557.338493) can0 218#00000000000040
(1726604557.347965) can0 20A#0000000000000000
(1726604557.348776) can0 218#00000000000040
(1726604557.357988) can0 20A#0000000000000000
(1726604557.358777) can0 218#00000000000040
(1726604557.363838) can0 23A#14FF2B
(1726604557.367923) can0 20A#0000000000000000
(1726604557.368630) can0 218#00000000000040
(1726604557.377947) can0 20A#0000000000000000
(1726604557.378701) can0 218#00000000000040
(1726604557.383833) can0 246#0200
(1726604557.387925) can0 20A#0000000000000000
(1726604557.388700) can0 218#00000000000040
(1726604557.397953) can0 20A#0000000000000000
(1726604557.398630) can0 218#00000000000040
(1726604557.403815) can0 290#01
(1726604557.407922) can0 20A#0000000000000000
(1726604557.408806) can0 218#00000000000040
(1726604557.413808) can0 401#00
(1726604557.417925) can0 20A#0000000000000000
(1726604557.418696) can0 218#00000000000040
(1726604557.427959) can0 20A#0000000000000000
(1726604557.428779) can0 218#00000000000040
(1726604557.437963) can0 20A#0000000000000000
(1726604557.438714) can0 218#00000000000040
(1726604557.447841) can0 20A#0000000000000000
(1726604557.448735) can0 218#00000000000040
(1726604557.457988) can0 20A#0000000000000000
(1726604557.458805) can0 218#00000000000040
(1726604557.463823) can0 23A#14FF2B
(1726604557.467925) can0 20A#0000000000000000
(1726604557.468543) can0 218#00000000000040
(1726604557.477955) can0 20A#0000000000000000
(1726604557.478703) can0 218#00000000000040
(1726604557.483463) can0 246#0200
(1726604557.487579) can0 20A#0000000000000000
