(1726604421.338244) can0 23A#14FF2B
(1726604421.342230) can0 20A#0000000000000000
(1726604421.343101) can0 218#00000000000040
(1726604421.352294) can0 20A#0000000000000000
(1726604421.353012) can0 218#00000000000040
(1726604421.358138) can0 246#0200
(1726604421.362231) can0 20A#0000000000000000
(1726604421.363019) can0 218#00000000000040
(1726604421.368173) can0 23E#99000000
(1726604421.371899) can0 20A#0000000000000000
(1726604421.372867) can0 218#00000000000040
(1726604421.378115) can0 290#01
(1726604421.382230) can0 20A#0000000000000000
(1726604421.383131) can0 218#00000000000040
(1726604421.388114) can0 401#00
(1726604421.392127) can0 20A#0000000000000000
(1726604421.392864) can0 218#00000000000040
(1726604421.402278) can0 20A#0000000000000000
(1726604421.403105) can0 218#00000000000040
(1726604421.412074) can0 20A#0000000000000000
(1726604421.412955) can0 218#00000000000040
(1726604421.422159) can0 20A#0000000000000000
(1726604421.422871) can0 218#00000000000040
(1726604421.432287) can0 20A#0000000000000000
(1726604421.433032) can0 218#00000000000040
(1726604421.438164) can0 23A#14FF2B
(1726604421.442231) can0 20A#0000000000000000
(1726604421.442952) can0 218#00000000000040
(1726604421.452257) can0 20A#0000000000000000
(1726604421.452951) can0 218#00000000000040
(1726604421.458140) can0 246#0200
(1726604421.462233) can0 20A#0000000000000000
(1726604421.462959) can0 218#00000000000040
(1726604421.472290) can0 20A#0000000000000000
(1726604421.473025) can0 218#00000000000040
(1726604421.478125) can0 290#01
(1726604421.482232) can0 20A#0000000000000000
(1726604421.483102) can0 218#00000000000040
(1726604421.488118) can0 401#00
(1726604421.492233) can0 20A#0000000000000000
(1726604421.493020) can0 218#00000000000040
(1726604421.502256) can0 20A#0000000000000000
(1726604421.503022) can0 218#00000000000040
(1726604421.512295) can0 20A#0000000000000000
(1726604421.512869) can0 218#00000000000040
(1726604421.522266) can0 20A#0000000000000000
(1726604421.523109) can0 218#00000000000040
(1726604421.531865) can0 20A#0000000000000000
(1726604421.532807) can0 218#00000000000040
(1726604421.537792) can0 23A#14FF2B
(1726604421.541868) can0 20A#0000000000000000
(1726604421.543023) can0 218#00000000000040
(1726604421.551878) can0 20A#0000000000000000
(1726604421.553130) can0 218#00000000000040
(1726604421.557778) can0 246#0200
(1726604421.561871) can0 20A#0000000000000000
(1726604421.562830) can0 218#00000000000040
(1726604421.571849) can0 20A#0000000000000080
(1726604421.572854) can0 218#00000000000040
(1726604421.577697) can0 290#01
(1726604421.581817) can0 20A#0000000000000080
(1726604421.582824) can0 218#00000000000040
(1726604421.587691) can0 401#00
(1726604421.591817) can0 20A#0000000000000080
(1726604421.592798) can0 218#00000000000040
(1726604421.601847) can0 20A#0000018600000080
(1726604421.602848) can0 218#00000000000040
(1726604421.611818) can0 20A#0000018600000080
(1726604421.612796) can0 218#00000000000040
(1726604421.621847) can0 20A#0000018600000080
(1726604421.622799) can0 218#00000000000040
(1726604421.631826) can0 20A#0000018600000080
(1726604421.633036) can0 218#00000000000040
(1726604421.637850) can0 23A#04FFFF
(1726604421.642150) can0 20A#0000018600000080
(1726604421.643100) can0 218#00000000000040
(1726604421.652366) can0 20A#0000018600000080
(1726604421.653103) can0 218#00000000000040
(1726604421.658210) can0 246#0200
(1726604421.662264) can0 20A#0000018600000080
(1726604421.662996) can0 218#00000000000040
(1726604421.672298) can0 20A#0000018600000080
(1726604421.673012) can0 218#00000000000040
(1726604421.678134) can0 290#01
(1726604421.682237) can0 20A#0000018600000080
(1726604421.683036) can0 218#00000000000040
(1726604421.688119) can0 401#00
(1726604421.692267) can0 20A#0000018600000080
(1726604421.693029) can0 218#00000000000040
(1726604421.702238) can0 20A#0000018600000080
(1726604421.703056) can0 218#00000000000040
(1726604421.712295) can0 20A#0000018600000080
(1726604421.713107) can0 218#00000000000040
(1726604421.722294) can0 20A#0000018600000080
(1726604421.723039) can0 218#00000000000040
(1726604421.732291) can0 20A#0000018600000080
(1726604421.732870) can0 218#00000000000040
(1726604421.737815) can0 23A#04FFFF
(1726604421.742248) can0 20A#0000018600000080
(1726604421.742964) can0 218#00000000000040
(1726604421.752294) can0 20A#0000019A00000080
(1726604421.753114) can0 218#00000000000040
(1726604421.758154) can0 246#0200
(1726604421.762246) can0 20A#000001CC00000080
(1726604421.762961) can0 218#00000000000040
(1726604421.772296) can0 20A#000001F400000080
(1726604421.773111) can0 218#00000000000040
(1726604421.778127) can0 290#01
(1726604421.782263) can0 20A#000001F400000080
(1726604421.783111) can0 218#00000000000040
(1726604421.788081) can0 401#00
(1726604421.792242) can0 20A#000001F400000080
(1726604421.793059) can0 218#00000000000040
(1726604421.802293) can0 20A#0000021200000080
(1726604421.803014) can0 218#00000000000040
(1726604421.812369) can0 20A#0000021200000080
(1726604421.812985) can0 218#00000000000040
(1726604421.822292) can0 20A#0000024400000080
(1726604421.823022) can0 218#00000000000040
(1726604421.832295) can0 20A#0000024400000080
(1726604421.833020) can0 218#00000000000040
(1726604421.838147) can0 23A#04FFFF
(1726604421.842182) can0 20A#0000024400000080
(1726604421.843036) can0 218#00000000000040
(1726604421.852219) can0 20A#0000024E00000080
(1726604421.853112) can0 218#00000000000040
(1726604421.858148) can0 246#0200
(1726604421.862241) can0 20A#0000024E00000080
(1726604421.863114) can0 218#00000000000040
(1726604421.872298) can0 20A#0000024E00000080
(1726604421.873034) can0 218#00000000000040
(1726604421.878124) can0 290#01
(1726604421.882239) can0 20A#0000028A00000080
(1726604421.883115) can0 218#00000000000040
(1726604421.888125) can0 401#00
(1726604421.892242) can0 20A#000002DA00000080
(1726604421.893115) can0 218#00000000000040
(1726604421.902293) can0 20A#000002F800000080
(1726604421.903118) can0 218#00000000000040
(1726604421.912296) can0 20A#0000030200000080
(1726604421.913033) can0 218#00000000000040
(1726604421.922297) can0 20A#0000030C00000080
(1726604421.923033) can0 218#00000000000040
(1726604421.932299) can0 20A#0000032000000080
(1726604421.933114) can0 218#00000000000040
(1726604421.938149) can0 23A#04FFFF
(1726604421.942219) can0 20A#0000032000000080
(1726604421.942885) can0 218#00000000000040
(1726604421.952268) can0 20A#0000033400000080
(1726604421.953023) can0 218#00000000000040
(1726604421.958151) can0 246#0200
(1726604421.962218) can0 20A#0000033400000080
(1726604421.962968) can0 218#00000000000040
(1726604421.972290) can0 20A#0000035C00000080
(1726604421.973032) can0 218#00000000000040
(1726604421.977861) can0 290#01
(1726604421.982222) can0 20A#0000035C00000080
(1726604421.983066) can0 218#00000000000040
(1726604421.987824) can0 401#00
(1726604421.992038) can0 20A#0000035C00000080
(1726604421.992883) can0 218#00000000000040
(1726604422.002290) can0 20A#000003A200000080
(1726604422.003118) can0 218#00000000000040
(1726604422.012083) can0 20A#000003B600000080
(1726604422.012896) can0 218#00000000000040
(1726604422.022175) can0 20A#000003B600000080
(1726604422.022884) can0 218#00000000000040
(1726604422.032318) can0 20A#000003B600000080
(1726604422.032886) can0 218#00000000000040
(1726604422.038063) can0 23A#04FFFF
(1726604422.042139) can0 20A#000003AC00000080
(1726604422.042998) can0 218#00000000000040
(1726604422.052213) can0 20A#000003AC00000080
(1726604422.052893) can0 218#00000000000040
(1726604422.058157) can0 246#0200
(1726604422.062270) can0 20A#0000037000000080
(1726604422.062884) can0 218#00000000000040
(1726604422.072322) can0 20A#0000037000000080
(1726604422.073118) can0 218#00000000000040
(1726604422.078127) can0 290#01
(1726604422.082244) can0 20A#0000034800000080
(1726604422.083039) can0 218#00000000000040
(1726604422.088210) can0 401#00
(1726604422.092223) can0 20A#0000034800000080
(1726604422.092971) can0 218#00000000000040
(1726604422.102330) can0 20A#0000035C00000080
(1726604422.103142) can0 218#00000000000040
(1726604422.112303) can0 20A#0000035C00000080
(1726604422.113065) can0 218#00000000000040
(1726604422.122328) can0 20A#0000038400000080
(1726604422.123061) can0 218#00000000000040
(1726604422.132311) can0 20A#0000038E00000080
(1726604422.133120) can0 218#00000000000040
(1726604422.138178) can0 23A#04FFFF
(1726604422.142063) can0 20A#0000038E00000080
(1726604422.142873) can0 218#00000000000040
(1726604422.152307) can0 20A#0000038400000080
(1726604422.153111) can0 218#00000000000040
(1726604422.157886) can0 246#0200
(1726604422.161898) can0 20A#0000038400000080
(1726604422.162879) can0 218#00000000000040
(1726604422.171897) can0 20A#0000035200000080
(1726604422.172854) can0 218#00000000000040
(1726604422.177912) can0 290#01
(1726604422.182321) can0 20A#0000035200000080
(1726604422.182819) can0 218#00000000000040
(1726604422.188206) can0 401#00
(1726604422.192244) can0 20A#0000035200000080
(1726604422.193094) can0 218#00000000000040
(1726604422.202292) can0 20A#0000033400000080
(1726604422.202998) can0 218#00000000000040
(1726604422.212327) can0 20A#0000033400000080
(1726604422.212911) can0 218#00000000000040
(1726604422.222301) can0 20A#0000034800000080
(1726604422.223066) can0 218#00000000000040
(1726604422.232303) can0 20A#0000039800000080
(1726604422.233062) can0 218#00000000000040
(1726604422.238188) can0 23A#04FFFF
(1726604422.242003) can0 20A#000003AC00000080
(1726604422.242849) can0 218#00000000000040
(1726604422.252305) can0 20A#000003B600000080
(1726604422.253121) can0 218#00000000000040
(1726604422.258164) can0 246#0200
(1726604422.262264) can0 20A#000003B600000080
(1726604422.263030) can0 218#00000000000040
(1726604422.272329) can0 20A#000003B600000080
(1726604422.273148) can0 218#00000000000040
(1726604422.278138) can0 290#01
(1726604422.282248) can0 20A#000003CA00000080
(1726604422.283024) can0 218#00000000000040
(1726604422.288134) can0 401#00
(1726604422.292178) can0 20A#000003CA00000080
(1726604422.292840) can0 218#00000000000040
(1726604422.302330) can0 20A#000003D400000080
(1726604422.303048) can0 218#00000000000040
(1726604422.312327) can0 20A#000003D400000080
(1726604422.313050) can0 218#00000000000040
(1726604422.322329) can0 20A#000003D400000080
(1726604422.323125) can0 218#00000000000040
(1726604422.332283) can0 20A#0000041000000080
(1726604422.332929) can0 218#00000000000040
(1726604422.338188) can0 23A#04FFFF
(1726604422.342132) can0 20A#0000041A00000080
(1726604422.342897) can0 218#00000000000040
(1726604422.352308) can0 20A#0000042400000080
(1726604422.353041) can0 218#00000000000040
(1726604422.358160) can0 246#0200
(1726604422.362225) can0 20A#0000042400000080
(1726604422.363028) can0 218#00000000000040
(1726604422.368208) can0 23E#9B000000
(1726604422.372274) can0 20A#0000042400000080
(1726604422.372946) can0 218#00000000000040
(1726604422.378133) can0 290#01
(1726604422.382247) can0 20A#000003F200000080
(1726604422.382901) can0 218#00000000000040
(1726604422.388133) can0 401#00
(1726604422.392207) can0 20A#000003F200000080
(1726604422.392899) can0 218#00000000000040
(1726604422.402308) can0 20A#000003B600000080
(1726604422.403126) can0 218#00000000000040
(1726604422.412308) can0 20A#000003B600000080
(1726604422.413124) can0 218#00000000000040
(1726604422.422332) can0 20A#000003DE00000080
(1726604422.423054) can0 218#00000000000040
(1726604422.432294) can0 20A#0000044C00000080
(1726604422.432887) can0 218#00000000000040
(1726604422.438186) can0 23A#04FFFF
(1726604422.442278) can0 20A#0000046A00000080
(1726604422.443056) can0 218#00000000000040
(1726604422.452300) can0 20A#000004D800000080
(1726604422.453124) can0 218#00000000000040
(1726604422.458186) can0 246#0200
(1726604422.462249) can0 20A#0000054600000080
(1726604422.462904) can0 218#00000000000040
(1726604422.472332) can0 20A#0000083E00000080
(1726604422.473045) can0 218#00000000000040
(1726604422.478135) can0 290#01
(1726604422.482281) can0 20A#0000088400000080
(1726604422.482913) can0 218#00000000000040
(1726604422.488171) can0 401#00
(1726604422.492231) can0 20A#0000086600000080
(1726604422.492896) can0 218#00000000000040
(1726604422.502397) can0 20A#0000081600000080
(1726604422.502873) can0 218#00000000000040
(1726604422.512313) can0 20A#000007DA00000080
(1726604422.512931) can0 218#00000000000040
(1726604422.522314) can0 20A#000007DA00000080
(1726604422.523127) can0 218#00000000000040
(1726604422.532341) can0 20A#000007C600000080
(1726604422.532885) can0 218#00000000000040
(1726604422.538139) can0 23A#04FFFF
(1726604422.542264) can0 20A#000007EE00000080
(1726604422.542918) can0 218#00000000000040
(1726604422.552333) can0 20A#0000081600000080
(1726604422.552890) can0 218#00000000000040
(1726604422.558274) can0 246#0200
(1726604422.562254) can0 20A#0000082000000080
(1726604422.562975) can0 218#00000000000040
(1726604422.572313) can0 20A#000008CA00000080
(1726604422.573163) can0 218#00000000000040
(1726604422.578085) can0 290#01
(1726604422.582284) can0 20A#0000096000000080
(1726604422.582999) can0 218#00000000000040
(1726604422.587812) can0 401#00
(1726604422.591912) can0 20A#000009D800000080
(1726604422.592898) can0 218#00000000000040
(1726604422.602368) can0 20A#00000AAA00000080
(1726604422.602839) can0 218#00000000000040
(1726604422.612121) can0 20A#00000C6200000080
(1726604422.612902) can0 218#00000000000040
(1726604422.622134) can0 20A#00000D2A00000080
(1726604422.622907) can0 218#00000000000040
(1726604422.632335) can0 20A#00000DDE00000080
(1726604422.633158) can0 218#00000000000040
(1726604422.637823) can0 23A#04FFFF
(1726604422.641901) can0 20A#00000E8800000080
(1726604422.642865) can0 218#00000000000040
(1726604422.651954) can0 20A#00000EE200000080
(1726604422.652914) can0 218#00000000000040
(1726604422.658136) can0 246#0200
(1726604422.662283) can0 20A#00000F5000000080
(1726604422.662904) can0 218#00000000000040
(1726604422.672336) can0 20A#00000F7800000000
(1726604422.673156) can0 218#00000000000040
(1726604422.678139) can0 290#01
(1726604422.682060) can0 20A#0000100400000000
(1726604422.682854) can0 218#00000000000040
(1726604422.688270) can0 401#00
(1726604422.692281) can0 20A#0000107200000000
(1726604422.692897) can0 218#00000000000040
(1726604422.702310) can0 20A#000010AE00000000
(1726604422.703182) can0 218#00000000000040
(1726604422.712335) can0 20A#000010FE00000000
(1726604422.712894) can0 218#00000000000040
(1726604422.722338) can0 20A#000010F400000000
(1726604422.723088) can0 218#00000000000040
(1726604422.732341) can0 20A#000010F400000000
(1726604422.733158) can0 218#00000000000040
(1726604422.738191) can0 23A#04FFFF
(1726604422.742282) can0 20A#0000111200000000
(1726604422.743050) can0 218#00000000000040
(1726604422.752301) can0 20A#0000111C00000000
(1726604422.753041) can0 218#00000000000040
(1726604422.758275) can0 246#0200
(1726604422.762267) can0 20A#0000116200000000
(1726604422.762911) can0 218#00000000000040
(1726604422.772339) can0 20A#0000117600000000
(1726604422.773056) can0 218#00000000000040
(1726604422.778150) can0 290#01
(1726604422.782254) can0 20A#0000119400000000
(1726604422.783048) can0 218#00000000000040
(1726604422.788166) can0 401#00
(1726604422.792260) can0 20A#0000116C00000000
(1726604422.792914) can0 218#00000000000040
(1726604422.802340) can0 20A#0000113000000000
(1726604422.802995) can0 218#00000000000040
(1726604422.812365) can0 20A#0000111C00000000
(1726604422.813059) can0 218#00000000000040
(1726604422.822315) can0 20A#000010CC00000000
(1726604422.823082) can0 218#00000000000040
(1726604422.832343) can0 20A#000010B800000000
(1726604422.832922) can0 218#00000000000040
(1726604422.838203) can0 23A#04FFFF
(1726604422.842360) can0 20A#000010AE00000000
(1726604422.842935) can0 218#00000000000040
(1726604422.852342) can0 20A#000010CC00000000
(1726604422.852919) can0 218#00000000000040
(1726604422.858172) can0 246#0200
(1726604422.862270) can0 20A#000010E000000000
(1726604422.862902) can0 218#00000000000040
(1726604422.872316) can0 20A#000010EA00000000
(1726604422.873072) can0 218#00000000000040
(1726604422.878177) can0 290#01
(1726604422.882286) can0 20A#000010EA00000000
(1726604422.882939) can0 218#00000000000040
(1726604422.888170) can0 401#00
(1726604422.892285) can0 20A#000010E000000000
(1726604422.892907) can0 218#00000000000040
(1726604422.902447) can0 20A#0000111C00000000
(1726604422.903017) can0 218#00000000000040
(1726604422.912342) can0 20A#0000114400000000
(1726604422.912900) can0 218#00000000000040
(1726604422.922319) can0 20A#0000118000000000
(1726604422.923136) can0 218#00000000000040
(1726604422.932317) can0 20A#0000117600000000
(1726604422.933158) can0 218#00000000000040
(1726604422.937946) can0 23A#04FFFF
(1726604422.942288) can0 20A#0000117600000000
(1726604422.942942) can0 218#00000000000040
(1726604422.952310) can0 20A#0000117600000000
(1726604422.952914) can0 218#00000000000040
(1726604422.958254) can0 246#0200
(1726604422.962288) can0 20A#0000116C00000000
(1726604422.962930) can0 218#00000000000040
(1726604422.972396) can0 20A#0000118A00000000
(1726604422.973104) can0 218#00000000000040
(1726604422.978171) can0 290#01
(1726604422.982365) can0 20A#0000119E00000000
(1726604422.982852) can0 218#00000000000040
(1726604422.988179) can0 401#00
(1726604422.992190) can0 20A#000011BC00000000
(1726604422.992926) can0 218#00000000000040
(1726604423.002094) can0 20A#0000118A00000000
(1726604423.002897) can0 218#00000000000040
(1726604423.012335) can0 20A#0000116C00000000
(1726604423.013158) can0 218#00000000000040
(1726604423.022343) can0 20A#0000114400000000
(1726604423.023163) can0 218#00000000000040
(1726604423.032343) can0 20A#0000111C00000000
(1726604423.032926) can0 218#00000000000040
(1726604423.038205) can0 23A#04FFFF
(1726604423.042284) can0 20A#0000111C00000000
(1726604423.042906) can0 218#00000000000040
(1726604423.052347) can0 20A#0000111C00000000
(1726604423.052901) can0 218#00000000000040
(1726604423.058140) can0 246#0200
(1726604423.062288) can0 20A#0000114400000000
(1726604423.062934) can0 218#00000000000040
(1726604423.072429) can0 20A#0000113A00000000
(1726604423.073047) can0 218#00000000000040
(1726604423.078174) can0 290#01
(1726604423.082278) can0 20A#0000113000000000
(1726604423.082922) can0 218#00000000000040
(1726604423.088223) can0 401#00
(1726604423.092274) can0 20A#0000111200000000
(1726604423.093047) can0 218#00000000000040
(1726604423.102346) can0 20A#000010FE00000000
(1726604423.103167) can0 218#00000000000040
(1726604423.112345) can0 20A#000010FE00000000
(1726604423.113167) can0 218#00000000000040
(1726604423.122346) can0 20A#000010EA00000000
(1726604423.123164) can0 218#00000000000040
(1726604423.132267) can0 20A#0000110800000000
(1726604423.132937) can0 218#00000000000040
(1726604423.138206) can0 23A#04FFFF
(1726604423.142283) can0 20A#000010FE00000000
(1726604423.143058) can0 218#00000000000040
(1726604423.152356) can0 20A#000010FE00000000
(1726604423.153198) can0 218#00000000000040
(1726604423.158091) can0 246#0200
(1726604423.162289) can0 20A#000010EA00000000
(1726604423.162928) can0 218#00000000000040
(1726604423.172292) can0 20A#000010B800000000
(1726604423.173106) can0 218#00000000000040
(1726604423.177824) can0 290#01
(1726604423.182246) can0 20A#000010AE00000000
(1726604423.182931) can0 218#00000000000040
(1726604423.187818) can0 401#00
(1726604423.191951) can0 20A#000010A400000000
(1726604423.192932) can0 218#00000000000040
(1726604423.202299) can0 20A#000010AE00000000
(1726604423.202945) can0 218#00000000000040
(1726604423.212108) can0 20A#0000109A00000000
(1726604423.212912) can0 218#00000000000040
(1726604423.222217) can0 20A#0000107C00000000
(1726604423.222931) can0 218#00000000000040
(1726604423.232269) can0 20A#0000106800000000
(1726604423.232924) can0 218#00000000000040
(1726604423.238202) can0 23A#04FFFF
(1726604423.242303) can0 20A#0000101800000000
(1726604423.243074) can0 218#00000000000040
(1726604423.252334) can0 20A#0000100400000000
(1726604423.252879) can0 218#00000000000040
(1726604423.257830) can0 246#0200
(1726604423.262285) can0 20A#00000FFA00000000
(1726604423.263168) can0 218#00000000000040
(1726604423.272348) can0 20A#00000FFA00000000
(1726604423.273171) can0 218#00000000000040
(1726604423.278073) can0 290#01
(1726604423.282293) can0 20A#0000101800000000
(1726604423.282929) can0 218#00000000000040
(1726604423.288175) can0 401#00
(1726604423.292271) can0 20A#0000100400000000
(1726604423.292923) can0 218#00000000000040
(1726604423.302455) can0 20A#0000100400000000
(1726604423.302930) can0 218#00000000000040
(1726604423.312350) can0 20A#00000FFA00000000
(1726604423.312928) can0 218#00000000000040
(1726604423.322353) can0 20A#00000FE600000000
(1726604423.323173) can0 218#00000000000040
(1726604423.332264) can0 20A#00000FFA00000000
(1726604423.333042) can0 218#00000000000040
(1726604423.338228) can0 23A#04FFFF
(1726604423.342279) can0 20A#0000100400000000
(1726604423.343049) can0 218#00000000000040
(1726604423.352342) can0 20A#0000102C00000000
(1726604423.353096) can0 218#00000000000040
(1726604423.358312) can0 246#0200
(1726604423.362289) can0 20A#0000103600000000
(1726604423.362948) can0 218#00000000000040
(1726604423.368238) can0 23E#9B000000
(1726604423.372295) can0 20A#0000103600000000
(1726604423.372951) can0 218#00000000000040
(1726604423.378186) can0 290#01
(1726604423.382294) can0 20A#0000102200000000
(1726604423.383053) can0 218#00000000000040
(1726604423.388205) can0 401#00
(1726604423.392297) can0 20A#00000FDC00000000
(1726604423.392945) can0 218#00000000000040
(1726604423.402428) can0 20A#00000FD200000000
(1726604423.403021) can0 218#00000000000040
(1726604423.412351) can0 20A#00000FD200000000
(1726604423.413166) can0 218#00000000000040
(1726604423.422352) can0 20A#00000FDC00000000
(1726604423.423107) can0 218#00000000000040
(1726604423.432336) can0 20A#00000FE600000000
(1726604423.433170) can0 218#00000000000040
(1726604423.438213) can0 23A#04FFFF
(1726604423.442298) can0 20A#00000FBE00000000
(1726604423.442951) can0 218#00000000000040
(1726604423.452317) can0 20A#00000FA000000000
(1726604423.453195) can0 218#00000000000040
(1726604423.458206) can0 246#0200
(1726604423.462285) can0 20A#00000F9600000000
(1726604423.463062) can0 218#00000000000040
(1726604423.472353) can0 20A#00000F8C00000000
(1726604423.473172) can0 218#00000000000040
(1726604423.478183) can0 290#01
(1726604423.482312) can0 20A#00000F9600000000
(1726604423.483079) can0 218#00000000000040
(1726604423.488181) can0 401#00
(1726604423.492300) can0 20A#00000F9600000000
(1726604423.493172) can0 218#00000000000040
(1726604423.502354) can0 20A#00000FAA00000000
(1726604423.503103) can0 218#00000000000040
(1726604423.512453) can0 20A#00000FC800000000
(1726604423.513038) can0 218#00000000000040
(1726604423.522362) can0 20A#00000FBE00000000
(1726604423.523117) can0 218#00000000000040
(1726604423.532357) can0 20A#00000FBE00000000
(1726604423.533093) can0 218#00000000000040
(1726604423.538207) can0 23A#04FFFF
(1726604423.542302) can0 20A#00000FA000000000
(1726604423.542951) can0 218#00000000000040
(1726604423.552362) can0 20A#00000FA000000000
(1726604423.552935) can0 218#00000000000040
(1726604423.558197) can0 246#0200
(1726604423.562286) can0 20A#00000FAA00000000
(1726604423.562942) can0 218#00000000000040
(1726604423.572342) can0 20A#00000FAA00000000
(1726604423.573120) can0 218#00000000000040
(1726604423.577928) can0 290#01
(1726604423.582405) can0 20A#00000FC800000000
(1726604423.582879) can0 218#00000000000040
(1726604423.588184) can0 401#00
(1726604423.592299) can0 20A#00000FC800000000
(1726604423.593061) can0 218#00000000000040
(1726604423.602356) can0 20A#00000FBE00000000
(1726604423.603174) can0 218#00000000000040
(1726604423.612348) can0 20A#00000FBE00000000
(1726604423.613129) can0 218#00000000000040
(1726604423.622382) can0 20A#00000FAA00000000
(1726604423.623083) can0 218#00000000000040
(1726604423.632358) can0 20A#00000FB400000000
(1726604423.633175) can0 218#00000000000040
(1726604423.638209) can0 23A#04FFFF
(1726604423.642304) can0 20A#00000FAA00000000
(1726604423.642968) can0 218#00000000000040
(1726604423.652357) can0 20A#00000FAA00000000
(1726604423.653107) can0 218#00000000000040
(1726604423.657851) can0 246#0200
(1726604423.662406) can0 20A#00000FAA00000000
(1726604423.662880) can0 218#00000000000040
(1726604423.672457) can0 20A#00000F6E00000000
(1726604423.673044) can0 218#00000000000040
(1726604423.678194) can0 290#01
(1726604423.682302) can0 20A#00000F4600000000
(1726604423.683176) can0 218#00000000000040
(1726604423.688185) can0 401#00
(1726604423.692305) can0 20A#00000F3C00000000
(1726604423.693179) can0 218#00000000000040
(1726604423.702327) can0 20A#00000F0000000000
(1726604423.703063) can0 218#00000000000040
(1726604423.712357) can0 20A#00000F0A00000000
(1726604423.713177) can0 218#00000000000040
(1726604423.722356) can0 20A#00000F1E00000000
(1726604423.723174) can0 218#00000000000040
(1726604423.732359) can0 20A#00000F3200000000
(1726604423.733108) can0 218#00000000000040
(1726604423.738118) can0 23A#04FFFF
(1726604423.742296) can0 20A#00000F4600000000
(1726604423.743046) can0 218#00000000000040
(1726604423.752359) can0 20A#00000F2800000000
(1726604423.753180) can0 218#00000000000040
(1726604423.758212) can0 246#0200
(1726604423.762288) can0 20A#00000F2800000000
(1726604423.763070) can0 218#00000000000040
(1726604423.772361) can0 20A#00000F1400000000
(1726604423.773133) can0 218#00000000000040
(1726604423.778271) can0 290#01
(1726604423.782281) can0 20A#00000F0000000000
(1726604423.783103) can0 218#00000000000040
(1726604423.787832) can0 401#00
(1726604423.791967) can0 20A#00000F0000000000
(1726604423.792955) can0 218#00000000000040
(1726604423.802338) can0 20A#00000EF600000000
(1726604423.803176) can0 218#00000000000040
(1726604423.812175) can0 20A#00000EF600000000
(1726604423.812937) can0 218#00000000000040
(1726604423.822239) can0 20A#00000EF600000000
(1726604423.822938) can0 218#00000000000040
(1726604423.832359) can0 20A#00000ECE00000000
(1726604423.833177) can0 218#00000000000040
(1726604423.838223) can0 23A#04FFFF
(1726604423.842352) can0 20A#00000EBA00000000
(1726604423.843040) can0 218#00000000000040
(1726604423.852363) can0 20A#00000EB000000000
(1726604423.852937) can0 218#00000000000040
(1726604423.858213) can0 246#0200
(1726604423.862311) can0 20A#00000E7400000000
(1726604423.862990) can0 218#00000000000040
(1726604423.872361) can0 20A#00000E7400000000
(1726604423.873119) can0 218#00000000000040
(1726604423.878191) can0 290#01
(1726604423.882290) can0 20A#00000E7400000000
(1726604423.882947) can0 218#00000000000040
(1726604423.888158) can0 401#00
(1726604423.892309) can0 20A#00000E7E00000000
(1726604423.892943) can0 218#00000000000040
(1726604423.902323) can0 20A#00000E7E00000000
(1726604423.902946) can0 218#00000000000040
(1726604423.912360) can0 20A#00000E4C00000000
(1726604423.912939) can0 218#00000000000040
(1726604423.922362) can0 20A#00000E2E00000000
(1726604423.923134) can0 218#00000000000040
(1726604423.932365) can0 20A#00000E1A00000000
(1726604423.933087) can0 218#00000000000040
(1726604423.938217) can0 23A#04FFFF
(1726604423.942306) can0 20A#00000DD400000000
(1726604423.942972) can0 218#00000000000040
(1726604423.952335) can0 20A#00000DA200000000
(1726604423.953182) can0 218#00000000000040
(1726604423.958208) can0 246#0200
(1726604423.962310) can0 20A#00000DA200000000
(1726604423.962968) can0 218#00000000000040
(1726604423.972365) can0 20A#00000DA200000000
(1726604423.973123) can0 218#00000000000040
(1726604423.978195) can0 290#01
(1726604423.982309) can0 20A#00000DAC00000000
(1726604423.983196) can0 218#00000000000040
(1726604423.988184) can0 401#00
(1726604423.992307) can0 20A#00000DC000000000
(1726604423.993074) can0 218#00000000000040
(1726604424.002364) can0 20A#00000DAC00000000
(1726604424.003134) can0 218#00000000000040
(1726604424.012368) can0 20A#00000DA200000000
(1726604424.013187) can0 218#00000000000040
(1726604424.022369) can0 20A#00000D9800000000
(1726604424.023182) can0 218#00000000000040
(1726604424.032351) can0 20A#00000D8400000000
(1726604424.033134) can0 218#00000000000040
(1726604424.038104) can0 23A#04FFFF
(1726604424.042218) can0 20A#00000D8400000000
(1726604424.042952) can0 218#00000000000040
(1726604424.052287) can0 20A#00000DB600000000
(1726604424.053059) can0 218#00000000000040
(1726604424.058325) can0 246#0200
(1726604424.062294) can0 20A#00000DCA00000000
(1726604424.063072) can0 218#00000000000040
(1726604424.072374) can0 20A#00000DE800000000
(1726604424.073116) can0 218#00000000000040
(1726604424.078193) can0 290#01
(1726604424.082312) can0 20A#00000DFC00000000
(1726604424.082964) can0 218#00000000000040
(1726604424.088192) can0 401#00
(1726604424.092143) can0 20A#00000DE800000000
(1726604424.093020) can0 218#00000000000040
(1726604424.102377) can0 20A#00000DDE00000000
(1726604424.103291) can0 218#00000000000040
(1726604424.112375) can0 20A#00000DC000000000
(1726604424.113190) can0 218#00000000000040
(1726604424.122377) can0 20A#00000D9800000000
(1726604424.123182) can0 218#00000000000040
(1726604424.132381) can0 20A#00000DAC00000000
(1726604424.133185) can0 218#00000000000040
(1726604424.138212) can0 23A#04FFFF
(1726604424.142199) can0 20A#00000DCA00000000
(1726604424.142965) can0 218#00000000000040
(1726604424.152376) can0 20A#00000DE800000000
(1726604424.153191) can0 218#00000000000040
(1726604424.158230) can0 246#0200
(1726604424.162300) can0 20A#00000DFC00000000
(1726604424.163183) can0 218#00000000000040
(1726604424.172469) can0 20A#00000DE800000000
(1726604424.172995) can0 218#00000000000040
(1726604424.178214) can0 290#01
(1726604424.182264) can0 20A#00000DC000000000
(1726604424.183079) can0 218#00000000000040
(1726604424.188199) can0 401#00
(1726604424.192071) can0 20A#00000DC000000000
(1726604424.192956) can0 218#00000000000040
(1726604424.202340) can0 20A#00000DAC00000000
(1726604424.202950) can0 218#00000000000040
(1726604424.212368) can0 20A#00000D8E00000000
(1726604424.213186) can0 218#00000000000040
(1726604424.222158) can0 20A#00000DB600000000
(1726604424.222951) can0 218#00000000000040
(1726604424.232251) can0 20A#00000DD400000000
(1726604424.232930) can0 218#00000000000040
(1726604424.238223) can0 23A#04FFFF
(1726604424.242306) can0 20A#00000DE800000000
(1726604424.242963) can0 218#00000000000040
(1726604424.252371) can0 20A#00000E1000000000
(1726604424.253001) can0 218#00000000000040
(1726604424.257951) can0 246#0200
(1726604424.262318) can0 20A#00000E0600000000
(1726604424.262958) can0 218#00000000000040
(1726604424.272370) can0 20A#00000E0600000000
(1726604424.273136) can0 218#00000000000040
(1726604424.278206) can0 290#01
(1726604424.282057) can0 20A#00000DFC00000000
(1726604424.282953) can0 218#00000000000040
(1726604424.288190) can0 401#00
(1726604424.292210) can0 20A#00000DDE00000000
(1726604424.292986) can0 218#00000000000040
(1726604424.302331) can0 20A#00000DD400000000
(1726604424.303115) can0 218#00000000000040
(1726604424.312368) can0 20A#00000DE800000000
(1726604424.313140) can0 218#00000000000040
(1726604424.322371) can0 20A#00000DF200000000
(1726604424.323089) can0 218#00000000000040
(1726604424.332301) can0 20A#00000E0600000000
(1726604424.332908) can0 218#00000000000040
(1726604424.338223) can0 23A#04FFFF
(1726604424.342321) can0 20A#00000E1A00000000
(1726604424.342956) can0 218#00000000000040
(1726604424.352374) can0 20A#00000E0600000000
(1726604424.353134) can0 218#00000000000040
(1726604424.358225) can0 246#0200
(1726604424.362305) can0 20A#00000DFC00000000
(1726604424.363074) can0 218#00000000000040
(1726604424.368351) can0 23E#99000000
(1726604424.372263) can0 20A#00000DDE00000000
(1726604424.372961) can0 218#00000000000040
(1726604424.378169) can0 290#01
(1726604424.382246) can0 20A#00000DB600000000
(1726604424.382954) can0 218#00000000000040
(1726604424.387871) can0 401#00
(1726604424.391970) can0 20A#00000DCA00000000
(1726604424.393135) can0 218#00000000000040
(1726604424.402220) can0 20A#00000DDE00000000
(1726604424.402961) can0 218#00000000000040
(1726604424.412161) can0 20A#00000DFC00000000
(1726604424.413111) can0 218#00000000000040
(1726604424.422243) can0 20A#00000E2E00000000
(1726604424.423043) can0 218#00000000000040
(1726604424.432374) can0 20A#00000E2E00000000
(1726604424.433040) can0 218#00000000000040
(1726604424.438237) can0 23A#04FFFF
(1726604424.442345) can0 20A#00000E2E00000000
(1726604424.442994) can0 218#00000000000040
(1726604424.452343) can0 20A#00000E2400000000
(1726604424.453136) can0 218#00000000000040
(1726604424.458235) can0 246#0200
(1726604424.462228) can0 20A#00000DF200000000
(1726604424.463012) can0 218#00000000000040
(1726604424.472371) can0 20A#00000DDE00000000
(1726604424.473130) can0 218#00000000000040
(1726604424.478202) can0 290#01
(1726604424.482346) can0 20A#00000DE800000000
(1726604424.482956) can0 218#00000000000040
(1726604424.488203) can0 401#00
(1726604424.492304) can0 20A#00000DE800000000
(1726604424.492959) can0 218#00000000000040
(1726604424.502360) can0 20A#00000DFC00000000
(1726604424.503134) can0 218#00000000000040
(1726604424.512016) can0 20A#00000E0600000000
(1726604424.513117) can0 218#00000000000040
(1726604424.522378) can0 20A#00000DE800000000
(1726604424.523129) can0 218#00000000000040
(1726604424.532375) can0 20A#00000DDE00000000
(1726604424.532958) can0 218#00000000000040
(1726604424.538117) can0 23A#04FFFF
(1726604424.542320) can0 20A#00000DDE00000000
(1726604424.542986) can0 218#00000000000040
(1726604424.552375) can0 20A#00000DC000000000
(1726604424.553122) can0 218#00000000000040
(1726604424.558233) can0 246#0200
(1726604424.562322) can0 20A#00000DDE00000000
(1726604424.562966) can0 218#00000000000040
(1726604424.572385) can0 20A#00000DE800000000
(1726604424.573196) can0 218#00000000000040
(1726604424.578253) can0 290#01
(1726604424.582324) can0 20A#00000DE800000000
(1726604424.582964) can0 218#00000000000040
(1726604424.588228) can0 401#00
(1726604424.592309) can0 20A#00000E1A00000000
(1726604424.592963) can0 218#00000000000040
(1726604424.602124) can0 20A#00000E2400000000
(1726604424.602912) can0 218#00000000000040
(1726604424.612306) can0 20A#00000E2400000000
(1726604424.612972) can0 218#00000000000040
(1726604424.622403) can0 20A#00000E1A00000000
(1726604424.623122) can0 218#00000000000040
(1726604424.632404) can0 20A#00000DFC00000000
(1726604424.633198) can0 218#00000000000040
(1726604424.638262) can0 23A#04FFFF
(1726604424.642322) can0 20A#00000DCA00000000
(1726604424.642972) can0 218#00000000000040
(1726604424.652379) can0 20A#00000DE800000000
(1726604424.653137) can0 218#00000000000040
(1726604424.658231) can0 246#0200
(1726604424.662334) can0 20A#00000DFC00000000
(1726604424.662963) can0 218#00000000000040
(1726604424.672355) can0 20A#00000E0600000000
(1726604424.673224) can0 218#00000000000040
(1726604424.678200) can0 290#01
(1726604424.682325) can0 20A#00000E2400000000
(1726604424.683012) can0 218#00000000000040
(1726604424.688207) can0 401#00
(1726604424.692307) can0 20A#00000E0600000000
(1726604424.692965) can0 218#00000000000040
(1726604424.702340) can0 20A#00000E0600000000
(1726604424.702967) can0 218#00000000000040
(1726604424.712391) can0 20A#00000DFC00000000
(1726604424.712961) can0 218#00000000000040
(1726604424.722379) can0 20A#00000DE800000000
(1726604424.723209) can0 218#00000000000040
(1726604424.732383) can0 20A#00000DF200000000
(1726604424.733118) can0 218#00000000000040
(1726604424.738232) can0 23A#04FFFF
(1726604424.742350) can0 20A#00000E1000000000
(1726604424.743225) can0 218#00000000000040
(1726604424.752364) can0 20A#00000E2400000000
(1726604424.753199) can0 218#00000000000040
(1726604424.758247) can0 246#0200
(1726604424.762089) can0 20A#00000E6000000000
(1726604424.762939) can0 218#00000000000040
(1726604424.772380) can0 20A#00000E6A00000000
(1726604424.773165) can0 218#00000000000040
(1726604424.778211) can0 290#01
(1726604424.782213) can0 20A#00000E7400000000
(1726604424.783060) can0 218#00000000000040
(1726604424.788208) can0 401#00
(1726604424.792306) can0 20A#00000E6A00000000
(1726604424.792978) can0 218#00000000000040
(1726604424.802407) can0 20A#00000E4C00000000
(1726604424.803224) can0 218#00000000000040
(1726604424.812399) can0 20A#00000E3800000000
(1726604424.813223) can0 218#00000000000040
(1726604424.822379) can0 20A#00000E4C00000000
(1726604424.823230) can0 218#00000000000040
(1726604424.832382) can0 20A#00000E4C00000000
(1726604424.833123) can0 218#00000000000040
(1726604424.838245) can0 23A#04FFFF
(1726604424.842352) can0 20A#00000E5600000000
(1726604424.842998) can0 218#00000000000040
(1726604424.852409) can0 20A#00000E6000000000
(1726604424.853138) can0 218#00000000000040
(1726604424.857963) can0 246#0200
(1726604424.862352) can0 20A#00000E4C00000000
(1726604424.863050) can0 218#00000000000040
(1726604424.872380) can0 20A#00000E3800000000
(1726604424.873225) can0 218#00000000000040
(1726604424.878201) can0 290#01
(1726604424.882405) can0 20A#00000E2400000000
(1726604424.883047) can0 218#00000000000040
(1726604424.888211) can0 401#00
(1726604424.892360) can0 20A#00000DF200000000
(1726604424.893166) can0 218#00000000000040
(1726604424.902388) can0 20A#00000DFC00000000
(1726604424.903166) can0 218#00000000000040
(1726604424.912374) can0 20A#00000E0600000000
(1726604424.913146) can0 218#00000000000040
(1726604424.922232) can0 20A#00000E0600000000
(1726604424.923196) can0 218#00000000000040
(1726604424.932385) can0 20A#00000E2400000000
(1726604424.933201) can0 218#00000000000040
(1726604424.938262) can0 23A#04FFFF
(1726604424.942338) can0 20A#00000E1A00000000
(1726604424.942991) can0 218#00000000000040
(1726604424.952380) can0 20A#00000E0600000000
(1726604424.953229) can0 218#00000000000040
(1726604424.958229) can0 246#0200
(1726604424.962328) can0 20A#00000DFC00000000
(1726604424.962990) can0 218#00000000000040
(1726604424.972387) can0 20A#00000DDE00000000
(1726604424.973126) can0 218#00000000000040
(1726604424.978211) can0 290#01
(1726604424.981978) can0 20A#00000DC000000000
(1726604424.982923) can0 218#00000000000040
(1726604424.987885) can0 401#00
(1726604424.992017) can0 20A#00000DC000000000
(1726604424.992971) can0 218#00000000000040
(1726604425.002373) can0 20A#00000DAC00000000
(1726604425.003225) can0 218#00000000000040
(1726604425.012276) can0 20A#00000DAC00000000
(1726604425.012972) can0 218#00000000000040
(1726604425.022257) can0 20A#00000DCA00000000
(1726604425.023067) can0 218#00000000000040
(1726604425.032387) can0 20A#00000DC000000000
(1726604425.033113) can0 218#00000000000040
(1726604425.038271) can0 23A#04FFFF
(1726604425.042362) can0 20A#00000DC000000000
(1726604425.043141) can0 218#00000000000040
(1726604425.052025) can0 20A#00000DC000000000
(1726604425.052930) can0 218#00000000000040
(1726604425.058239) can0 246#0200
(1726604425.062321) can0 20A#00000DA200000000
(1726604425.063080) can0 218#00000000000040
(1726604425.072387) can0 20A#00000DB600000000
(1726604425.073047) can0 218#00000000000040
(1726604425.078223) can0 290#01
(1726604425.082334) can0 20A#00000DCA00000000
(1726604425.082972) can0 218#00000000000040
(1726604425.088214) can0 401#00
(1726604425.092343) can0 20A#00000DCA00000000
(1726604425.092967) can0 218#00000000000040
(1726604425.102413) can0 20A#00000DE800000000
(1726604425.103148) can0 218#00000000000040
(1726604425.112412) can0 20A#00000DFC00000000
(1726604425.113171) can0 218#00000000000040
(1726604425.122414) can0 20A#00000DE800000000
(1726604425.123230) can0 218#00000000000040
(1726604425.132389) can0 20A#00000DF200000000
(1726604425.133229) can0 218#00000000000040
(1726604425.138283) can0 23A#04FFFF
(1726604425.142336) can0 20A#00000DF200000000
(1726604425.143012) can0 218#00000000000040
(1726604425.152372) can0 20A#00000DDE00000000
(1726604425.153151) can0 218#00000000000040
(1726604425.158241) can0 246#0200
(1726604425.162019) can0 20A#00000E1000000000
(1726604425.162964) can0 218#00000000000040
(1726604425.172342) can0 20A#00000E2E00000000
(1726604425.172971) can0 218#00000000000040
(1726604425.177959) can0 290#01
(1726604425.182352) can0 20A#00000E2E00000000
(1726604425.183122) can0 218#00000000000040
(1726604425.188246) can0 401#00
(1726604425.192358) can0 20A#00000E6000000000
(1726604425.192973) can0 218#00000000000040
(1726604425.202387) can0 20A#00000E5600000000
(1726604425.203156) can0 218#00000000000040
(1726604425.212391) can0 20A#00000E4C00000000
(1726604425.213210) can0 218#00000000000040
(1726604425.222423) can0 20A#00000E4C00000000
(1726604425.223149) can0 218#00000000000040
(1726604425.232415) can0 20A#00000E2400000000
(1726604425.233232) can0 218#00000000000040
(1726604425.238145) can0 23A#04FFFF
(1726604425.242212) can0 20A#00000E2E00000000
(1726604425.242970) can0 218#00000000000040
(1726604425.252390) can0 20A#00000E4200000000
(1726604425.253207) can0 218#00000000000040
(1726604425.258244) can0 246#0200
(1726604425.262359) can0 20A#00000E4C00000000
(1726604425.262991) can0 218#00000000000040
(1726604425.272399) can0 20A#00000E6000000000
(1726604425.273285) can0 218#00000000000040
(1726604425.278227) can0 290#01
(1726604425.282365) can0 20A#00000E7400000000
(1726604425.283104) can0 218#00000000000040
(1726604425.288243) can0 401#00
(1726604425.292361) can0 20A#00000E6000000000
(1726604425.292974) can0 218#00000000000040
(1726604425.302416) can0 20A#00000E6000000000
(1726604425.303238) can0 218#00000000000040
(1726604425.312403) can0 20A#00000E4C00000000
(1726604425.313132) can0 218#00000000000040
(1726604425.322417) can0 20A#00000E3800000000
(1726604425.323238) can0 218#00000000000040
(1726604425.332420) can0 20A#00000E4200000000
(1726604425.333237) can0 218#00000000000040
(1726604425.338267) can0 23A#04FFFF
(1726604425.342363) can0 20A#00000E2E00000000
(1726604425.342991) can0 218#00000000000040
(1726604425.352464) can0 20A#00000E2E00000000
(1726604425.352927) can0 218#00000000000040
(1726604425.358246) can0 246#0200
(1726604425.362365) can0 20A#00000E4C00000000
(1726604425.363003) can0 218#00000000000040
(1726604425.368290) can0 23E#9B000000
(1726604425.372364) can0 20A#00000E3800000000
(1726604425.373233) can0 218#00000000000040
(1726604425.378233) can0 290#01
(1726604425.382340) can0 20A#00000E2E00000000
(1726604425.382994) can0 218#00000000000040
(1726604425.388221) can0 401#00
(1726604425.392347) can0 20A#00000E1A00000000
(1726604425.393115) can0 218#00000000000040
(1726604425.402418) can0 20A#00000DDE00000000
(1726604425.403234) can0 218#00000000000040
(1726604425.412409) can0 20A#00000DC000000000
(1726604425.413180) can0 218#00000000000040
(1726604425.422419) can0 20A#00000DD400000000
(1726604425.423237) can0 218#00000000000040
(1726604425.432419) can0 20A#00000DDE00000000
(1726604425.433234) can0 218#00000000000040
(1726604425.438279) can0 23A#04FFFF
(1726604425.442340) can0 20A#00000DF200000000
(1726604425.442986) can0 218#00000000000040
(1726604425.452389) can0 20A#00000E0600000000
(1726604425.453166) can0 218#00000000000040
(1726604425.458272) can0 246#0200
(1726604425.462347) can0 20A#00000DE800000000
(1726604425.463114) can0 218#00000000000040
(1726604425.472498) can0 20A#00000DF200000000
(1726604425.473090) can0 218#00000000000040
(1726604425.478257) can0 290#01
(1726604425.482364) can0 20A#00000DF200000000
(1726604425.483075) can0 218#00000000000040
(1726604425.488250) can0 401#00
(1726604425.492364) can0 20A#00000DDE00000000
(1726604425.493014) can0 218#00000000000040
(1726604425.502422) can0 20A#00000E0600000000
(1726604425.503237) can0 218#00000000000040
(1726604425.512422) can0 20A#00000E1000000000
(1726604425.513240) can0 218#00000000000040
(1726604425.522418) can0 20A#00000E2400000000
(1726604425.523238) can0 218#00000000000040
(1726604425.532421) can0 20A#00000E4200000000
(1726604425.533166) can0 218#00000000000040
(1726604425.538282) can0 23A#04FFFF
(1726604425.542365) can0 20A#00000E3800000000
(1726604425.543268) can0 218#00000000000040
(1726604425.552457) can0 20A#00000E2E00000000
(1726604425.552957) can0 218#00000000000040
(1726604425.558250) can0 246#0200
(1726604425.562229) can0 20A#00000E1000000000
(1726604425.562975) can0 218#00000000000040
(1726604425.572397) can0 20A#00000DCA00000000
(1726604425.573242) can0 218#00000000000040
(1726604425.578227) can0 290#01
(1726604425.582352) can0 20A#00000D5C00000000
(1726604425.582956) can0 218#00000000000040
(1726604425.588145) can0 401#00
(1726604425.592249) can0 20A#00000CEE00000000
(1726604425.592980) can0 218#00000000000040
(1726604425.602391) can0 20A#00000CA800000000
(1726604425.603214) can0 218#00000000000040
(1726604425.612267) can0 20A#00000C8000000000
(1726604425.612998) can0 218#00000000000040
(1726604425.688465) can0 401#80
(1726604425.788465) can0 401#80
(1726604425.888470) can0 401#80
(1726604425.988221) can0 401#80
(1726604426.088294) can0 401#80
(1726604426.188483) can0 401#80
