(1590181047.129921) can0 312#47A907B509D20757
(1590181047.129924) can0 356#3FFF3FFF0A2200
(1590181047.129925) can0 7BC#060001B46A000000
(1590181047.150621) can0 200#0003C000C000C000
(1590181047.150623) can0 208#00206000C000C000
(1590181047.150625) can0 200#0003C000C000C000
(1590181047.171181) can0 208#00206000C000C000
(1590181047.171184) can0 215#00000000000003
(1590181047.171185) can0 200#0003C000C000C000
(1590181047.191710) can0 208#00206000C000C000
(1590181047.191713) can0 215#00000000000000
(1590181047.191729) can0 200#0003C000C000C000
(1590181047.212015) can0 208#00206000C000C000
(1590181047.212017) can0 215#00000000000000
(1590181047.212018) can0 215#00000000000003
(1590181047.232800) can0 359#01000082
(1590181047.232802) can0 315#00000000008E00
(1590181047.232804) can0 359#31000082
(1590181047.254265) can0 318#008400017F580000
(1590181047.254267) can0 315#44000000008E00
(1590181047.254269) can0 359#31000082
(1590181047.273709) can0 315#48000000008D00
(1590181047.273712) can0 236#100F1000500000E0
(1590181047.273713) can0 315#0C000000008E00
(1590181047.294401) can0 236#100F1000700000D0
(1590181047.294403) can0 210#0000000000000000
(1590181047.294405) can0 236#100F100090000040
(1590181047.314454) can0 210#0000000000000000
(1590181047.314457) can0 255#3FFF3FFF1F40FFFF
(1590181047.314458) can0 236#100F1000B0000070
(1590181047.334947) can0 210#0000008080000000
(1590181047.334949) can0 255#3FFF3FFF1F40FFFF
(1590181047.334950) can0 236#100F1000D0000020
(1590181047.355474) can0 210#0000008080000000
(1590181047.355477) can0 255#3FFF3FFF1F40FFFF
(1590181047.355478) can0 236#100F1000F0000010
(1590181047.375973) can0 210#0000000000000000
(1590181047.375976) can0 255#3FFF3FFF1F40FFFF
(1590181047.375977) can0 236#100F100010000080
(1590181047.396497) can0 210#0000000000000000
(1590181047.396499) can0 255#3FFF3FFF1F40FFFF
(1590181047.396501) can0 236#100F1000300000B0
(1590181047.417014) can0 210#0000008080000000
(1590181047.417017) can0 255#3FFF3FFF1F40FFFF
(1590181047.417018) can0 236#100F1000500000E0
(1590181047.437502) can0 210#0000008080000000
(1590181047.437505) can0 255#3FFF3FFF1F40FFFF
(1590181047.437506) can0 236#100F1000700000D0
(1590181047.457966) can0 210#0000000000000000
(1590181047.457968) can0 255#3FFF3FFF1F40FFFF
(1590181047.457970) can0 210#0000000000000000
(1590181047.478574) can0 236#100F100090000040
(1590181047.478576) can0 255#3FFF3FFF1F40FFFF
(1590181047.478578) can0 308#0002BA42011FFF00
(1590181047.498969) can0 325#080DDC63000100
(1590181047.498971) can0 309#1FFFFFFF0FFF00
(1590181047.498973) can0 309#1FFFFFFF0FFF00
(1590181047.519609) can0 312#079D079C09C7074C
(1590181047.519612) can0 380#0001
(1590181047.519613) can0 380#0001
(1590181047.543068) can0 300#001B1FFF9FFF7FDF
(1590181047.543070) can0 328#00008100D880FFFF
(1590181047.543072) can0 380#0001
(1590181047.560462) can0 300#001B1FFF9FFF7FCF
(1590181047.560464) can0 328#00008100D880FFFF
(1590181047.560465) can0 300#009B1FFF1FFF7FDF
(1590181047.580991) can0 328#00008100D880FFFF
(1590181047.580993) can0 330#FCFCFCFFFFFF3F77
(1590181047.580995) can0 300#009B1FFF1FFF7FDF
(1590181047.601701) can0 328#00008100D880FFFF
(1590181047.601704) can0 330#FCFCFCFFFFFF3F77
(1590181047.601705) can0 300#001B1FFF9FFF7FDF
(1590181047.622110) can0 328#00008200D880FFFF
(1590181047.622112) can0 330#FCFCFCFFFFFF3F77
(1590181047.622114) can0 330#FCFCFCFFFFFF3F77
(1590181047.642606) can0 412#2E0084008E00
(1590181047.642608) can0 212#02BF079DE7D83FFF
(1590181047.642610) can0 412#2E0084008E00
(1590181047.662990) can0 212#02BF079DE7D83FFF
(1590181047.662992) can0 308#0002C202001FFF00
(1590181047.662994) can0 412#2E0084008E00
(1590181047.683492) can0 212#02BF079D27D83FFF
(1590181047.683494) can0 308#0002C442011FFF00
(1590181047.683496) can0 412#2E0084008E00
(1590181047.704124) can0 212#02BF079D27D83FFF
(1590181047.704126) can0 308#0002C402001FFF00
(1590181047.704128) can0 101#04
(1590181047.724597) can0 212#02BF079DE7D83FFF
(1590181047.724599) can0 236#100F1000200000A8
(1590181047.724601) can0 212#02BF079DE7D83FFF
(1590181047.745117) can0 308#0002C542001FFF00
(1590181047.745119) can0 236#100F1000400000F8
(1590181047.745121) can0 212#02BF07A927D83FFF
(1590181047.765697) can0 308#0002C902011FFF00
(1590181047.765803) can0 236#100F1000600000C8
(1590181047.765805) can0 212#02BF07A927D83FFF
(1590181047.786043) can0 308#0002C942001FFF00
(1590181047.786046) can0 236#100F100080000058
(1590181047.786047) can0 212#02BF079DE7D83FFF
(1590181047.806641) can0 308#0002CC02011FFF00
(1590181047.806643) can0 309#1FFFFFFF0FFF00
(1590181047.806645) can0 101#04
(1590181047.827071) can0 212#02BF079DE7D83FFF
(1590181047.827074) can0 308#0002CC42001FFF00
(1590181047.827075) can0 212#02BF07A927D83FFF
(1590181047.847566) can0 308#0002CC02011FFF00
(1590181047.847568) can0 309#1FFFFFFF0FFF00
(1590181047.847570) can0 308#0002CB02001FFF00
(1590181047.868058) can0 309#1FFFFFFF0FFF00
(1590181047.868060) can0 236#100F100000000098
(1590181047.868061) can0 236#100F1000200000A8
(1590181047.888513) can0 312#47A907AD09D20757
(1590181047.888515) can0 356#3FFF3FFF0A2200
(1590181047.888516) can0 4A0#20E0331934060040
(1590181047.909147) can0 248#0008000800004000
(1590181047.909149) can0 7BC#2C00000000000000
(1590181047.909150) can0 7BC#2D00000000000000
(1590181047.929538) can0 200#0003C000C000C000
(1590181047.929540) can0 208#00206000C000C000
(1590181047.929541) can0 200#0003C000C000C000
(1590181047.950149) can0 208#00206000C000C000
(1590181047.950150) can0 215#00000000000003
(1590181047.950152) can0 200#0003C000C000C000
(1590181047.970670) can0 208#00206000C000C000
(1590181047.970672) can0 215#00000000000003
(1590181047.970674) can0 200#0003C000C000C000
(1590181047.991042) can0 208#00206000C000C000
(1590181047.991044) can0 215#00000000000000
(1590181047.991046) can0 200#0003C000C000C000
(1590181048.011543) can0 208#00206000C000C000
(1590181048.011545) can0 215#00000000000000
(1590181048.011547) can0 200#0003C000C000C000
(1590181048.031942) can0 208#00206000C000C000
(1590181048.031944) can0 215#00000000000003
(1590181048.031944) can0 215#00000000000003
(1590181048.052372) can0 359#31000082
(1590181048.052373) can0 318#008400017F580000
(1590181048.052373) can0 5FE#00000000000007EA
(1590181048.072869) can0 315#28000000008E00
(1590181048.072870) can0 210#0000008080000000
(1590181048.072870) can0 6FD#0193004012266900
(1590181048.093347) can0 315#6C000000008E00
(1590181048.093348) can0 210#0000000000000000
(1590181048.093348) can0 315#30000000008D00
(1590181048.113864) can0 210#0000000000000000
(1590181048.113865) can0 255#3FFF3FFF1F40FFFF
(1590181048.113865) can0 210#0000008080000000
(1590181048.134419) can0 255#3FFF3FFF1F40FFFF
(1590181048.134420) can0 308#0002C502011FFF00
(1590181048.134421) can0 210#0000008080000000
(1590181048.154860) can0 255#3FFF3FFF1F40FFFF
(1590181048.154861) can0 308#0002C942001FFF00
(1590181048.154861) can0 210#0000000000000000
(1590181048.175357) can0 255#3FFF3FFF1F40FFFF
(1590181048.175357) can0 308#0002C902011FFF00
(1590181048.175357) can0 210#0000000000000000
(1590181048.195864) can0 255#3FFF3FFF1F40FFFF
(1590181048.195870) can0 308#0002C802001FFF00
(1590181048.195871) can0 210#0000008080000000
(1590181048.216366) can0 255#3FFF3FFF1F40FFFF
(1590181048.216366) can0 308#0002C842011FFF00
(1590181048.216367) can0 210#0000008080000000
(1590181048.236870) can0 255#3FFF3FFF1F40FFFF
(1590181048.236871) can0 308#0002C642001FFF00
(1590181048.236871) can0 308#0002C602011FFF00
(1590181048.257484) can0 309#1FFFFFFF0FFF00
(1590181048.257484) can0 236#100F1000700000D0
(1590181048.257485) can0 309#1FFFFFFF0FFF00
(1590181048.277884) can0 236#100F100090000040
(1590181048.277885) can0 312#27A907A809D20757
(1590181048.277885) can0 236#100F1000B0000070
(1590181048.298392) can0 380#0001
(1590181048.298392) can0 608#864C003F00004A00
(1590181048.298393) can0 325#080DDC63000100
(1590181048.318891) can0 300#009B1FFF1FFF7FCF
(1590181048.318892) can0 300#001B1FFF9FFF7FCF
(1590181048.339382) can0 328#00008200D880FFFF
(1590181048.339382) can0 330#FCFCFCFFFFFF3F77
(1590181048.339383) can0 300#001B1FFF9FFF7FDF
(1590181048.359906) can0 328#00008100D880FFFF
(1590181048.359907) can0 330#FCFCFCFFFFFF3F77
(1590181048.359907) can0 300#009B1FFF1FFF7FDF
(1590181048.380436) can0 328#00008200D880FFFF
(1590181048.380437) can0 330#FCFCFCFFFFFF3F77
(1590181048.380437) can0 300#009B1FFF1FFF7FDF
(1590181048.400921) can0 328#00008100D880FFFF
(1590181048.400922) can0 330#FCFCFCFFFFFF3F77
(1590181048.400922) can0 300#001B1FFF9FFF7FDF
(1590181048.421400) can0 328#00008200D880FFFF
(1590181048.421401) can0 330#FCFCFCFFFFFF3F77
(1590181048.421401) can0 300#001B1FFF9FFF7FDF
(1590181048.441916) can0 328#00008100D880FFFF
(1590181048.441916) can0 330#FCFCFCFFFFFF3F77
(1590181048.441917) can0 330#FCFCFCFFFFFF3F77
(1590181048.462426) can0 412#2E0084008E00
(1590181048.462426) can0 212#02BF079DE7D83FFF
(1590181048.462427) can0 412#2E0084008E00
(1590181048.482917) can0 212#02BF07A927D83FFF
(1590181048.482917) can0 308#0002C242011FFF00
(1590181048.482918) can0 412#2E0084008E00
(1590181048.503413) can0 212#02BF07A927D83FFF
(1590181048.503414) can0 308#0002C202001FFF00
(1590181048.503414) can0 412#2E0084008E00
(1590181048.523906) can0 101#04
(1590181048.523907) can0 212#02BF079DE7D83FFF
(1590181048.523907) can0 212#02BF079DE7D83FFF
(1590181048.544443) can0 308#0002C542001FFF00
(1590181048.544444) can0 309#1FFFFFFF0FFF00
(1590181048.544444) can0 212#02BF079D27D83FFF
(1590181048.564934) can0 308#0002C502011FFF00
(1590181048.564934) can0 309#1FFFFFFF0FFF00
(1590181048.564935) can0 212#02BF079D27D83FFF
(1590181048.585439) can0 308#0002C542001FFF00
(1590181048.585439) can0 309#1FFFFFFF0FFF00
(1590181048.585440) can0 212#02BF079DE7D83FFF
(1590181048.605956) can0 308#0002C502011FFF00
(1590181048.605956) can0 309#1FFFFFFF0FFF00
(1590181048.605957) can0 212#02BF07A9E7D83FFF
(1590181048.626429) can0 308#0002C802001FFF00
(1590181048.626429) can0 309#1FFFFFFF0FFF00
(1590181048.626429) can0 312#47A907A509D20757
(1590181048.646931) can0 356#3FFF3FFF0A2200
(1590181048.646932) can0 7BC#10000000000014AD
(1590181048.646932) can0 356#3FFF3FFF0A2200
(1590181048.667434) can0 7BC#1100000001046400
(1590181048.667435) can0 236#100F100000000098
(1590181048.667435) can0 7BC#1200000000000000
(1590181048.687935) can0 236#100F1000200000A8
(1590181048.687935) can0 248#0008000800004000
(1590181048.687936) can0 248#0008000800004000
(1590181048.708452) can0 359#31000082
(1590181048.708453) can0 200#0003C000C000C000
(1590181048.708453) can0 248#0008000800004000
(1590181048.728949) can0 359#01000082
(1590181048.728949) can0 200#0003C000C000C000
(1590181048.728949) can0 359#01000082
(1590181048.749445) can0 200#0003C000C000C000
(1590181048.749445) can0 208#00206000C000C000
(1590181048.749446) can0 359#31000082
(1590181048.769969) can0 200#0003C000C000C000
(1590181048.769969) can0 208#00206000C000C000
(1590181048.769970) can0 359#31000082
(1590181048.790479) can0 200#0003C000C000C000
(1590181048.790480) can0 208#00206000C000C000
(1590181048.790480) can0 359#01000082
(1590181048.810956) can0 200#0003C000C000C000
(1590181048.810956) can0 208#00206000C000C000
(1590181048.810957) can0 200#0003C000C000C000
(1590181048.831466) can0 208#00206000C000C000
(1590181048.831467) can0 215#00000000000003
(1590181048.831467) can0 208#00206000C000C000
(1590181048.851986) can0 215#00000000000003
(1590181048.851987) can0 318#008400017F580000
(1590181048.851987) can0 315#48000000008E00
(1590181048.872477) can0 210#0000008080000000
(1590181048.872478) can0 255#3FFF3FFF1F40FFFF
(1590181048.872478) can0 315#0C000000008D00
(1590181048.892969) can0 210#0000000000000000
(1590181048.892970) can0 255#3FFF3FFF1F40FFFF
(1590181048.892970) can0 315#50000000008E00
(1590181048.913469) can0 210#0000000000000000
(1590181048.913470) can0 255#3FFF3FFF1F40FFFF
(1590181048.913470) can0 315#14000000008E00
(1590181048.933968) can0 210#0000008080000000
(1590181048.933968) can0 255#3FFF3FFF1F40FFFF
(1590181048.933968) can0 210#0000008080000000
(1590181048.954473) can0 255#3FFF3FFF1F40FFFF
(1590181048.954474) can0 308#0002B442001FFF00
(1590181048.954474) can0 210#0000000000000000
(1590181048.974975) can0 255#3FFF3FFF1F40FFFF
(1590181048.974975) can0 308#0002B402011FFF00
(1590181048.974975) can0 210#0000000000000000
(1590181048.995494) can0 255#3FFF3FFF1F40FFFF
(1590181048.995495) can0 308#0002B742001FFF00
(1590181048.995495) can0 255#3FFF3FFF1F40FFFF
(1590181049.015990) can0 308#0002B702011FFF00
(1590181049.015991) can0 309#1FFFFFFF0FFF00
(1590181049.015991) can0 309#1FFFFFFF0FFF00
(1590181049.036484) can0 312#079D079A09C7074C
(1590181049.036484) can0 380#0001
(1590181049.036484) can0 312#679D079E09C7074C
(1590181049.056991) can0 380#0001
(1590181049.056991) can0 236#100F1000700000D0
(1590181049.056991) can0 236#100F100090000040
(1590181049.077500) can0 325#080DDC63000100
(1590181049.077500) can0 300#001B1FFF9FFF7FCF
(1590181049.077501) can0 236#100F1000B0000070
(1590181049.097994) can0 325#080DDC63000100
(1590181049.097995) can0 300#009B1FFF1FFF7FDF
(1590181049.097995) can0 325#080DDC63000100
(1590181049.118490) can0 300#009B1FFF1FFF7FDF
(1590181049.118491) can0 328#00008100D880FFFF
(1590181049.118491) can0 325#080DDC63000100
(1590181049.139009) can0 300#001B1FFF9FFF7FDF
(1590181049.139009) can0 328#00008200D880FFFF
(1590181049.139010) can0 300#001B1FFF9FFF7FDF
(1590181049.159520) can0 328#00008100D880FFFF
(1590181049.159521) can0 330#FCFCFCFFFFFF3F77
(1590181049.159521) can0 300#009B1FFF1FFF7FCF
(1590181049.180017) can0 328#00008100D880FFFF
(1590181049.180017) can0 330#FCFCFCFFFFFF3F77
(1590181049.180018) can0 300#009B1FFF1FFF7FDF
(1590181049.200512) can0 328#00008100D880FFFF
(1590181049.200518) can0 330#FCFCFCFFFFFF3F77
(1590181049.200518) can0 300#001B1FFF9FFF7FCF
(1590181049.221017) can0 328#00008100D880FFFF
(1590181049.221017) can0 330#FCFCFCFFFFFF3F77
(1590181049.221018) can0 300#001B1FFF9FFF7FDF
(1590181049.241565) can0 328#00008100D880FFFF
(1590181049.241565) can0 330#FCFCFCFFFFFF3F77
(1590181049.241566) can0 328#00008100D880FFFF
(1590181049.262072) can0 330#FCFCFCFFFFFF3F77
(1590181049.262073) can0 412#2E0084008E00
(1590181049.262073) can0 330#FCFCFCFFFFFF3F77
(1590181049.282565) can0 6FB#1107040023224000
(1590181049.282566) can0 412#2E0084008E00
(1590181049.282566) can0 6FF#2181024000000000
(1590181049.303078) can0 412#2E0084008E00
(1590181049.303079) can0 212#02BF079D27D83FFF
(1590181049.303080) can0 412#2E0084008E00
(1590181049.323540) can0 101#04
(1590181049.323541) can0 212#02BF079DE7D83FFF
(1590181049.323541) can0 212#02BF079DE7D83FFF
(1590181049.344089) can0 308#0002B742001FFF00
(1590181049.344090) can0 309#1FFFFFFF0FFF00
(1590181049.344090) can0 212#02BF079D27D83FFF
(1590181049.364537) can0 308#0002B702011FFF00
(1590181049.364537) can0 309#1FFFFFFF0FFF00
(1590181049.364538) can0 212#02BF079D27D83FFF
(1590181049.385042) can0 308#0002B502001FFF00
(1590181049.385042) can0 309#1FFFFFFF0FFF00
(1590181049.385042) can0 309#1FFFFFFF0FFF00
(1590181049.405549) can0 312#679D079F09C7074C
(1590181049.405550) can0 356#3FFF3FFF0A2200
(1590181049.405550) can0 312#079D079F09C7074C
(1590181049.426078) can0 356#3FFF3FFF0A2200
(1590181049.426078) can0 7BC#3700000000000000
(1590181049.426079) can0 7BC#3800000000000000
(1590181049.446590) can0 236#100F1000E0000008
(1590181049.446590) can0 248#0008000800004000
(1590181049.446591) can0 236#100F100000000098
(1590181049.467074) can0 248#0008000800004000
(1590181049.467075) can0 359#01000082
(1590181049.467075) can0 236#100F1000200000A8
(1590181049.487549) can0 248#0008000800004000
(1590181049.487550) can0 359#31000082
(1590181049.487550) can0 236#100F1000400000F8
(1590181049.508061) can0 248#0008000800004000
(1590181049.508062) can0 359#31000082
(1590181049.508062) can0 248#0008000800004000
(1590181049.528550) can0 359#01000082
(1590181049.528551) can0 200#0003C000C000C000
(1590181049.528551) can0 248#0008000800004000
(1590181049.549094) can0 359#01000082
(1590181049.549095) can0 200#0003C000C000C000
(1590181049.549095) can0 359#31000082
(1590181049.569598) can0 200#0003C000C000C000
(1590181049.569598) can0 208#00206000C000C000
(1590181049.569599) can0 200#0003C000C000C000
(1590181049.590070) can0 208#00206000C000C000
(1590181049.590070) can0 215#00000000000000
(1590181049.590070) can0 200#0003C000C000C000
(1590181049.610565) can0 208#00206000C000C000
(1590181049.610565) can0 215#00000000000000
(1590181049.610566) can0 200#0003C000C000C000
(1590181049.631101) can0 208#00206000C000C000
(1590181049.631101) can0 215#00000000000003
(1590181049.631102) can0 200#0003C000C000C000
(1590181049.651616) can0 208#00206000C000C000
(1590181049.651617) can0 215#00000000000003
(1590181049.651617) can0 200#0003C000C000C000
(1590181049.672079) can0 208#00206000C000C000
(1590181049.672079) can0 215#00000000000000
(1590181049.672080) can0 315#6C000000008E00
(1590181049.692597) can0 210#0000000000000000
(1590181049.692598) can0 315#30000000008E00
(1590181049.713097) can0 210#0000000000000000
(1590181049.713098) can0 255#3FFF3FFF1F40FFFF
(1590181049.713098) can0 315#74000000008E00
(1590181049.733620) can0 210#0000008080000000
(1590181049.733620) can0 255#3FFF3FFF1F40FFFF
(1590181049.733621) can0 318#008400017F570000
(1590181049.754110) can0 315#78000000008E00
(1590181049.754110) can0 210#0000008080000000
(1590181049.754111) can0 210#0000000000000000
(1590181049.774732) can0 255#3FFF3FFF1F40FFFF
(1590181049.774733) can0 308#0002B802011FFF00
(1590181049.774733) can0 308#0002B842001FFF00
(1590181049.795098) can0 309#1FFFFFFF0FFF00
(1590181049.795099) can0 312#0792079709C7074C
(1590181049.795099) can0 309#1FFFFFFF0FFF00
(1590181049.815623) can0 312#6792079709C7074C
(1590181049.815624) can0 380#0001
(1590181049.815624) can0 380#0001
(1590181049.836164) can0 236#100F1000500000E0
(1590181049.836165) can0 325#080DDC63000100
(1590181049.836165) can0 236#100F1000700000D0
(1590181049.856632) can0 408#0000910000000000
(1590181049.856633) can0 325#080DDC63000100
(1590181049.856633) can0 236#100F100090000040
(1590181049.877143) can0 325#080DDC63000100
(1590181049.877144) can0 300#001B1FFF9FFF7FCF
(1590181049.877144) can0 236#100F1000B0000070
(1590181049.897642) can0 325#080DDC63000100
(1590181049.897643) can0 300#009B1FFF1FFF7FCF
(1590181049.897643) can0 236#100F1000D0000020
(1590181049.918120) can0 325#080DDC63000100
(1590181049.918121) can0 300#009B1FFF1FFF7FDF
(1590181049.918121) can0 325#080DDC63000100
(1590181049.938636) can0 300#001B1FFF9FFF7FCF
(1590181049.938638) can0 328#00008100D880FFFF
(1590181049.938639) can0 408#0000920000000000
(1590181049.959169) can0 325#080DDC63000100
(1590181049.959169) can0 300#001B1FFF9FFF7FCF
(1590181049.959170) can0 300#009B1FFF1FFF7FCF
(1590181049.979660) can0 328#00008100D880FFFF
(1590181049.979661) can0 330#FCFCFCFFFFFF3F77
(1590181049.979661) can0 300#009B1FFF1FFF7FCF
(1590181050.000137) can0 328#00008100D880FFFF
(1590181050.000138) can0 330#FCFCFCFFFFFF3F77
(1590181050.000139) can0 300#001B1FFF9FFF7FDF
(1590181050.020635) can0 328#00008100D880FFFF
(1590181050.020636) can0 330#FCFCFCFFFFFF3F77
(1590181050.020637) can0 300#001B1FFF9FFF7FDF
(1590181050.041156) can0 328#00008100D880FFFF
(1590181050.041157) can0 330#FCFCFCFFFFFF3F77
(1590181050.041157) can0 300#009B1FFF1FFF7FDF
(1590181050.061656) can0 328#00008100D880FFFF
(1590181050.061656) can0 330#FCFCFCFFFFFF3F77
(1590181050.061657) can0 300#009B1FFF1FFF7FCF
(1590181050.082170) can0 328#00008100D880FFFF
(1590181050.082170) can0 330#FCFCFCFFFFFF3F77
(1590181050.082171) can0 412#2E0084008E00
(1590181050.102646) can0 212#02BF079D27D83FFF
(1590181050.102647) can0 308#0002B742001FFF00
(1590181050.102647) can0 101#04
(1590181050.123165) can0 412#2E0084008E00
(1590181050.123166) can0 212#02BF079DE7D83FFF
(1590181050.123166) can0 212#02BF079DE7D83FFF
(1590181050.143681) can0 412#2E0084008E00
(1590181050.143682) can0 308#0002B742001FFF00
(1590181050.143682) can0 412#2E0084008E00
(1590181050.164153) can0 308#0002BB02011FFF00
(1590181050.164153) can0 309#1FFFFFFF0FFF00
(1590181050.164154) can0 412#2E0084008E00
(1590181050.184665) can0 309#1FFFFFFF0FFF00
(1590181050.184665) can0 312#079D078D09C7074C
(1590181050.184666) can0 312#6792079209C7074C
(1590181050.205166) can0 356#3FFF3FFF0A2200
(1590181050.205174) can0 4A0#20E1331934060040
(1590181050.205174) can0 7BC#1E00000000000000
(1590181050.225701) can0 236#100F1000C0000038
(1590181050.225702) can0 359#31000082
(1590181050.225702) can0 236#100F1000E0000008
(1590181050.246280) can0 359#01000082
(1590181050.246281) can0 248#0008000800004000
(1590181050.246281) can0 236#100F100000000098
(1590181050.266696) can0 359#01000082
(1590181050.266697) can0 248#0008000800004000
(1590181050.266698) can0 236#100F1000200000A8
(1590181050.287211) can0 359#31000082
(1590181050.287212) can0 248#0008000800004000
(1590181050.287212) can0 236#100F1000400000F8
(1590181050.307730) can0 359#31000082
(1590181050.307730) can0 248#0008000800004000
(1590181050.307731) can0 236#100F1000600000C8
(1590181050.328220) can0 359#01000082
(1590181050.328221) can0 248#0008000800004000
(1590181050.328221) can0 359#01000082
(1590181050.348679) can0 248#0008000800004000
(1590181050.348680) can0 200#0003C000C000C000
(1590181050.348680) can0 248#0008000800004000
(1590181050.369187) can0 200#0003C000C000C000
(1590181050.369188) can0 208#00206000C000C000
(1590181050.369188) can0 200#0003C000C000C000
(1590181050.389691) can0 208#00206000C000C000
(1590181050.389692) can0 215#00000000000000
(1590181050.389692) can0 200#0003C000C000C000
(1590181050.410198) can0 208#00206000C000C000
(1590181050.410199) can0 215#00000000000000
(1590181050.410199) can0 200#0003C000C000C000
(1590181050.430720) can0 208#00206000C000C000
(1590181050.430721) can0 215#00000000000003
(1590181050.430722) can0 200#0003C000C000C000
(1590181050.451256) can0 208#00206000C000C000
(1590181050.451257) can0 215#00000000000003
(1590181050.451257) can0 200#0003C000C000C000
(1590181050.471707) can0 208#00206000C000C000
(1590181050.471707) can0 215#00000000000000
(1590181050.471708) can0 208#00206000C000C000
(1590181050.492205) can0 215#00000000000000
(1590181050.492206) can0 210#0000000000000000
(1590181050.492206) can0 210#0000000000000000
(1590181050.512708) can0 255#3FFF3FFF1F40FFFF
(1590181050.512709) can0 308#0002B742001FFF00
(1590181050.512709) can0 210#0000008080000000
(1590181050.533224) can0 255#3FFF3FFF1F40FFFF
(1590181050.533225) can0 308#0002B802011FFF00
(1590181050.533225) can0 255#3FFF3FFF1F40FFFF
(1590181050.553713) can0 308#0002B742001FFF00
(1590181050.553714) can0 318#008400017F580000
(1590181050.553714) can0 315#5C000000008E00
(1590181050.574214) can0 309#1FFFFFFF0FFF00
(1590181050.574215) can0 312#6792079309C7074C
(1590181050.574215) can0 312#0792079109C7074C
(1590181050.594730) can0 380#0001
(1590181050.594731) can0 608#864C004000002D00
(1590181050.594731) can0 236#100F1000300000B0
(1590181050.615292) can0 325#080DDC63000100
(1590181050.615293) can0 300#009B1FFF1FFF7FDF
(1590181050.615293) can0 236#100F1000500000E0
(1590181050.635727) can0 325#080DDC63000100
(1590181050.635729) can0 300#009B1FFF1FFF7FCF
(1590181050.635730) can0 236#100F1000700000D0
(1590181050.656255) can0 408#0000910000000000
(1590181050.656255) can0 325#080DDC63000100
(1590181050.656256) can0 236#100F100090000040
(1590181050.676747) can0 325#080DDC63000100
(1590181050.676747) can0 300#001B1FFF9FFF7FDF
(1590181050.676748) can0 236#100F1000B0000070
(1590181050.697257) can0 325#080DDC63000100
(1590181050.697257) can0 300#009B1FFF1FFF7FDF
(1590181050.697263) can0 236#100F1000D0000020
(1590181050.717761) can0 325#080DDC63000100
(1590181050.717762) can0 300#009B1FFF1FFF7FCF
(1590181050.717763) can0 236#100F1000F0000010
(1590181050.738274) can0 325#080DDC63000100
(1590181050.738275) can0 300#001B1FFF9FFF7FDF
(1590181050.738275) can0 408#0000910000000000
(1590181050.758748) can0 325#080DDC63000100
(1590181050.758748) can0 300#001B1FFF9FFF7FDF
(1590181050.758749) can0 300#009B1FFF1FFF7FDF
(1590181050.779240) can0 328#00008200D880FFFF
(1590181050.779241) can0 330#FCFCFCFFFFFF3F77
(1590181050.779241) can0 300#009B1FFF1FFF7FDF
(1590181050.799776) can0 328#00008100D880FFFF
(1590181050.799777) can0 330#FCFCFCFFFFFF3F77
(1590181050.799777) can0 300#001B1FFF9FFF7FCF
(1590181050.820244) can0 328#00008100D880FFFF
(1590181050.820244) can0 330#FCFCFCFFFFFF3F77
(1590181050.820245) can0 300#001B1FFF9FFF7FDF
(1590181050.840767) can0 328#00008100D880FFFF
(1590181050.840768) can0 330#FCFCFCFFFFFF3F77
(1590181050.840769) can0 300#009B1FFF1FFF7FDF
(1590181050.861263) can0 328#00008100D880FFFF
(1590181050.861264) can0 330#FCFCFCFFFFFF3F77
(1590181050.861264) can0 300#009B1FFF1FFF7FDF
(1590181050.881781) can0 328#00008100D880FFFF
(1590181050.881781) can0 330#FCFCFCFFFFFF3F77
(1590181050.881782) can0 300#001B1FFF9FFF7FCF
(1590181050.902264) can0 328#00008100D880FFFF
(1590181050.902265) can0 330#FCFCFCFFFFFF3F77
(1590181050.902266) can0 101#04
(1590181050.922805) can0 212#02BF0792E7D83FFF
(1590181050.922805) can0 308#0002B402011FFF00
(1590181050.922806) can0 309#1FFFFFFF0FFF00
(1590181050.943280) can0 312#0792079109C7074C
(1590181050.943281) can0 356#3FFF3FFF0A2200
(1590181050.943282) can0 312#6792079109C7074C
(1590181050.963794) can0 356#3FFF3FFF0A2200
(1590181050.963795) can0 412#2E0084008E00
(1590181050.963795) can0 412#2E0084008E00
(1590181050.984299) can0 7BC#0300358666008000
(1590181050.984299) can0 359#01000082
(1590181050.984300) can0 359#31000082
(1590181051.004793) can0 236#100F1000A0000068
(1590181051.004794) can0 248#0008000800004000
(1590181051.004794) can0 359#31000082
(1590181051.025308) can0 236#100F1000C0000038
(1590181051.025308) can0 248#0008000800004000
(1590181051.025309) can0 359#01000082
(1590181051.045798) can0 236#100F1000E0000008
(1590181051.045799) can0 248#0008000800004000
(1590181051.045800) can0 359#01000082
(1590181051.066299) can0 236#100F100000000098
(1590181051.066300) can0 359#31000082
(1590181051.086800) can0 236#100F1000200000A8
(1590181051.086801) can0 248#0008000800004000
(1590181051.086801) can0 359#31000082
(1590181051.107300) can0 236#100F1000400000F8
(1590181051.107301) can0 248#0008000800004000
(1590181051.107301) can0 236#100F1000600000C8
(1590181051.127799) can0 248#0008000800004000
(1590181051.127800) can0 200#0003C000C000C000
(1590181051.127800) can0 236#100F100080000058
(1590181051.148289) can0 248#0008000800004000
(1590181051.148290) can0 200#0003C000C000C000
(1590181051.148290) can0 248#0008000800004000
(1590181051.168790) can0 200#0003C000C000C000
(1590181051.168790) can0 208#00206000C000C000
(1590181051.168791) can0 200#0003C000C000C000
(1590181051.189301) can0 208#00206000C000C000
(1590181051.189302) can0 210#0000008080000000
(1590181051.189302) can0 200#0003C000C000C000
(1590181051.209803) can0 208#00206000C000C000
(1590181051.209808) can0 215#00000000000000
(1590181051.209809) can0 200#0003C000C000C000
(1590181051.230301) can0 208#00206000C000C000
(1590181051.230301) can0 215#00000000000003
(1590181051.230301) can0 200#0003C000C000C000
(1590181051.250802) can0 208#00206000C000C000
(1590181051.250802) can0 210#0000008080000000
(1590181051.250803) can0 200#0003C000C000C000
(1590181051.271316) can0 208#00206000C000C000
(1590181051.271316) can0 215#00000000000000
(1590181051.271317) can0 200#0003C000C000C000
(1590181051.291815) can0 208#00206000C000C000
(1590181051.291816) can0 210#0000000000000000
(1590181051.291817) can0 210#0000000000000000
(1590181051.312344) can0 215#00000000000003
(1590181051.312345) can0 255#3FFF3FFF1F40FFFF
(1590181051.312345) can0 255#3FFF3FFF1F40FFFF
(1590181051.332850) can0 308#0002B402011FFF00
(1590181051.332851) can0 309#1FFFFFFF0FFF00
(1590181051.332851) can0 308#0002B442001FFF00
(1590181051.353369) can0 309#1FFFFFFF0FFF00
(1590181051.353369) can0 312#0792079909C7074C
(1590181051.353370) can0 380#0001
(1590181051.373830) can0 5FE#00000000000007EA
(1590181051.373831) can0 6FE#FFEFE7E700000000
(1590181051.373831) can0 315#00000000008E00
(1590181051.394332) can0 236#100F100010000080
(1590181051.394332) can0 325#080DDC63000100
(1590181051.394333) can0 236#100F1000300000B0
(1590181051.414847) can0 325#080DDC63000100
(1590181051.414848) can0 101#04
(1590181051.414848) can0 236#100F1000500000E0
(1590181051.435345) can0 325#080DDC63000100
(1590181051.435346) can0 212#02BF079227D83FFF
(1590181051.435346) can0 236#100F1000700000D0
(1590181051.455873) can0 408#0000910000000000
(1590181051.455874) can0 325#080DDC63000100
(1590181051.455874) can0 236#100F100090000040
(1590181051.476381) can0 325#080DDC63000100
(1590181051.476381) can0 300#001B1FFF9FFF7FCF
(1590181051.476382) can0 236#100F1000B0000070
(1590181051.496840) can0 325#080DDC63000100
(1590181051.496841) can0 212#02BF0792E7D83FFF
(1590181051.496841) can0 236#100F1000D0000020
(1590181051.517356) can0 325#080DDC63000100
(1590181051.517357) can0 300#009B1FFF1FFF7FCF
(1590181051.517357) can0 236#100F1000F0000010
(1590181051.539625) can0 325#080DDC63000100
(1590181051.539625) can0 212#02BF079227D83FFF
(1590181051.539626) can0 236#100F100010000080
(1590181051.558350) can0 408#0000910000000000
(1590181051.558353) can0 325#080DDC63000100
(1590181051.558353) can0 325#080DDC63000100
(1590181051.578867) can0 212#02BF0792E7D83FFF
(1590181051.578867) can0 308#0002B602001FFF00
(1590181051.578868) can0 212#02BF079227D83FFF
(1590181051.599355) can0 308#0002B402011FFF00
(1590181051.599356) can0 300#009B1FFF1FFF7FCF
(1590181051.599356) can0 101#04
(1590181051.619856) can0 212#02BF079227D83FFF
(1590181051.619857) can0 300#001B1FFF9FFF7FDF
(1590181051.619857) can0 212#02BF0792E7D83FFF
(1590181051.640379) can0 300#001B1FFF9FFF7FCF
(1590181051.640379) can0 308#0002B202011FFF00
(1590181051.640380) can0 212#02BF0792E7D83FFF
(1590181051.660864) can0 300#009B1FFF1FFF7FDF
(1590181051.660865) can0 308#0002B242001FFF00
(1590181051.660865) can0 212#02BF079227D83FFF
(1590181051.681382) can0 300#009B1FFF1FFF7FDF
(1590181051.681382) can0 308#0002AF02011FFF00
(1590181051.681383) can0 300#001B1FFF9FFF7FDF
(1590181051.701874) can0 309#1FFFFFFF0FFF00
(1590181051.701875) can0 328#00008100D880FFFF
(1590181051.701879) can0 300#001B1FFF9FFF7FCF
(1590181051.722369) can0 309#1FFFFFFF0FFF00
(1590181051.722370) can0 328#00008100D880FFFF
(1590181051.722370) can0 330#FCFCFCFFFFFF3F77
(1590181051.742880) can0 356#3FFF3FFF0A2200
(1590181051.742881) can0 7BC#2900000000000000
(1590181051.742881) can0 7BC#2A00000000000000
(1590181051.763406) can0 412#2E0084008E00
(1590181051.763407) can0 359#01000082
(1590181051.763407) can0 412#2E0084008E00
(1590181051.783880) can0 359#01000082
(1590181051.783881) can0 236#100F100080000058
(1590181051.783881) can0 359#31000082
(1590181051.804382) can0 236#100F1000A0000068
(1590181051.804383) can0 248#0008000800004000
(1590181051.804383) can0 359#31000082
(1590181051.824928) can0 236#100F1000C0000038
(1590181051.824929) can0 248#0008000800004000
(1590181051.824929) can0 359#01000082
(1590181051.845398) can0 236#100F1000E0000008
(1590181051.845399) can0 248#0008000800004000
(1590181051.845399) can0 359#01000082
(1590181051.865912) can0 236#100F100000000098
(1590181051.865912) can0 248#0008000800004000
(1590181051.865913) can0 236#100F1000200000A8
(1590181051.886407) can0 248#0008000800004000
(1590181051.886408) can0 210#0000008080000000
(1590181051.886408) can0 236#100F1000400000F8
(1590181051.906902) can0 248#0008000800004000
(1590181051.906903) can0 210#0000008080000000
(1590181051.906903) can0 236#100F1000600000C8
(1590181051.927419) can0 248#0008000800004000
(1590181051.927420) can0 210#0000000000000000
(1590181051.927420) can0 236#100F100080000058
(1590181051.947905) can0 248#0008000800004000
(1590181051.947905) can0 210#0000000000000000
(1590181051.947905) can0 248#0008000800004000
(1590181051.968418) can0 210#0000008080000000
(1590181051.968418) can0 255#3FFF3FFF1F40FFFF
(1590181051.968419) can0 248#0008000800004000
(1590181051.988910) can0 210#0000008080000000
(1590181051.988910) can0 255#3FFF3FFF1F40FFFF
(1590181051.988911) can0 210#0000000000000000
(1590181052.009425) can0 255#3FFF3FFF1F40FFFF
(1590181052.009426) can0 308#0002BA42011FFF00
(1590181052.009426) can0 210#0000000000000000
(1590181052.029918) can0 255#3FFF3FFF1F40FFFF
(1590181052.029918) can0 308#0002B842001FFF00
(1590181052.029919) can0 210#0000008080000000
(1590181052.050418) can0 255#3FFF3FFF1F40FFFF
(1590181052.050419) can0 308#0002B802011FFF00
(1590181052.050419) can0 210#0000008080000000
(1590181052.070956) can0 255#3FFF3FFF1F40FFFF
(1590181052.070957) can0 308#0002BB42001FFF00
(1590181052.070957) can0 308#0002BB02011FFF00
(1590181052.091433) can0 200#0003C000C000C000
(1590181052.091433) can0 309#1FFFFFFF0FFF00
(1590181052.091434) can0 208#00206000C000C000
(1590181052.111931) can0 215#00000000000003
(1590181052.111931) can0 309#1FFFFFFF0FFF00
(1590181052.111932) can0 309#1FFFFFFF0FFF00
(1590181052.132449) can0 312#6792079209C7074C
(1590181052.132450) can0 380#0001
(1590181052.132450) can0 380#0001
(1590181052.152940) can0 318#008400017F570000
(1590181052.152940) can0 315#18000000008E00
(1590181052.152940) can0 315#5C000000008D00
(1590181052.173458) can0 236#100F1000F0000010
(1590181052.173459) can0 325#080DDC63000100
(1590181052.173459) can0 315#60000000008F00
(1590181052.193955) can0 236#100F100010000080
(1590181052.193955) can0 325#080DDC63000100
(1590181052.193956) can0 236#100F1000300000B0
(1590181052.214508) can0 325#080DDC63000100
(1590181052.214509) can0 101#04
(1590181052.214509) can0 236#100F1000500000E0
(1590181052.234999) can0 325#080DDC63000100
(1590181052.235000) can0 212#02BF079227D83FFF
(1590181052.235001) can0 236#100F1000700000D0
(1590181052.255485) can0 408#0000910000000000
(1590181052.255486) can0 325#080DDC63000100
(1590181052.255486) can0 236#100F100090000040
(1590181052.275984) can0 325#080DDC63000100
(1590181052.275985) can0 212#02BF0792E7D83FFF
(1590181052.275985) can0 236#100F1000B0000070
(1590181052.296453) can0 325#080DDC63000100
(1590181052.296454) can0 212#02BF0792E7D83FFF
(1590181052.296454) can0 236#100F1000D0000020
(1590181052.316983) can0 325#080DDC63000100
(1590181052.316983) can0 101#04
(1590181052.316984) can0 236#100F1000F0000010
(1590181052.337524) can0 325#080DDC63000100
(1590181052.337525) can0 212#02BF079227D83FFF
(1590181052.337525) can0 236#100F100010000080
(1590181052.357990) can0 408#0000910000000000
(1590181052.357991) can0 325#080DDC63000100
(1590181052.357991) can0 325#080DDC63000100
(1590181052.378483) can0 212#02BF0792E7D83FFF
(1590181052.378484) can0 308#0002B502001FFF00
(1590181052.378484) can0 325#080DDC63000100
(1590181052.398974) can0 212#02BF079227D83FFF
(1590181052.398974) can0 308#0002B542011FFF00
(1590181052.398975) can0 101#04
(1590181052.419522) can0 212#02BF079227D83FFF
(1590181052.419522) can0 308#0002B842001FFF00
(1590181052.419523) can0 212#02BF0792E7D83FFF
(1590181052.440017) can0 308#0002B802011FFF00
(1590181052.440018) can0 308#0002B842001FFF00
(1590181052.460493) can0 309#1FFFFFFF0FFF00
(1590181052.460493) can0 312#0792079209C7074C
(1590181052.460494) can0 312#6792079209C7074C
(1590181052.481029) can0 356#3FFF3FFF0A2200
(1590181052.481030) can0 6FA#0156393855303438
(1590181052.481030) can0 4A0#20E1331934060040
(1590181052.501528) can0 7BC#0E00000000000000
(1590181052.501529) can0 300#001B1FFF9FFF7FDF
(1590181052.501529) can0 328#00008200D880FFFF
(1590181052.522013) can0 330#FCFCFCFFFFFF3F77
(1590181052.522013) can0 7BC#0F00000000000000
(1590181052.522014) can0 412#2E0084008E00
(1590181052.542531) can0 359#31000082
(1590181052.542532) can0 236#100F1000400000F8
(1590181052.542532) can0 412#2E0084008E00
(1590181052.563030) can0 359#01000082
(1590181052.563031) can0 236#100F1000600000C8
(1590181052.563032) can0 6FB#1107040023224000
(1590181052.583513) can0 412#2E0084008E00
(1590181052.583514) can0 359#01000082
(1590181052.583514) can0 6FF#2181024000000000
(1590181052.604017) can0 412#2E0084008E00
(1590181052.604017) can0 359#31000082
(1590181052.604017) can0 359#31000082
(1590181052.624502) can0 236#100F1000C0000038
(1590181052.624502) can0 248#0008000800004000
(1590181052.624503) can0 359#01000082
(1590181052.645026) can0 236#100F1000E0000008
(1590181052.645026) can0 248#0008000800004000
(1590181052.645026) can0 236#100F100000000098
(1590181052.665513) can0 248#0008000800004000
(1590181052.665514) can0 210#0000000000000000
(1590181052.665514) can0 236#100F1000200000A8
(1590181052.686013) can0 248#0008000800004000
(1590181052.686014) can0 210#0000008080000000
(1590181052.686014) can0 236#100F1000400000F8
(1590181052.706515) can0 248#0008000800004000
(1590181052.706516) can0 210#0000008080000000
(1590181052.706521) can0 236#100F1000600000C8
(1590181052.727018) can0 248#0008000800004000
(1590181052.727019) can0 210#0000000000000000
(1590181052.727019) can0 236#100F100080000058
(1590181052.747525) can0 248#0008000800004000
(1590181052.747525) can0 210#0000000000000000
(1590181052.747526) can0 236#100F1000A0000068
(1590181052.768046) can0 248#0008000800004000
(1590181052.768047) can0 210#0000008080000000
(1590181052.768047) can0 248#0008000800004000
(1590181052.788532) can0 210#0000008080000000
(1590181052.788533) can0 255#3FFF3FFF1F40FFFF
(1590181052.788533) can0 248#0008000800004000
(1590181052.809035) can0 210#0000000000000000
(1590181052.809035) can0 255#3FFF3FFF1F40FFFF
(1590181052.809035) can0 210#0000000000000000
(1590181052.829568) can0 255#3FFF3FFF1F40FFFF
(1590181052.829568) can0 308#0002B142001FFF00
(1590181052.829569) can0 255#3FFF3FFF1F40FFFF
(1590181052.850091) can0 308#0002AE42011FFF00
(1590181052.850092) can0 309#1FFFFFFF0FFF00
(1590181052.850093) can0 309#1FFFFFFF0FFF00
(1590181052.870588) can0 312#0792079509C7074C
(1590181052.870589) can0 380#0001
(1590181052.870589) can0 312#6792079709C7074C
(1590181052.891091) can0 380#0001
(1590181052.891092) can0 608#864C004000002A00
(1590181052.891092) can0 200#0003C000C000C000
(1590181052.911597) can0 208#00206000C000C000
(1590181052.911598) can0 215#00000000000003
(1590181052.911599) can0 208#00206000C000C000
(1590181052.932064) can0 215#00000000000003
(1590181052.932065) can0 315#74000000008E00
(1590181052.932065) can0 318#008400017F590000
(1590181052.952558) can0 315#78000000008E00
(1590181052.952559) can0 236#100F1000D0000020
(1590181052.952559) can0 315#3C000000008F00
(1590181052.973057) can0 236#100F1000F0000010
(1590181052.973057) can0 325#080DDC63000100
(1590181052.973058) can0 315#00000000008E00
(1590181052.993556) can0 236#100F100010000080
(1590181052.993556) can0 325#080DDC63000100
(1590181052.993557) can0 315#44000000008E00
(1590181053.014079) can0 236#100F1000300000B0
(1590181053.014080) can0 325#080DDC63000100
(1590181053.014080) can0 236#100F1000500000E0
(1590181053.034577) can0 325#080DDC63000100
(1590181053.034578) can0 212#02BF079227D83FFF
(1590181053.034578) can0 236#100F1000700000D0
(1590181053.055071) can0 408#0000910000000000
(1590181053.055071) can0 212#02BF079227D83FFF
(1590181053.055072) can0 236#100F100090000040
(1590181053.075592) can0 325#080DDC63000100
(1590181053.075592) can0 212#02BF0792E7D83FFF
(1590181053.075593) can0 236#100F1000B0000070
(1590181053.096067) can0 325#080DDC63000100
(1590181053.096068) can0 212#02BF0792E7D83FFF
(1590181053.096068) can0 236#100F1000D0000020
(1590181053.116600) can0 325#080DDC63000100
(1590181053.116601) can0 101#04
(1590181053.116601) can0 236#100F1000F0000010
(1590181053.137096) can0 325#080DDC63000100
(1590181053.137097) can0 212#02BF079227D83FFF
(1590181053.137097) can0 236#100F100010000080
(1590181053.157605) can0 408#0000910000000000
(1590181053.157605) can0 212#02BF0792E7D83FFF
(1590181053.157606) can0 236#100F1000300000B0
(1590181053.178087) can0 325#080DDC63000100
(1590181053.178087) can0 212#02BF0792E7D83FFF
(1590181053.178088) can0 325#080DDC63000100
(1590181053.198603) can0 212#02BF079227D83FFF
(1590181053.198604) can0 308#0002B802011FFF00
(1590181053.198604) can0 325#080DDC63000100
(1590181053.219114) can0 212#02BF079227D83FFF
(1590181053.219115) can0 308#0002B842001FFF00
(1590181053.219115) can0 308#0002B402011FFF00
(1590181053.239597) can0 309#1FFFFFFF0FFF00
(1590181053.239597) can0 312#6792079709C7074C
(1590181053.239597) can0 312#0792079709C7074C
(1590181053.260134) can0 356#3FFF3FFF0A2200
(1590181053.260135) can0 7BC#3400000000000000
(1590181053.260135) can0 6FA#004A413341573836
(1590181053.280617) can0 7BC#3500000000000000
(1590181053.280617) can0 300#009B1FFF1FFF7FDF
(1590181053.280618) can0 300#001B1FFF9FFF7FDF
(1590181053.301141) can0 328#00008200D880FFFF
(1590181053.301142) can0 330#FCFCFCFFFFFF3F77
(1590181053.301142) can0 300#001B1FFF9FFF7FDF
(1590181053.321647) can0 328#00008100D880FFFF
(1590181053.321648) can0 330#FCFCFCFFFFFF3F77
(1590181053.321648) can0 300#009B1FFF1FFF7FDF
(1590181053.342126) can0 328#00008100D880FFFF
(1590181053.342126) can0 330#FCFCFCFFFFFF3F77
(1590181053.342127) can0 359#01000082
(1590181053.362619) can0 412#2E0084008E00
(1590181053.362620) can0 236#100F1000600000C8
(1590181053.362620) can0 359#01000082
(1590181053.383122) can0 412#2E0084008E00
(1590181053.383122) can0 236#100F100080000058
(1590181053.383123) can0 359#31000082
(1590181053.403639) can0 412#2E0084008E00
(1590181053.403640) can0 236#100F1000A0000068
(1590181053.403640) can0 412#2E0084008E00
(1590181053.424125) can0 236#100F1000C0000038
(1590181053.424125) can0 210#0000008080000000
(1590181053.424126) can0 236#100F1000E0000008
(1590181053.444652) can0 210#0000000000000000
(1590181053.444652) can0 255#3FFF3FFF1F40FFFF
(1590181053.444653) can0 236#100F100000000098
(1590181053.465129) can0 210#0000000000000000
(1590181053.465130) can0 255#3FFF3FFF1F40FFFF
(1590181053.465130) can0 236#100F1000200000A8
(1590181053.485640) can0 210#0000008080000000
(1590181053.485640) can0 255#3FFF3FFF1F40FFFF
(1590181053.485641) can0 236#100F1000400000F8
(1590181053.506154) can0 210#0000008080000000
(1590181053.506155) can0 255#3FFF3FFF1F40FFFF
(1590181053.506155) can0 236#100F1000600000C8
(1590181053.526643) can0 210#0000000000000000
(1590181053.526644) can0 255#3FFF3FFF1F40FFFF
(1590181053.526644) can0 236#100F100080000058
(1590181053.547181) can0 210#0000000000000000
(1590181053.547182) can0 255#3FFF3FFF1F40FFFF
(1590181053.547182) can0 236#100F1000A0000068
(1590181053.567651) can0 210#0000008080000000
(1590181053.567652) can0 255#3FFF3FFF1F40FFFF
(1590181053.567652) can0 236#100F1000C0000038
(1590181053.588163) can0 210#0000008080000000
(1590181053.588164) can0 255#3FFF3FFF1F40FFFF
(1590181053.588164) can0 210#0000000000000000
(1590181053.608644) can0 255#3FFF3FFF1F40FFFF
(1590181053.608644) can0 308#0002B042011FFF00
(1590181053.608645) can0 248#0008000800004000
(1590181053.629163) can0 309#1FFFFFFF0FFF00
(1590181053.629163) can0 312#0792079009C7074C
(1590181053.629164) can0 312#6792079009C7074C
(1590181053.649662) can0 380#0001
(1590181053.649663) can0 200#0003C000C000C000
(1590181053.649663) can0 6FE#FFEFE7E700000000
(1590181053.670157) can0 200#0003C000C000C000
(1590181053.670157) can0 208#00206000C000C000
(1590181053.670157) can0 200#0003C000C000C000
(1590181053.690664) can0 208#00206000C000C000
(1590181053.690665) can0 215#00000000000000
(1590181053.690665) can0 200#0003C000C000C000
(1590181053.711172) can0 208#00206000C000C000
(1590181053.711176) can0 215#00000000000003
(1590181053.711177) can0 200#0003C000C000C000
(1590181053.731672) can0 208#00206000C000C000
(1590181053.731673) can0 215#00000000000003
(1590181053.731673) can0 215#00000000000000
(1590181053.752189) can0 318#008400017F570000
(1590181053.752190) can0 315#18000000008F00
(1590181053.752190) can0 5FE#00000000000007EA
(1590181053.772663) can0 315#5C000000008E00
(1590181053.772663) can0 212#02BF079227D83FFF
(1590181053.772664) can0 6FD#0193004012266900
(1590181053.793176) can0 315#60000000008E00
(1590181053.793177) can0 212#02BF0792E7D83FFF
(1590181053.793177) can0 315#24000000008E00
(1590181053.813677) can0 101#04
(1590181053.813678) can0 212#02BF079227D83FFF
(1590181053.834233) can0 236#100F1000500000E0
(1590181053.834234) can0 308#0002BA42011FFF00
(1590181053.834234) can0 212#02BF079268BA3FFF
(1590181053.854707) can0 236#100F1000700000D0
(1590181053.854708) can0 308#0002BB42001FFF00
(1590181053.854708) can0 212#02BF0792E91F3FFF
(1590181053.875218) can0 308#0002BB02011FFF00
(1590181053.875219) can0 236#100F100090000040
(1590181053.875219) can0 212#02BF079DA92B3FFF
(1590181053.895698) can0 308#0002B902001FFF00
(1590181053.895699) can0 236#100F1000B0000070
(1590181053.895699) can0 101#04
(1590181053.916209) can0 212#02BF079D69363FFF
(1590181053.916210) can0 236#100F1000D0000020
(1590181053.916210) can0 212#02BF07CC69423FFF
(1590181053.936711) can0 308#0002B842001FFF00
(1590181053.936711) can0 236#100F1000F0000010
(1590181053.936712) can0 212#02BF07CCA9423FFF
(1590181053.957222) can0 308#0002B802011FFF00
(1590181053.957223) can0 236#100F100010000080
(1590181053.957223) can0 212#02BF07CCA9423FFF
(1590181053.977704) can0 308#0002B842001FFF00
(1590181053.977704) can0 236#100F1000300000B0
(1590181053.977705) can0 236#100F1000500000E0
(1590181053.998199) can0 309#1FFFFFFF0FFF00
(1590181053.998200) can0 312#67FB07FB09C7074C
(1590181053.998200) can0 309#1FFFFFFF0FFF00
(1590181054.018721) can0 312#07FB081109C7074C
(1590181054.018721) can0 325#080DDC63000100
(1590181054.018722) can0 325#080DDC63000100
(1590181054.039226) can0 7BC#1A2B8000064C1F00
(1590181054.039226) can0 300#001B1FFF9FFF7FCF
(1590181054.039226) can0 325#080DDC63000100
(1590181054.059719) can0 300#009B1FFF1FFF7FDF
(1590181054.059720) can0 328#00008100D880FFFF
(1590181054.059721) can0 300#009B1FFF1FFF7FDF
(1590181054.080219) can0 328#00008200D880FFFF
(1590181054.080220) can0 330#FCFCFCFFFFFF3F77
(1590181054.080220) can0 300#001B1FFF9FFF7FCF
(1590181054.100716) can0 328#00008100D880FFFF
(1590181054.100717) can0 330#FCFCFCFFFFFF3F77
(1590181054.100717) can0 300#001B1FFF9FFF7FDF
(1590181054.121234) can0 328#00008200D880FFFF
(1590181054.121234) can0 330#FCFCFCFFFFFF3F77
(1590181054.121235) can0 300#009B1FFF1FFF7FDF
(1590181054.141755) can0 328#00008100D880FFFF
(1590181054.141755) can0 330#FCFCFCFFFFFF3F77
(1590181054.141756) can0 330#FCFCFCFFFFFF3F77
(1590181054.162228) can0 359#01000082
(1590181054.162228) can0 412#2E0084008E00
(1590181054.162229) can0 359#01000082
(1590181054.182728) can0 412#2E0084008E00
(1590181054.182728) can0 210#1100170000000000
(1590181054.182729) can0 412#2E0084008E00
(1590181054.203247) can0 210#1100188080000000
(1590181054.203248) can0 255#3FFF3FFF1F40FFFF
(1590181054.203248) can0 412#2E0084008E00
(1590181054.223756) can0 210#1100178080000000
(1590181054.223756) can0 255#3FFF3FFF1F40FFFF
(1590181054.223757) can0 210#1100170000000000
(1590181054.244238) can0 255#3FFF3FFF1F40FFFF
(1590181054.244238) can0 308#00037C02011FFF00
(1590181054.244238) can0 210#1100170000000000
(1590181054.264768) can0 255#3FFF3FFF1F40FFFF
(1590181054.264769) can0 308#0003D402001FFF00
(1590181054.264769) can0 210#1100178080000000
(1590181054.285248) can0 255#3FFF3FFF1F40FFFF
(1590181054.285248) can0 308#00042942011FFF00
(1590181054.285248) can0 210#1100188080000000
(1590181054.305771) can0 255#3FFF3FFF1F40FFFF
(1590181054.305771) can0 308#00047742001FFF00
(1590181054.305772) can0 210#1100170000000000
(1590181054.326250) can0 255#3FFF3FFF1F40FFFF
(1590181054.326250) can0 308#00047702011FFF00
(1590181054.326251) can0 210#1100170000000000
(1590181054.346802) can0 255#3FFF3FFF1F40FFFF
(1590181054.346803) can0 308#0004B602001FFF00
(1590181054.346804) can0 210#1100178080000000
(1590181054.367267) can0 255#3FFF3FFF1F40FFFF
(1590181054.367268) can0 308#0004E402011FFF00
(1590181054.367268) can0 308#00050842001FFF00
(1590181054.387770) can0 309#1FFFFFFF0FFF00
(1590181054.387770) can0 236#100F1000C0000038
(1590181054.387771) can0 309#1FFFFFFF0FFF00
(1590181054.408277) can0 236#100F1000E0000008
(1590181054.408278) can0 312#686408050A9D0740
(1590181054.408278) can0 312#085808150AA80740
(1590181054.428769) can0 380#0000
(1590181054.428770) can0 248#0008000800004000
(1590181054.428770) can0 248#0008000800004000
(1590181054.449288) can0 200#0003C000C000C000
(1590181054.449289) can0 208#00206000C000C000
(1590181054.449289) can0 200#0003C000C000C000
(1590181054.469794) can0 208#00206000C000C000
(1590181054.469795) can0 215#00000000000000
(1590181054.469796) can0 200#0003C000C000C000
(1590181054.490287) can0 208#00206000C000C000
(1590181054.490288) can0 215#00000000000000
(1590181054.490288) can0 200#0003C000C000C000
(1590181054.510826) can0 208#00206000C000C000
(1590181054.510827) can0 215#00000000000003
(1590181054.510828) can0 200#0003C000C000C000
(1590181054.531316) can0 208#00206000C000C000
(1590181054.531316) can0 215#00000000000003
(1590181054.531317) can0 208#00206000C000C000
(1590181054.551801) can0 215#00000000000000
(1590181054.551802) can0 318#008400017F580000
(1590181054.551802) can0 315#3C000000008E00
(1590181054.572290) can0 212#02BF083528DD3FFF
(1590181054.572291) can0 308#0005D542001FFF00
(1590181054.572291) can0 315#00000000008E00
(1590181054.592807) can0 212#02BF0835E8D13FFF
(1590181054.592807) can0 308#0005ED42011FFF00
(1590181054.592808) can0 315#44000000008E00
(1590181054.613297) can0 101#04
(1590181054.613297) can0 212#02BF082AE8DD3FFF
(1590181054.613298) can0 315#48000000008E00
(1590181054.633807) can0 212#02BF082A28DD3FFF
(1590181054.633808) can0 308#00060402011FFF00
(1590181054.633808) can0 315#0C000000008E00
(1590181054.654295) can0 212#02BF082A28D13FFF
(1590181054.654295) can0 308#00061C42001FFF00
(1590181054.654296) can0 212#02BF082AE8D13FFF
(1590181054.674799) can0 308#00063102011FFF00
(1590181054.674800) can0 309#1FFFFFFF0FFF00
(1590181054.674800) can0 212#02BF081EE8D13FFF
(1590181054.695319) can0 308#00063842001FFF00
(1590181054.695319) can0 309#1FFFFFFF0FFF00
(1590181054.695320) can0 101#04
(1590181054.715811) can0 212#02BF081E28D13FFF
(1590181054.715815) can0 308#00063542011FFF00
(1590181054.715816) can0 212#02BF081E28D13FFF
(1590181054.736306) can0 308#00063F02001FFF00
(1590181054.736306) can0 309#1FFFFFFF0FFF00
(1590181054.736307) can0 308#00065642011FFF00
(1590181054.756812) can0 309#1FFFFFFF0FFF00
(1590181054.756812) can0 312#481E07D90B310740
(1590181054.756813) can0 312#281E07F00B3D0740
(1590181054.777320) can0 356#3FFF3FFF0A2200
(1590181054.777320) can0 6FA#004A413341573836
(1590181054.777321) can0 356#3FFF3FFF0A2200
(1590181054.797870) can0 4A0#2ED3462341140F40
(1590181054.797870) can0 236#100F1000500000E0
(1590181054.797871) can0 236#100F1000700000D0
(1590181054.818333) can0 325#080DDC63000100
(1590181054.818333) can0 359#01000082
(1590181054.818334) can0 325#080DDC63000100
(1590181054.838848) can0 359#31000082
(1590181054.838848) can0 300#001B1FFF9FFF7FCF
(1590181054.838849) can0 325#080DDC63000100
(1590181054.859341) can0 359#31000082
(1590181054.859342) can0 300#009B1FFF1FFF7FDF
(1590181054.859342) can0 359#01000082
(1590181054.879836) can0 300#009B1FFF1FFF7FDF
(1590181054.879837) can0 328#00008200D880FFFF
(1590181054.879837) can0 359#01000082
(1590181054.900353) can0 300#001B1FFF9FFF7FDF
(1590181054.900354) can0 328#00008100D880FFFF
(1590181054.900354) can0 359#31000082
(1590181054.920841) can0 300#001B1FFF9FFF7FCF
(1590181054.920842) can0 328#00008100D880FFFF
(1590181054.920842) can0 359#31000082
(1590181054.941355) can0 300#009B1FFF1FFF7FCF
(1590181054.941356) can0 328#00008200D880FFFF
(1590181054.941356) can0 300#009B1FFF1FFF7FDF
(1590181054.961853) can0 328#00008100D880FFFF
(1590181054.961853) can0 330#FCFCFCFFFFFF3F77
(1590181054.961854) can0 330#FCFCFCFFFFFF3F77
(1590181054.982363) can0 6FB#1107040023224000
(1590181054.982363) can0 412#2E0084008E00
(1590181054.982364) can0 6FF#2181024000000000
(1590181055.002855) can0 412#2E0084008E00
(1590181055.002855) can0 210#14001C0080000000
(1590181055.002856) can0 412#2E0084008E00
(1590181055.023375) can0 210#14001C0080000000
(1590181055.023376) can0 255#3FFF3FFF1F40FFFF
(1590181055.023376) can0 412#2E0084008E00
(1590181055.043851) can0 210#14001C8000000000
(1590181055.043852) can0 255#3FFF3FFF1F40FFFF
(1590181055.043852) can0 210#14001C8000000000
(1590181055.064365) can0 255#3FFF3FFF1F40FFFF
(1590181055.064366) can0 308#0006FB42001FFF00
(1590181055.064366) can0 210#14001C0080000000
(1590181055.084866) can0 255#3FFF3FFF1F40FFFF
(1590181055.084867) can0 308#00070B42011FFF00
(1590181055.084867) can0 210#14001C0080000000
(1590181055.105364) can0 255#3FFF3FFF1F40FFFF
(1590181055.105364) can0 308#00072302001FFF00
(1590181055.105364) can0 210#14001C8000000000
(1590181055.125886) can0 255#3FFF3FFF1F40FFFF
(1590181055.125886) can0 308#00072342011FFF00
(1590181055.125887) can0 255#3FFF3FFF1F40FFFF
(1590181055.146378) can0 308#00073702001FFF00
(1590181055.146379) can0 309#1FFFFFFF0FFF00
(1590181055.146379) can0 309#1FFFFFFF0FFF00
(1590181055.166892) can0 312#481E07EA0BA20740
(1590181055.166893) can0 380#0000
(1590181055.166893) can0 312#281E080D0BA20740
(1590181055.187379) can0 380#0000
(1590181055.187380) can0 236#100F1000E0000008
(1590181055.207888) can0 248#0008000800004000
(1590181055.207889) can0 200#0003C000C000C000
(1590181055.207889) can0 236#100F100000000098
(1590181055.228381) can0 248#0008000800004000
(1590181055.228381) can0 200#0003C000C000C000
(1590181055.228381) can0 248#0008000800004000
(1590181055.248886) can0 200#0003C000C000C000
(1590181055.248887) can0 208#00206000C000C000
(1590181055.248887) can0 200#0003C000C000C000
(1590181055.269403) can0 208#00206000C000C000
(1590181055.269404) can0 215#00000000000000
(1590181055.269404) can0 200#0003C000C000C000
(1590181055.289895) can0 208#00206000C000C000
(1590181055.289895) can0 215#00000000000000
(1590181055.289896) can0 200#0003C000C000C000
(1590181055.310397) can0 208#00206000C000C000
(1590181055.310398) can0 215#00000000000003
(1590181055.310398) can0 200#0003C000C000C000
(1590181055.330908) can0 208#00206000C000C000
(1590181055.330908) can0 215#00000000000003
(1590181055.330909) can0 200#0003C000C000C000
(1590181055.351417) can0 208#00206000C000C000
(1590181055.351418) can0 215#00000000000000
(1590181055.351418) can0 208#00206000C000C000
(1590181055.371905) can0 215#00000000000000
(1590181055.371906) can0 315#5C000000008E00
(1590181055.371906) can0 315#60000000008E00
(1590181055.392415) can0 212#02BF081EE8D13FFF
(1590181055.392415) can0 308#0007BC42011FFF00
(1590181055.392415) can0 315#24000000008E00
(1590181055.412915) can0 101#04
(1590181055.412915) can0 212#02BF081EE8D13FFF
(1590181055.412916) can0 315#28000000008E00
(1590181055.433422) can0 212#02BF081E28D13FFF
(1590181055.433422) can0 308#0007F242011FFF00
(1590181055.433423) can0 318#008400017F570000
(1590181055.453949) can0 315#6C000000008E00
(1590181055.453950) can0 212#02BF081228D13FFF
(1590181055.453950) can0 212#02BF0812E8D13FFF
(1590181055.474440) can0 308#0007F002011FFF00
(1590181055.474440) can0 309#1FFFFFFF0FFF00
(1590181055.474441) can0 212#02BF0812E8D13FFF
(1590181055.495156) can0 308#00080B02001FFF00
(1590181055.495158) can0 309#1FFFFFFF0FFF00
(1590181055.495160) can0 101#04
(1590181055.515752) can0 212#02BF081228D13FFF
(1590181055.515754) can0 308#00081C42011FFF00
(1590181055.515756) can0 309#1FFFFFFF0FFF00
(1590181055.546792) can0 312#281208030C070740
(1590181055.546795) can0 356#3FFF3FFF0A2200
(1590181055.546797) can0 312#481208030C070740
(1590181055.556676) can0 356#3FFF3FFF0A2200
(1590181055.556678) can0 7BC#2550000000000000
(1590181055.556680) can0 7BC#2600000000000000
(1590181055.577170) can0 236#100F1000300000B0
(1590181055.577173) can0 325#080DDC63000100
(1590181055.577174) can0 236#100F1000500000E0
(1590181055.597890) can0 325#080DDC63000100
(1590181055.597892) can0 359#01000082
(1590181055.597894) can0 236#100F1000700000D0
(1590181055.618300) can0 325#080DDC63000100
(1590181055.618302) can0 359#01000082
(1590181055.618304) can0 325#080DDC63000100
(1590181055.638677) can0 359#31000082
(1590181055.638680) can0 300#001B1FFF9FFF7FCF
(1590181055.638681) can0 408#0000910000000000
(1590181055.659193) can0 325#080DDC63000100
(1590181055.659195) can0 359#31000082
(1590181055.659197) can0 359#01000082
(1590181055.679781) can0 300#009B1FFF1FFF7FDF
(1590181055.679783) can0 328#00008200D880FFFF
(1590181055.679784) can0 359#01000082
(1590181055.700149) can0 300#001B1FFF9FFF7FDF
(1590181055.700152) can0 328#00008100D880FFFF
(1590181055.700153) can0 300#001B1FFF9FFF7FDF
(1590181055.720652) can0 328#00008100D880FFFF
(1590181055.720668) can0 330#FCFCFCFFFFFF3F77
(1590181055.720670) can0 300#009B1FFF1FFF7FDF
(1590181055.741282) can0 328#00008200D880FFFF
(1590181055.741284) can0 330#FCFCFCFFFFFF3F77
(1590181055.741286) can0 300#009B1FFF1FFF7FDF
(1590181055.761856) can0 328#00008100D880FFFF
(1590181055.761858) can0 330#FCFCFCFFFFFF3F77
(1590181055.761859) can0 300#001B1FFF9FFF7FDF
(1590181055.782286) can0 328#00008100D880FFFF
(1590181055.782288) can0 330#FCFCFCFFFFFF3F77
(1590181055.782289) can0 412#2E0084008E00
(1590181055.802787) can0 210#13001B8080000000
(1590181055.802790) can0 255#3FFF3FFF1F40FFFF
(1590181055.802791) can0 412#2E0084008E00
(1590181055.823175) can0 210#13001B8080000000
(1590181055.823177) can0 255#3FFF3FFF1F40FFFF
(1590181055.823179) can0 412#2E0084008E00
(1590181055.843670) can0 210#14001B0000000000
(1590181055.843672) can0 255#3FFF3FFF1F40FFFF
(1590181055.843673) can0 412#2E0084008E00
(1590181055.864242) can0 210#14001B0000000000
(1590181055.864244) can0 255#3FFF3FFF1F40FFFF
(1590181055.864246) can0 210#13001B8080000000
(1590181055.884697) can0 255#3FFF3FFF1F40FFFF
(1590181055.884699) can0 308#00091B42011FFF00
(1590181055.884701) can0 210#14001B8080000000
(1590181055.905331) can0 255#3FFF3FFF1F40FFFF
(1590181055.905333) can0 308#00092102001FFF00
(1590181055.905335) can0 309#1FFFFFFF0FFF00
(1590181055.925689) can0 312#481207F30C9B0740
(1590181055.925691) can0 380#0000
(1590181055.925693) can0 312#281207E10C9B0740
(1590181055.946196) can0 380#0000
(1590181055.946198) can0 236#100F100080000058
(1590181055.946200) can0 6FE#FFEFE7E700000000
(1590181055.966704) can0 236#100F1000A0000068
(1590181055.966707) can0 248#0008000800004000
(1590181055.966708) can0 236#100F1000C0000038
(1590181055.987192) can0 248#0008000800004000
(1590181055.987194) can0 200#0003C000C000C000
(1590181055.987195) can0 236#100F1000E0000008
(1590181056.007820) can0 248#0008000800004000
(1590181056.007822) can0 200#0003C000C000C000
(1590181056.007824) can0 236#100F100000000098
(1590181056.028294) can0 248#0008000800004000
(1590181056.028296) can0 200#0003C000C000C000
(1590181056.028298) can0 248#0008000800004000
(1590181056.048814) can0 200#0003C000C000C000
(1590181056.048816) can0 208#00206000C000C000
(1590181056.048817) can0 248#0008000800004000
(1590181056.069353) can0 200#0003C000C000C000
(1590181056.069355) can0 208#00206000C000C000
(1590181056.069357) can0 200#0003C000C000C000
(1590181056.089852) can0 208#00206000C000C000
(1590181056.089854) can0 215#00000000000000
(1590181056.089856) can0 200#0003C000C000C000
(1590181056.110329) can0 208#00206000C000C000
(1590181056.110331) can0 215#00000000000003
(1590181056.110333) can0 200#0003C000C000C000
(1590181056.130748) can0 208#00206000C000C000
(1590181056.130750) can0 215#00000000000003
(1590181056.130752) can0 200#0003C000C000C000
(1590181056.151398) can0 208#00206000C000C000
(1590181056.151400) can0 215#00000000000000
(1590181056.151402) can0 200#0003C000C000C000
(1590181056.171840) can0 208#00206000C000C000
(1590181056.171842) can0 215#00000000000000
(1590181056.171843) can0 208#00206000C000C000
(1590181056.192343) can0 215#00000000000003
(1590181056.192345) can0 6FD#0193004012266900
(1590181056.192347) can0 315#44000000008F00
(1590181056.212722) can0 101#04
(1590181056.212724) can0 212#02BF0807A8BA3FFF
(1590181056.212741) can0 315#48000000008E00
(1590181056.233343) can0 212#02BF080768BA3FFF
(1590181056.233345) can0 308#0009C102011FFF00
(1590181056.233346) can0 318#008400017F580000
(1590181056.253864) can0 212#02BF080768BA3FFF
(1590181056.253866) can0 315#0C000000008E00
(1590181056.253867) can0 315#50000000008E00
(1590181056.274260) can0 212#02BF0807A8BA3FFF
(1590181056.274262) can0 308#0009B602011FFF00
(1590181056.274264) can0 308#0009C242001FFF00
(1590181056.294823) can0 309#1FFFFFFF0FFF00
(1590181056.294826) can0 312#080707E20CDD0740
(1590181056.294827) can0 309#1FFFFFFF0FFF00
(1590181056.315366) can0 312#680708030CDD0740
(1590181056.315368) can0 356#3FFF3FFF0A2200
(1590181056.315370) can0 7BC#0B00000000000000
(1590181056.335740) can0 236#100F1000F0000010
(1590181056.335742) can0 325#080DDC63000100
(1590181056.335744) can0 236#100F100010000080
(1590181056.356393) can0 408#0000910000000000
(1590181056.356395) can0 359#31000082
(1590181056.356397) can0 236#100F1000300000B0
(1590181056.376820) can0 325#080DDC63000100
(1590181056.376822) can0 359#31000082
(1590181056.376824) can0 236#100F1000500000E0
(1590181056.397343) can0 325#080DDC63000100
(1590181056.397346) can0 359#01000082
(1590181056.397348) can0 236#100F1000700000D0
(1590181056.417840) can0 325#080DDC63000100
(1590181056.417843) can0 359#01000082
(1590181056.417844) can0 236#100F100090000040
(1590181056.438307) can0 325#080DDC63000100
(1590181056.438309) can0 359#31000082
(1590181056.438311) can0 408#0000910000000000
(1590181056.458845) can0 359#31000082
(1590181056.458847) can0 325#080DDC63000100
(1590181056.458848) can0 359#01000082
(1590181056.479489) can0 325#080DDC63000100
(1590181056.479492) can0 300#009B1FFF1FFF7FDF
(1590181056.479494) can0 300#001B1FFF9FFF7FCF
(1590181056.499868) can0 328#00008200D880FFFF
(1590181056.499871) can0 330#FCFCFCFFFFFF3F77
(1590181056.499872) can0 300#001B1FFF9FFF7FDF
(1590181056.520339) can0 328#00008100D880FFFF
(1590181056.520341) can0 330#FCFCFCFFFFFF3F77
(1590181056.520343) can0 300#009B1FFF1FFF7FDF
(1590181056.540839) can0 328#00008200D880FFFF
(1590181056.540842) can0 330#FCFCFCFFFFFF3F77
(1590181056.540843) can0 300#009B1FFF1FFF7FDF
(1590181056.561345) can0 328#00008100D880FFFF
(1590181056.561348) can0 300#001B1FFF9FFF7FDF
(1590181056.581794) can0 328#00008100D880FFFF
(1590181056.581797) can0 330#FCFCFCFFFFFF3F77
(1590181056.581798) can0 328#00008100D880FFFF
(1590181056.602480) can0 330#FCFCFCFFFFFF3F77
(1590181056.602482) can0 210#14001B8080000000
(1590181056.602484) can0 210#14001B8080000000
(1590181056.622860) can0 255#3FFF3FFF1F40FFFF
(1590181056.622862) can0 412#2E0084008E00
(1590181056.622864) can0 210#14001B0000000000
(1590181056.643462) can0 255#3FFF3FFF1F40FFFF
(1590181056.643464) can0 412#2E0084008E00
(1590181056.643465) can0 210#14001B0000000000
(1590181056.663889) can0 255#3FFF3FFF1F40FFFF
(1590181056.663892) can0 412#2E0084008E00
(1590181056.663893) can0 412#2E0084008E00
(1590181056.684361) can0 308#0009A102011FFF00
(1590181056.684363) can0 309#1FFFFFFF0FFF00
(1590181056.684364) can0 309#1FFFFFFF0FFF00
(1590181056.704854) can0 312#080707E70CD20740
(1590181056.704856) can0 380#0000
(1590181056.704858) can0 236#100F1000600000C8
(1590181056.725345) can0 248#0008000800004000
(1590181056.725361) can0 200#0003C000C000C000
(1590181056.725363) can0 236#100F100080000058
(1590181056.745855) can0 248#0008000800004000
(1590181056.745857) can0 200#0003C000C000C000
(1590181056.745859) can0 236#100F1000A0000068
(1590181056.766433) can0 248#0008000800004000
(1590181056.766435) can0 200#0003C000C000C000
(1590181056.766436) can0 236#100F1000C0000038
(1590181056.786835) can0 248#0008000800004000
(1590181056.786837) can0 200#0003C000C000C000
(1590181056.786838) can0 236#100F1000E0000008
(1590181056.807307) can0 248#0008000800004000
(1590181056.807309) can0 200#0003C000C000C000
(1590181056.807310) can0 236#100F100000000098
(1590181056.827812) can0 248#0008000800004000
(1590181056.827814) can0 200#0003C000C000C000
(1590181056.827815) can0 236#100F1000200000A8
(1590181056.848345) can0 248#0008000800004000
(1590181056.848347) can0 200#0003C000C000C000
(1590181056.848349) can0 248#0008000800004000
(1590181056.868822) can0 200#0003C000C000C000
(1590181056.868824) can0 208#00206000C000C000
(1590181056.868826) can0 248#0008000800004000
(1590181056.889389) can0 200#0003C000C000C000
(1590181056.889392) can0 208#00206000C000C000
(1590181056.889393) can0 200#0003C000C000C000
(1590181056.909860) can0 208#00206000C000C000
(1590181056.909862) can0 215#00000000000003
(1590181056.909864) can0 200#0003C000C000C000
(1590181056.930466) can0 208#00206000C000C000
(1590181056.930468) can0 215#00000000000003
(1590181056.930470) can0 200#0003C000C000C000
(1590181056.950836) can0 208#00206000C000C000
(1590181056.950838) can0 215#00000000000000
(1590181056.950840) can0 200#0003C000C000C000
(1590181056.971337) can0 208#00206000C000C000
(1590181056.971339) can0 215#00000000000000
(1590181056.971340) can0 208#00206000C000C000
(1590181056.991838) can0 215#00000000000003
(1590181056.991840) can0 212#02BF07FBA8BA3FFF
(1590181056.991841) can0 215#00000000000003
(1590181057.012469) can0 101#04
(1590181057.012471) can0 212#02BF07FBA8BA3FFF
(1590181057.012473) can0 212#02BF07FB68AE3FFF
(1590181057.032934) can0 308#000A4142011FFF00
(1590181057.032936) can0 309#1FFFFFFF0FFF00
(1590181057.032937) can0 308#000A4D02001FFF00
(1590181057.053352) can0 309#1FFFFFFF0FFF00
(1590181057.053354) can0 312#07FB07D40D180740
(1590181057.053355) can0 312#67FB07E80D180740
(1590181057.073851) can0 5FE#00000000000007EA
(1590181057.073853) can0 356#3FFF3FFF0A2200
(1590181057.073855) can0 6FD#0193004012266900
(1590181057.094357) can0 356#3FFF3FFF0A2200
(1590181057.094359) can0 315#74000000008E00
(1590181057.094361) can0 7BC#3200000000000000
(1590181057.114892) can0 359#01000082
(1590181057.114894) can0 236#100F1000D0000020
(1590181057.114896) can0 359#01000082
(1590181057.135502) can0 236#100F1000F0000010
(1590181057.135504) can0 325#080DDC63000100
(1590181057.135505) can0 359#31000082
(1590181057.157412) can0 236#100F100010000080
(1590181057.157414) can0 408#0000910000000000
(1590181057.157416) can0 359#31000082
(1590181057.176492) can0 236#100F1000300000B0
(1590181057.176495) can0 325#080DDC63000100
(1590181057.176496) can0 359#01000082
(1590181057.196880) can0 236#100F1000500000E0
(1590181057.196883) can0 325#080DDC63000100
(1590181057.196884) can0 359#01000082
(1590181057.217498) can0 236#100F1000700000D0
(1590181057.217500) can0 325#080DDC63000100
(1590181057.217516) can0 359#31000082
(1590181057.238006) can0 236#100F100090000040
(1590181057.238008) can0 325#080DDC63000100
(1590181057.238010) can0 236#100F1000B0000070
(1590181057.258570) can0 408#0000910000000000
(1590181057.258573) can0 325#080DDC63000100
(1590181057.258574) can0 325#080DDC63000100
(1590181057.278893) can0 300#009B1FFF1FFF7FDF
(1590181057.278895) can0 328#00008100D880FFFF
(1590181057.278897) can0 300#001B1FFF9FFF7FCF
(1590181057.299535) can0 328#00008200D880FFFF
(1590181057.299537) can0 330#FCFCFCFFFFFF3F77
(1590181057.299539) can0 300#001B1FFF9FFF7FDF
(1590181057.320012) can0 328#00008200D880FFFF
(1590181057.320014) can0 330#FCFCFCFFFFFF3F78
(1590181057.320015) can0 300#009B1FFF1FFF7FDF
(1590181057.340419) can0 328#00008100D880FFFF
(1590181057.340421) can0 330#FCFCFCFFFFFF3F78
(1590181057.340423) can0 300#009B1FFF1FFF7FCF
(1590181057.360913) can0 328#00008100D880FFFF
(1590181057.360915) can0 330#FCFCFCFFFFFF3F77
(1590181057.360917) can0 300#001B1FFF9FFF7FDF
(1590181057.381587) can0 328#00008100D880FFFF
(1590181057.381590) can0 330#FCFCFCFFFFFF3F77
(1590181057.381591) can0 300#001B1FFF9FFF7FDF
(1590181057.401927) can0 328#00008100D880FFFF
(1590181057.401929) can0 330#FCFCFCFFFFFF3F77
(1590181057.401931) can0 330#FCFCFCFFFFFF3F77
(1590181057.422537) can0 210#08000C8080000000
(1590181057.422539) can0 255#3FFF3FFF1F40FFFF
(1590181057.422541) can0 255#3FFF3FFF1F40FFFF
(1590181057.443040) can0 308#000AF102011FFF00
(1590181057.443042) can0 309#1FFFFFFF0FFF00
(1590181057.443044) can0 309#1FFFFFFF0FFF00
(1590181057.463476) can0 312#07EF07D90D430734
(1590181057.463478) can0 380#0000
(1590181057.463480) can0 380#0000
(1590181057.483929) can0 608#864D002700027F00
(1590181057.483932) can0 412#2E0083008E00
(1590181057.483933) can0 236#100F1000400000F8
(1590181057.504410) can0 248#0008000800004000
(1590181057.504412) can0 200#0003C000C000C000
(1590181057.504414) can0 236#100F1000600000C8
(1590181057.525027) can0 248#0008000800004000
(1590181057.525029) can0 200#0003C000C000C000
(1590181057.525031) can0 236#100F100080000058
(1590181057.545625) can0 248#0008000800004000
(1590181057.545627) can0 200#0003C000C000C000
(1590181057.545629) can0 236#100F1000A0000068
(1590181057.565961) can0 248#0008000800004000
(1590181057.565963) can0 200#0003C000C000C000
(1590181057.565965) can0 236#100F1000C0000038
(1590181057.586442) can0 248#0008000800004000
(1590181057.586444) can0 200#0003C000C000C000
(1590181057.586445) can0 236#100F1000E0000008
(1590181057.606927) can0 248#0008000800004000
(1590181057.606929) can0 200#0003C000C000C000
(1590181057.606931) can0 236#100F100000000098
(1590181057.627577) can0 248#0008000800004000
(1590181057.627579) can0 200#0003C000C000C000
(1590181057.627581) can0 236#100F1000200000A8
(1590181057.648072) can0 248#0008000800004000
(1590181057.648074) can0 200#0003C000C000C000
(1590181057.648075) can0 236#100F1000400000F8
(1590181057.668498) can0 248#0008000800004000
(1590181057.668500) can0 200#0003C000C000C000
(1590181057.668502) can0 248#0008000800004000
(1590181057.689113) can0 200#0003C000C000C000
(1590181057.689116) can0 208#00206000C000C000
(1590181057.689117) can0 200#0003C000C000C000
(1590181057.709463) can0 208#00206000C000C000
(1590181057.709466) can0 101#04
(1590181057.709467) can0 200#0003C000C000C000
(1590181057.730061) can0 208#00206000C000C000
(1590181057.730064) can0 212#02BF07B5A7FB3FFF
(1590181057.730065) can0 200#0003C000C000C000
(1590181057.750449) can0 208#00206000C000C000
(1590181057.750451) can0 212#02BF07B567FB3FFF
(1590181057.750452) can0 200#0003C000C000C000
(1590181057.770969) can0 208#00206000C000C000
(1590181057.770971) can0 212#02BF07B567FB3FFF
(1590181057.770972) can0 200#0003C000C000C000
(1590181057.791554) can0 208#00206000C000C000
(1590181057.791556) can0 212#02BF07B5A7FB3FFF
(1590181057.791558) can0 200#0003C000C000C000
(1590181057.811981) can0 208#00206000C000C000
(1590181057.811983) can0 212#02BF07B5A7EF3FFF
(1590181057.811984) can0 308#00093C42011FFF00
(1590181057.832568) can0 309#1FFFFFFF0FFF00
(1590181057.832571) can0 312#67B507FC0C8F0740
(1590181057.832572) can0 312#07B507EE0C840740
(1590181057.852995) can0 356#3FFF3FFF0A2200
(1590181057.852997) can0 7BC#1600000000000000
(1590181057.852999) can0 6FA#0156393855303438
(1590181057.873591) can0 7BC#1700000000000000
(1590181057.873593) can0 315#50000000008E00
(1590181057.873595) can0 7BC#18FED00001000000
(1590181057.893983) can0 315#14000000008E00
(1590181057.893986) can0 359#31000082
(1590181057.893987) can0 359#01000082
(1590181057.914510) can0 236#100F1000D0000020
(1590181057.914512) can0 325#080DDC63000100
(1590181057.914513) can0 359#01000082
(1590181057.935120) can0 236#100F1000F0000010
(1590181057.935122) can0 359#31000082
(1590181057.955496) can0 236#100F100010000080
(1590181057.955498) can0 408#0000910000000000
(1590181057.955499) can0 359#31000082
(1590181057.976107) can0 236#100F1000300000B0
(1590181057.976109) can0 325#080DDC63000100
(1590181057.976110) can0 359#01000082
(1590181057.996495) can0 236#100F1000500000E0
(1590181057.996497) can0 325#080DDC63000100
(1590181057.996498) can0 236#100F1000700000D0
(1590181058.016994) can0 325#080DDC63000100
(1590181058.016996) can0 210#0500060000000000
(1590181058.016997) can0 236#100F100090000040
(1590181058.037522) can0 325#080DDC63000100
(1590181058.037524) can0 210#0400068080000000
(1590181058.037526) can0 236#100F1000B0000070
(1590181058.058038) can0 408#0000910000000000
(1590181058.058047) can0 325#080DDC63000100
(1590181058.058049) can0 325#080DDC63000100
(1590181058.078660) can0 210#0500060000000000
(1590181058.078662) can0 255#3FFF3FFF1F40FFFF
(1590181058.078664) can0 325#080DDC63000100
(1590181058.099247) can0 210#0400060000000000
(1590181058.099250) can0 300#001B1FFF9FFF7FDF
(1590181058.099251) can0 210#0400068080000000
(1590181058.119561) can0 255#3FFF3FFF1F40FFFF
(1590181058.119564) can0 300#001B1FFF9FFF7FDF
(1590181058.119565) can0 210#0400068080000000
(1590181058.140055) can0 255#3FFF3FFF1F40FFFF
(1590181058.140057) can0 300#009B1FFF1FFF7FDF
(1590181058.140058) can0 210#0400060000000000
(1590181058.160505) can0 255#3FFF3FFF1F40FFFF
(1590181058.160508) can0 308#00078B02011FFF00
(1590181058.160517) can0 210#0500060000000000
(1590181058.181043) can0 255#3FFF3FFF1F40FFFF
(1590181058.181045) can0 300#001B1FFF9FFF7FDF
(1590181058.181047) can0 255#3FFF3FFF1F40FFFF
(1590181058.201546) can0 300#001B1FFF9FFF7FDF
(1590181058.201548) can0 308#00076842011FFF00
(1590181058.201550) can0 308#00075042001FFF00
(1590181058.222072) can0 328#00008200D880FFFF
(1590181058.222075) can0 309#1FFFFFFF0FFF00
(1590181058.222091) can0 330#FCFCFCFFFFFF3F77
(1590181058.242641) can0 312#67B507E90B8A0740
(1590181058.242643) can0 380#0000
(1590181058.242645) can0 380#0000
(1590181058.263046) can0 6FE#FFEFE7E700000000
(1590181058.263048) can0 412#2E0084008E00
(1590181058.263050) can0 6FB#1107040023224000
(1590181058.283553) can0 412#2E0084008E00
(1590181058.283555) can0 236#100F1000200000A8
(1590181058.283557) can0 6FF#2181024000000000
(1590181058.304184) can0 412#2E0084008E00
(1590181058.304186) can0 236#100F1000400000F8
(1590181058.304187) can0 236#100F1000600000C8
(1590181058.324552) can0 248#0008000800004000
(1590181058.324554) can0 212#02BF07C067FB3FFF
(1590181058.324556) can0 236#100F100080000058
(1590181058.344978) can0 248#0008000800004000
(1590181058.344980) can0 212#02BF07C0A8073FFF
(1590181058.344982) can0 236#100F1000A0000068
(1590181058.365561) can0 248#0008000800004000
(1590181058.365563) can0 212#02BF07C0A8073FFF
(1590181058.365564) can0 236#100F1000C0000038
(1590181058.386123) can0 248#0008000800004000
(1590181058.386125) can0 212#02BF07C068073FFF
(1590181058.386127) can0 236#100F1000E0000008
(1590181058.406590) can0 248#0008000800004000
(1590181058.406592) can0 101#04
(1590181058.406594) can0 236#100F100000000098
(1590181058.427109) can0 248#0008000800004000
(1590181058.427111) can0 212#02BF07C0A8073FFF
(1590181058.427113) can0 236#100F1000200000A8
(1590181058.447573) can0 248#0008000800004000
(1590181058.447575) can0 212#02BF07CCE8123FFF
(1590181058.447577) can0 236#100F1000400000F8
(1590181058.468095) can0 248#0008000800004000
(1590181058.468098) can0 212#02BF07C068073FFF
(1590181058.468099) can0 248#0008000800004000
(1590181058.488585) can0 212#02BF07CC28123FFF
(1590181058.488587) can0 308#0005FA02001FFF00
(1590181058.488589) can0 248#0008000800004000
(1590181058.509194) can0 101#04
(1590181058.509196) can0 212#02BF07CCE8123FFF
(1590181058.509197) can0 212#02BF07CCA8073FFF
(1590181058.529602) can0 308#0005D102001FFF00
(1590181058.529604) can0 309#1FFFFFFF0FFF00
(1590181058.529606) can0 212#02BF07CC28123FFF
(1590181058.550057) can0 308#0005B442011FFF00
(1590181058.550059) can0 309#1FFFFFFF0FFF00
(1590181058.550061) can0 212#02BF07CC28123FFF
(1590181058.570616) can0 308#0005B402001FFF00
(1590181058.570618) can0 309#1FFFFFFF0FFF00
(1590181058.570620) can0 309#1FFFFFFF0FFF00
(1590181058.591284) can0 312#47CC07FF0ADF074C
(1590181058.591287) can0 200#0003C000C000C000
(1590181058.591288) can0 312#27CC07F70ADF074C
(1590181058.611774) can0 200#0003C000C000C000
(1590181058.611777) can0 208#00206000C000C000
(1590181058.611778) can0 208#00206000C000C000
(1590181058.632231) can0 215#00000000000000
(1590181058.632234) can0 7BC#3D00000000000000
(1590181058.632235) can0 356#3FFF3FFF0A2200
(1590181058.652642) can0 7BC#3E00000000000000
(1590181058.652644) can0 318#008400017F570000
(1590181058.652645) can0 315#30000000008E00
(1590181058.673144) can0 359#31000082
(1590181058.673146) can0 236#100F100090000040
(1590181058.673148) can0 315#74000000008E00
(1590181058.693614) can0 359#31000082
(1590181058.693616) can0 236#100F1000B0000070
(1590181058.693618) can0 315#78000000008E00
(1590181058.714153) can0 359#01000082
(1590181058.714163) can0 236#100F1000D0000020
(1590181058.714165) can0 359#01000082
(1590181058.734655) can0 236#100F1000F0000010
(1590181058.734658) can0 325#080DDC63000100
(1590181058.734659) can0 359#31000082
(1590181058.755193) can0 236#100F100010000080
(1590181058.755195) can0 408#0000910000000000
(1590181058.755197) can0 236#100F1000300000B0
(1590181058.775815) can0 325#080DDC63000100
(1590181058.775817) can0 210#0400068080000000
(1590181058.775819) can0 236#100F1000500000E0
(1590181058.796242) can0 325#080DDC63000100
(1590181058.796244) can0 210#0400060000000000
(1590181058.796246) can0 236#100F1000700000D0
(1590181058.816557) can0 325#080DDC63000100
(1590181058.816559) can0 210#0400060000000000
(1590181058.816560) can0 236#100F100090000040
(1590181058.837144) can0 325#080DDC63000100
(1590181058.837147) can0 210#0400068080000000
(1590181058.837148) can0 236#100F1000B0000070
(1590181058.857698) can0 408#0000910000000000
(1590181058.857700) can0 325#080DDC63000100
(1590181058.857702) can0 236#100F1000D0000020
(1590181058.878283) can0 325#080DDC63000100
(1590181058.878285) can0 210#0400060000000000
(1590181058.878286) can0 325#080DDC63000100
(1590181058.898813) can0 210#0400060000000000
(1590181058.898815) can0 255#3FFF3FFF1F40FFFF
(1590181058.898817) can0 325#080DDC63000100
(1590181058.919305) can0 210#0400068080000000
(1590181058.919307) can0 255#3FFF3FFF1F40FFFF
(1590181058.919309) can0 210#0500068080000000
(1590181058.939673) can0 255#3FFF3FFF1F40FFFF
(1590181058.939675) can0 308#0004A642001FFF00
(1590181058.939677) can0 255#3FFF3FFF1F40FFFF
(1590181058.960155) can0 308#0004A602011FFF00
(1590181058.960158) can0 309#1FFFFFFF0FFF00
(1590181058.960159) can0 309#1FFFFFFF0FFF00
(1590181058.980761) can0 312#07B507D40A4F0740
(1590181058.980763) can0 380#0000
(1590181058.980765) can0 312#67B507C80A4F0740
(1590181059.001221) can0 380#0000
(1590181059.001224) can0 415#000032000000CB
(1590181059.001226) can0 300#009B1FFF1FFF7FDF
(1590181059.021685) can0 328#00008100D880FFFF
(1590181059.021688) can0 330#FCFCFCFFFFFF3F77
(1590181059.021690) can0 330#FCFCFCFFFFFF3F77
(1590181059.042267) can0 412#2E0084008E00
(1590181059.042269) can0 236#100F1000E0000008
(1590181059.042271) can0 412#2E0084008E00
(1590181059.062655) can0 236#100F100000000098
(1590181059.062657) can0 248#0008000800004000
(1590181059.062659) can0 412#2E0083008E00
(1590181059.083176) can0 236#100F1000200000A8
(1590181059.083178) can0 248#0008000800004000
(1590181059.083180) can0 412#2E0083008E00
(1590181059.103679) can0 236#100F1000400000F8
(1590181059.103681) can0 248#0008000800004000
(1590181059.103683) can0 412#2E0083008E00
(1590181059.124213) can0 236#100F1000600000C8
(1590181059.124216) can0 248#0008000800004000
(1590181059.124218) can0 236#100F100080000058
(1590181059.144665) can0 248#0008000800004000
(1590181059.144667) can0 212#02BF07C0E8123FFF
(1590181059.144669) can0 236#100F1000A0000068
(1590181059.165135) can0 248#0008000800004000
(1590181059.165138) can0 212#02BF07C0E8123FFF
(1590181059.165139) can0 236#100F1000C0000038
