(1757617372.354970) can0 202#00ED780060000000
(1757617372.372891) can0 202#00FB080060000000
(1757617372.392849) can0 202#00F9180060000000
(1757617372.413093) can0 202#00F7280060000000
(1757617372.432989) can0 202#00F5380060000000
(1757617372.454590) can0 202#00F3480060000000
(1757617372.473113) can0 202#00F1580060000000
(1757617372.492870) can0 202#00EF680060000000
(1757617372.512897) can0 202#00ED780060000000
(1757617372.533108) can0 202#00FB080060000000
(1757617372.554575) can0 202#00F9180060000000
(1757617372.572877) can0 202#00F7280060000000
(1757617372.593099) can0 202#00F5380060000000
(1757617372.612816) can0 202#00F3480060000000
(1757617372.632876) can0 202#00F1580060000000
(1757617372.654830) can0 202#00EF680060000000
(1757617372.672878) can0 202#00ED780060000000
(1757617372.692875) can0 202#00FB080060000000
(1757617372.713130) can0 202#00F9180060000000
(1757617372.732872) can0 202#00F7280060000000
(1757617372.754596) can0 202#00F5380060000000
(1757617372.773165) can0 202#00F3480060000000
(1757617372.792857) can0 202#00F1580060000000
(1757617372.812869) can0 202#00EF680060000000
(1757617372.834119) can0 202#00ED780060000000
(1757617372.854572) can0 202#00FB080060000000
(1757617372.872886) can0 202#00F9180060000000
(1757617372.893170) can0 202#00F7280060000000
(1757617372.912894) can0 202#00F5380060000000
(1757617372.932886) can0 202#00F3480060000000
(1757617372.954815) can0 202#00F1580060000000
(1757617372.972881) can0 202#00EF680060000000
(1757617372.992888) can0 202#00ED780060000000
(1757617373.013132) can0 202#00FB080060000000
(1757617373.032873) can0 202#00F9180060000000
(1757617373.054597) can0 202#00F7280060000000
(1757617373.073113) can0 202#00F5380060000000
(1757617373.092875) can0 202#00F3480060000000
(1757617373.112853) can0 202#00F1580060000000
(1757617373.133123) can0 202#00EF680060000000
(1757617373.154567) can0 202#00ED780060000000
(1757617373.172813) can0 202#00FB080060000000
(1757617373.193119) can0 202#00F9180060000000
(1757617373.212857) can0 202#00F7280060000000
(1757617373.232869) can0 202#00F5380060000000
(1757617373.254947) can0 202#00F3480060000000
(1757617373.272858) can0 202#00F1580060000000
(1757617373.292875) can0 202#00EF680060000000
(1757617373.313111) can0 202#00ED780060000000
(1757617373.332915) can0 202#00FB080060000000
(1757617373.354533) can0 202#00F9180060000000
(1757617373.373117) can0 202#00F7280060000000
(1757617373.392857) can0 202#00F5380060000000
(1757617373.412874) can0 202#00F3480060000000
(1757617373.433117) can0 202#00F1580060000000
(1757617373.454576) can0 202#00EF680060000000
(1757617373.472888) can0 202#00ED780060000000
(1757617373.493118) can0 202#00FB080060000000
(1757617373.512853) can0 202#00F9180060000000
(1757617373.532863) can0 202#00F7280060000000
(1757617373.554828) can0 202#00F5380060000000
(1757617373.572882) can0 202#00F3480060000000
(1757617373.592856) can0 202#00F1580060000000
(1757617373.613125) can0 202#00EF680060000000
(1757617373.632847) can0 202#00ED780060000000
(1757617373.654509) can0 202#00FB080060000000
(1757617373.674000) can0 202#00F9180060000000
(1757617373.692878) can0 202#00F7280060000000
(1757617373.712851) can0 202#00F5380060000000
(1757617373.733117) can0 202#00F3480060000000
(1757617373.754572) can0 202#00F1580060000000
(1757617373.772900) can0 202#00EF680060000000
(1757617373.793086) can0 202#00ED780060000000
(1757617373.812853) can0 202#00FB080060000000
(1757617373.832858) can0 202#00F9180060000000
(1757617373.854838) can0 202#00F7280060000000
(1757617373.873044) can0 202#00F5380060000000
(1757617373.892855) can0 202#00F3480060000000
(1757617373.913121) can0 202#00F1580060000000
(1757617373.932852) can0 202#00EF680060000000
(1757617373.954573) can0 202#00ED780060000000
(1757617373.973069) can0 202#00FB080060000000
(1757617373.992857) can0 202#00F9180060000000
(1757617374.012850) can0 202#00F7280060000000
(1757617374.033098) can0 202#00F5380060000000
(1757617374.054546) can0 202#00F3480060000000
(1757617374.072864) can0 202#00F1580060000000
(1757617374.094004) can0 202#00EF680060000000
(1757617374.112855) can0 202#00ED780060000000
(1757617374.132882) can0 202#00FB080060000000
(1757617374.154911) can0 202#00F9180060000000
(1757617374.172859) can0 202#00F7280060000000
(1757617374.192812) can0 202#00F5380060000000
(1757617374.213036) can0 202#00F3480060000000
(1757617374.232970) can0 202#00F1580060000000
(1757617374.254574) can0 202#00EF680060000000
(1757617374.273097) can0 202#00ED780060000000
(1757617374.292859) can0 202#00FB080060000000
(1757617374.312851) can0 202#00F9180060000000
(1757617374.333101) can0 202#00F7280060000000
(1757617374.354546) can0 202#00F5380060000000
(1757617374.372884) can0 202#00F3480060000000
(1757617374.393046) can0 202#00F1580060000000
(1757617374.412856) can0 202#00EF680060000000
(1757617374.432889) can0 202#00ED780060000000
(1757617374.454821) can0 202#00FB080060000000
(1757617374.472852) can0 202#00F9180060000000
(1757617374.492854) can0 202#00F7280060000000
(1757617374.513321) can0 202#00F5380060000000
(1757617374.532830) can0 202#00F3480060000000
(1757617374.554551) can0 202#00F1580060000000
(1757617374.573095) can0 202#00EF680060000000
(1757617374.592827) can0 202#00ED780060000000
(1757617374.612828) can0 202#00FB080060000000
(1757617374.633086) can0 202#00F9180060000000
(1757617374.654569) can0 202#00F7280060000000
(1757617374.672832) can0 202#00F5380060000000
(1757617374.693081) can0 202#00F3480060000000
(1757617374.712827) can0 202#00F1580060000000
(1757617374.732863) can0 202#00EF680060000000
(1757617374.754767) can0 202#00ED780060000000
(1757617374.772846) can0 202#00FB080060000000
(1757617374.792829) can0 202#00F9180060000000
(1757617374.813091) can0 202#00F7280060000000
(1757617374.832914) can0 202#00F5380060000000
(1757617374.854548) can0 202#00F3480060000000
(1757617374.873096) can0 202#00F1580060000000
(1757617374.892834) can0 202#00EF680060000000
(1757617374.912854) can0 202#00ED780060000000
(1757617374.934077) can0 202#00FB080060000000
(1757617374.954562) can0 202#00F9180060000000
(1757617374.972840) can0 202#00F7280060000000
(1757617374.993082) can0 202#00F5380060000000
(1757617375.012842) can0 202#00F3480060000000
(1757617375.032850) can0 202#00F1580060000000
(1757617375.054824) can0 202#00EF680060000000
(1757617375.072832) can0 202#00ED780060000000
(1757617375.092841) can0 202#00FB080060000000
(1757617375.113058) can0 202#00F9180060000000
(1757617375.132833) can0 202#00F7280060000000
(1757617375.154582) can0 202#00F5380060000000
(1757617375.173093) can0 202#00F3480060000000
(1757617375.192780) can0 202#00F1580060000000
(1757617375.212834) can0 202#00EF680060000000
(1757617375.233030) can0 202#00ED780060000000
(1757617375.254545) can0 202#00FB080060000000
(1757617375.272835) can0 202#00F9180060000000
(1757617375.293064) can0 202#00F7280060000000
(1757617375.312835) can0 202#00F5380060000000
(1757617375.332830) can0 202#00F3480060000000
(1757617375.355062) can0 202#00F1580060000000
(1757617375.372855) can0 202#00EF680060000000
(1757617375.392785) can0 202#00ED780060000000
(1757617375.413072) can0 202#00FB080060000000
(1757617375.433098) can0 202#00F9180060000000
(1757617375.454494) can0 202#00F7280060000000
(1757617375.473128) can0 202#00F5380060000000
(1757617375.492778) can0 202#00F3480060000000
(1757617375.512828) can0 202#00F1580060000000
(1757617375.533044) can0 202#00EF680060000000
(1757617375.554531) can0 202#00ED780060000000
(1757617375.572858) can0 202#00FB080060000000
(1757617375.593086) can0 202#00F9180060000000
(1757617375.612844) can0 202#00F7280060000000
(1757617375.632860) can0 202#00F5380060000000
(1757617375.654784) can0 202#00F3480060000000
(1757617375.672857) can0 202#00F1580060000000
(1757617375.692870) can0 202#00EF680060000000
(1757617375.713073) can0 202#00ED780060000000
(1757617375.732811) can0 202#00FB080060000000
(1757617375.754530) can0 202#00F9180060000000
(1757617375.774066) can0 202#00F7280060000000
(1757617375.792827) can0 202#00F5380060000000
(1757617375.812820) can0 202#00F3480060000000
(1757617375.833119) can0 202#00F1580060000000
(1757617375.854531) can0 202#00EF680060000000
(1757617375.872838) can0 202#00ED780060000000
(1757617375.893072) can0 202#00FB080060000000
(1757617375.912830) can0 202#00F9180060000000
(1757617375.932855) can0 202#00F7280060000000
(1757617375.954762) can0 202#00F5380060000000
(1757617375.972840) can0 202#00F3480060000000
(1757617375.992810) can0 202#00F1580060000000
(1757617376.013077) can0 202#00EF680060000000
(1757617376.032813) can0 202#00ED780060000000
(1757617376.054535) can0 202#00FB080060000000
(1757617376.073073) can0 202#00F9180060000000
(1757617376.092800) can0 202#00F7280060000000
(1757617376.112814) can0 202#00F5380060000000
(1757617376.133095) can0 202#00F3480060000000
(1757617376.154471) can0 202#00F1580060000000
(1757617376.172814) can0 202#00EF680060000000
(1757617376.194074) can0 202#00ED780060000000
(1757617376.212813) can0 202#00FB080060000000
(1757617376.232812) can0 202#00F9180060000000
(1757617376.254701) can0 202#00F7280060000000
(1757617376.272820) can0 202#00F5380060000000
(1757617376.292859) can0 202#00F3480060000000
(1757617376.313096) can0 202#00F1580060000000
(1757617376.332886) can0 202#00EF680060000000
(1757617376.354555) can0 202#00ED780060000000
(1757617376.373097) can0 202#00FB080060000000
(1757617376.392806) can0 202#00F9180060000000
(1757617376.412815) can0 202#00F7280060000000
(1757617376.433095) can0 202#00F5380060000000
(1757617376.454509) can0 202#00F3480060000000
(1757617376.472818) can0 202#00F1580060000000
(1757617376.493087) can0 202#00EF680060000000
(1757617376.512722) can0 202#00ED780060000000
(1757617376.532861) can0 202#00FB080060000000
(1757617376.554767) can0 202#00F9180060000000
(1757617376.572771) can0 202#00F7280060000000
(1757617376.592817) can0 202#00F5380060000000
(1757617376.614083) can0 202#00F3480060000000
(1757617376.632843) can0 202#00F1580060000000
(1757617376.654551) can0 202#00EF680060000000
(1757617376.673086) can0 202#00ED780060000000
(1757617376.692843) can0 202#00FB080060000000
(1757617376.712816) can0 202#00F9180060000000
(1757617376.733102) can0 202#00F7280060000000
(1757617376.754524) can0 202#00F5380060000000
(1757617376.772808) can0 202#00F3480060000000
(1757617376.793079) can0 202#00F1580060000000
(1757617376.812794) can0 202#00EF680060000000
(1757617376.832848) can0 202#00ED780060000000
(1757617376.854767) can0 202#00FB080060000000
(1757617376.872788) can0 202#00F9180060000000
(1757617376.892816) can0 202#00F7280060000000
(1757617376.913105) can0 202#00F5380060000000
(1757617376.932811) can0 202#00F3480060000000
(1757617376.954613) can0 202#00F1580060000000
(1757617376.973098) can0 202#00EF680060000000
(1757617376.992789) can0 202#00ED780060000000
(1757617377.012835) can0 202#00FB080060000000
(1757617377.034087) can0 202#00F9180060000000
(1757617377.054529) can0 202#00F7280060000000
(1757617377.072825) can0 202#00F5380060000000
(1757617377.093083) can0 202#00F3480060000000
(1757617377.112791) can0 202#00F1580060000000
(1757617377.132817) can0 202#00EF680060000000
(1757617377.154761) can0 202#00ED780060000000
(1757617377.172812) can0 202#00FB080060000000
(1757617377.192761) can0 202#00F9180060000000
(1757617377.213106) can0 202#00F7280060000000
(1757617377.232771) can0 202#00F5380060000000
(1757617377.254624) can0 202#00F3480060000000
(1757617377.273083) can0 202#00F1580060000000
(1757617377.292824) can0 202#00EF680060000000
(1757617377.312814) can0 202#00ED780060000000
(1757617377.333164) can0 202#00FB080060000000
(1757617377.354514) can0 202#00F9180060000000
(1757617377.372752) can0 202#00F7280060000000
(1757617377.393078) can0 202#00F5380060000000
(1757617377.412734) can0 202#00F3480060000000
(1757617377.432775) can0 202#00F1580060000000
(1757617377.454977) can0 202#00EF680060000000
(1757617377.472763) can0 202#00ED780060000000
(1757617377.492797) can0 202#00FB080060000000
(1757617377.513052) can0 202#00F9180060000000
(1757617377.532953) can0 202#00F7280060000000
(1757617377.554448) can0 202#00F5380060000000
(1757617377.573085) can0 202#00F3480060000000
(1757617377.592798) can0 202#00F1580060000000
(1757617377.612816) can0 202#00EF680060000000
(1757617377.633092) can0 202#00ED780060000000
(1757617377.654492) can0 202#00FB080060000000
(1757617377.672731) can0 202#00F9180060000000
(1757617377.693114) can0 202#00F7280060000000
(1757617377.712752) can0 202#00F5380060000000
(1757617377.732788) can0 202#00F3480060000000
(1757617377.754749) can0 202#00F1580060000000
(1757617377.772794) can0 202#00EF680060000000
(1757617377.792813) can0 202#00ED780060000000
(1757617377.813105) can0 202#00FB080060000000
(1757617377.832939) can0 202#00F9180060000000
(1757617377.854488) can0 202#00F7280060000000
(1757617377.874005) can0 202#00F5380060000000
(1757617377.892773) can0 202#00F3480060000000
(1757617377.912811) can0 202#00F1580060000000
(1757617377.933107) can0 202#00EF680060000000
(1757617377.954486) can0 202#00ED780060000000
(1757617377.972774) can0 202#00FB080060000000
(1757617377.993088) can0 202#00F9180060000000
(1757617378.012774) can0 202#00F7280060000000
(1757617378.032772) can0 202#00F5380060000000
(1757617378.054745) can0 202#00F3480060000000
(1757617378.072774) can0 202#00F1580060000000
(1757617378.092731) can0 202#00EF680060000000
(1757617378.113179) can0 202#00ED780060000000
(1757617378.132781) can0 202#00FB080060000000
(1757617378.154431) can0 202#00F9180060000000
(1757617378.173086) can0 202#00F7280060000000
(1757617378.192746) can0 202#00F5380060000000
(1757617378.212730) can0 202#00F3480060000000
(1757617378.233077) can0 202#00F1580060000000
(1757617378.254505) can0 202#00EF680060000000
(1757617378.272728) can0 202#00ED780060000000
(1757617378.293096) can0 202#00FB080060000000
(1757617378.312785) can0 202#00F9180060000000
(1757617378.332899) can0 202#00F7280060000000
(1757617378.354657) can0 202#00F5380060000000
(1757617378.372774) can0 202#00F3480060000000
(1757617378.392780) can0 202#00F1580060000000
(1757617378.413087) can0 202#00EF680060000000
(1757617378.432789) can0 202#00ED780060000000
(1757617378.454489) can0 202#00FB080060000000
(1757617378.473088) can0 202#00F9180060000000
(1757617378.492771) can0 202#00F7280060000000
(1757617378.512727) can0 202#00F5380060000000
(1757617378.533057) can0 202#00F3480060000000
(1757617378.554492) can0 202#00F1580060000000
(1757617378.572777) can0 202#00EF680060000000
(1757617378.593082) can0 202#00ED780060000000
(1757617378.612787) can0 202#00FB080060000000
(1757617378.632790) can0 202#00F9180060000000
(1757617378.654731) can0 202#00F7280060000000
(1757617378.672756) can0 202#00F5380060000000
(1757617378.692786) can0 202#00F3480060000000
(1757617378.713107) can0 202#00F1580060000000
(1757617378.732790) can0 202#00EF680060000000
(1757617378.754500) can0 202#00ED780060000000
(1757617378.773034) can0 202#00FB080060000000
(1757617378.792751) can0 202#00F9180060000000
(1757617378.812799) can0 202#00F7280060000000
(1757617378.833193) can0 202#00F5380060000000
(1757617378.854468) can0 202#00F3480060000000
(1757617378.872777) can0 202#00F1580060000000
(1757617378.893089) can0 202#00EF680060000000
(1757617378.912752) can0 202#00ED780060000000
(1757617378.932802) can0 202#00FB080060000000
(1757617378.954748) can0 202#00F9180060000000
(1757617378.972776) can0 202#00F7280060000000
(1757617378.992795) can0 202#00F5380060000000
(1757617379.013009) can0 202#00F3480060000000
(1757617379.032773) can0 202#00F1580060000000
(1757617379.054510) can0 202#00EF680060000000
(1757617379.073009) can0 202#00ED780060000000
(1757617379.092753) can0 202#00FB080060000000
(1757617379.112780) can0 202#00F9180060000000
(1757617379.133009) can0 202#00F7280060000000
(1757617379.154467) can0 202#00F5380060000000
(1757617379.172800) can0 202#00F3480060000000
(1757617379.193005) can0 202#00F1580060000000
(1757617379.212687) can0 202#00EF680060000000
(1757617379.232792) can0 202#00ED780060000000
(1757617379.254724) can0 202#00FB080060000000
(1757617379.272753) can0 202#00F9180060000000
(1757617379.292797) can0 202#00F7280060000000
(1757617379.313020) can0 202#00F5380060000000
(1757617379.332887) can0 202#00F3480060000000
(1757617379.354473) can0 202#00F1580060000000
(1757617379.373010) can0 202#00EF680060000000
(1757617379.392753) can0 202#00ED780060000000
(1757617379.412779) can0 202#00FB080060000000
(1757617379.433010) can0 202#00F9180060000000
(1757617379.454468) can0 202#00F7280060000000
(1757617379.472779) can0 202#00F5380060000000
(1757617379.493017) can0 202#00F3480060000000
(1757617379.512720) can0 202#00F1580060000000
(1757617379.532748) can0 202#00EF680060000000
(1757617379.554971) can0 202#00ED780060000000
(1757617379.572756) can0 202#00FB080060000000
(1757617379.592751) can0 202#00F9180060000000
(1757617379.613024) can0 202#00F7280060000000
(1757617379.632977) can0 202#00F5380060000000
(1757617379.654471) can0 202#00F3480060000000
(1757617379.672987) can0 202#00F1580060000000
(1757617379.692769) can0 202#00EF680060000000
(1757617379.712761) can0 202#00ED780060000000
(1757617379.733035) can0 202#00FB080060000000
(1757617379.754481) can0 202#00F9180060000000
(1757617379.772757) can0 202#00F7280060000000
(1757617379.792996) can0 202#00F5380060000000
(1757617379.812753) can0 202#00F3480060000000
(1757617379.832866) can0 202#00F1580060000000
(1757617379.854705) can0 202#00EF680060000000
(1757617379.872752) can0 202#00ED780060000000
(1757617379.892757) can0 202#00FB080060000000
(1757617379.913004) can0 202#00F9180060000000
(1757617379.932759) can0 202#00F7280060000000
(1757617379.954478) can0 202#00F5380060000000
(1757617379.972988) can0 202#00F3480060000000
(1757617379.992755) can0 202#00F1580060000000
(1757617380.012776) can0 202#00EF680060000000
(1757617380.033027) can0 202#00ED780060000000
(1757617380.054447) can0 202#00FB080060000000
(1757617380.072754) can0 202#00F9180060000000
(1757617380.093004) can0 202#00F7280060000000
(1757617380.112762) can0 202#00F5380060000000
(1757617380.132765) can0 202#00F3480060000000
(1757617380.154703) can0 202#00F1580060000000
(1757617380.172761) can0 202#00EF680060000000
(1757617380.192767) can0 202#00ED780060000000
(1757617380.212984) can0 202#00FB080060000000
(1757617380.232775) can0 202#00F9180060000000
(1757617380.254473) can0 202#00F7280060000000
(1757617380.272983) can0 202#00F5380060000000
(1757617380.292735) can0 202#00F3480060000000
(1757617380.312753) can0 202#00F1580060000000
(1757617380.333095) can0 202#00EF680060000000
(1757617380.354456) can0 202#00ED780060000000
(1757617380.372753) can0 202#00FB080060000000
(1757617380.392984) can0 202#00F9180060000000
(1757617380.412726) can0 202#00F7280060000000
(1757617380.432765) can0 202#00F5380060000000
(1757617380.454685) can0 202#00F3480060000000
(1757617380.472730) can0 202#00F1580060000000
(1757617380.492753) can0 202#00EF680060000000
(1757617380.512984) can0 202#00ED780060000000
(1757617380.532796) can0 202#00FB080060000000
(1757617380.554449) can0 202#00F9180060000000
(1757617380.572984) can0 202#00F7280060000000
(1757617380.592736) can0 202#00F5380060000000
(1757617380.612785) can0 202#00F3480060000000
(1757617380.633006) can0 202#00F1580060000000
(1757617380.654471) can0 202#00EF680060000000
(1757617380.672730) can0 202#00ED780060000000
(1757617380.692983) can0 202#00FB080060000000
(1757617380.712749) can0 202#00F9180060000000
(1757617380.732782) can0 202#00F7280060000000
(1757617380.754624) can0 202#00F5380060000000
(1757617380.772730) can0 202#00F3480060000000
(1757617380.792735) can0 202#00F1580060000000
(1757617380.813006) can0 202#00EF680060000000
(1757617380.832988) can0 202#00ED780060000000
(1757617380.854452) can0 202#00FB080060000000
(1757617380.873006) can0 202#00F9180060000000
(1757617380.892751) can0 202#00F7280060000000
(1757617380.912733) can0 202#00F5380060000000
(1757617380.932995) can0 202#00F3480060000000
(1757617380.954371) can0 202#00F1580060000000
(1757617380.972740) can0 202#00EF680060000000
(1757617380.992993) can0 202#00ED780060000000
(1757617381.012685) can0 202#00FB080060000000
(1757617381.032731) can0 202#00F9180060000000
(1757617381.054626) can0 202#00F7280060000000
(1757617381.072749) can0 202#00F5380060000000
(1757617381.092785) can0 202#00F3480060000000
(1757617381.113007) can0 202#00F1580060000000
(1757617381.132730) can0 202#00EF680060000000
(1757617381.154406) can0 202#00ED780060000000
(1757617381.173011) can0 202#00FB080060000000
(1757617381.192754) can0 202#00F9180060000000
(1757617381.212737) can0 202#00F7280060000000
(1757617381.232987) can0 202#00F5380060000000
(1757617381.254366) can0 202#00F3480060000000
(1757617381.272747) can0 202#00F1580060000000
(1757617381.292972) can0 202#00EF680060000000
(1757617381.312734) can0 202#00ED780060000000
(1757617381.332814) can0 202#00FB080060000000
(1757617381.354627) can0 202#00F9180060000000
(1757617381.372758) can0 202#00F7280060000000
(1757617381.392671) can0 202#00F5380060000000
(1757617381.412936) can0 202#00F3480060000000
(1757617381.432754) can0 202#00F1580060000000
(1757617381.454373) can0 202#00EF680060000000
(1757617381.472978) can0 202#00ED780060000000
(1757617381.492743) can0 202#00FB080060000000
(1757617381.512671) can0 202#00F9180060000000
(1757617381.532965) can0 202#00F7280060000000
(1757617381.554404) can0 202#00F5380060000000
(1757617381.572734) can0 202#00F3480060000000
(1757617381.592977) can0 202#00F1580060000000
(1757617381.612719) can0 202#00EF680060000000
(1757617381.632734) can0 202#00ED780060000000
(1757617381.654906) can0 202#00FB080060000000
(1757617381.672739) can0 202#00F9180060000000
(1757617381.692755) can0 202#00F7280060000000
(1757617381.712990) can0 202#00F5380060000000
(1757617381.732956) can0 202#00F3480060000000
(1757617381.754433) can0 202#00F1580060000000
(1757617381.772976) can0 202#00EF680060000000
(1757617381.792715) can0 202#00ED780060000000
(1757617381.812738) can0 202#00FB080060000000
(1757617381.833127) can0 202#00F9180060000000
(1757617381.854418) can0 202#00F7280060000000
(1757617381.872760) can0 202#00F5380060000000
(1757617381.892996) can0 202#00F3480060000000
(1757617381.912711) can0 202#00F1580060000000
(1757617381.932711) can0 202#00EF680060000000
(1757617381.954667) can0 202#00ED780060000000
(1757617381.972712) can0 202#00FB080060000000
(1757617381.992712) can0 202#00F9180060000000
(1757617382.012966) can0 202#00F7280060000000
(1757617382.032730) can0 202#00F5380060000000
(1757617382.054376) can0 202#00F3480060000000
(1757617382.072967) can0 202#00F1580060000000
(1757617382.092684) can0 202#00EF680060000000
(1757617382.112714) can0 202#00ED780060000000
(1757617382.133107) can0 202#00FB080060000000
(1757617382.154376) can0 202#00F9180060000000
(1757617382.172713) can0 202#00F7280060000000
(1757617382.192969) can0 202#00F5380060000000
(1757617382.212709) can0 202#00F3480060000000
(1757617382.232715) can0 202#00F1580060000000
(1757617382.254681) can0 202#00EF680060000000
(1757617382.272723) can0 202#00ED780060000000
(1757617382.292713) can0 202#00FB080060000000
(1757617382.312939) can0 202#00F9180060000000
(1757617382.332900) can0 202#00F7280060000000
(1757617382.354459) can0 202#00F5380060000000
(1757617382.372990) can0 202#00F3480060000000
(1757617382.392716) can0 202#00F1580060000000
(1757617382.412732) can0 202#00EF680060000000
(1757617382.432971) can0 202#00ED780060000000
(1757617382.454416) can0 202#00FB080060000000
(1757617382.472716) can0 202#00F9180060000000
(1757617382.492943) can0 202#00F7280060000000
(1757617382.512654) can0 202#00F5380060000000
(1757617382.532806) can0 202#00F3480060000000
(1757617382.554687) can0 202#00F1580060000000
(1757617382.572696) can0 202#00EF680060000000
(1757617382.592741) can0 202#00ED780060000000
(1757617382.612946) can0 202#00FB080060000000
(1757617382.632696) can0 202#00F9180060000000
(1757617382.654412) can0 202#00F7280060000000
(1757617382.672979) can0 202#00F5380060000000
(1757617382.692731) can0 202#00F3480060000000
(1757617382.712715) can0 202#00F1580060000000
(1757617382.732945) can0 202#00EF680060000000
(1757617382.754391) can0 202#00ED780060000000
(1757617382.772739) can0 202#00FB080060000000
(1757617382.792969) can0 202#00F9180060000000
(1757617382.812716) can0 202#00F7280060000000
(1757617382.832761) can0 202#00F5380060000000
(1757617382.854649) can0 202#00F3480060000000
(1757617382.872698) can0 202#00F1580060000000
(1757617382.892742) can0 202#00EF680060000000
(1757617382.912892) can0 202#00ED780060000000
(1757617382.932693) can0 202#00FB080060000000
(1757617382.954355) can0 202#00F9180060000000
(1757617382.972956) can0 202#00F7280060000000
(1757617382.992688) can0 202#00F5380060000000
(1757617383.012728) can0 202#00F3480060000000
(1757617383.032960) can0 202#00F1580060000000
(1757617383.054391) can0 202#00EF680060000000
(1757617383.072711) can0 202#00ED780060000000
(1757617383.092961) can0 202#00FB080060000000
(1757617383.112690) can0 202#00F9180060000000
(1757617383.132698) can0 202#00F7280060000000
(1757617383.154655) can0 202#00F5380060000000
(1757617383.172710) can0 202#00F3480060000000
(1757617383.192699) can0 202#00F1580060000000
(1757617383.212947) can0 202#00EF680060000000
(1757617383.232695) can0 202#00ED780060000000
(1757617383.254400) can0 202#00FB080060000000
(1757617383.272931) can0 202#00F9180060000000
(1757617383.292686) can0 202#00F7280060000000
(1757617383.312627) can0 202#00F5380060000000
(1757617383.333007) can0 202#00F3480060000000
(1757617383.354318) can0 202#00F1580060000000
(1757617383.372723) can0 202#00EF680060000000
(1757617383.392940) can0 202#00ED780060000000
(1757617383.412699) can0 202#00FB080060000000
(1757617383.432724) can0 202#00F9180060000000
(1757617383.454670) can0 202#00F7280060000000
(1757617383.472695) can0 202#00F5380060000000
(1757617383.492695) can0 202#00F3480060000000
(1757617383.512865) can0 202#00F1580060000000
(1757617383.532656) can0 202#00EF680060000000
(1757617383.554424) can0 202#00ED780060000000
(1757617383.572969) can0 202#00FB080060000000
(1757617383.592692) can0 202#00F9180060000000
(1757617383.612703) can0 202#00F7280060000000
(1757617383.632933) can0 202#00F5380060000000
(1757617383.654328) can0 202#00F3480060000000
(1757617383.672676) can0 202#00F1580060000000
(1757617383.692905) can0 202#00EF680060000000
(1757617383.712683) can0 202#00ED780060000000
(1757617383.732704) can0 202#00FB080060000000
(1757617383.754852) can0 202#00F9180060000000
(1757617383.772697) can0 202#00F7280060000000
(1757617383.792626) can0 202#00F5380060000000
(1757617383.812905) can0 202#00F3480060000000
(1757617383.832603) can0 202#00F1580060000000
(1757617383.854392) can0 202#00EF680060000000
(1757617383.872947) can0 202#00ED780060000000
(1757617383.892678) can0 202#00FB080060000000
(1757617383.912696) can0 202#00F9180060000000
(1757617383.932928) can0 202#00F7280060000000
(1757617383.954367) can0 202#00F5380060000000
(1757617383.972697) can0 202#00F3480060000000
(1757617383.992950) can0 202#00F1580060000000
(1757617384.012671) can0 202#00EF680060000000
(1757617384.032672) can0 202#00ED780060000000
(1757617384.054754) can0 202#00FB080060000000
(1757617384.072695) can0 202#00F9180060000000
(1757617384.092705) can0 202#00F7280060000000
(1757617384.112960) can0 202#00F5380060000000
(1757617384.132672) can0 202#00F3480060000000
(1757617384.154340) can0 202#00F1580060000000
(1757617384.172938) can0 202#00EF680060000000
(1757617384.192673) can0 202#00ED780060000000
(1757617384.212720) can0 202#00FB080060000000
(1757617384.232959) can0 202#00F9180060000000
(1757617384.254401) can0 202#00F7280060000000
(1757617384.272687) can0 202#00F5380060000000
(1757617384.292912) can0 202#00F3480060000000
(1757617384.312654) can0 202#00F1580060000000
(1757617384.332748) can0 202#00EF680060000000
(1757617384.354638) can0 202#00ED780060000000
(1757617384.372686) can0 202#00FB080060000000
(1757617384.392666) can0 202#00F9180060000000
(1757617384.412963) can0 202#00F7280060000000
(1757617384.432675) can0 202#00F5380060000000
(1757617384.454406) can0 202#00F3480060000000
(1757617384.472902) can0 202#00F1580060000000
(1757617384.492624) can0 202#00EF680060000000
(1757617384.512679) can0 202#00ED780060000000
(1757617384.532850) can0 202#00FB080060000000
(1757617384.554308) can0 202#00F9180060000000
(1757617384.572699) can0 202#00F7280060000000
(1757617384.592932) can0 202#00F5380060000000
(1757617384.612671) can0 202#00F3480060000000
(1757617384.632678) can0 202#00F1580060000000
(1757617384.654625) can0 202#00EF680060000000
(1757617384.672671) can0 202#00ED780060000000
(1757617384.692676) can0 202#00FB080060000000
(1757617384.712912) can0 202#00F9180060000000
(1757617384.732656) can0 202#00F7280060000000
(1757617384.754403) can0 202#00F5380060000000
(1757617384.772907) can0 202#00F3480060000000
(1757617384.792656) can0 202#00F1580060000000
(1757617384.812683) can0 202#00EF680060000000
(1757617384.832912) can0 202#00ED780060000000
(1757617384.854374) can0 202#00FB080060000000
(1757617384.872677) can0 202#00F9180060000000
(1757617384.892941) can0 202#00F7280060000000
(1757617384.912659) can0 202#00F5380060000000
(1757617384.932695) can0 202#00F3480060000000
(1757617384.954610) can0 202#00F1580060000000
(1757617384.972658) can0 202#00EF680060000000
(1757617384.992654) can0 202#00ED780060000000
(1757617385.012930) can0 202#00FB080060000000
(1757617385.032662) can0 202#00F9180060000000
(1757617385.054357) can0 202#00F7280060000000
(1757617385.072899) can0 202#00F5380060000000
(1757617385.092658) can0 202#00F3480060000000
(1757617385.112639) can0 202#00F1580060000000
(1757617385.132985) can0 202#00EF680060000000
(1757617385.154373) can0 202#00ED780060000000
(1757617385.172660) can0 202#00FB080060000000
(1757617385.192864) can0 202#00F9180060000000
(1757617385.212670) can0 202#00F7280060000000
(1757617385.232670) can0 202#00F5380060000000
(1757617385.254602) can0 202#00F3480060000000
(1757617385.272670) can0 202#00F1580060000000
(1757617385.292616) can0 202#00EF680060000000
(1757617385.312891) can0 202#00ED780060000000
(1757617385.332686) can0 202#00FB080060000000
(1757617385.354402) can0 202#00F9180060000000
(1757617385.372929) can0 202#00F7280060000000
(1757617385.392657) can0 202#00F5380060000000
(1757617385.412632) can0 202#00F3480060000000
(1757617385.432891) can0 202#00F1580060000000
(1757617385.454354) can0 202#00EF680060000000
(1757617385.472669) can0 202#00ED780060000000
(1757617385.492890) can0 202#00FB080060000000
(1757617385.512655) can0 202#00F9180060000000
(1757617385.532600) can0 202#00F7280060000000
(1757617385.554608) can0 202#00F5380060000000
(1757617385.572679) can0 202#00F3480060000000
(1757617385.592673) can0 202#00F1580060000000
(1757617385.612903) can0 202#00EF680060000000
(1757617385.632665) can0 202#00ED780060000000
(1757617385.654398) can0 202#00FB080060000000
(1757617385.672891) can0 202#00F9180060000000
(1757617385.692635) can0 202#00F7280060000000
(1757617385.712675) can0 202#00F5380060000000
(1757617385.732892) can0 202#00F3480060000000
(1757617385.754355) can0 202#00F1580060000000
(1757617385.772637) can0 202#00EF680060000000
(1757617385.792902) can0 202#00ED780060000000
(1757617385.812640) can0 202#00FB080060000000
(1757617385.832776) can0 202#00F9180060000000
(1757617385.854851) can0 202#00F7280060000000
(1757617385.872577) can0 202#00F5380060000000
(1757617385.892669) can0 202#00F3480060000000
(1757617385.912872) can0 202#00F1580060000000
(1757617385.932648) can0 202#00EF680060000000
(1757617385.954354) can0 202#00ED780060000000
(1757617385.972842) can0 202#00FB080060000000
(1757617385.992611) can0 202#00F9180060000000
(1757617386.012596) can0 202#00F7280060000000
(1757617386.032894) can0 202#00F5380060000000
(1757617386.054354) can0 202#00F3480060000000
(1757617386.072662) can0 202#00F1580060000000
(1757617386.092838) can0 202#00EF680060000000
(1757617386.112653) can0 202#00ED780060000000
(1757617386.132741) can0 202#00FB080060000000
(1757617386.154701) can0 202#00F9180060000000
(1757617386.172632) can0 202#00F7280060000000
(1757617386.192638) can0 202#00F5380060000000
(1757617386.212895) can0 202#00F3480060000000
(1757617386.232634) can0 202#00F1580060000000
(1757617386.254358) can0 202#00EF680060000000
(1757617386.272896) can0 202#00ED780060000000
(1757617386.292645) can0 202#00FB080060000000
(1757617386.312665) can0 202#00F9180060000000
(1757617386.333012) can0 202#00F7280060000000
(1757617386.354333) can0 202#00F5380060000000
(1757617386.372648) can0 202#00F3480060000000
(1757617386.392903) can0 202#00F1580060000000
(1757617386.412636) can0 202#00EF680060000000
(1757617386.432633) can0 202#00ED780060000000
(1757617386.454623) can0 202#00FB080060000000
(1757617386.472651) can0 202#00F9180060000000
(1757617386.492640) can0 202#00F7280060000000
(1757617386.512859) can0 202#00F5380060000000
(1757617386.532607) can0 202#00F3480060000000
(1757617386.554292) can0 202#00F1580060000000
(1757617386.572902) can0 202#00EF680060000000
(1757617386.592636) can0 202#00ED780060000000
(1757617386.612634) can0 202#00FB080060000000
(1757617386.632904) can0 202#00F9180060000000
(1757617386.654359) can0 202#00F7280060000000
(1757617386.672649) can0 202#00F5380060000000
(1757617386.692881) can0 202#00F3480060000000
(1757617386.712636) can0 202#00F1580060000000
(1757617386.732636) can0 202#00EF680060000000
(1757617386.754613) can0 202#00ED780060000000
(1757617386.772637) can0 202#00FB080060000000
(1757617386.792581) can0 202#00F9180060000000
(1757617386.812870) can0 202#00F7280060000000
(1757617386.832685) can0 202#00F5380060000000
(1757617386.854295) can0 202#00F3480060000000
(1757617386.872894) can0 202#00F1580060000000
(1757617386.892627) can0 202#00EF680060000000
(1757617386.912580) can0 202#00ED780060000000
(1757617386.932875) can0 202#00FB080060000000
(1757617386.954328) can0 202#00F9180060000000
(1757617386.972644) can0 202#00F7280060000000
(1757617386.992867) can0 202#00F5380060000000
(1757617387.012611) can0 202#00F3480060000000
(1757617387.032612) can0 202#00F1580060000000
(1757617387.054606) can0 202#00EF680060000000
(1757617387.072643) can0 202#00ED780060000000
(1757617387.092636) can0 202#00FB080060000000
(1757617387.112866) can0 202#00F9180060000000
(1757617387.132711) can0 202#00F7280060000000
(1757617387.154328) can0 202#00F5380060000000
(1757617387.172865) can0 202#00F3480060000000
(1757617387.192612) can0 202#00F1580060000000
(1757617387.212637) can0 202#00EF680060000000
(1757617387.232868) can0 202#00ED780060000000
(1757617387.254334) can0 202#00FB080060000000
(1757617387.272640) can0 202#00F9180060000000
(1757617387.292820) can0 202#00F7280060000000
(1757617387.312628) can0 202#00F5380060000000
(1757617387.332703) can0 202#00F3480060000000
(1757617387.354698) can0 202#00F1580060000000
(1757617387.372615) can0 202#00EF680060000000
(1757617387.392620) can0 202#00ED780060000000
(1757617387.412863) can0 202#00FB080060000000
(1757617387.432640) can0 202#00F9180060000000
(1757617387.454332) can0 202#00F7280060000000
(1757617387.472894) can0 202#00F5380060000000
(1757617387.492617) can0 202#00F3480060000000
(1757617387.512562) can0 202#00F1580060000000
(1757617387.532892) can0 202#00EF680060000000
(1757617387.554296) can0 202#00ED780060000000
(1757617387.572630) can0 202#00FB080060000000
(1757617387.592879) can0 202#00F9180060000000
(1757617387.612632) can0 202#00F7280060000000
(1757617387.632614) can0 202#00F5380060000000
(1757617387.654563) can0 202#00F3480060000000
(1757617387.672614) can0 202#00F1580060000000
(1757617387.692648) can0 202#00EF680060000000
(1757617387.712847) can0 202#00ED780060000000
(1757617387.732632) can0 202#00FB080060000000
(1757617387.754334) can0 202#00F9180060000000
(1757617387.772894) can0 202#00F7280060000000
(1757617387.792630) can0 202#00F5380060000000
(1757617387.812615) can0 202#00F3480060000000
(1757617387.832943) can0 202#00F1580060000000
(1757617387.854315) can0 202#00EF680060000000
(1757617387.872615) can0 202#00ED780060000000
(1757617387.892898) can0 202#00FB080060000000
(1757617387.912555) can0 202#00F9180060000000
(1757617387.932625) can0 202#00F7280060000000
(1757617387.954574) can0 202#00F5380060000000
(1757617387.972643) can0 202#00F3480060000000
(1757617387.992643) can0 202#00F1580060000000
(1757617388.012871) can0 202#00EF680060000000
(1757617388.032591) can0 202#00ED780060000000
(1757617388.054313) can0 202#00FB080060000000
(1757617388.072871) can0 202#00F9180060000000
(1757617388.092576) can0 202#00F7280060000000
(1757617388.112574) can0 202#00F5380060000000
(1757617388.132997) can0 202#00F3480060000000
(1757617388.154318) can0 202#00F1580060000000
(1757617388.172630) can0 202#00EF680060000000
(1757617388.193135) can0 202#00ED780060000000
(1757617388.212606) can0 202#00FB080060000000
(1757617388.232758) can0 202#00F9180060000000
(1757617388.254506) can0 202#00F7280060000000
(1757617388.272590) can0 202#00F5380060000000
(1757617388.292616) can0 202#00F3480060000000
(1757617388.312854) can0 202#00F1580060000000
(1757617388.332654) can0 202#00EF680060000000
(1757617388.354256) can0 202#00ED780060000000
(1757617388.372949) can0 202#00FB080060000000
(1757617388.392804) can0 202#00F9180060000000
(1757617388.412548) can0 202#00F7280060000000
(1757617388.432830) can0 202#00F5380060000000
(1757617388.454327) can0 202#00F3480060000000
(1757617388.472596) can0 202#00F1580060000000
(1757617388.493082) can0 202#00EF680060000000
(1757617388.512570) can0 202#00ED780060000000
(1757617388.532525) can0 202#00FB080060000000
(1757617388.554476) can0 202#00F9180060000000
(1757617388.572594) can0 202#00F7280060000000
(1757617388.592849) can0 202#00F5380060000000
(1757617388.612877) can0 202#00F3480060000000
(1757617388.632604) can0 202#00F1580060000000
(1757617388.654317) can0 202#00EF680060000000
(1757617388.672855) can0 202#00ED780060000000
(1757617388.692872) can0 202#00FB080060000000
(1757617388.712597) can0 202#00F9180060000000
(1757617388.732850) can0 202#00F7280060000000
(1757617388.754288) can0 202#00F5380060000000
(1757617388.772640) can0 202#00F3480060000000
(1757617388.793164) can0 202#00F1580060000000
(1757617388.812601) can0 202#00EF680060000000
(1757617388.832722) can0 202#00ED780060000000
(1757617388.854540) can0 202#00FB080060000000
(1757617388.872584) can0 202#00F9180060000000
(1757617388.892828) can0 202#00F7280060000000
(1757617388.912832) can0 202#00F5380060000000
(1757617388.932581) can0 202#00F3480060000000
(1757617388.954306) can0 202#00F1580060000000
(1757617388.972828) can0 202#00EF680060000000
(1757617388.992826) can0 202#00ED780060000000
(1757617389.012598) can0 202#00FB080060000000
(1757617389.032826) can0 202#00F9180060000000
(1757617389.054287) can0 202#00F7280060000000
(1757617389.072601) can0 202#00F5380060000000
(1757617389.093159) can0 202#00F3480060000000
(1757617389.112571) can0 202#00F1580060000000
(1757617389.132711) can0 202#00EF680060000000
(1757617389.154568) can0 202#00ED780060000000
(1757617389.172572) can0 202#00FB080060000000
(1757617389.192772) can0 202#00F9180060000000
(1757617389.212871) can0 202#00F7280060000000
(1757617389.232589) can0 202#00F5380060000000
(1757617389.254318) can0 202#00F3480060000000
(1757617389.272836) can0 202#00F1580060000000
(1757617389.292777) can0 202#00EF680060000000
(1757617389.312576) can0 202#00ED780060000000
(1757617389.333027) can0 202#00FB080060000000
(1757617389.354288) can0 202#00F9180060000000
(1757617389.372609) can0 202#00F7280060000000
(1757617389.393156) can0 202#00F5380060000000
(1757617389.412573) can0 202#00F3480060000000
(1757617389.432621) can0 202#00F1580060000000
(1757617389.454543) can0 202#00EF680060000000
(1757617389.472576) can0 202#00ED780060000000
(1757617389.492760) can0 202#00FB080060000000
(1757617389.512830) can0 202#00F9180060000000
(1757617389.532544) can0 202#00F7280060000000
(1757617389.554355) can0 202#00F5380060000000
(1757617389.572829) can0 202#00F3480060000000
(1757617389.592670) can0 202#00F1580060000000
(1757617389.612737) can0 202#00EF680060000000
(1757617389.632847) can0 202#00ED780060000000
(1757617389.654308) can0 202#00FB080060000000
(1757617389.672618) can0 202#00F9180060000000
(1757617389.692876) can0 202#00F7280060000000
(1757617389.712587) can0 202#00F5380060000000
(1757617389.732574) can0 202#00F3480060000000
(1757617389.754526) can0 202#00F1580060000000
(1757617389.772575) can0 202#00EF680060000000
(1757617389.792576) can0 202#00ED780060000000
(1757617389.812806) can0 202#00FB080060000000
(1757617389.832806) can0 202#00F9180060000000
(1757617389.854301) can0 202#00F7280060000000
(1757617389.872805) can0 202#00F5380060000000
(1757617389.892574) can0 202#00F3480060000000
(1757617389.912577) can0 202#00F1580060000000
(1757617389.932853) can0 202#00EF680060000000
(1757617389.954301) can0 202#00ED780060000000
(1757617389.972577) can0 202#00FB080060000000
(1757617389.992786) can0 202#00F9180060000000
(1757617390.012597) can0 202#00F7280060000000
(1757617390.032598) can0 202#00F5380060000000
(1757617390.054565) can0 202#00F3480060000000
(1757617390.072580) can0 202#00F1580060000000
(1757617390.092538) can0 202#00EF680060000000
(1757617390.112806) can0 202#00ED780060000000
(1757617390.132607) can0 202#00FB080060000000
(1757617390.154297) can0 202#00F9180060000000
(1757617390.172772) can0 202#00F7280060000000
(1757617390.192582) can0 202#00F5380060000000
(1757617390.212586) can0 202#00F3480060000000
(1757617390.232832) can0 202#00F1580060000000
(1757617390.254304) can0 202#00EF680060000000
(1757617390.272600) can0 202#00ED780060000000
(1757617390.293000) can0 202#00FB080060000000
(1757617390.312552) can0 202#00F9180060000000
(1757617390.332759) can0 202#00F7280060000000
(1757617390.354522) can0 202#00F5380060000000
(1757617390.372553) can0 202#00F3480060000000
(1757617390.392597) can0 202#00F1580060000000
(1757617390.412807) can0 202#00EF680060000000
(1757617390.432578) can0 202#00ED780060000000
(1757617390.454269) can0 202#00FB080060000000
(1757617390.472826) can0 202#00F9180060000000
(1757617390.492574) can0 202#00F7280060000000
(1757617390.512601) can0 202#00F5380060000000
(1757617390.532781) can0 202#00F3480060000000
(1757617390.554268) can0 202#00F1580060000000
(1757617390.572575) can0 202#00EF680060000000
(1757617390.592808) can0 202#00ED780060000000
(1757617390.612559) can0 202#00FB080060000000
(1757617390.632591) can0 202#00F9180060000000
(1757617390.654511) can0 202#00F7280060000000
(1757617390.672549) can0 202#00F5380060000000
(1757617390.692589) can0 202#00F3480060000000
(1757617390.712801) can0 202#00F1580060000000
(1757617390.732496) can0 202#00EF680060000000
(1757617390.754270) can0 202#00ED780060000000
(1757617390.772821) can0 202#00FB080060000000
(1757617390.792550) can0 202#00F9180060000000
(1757617390.812594) can0 202#00F7280060000000
(1757617390.833015) can0 202#00F5380060000000
(1757617390.854274) can0 202#00F3480060000000
(1757617390.872599) can0 202#00F1580060000000
(1757617390.892812) can0 202#00EF680060000000
(1757617390.912550) can0 202#00ED780060000000
(1757617390.932619) can0 202#00FB080060000000
(1757617390.954477) can0 202#00F9180060000000
(1757617390.972695) can0 202#00F7280060000000
(1757617390.992568) can0 202#00F5380060000000
(1757617391.012933) can0 202#00F3480060000000
(1757617391.032553) can0 202#00F1580060000000
(1757617391.054379) can0 202#00EF680060000000
(1757617391.072814) can0 202#00ED780060000000
(1757617391.092564) can0 202#00FB080060000000
(1757617391.112556) can0 202#00F9180060000000
(1757617391.132988) can0 202#00F7280060000000
(1757617391.154297) can0 202#00F5380060000000
(1757617391.172551) can0 202#00F3480060000000
(1757617391.192834) can0 202#00F1580060000000
(1757617391.212552) can0 202#00EF680060000000
(1757617391.232583) can0 202#00ED780060000000
(1757617391.254507) can0 202#00FB080060000000
(1757617391.272551) can0 202#00F9180060000000
(1757617391.292552) can0 202#00F7280060000000
(1757617391.312808) can0 202#00F5380060000000
(1757617391.332797) can0 202#00F3480060000000
(1757617391.354253) can0 202#00F1580060000000
(1757617391.372826) can0 202#00EF680060000000
(1757617391.392581) can0 202#00ED780060000000
(1757617391.412574) can0 202#00FB080060000000
(1757617391.432787) can0 202#00F9180060000000
(1757617391.454254) can0 202#00F7280060000000
(1757617391.472557) can0 202#00F5380060000000
(1757617391.492807) can0 202#00F3480060000000
(1757617391.512531) can0 202#00F1580060000000
(1757617391.532546) can0 202#00EF680060000000
(1757617391.554622) can0 202#00ED780060000000
(1757617391.572531) can0 202#00FB080060000000
(1757617391.592511) can0 202#00F9180060000000
(1757617391.612818) can0 202#00F7280060000000
(1757617391.632586) can0 202#00F5380060000000
(1757617391.654368) can0 202#00F3480060000000
(1757617391.672791) can0 202#00F1580060000000
(1757617391.692511) can0 202#00EF680060000000
(1757617391.712553) can0 202#00ED780060000000
(1757617391.734299) can0 202#00FB080060000000
(1757617391.754249) can0 202#00F9180060000000
(1757617391.772573) can0 202#00F7280060000000
(1757617391.792784) can0 202#00F5380060000000
(1757617391.812513) can0 202#00F3480060000000
(1757617391.832737) can0 202#00F1580060000000
(1757617391.854512) can0 202#00EF680060000000
(1757617391.872530) can0 202#00ED780060000000
(1757617391.892556) can0 202#00FB080060000000
(1757617391.912784) can0 202#00F9180060000000
(1757617391.932542) can0 202#00F7280060000000
(1757617391.954284) can0 202#00F5380060000000
(1757617391.972786) can0 202#00F3480060000000
(1757617391.992534) can0 202#00F1580060000000
(1757617392.012531) can0 202#00EF680060000000
(1757617392.034355) can0 202#00ED780060000000
(1757617392.054259) can0 202#00FB080060000000
(1757617392.072567) can0 202#00F9180060000000
(1757617392.092795) can0 202#00F7280060000000
(1757617392.112536) can0 202#00F5380060000000
(1757617392.134265) can0 202#00F3480060000000
(1757617392.154498) can0 202#00F1580060000000
(1757617392.172493) can0 202#00EF680060000000
(1757617392.192531) can0 202#00ED780060000000
(1757617392.212786) can0 202#00FB080060000000
(1757617392.234017) can0 202#00F9180060000000
(1757617392.254283) can0 202#00F7280060000000
(1757617392.272787) can0 202#00F5380060000000
(1757617392.292560) can0 202#00F3480060000000
(1757617392.312535) can0 202#00F1580060000000
(1757617392.334302) can0 202#00EF680060000000
(1757617392.354252) can0 202#00ED780060000000
(1757617392.372554) can0 202#00FB080060000000
(1757617392.392744) can0 202#00F9180060000000
(1757617392.412532) can0 202#00F7280060000000
(1757617392.434020) can0 202#00F5380060000000
(1757617392.454485) can0 202#00F3480060000000
(1757617392.472560) can0 202#00F1580060000000
(1757617392.492489) can0 202#00EF680060000000
(1757617392.512813) can0 202#00ED780060000000
(1757617392.533950) can0 202#00FB080060000000
(1757617392.554448) can0 202#00F9180060000000
(1757617392.572761) can0 202#00F7280060000000
(1757617392.592540) can0 202#00F5380060000000
(1757617392.612535) can0 202#00F3480060000000
(1757617392.634260) can0 202#00F1580060000000
(1757617392.654242) can0 202#00EF680060000000
(1757617392.672558) can0 202#00ED780060000000
(1757617392.692794) can0 202#00FB080060000000
(1757617392.712532) can0 202#00F9180060000000
(1757617392.733981) can0 202#00F7280060000000
(1757617392.754442) can0 202#00F5380060000000
(1757617392.772556) can0 202#00F3480060000000
(1757617392.792537) can0 202#00F1580060000000
(1757617392.812766) can0 202#00EF680060000000
(1757617392.834021) can0 202#00ED780060000000
(1757617392.854240) can0 202#00FB080060000000
(1757617392.872765) can0 202#00F9180060000000
(1757617392.892517) can0 202#00F7280060000000
(1757617392.912553) can0 202#00F5380060000000
(1757617392.934236) can0 202#00F3480060000000
(1757617392.954241) can0 202#00F1580060000000
(1757617392.972559) can0 202#00EF680060000000
(1757617392.992767) can0 202#00ED780060000000
(1757617393.012512) can0 202#00FB080060000000
(1757617393.034004) can0 202#00F9180060000000
(1757617393.054470) can0 202#00F7280060000000
(1757617393.072672) can0 202#00F5380060000000
(1757617393.092537) can0 202#00F3480060000000
(1757617393.112766) can0 202#00F1580060000000
(1757617393.134058) can0 202#00EF680060000000
(1757617393.154237) can0 202#00ED780060000000
(1757617393.172768) can0 202#00FB080060000000
(1757617393.192468) can0 202#00F9180060000000
(1757617393.212538) can0 202#00F7280060000000
(1757617393.234263) can0 202#00F5380060000000
(1757617393.254243) can0 202#00F3480060000000
(1757617393.272523) can0 202#00F1580060000000
(1757617393.292723) can0 202#00EF680060000000
(1757617393.312510) can0 202#00ED780060000000
(1757617393.334047) can0 202#00FB080060000000
(1757617393.354472) can0 202#00F9180060000000
(1757617393.372514) can0 202#00F7280060000000
(1757617393.392550) can0 202#00F5380060000000
(1757617393.412791) can0 202#00F3480060000000
(1757617393.434083) can0 202#00F1580060000000
(1757617393.454229) can0 202#00EF680060000000
(1757617393.472768) can0 202#00ED780060000000
(1757617393.492506) can0 202#00FB080060000000
(1757617393.512529) can0 202#00F9180060000000
(1757617393.534168) can0 202#00F7280060000000
(1757617393.554213) can0 202#00F5380060000000
(1757617393.572535) can0 202#00F3480060000000
(1757617393.592769) can0 202#00F1580060000000
(1757617393.612519) can0 202#00EF680060000000
(1757617393.634024) can0 202#00ED780060000000
(1757617393.654493) can0 202#00FB080060000000
(1757617393.672501) can0 202#00F9180060000000
(1757617393.692521) can0 202#00F7280060000000
(1757617393.712763) can0 202#00F5380060000000
(1757617393.734025) can0 202#00F3480060000000
(1757617393.754247) can0 202#00F1580060000000
(1757617393.772744) can0 202#00EF680060000000
(1757617393.792498) can0 202#00ED780060000000
(1757617393.812542) can0 202#00FB080060000000
(1757617393.834471) can0 202#00F9180060000000
(1757617393.854220) can0 202#00F7280060000000
(1757617393.872524) can0 202#00F5380060000000
(1757617393.892746) can0 202#00F3480060000000
(1757617393.912495) can0 202#00F1580060000000
(1757617393.934052) can0 202#00EF680060000000
(1757617393.954490) can0 202#00ED780060000000
(1757617393.972511) can0 202#00FB080060000000
(1757617393.992459) can0 202#00F9180060000000
(1757617394.012727) can0 202#00F7280060000000
(1757617394.034060) can0 202#00F5380060000000
(1757617394.054251) can0 202#00F3480060000000
(1757617394.072761) can0 202#00F1580060000000
(1757617394.092444) can0 202#00EF680060000000
(1757617394.112489) can0 202#00ED780060000000
(1757617394.134282) can0 202#00FB080060000000
(1757617394.154223) can0 202#00F9180060000000
(1757617394.172527) can0 202#00F7280060000000
(1757617394.192752) can0 202#00F5380060000000
(1757617394.212544) can0 202#00F3480060000000
(1757617394.233961) can0 202#00F1580060000000
(1757617394.254448) can0 202#00EF680060000000
(1757617394.272498) can0 202#00ED780060000000
(1757617394.292498) can0 202#00FB080060000000
(1757617394.312747) can0 202#00F9180060000000
(1757617394.332969) can0 202#00F7280060000000
(1757617394.354226) can0 202#00F5380060000000
(1757617394.372754) can0 202#00F3480060000000
(1757617394.392492) can0 202#00F1580060000000
(1757617394.412501) can0 202#00EF680060000000
(1757617394.434184) can0 202#00ED780060000000
(1757617394.454199) can0 202#00FB080060000000
(1757617394.472503) can0 202#00F9180060000000
(1757617394.492780) can0 202#00F7280060000000
(1757617394.512477) can0 202#00F5380060000000
(1757617394.533039) can0 202#00F3480060000000
(1757617394.554448) can0 202#00F1580060000000
(1757617394.572502) can0 202#00EF680060000000
(1757617394.592493) can0 202#00ED780060000000
(1757617394.612729) can0 202#00FB080060000000
(1757617394.632779) can0 202#00F9180060000000
(1757617394.654225) can0 202#00F7280060000000
(1757617394.672732) can0 202#00F5380060000000
(1757617394.692503) can0 202#00F3480060000000
(1757617394.712504) can0 202#00F1580060000000
(1757617394.733963) can0 202#00EF680060000000
(1757617394.754226) can0 202#00ED780060000000
(1757617394.772501) can0 202#00FB080060000000
(1757617394.792702) can0 202#00F9180060000000
(1757617394.812468) can0 202#00F7280060000000
(1757617394.832911) can0 202#00F5380060000000
(1757617394.854444) can0 202#00F3480060000000
(1757617394.872611) can0 202#00F1580060000000
(1757617394.892499) can0 202#00EF680060000000
(1757617394.912723) can0 202#00ED780060000000
(1757617394.932790) can0 202#00FB080060000000
(1757617394.954155) can0 202#00F9180060000000
(1757617394.972725) can0 202#00F7280060000000
(1757617394.992479) can0 202#00F5380060000000
(1757617395.012495) can0 202#00F3480060000000
(1757617395.033041) can0 202#00F1580060000000
(1757617395.054207) can0 202#00EF680060000000
(1757617395.072505) can0 202#00ED780060000000
(1757617395.092732) can0 202#00FB080060000000
(1757617395.112477) can0 202#00F9180060000000
(1757617395.132522) can0 202#00F7280060000000
(1757617395.154467) can0 202#00F5380060000000
(1757617395.172477) can0 202#00F3480060000000
(1757617395.192477) can0 202#00F1580060000000
(1757617395.212726) can0 202#00EF680060000000
(1757617395.232531) can0 202#00ED780060000000
(1757617395.254195) can0 202#00FB080060000000
(1757617395.272756) can0 202#00F9180060000000
(1757617395.292522) can0 202#00F7280060000000
(1757617395.312530) can0 202#00F5380060000000
(1757617395.332802) can0 202#00F3480060000000
(1757617395.354133) can0 202#00F1580060000000
(1757617395.372503) can0 202#00EF680060000000
(1757617395.392748) can0 202#00ED780060000000
(1757617395.412507) can0 202#00FB080060000000
(1757617395.432552) can0 202#00F9180060000000
(1757617395.454361) can0 202#00F7280060000000
(1757617395.472481) can0 202#00F5380060000000
(1757617395.492478) can0 202#00F3480060000000
(1757617395.512733) can0 202#00F1580060000000
(1757617395.532444) can0 202#00EF680060000000
(1757617395.554196) can0 202#00ED780060000000
(1757617395.572750) can0 202#00FB080060000000
(1757617395.592498) can0 202#00F9180060000000
(1757617395.612472) can0 202#00F7280060000000
(1757617395.632738) can0 202#00F5380060000000
(1757617395.654133) can0 202#00F3480060000000
(1757617395.672482) can0 202#00F1580060000000
(1757617395.692744) can0 202#00EF680060000000
(1757617395.712474) can0 202#00ED780060000000
(1757617395.732707) can0 202#00FB080060000000
(1757617395.754362) can0 202#00F9180060000000
(1757617395.772492) can0 202#00F7280060000000
(1757617395.792506) can0 202#00F5380060000000
(1757617395.812713) can0 202#00F3480060000000
(1757617395.832576) can0 202#00F1580060000000
(1757617395.854194) can0 202#00EF680060000000
(1757617395.872710) can0 202#00ED780060000000
(1757617395.892491) can0 202#00FB080060000000
(1757617395.912480) can0 202#00F9180060000000
(1757617395.932829) can0 202#00F7280060000000
(1757617395.954170) can0 202#00F5380060000000
(1757617395.972497) can0 202#00F3480060000000
(1757617395.992711) can0 202#00F1580060000000
(1757617396.012497) can0 202#00EF680060000000
(1757617396.032643) can0 202#00ED780060000000
(1757617396.054364) can0 202#00FB080060000000
(1757617396.072454) can0 202#00F9180060000000
(1757617396.092491) can0 202#00F7280060000000
(1757617396.112711) can0 202#00F5380060000000
(1757617396.132625) can0 202#00F3480060000000
(1757617396.154150) can0 202#00F1580060000000
(1757617396.172712) can0 202#00EF680060000000
(1757617396.192453) can0 202#00ED780060000000
(1757617396.212491) can0 202#00FB080060000000
(1757617396.232863) can0 202#00F9180060000000
(1757617396.254307) can0 202#00F7280060000000
(1757617396.272484) can0 202#00F5380060000000
(1757617396.292757) can0 202#00F3480060000000
(1757617396.312457) can0 202#00F1580060000000
(1757617396.332644) can0 202#00EF680060000000
(1757617396.354451) can0 202#00ED780060000000
(1757617396.372459) can0 202#00FB080060000000
(1757617396.392484) can0 202#00F9180060000000
(1757617396.412713) can0 202#00F7280060000000
(1757617396.432469) can0 202#00F5380060000000
(1757617396.454137) can0 202#00F3480060000000
(1757617396.472709) can0 202#00F1580060000000
(1757617396.492459) can0 202#00EF680060000000
(1757617396.512432) can0 202#00ED780060000000
(1757617396.532866) can0 202#00FB080060000000
(1757617396.554167) can0 202#00F9180060000000
(1757617396.572483) can0 202#00F7280060000000
(1757617396.592729) can0 202#00F5380060000000
(1757617396.612479) can0 202#00F3480060000000
(1757617396.632604) can0 202#00F1580060000000
(1757617396.654367) can0 202#00EF680060000000
(1757617396.672465) can0 202#00ED780060000000
(1757617396.692459) can0 202#00FB080060000000
(1757617396.712661) can0 202#00F9180060000000
(1757617396.732589) can0 202#00F7280060000000
(1757617396.754319) can0 202#00F5380060000000
(1757617396.772719) can0 202#00F3480060000000
(1757617396.792473) can0 202#00F1580060000000
(1757617396.812474) can0 202#00EF680060000000
(1757617396.832786) can0 202#00ED780060000000
(1757617396.854175) can0 202#00FB080060000000
(1757617396.872472) can0 202#00F9180060000000
(1757617396.892734) can0 202#00F7280060000000
(1757617396.912455) can0 202#00F5380060000000
(1757617396.932517) can0 202#00F3480060000000
(1757617396.954405) can0 202#00F1580060000000
(1757617396.972485) can0 202#00EF680060000000
(1757617396.992480) can0 202#00ED780060000000
(1757617397.012693) can0 202#00FB080060000000
(1757617397.032607) can0 202#00F9180060000000
(1757617397.054181) can0 202#00F7280060000000
(1757617397.072737) can0 202#00F5380060000000
(1757617397.092458) can0 202#00F3480060000000
(1757617397.112457) can0 202#00F1580060000000
(1757617397.132761) can0 202#00EF680060000000
(1757617397.154195) can0 202#00ED780060000000
(1757617397.172473) can0 202#00FB080060000000
(1757617397.192722) can0 202#00F9180060000000
(1757617397.212459) can0 202#00F7280060000000
(1757617397.232543) can0 202#00F5380060000000
(1757617397.254510) can0 202#00F3480060000000
(1757617397.272426) can0 202#00F1580060000000
(1757617397.292469) can0 202#00EF680060000000
(1757617397.312709) can0 202#00ED780060000000
(1757617397.332516) can0 202#00FB080060000000
(1757617397.354135) can0 202#00F9180060000000
(1757617397.372651) can0 202#00F7280060000000
(1757617397.392372) can0 202#00F5380060000000
(1757617397.412458) can0 202#00F3480060000000
(1757617397.432723) can0 202#00F1580060000000
(1757617397.454178) can0 202#00EF680060000000
(1757617397.472457) can0 202#00ED780060000000
(1757617397.492694) can0 202#00FB080060000000
(1757617397.512433) can0 202#00F9180060000000
(1757617397.532568) can0 202#00F7280060000000
(1757617397.554411) can0 202#00F5380060000000
(1757617397.572443) can0 202#00F3480060000000
(1757617397.592458) can0 202#00F1580060000000
(1757617397.612712) can0 202#00EF680060000000
(1757617397.632591) can0 202#00ED780060000000
(1757617397.654182) can0 202#00FB080060000000
(1757617397.672705) can0 202#00F9180060000000
(1757617397.692433) can0 202#00F7280060000000
(1757617397.712439) can0 202#00F5380060000000
(1757617397.732869) can0 202#00F3480060000000
(1757617397.754184) can0 202#00F1580060000000
(1757617397.772471) can0 202#00EF680060000000
(1757617397.792709) can0 202#00ED780060000000
(1757617397.812447) can0 202#00FB080060000000
(1757617397.832525) can0 202#00F9180060000000
(1757617397.854384) can0 202#00F7280060000000
(1757617397.872432) can0 202#00F5380060000000
(1757617397.892484) can0 202#00F3480060000000
(1757617397.912690) can0 202#00F1580060000000
(1757617397.932664) can0 202#00EF680060000000
(1757617397.954119) can0 202#00ED780060000000
(1757617397.972695) can0 202#00FB080060000000
(1757617397.992437) can0 202#00F9180060000000
(1757617398.012461) can0 202#00F7280060000000
(1757617398.032957) can0 202#00F5380060000000
(1757617398.054187) can0 202#00F3480060000000
(1757617398.072434) can0 202#00F1580060000000
