(1735328906.356099) can0 1A4#0000000000000009
(1735328906.356173) can0 1B0#00000000000048
(1735328906.356470) can0 1D0#000000000000000A
(1735328906.358355) can0 18E#00004D
(1735328906.359361) can0 039#001B
(1735328906.368386) can0 18E#00005C
(1735328906.372414) can0 039#002A
(1735328906.375958) can0 1A4#0000000000000018
(1735328906.376200) can0 1B0#00000000000057
(1735328906.376506) can0 1D0#000000000000000A
(1735328906.378367) can0 18E#00006B
(1735328906.387291) can0 039#0039
(1735328906.388359) can0 18E#00007A
(1735328906.395464) can0 428#06010000EAEB11
(1735328906.396001) can0 1A4#0000000000000027
(1735328906.396211) can0 1B0#00000000000066
(1735328906.396321) can0 42A#0017
(1735328906.396616) can0 1D0#000000000000000A
(1735328906.398367) can0 18E#00004D
(1735328906.400365) can0 039#000C
(1735328906.405397) can0 309#0000000000000093
(1735328906.408479) can0 18E#00005C
(1735328906.416123) can0 1A4#0000000000000036
(1735328906.416183) can0 1B0#00000000000075
(1735328906.416517) can0 1D0#000000000000000A
(1735328906.418488) can0 18E#00006B
(1735328906.419399) can0 039#001B
(1735328906.428372) can0 18E#00007A
(1735328906.436019) can0 1A4#0000000000000009
(1735328906.436248) can0 1B0#00000000000048
(1735328906.436511) can0 1D0#000000000000000A
(1735328906.438398) can0 039#002A
(1735328906.438580) can0 18E#00004D
(1735328906.448580) can0 18E#00005C
(1735328906.451587) can0 039#0039
(1735328906.456032) can0 1A4#0000000000000018
(1735328906.456251) can0 1B0#00000000000057
(1735328906.456531) can0 1D0#000000000000000A
(1735328906.458326) can0 18E#00006B
(1735328906.459282) can0 305#8E0A
(1735328906.466439) can0 039#000C
(1735328906.468369) can0 18E#00007A
(1735328906.476114) can0 1A4#0000000000000027
(1735328906.476272) can0 1B0#00000000000066
(1735328906.476570) can0 1D0#000000000000000A
(1735328906.478400) can0 18E#00004D
(1735328906.484961) can0 039#001B
(1735328906.488338) can0 18E#00005C
(1735328906.496108) can0 1A4#0000000000000036
(1735328906.496219) can0 1B0#00000000000075
(1735328906.496545) can0 1D0#000000000000000A
(1735328906.497392) can0 039#002A
(1735328906.498365) can0 18E#00006B
(1735328906.505443) can0 309#00000000000000A2
(1735328906.508347) can0 18E#00007A
(1735328906.510915) can0 039#0039
(1735328906.516328) can0 1A4#0000000000000009
(1735328906.516344) can0 1B0#00000000000048
(1735328906.516524) can0 1D0#000000000000000A
(1735328906.518515) can0 18E#00004D
(1735328906.525394) can0 039#000C
(1735328906.528402) can0 18E#00005C
(1735328906.536091) can0 1A4#0000000000000018
(1735328906.536282) can0 1B0#00000000000057
(1735328906.536673) can0 1D0#000000000000000A
(1735328906.538636) can0 18E#00006B
(1735328906.545339) can0 039#001B
(1735328906.548745) can0 18E#00007A
(1735328906.556289) can0 1A4#0000000000000027
(1735328906.556305) can0 1B0#00000000000066
(1735328906.556544) can0 1D0#000000000000000A
(1735328906.558616) can0 18E#00004D
(1735328906.559554) can0 039#002A
(1735328906.568508) can0 18E#00005C
(1735328906.569259) can0 305#8E19
(1735328906.575497) can0 039#0039
(1735328906.576141) can0 1A4#0000000000000036
(1735328906.576256) can0 1B0#00000000000075
(1735328906.576555) can0 1D0#000000000000000A
(1735328906.578457) can0 18E#00006B
(1735328906.588688) can0 18E#00007A
(1735328906.594337) can0 039#000C
(1735328906.596174) can0 1A4#0000000000000009
(1735328906.596245) can0 1B0#00000000000048
(1735328906.596601) can0 1D0#000000000000000A
(1735328906.598624) can0 18E#00004D
(1735328906.605518) can0 309#00000000000000B1
(1735328906.608417) can0 18E#00005C
(1735328906.608503) can0 039#001B
(1735328906.616094) can0 1A4#0000000000000018
(1735328906.616314) can0 1B0#00000000000057
(1735328906.616592) can0 1D0#000000000000000A
(1735328906.618407) can0 18E#00006B
(1735328906.628445) can0 18E#00007A
(1735328906.628529) can0 039#002A
(1735328906.636096) can0 1A4#0000000000000027
(1735328906.636315) can0 1B0#00000000000066
(1735328906.636611) can0 1D0#000000000000000A
(1735328906.638407) can0 18E#00004D
(1735328906.642410) can0 039#0039
(1735328906.648361) can0 18E#00005C
(1735328906.656379) can0 1A4#0000000000000036
(1735328906.656394) can0 1B0#00000000000075
(1735328906.656435) can0 039#000C
(1735328906.656720) can0 1D0#000000000000000A
(1735328906.658372) can0 18E#00006B
(1735328906.668629) can0 18E#00007A
(1735328906.672447) can0 039#001B
(1735328906.672954) can0 305#8E28
(1735328906.676364) can0 1A4#0000000000000009
(1735328906.676379) can0 1B0#00000000000048
(1735328906.676606) can0 1D0#000000000000000A
(1735328906.678404) can0 18E#00004D
(1735328906.687522) can0 039#002A
(1735328906.688413) can0 18E#00005C
(1735328906.695433) can0 428#06010000EAEB20
(1735328906.696318) can0 1A4#0000000000000018
(1735328906.696336) can0 1B0#00000000000057
(1735328906.696483) can0 42A#0026
(1735328906.696744) can0 1D0#000000000000000A
(1735328906.698661) can0 18E#00006B
(1735328906.699438) can0 039#0039
(1735328906.705430) can0 309#0000000000000084
(1735328906.708415) can0 18E#00007A
(1735328906.713407) can0 039#000C
(1735328906.716403) can0 1A4#0000000000000027
(1735328906.716418) can0 1B0#00000000000066
(1735328906.716619) can0 1D0#000000000000000A
(1735328906.718416) can0 18E#00004D
(1735328906.726462) can0 039#001B
(1735328906.728362) can0 18E#00005C
(1735328906.736352) can0 1A4#0000000000000036
(1735328906.736367) can0 1B0#00000000000075
(1735328906.736609) can0 1D0#000000000000000A
(1735328906.738550) can0 18E#00006B
(1735328906.740296) can0 039#002A
(1735328906.748371) can0 18E#00007A
(1735328906.754346) can0 039#0039
(1735328906.756371) can0 1A4#0000000000000009
(1735328906.756386) can0 1B0#00000000000048
(1735328906.756620) can0 1D0#000000000000000A
(1735328906.758634) can0 18E#00004D
(1735328906.768650) can0 18E#00005C
(1735328906.768666) can0 039#000C
(1735328906.776222) can0 1A4#0000000000000018
(1735328906.776399) can0 1B0#00000000000057
(1735328906.776648) can0 1D0#000000000000000A
(1735328906.777333) can0 305#8E37
(1735328906.778421) can0 18E#00006B
(1735328906.783483) can0 039#001B
(1735328906.788701) can0 18E#00007A
(1735328906.796142) can0 1A4#0000000000000027
(1735328906.796389) can0 1B0#00000000000066
(1735328906.796652) can0 1D0#000000000000000A
(1735328906.798404) can0 18E#00004D
(1735328906.801636) can0 039#002A
(1735328906.805475) can0 309#0000000000000093
(1735328906.808488) can0 18E#00005C
(1735328906.815638) can0 039#0039
(1735328906.816149) can0 1A4#0000000000000036
(1735328906.816387) can0 1B0#00000000000075
(1735328906.816646) can0 1D0#000000000000000A
(1735328906.818487) can0 18E#00006B
(1735328906.828447) can0 18E#00007A
(1735328906.829122) can0 039#000C
(1735328906.836369) can0 1A4#0000000000000009
(1735328906.836385) can0 1B0#00000000000048
(1735328906.836656) can0 1D0#000000000000000A
(1735328906.838528) can0 18E#00004D
(1735328906.844336) can0 039#001B
(1735328906.848484) can0 18E#00005C
(1735328906.856429) can0 1A4#0000000000000018
(1735328906.856445) can0 1B0#00000000000057
(1735328906.856686) can0 1D0#000000000000000A
(1735328906.857921) can0 039#002A
(1735328906.858417) can0 18E#00006B
(1735328906.868452) can0 18E#00007A
(1735328906.871679) can0 039#0039
(1735328906.876260) can0 1A4#0000000000000027
(1735328906.876419) can0 1B0#00000000000066
(1735328906.876677) can0 1D0#000000000000000A
(1735328906.878382) can0 18E#00004D
(1735328906.885485) can0 039#000C
(1735328906.886177) can0 305#8E0A
(1735328906.888426) can0 18E#00005C
(1735328906.896391) can0 1A4#0000000000000036
(1735328906.896407) can0 1B0#00000000000075
(1735328906.896678) can0 1D0#000000000000000A
(1735328906.898441) can0 18E#00006B
(1735328906.898592) can0 039#001B
(1735328906.905525) can0 309#00000000000000A2
(1735328906.908445) can0 18E#00007A
(1735328906.916476) can0 1A4#0000000000000009
(1735328906.916492) can0 1B0#00000000000048
(1735328906.916687) can0 1D0#000000000000000A
(1735328906.918443) can0 18E#00004D
(1735328906.918521) can0 039#002A
(1735328906.928438) can0 18E#00005C
(1735328906.931533) can0 039#0039
(1735328906.936428) can0 1A4#0000000000000018
(1735328906.936444) can0 1B0#00000000000057
(1735328906.936705) can0 1D0#000000000000000A
(1735328906.938440) can0 18E#00006B
(1735328906.946402) can0 039#000C
(1735328906.948412) can0 18E#00007A
(1735328906.956294) can0 1A4#0000000000000027
(1735328906.956451) can0 1B0#00000000000066
(1735328906.956737) can0 1D0#000000000000000A
(1735328906.958425) can0 18E#00004D
(1735328906.960474) can0 039#001B
(1735328906.968378) can0 18E#00005C
(1735328906.973012) can0 039#002A
(1735328906.976196) can0 1A4#0000000000000036
(1735328906.976448) can0 1B0#00000000000075
(1735328906.976706) can0 1D0#000000000000000A
(1735328906.978416) can0 18E#00006B
(1735328906.986521) can0 039#0039
(1735328906.987416) can0 305#8E19
(1735328906.988439) can0 18E#00007A
(1735328906.995462) can0 428#06010000EAEB3F
(1735328906.996229) can0 1A4#0000000000000009
(1735328906.996382) can0 42A#0035
(1735328906.996557) can0 1B0#00000000000048
(1735328906.996811) can0 1D0#000000000000000A
(1735328906.998565) can0 18E#00004D
(1735328906.999624) can0 039#000C
(1735328907.005513) can0 309#00000000000000B1
(1735328907.008481) can0 18E#00005C
(1735328907.012483) can0 039#001B
(1735328907.016224) can0 1A4#0000000000000018
(1735328907.016455) can0 1B0#00000000000057
(1735328907.016757) can0 1D0#000000000000000A
(1735328907.018492) can0 18E#00006B
(1735328907.026699) can0 039#002A
(1735328907.028486) can0 18E#00007A
(1735328907.036328) can0 1A4#0000000000000027
(1735328907.036413) can0 1B0#00000000000066
(1735328907.036754) can0 1D0#000000000000000A
(1735328907.038413) can0 18E#00004D
(1735328907.039442) can0 039#0039
(1735328907.048423) can0 18E#00005C
(1735328907.052501) can0 039#000C
(1735328907.056506) can0 1A4#0000000000000036
(1735328907.056521) can0 1B0#00000000000075
(1735328907.056743) can0 1D0#000000000000000A
(1735328907.058604) can0 18E#00006B
(1735328907.068669) can0 039#001B
(1735328907.068685) can0 18E#00007A
(1735328907.076330) can0 1A4#0000000000000009
(1735328907.076488) can0 1B0#00000000000048
(1735328907.076757) can0 1D0#000000000000000A
(1735328907.078396) can0 18E#00004D
(1735328907.081444) can0 039#002A
(1735328907.088451) can0 18E#00005C
(1735328907.094514) can0 039#0039
(1735328907.095410) can0 305#8E28
(1735328907.096331) can0 1A4#0000000000000018
(1735328907.096505) can0 1B0#00000000000057
(1735328907.096806) can0 1D0#000000000000000A
(1735328907.098525) can0 18E#00006B
(1735328907.105508) can0 309#0000000000000084
(1735328907.108525) can0 18E#00007A
(1735328907.108602) can0 039#000C
(1735328907.116548) can0 1A4#0000000000000027
(1735328907.116564) can0 1B0#00000000000066
(1735328907.116757) can0 1D0#000000000000000A
(1735328907.118695) can0 18E#00004D
(1735328907.121783) can0 039#001B
(1735328907.128469) can0 18E#00005C
(1735328907.136461) can0 1A4#0000000000000036
(1735328907.136478) can0 1B0#00000000000075
(1735328907.136803) can0 1D0#000000000000000A
(1735328907.137014) can0 039#002A
(1735328907.138475) can0 18E#00006B
(1735328907.148470) can0 18E#00007A
(1735328907.151506) can0 039#0039
(1735328907.156481) can0 1A4#0000000000000009
(1735328907.156497) can0 1B0#00000000000048
(1735328907.156776) can0 1D0#000000000000000A
(1735328907.158428) can0 18E#00004D
(1735328907.168505) can0 18E#00005C
(1735328907.173223) can0 039#000C
(1735328907.176497) can0 1A4#0000000000000018
(1735328907.176518) can0 1B0#00000000000057
(1735328907.176801) can0 1D0#000000000000000A
(1735328907.178433) can0 18E#00006B
(1735328907.186532) can0 039#001B
(1735328907.188555) can0 18E#00007A
(1735328907.196434) can0 1A4#0000000000000027
(1735328907.196508) can0 1B0#00000000000066
(1735328907.196786) can0 1D0#000000000000000A
(1735328907.198685) can0 18E#00004D
(1735328907.200186) can0 039#002A
(1735328907.200452) can0 305#8E37
(1735328907.205516) can0 309#0000000000000093
(1735328907.208518) can0 18E#00005C
(1735328907.213558) can0 039#0039
(1735328907.216279) can0 1A4#0000000000000036
(1735328907.216473) can0 1B0#00000000000075
(1735328907.216751) can0 1D0#000000000000000A
(1735328907.218433) can0 18E#00006B
(1735328907.226555) can0 039#000C
(1735328907.228438) can0 18E#00007A
(1735328907.236494) can0 1A4#0000000000000009
(1735328907.236509) can0 1B0#00000000000048
(1735328907.236828) can0 1D0#000000000000000A
(1735328907.238462) can0 18E#00004D
(1735328907.240573) can0 039#001B
(1735328907.248490) can0 18E#00005C
(1735328907.256373) can0 039#002A
(1735328907.256389) can0 1A4#0000000000000018
(1735328907.256545) can0 1B0#00000000000057
(1735328907.256937) can0 1D0#000000000000000A
(1735328907.258424) can0 18E#00006B
(1735328907.268740) can0 18E#00007A
(1735328907.270775) can0 039#0039
(1735328907.276416) can0 1A4#0000000000000027
(1735328907.276579) can0 1B0#00000000000066
(1735328907.276834) can0 1D0#000000000000000A
(1735328907.278414) can0 18E#00004D
(1735328907.284533) can0 039#000C
(1735328907.288455) can0 18E#00005C
(1735328907.295566) can0 428#06010000EAEB02
(1735328907.296292) can0 1A4#0000000000000036
(1735328907.296463) can0 42A#0008
(1735328907.296690) can0 1B0#00000000000075
(1735328907.296928) can0 1D0#000000000000000A
(1735328907.298100) can0 039#001B
(1735328907.298481) can0 18E#00006B
(1735328907.305715) can0 309#00000000000000A2
(1735328907.305730) can0 305#8E0A
(1735328907.308525) can0 18E#00007A
(1735328907.311567) can0 039#002A
(1735328907.316422) can0 1A4#0000000000000009
(1735328907.316575) can0 1B0#00000000000048
(1735328907.316867) can0 1D0#000000000000000A
(1735328907.318421) can0 18E#00004D
(1735328907.325811) can0 039#0039
(1735328907.328421) can0 18E#00005C
(1735328907.336504) can0 1A4#0000000000000018
(1735328907.336551) can0 1B0#00000000000057
(1735328907.336850) can0 1D0#000000000000000A
(1735328907.338441) can0 18E#00006B
(1735328907.339033) can0 039#000C
(1735328907.348831) can0 18E#00007A
(1735328907.353737) can0 039#001B
(1735328907.356449) can0 1A4#0000000000000027
(1735328907.356553) can0 1B0#00000000000066
(1735328907.356859) can0 1D0#000000000000000A
(1735328907.358485) can0 18E#00004D
(1735328907.367753) can0 039#002A
(1735328907.368452) can0 18E#00005C
(1735328907.376389) can0 1A4#0000000000000036
(1735328907.376601) can0 1B0#00000000000075
(1735328907.376850) can0 1D0#000000000000000A
(1735328907.378445) can0 18E#00006B
(1735328907.381631) can0 039#0039
(1735328907.388760) can0 18E#00007A
(1735328907.394587) can0 039#000C
(1735328907.396352) can0 1A4#0000000000000009
(1735328907.396596) can0 1B0#00000000000048
(1735328907.396859) can0 1D0#000000000000000A
(1735328907.398679) can0 18E#00004D
(1735328907.405576) can0 309#00000000000000B1
(1735328907.408546) can0 18E#00005C
(1735328907.409523) can0 039#001B
(1735328907.410065) can0 305#8E19
(1735328907.416515) can0 1A4#0000000000000018
(1735328907.416561) can0 1B0#00000000000057
(1735328907.416883) can0 1D0#000000000000000A
(1735328907.418435) can0 18E#00006B
(1735328907.423569) can0 039#002A
(1735328907.428539) can0 18E#00007A
(1735328907.436600) can0 1A4#0000000000000027
(1735328907.436615) can0 1B0#00000000000066
(1735328907.436823) can0 1D0#000000000000000A
(1735328907.438501) can0 18E#00004D
(1735328907.445802) can0 039#0039
(1735328907.448746) can0 18E#00005C
(1735328907.456773) can0 1A4#0000000000000036
(1735328907.456788) can0 1B0#00000000000075
(1735328907.456828) can0 1D0#000000000000000A
(1735328907.458759) can0 18E#00006B
(1735328907.459497) can0 039#000C
(1735328907.468873) can0 18E#00007A
(1735328907.473066) can0 039#001B
(1735328907.476422) can0 1A4#0000000000000009
(1735328907.476623) can0 1B0#00000000000048
(1735328907.476968) can0 1D0#000000000000000A
(1735328907.478470) can0 18E#00004D
(1735328907.486814) can0 039#002A
(1735328907.488776) can0 18E#00005C
(1735328907.496699) can0 1A4#0000000000000018
(1735328907.496714) can0 1B0#00000000000057
(1735328907.496970) can0 1D0#000000000000000A
(1735328907.498786) can0 18E#00006B
(1735328907.498802) can0 039#0039
(1735328907.505918) can0 309#0000000000000084
(1735328907.508549) can0 18E#00007A
(1735328907.513848) can0 039#000C
(1735328907.514072) can0 305#8E28
(1735328907.516676) can0 1A4#0000000000000027
(1735328907.516691) can0 1B0#00000000000066
(1735328907.516970) can0 1D0#000000000000000A
(1735328907.518762) can0 18E#00004D
(1735328907.527533) can0 039#001B
(1735328907.528467) can0 18E#00005C
(1735328907.536814) can0 1A4#0000000000000036
(1735328907.536829) can0 1B0#00000000000075
(1735328907.536975) can0 1D0#000000000000000A
(1735328907.538538) can0 18E#00006B
(1735328907.547535) can0 039#002A
(1735328907.548492) can0 18E#00007A
(1735328907.556770) can0 1A4#0000000000000009
(1735328907.556786) can0 1B0#00000000000048
(1735328907.556976) can0 1D0#000000000000000A
(1735328907.558517) can0 18E#00004D
(1735328907.568549) can0 18E#00005C
(1735328907.569113) can0 039#0039
(1735328907.576439) can0 1A4#0000000000000018
(1735328907.576606) can0 1B0#00000000000057
(1735328907.576982) can0 1D0#000000000000000A
(1735328907.578489) can0 18E#00006B
(1735328907.583666) can0 039#000C
(1735328907.588520) can0 18E#00007A
(1735328907.595522) can0 428#06010000EAEB11
(1735328907.596455) can0 1A4#0000000000000027
(1735328907.596523) can0 42A#0017
(1735328907.596812) can0 1B0#00000000000066
(1735328907.597070) can0 1D0#000000000000000A
(1735328907.598668) can0 18E#00004D
(1735328907.601608) can0 039#001B
(1735328907.605889) can0 309#0000000000000093
(1735328907.608802) can0 18E#00005C
(1735328907.614710) can0 039#002A
(1735328907.615545) can0 305#8E37
(1735328907.616392) can0 1A4#0000000000000036
(1735328907.616723) can0 1B0#00000000000075
(1735328907.616986) can0 1D0#000000000000000A
(1735328907.618516) can0 18E#00006B
(1735328907.628504) can0 18E#00007A
(1735328907.630537) can0 039#0039
(1735328907.636431) can0 1A4#0000000000000009
(1735328907.636688) can0 1B0#00000000000048
(1735328907.636992) can0 1D0#000000000000000A
(1735328907.638515) can0 18E#00004D
(1735328907.643210) can0 039#000C
(1735328907.648536) can0 18E#00005C
(1735328907.656876) can0 1A4#0000000000000018
(1735328907.656892) can0 1B0#00000000000057
(1735328907.656936) can0 1D0#000000000000000A
(1735328907.658470) can0 18E#00006B
(1735328907.658562) can0 039#001B
(1735328907.668798) can0 18E#00007A
(1735328907.674127) can0 039#002A
(1735328907.676417) can0 1A4#0000000000000027
(1735328907.676719) can0 1B0#00000000000066
(1735328907.676987) can0 1D0#000000000000000A
(1735328907.678516) can0 18E#00004D
(1735328907.688535) can0 18E#00005C
(1735328907.688581) can0 039#0039
(1735328907.696791) can0 1A4#0000000000000036
(1735328907.696806) can0 1B0#00000000000075
(1735328907.696990) can0 1D0#000000000000000A
(1735328907.698795) can0 18E#00006B
(1735328907.701441) can0 039#000C
(1735328907.705594) can0 309#00000000000000A2
(1735328907.708548) can0 18E#00007A
(1735328907.714657) can0 039#001B
(1735328907.716491) can0 1A4#0000000000000009
(1735328907.716682) can0 1B0#00000000000048
(1735328907.717000) can0 1D0#000000000000000A
(1735328907.718783) can0 18E#00004D
(1735328907.721967) can0 305#8E0A
(1735328907.728511) can0 18E#00005C
(1735328907.728576) can0 039#002A
(1735328907.736898) can0 1A4#0000000000000018
(1735328907.736914) can0 1B0#00000000000057
(1735328907.736955) can0 1D0#000000000000000A
(1735328907.738777) can0 18E#00006B
(1735328907.742647) can0 039#0039
(1735328907.748537) can0 18E#00007A
(1735328907.756709) can0 1A4#0000000000000027
(1735328907.756725) can0 1B0#00000000000066
(1735328907.756970) can0 1D0#000000000000000A
(1735328907.757501) can0 039#000C
(1735328907.758499) can0 18E#00004D
(1735328907.768886) can0 18E#00005C
(1735328907.771451) can0 039#001B
(1735328907.776512) can0 1A4#0000000000000036
(1735328907.776750) can0 1B0#00000000000075
(1735328907.777022) can0 1D0#000000000000000A
(1735328907.778763) can0 18E#00006B
(1735328907.786095) can0 039#002A
(1735328907.788545) can0 18E#00007A
(1735328907.796542) can0 1A4#0000000000000009
(1735328907.796750) can0 1B0#00000000000048
(1735328907.797031) can0 1D0#000000000000000A
(1735328907.798517) can0 18E#00004D
(1735328907.799386) can0 039#0039
(1735328907.805961) can0 309#00000000000000B1
(1735328907.808838) can0 18E#00005C
(1735328907.812836) can0 039#000C
(1735328907.816892) can0 1A4#0000000000000018
(1735328907.816907) can0 1B0#00000000000057
(1735328907.816977) can0 1D0#000000000000000A
(1735328907.818536) can0 18E#00006B
(1735328907.826585) can0 039#001B
(1735328907.827129) can0 305#8E19
(1735328907.828529) can0 18E#00007A
(1735328907.836904) can0 1A4#0000000000000027
(1735328907.836919) can0 1B0#00000000000066
(1735328907.836989) can0 1D0#000000000000000A
(1735328907.838470) can0 18E#00004D
(1735328907.840557) can0 039#002A
(1735328907.848869) can0 18E#00005C
(1735328907.853910) can0 039#0039
(1735328907.856547) can0 1A4#0000000000000036
(1735328907.856784) can0 1B0#00000000000075
(1735328907.857056) can0 1D0#000000000000000A
(1735328907.858798) can0 18E#00006B
(1735328907.868540) can0 18E#00007A
(1735328907.869707) can0 039#000C
(1735328907.876592) can0 1A4#0000000000000009
(1735328907.876794) can0 1B0#00000000000048
(1735328907.877059) can0 1D0#000000000000000A
(1735328907.878494) can0 18E#00004D
(1735328907.883367) can0 039#001B
(1735328907.888863) can0 18E#00005C
(1735328907.895557) can0 428#06010000EAEB20
(1735328907.895622) can0 039#002A
(1735328907.896690) can0 42A#0026
(1735328907.896706) can0 1A4#0000000000000018
(1735328907.896912) can0 1B0#00000000000057
(1735328907.897171) can0 1D0#000000000000000A
(1735328907.898528) can0 18E#00006B
(1735328907.905709) can0 309#0000000000000084
(1735328907.908557) can0 18E#00007A
(1735328907.910152) can0 039#0039
(1735328907.916586) can0 1A4#0000000000000027
(1735328907.916815) can0 1B0#00000000000066
(1735328907.917087) can0 1D0#000000000000000A
(1735328907.918468) can0 18E#00004D
(1735328907.923584) can0 039#000C
(1735328907.928517) can0 18E#00005C
(1735328907.930596) can0 305#8E28
(1735328907.936520) can0 1A4#0000000000000036
(1735328907.936767) can0 1B0#00000000000075
(1735328907.937033) can0 1D0#000000000000000A
(1735328907.937543) can0 039#001B
(1735328907.938471) can0 18E#00006B
(1735328907.948514) can0 18E#00007A
(1735328907.951708) can0 039#002A
(1735328907.956861) can0 1A4#0000000000000009
(1735328907.956877) can0 1B0#00000000000048
(1735328907.957071) can0 1D0#000000000000000A
(1735328907.958775) can0 18E#00004D
(1735328907.965004) can0 039#0039
(1735328907.968878) can0 18E#00005C
(1735328907.976606) can0 1A4#0000000000000018
(1735328907.976787) can0 1B0#00000000000057
(1735328907.977082) can0 1D0#000000000000000A
(1735328907.978553) can0 18E#00006B
(1735328907.978611) can0 039#000C
(1735328907.988923) can0 18E#00007A
(1735328907.993182) can0 039#001B
(1735328907.996894) can0 1A4#0000000000000027
(1735328907.996909) can0 1B0#00000000000066
(1735328907.997039) can0 1D0#000000000000000A
(1735328907.998517) can0 18E#00004D
(1735328908.005745) can0 309#0000000000000093
(1735328908.006661) can0 039#002A
(1735328908.008543) can0 18E#00005C
(1735328908.016985) can0 1A4#0000000000000036
(1735328908.017001) can0 1B0#00000000000075
(1735328908.017170) can0 1D0#000000000000000A
(1735328908.018568) can0 18E#00006B
(1735328908.027064) can0 039#0039
(1735328908.028561) can0 18E#00007A
(1735328908.033964) can0 305#8E37
(1735328908.036939) can0 1A4#0000000000000009
(1735328908.036954) can0 1B0#00000000000048
(1735328908.037103) can0 1D0#000000000000000A
(1735328908.038529) can0 18E#00004D
(1735328908.039796) can0 039#000C
(1735328908.048902) can0 18E#00005C
(1735328908.055399) can0 039#001B
(1735328908.056919) can0 1A4#0000000000000018
(1735328908.056935) can0 1B0#00000000000057
(1735328908.057125) can0 1D0#000000000000000A
(1735328908.058791) can0 18E#00006B
(1735328908.068607) can0 18E#00007A
(1735328908.069800) can0 039#002A
(1735328908.076638) can0 1A4#0000000000000027
(1735328908.076864) can0 1B0#00000000000066
(1735328908.077073) can0 1D0#000000000000000A
(1735328908.078787) can0 18E#00004D
(1735328908.088630) can0 18E#00005C
(1735328908.089563) can0 039#0039
(1735328908.096969) can0 1A4#0000000000000036
(1735328908.096985) can0 1B0#00000000000075
(1735328908.097131) can0 1D0#000000000000000A
(1735328908.098822) can0 18E#00006B
(1735328908.105972) can0 309#00000000000000A2
(1735328908.108870) can0 18E#00007A
(1735328908.109572) can0 039#000C
(1735328908.117018) can0 1A4#0000000000000009
(1735328908.117033) can0 1B0#00000000000048
(1735328908.117073) can0 1D0#000000000000000A
(1735328908.118454) can0 18E#00004D
(1735328908.122681) can0 039#001B
(1735328908.128807) can0 18E#00005C
(1735328908.136983) can0 1A4#0000000000000018
(1735328908.136999) can0 1B0#00000000000057
(1735328908.137157) can0 1D0#000000000000000A
(1735328908.137574) can0 039#002A
(1735328908.138379) can0 305#8E0A
(1735328908.138509) can0 18E#00006B
(1735328908.148898) can0 18E#00007A
(1735328908.151947) can0 039#0039
(1735328908.157043) can0 1A4#0000000000000027
(1735328908.157058) can0 1B0#00000000000066
(1735328908.157142) can0 1D0#000000000000000A
(1735328908.158824) can0 18E#00004D
(1735328908.165575) can0 039#000C
(1735328908.168851) can0 18E#00005C
(1735328908.176679) can0 1A4#0000000000000036
(1735328908.176850) can0 1B0#00000000000075
(1735328908.177171) can0 1D0#000000000000000A
(1735328908.178578) can0 18E#00006B
(1735328908.179971) can0 039#001B
(1735328908.188919) can0 18E#00007A
(1735328908.193709) can0 039#002A
(1735328908.195838) can0 428#06010000EAEB3F
(1735328908.196476) can0 42A#0035
(1735328908.196740) can0 1A4#0000000000000009
(1735328908.196963) can0 1B0#00000000000048
(1735328908.197228) can0 1D0#000000000000000A
(1735328908.198544) can0 18E#00004D
(1735328908.205892) can0 309#00000000000000B1
(1735328908.208859) can0 18E#00005C
(1735328908.212829) can0 039#0039
(1735328908.216690) can0 1A4#0000000000000018
(1735328908.216870) can0 1B0#00000000000057
(1735328908.217381) can0 1D0#000000000000000A
(1735328908.218810) can0 18E#00006B
(1735328908.224788) can0 039#000C
(1735328908.228534) can0 18E#00007A
(1735328908.237075) can0 1A4#0000000000000027
(1735328908.237090) can0 1B0#00000000000066
(1735328908.237143) can0 1D0#000000000000000A
(1735328908.238551) can0 18E#00004D
(1735328908.243232) can0 039#001B
(1735328908.243624) can0 305#8E19
(1735328908.248560) can0 18E#00005C
(1735328908.257170) can0 1A4#0000000000000036
(1735328908.257180) can0 1B0#00000000000075
(1735328908.257182) can0 1D0#000000000000000A
(1735328908.258089) can0 039#002A
(1735328908.258879) can0 18E#00006B
(1735328908.268841) can0 18E#00007A
(1735328908.272033) can0 039#0039
(1735328908.276663) can0 1A4#0000000000000009
(1735328908.276931) can0 1B0#00000000000048
(1735328908.277228) can0 1D0#000000000000000A
(1735328908.278580) can0 18E#00004D
(1735328908.285062) can0 039#000C
(1735328908.288871) can0 18E#00005C
(1735328908.296715) can0 1A4#0000000000000018
(1735328908.296968) can0 1B0#00000000000057
(1735328908.297204) can0 1D0#000000000000000A
(1735328908.297960) can0 039#001B
(1735328908.298597) can0 18E#00006B
(1735328908.306031) can0 309#0000000000000084
(1735328908.308416) can0 18E#00007A
(1735328908.317121) can0 1A4#0000000000000027
(1735328908.317136) can0 1B0#00000000000066
(1735328908.317220) can0 1D0#000000000000000A
(1735328908.318819) can0 18E#00004D
(1735328908.318835) can0 039#002A
(1735328908.328541) can0 18E#00005C
(1735328908.331741) can0 039#0039
(1735328908.337107) can0 1A4#0000000000000036
(1735328908.337122) can0 1B0#00000000000075
(1735328908.337295) can0 1D0#000000000000000A
(1735328908.338590) can0 18E#00006B
(1735328908.346971) can0 039#000C
(1735328908.347256) can0 305#8E28
(1735328908.348847) can0 18E#00007A
(1735328908.357045) can0 1A4#0000000000000009
(1735328908.357060) can0 1B0#00000000000048
(1735328908.357172) can0 1D0#000000000000000A
(1735328908.358723) can0 18E#00004D
(1735328908.359719) can0 039#001B
(1735328908.368862) can0 18E#00005C
(1735328908.374110) can0 039#002A
(1735328908.376743) can0 1A4#0000000000000018
(1735328908.376976) can0 1B0#00000000000057
(1735328908.377191) can0 1D0#000000000000000A
(1735328908.378542) can0 18E#00006B
(1735328908.387133) can0 039#0039
(1735328908.388554) can0 18E#00007A
(1735328908.396795) can0 1A4#0000000000000027
(1735328908.396918) can0 1B0#00000000000066
(1735328908.397350) can0 1D0#000000000000000A
(1735328908.398577) can0 18E#00004D
(1735328908.401629) can0 039#000C
(1735328908.405972) can0 309#0000000000000093
(1735328908.408868) can0 18E#00005C
(1735328908.415085) can0 039#001B
(1735328908.417036) can0 1A4#0000000000000036
(1735328908.417052) can0 1B0#00000000000075
(1735328908.417216) can0 1D0#000000000000000A
(1735328908.418833) can0 18E#00006B
(1735328908.428575) can0 18E#00007A
(1735328908.430948) can0 039#002A
(1735328908.436777) can0 1A4#0000000000000009
(1735328908.437069) can0 1B0#00000000000048
(1735328908.437210) can0 1D0#000000000000000A
(1735328908.438581) can0 18E#00004D
(1735328908.444660) can0 039#0039
(1735328908.448575) can0 18E#00005C
(1735328908.451547) can0 305#8E37
(1735328908.457154) can0 1A4#0000000000000018
(1735328908.457170) can0 1B0#00000000000057
(1735328908.457254) can0 1D0#000000000000000A
(1735328908.457888) can0 039#000C
(1735328908.458579) can0 18E#00006B
(1735328908.468880) can0 18E#00007A
(1735328908.472468) can0 039#001B
(1735328908.476782) can0 1A4#0000000000000027
(1735328908.477067) can0 1B0#00000000000066
(1735328908.477218) can0 1D0#000000000000000A
(1735328908.478806) can0 18E#00004D
(1735328908.485975) can0 039#002A
(1735328908.488888) can0 18E#00005C
(1735328908.495994) can0 428#06010000EAEB02
(1735328908.496495) can0 42A#0008
(1735328908.496799) can0 1A4#0000000000000036
(1735328908.497067) can0 1B0#00000000000075
(1735328908.497234) can0 1D0#000000000000000A
(1735328908.497930) can0 039#0039
(1735328908.498608) can0 18E#00006B
(1735328908.505678) can0 309#00000000000000A2
(1735328908.508585) can0 18E#00007A
(1735328908.512004) can0 039#000C
(1735328908.516944) can0 1A4#0000000000000009
(1735328908.517008) can0 1B0#00000000000048
(1735328908.517280) can0 1D0#000000000000000A
(1735328908.518590) can0 18E#00004D
(1735328908.526709) can0 039#001B
(1735328908.528567) can0 18E#00005C
(1735328908.536790) can0 1A4#0000000000000018
(1735328908.537075) can0 1B0#00000000000057
(1735328908.537246) can0 1D0#000000000000000A
(1735328908.538591) can0 18E#00006B
(1735328908.539795) can0 039#002A
(1735328908.548601) can0 18E#00007A
(1735328908.554503) can0 039#0039
(1735328908.554632) can0 305#8E0A
(1735328908.556819) can0 1A4#0000000000000027
(1735328908.557056) can0 1B0#00000000000066
(1735328908.557247) can0 1D0#000000000000000A
(1735328908.558568) can0 18E#00004D
(1735328908.568564) can0 18E#00005C
(1735328908.569774) can0 039#000C
(1735328908.576832) can0 1A4#0000000000000036
(1735328908.577086) can0 1B0#00000000000075
(1735328908.577252) can0 1D0#000000000000000A
(1735328908.578592) can0 18E#00006B
(1735328908.583115) can0 039#001B
(1735328908.588858) can0 18E#00007A
(1735328908.597007) can0 1A4#0000000000000009
(1735328908.597065) can0 1B0#00000000000048
(1735328908.597266) can0 1D0#000000000000000A
(1735328908.598698) can0 18E#00004D
(1735328908.601057) can0 039#002A
(1735328908.606031) can0 309#00000000000000B1
(1735328908.608896) can0 18E#00005C
(1735328908.615635) can0 039#0039
(1735328908.617104) can0 1A4#0000000000000018
(1735328908.617119) can0 1B0#00000000000057
(1735328908.617251) can0 1D0#000000000000000A
(1735328908.618772) can0 18E#00006B
(1735328908.628591) can0 18E#00007A
(1735328908.630883) can0 039#000C
(1735328908.637146) can0 1A4#0000000000000027
(1735328908.637161) can0 1B0#00000000000066
(1735328908.637301) can0 1D0#000000000000000A
(1735328908.638690) can0 18E#00004D
(1735328908.644294) can0 039#001B
(1735328908.648586) can0 18E#00005C
(1735328908.656937) can0 1A4#0000000000000036
(1735328908.657027) can0 1B0#00000000000075
(1735328908.657297) can0 1D0#000000000000000A
(1735328908.658701) can0 18E#00006B
(1735328908.658717) can0 039#002A
(1735328908.659570) can0 305#8E19
(1735328908.668593) can0 18E#00007A
(1735328908.674135) can0 039#0039
(1735328908.676875) can0 1A4#0000000000000009
(1735328908.677050) can0 1B0#00000000000048
(1735328908.677308) can0 1D0#000000000000000A
(1735328908.678844) can0 18E#00004D
(1735328908.687194) can0 039#000C
(1735328908.688860) can0 18E#00005C
(1735328908.697173) can0 1A4#0000000000000018
(1735328908.697189) can0 1B0#00000000000057
(1735328908.697313) can0 1D0#000000000000000A
(1735328908.698709) can0 18E#00006B
(1735328908.704883) can0 039#001B
(1735328908.705729) can0 309#0000000000000084
(1735328908.708943) can0 18E#00007A
(1735328908.717181) can0 1A4#0000000000000027
(1735328908.717196) can0 1B0#00000000000066
(1735328908.717317) can0 1D0#000000000000000A
(1735328908.718837) can0 18E#00004D
(1735328908.719466) can0 039#002A
(1735328908.728588) can0 18E#00005C
(1735328908.734679) can0 039#0039
(1735328908.736883) can0 1A4#0000000000000036
(1735328908.737158) can0 1B0#00000000000075
(1735328908.737340) can0 1D0#000000000000000A
(1735328908.738629) can0 18E#00006B
(1735328908.748652) can0 18E#00007A
(1735328908.748708) can0 039#000C
(1735328908.756881) can0 1A4#0000000000000009
(1735328908.757142) can0 1B0#00000000000048
(1735328908.757375) can0 1D0#000000000000000A
(1735328908.758841) can0 18E#00004D
(1735328908.763758) can0 039#001B
(1735328908.764579) can0 305#8E28
(1735328908.768933) can0 18E#00005C
(1735328908.776910) can0 1A4#0000000000000018
(1735328908.777080) can0 1B0#00000000000057
(1735328908.777337) can0 1D0#000000000000000A
(1735328908.777759) can0 039#002A
(1735328908.778621) can0 18E#00006B
(1735328908.788983) can0 18E#00007A
(1735328908.795641) can0 428#06010000EAEB11
(1735328908.796516) can0 42A#0017
(1735328908.796969) can0 1A4#0000000000000027
(1735328908.797074) can0 1B0#00000000000066
(1735328908.797410) can0 1D0#000000000000000A
(1735328908.797752) can0 039#0039
(1735328908.798596) can0 18E#00004D
(1735328908.805661) can0 309#0000000000000093
(1735328908.808774) can0 18E#00005C
(1735328908.810734) can0 039#000C
(1735328908.817215) can0 1A4#0000000000000036
(1735328908.817231) can0 1B0#00000000000075
(1735328908.817347) can0 1D0#000000000000000A
(1735328908.818642) can0 18E#00006B
(1735328908.824858) can0 039#001B
(1735328908.828626) can0 18E#00007A
(1735328908.836953) can0 1A4#0000000000000009
(1735328908.837103) can0 1B0#00000000000048
(1735328908.837415) can0 1D0#000000000000000A
(1735328908.838617) can0 18E#00004D
(1735328908.838708) can0 039#002A
(1735328908.848940) can0 18E#00005C
(1735328908.852674) can0 039#0039
(1735328908.857081) can0 1A4#0000000000000018
(1735328908.857140) can0 1B0#00000000000057
(1735328908.857408) can0 1D0#000000000000000A
(1735328908.858690) can0 18E#00006B
(1735328908.868662) can0 039#000C
(1735328908.868678) can0 18E#00007A
(1735328908.868720) can0 305#8E37
(1735328908.876920) can0 1A4#0000000000000027
(1735328908.877164) can0 1B0#00000000000066
(1735328908.877426) can0 1D0#000000000000000A
(1735328908.878628) can0 18E#00004D
(1735328908.882085) can0 039#001B
(1735328908.888814) can0 18E#00005C
(1735328908.897150) can0 1A4#0000000000000036
(1735328908.897166) can0 1B0#00000000000075
(1735328908.897435) can0 1D0#000000000000000A
(1735328908.898804) can0 18E#00006B
(1735328908.902132) can0 039#002A
(1735328908.905681) can0 309#00000000000000A2
(1735328908.908820) can0 18E#00007A
(1735328908.916959) can0 1A4#0000000000000009
(1735328908.917187) can0 1B0#00000000000048
(1735328908.917453) can0 1D0#000000000000000A
(1735328908.918431) can0 18E#00004D
(1735328908.922180) can0 039#0039
(1735328908.928610) can0 18E#00005C
(1735328908.934873) can0 039#000C
(1735328908.937145) can0 1A4#0000000000000018
(1735328908.937161) can0 1B0#00000000000057
(1735328908.937437) can0 1D0#000000000000000A
(1735328908.938726) can0 18E#00006B
(1735328908.948921) can0 18E#00007A
(1735328908.950857) can0 039#001B
(1735328908.957243) can0 1A4#0000000000000027
(1735328908.957259) can0 1B0#00000000000066
(1735328908.957442) can0 1D0#000000000000000A
(1735328908.958815) can0 18E#00004D
(1735328908.965096) can0 039#002A
(1735328908.968970) can0 18E#00005C
(1735328908.973072) can0 305#8E0A
(1735328908.976955) can0 1A4#0000000000000036
(1735328908.977200) can0 1B0#00000000000075
(1735328908.977410) can0 1D0#000000000000000A
(1735328908.978841) can0 18E#00006B
(1735328908.980019) can0 039#0039
(1735328908.989018) can0 18E#00007A
(1735328908.997184) can0 1A4#0000000000000009
(1735328908.997199) can0 1B0#00000000000048
(1735328908.997430) can0 1D0#000000000000000A
(1735328908.998014) can0 039#000C
(1735328908.998694) can0 18E#00004D
(1735328909.005796) can0 309#00000000000000B1
(1735328909.008716) can0 18E#00005C
(1735328909.010859) can0 039#001B
(1735328909.016991) can0 1A4#0000000000000018
(1735328909.017165) can0 1B0#00000000000057
(1735328909.017480) can0 1D0#000000000000000A
(1735328909.018844) can0 18E#00006B
(1735328909.027392) can0 039#002A
(1735328909.028820) can0 18E#00007A
(1735328909.037172) can0 1A4#0000000000000027
(1735328909.037187) can0 1B0#00000000000066
(1735328909.037452) can0 1D0#000000000000000A
(1735328909.038560) can0 18E#00004D
(1735328909.040972) can0 039#0039
(1735328909.048631) can0 18E#00005C
(1735328909.055159) can0 039#000C
(1735328909.057019) can0 1A4#0000000000000036
(1735328909.057175) can0 1B0#00000000000075
(1735328909.057493) can0 1D0#000000000000000A
(1735328909.058803) can0 18E#00006B
(1735328909.069008) can0 18E#00007A
(1735328909.070015) can0 039#001B
(1735328909.077014) can0 1A4#0000000000000009
(1735328909.077193) can0 1B0#00000000000048
(1735328909.077500) can0 1D0#000000000000000A
(1735328909.077723) can0 305#8E19
(1735328909.078618) can0 18E#00004D
(1735328909.084488) can0 039#002A
(1735328909.088948) can0 18E#00005C
(1735328909.095773) can0 428#06010000EAEB20
(1735328909.096500) can0 42A#0026
(1735328909.097105) can0 1A4#0000000000000018
(1735328909.097193) can0 1B0#00000000000057
(1735328909.097322) can0 039#0039
(1735328909.097741) can0 1D0#000000000000000A
(1735328909.098664) can0 18E#00006B
(1735328909.106090) can0 309#0000000000000084
(1735328909.108991) can0 18E#00007A
(1735328909.110831) can0 039#000C
(1735328909.117264) can0 1A4#0000000000000027
(1735328909.117280) can0 1B0#00000000000066
(1735328909.117471) can0 1D0#000000000000000A
(1735328909.118635) can0 18E#00004D
(1735328909.128883) can0 18E#00005C
(1735328909.131162) can0 039#001B
(1735328909.136988) can0 1A4#0000000000000036
(1735328909.137215) can0 1B0#00000000000075
(1735328909.137470) can0 1D0#000000000000000A
(1735328909.138786) can0 18E#00006B
(1735328909.143895) can0 039#002A
(1735328909.148634) can0 18E#00007A
(1735328909.157051) can0 1A4#0000000000000009
(1735328909.157215) can0 1B0#00000000000048
(1735328909.157518) can0 1D0#000000000000000A
(1735328909.158813) can0 18E#00004D
(1735328909.159804) can0 039#0039
(1735328909.168757) can0 18E#00005C
(1735328909.175121) can0 039#000C
(1735328909.177045) can0 1A4#0000000000000018
(1735328909.177230) can0 1B0#00000000000057
(1735328909.177538) can0 1D0#000000000000000A
(1735328909.178627) can0 18E#00006B
(1735328909.181035) can0 305#8E28
(1735328909.189037) can0 18E#00007A
(1735328909.193877) can0 039#001B
(1735328909.197204) can0 1A4#0000000000000027
(1735328909.197256) can0 1B0#00000000000066
(1735328909.197547) can0 1D0#000000000000000A
(1735328909.198724) can0 18E#00004D
(1735328909.205853) can0 309#0000000000000093
(1735328909.208629) can0 18E#00005C
(1735328909.213150) can0 039#002A
(1735328909.217187) can0 1A4#0000000000000036
(1735328909.217297) can0 1B0#00000000000075
(1735328909.217548) can0 1D0#000000000000000A
(1735328909.218640) can0 18E#00006B
(1735328909.226866) can0 039#0039
(1735328909.228651) can0 18E#00007A
(1735328909.237321) can0 1A4#0000000000000009
(1735328909.237337) can0 1B0#00000000000048
(1735328909.237511) can0 1D0#000000000000000A
(1735328909.238658) can0 18E#00004D
(1735328909.242229) can0 039#000C
(1735328909.248662) can0 18E#00005C
(1735328909.256197) can0 039#001B
(1735328909.257270) can0 1A4#0000000000000018
(1735328909.257285) can0 1B0#00000000000057
(1735328909.257586) can0 1D0#000000000000000A
(1735328909.258737) can0 18E#00006B
(1735328909.269063) can0 18E#00007A
(1735328909.269224) can0 039#002A
(1735328909.277085) can0 1A4#0000000000000027
(1735328909.277317) can0 1B0#00000000000066
(1735328909.277584) can0 1D0#000000000000000A
(1735328909.278767) can0 18E#00004D
(1735328909.283256) can0 039#0039
(1735328909.283807) can0 305#8E37
(1735328909.288982) can0 18E#00005C
(1735328909.297246) can0 1A4#0000000000000036
(1735328909.297262) can0 1B0#00000000000075
(1735328909.297390) can0 039#000C
(1735328909.297792) can0 1D0#000000000000000A
(1735328909.298653) can0 18E#00006B
(1735328909.306116) can0 309#00000000000000A2
(1735328909.308964) can0 18E#00007A
(1735328909.310290) can0 039#001B
(1735328909.317408) can0 1A4#0000000000000009
(1735328909.317423) can0 1B0#00000000000048
(1735328909.317526) can0 1D0#000000000000000A
(1735328909.318638) can0 18E#00004D
(1735328909.324287) can0 039#002A
(1735328909.328962) can0 18E#00005C
(1735328909.337424) can0 1A4#0000000000000018
(1735328909.337440) can0 1B0#00000000000057
(1735328909.337554) can0 1D0#000000000000000A
(1735328909.338746) can0 18E#00006B
(1735328909.339940) can0 039#0039
(1735328909.349046) can0 18E#00007A
(1735328909.354431) can0 039#000C
(1735328909.357340) can0 1A4#0000000000000027
(1735328909.357355) can0 1B0#00000000000066
(1735328909.357582) can0 1D0#000000000000000A
(1735328909.358607) can0 18E#00004D
(1735328909.368993) can0 18E#00005C
(1735328909.369009) can0 039#001B
(1735328909.377171) can0 1A4#0000000000000036
(1735328909.377309) can0 1B0#00000000000075
(1735328909.377757) can0 1D0#000000000000000A
(1735328909.378746) can0 18E#00006B
(1735328909.383243) can0 039#002A
(1735328909.388902) can0 18E#00007A
(1735328909.389420) can0 305#8E0A
(1735328909.395990) can0 428#06010000EAEB3F
(1735328909.396540) can0 42A#0035
(1735328909.397272) can0 1A4#0000000000000009
(1735328909.397331) can0 1B0#00000000000048
(1735328909.397608) can0 1D0#000000000000000A
(1735328909.398603) can0 18E#00004D
(1735328909.403261) can0 039#0039
(1735328909.406138) can0 309#00000000000000B1
(1735328909.408689) can0 18E#00005C
(1735328909.417416) can0 1A4#0000000000000018
(1735328909.417432) can0 1B0#00000000000057
(1735328909.417643) can0 1D0#000000000000000A
(1735328909.418751) can0 18E#00006B
(1735328909.422860) can0 039#000C
(1735328909.428676) can0 18E#00007A
(1735328909.437361) can0 1A4#0000000000000027
(1735328909.437376) can0 1B0#00000000000066
(1735328909.437617) can0 1D0#000000000000000A
(1735328909.438623) can0 18E#00004D
(1735328909.442947) can0 039#001B
(1735328909.448977) can0 18E#00005C
(1735328909.457190) can0 039#002A
(1735328909.457206) can0 1A4#0000000000000036
(1735328909.457422) can0 1B0#00000000000075
(1735328909.457675) can0 1D0#000000000000000A
(1735328909.458748) can0 18E#00006B
(1735328909.468981) can0 18E#00007A
(1735328909.473247) can0 039#0039
(1735328909.477177) can0 1A4#0000000000000009
(1735328909.477352) can0 1B0#00000000000048
(1735328909.477652) can0 1D0#000000000000000A
(1735328909.478606) can0 18E#00004D
(1735328909.487264) can0 039#000C
(1735328909.488939) can0 18E#00005C
(1735328909.493901) can0 305#8E19
(1735328909.497377) can0 1A4#0000000000000018
(1735328909.497393) can0 1B0#00000000000057
(1735328909.497647) can0 1D0#000000000000000A
(1735328909.498689) can0 18E#00006B
(1735328909.500204) can0 039#001B
(1735328909.506062) can0 309#0000000000000084
(1735328909.508998) can0 18E#00007A
(1735328909.515071) can0 039#002A
(1735328909.517344) can0 1A4#0000000000000027
(1735328909.517359) can0 1B0#00000000000066
(1735328909.517644) can0 1D0#000000000000000A
(1735328909.518635) can0 18E#00004D
(1735328909.528954) can0 18E#00005C
(1735328909.528969) can0 039#0039
(1735328909.537441) can0 1A4#0000000000000036
(1735328909.537456) can0 1B0#00000000000075
(1735328909.537652) can0 1D0#000000000000000A
(1735328909.538691) can0 18E#00006B
(1735328909.548672) can0 18E#00007A
(1735328909.548947) can0 039#000C
(1735328909.557304) can0 1A4#0000000000000009
(1735328909.557353) can0 1B0#00000000000048
(1735328909.557686) can0 1D0#000000000000000A
(1735328909.558662) can0 18E#00004D
(1735328909.568970) can0 18E#00005C
(1735328909.571237) can0 039#001B
(1735328909.577177) can0 1A4#0000000000000018
(1735328909.577449) can0 1B0#00000000000057
(1735328909.577678) can0 1D0#000000000000000A
(1735328909.578685) can0 18E#00006B
(1735328909.588972) can0 18E#00007A
(1735328909.591149) can0 039#002A
(1735328909.597268) can0 1A4#0000000000000027
(1735328909.597375) can0 1B0#00000000000066
(1735328909.597791) can0 1D0#000000000000000A
(1735328909.597864) can0 305#8E28
(1735328909.598941) can0 18E#00004D
(1735328909.604739) can0 039#0039
(1735328909.606065) can0 309#0000000000000093
(1735328909.608661) can0 18E#00005C
(1735328909.617518) can0 1A4#0000000000000036
(1735328909.617533) can0 1B0#00000000000075
(1735328909.617696) can0 1D0#000000000000000A
(1735328909.617849) can0 039#000C
(1735328909.618794) can0 18E#00006B
(1735328909.628691) can0 18E#00007A
(1735328909.631934) can0 039#001B
(1735328909.637493) can0 1A4#0000000000000009
(1735328909.637509) can0 1B0#00000000000048
(1735328909.637699) can0 1D0#000000000000000A
(1735328909.638774) can0 18E#00004D
(1735328909.643968) can0 039#002A
(1735328909.649000) can0 18E#00005C
(1735328909.657273) can0 1A4#0000000000000018
(1735328909.657452) can0 1B0#00000000000057
(1735328909.657714) can0 1D0#000000000000000A
(1735328909.657974) can0 039#0039
(1735328909.658707) can0 18E#00006B
(1735328909.668993) can0 18E#00007A
(1735328909.673297) can0 039#000C
(1735328909.677228) can0 1A4#0000000000000027
(1735328909.677469) can0 1B0#00000000000066
(1735328909.677716) can0 1D0#000000000000000A
(1735328909.678714) can0 18E#00004D
(1735328909.688966) can0 18E#00005C
(1735328909.692948) can0 039#001B
(1735328909.695937) can0 428#06010000EAEB02
(1735328909.696700) can0 42A#0008
(1735328909.697341) can0 1A4#0000000000000036
(1735328909.697411) can0 1B0#00000000000075
(1735328909.697878) can0 1D0#000000000000000A
(1735328909.698792) can0 18E#00006B
(1735328909.700208) can0 305#8E37
(1735328909.706100) can0 309#00000000000000A2
(1735328909.706491) can0 039#002A
(1735328909.708701) can0 18E#00007A
(1735328909.717584) can0 1A4#0000000000000009
(1735328909.717599) can0 1B0#00000000000048
(1735328909.717687) can0 1D0#000000000000000A
(1735328909.718736) can0 18E#00004D
(1735328909.722275) can0 039#0039
(1735328909.728691) can0 18E#00005C
(1735328909.735073) can0 039#000C
(1735328909.737491) can0 1A4#0000000000000018
(1735328909.737507) can0 1B0#00000000000057
(1735328909.737744) can0 1D0#000000000000000A
(1735328909.738632) can0 18E#00006B
(1735328909.747974) can0 039#001B
(1735328909.748690) can0 18E#00007A
(1735328909.757648) can0 1A4#0000000000000027
(1735328909.757664) can0 1B0#00000000000066
(1735328909.757705) can0 1D0#000000000000000A
(1735328909.758752) can0 18E#00004D
(1735328909.763207) can0 039#002A
(1735328909.768813) can0 18E#00005C
(1735328909.777287) can0 1A4#0000000000000036
(1735328909.777511) can0 1B0#00000000000075
(1735328909.777755) can0 1D0#000000000000000A
(1735328909.777955) can0 039#0039
(1735328909.778928) can0 18E#00006B
(1735328909.788796) can0 18E#00007A
(1735328909.797262) can0 039#000C
(1735328909.797274) can0 1A4#0000000000000009
(1735328909.797454) can0 1B0#00000000000048
(1735328909.797753) can0 1D0#000000000000000A
(1735328909.798685) can0 18E#00004D
