(1674148663.666929) can0 1AB#800046
(1674148663.667646) can0 039#00001B
(1674148663.668260) can0 158#0000000000000019
(1674148663.668437) can0 130#FEA7FEA70000059A
(1674148663.668685) can0 140#8000000000000029
(1674148663.668931) can0 17C#000400001000001E
(1674148663.669139) can0 221#2E0000000003
(1674148663.669287) can0 1D6#0004
(1674148663.669536) can0 1DC#000000000000102B
(1674148663.669757) can0 1DD#FFFB1B9F0000003E
(1674148663.670014) can0 1ED#21FF00000B
(1674148663.670137) can0 296#00000007
(1674148663.671124) can0 1CC#00002D
(1674148663.671684) can0 112#000022
(1674148663.671886) can0 1A4#0067042410800108
(1674148663.672140) can0 1AC#7FFF03000000000A
(1674148663.672363) can0 1B0#182F0000020000
(1674148663.672608) can0 1C2#2B00003000000009
(1674148663.672858) can0 1D0#000000000000000A
(1674148663.673114) can0 1EA#000000000000040B
(1674148663.674185) can0 1FB#2B
(1674148663.675012) can0 14A#FFF1000007FFF133
(1674148663.675735) can0 094#8064880E01000C59
(1674148663.678335) can0 158#0000000000000028
(1674148663.678562) can0 130#FEA7FEA7000005A9
(1674148663.678890) can0 140#8000000000000038
(1674148663.679142) can0 17C#000400001000002D
(1674148663.681759) can0 112#000031
(1674148663.685106) can0 14A#FFF1000007FFF106
(1674148663.685829) can0 094#8064880A01000C6C
(1674148663.686975) can0 1AB#800055
(1674148663.688356) can0 158#0000000000000037
(1674148663.688569) can0 130#FEA7FEA7000005B8
(1674148663.688877) can0 140#800000000000000B
(1674148663.689073) can0 17C#000400001000003C
(1674148663.689363) can0 1D6#0013
(1674148663.689648) can0 1DC#000000000000103A
(1674148663.689837) can0 1DD#FFFB1B9F00000001
(1674148663.690084) can0 1ED#21FF00001A
(1674148663.690211) can0 309#000000000000409F
(1674148663.690460) can0 32F#0000000000000013
(1674148663.690705) can0 326#328100200000001C
(1674148663.691170) can0 371#000000000000001C
(1674148663.691192) can0 1CC#00003C
(1674148663.691280) can0 372#E000001D
(1674148663.691585) can0 374#4E0000008D40001E
(1674148663.691822) can0 378#0000000010800058
(1674148663.692020) can0 112#000004
(1674148663.692140) can0 1A4#0067042410800117
(1674148663.692410) can0 1AC#7FFF030000000019
(1674148663.692635) can0 1B0#182F000002001F
(1674148663.692927) can0 1C2#2B00003000000018
(1674148663.693184) can0 1D0#000000000000000A
(1674148663.693432) can0 1EA#000000000000041A
(1674148663.693685) can0 255#000000005555AAAC
(1674148663.693929) can0 37B#0000002000000010
(1674148663.694158) can0 396#0000004E000013
(1674148663.694267) can0 1FB#3A
(1674148663.695014) can0 14A#FFF1000007FFF115
(1674148663.695749) can0 094#8064880E01000C77
(1674148663.698254) can0 158#000000000000000A
(1674148663.698435) can0 130#FEA7FEA70000058B
(1674148663.698684) can0 140#800000000000001A
(1674148663.698993) can0 17C#000400001000000F
(1674148663.701738) can0 112#000013
(1674148663.705136) can0 14A#FFF1000007FFF124
(1674148663.705799) can0 094#8064880A01000C4E
(1674148663.707037) can0 1AB#800064
(1674148663.707822) can0 039#00002A
(1674148663.708340) can0 158#0000000000000019
(1674148663.708515) can0 130#FEA7FEA70000059A
(1674148663.708756) can0 140#8000000000000029
(1674148663.709010) can0 17C#000400001000001E
(1674148663.709207) can0 221#2E0000000012
(1674148663.709271) can0 1D6#0022
(1674148663.709623) can0 1DC#000000000000100D
(1674148663.709855) can0 1DD#FFFB1B9F00000010
(1674148663.710100) can0 1ED#21FF000029
(1674148663.710116) can0 296#00000016
(1674148663.710378) can0 555#0000000405
(1674148663.711215) can0 1CC#00000F
(1674148663.711842) can0 112#000022
(1674148663.712080) can0 1A4#0067042410800126
(1674148663.712305) can0 1AC#7FFF030000000028
(1674148663.712529) can0 1B0#182F000002002E
(1674148663.712774) can0 1C2#2B00003000000027
(1674148663.712998) can0 1D0#000000000000000A
(1674148663.713244) can0 1EA#0000000000000429
(1674148663.713505) can0 31B#5A40000000000024
(1674148663.713759) can0 305#8054F700010026
(1674148663.714261) can0 1FB#0D
(1674148663.715131) can0 14A#FFF1000007FFF133
(1674148663.715847) can0 094#8064880E02000C58
(1674148663.718602) can0 158#0000000000000028
(1674148663.718771) can0 130#FEA7FEA7000005A9
(1674148663.719044) can0 140#8000000000000038
(1674148663.719242) can0 17C#000400001000002D
(1674148663.721599) can0 400#C12202021E
(1674148663.721640) can0 320#0000005400000028
(1674148663.721950) can0 324#7C5D000000000AA6
(1674148663.722114) can0 112#000031
(1674148663.722370) can0 328#0000000000200063
(1674148663.722498) can0 339#8C45F02B
(1674148663.722761) can0 34E#0053006000000032
(1674148663.723009) can0 40C#BC00000000000010
(1674148663.725253) can0 14A#FFF1000007FFF106
(1674148663.725863) can0 094#8064880E01000C68
(1674148663.727032) can0 1AB#800073
(1674148663.728477) can0 158#0000000000000037
(1674148663.728570) can0 130#FEA7FEA7000005B8
(1674148663.728892) can0 140#800000000000000B
(1674148663.729078) can0 17C#000400001000003C
(1674148663.729338) can0 3A1#2DC000000000003C
(1674148663.729376) can0 1D6#0031
(1674148663.729730) can0 1DC#000000000000101C
(1674148663.729942) can0 1DD#FFFB1B9F0000002F
(1674148663.730134) can0 1ED#21FF000038
(1674148663.731251) can0 1CC#00001E
(1674148663.731927) can0 112#000004
(1674148663.732105) can0 1A4#0067042410800135
(1674148663.732358) can0 1AC#7FFF030000000037
(1674148663.732578) can0 1B0#182F000002003D
(1674148663.732825) can0 1C2#2B00003000000036
(1674148663.733083) can0 1D0#000000000000000A
(1674148663.733292) can0 1EA#0000000000000438
(1674148663.733543) can0 255#000000005555ABAB
(1674148663.734194) can0 1FB#1C
(1674148663.735174) can0 14A#FFF1000007FFF115
(1674148663.735825) can0 094#8064880E01000C77
(1674148663.738453) can0 158#000000000000000A
(1674148663.738478) can0 130#FEA7FEA70000058B
(1674148663.738771) can0 140#800000000000001A
(1674148663.739114) can0 17C#000400001000000F
(1674148663.742029) can0 112#000013
(1674148663.745244) can0 14A#FFF1000007FFF124
(1674148663.745785) can0 094#8064880E01000C4A
(1674148663.747130) can0 1AB#800046
(1674148663.747827) can0 039#000039
(1674148663.748400) can0 158#0000000000000019
(1674148663.748550) can0 130#FEA7FEA70000059A
(1674148663.748811) can0 140#8000000000000029
(1674148663.749087) can0 17C#000400001000001E
(1674148663.749297) can0 1D6#0004
(1674148663.749542) can0 1DC#000000000000102B
(1674148663.749766) can0 1DD#FFFB1B9F0000003E
(1674148663.749973) can0 1ED#21FF00000B
(1674148663.750186) can0 221#2E0000000021
(1674148663.750354) can0 296#00000025
(1674148663.751329) can0 1CC#00002D
(1674148663.752000) can0 112#000022
(1674148663.752150) can0 1A4#0067042410800108
(1674148663.752376) can0 1AC#7FFF03000000000A
(1674148663.752593) can0 1B0#182F0000020000
(1674148663.752848) can0 1C2#2B00003000000009
(1674148663.753107) can0 1D0#000000000000000A
(1674148663.753360) can0 1EA#000000000000040B
(1674148663.754348) can0 1FB#2B
(1674148663.755162) can0 14A#FFF1000007FFF133
(1674148663.755815) can0 094#8064880E01000C59
(1674148663.758621) can0 158#0000000000000028
(1674148663.758646) can0 130#FEA7FEA7000005A9
(1674148663.758925) can0 140#8000000000000038
(1674148663.759188) can0 17C#000400001000002D
(1674148663.762062) can0 112#000031
(1674148663.765622) can0 14A#FFF1000007FFF106
(1674148663.765777) can0 094#8064880E01000C68
(1674148663.767055) can0 1AB#800055
(1674148663.768321) can0 158#0000000000000037
(1674148663.768560) can0 130#FEA7FEA7000005B8
(1674148663.768782) can0 140#800000000000000B
(1674148663.769036) can0 17C#000400001000003C
(1674148663.769308) can0 1D6#0013
(1674148663.769555) can0 1DC#000000000000103A
(1674148663.769797) can0 1DD#FFFB1B9F00000001
(1674148663.770036) can0 1ED#21FF00001A
(1674148663.771116) can0 1CC#00003C
(1674148663.771886) can0 112#000004
(1674148663.772129) can0 1A4#0067042410800117
(1674148663.772382) can0 1AC#7FFF030000000019
(1674148663.772605) can0 1B0#182F000002001F
(1674148663.772853) can0 1C2#2B00003000000018
(1674148663.773079) can0 1D0#000000000000000A
(1674148663.773333) can0 1EA#000000000000041A
(1674148663.773581) can0 255#000000005555ACAA
(1674148663.774061) can0 1FB#3A
(1674148663.775042) can0 14A#FFF1000007FFF115
(1674148663.775712) can0 094#8064880E01000C77
(1674148663.778309) can0 158#000000000000000A
(1674148663.778438) can0 130#FEA7FEA70000058B
(1674148663.778683) can0 140#800000000000001A
(1674148663.778947) can0 17C#000400001000000F
(1674148663.781903) can0 112#000013
(1674148663.785207) can0 14A#FFF1000007FFF124
(1674148663.785839) can0 094#8064880A01000C4E
(1674148663.787031) can0 1AB#800064
(1674148663.787828) can0 039#00000C
(1674148663.788732) can0 158#0000000000000019
(1674148663.788754) can0 130#FEA7FEA70000059A
(1674148663.788757) can0 140#8000000000000029
(1674148663.789098) can0 17C#000400001000001E
(1674148663.789257) can0 221#2E0000000030
(1674148663.789295) can0 1D6#0022
(1674148663.789626) can0 1DC#000000000000100D
(1674148663.789906) can0 1DD#FFFB1B9F00000010
(1674148663.790084) can0 1ED#21FF000029
(1674148663.790148) can0 296#00000034
(1674148663.790460) can0 32F#0000000000000022
(1674148663.790698) can0 309#00000000000040AE
(1674148663.790957) can0 326#328100200000002B
(1674148663.791209) can0 371#000000000000002B
(1674148663.791343) can0 1CC#00000F
(1674148663.791519) can0 372#E000002C
(1674148663.791765) can0 374#4E0000008D40002D
(1674148663.792080) can0 378#0000000010800067
(1674148663.792102) can0 112#000022
(1674148663.792449) can0 1A4#0067042410800126
(1674148663.792638) can0 1AC#7FFF030000000028
(1674148663.792885) can0 1B0#182F000002002E
(1674148663.793131) can0 1C2#2B00003000000027
(1674148663.793382) can0 1D0#000000000000000A
(1674148663.793616) can0 1EA#0000000000000429
(1674148663.793886) can0 37B#000000200000002F
(1674148663.794124) can0 396#0000004E000022
(1674148663.794146) can0 1FB#0D
(1674148663.795081) can0 14A#FFF1000007FFF133
(1674148663.795838) can0 094#8064880E02000C58
(1674148663.798484) can0 158#0000000000000028
(1674148663.798614) can0 130#FEA7FEA7000005A9
(1674148663.798930) can0 140#8000000000000038
(1674148663.799176) can0 17C#000400001000002D
(1674148663.802061) can0 112#000031
(1674148663.805166) can0 14A#FFF1000007FFF106
(1674148663.805852) can0 094#8064880E02000C67
(1674148663.807000) can0 1AB#800073
(1674148663.808921) can0 158#0000000000000037
(1674148663.808946) can0 130#FEA7FEA7000005B8
(1674148663.808949) can0 140#800000000000000B
(1674148663.809127) can0 17C#000400001000003C
(1674148663.809376) can0 1D6#0031
(1674148663.809622) can0 1DC#000000000000101C
(1674148663.809887) can0 1DD#FFFB1B9F0000002F
(1674148663.810077) can0 1ED#21FF000038
(1674148663.810317) can0 405#0000000000008016
(1674148663.810542) can0 428#00000000000019
(1674148663.811558) can0 1CC#00001E
(1674148663.812103) can0 112#000004
(1674148663.812265) can0 1A4#0067042410800135
(1674148663.812506) can0 1AC#7FFF030000000037
(1674148663.812731) can0 1B0#182F000002003D
(1674148663.812985) can0 1C2#2B00003000000036
(1674148663.813195) can0 1D0#000000000000000A
(1674148663.813446) can0 1EA#0000000000000438
(1674148663.813716) can0 255#000000005555ADA9
(1674148663.813925) can0 305#8054F700010035
(1674148663.814170) can0 31B#5A40000000000033
(1674148663.814315) can0 3D9#008421
(1674148663.814351) can0 45B#0022
(1674148663.814608) can0 1FB#1C
(1674148663.815142) can0 14A#FFF1000007FFF115
(1674148663.815806) can0 094#8064880A01000C7B
(1674148663.818359) can0 158#000000000000000A
(1674148663.818591) can0 130#FEA7FEA70000058B
(1674148663.818827) can0 140#800000000000001A
(1674148663.819070) can0 17C#000400001000000F
(1674148663.821443) can0 324#7C5D000000000AB5
(1674148663.821608) can0 3D7#B000000000000042
(1674148663.821872) can0 320#0000005400000037
(1674148663.822108) can0 328#0000000000200072
(1674148663.822256) can0 112#000013
(1674148663.822426) can0 339#8C45F03A
(1674148663.822649) can0 34E#0053006000000005
(1674148663.822902) can0 454#4AF6011A5A40C01C
(1674148663.823142) can0 465#0000000000000117
(1674148663.825087) can0 14A#FFF1000007FFF124
(1674148663.825785) can0 094#8064880A02000C4D
(1674148663.827063) can0 1AB#800046
(1674148663.827692) can0 039#00001B
(1674148663.828511) can0 158#0000000000000019
(1674148663.828535) can0 130#FEA7FEA70000059A
(1674148663.828804) can0 140#8000000000000029
(1674148663.829080) can0 17C#000400001000001E
(1674148663.829334) can0 221#2E0000000003
(1674148663.829493) can0 1D6#0004
(1674148663.829731) can0 1DC#000000000000102B
(1674148663.829955) can0 1DD#FFFB1B9F0000003E
(1674148663.830140) can0 1ED#21FF00000B
(1674148663.830272) can0 296#00000007
(1674148663.831222) can0 1CC#00002D
(1674148663.832223) can0 112#000022
(1674148663.832246) can0 1A4#0067042410800108
(1674148663.832556) can0 1AC#7FFF03000000000A
(1674148663.832777) can0 1B0#182F0000020000
(1674148663.833078) can0 1C2#2B00003000000009
(1674148663.833283) can0 1D0#000000000000000A
(1674148663.833533) can0 1EA#000000000000040B
(1674148663.834495) can0 1FB#2B
(1674148663.835242) can0 14A#FFF1000007FFF133
(1674148663.835781) can0 094#8064880E01000C59
(1674148663.838478) can0 158#0000000000000028
(1674148663.838679) can0 130#FEA7FEA7000005A9
(1674148663.838928) can0 140#8000000000000038
(1674148663.839165) can0 17C#000400001000002D
(1674148663.842083) can0 112#000031
(1674148663.845115) can0 14A#FFF1000007FFF106
(1674148663.845807) can0 094#8064880E01000C68
(1674148663.846988) can0 1AB#800055
(1674148663.848355) can0 158#0000000000000037
(1674148663.848574) can0 130#FEA7FEA7000005B8
(1674148663.848865) can0 140#800000000000000B
(1674148663.849124) can0 17C#000400001000003C
(1674148663.849350) can0 1D6#0013
(1674148663.849585) can0 1DC#000000000000103A
(1674148663.849831) can0 1DD#FFFB1B9F00000001
(1674148663.850014) can0 1ED#21FF00001A
(1674148663.851113) can0 1CC#00003C
(1674148663.852112) can0 112#000004
(1674148663.852329) can0 1A4#0067042410800117
(1674148663.852509) can0 1AC#7FFF030000000019
(1674148663.852756) can0 1B0#182F000002001F
(1674148663.853094) can0 1C2#2B00003000000018
(1674148663.853308) can0 1D0#000000000000000A
(1674148663.853554) can0 1EA#000000000000041A
(1674148663.853773) can0 255#000000005555AEA8
(1674148663.854788) can0 1FB#3A
(1674148663.855097) can0 14A#FFF1000007FFF115
(1674148663.855871) can0 094#8064880A02000C7A
(1674148663.858865) can0 158#000000000000000A
(1674148663.858891) can0 130#FEA7FEA70000058B
(1674148663.858893) can0 140#800000000000001A
(1674148663.859090) can0 17C#000400001000000F
(1674148663.862227) can0 112#000013
(1674148663.865612) can0 14A#FFF1000007FFF124
(1674148663.865685) can0 094#8064880A02000C4D
(1674148663.867008) can0 1AB#800064
(1674148663.867641) can0 039#00002A
(1674148663.868192) can0 158#0000000000000019
(1674148663.868410) can0 130#FEA7FEA70000059A
(1674148663.868660) can0 140#8000000000000029
(1674148663.868979) can0 17C#000400001000001E
(1674148663.869193) can0 1D6#0022
(1674148663.869456) can0 1DC#000000000000100D
(1674148663.869646) can0 1DD#FFFB1B9F00000010
(1674148663.869882) can0 1ED#21FF000029
(1674148663.870104) can0 221#2E0000000012
(1674148663.870185) can0 296#00000016
(1674148663.871581) can0 1CC#00000F
(1674148663.872509) can0 112#000022
(1674148663.872532) can0 1A4#0067042410800126
(1674148663.872550) can0 1AC#7FFF030000000028
(1674148663.872861) can0 1B0#182F000002002E
(1674148663.873079) can0 1C2#2B00003000000027
(1674148663.873299) can0 1D0#000000000000000A
(1674148663.873506) can0 1EA#0000000000000429
(1674148663.874021) can0 1FB#0D
(1674148663.875183) can0 14A#FFF1000007FFF133
(1674148663.875684) can0 094#8064880E01000C59
(1674148663.878398) can0 158#0000000000000028
(1674148663.878600) can0 130#FEA7FEA7000005A9
(1674148663.878810) can0 140#8000000000000038
(1674148663.879137) can0 17C#000400001000002D
(1674148663.882690) can0 112#000031
(1674148663.885614) can0 14A#FFF1000007FFF106
(1674148663.885699) can0 094#8064880E01000C68
(1674148663.887511) can0 1AB#800073
(1674148663.888844) can0 158#0000000000000037
(1674148663.888869) can0 130#FEA7FEA7000005B8
(1674148663.888872) can0 140#800000000000000B
(1674148663.889077) can0 17C#000400001000003C
(1674148663.889288) can0 309#00000000000040BD
(1674148663.889378) can0 1D6#0031
(1674148663.889716) can0 1DC#000000000000101C
(1674148663.889936) can0 1DD#FFFB1B9F0000002F
(1674148663.890049) can0 1ED#21FF000038
(1674148663.890345) can0 326#328100200000003A
(1674148663.890528) can0 32F#0000000000000031
(1674148663.890792) can0 371#000000000000003A
(1674148663.891010) can0 372#E000003B
(1674148663.891117) can0 1CC#00001E
(1674148663.891404) can0 374#4E0000008D40003C
(1674148663.891650) can0 378#0000000010800076
(1674148663.891938) can0 37B#000000200000003E
(1674148663.892150) can0 396#0000004E000031
(1674148663.892218) can0 112#000004
(1674148663.892453) can0 1A4#0067042410800135
(1674148663.892687) can0 1AC#7FFF030000000037
(1674148663.892977) can0 1B0#182F000002003D
(1674148663.893218) can0 1C2#2B00003000000036
(1674148663.893483) can0 1D0#000000000000000A
(1674148663.893730) can0 1EA#0000000000000438
(1674148663.893945) can0 255#000000005555AFA7
(1674148663.894431) can0 1FB#1C
(1674148663.895459) can0 14A#FFF1000007FFF115
(1674148663.895687) can0 094#8064880A01000C7B
(1674148663.898866) can0 158#000000000000000A
(1674148663.898891) can0 130#FEA7FEA70000058B
(1674148663.898893) can0 140#800000000000001A
(1674148663.899015) can0 17C#000400001000000F
(1674148663.902740) can0 112#000013
(1674148663.905613) can0 14A#FFF1000007FFF124
(1674148663.905687) can0 094#8064880E01000C4A
(1674148663.907526) can0 1AB#800046
(1674148663.907584) can0 039#000039
(1674148663.908796) can0 158#0000000000000019
(1674148663.908821) can0 130#FEA7FEA70000059A
(1674148663.908823) can0 140#8000000000000029
(1674148663.908909) can0 17C#000400001000001E
(1674148663.909186) can0 221#2E0000000021
(1674148663.909248) can0 1D6#0004
(1674148663.909490) can0 1DC#000000000000102B
(1674148663.909759) can0 1DD#FFFB1B9F0000003E
(1674148663.910010) can0 1ED#21FF00000B
(1674148663.910113) can0 296#00000025
(1674148663.911582) can0 1CC#00002D
(1674148663.912761) can0 112#000022
(1674148663.912786) can0 1A4#0067042410800108
(1674148663.912789) can0 1AC#7FFF03000000000A
(1674148663.912861) can0 1B0#182F0000020000
(1674148663.913237) can0 1C2#2B00003000000009
(1674148663.913372) can0 1D0#000000000000000A
(1674148663.913610) can0 1EA#000000000000040B
(1674148663.913909) can0 305#8054F700010008
(1674148663.914085) can0 1FB#2B
(1674148663.914260) can0 31B#5A40000000000006
(1674148663.915179) can0 14A#FFF1000007FFF133
(1674148663.916104) can0 094#8064880A02000C5C
(1674148663.918629) can0 158#0000000000000028
(1674148663.918654) can0 130#FEA7FEA7000005A9
(1674148663.918968) can0 140#8000000000000038
(1674148663.919138) can0 17C#000400001000002D
(1674148663.922168) can0 324#7C5D000000000A88
(1674148663.922192) can0 320#000000540000000A
(1674148663.922195) can0 328#0000000000200045
(1674148663.922251) can0 339#8C45F00D
(1674148663.922385) can0 112#000031
(1674148663.922642) can0 34E#0053006000000014
(1674148663.925618) can0 14A#FFF1000007FFF106
(1674148663.925683) can0 094#8064880E02000C67
(1674148663.927517) can0 1AB#800055
(1674148663.928913) can0 158#0000000000000037
(1674148663.928937) can0 130#FEA7FEA7000005B8
(1674148663.928939) can0 140#800000000000000B
(1674148663.929083) can0 17C#000400001000003C
(1674148663.929318) can0 1D6#0013
(1674148663.929567) can0 1DC#000000000000103A
(1674148663.929890) can0 1DD#FFFB1B9F00000001
(1674148663.930108) can0 1ED#21FF00001A
(1674148663.930236) can0 3A1#2E0000000000000A
(1674148663.931537) can0 1CC#00003C
(1674148663.932766) can0 112#000004
(1674148663.932791) can0 1A4#0067042410800117
(1674148663.932793) can0 1AC#7FFF030000000019
(1674148663.933012) can0 1B0#182F000002001F
(1674148663.933162) can0 1C2#2B00003000000018
(1674148663.933423) can0 1D0#000000000000000A
(1674148663.933659) can0 1EA#000000000000041A
(1674148663.933919) can0 255#000000005555B0A6
(1674148663.934012) can0 1FB#3A
(1674148663.935131) can0 14A#FFF1000007FFF115
(1674148663.936169) can0 094#8064880E02000C76
(1674148663.938459) can0 158#000000000000000A
(1674148663.938484) can0 130#FEA7FEA70000058B
(1674148663.938742) can0 140#800000000000001A
(1674148663.939006) can0 17C#000400001000000F
(1674148663.942812) can0 112#000013
(1674148663.945616) can0 14A#FFF1000007FFF124
(1674148663.945675) can0 094#8064880E02000C49
(1674148663.947033) can0 1AB#800064
(1674148663.947899) can0 039#00000C
(1674148663.948244) can0 158#0000000000000019
(1674148663.948492) can0 130#FEA7FEA70000059A
(1674148663.948759) can0 140#8000000000000029
(1674148663.949152) can0 17C#000400001000001E
(1674148663.949204) can0 221#2E0000000030
(1674148663.949357) can0 1D6#0022
(1674148663.949594) can0 1DC#000000000000100D
(1674148663.949899) can0 1DD#FFFB1B9F00000010
(1674148663.950080) can0 1ED#21FF000029
(1674148663.950202) can0 296#00000034
(1674148663.951586) can0 1CC#00000F
(1674148663.952766) can0 112#000022
(1674148663.952790) can0 1A4#0067042410800126
(1674148663.952793) can0 1AC#7FFF030000000028
(1674148663.953093) can0 1B0#182F000002002E
(1674148663.953195) can0 1C2#2B00003000000027
(1674148663.953457) can0 1D0#000000000000000A
(1674148663.953682) can0 1EA#0000000000000429
(1674148663.954684) can0 1FB#0D
(1674148663.955140) can0 14A#FFF1000007FFF133
(1674148663.955684) can0 094#8064880E01000C59
(1674148663.958422) can0 158#0000000000000028
(1674148663.958611) can0 130#FEA7FEA7000005A9
(1674148663.958914) can0 140#8000000000000038
(1674148663.959197) can0 17C#000400001000002D
(1674148663.962978) can0 112#000031
(1674148663.965730) can0 14A#FFF1000007FFF106
(1674148663.965755) can0 094#8064880A01000C6C
(1674148663.967676) can0 1AB#800073
(1674148663.968453) can0 158#0000000000000037
(1674148663.968504) can0 130#FEA7FEA7000005B8
(1674148663.968811) can0 140#800000000000000B
(1674148663.969079) can0 17C#000400001000003C
(1674148663.969303) can0 1D6#0031
(1674148663.969556) can0 1DC#000000000000101C
(1674148663.969763) can0 1DD#FFFB1B9F0000002F
(1674148663.969969) can0 1ED#21FF000038
(1674148663.971566) can0 1CC#00001E
(1674148663.972889) can0 112#000004
(1674148663.972914) can0 1A4#0067042410800135
(1674148663.972916) can0 1AC#7FFF030000000037
(1674148663.973027) can0 1B0#182F000002003D
(1674148663.973306) can0 1C2#2B00003000000036
(1674148663.973547) can0 1D0#000000000000000A
(1674148663.973810) can0 1EA#0000000000000438
(1674148663.974079) can0 255#000000005555B1A5
(1674148663.974106) can0 1FB#1C
(1674148663.975516) can0 14A#FFF1000007FFF115
(1674148663.975662) can0 094#8064880E01000C77
(1674148663.978789) can0 158#000000000000000A
(1674148663.978814) can0 130#FEA7FEA70000058B
(1674148663.978816) can0 140#800000000000001A
(1674148663.978960) can0 17C#000400001000000F
(1674148663.982887) can0 112#000013
(1674148663.985619) can0 14A#FFF1000007FFF124
(1674148663.985671) can0 094#8064880A01000C4E
(1674148663.987538) can0 1AB#800046
(1674148663.987577) can0 039#00001B
(1674148663.988839) can0 158#0000000000000019
(1674148663.988864) can0 130#FEA7FEA70000059A
(1674148663.988866) can0 140#8000000000000029
(1674148663.989079) can0 17C#000400001000001E
(1674148663.989294) can0 1D6#0004
(1674148663.989535) can0 1DC#000000000000102B
(1674148663.989769) can0 1DD#FFFB1B9F0000003E
(1674148663.989946) can0 1ED#21FF00000B
(1674148663.990170) can0 221#2E0000000003
(1674148663.990338) can0 32F#0000000000000004
(1674148663.990510) can0 296#00000007
(1674148663.990758) can0 309#0000000000004080
(1674148663.991098) can0 326#328100200000000D
(1674148663.991159) can0 1CC#00002D
(1674148663.991525) can0 371#000000000000000D
(1674148663.991569) can0 372#E000000E
(1674148663.991900) can0 374#4E0000008D40000F
(1674148663.992125) can0 378#0000000010800049
(1674148663.992434) can0 37B#0000002000000001
(1674148663.992496) can0 112#000022
(1674148663.992789) can0 1A4#0067042410800108
(1674148663.993087) can0 1AC#7FFF03000000000A
(1674148663.993271) can0 1B0#182F0000020000
(1674148663.993496) can0 1C2#2B00003000000009
(1674148663.993695) can0 1D0#000000000000000A
(1674148663.994008) can0 1EA#000000000000040B
(1674148663.994231) can0 396#0000004E000004
(1674148663.994281) can0 1FB#2B
(1674148663.995457) can0 14A#FFF1000007FFF133
(1674148663.995729) can0 094#8064880E01000C59
(1674148663.998911) can0 158#0000000000000028
(1674148663.998936) can0 130#FEA7FEA7000005A9
(1674148663.998938) can0 140#8000000000000038
(1674148663.999197) can0 17C#000400001000002D
(1674148664.002943) can0 112#000031
(1674148664.005639) can0 14A#FFF1000007FFF106
(1674148664.005683) can0 094#8064880E01000C68
(1674148664.007028) can0 1AB#800055
(1674148664.008940) can0 158#0000000000000037
(1674148664.008964) can0 130#FEA7FEA7000005B8
(1674148664.008967) can0 140#800000000000000B
(1674148664.009077) can0 17C#000400001000003C
(1674148664.009428) can0 510#0000000000000011
(1674148664.009479) can0 1D6#0013
(1674148664.009783) can0 1DC#000000000000103A
(1674148664.010007) can0 1DD#FFFB1B9F00000001
(1674148664.010195) can0 1ED#21FF00001A
(1674148664.010425) can0 516#005260000010001D
(1674148664.011286) can0 1CC#00003C
(1674148664.012741) can0 112#000004
(1674148664.012764) can0 1A4#0067042410800117
(1674148664.012878) can0 1AC#7FFF030000000019
(1674148664.013188) can0 1B0#182F000002001F
(1674148664.013410) can0 1C2#2B00003000000018
(1674148664.013651) can0 1D0#000000000000000A
(1674148664.013899) can0 1EA#000000000000041A
(1674148664.014120) can0 255#000000005555B2A4
(1674148664.014166) can0 1FB#3A
(1674148664.014403) can0 305#8054F700010017
(1674148664.014638) can0 31B#5A40000000000015
(1674148664.014848) can0 3D9#008430
(1674148664.015105) can0 14A#FFF1000007FFF115
(1674148664.015685) can0 094#8064880E02000C76
(1674148664.018870) can0 158#000000000000000A
(1674148664.018895) can0 130#FEA7FEA70000058B
(1674148664.018898) can0 140#800000000000001A
(1674148664.019041) can0 17C#000400001000000F
(1674148664.021994) can0 400#C155020227
(1674148664.022019) can0 324#7C5D000000000A97
(1674148664.022021) can0 320#0000005400000019
(1674148664.022137) can0 328#0000000000200054
(1674148664.022394) can0 339#8C45F01C
(1674148664.022619) can0 34E#0053006000000023
(1674148664.022681) can0 112#000013
(1674148664.022977) can0 3D7#B0C122C128C15516
(1674148664.023209) can0 40C#BD007FFF19FFFF24
(1674148664.023455) can0 661#0081006432FFBF38
(1674148664.025258) can0 14A#FFF1000007FFF124
(1674148664.025852) can0 094#8064880A02000C4D
(1674148664.027394) can0 1AB#800064
(1674148664.027656) can0 039#00002A
(1674148664.028748) can0 158#0000000000000019
(1674148664.028771) can0 130#FEA7FEA70000059A
(1674148664.028773) can0 140#8000000000000029
(1674148664.029082) can0 17C#000400001000001E
(1674148664.029183) can0 221#2E0000000012
(1674148664.029371) can0 1D6#0022
(1674148664.029628) can0 1DC#000000000000100D
(1674148664.029866) can0 1DD#FFFB1B9F00000010
(1674148664.030087) can0 1ED#21FF000029
(1674148664.030139) can0 296#00000016
(1674148664.031195) can0 1CC#00000F
(1674148664.032453) can0 112#000022
(1674148664.032661) can0 1A4#0067042410800126
(1674148664.032923) can0 1AC#7FFF030000000028
(1674148664.033132) can0 1B0#182F000002002E
(1674148664.033405) can0 1C2#2B00003000000027
(1674148664.033615) can0 1D0#000000000000000A
(1674148664.033918) can0 1EA#0000000000000429
(1674148664.034101) can0 1FB#0D
(1674148664.035108) can0 14A#FFF1000007FFF133
(1674148664.035753) can0 094#8064880A02000C5C
(1674148664.038508) can0 158#0000000000000028
(1674148664.038717) can0 130#FEA7FEA7000005A9
(1674148664.038978) can0 140#8000000000000038
(1674148664.039140) can0 17C#000400001000002D
(1674148664.042552) can0 112#000031
(1674148664.045113) can0 14A#FFF1000007FFF106
(1674148664.045754) can0 094#8064880A02000C6B
(1674148664.047025) can0 1AB#800073
(1674148664.048443) can0 158#0000000000000037
(1674148664.048624) can0 130#FEA7FEA7000005B8
(1674148664.048861) can0 140#800000000000000B
(1674148664.049120) can0 17C#000400001000003C
(1674148664.049364) can0 1D6#0031
(1674148664.049643) can0 1DC#000000000000101C
(1674148664.049868) can0 1DD#FFFB1B9F0000002F
(1674148664.050012) can0 1ED#21FF000038
(1674148664.051084) can0 1CC#00001E
(1674148664.052670) can0 112#000004
(1674148664.052693) can0 1A4#0067042410800135
(1674148664.053009) can0 1AC#7FFF030000000037
(1674148664.053229) can0 1B0#182F000002003D
(1674148664.053481) can0 1C2#2B00003000000036
(1674148664.053723) can0 1D0#000000000000000A
(1674148664.053969) can0 1EA#0000000000000438
(1674148664.054208) can0 255#000000005555B3A3
(1674148664.054256) can0 1FB#1C
(1674148664.055013) can0 14A#FFF1000007FFF115
(1674148664.055682) can0 094#8064880E01000C77
(1674148664.058952) can0 158#000000000000000A
(1674148664.058977) can0 130#FEA7FEA70000058B
(1674148664.058979) can0 140#800000000000001A
(1674148664.059048) can0 17C#000400001000000F
(1674148664.062593) can0 112#000013
(1674148664.065103) can0 14A#FFF1000007FFF124
(1674148664.065753) can0 094#8064880E01000C4A
(1674148664.067056) can0 1AB#800046
(1674148664.067594) can0 039#000039
(1674148664.068709) can0 158#0000000000000019
(1674148664.068721) can0 130#FEA7FEA70000059A
(1674148664.068749) can0 140#8000000000000029
(1674148664.069080) can0 17C#000400001000001E
(1674148664.069185) can0 221#2E0000000021
(1674148664.069309) can0 1D6#0004
(1674148664.069554) can0 1DC#000000000000102B
(1674148664.069887) can0 1DD#FFFB1B9F0000003E
(1674148664.070090) can0 1ED#21FF00000B
(1674148664.070161) can0 296#00000025
(1674148664.071588) can0 1CC#00002D
(1674148664.072747) can0 112#000022
(1674148664.072771) can0 1A4#0067042410800108
(1674148664.073081) can0 1AC#7FFF03000000000A
(1674148664.073302) can0 1B0#182F0000020000
(1674148664.073522) can0 1C2#2B00003000000009
(1674148664.073771) can0 1D0#000000000000000A
(1674148664.074078) can0 1EA#000000000000040B
(1674148664.074094) can0 1FB#2B
(1674148664.075177) can0 14A#FFF1000007FFF133
(1674148664.075684) can0 094#8064880E01000C59
(1674148664.078847) can0 158#0000000000000028
(1674148664.078866) can0 130#FEA7FEA7000005A9
(1674148664.078890) can0 140#8000000000000038
(1674148664.079131) can0 17C#000400001000002D
(1674148664.082848) can0 112#000031
(1674148664.085752) can0 14A#FFF1000007FFF106
(1674148664.085777) can0 094#8064880E01000C68
(1674148664.087679) can0 1AB#800055
(1674148664.088485) can0 158#0000000000000037
(1674148664.088510) can0 130#FEA7FEA7000005B8
(1674148664.088788) can0 140#800000000000000B
(1674148664.089085) can0 17C#000400001000003C
(1674148664.089267) can0 309#000000000000409F
(1674148664.089484) can0 1D6#0013
(1674148664.089639) can0 1DC#000000000000103A
(1674148664.089889) can0 1DD#FFFB1B9F00000001
(1674148664.090081) can0 1ED#21FF00001A
(1674148664.090319) can0 326#328100200000001C
(1674148664.090566) can0 32F#0000000000000013
(1674148664.090855) can0 371#000000000000001C
(1674148664.091008) can0 372#E000001D
(1674148664.091161) can0 1CC#00003C
(1674148664.091413) can0 374#4E000000CF400018
(1674148664.091662) can0 378#0000000010800058
(1674148664.091899) can0 37B#0000002000000010
(1674148664.092158) can0 396#0000004E000013
(1674148664.093028) can0 112#000004
(1674148664.093051) can0 1A4#0067042410800117
(1674148664.093053) can0 1AC#7FFF030000000019
(1674148664.093334) can0 1B0#182F000002001F
(1674148664.093600) can0 1C2#2B00003000000018
(1674148664.093814) can0 1D0#000000000000000A
(1674148664.094071) can0 1EA#000000000000041A
(1674148664.094307) can0 255#000000005555B4A2
(1674148664.094346) can0 1FB#3A
(1674148664.095510) can0 14A#FFF1000007FFF115
(1674148664.095720) can0 094#8064880E01000C77
(1674148664.098980) can0 158#000000000000000A
(1674148664.099006) can0 130#FEA7FEA70000058B
(1674148664.099010) can0 140#800000000000001A
(1674148664.099028) can0 17C#000400001000000F
(1674148664.103163) can0 112#000013
(1674148664.105611) can0 14A#FFF1000007FFF124
(1674148664.105638) can0 094#8064880E02000C49
(1674148664.107535) can0 1AB#800064
(1674148664.107568) can0 039#00000C
(1674148664.108834) can0 158#0000000000000019
(1674148664.108858) can0 130#FEA7FEA70000059A
(1674148664.108861) can0 140#8000000000000029
(1674148664.109070) can0 17C#000400001000001E
(1674148664.109280) can0 1D6#0022
(1674148664.109534) can0 1DC#000000000000100D
(1674148664.109791) can0 1DD#FFFB1B9F00000010
(1674148664.109943) can0 1ED#21FF000029
(1674148664.110161) can0 221#2E0000000030
(1674148664.110330) can0 296#00000034
(1674148664.110573) can0 405#0000000000008025
(1674148664.110821) can0 428#00000000000028
(1674148664.111144) can0 1CC#00000F
(1674148664.113184) can0 112#000022
(1674148664.113209) can0 1A4#0067042410800126
(1674148664.113211) can0 1AC#7FFF030000000028
(1674148664.113356) can0 1B0#182F000002002E
(1674148664.113597) can0 1C2#2B00003000000027
(1674148664.113858) can0 1D0#000000000000000A
(1674148664.114116) can0 1EA#0000000000000429
(1674148664.114318) can0 305#8054F700010026
(1674148664.114539) can0 31B#5A40000000000024
(1674148664.114687) can0 45B#0031
(1674148664.114847) can0 1FB#0D
(1674148664.115099) can0 14A#FFF1000007FFF133
(1674148664.115752) can0 094#8064880E01000C59
(1674148664.118937) can0 158#0000000000000028
(1674148664.118962) can0 130#FEA7FEA7000005A9
(1674148664.118964) can0 140#8000000000000038
(1674148664.119159) can0 17C#000400001000002D
(1674148664.122009) can0 324#7C5D000000000AA6
(1674148664.122034) can0 320#0000005400000028
(1674148664.122036) can0 328#0000000000200063
(1674148664.122060) can0 339#8C45E02C
(1674148664.122363) can0 34E#0053006000000032
(1674148664.122611) can0 454#4AF6011A5A40C02B
(1674148664.122755) can0 112#000031
(1674148664.123011) can0 465#0000000000000126
(1674148664.125214) can0 14A#FFF1000007FFF106
(1674148664.125773) can0 094#8064880A02000C6B
(1674148664.127411) can0 1AB#800073
(1674148664.128938) can0 158#0000000000000037
(1674148664.128962) can0 130#FEA7FEA7000005B8
(1674148664.128965) can0 140#800000000000000B
(1674148664.129148) can0 17C#000400001000003C
(1674148664.129446) can0 3A1#2DC000000000001E
(1674148664.129470) can0 1D6#0031
(1674148664.129792) can0 1DC#000000000000101C
(1674148664.130073) can0 1DD#FFFB1B9F0000002F
(1674148664.130206) can0 1ED#21FF000038
(1674148664.131589) can0 1CC#00001E
(1674148664.132816) can0 112#000004
(1674148664.132866) can0 1A4#0067042410800135
(1674148664.133209) can0 1AC#7FFF030000000037
(1674148664.133393) can0 1B0#182F000002003D
(1674148664.133653) can0 1C2#2B00003000000036
(1674148664.133898) can0 1D0#000000000000000A
(1674148664.134153) can0 1EA#0000000000000438
(1674148664.134184) can0 1FB#1C
(1674148664.134485) can0 255#000000005555B5A1
(1674148664.135114) can0 14A#FFF1000007FFF115
(1674148664.135658) can0 094#8064880E02000C76
(1674148664.138326) can0 158#000000000000000A
(1674148664.138497) can0 130#FEA7FEA70000058B
(1674148664.138762) can0 140#800000000000001A
(1674148664.138994) can0 17C#000400001000000F
(1674148664.142748) can0 112#000013
(1674148664.145145) can0 14A#FFF1000007FFF124
(1674148664.145725) can0 094#8064880E02000C49
(1674148664.147061) can0 1AB#800046
(1674148664.147131) can0 551#0000000607
(1674148664.147777) can0 039#00001B
(1674148664.148717) can0 158#0000000000000019
(1674148664.148741) can0 130#FEA7FEA70000059A
(1674148664.148743) can0 140#8000000000000029
(1674148664.149117) can0 17C#000400001000001E
(1674148664.149153) can0 221#2E0000000003
(1674148664.149296) can0 1D6#0004
(1674148664.149529) can0 1DC#000000000000102B
(1674148664.149786) can0 1DD#FFFB1B9F0000003E
(1674148664.150078) can0 1ED#21FF00000B
(1674148664.150136) can0 296#00000007
(1674148664.151572) can0 1CC#00002D
(1674148664.153401) can0 112#000022
(1674148664.153426) can0 1A4#0067042410800108
(1674148664.153428) can0 1AC#7FFF03000000000A
(1674148664.153431) can0 1B0#182F0000020000
(1674148664.153647) can0 1C2#2B00003000000009
(1674148664.153975) can0 1D0#000000000000000A
(1674148664.154202) can0 1EA#000000000000040B
(1674148664.154238) can0 1FB#2B
(1674148664.155522) can0 14A#FFF1000007FFF133
(1674148664.155700) can0 094#8064880E01000C59
(1674148664.159131) can0 158#0000000000000028
(1674148664.159156) can0 130#FEA7FEA7000005A9
(1674148664.159158) can0 140#8000000000000038
(1674148664.159161) can0 17C#000400001000002D
(1674148664.163404) can0 112#000031
(1674148664.165753) can0 14A#FFF1000007FFF106
(1674148664.165778) can0 094#8064880A01000C6C
(1674148664.167050) can0 1AB#800055
(1674148664.168794) can0 158#0000000000000037
(1674148664.168817) can0 130#FEA7FEA7000005B8
(1674148664.168819) can0 140#800000000000000B
(1674148664.169110) can0 17C#000400001000003C
(1674148664.169311) can0 1D6#0013
(1674148664.169556) can0 1DC#000000000000103A
(1674148664.169844) can0 1DD#FFFB1B9F00000001
(1674148664.170072) can0 1ED#21FF00001A
(1674148664.171549) can0 1CC#00003C
(1674148664.173313) can0 112#000004
(1674148664.173339) can0 1A4#0067042410800117
(1674148664.173341) can0 1AC#7FFF030000000019
(1674148664.173410) can0 1B0#182F000002001F
(1674148664.173658) can0 1C2#2B00003000000018
(1674148664.173983) can0 1D0#000000000000000A
(1674148664.174176) can0 1EA#000000000000041A
(1674148664.174274) can0 1FB#3A
(1674148664.174507) can0 255#000000005555B6A0
(1674148664.175545) can0 14A#FFF1000007FFF115
(1674148664.175648) can0 094#8064880E01000C77
(1674148664.178838) can0 158#000000000000000A
(1674148664.178864) can0 130#FEA7FEA70000058B
(1674148664.178866) can0 140#800000000000001A
(1674148664.179014) can0 17C#000400001000000F
(1674148664.182865) can0 112#000013
(1674148664.185730) can0 14A#FFF1000007FFF124
(1674148664.185755) can0 094#8064880E02000C49
(1674148664.187672) can0 1AB#800064
(1674148664.187698) can0 039#00002A
(1674148664.188344) can0 158#0000000000000019
(1674148664.188408) can0 130#FEA7FEA70000059A
(1674148664.188728) can0 140#8000000000000029
(1674148664.188974) can0 17C#000400001000001E
(1674148664.189213) can0 221#2E0000000012
(1674148664.189267) can0 1D6#0022
(1674148664.189587) can0 1DC#000000000000100D
(1674148664.189822) can0 1DD#FFFB1B9F00000010
(1674148664.190015) can0 1ED#21FF000029
(1674148664.190136) can0 296#00000016
(1674148664.190447) can0 32F#0000000000000022
(1674148664.190679) can0 309#00000000000040AE
(1674148664.190943) can0 326#328000200000002C
(1674148664.191177) can0 371#000000000000002B
(1674148664.191296) can0 1CC#00000F
(1674148664.191452) can0 372#E000002C
(1674148664.191659) can0 374#4E000000CF400027
(1674148664.191993) can0 378#0000000010800067
(1674148664.192230) can0 37B#000000200000002F
(1674148664.192447) can0 396#0000004E000022
(1674148664.192875) can0 112#000022
(1674148664.193096) can0 1A4#0067042410800126
(1674148664.193299) can0 1AC#7FFF030000000028
(1674148664.193559) can0 1B0#182F000002002E
(1674148664.193705) can0 1C2#2B00003000000027
(1674148664.194028) can0 1D0#000000000000000A
(1674148664.194210) can0 1EA#0000000000000429
(1674148664.194346) can0 1FB#0D
(1674148664.195184) can0 14A#FFF1000007FFF133
(1674148664.196083) can0 094#8064880E02000C58
(1674148664.199076) can0 158#0000000000000028
(1674148664.199105) can0 130#FEA7FEA7000005A9
(1674148664.199107) can0 140#8000000000000038
(1674148664.199137) can0 17C#000400001000002D
(1674148664.202948) can0 112#000031
(1674148664.205779) can0 14A#FFF1000007FFF106
(1674148664.205804) can0 094#8064880A02000C6B
(1674148664.207479) can0 1AB#800073
(1674148664.208662) can0 158#0000000000000037
(1674148664.208686) can0 130#FEA7FEA7000005B8
(1674148664.208804) can0 140#800000000000000B
(1674148664.209177) can0 17C#000400001000003C
(1674148664.209323) can0 1D6#0031
(1674148664.209570) can0 1DC#000000000000101C
(1674148664.209891) can0 1DD#FFFB1B9F0000002F
(1674148664.210076) can0 1ED#21FF000038
(1674148664.210181) can0 555#0000000414
(1674148664.211508) can0 1CC#00001E
(1674148664.213522) can0 112#000004
(1674148664.213547) can0 1A4#0067042410800135
(1674148664.213550) can0 1AC#7FFF030000000037
(1674148664.213552) can0 1B0#182F000002003D
(1674148664.213816) can0 1C2#2B00003000000036
(1674148664.214089) can0 1D0#000000000000000A
(1674148664.214236) can0 1EA#0000000000000438
(1674148664.214358) can0 1FB#1C
(1674148664.214579) can0 255#000000005555B79F
(1674148664.214870) can0 305#8054F700010035
(1674148664.215130) can0 14A#FFF1000007FFF115
(1674148664.215298) can0 31B#5A40000000000033
(1674148664.215457) can0 3D9#008403
(1674148664.215796) can0 094#8064880A02000C7A
(1674148664.218848) can0 158#000000000000000A
(1674148664.218873) can0 130#FEA7FEA70000058B
(1674148664.218876) can0 140#800000000000001A
(1674148664.219087) can0 17C#000400001000000F
(1674148664.221868) can0 324#7C5D000000000AB5
(1674148664.221893) can0 3D7#B000000000000060
(1674148664.221896) can0 320#0000005400000037
(1674148664.222036) can0 328#0000000000200072
(1674148664.222227) can0 339#8C45E03B
(1674148664.222477) can0 34E#0053006000000005
(1674148664.222975) can0 112#000013
(1674148664.225630) can0 14A#FFF1000007FFF124
(1674148664.225655) can0 094#8064880A01000C4E
(1674148664.227097) can0 1AB#800046
(1674148664.227586) can0 039#000039
(1674148664.228314) can0 158#0000000000000019
(1674148664.228518) can0 130#FEA7FEA70000059A
(1674148664.228771) can0 140#8000000000000029
(1674148664.229072) can0 17C#000400001000001E
(1674148664.229283) can0 1D6#0004
(1674148664.229494) can0 1DC#000000000000102B
(1674148664.229769) can0 1DD#FFFB1B9F0000003E
(1674148664.229881) can0 1ED#21FF00000B
(1674148664.230063) can0 221#2E0000000021
(1674148664.230273) can0 296#00000025
(1674148664.231294) can0 1CC#00002D
(1674148664.232949) can0 112#000022
(1674148664.233101) can0 1A4#0067042410800108
(1674148664.233422) can0 1AC#7FFF03000000000A
(1674148664.233546) can0 1B0#182F0000020000
(1674148664.233856) can0 1C2#2B00003000000009
(1674148664.234109) can0 1D0#000000000000000A
(1674148664.234350) can0 1EA#000000000000040B
(1674148664.234412) can0 1FB#2B
(1674148664.235468) can0 14A#FFF1000007FFF133
(1674148664.235647) can0 094#8064880A01000C5D
(1674148664.239085) can0 158#0000000000000028
(1674148664.239110) can0 130#FEA7FEA7000005A9
(1674148664.239112) can0 140#8000000000000038
(1674148664.239115) can0 17C#000400001000002D
(1674148664.243576) can0 112#000031
(1674148664.245754) can0 14A#FFF1000007FFF106
(1674148664.245779) can0 094#8064880E01000C68
(1674148664.247054) can0 1AB#800055
(1674148664.248329) can0 158#0000000000000037
(1674148664.248560) can0 130#FEA7FEA7000005B8
(1674148664.248867) can0 140#800000000000000B
(1674148664.249122) can0 17C#000400001000003C
(1674148664.249374) can0 1D6#0013
(1674148664.249622) can0 1DC#000000000000103A
(1674148664.249831) can0 1DD#FFFB1B9F00000001
(1674148664.250013) can0 1ED#21FF00001A
(1674148664.251085) can0 1CC#00003C
(1674148664.252987) can0 112#000004
(1674148664.253201) can0 1A4#0067042410800117
(1674148664.253362) can0 1AC#7FFF030000000019
(1674148664.253596) can0 1B0#182F000002001F
(1674148664.253899) can0 1C2#2B00003000000018
(1674148664.254132) can0 1D0#000000000000000A
(1674148664.254388) can0 1EA#000000000000041A
(1674148664.254444) can0 1FB#3A
(1674148664.254754) can0 255#000000005555B89E
(1674148664.255102) can0 14A#FFF1000007FFF115
(1674148664.256134) can0 094#8064880E00000C78
(1674148664.258815) can0 158#000000000000000A
(1674148664.258840) can0 130#FEA7FEA70000058B
(1674148664.258843) can0 140#800000000000001A
(1674148664.258936) can0 17C#000400001000000F
(1674148664.263486) can0 112#000013
(1674148664.265346) can0 14A#FFF1000007FFF124
(1674148664.265712) can0 094#8064880E01000C4A
(1674148664.267001) can0 1AB#800064
(1674148664.267873) can0 039#00000C
(1674148664.268294) can0 158#0000000000000019
(1674148664.268475) can0 130#FEA7FEA70000059A
(1674148664.268754) can0 140#8000000000000029
(1674148664.268981) can0 17C#000400001000001E
(1674148664.269205) can0 221#2E0000000030
(1674148664.269260) can0 1D6#0022
(1674148664.269576) can0 1DC#000000000000100D
(1674148664.269788) can0 1DD#FFFB1B9F00000010
(1674148664.270006) can0 1ED#21FF000029
(1674148664.270180) can0 296#00000034
(1674148664.271513) can0 1CC#00000F
(1674148664.273513) can0 112#000022
(1674148664.273538) can0 1A4#0067042410800126
(1674148664.273541) can0 1AC#7FFF030000000028
(1674148664.273635) can0 1B0#182F000002002E
(1674148664.274013) can0 1C2#2B00003000000027
(1674148664.274114) can0 1D0#000000000000000A
(1674148664.274477) can0 1EA#0000000000000429
(1674148664.274500) can0 1FB#0D
(1674148664.275540) can0 14A#FFF1000007FFF133
(1674148664.275635) can0 094#8064880E01000C59
(1674148664.278556) can0 158#0000000000000028
(1674148664.278645) can0 130#FEA7FEA7000005A9
(1674148664.278912) can0 140#8000000000000038
(1674148664.279159) can0 17C#000400001000002D
(1674148664.283117) can0 112#000031
(1674148664.285263) can0 14A#FFF1000007FFF106
(1674148664.285753) can0 094#8064880E01000C68
(1674148664.287013) can0 1AB#800073
(1674148664.288552) can0 158#0000000000000037
(1674148664.288576) can0 130#FEA7FEA7000005B8
(1674148664.288825) can0 140#800000000000000B
(1674148664.289092) can0 17C#000400001000003C
(1674148664.289326) can0 1D6#0031
(1674148664.289580) can0 1DC#000000000000101C
(1674148664.289815) can0 1DD#FFFB1B9F0000002F
(1674148664.289929) can0 1ED#21FF000038
(1674148664.290198) can0 309#00000000000040BD
(1674148664.290436) can0 32F#0000000000000031
(1674148664.290683) can0 326#328100200000003A
(1674148664.291011) can0 371#000000000000003A
(1674148664.291088) can0 1CC#00001E
(1674148664.291333) can0 372#E000003B
(1674148664.291564) can0 374#4E000000CF400036
(1674148664.291827) can0 378#0000000010800076
(1674148664.292084) can0 37B#000000200000003E
(1674148664.292267) can0 396#0000004E000031
(1674148664.293515) can0 112#000004
(1674148664.293538) can0 1A4#0067042410800135
(1674148664.293541) can0 1AC#7FFF030000000037
(1674148664.293672) can0 1B0#182F000002003D
(1674148664.293997) can0 1C2#2B00003000000036
(1674148664.294221) can0 1D0#000000000000000A
(1674148664.294478) can0 1EA#0000000000000438
(1674148664.294531) can0 1FB#1C
(1674148664.294824) can0 255#000000005555B99D
(1674148664.295114) can0 14A#FFF1000007FFF115
(1674148664.295737) can0 094#8064880A02000C7A
(1674148664.298734) can0 158#000000000000000A
(1674148664.298759) can0 130#FEA7FEA70000058B
(1674148664.298761) can0 140#800000000000001A
(1674148664.299083) can0 17C#000400001000000F
(1674148664.303628) can0 112#000013
(1674148664.305631) can0 14A#FFF1000007FFF124
(1674148664.305656) can0 094#8064880E01000C4A
(1674148664.307531) can0 1AB#800046
(1674148664.307556) can0 039#00001B
(1674148664.308839) can0 158#0000000000000019
(1674148664.308864) can0 130#FEA7FEA70000059A
(1674148664.308867) can0 140#8000000000000029
(1674148664.309082) can0 17C#000400001000001E
(1674148664.309187) can0 221#2E0000000003
(1674148664.309374) can0 1D6#0004
(1674148664.309557) can0 1DC#000000000000102B
(1674148664.309879) can0 1DD#FFFB1B9F0000003E
(1674148664.310100) can0 1ED#21FF00000B
(1674148664.310159) can0 296#00000007
(1674148664.311563) can0 1CC#00002D
(1674148664.313127) can0 112#000022
(1674148664.313329) can0 1A4#0067042410800108
(1674148664.313562) can0 1AC#7FFF03000000000A
(1674148664.313831) can0 1B0#182F0000020000
(1674148664.314090) can0 1C2#2B00003000000009
(1674148664.314220) can0 1D0#000000000000000A
(1674148664.314455) can0 1EA#000000000000040B
(1674148664.314605) can0 1FB#2B
(1674148664.314802) can0 305#8054F700010008
(1674148664.315037) can0 31B#5A40000000000006
(1674148664.315401) can0 14A#FFF1000007FFF133
(1674148664.315706) can0 094#8064880E02000C58
(1674148664.318456) can0 158#0000000000000028
(1674148664.318641) can0 130#FEA7FEA7000005A9
(1674148664.318922) can0 140#8000000000000038
(1674148664.319156) can0 17C#000400001000002D
(1674148664.322034) can0 400#C155020236
(1674148664.322060) can0 324#7C5D000000000A88
(1674148664.322062) can0 320#000000540000000A
(1674148664.322207) can0 328#0000000000200045
(1674148664.322425) can0 339#8C45F00D
(1674148664.322654) can0 34E#0053006000000014
(1674148664.322904) can0 40C#BE00902800000039
(1674148664.323055) can0 112#000031
(1674148664.325632) can0 14A#FFF1000007FFF106
(1674148664.325657) can0 094#8064880E01000C68
(1674148664.327538) can0 1AB#800055
(1674148664.328916) can0 158#0000000000000037
(1674148664.328941) can0 130#FEA7FEA7000005B8
(1674148664.328943) can0 140#800000000000000B
(1674148664.329057) can0 17C#000400001000003C
(1674148664.329362) can0 3A1#2DC000000000002D
(1674148664.329409) can0 1D6#0013
(1674148664.329767) can0 1DC#000000000000103A
(1674148664.329985) can0 1DD#FFFB1B9F00000001
(1674148664.330088) can0 1ED#21FF00001A
(1674148664.331583) can0 1CC#00003C
(1674148664.333671) can0 112#000004
(1674148664.333697) can0 1A4#0067042410800117
(1674148664.333699) can0 1AC#7FFF030000000019
(1674148664.333761) can0 1B0#182F000002001F
(1674148664.334112) can0 1C2#2B00003000000018
(1674148664.334339) can0 1D0#000000000000000A
(1674148664.334520) can0 1EA#000000000000041A
(1674148664.334606) can0 1FB#3A
(1674148664.334930) can0 255#000000005555BA9C
(1674148664.335160) can0 14A#FFF1000007FFF115
(1674148664.336119) can0 094#8064880E01000C77
(1674148664.338816) can0 158#000000000000000A
(1674148664.338841) can0 130#FEA7FEA70000058B
(1674148664.338844) can0 140#800000000000001A
(1674148664.338933) can0 17C#000400001000000F
(1674148664.343669) can0 112#000013
(1674148664.345631) can0 14A#FFF1000007FFF124
(1674148664.345656) can0 094#8064880E00000C4B
(1674148664.347052) can0 1AB#800064
(1674148664.347535) can0 039#00002A
(1674148664.348772) can0 158#0000000000000019
(1674148664.348796) can0 130#FEA7FEA70000059A
(1674148664.348798) can0 140#8000000000000029
(1674148664.349081) can0 17C#000400001000001E
(1674148664.349341) can0 1D6#0022
(1674148664.349509) can0 1DC#000000000000100D
(1674148664.349755) can0 1DD#FFFB1B9F00000010
(1674148664.350004) can0 1ED#21FF000029
(1674148664.350155) can0 221#2E0000000012
(1674148664.350308) can0 296#00000016
(1674148664.351242) can0 1CC#00000F
(1674148664.353284) can0 112#000022
(1674148664.353321) can0 1A4#0067042410800126
(1674148664.353559) can0 1AC#7FFF030000000028
(1674148664.353871) can0 1B0#182F000002002E
(1674148664.354114) can0 1C2#2B00003000000027
(1674148664.354298) can0 1D0#000000000000000A
(1674148664.354531) can0 1EA#0000000000000429
(1674148664.354632) can0 1FB#0D
(1674148664.355479) can0 14A#FFF1000007FFF133
(1674148664.355611) can0 094#8064880E01000C59
(1674148664.358371) can0 158#0000000000000028
(1674148664.358561) can0 130#FEA7FEA7000005A9
(1674148664.358809) can0 140#8000000000000038
(1674148664.359064) can0 17C#000400001000002D
(1674148664.363299) can0 112#000031
(1674148664.365625) can0 14A#FFF1000007FFF106
(1674148664.365650) can0 094#8064880E02000C67
(1674148664.367546) can0 1AB#800073
(1674148664.368864) can0 158#0000000000000037
(1674148664.368889) can0 130#FEA7FEA7000005B8
(1674148664.368892) can0 140#800000000000000B
(1674148664.369037) can0 17C#000400001000003C
(1674148664.369325) can0 1D6#0031
(1674148664.369574) can0 1DC#000000000000101C
(1674148664.369821) can0 1DD#FFFB1B9F0000002F
(1674148664.370005) can0 1ED#21FF000038
(1674148664.371534) can0 1CC#00001E
(1674148664.373740) can0 112#000004
(1674148664.373765) can0 1A4#0067042410800135
(1674148664.373768) can0 1AC#7FFF030000000037
(1674148664.373834) can0 1B0#182F000002003D
(1674148664.374197) can0 1C2#2B00003000000036
(1674148664.374424) can0 1D0#000000000000000A
(1674148664.374647) can0 1EA#0000000000000438
(1674148664.374683) can0 1FB#1C
(1674148664.374987) can0 255#000000005555BB9B
(1674148664.375175) can0 14A#FFF1000007FFF115
(1674148664.375633) can0 094#8064880A01000C7B
(1674148664.378817) can0 158#000000000000000A
(1674148664.378842) can0 130#FEA7FEA70000058B
(1674148664.378845) can0 140#800000000000001A
(1674148664.379091) can0 17C#000400001000000F
(1674148664.383278) can0 112#000013
(1674148664.385194) can0 14A#FFF1000007FFF124
(1674148664.385800) can0 094#8064880A00000C4F
(1674148664.387363) can0 1AB#800046
(1674148664.387581) can0 039#000039
(1674148664.388815) can0 158#0000000000000019
(1674148664.388840) can0 130#FEA7FEA70000059A
(1674148664.388842) can0 140#8000000000000029
(1674148664.389091) can0 17C#000400001000001E
(1674148664.389179) can0 221#2E0000000021
(1674148664.389282) can0 1D6#0004
(1674148664.389556) can0 1DC#000000000000102B
(1674148664.389864) can0 1DD#FFFB1B9F0000003E
(1674148664.390089) can0 1ED#21FF00000B
(1674148664.390135) can0 296#00000025
(1674148664.390452) can0 32F#0000000000000004
(1674148664.390688) can0 309#0000000000004080
(1674148664.390953) can0 326#328100200000000D
(1674148664.391149) can0 371#000000000000000D
(1674148664.391356) can0 1CC#00002D
(1674148664.391459) can0 372#E000000E
(1674148664.391715) can0 374#4E000000CF400009
(1674148664.392139) can0 378#0000000010800049
(1674148664.392222) can0 37B#0000002000000001
(1674148664.392430) can0 396#0000004E000004
(1674148664.393697) can0 112#000022
(1674148664.393721) can0 1A4#0067042410800108
(1674148664.393723) can0 1AC#7FFF03000000000A
(1674148664.393969) can0 1B0#182F0000020000
(1674148664.394199) can0 1C2#2B00003000000009
(1674148664.394453) can0 1D0#000000000000000A
(1674148664.394699) can0 1EA#000000000000040B
(1674148664.394754) can0 1FB#2B
(1674148664.395217) can0 14A#FFF1000007FFF133
(1674148664.396055) can0 094#8064880E01000C59
(1674148664.398919) can0 158#0000000000000028
(1674148664.398944) can0 130#FEA7FEA7000005A9
(1674148664.398946) can0 140#8000000000000038
(1674148664.399095) can0 17C#000400001000002D
(1674148664.403788) can0 112#000031
(1674148664.405752) can0 14A#FFF1000007FFF106
(1674148664.405777) can0 094#8064880E01000C68
(1674148664.407675) can0 1AB#800055
(1674148664.408727) can0 158#0000000000000037
(1674148664.408752) can0 130#FEA7FEA7000005B8
(1674148664.408754) can0 140#800000000000000B
(1674148664.409089) can0 17C#000400001000003C
(1674148664.409407) can0 1D6#0013
(1674148664.409616) can0 1DC#000000000000103A
(1674148664.409788) can0 1DD#FFFB1B9F00000001
(1674148664.409991) can0 1ED#21FF00001A
(1674148664.410261) can0 405#0000000000008034
(1674148664.410486) can0 428#00000000000037
(1674148664.411503) can0 1CC#00003C
(1674148664.413944) can0 112#000004
(1674148664.413968) can0 1A4#0067042410800117
(1674148664.413971) can0 1AC#7FFF030000000019
(1674148664.413973) can0 1B0#182F000002001F
(1674148664.414240) can0 1C2#2B00003000000018
(1674148664.414484) can0 1D0#000000000000000A
(1674148664.414657) can0 1EA#000000000000041A
(1674148664.414980) can0 255#000000005555BC9A
(1674148664.415208) can0 14A#FFF1000007FFF115
(1674148664.415439) can0 305#8054F700010017
(1674148664.415607) can0 31B#5A40000000000015
(1674148664.415835) can0 094#8064880E01000C77
(1674148664.416012) can0 3D9#008412
(1674148664.416190) can0 45B#0004
(1674148664.416283) can0 1FB#3A
(1674148664.418553) can0 158#000000000000000A
(1674148664.418580) can0 130#FEA7FEA70000058B
(1674148664.418885) can0 140#800000000000001A
(1674148664.419106) can0 17C#000400001000000F
(1674148664.422072) can0 324#7C5D000000000A97
(1674148664.422097) can0 3D7#B0C122C128C15534
(1674148664.422099) can0 320#0000005400000019
(1674148664.422207) can0 328#0000000000200054
(1674148664.422457) can0 339#8C46001A
(1674148664.422675) can0 34E#0053006000000023
(1674148664.422890) can0 454#4AF6011A5A40C03A
(1674148664.423120) can0 465#0000000000000135
(1674148664.423242) can0 112#000013
(1674148664.425247) can0 14A#FFF1000007FFF124
(1674148664.425766) can0 094#8064880E01000C4A
(1674148664.427329) can0 1AB#800064
(1674148664.427571) can0 039#00000C
(1674148664.428654) can0 158#0000000000000019
(1674148664.428683) can0 130#FEA7FEA70000059A
(1674148664.428699) can0 140#8000000000000029
(1674148664.429185) can0 17C#000400001000001E
(1674148664.429208) can0 1D6#0022
(1674148664.429505) can0 1DC#000000000000100D
(1674148664.429738) can0 1DD#FFFB1B9F00000010
(1674148664.429921) can0 1ED#21FF000029
(1674148664.430144) can0 221#2E0000000030
(1674148664.430320) can0 296#00000034
(1674148664.431507) can0 1CC#00000F
(1674148664.433999) can0 112#000022
(1674148664.434024) can0 1A4#0067042410800126
(1674148664.434026) can0 1AC#7FFF030000000028
(1674148664.434028) can0 1B0#182F000002002E
(1674148664.434284) can0 1C2#2B00003000000027
(1674148664.434536) can0 1D0#000000000000000A
(1674148664.434770) can0 1EA#0000000000000429
(1674148664.434804) can0 1FB#0D
(1674148664.435134) can0 14A#FFF1000007FFF133
(1674148664.436114) can0 094#8064880E02000C58
(1674148664.439034) can0 158#0000000000000028
(1674148664.439053) can0 130#FEA7FEA7000005A9
(1674148664.439058) can0 140#8000000000000038
(1674148664.439086) can0 17C#000400001000002D
(1674148664.443973) can0 112#000031
(1674148664.445770) can0 14A#FFF1000007FFF106
(1674148664.445795) can0 094#8064880E01000C68
(1674148664.447029) can0 1AB#800073
(1674148664.448858) can0 158#0000000000000037
(1674148664.448883) can0 130#FEA7FEA7000005B8
(1674148664.448885) can0 140#800000000000000B
(1674148664.449084) can0 17C#000400001000003C
(1674148664.449382) can0 1D6#0031
(1674148664.449613) can0 1DC#000000000000101C
(1674148664.449835) can0 1DD#FFFB1B9F0000002F
(1674148664.450067) can0 1ED#21FF000038
(1674148664.451062) can0 1CC#00001E
(1674148664.453919) can0 112#000004
(1674148664.453944) can0 1A4#0067042410800135
(1674148664.453946) can0 1AC#7FFF030000000037
(1674148664.454010) can0 1B0#182F000002003D
(1674148664.454367) can0 1C2#2B00003000000036
(1674148664.454512) can0 1D0#000000000000000A
(1674148664.454858) can0 1EA#0000000000000438
(1674148664.454907) can0 1FB#1C
(1674148664.455154) can0 14A#FFF1000007FFF115
(1674148664.455408) can0 255#000000005555BD99
(1674148664.455686) can0 094#8064880E01000C77
(1674148664.458842) can0 158#000000000000000A
(1674148664.458867) can0 130#FEA7FEA70000058B
(1674148664.458870) can0 140#800000000000001A
(1674148664.459074) can0 17C#000400001000000F
(1674148664.463910) can0 112#000013
(1674148664.465631) can0 14A#FFF1000007FFF124
(1674148664.465656) can0 094#8064880E02000C49
(1674148664.466992) can0 1AB#800046
(1674148664.467875) can0 039#00001B
(1674148664.468237) can0 158#0000000000000019
(1674148664.468487) can0 130#FEA7FEA70000059A
(1674148664.468724) can0 140#8000000000000029
(1674148664.468970) can0 17C#000400001000001E
(1674148664.469163) can0 1D6#0004
(1674148664.469385) can0 1DC#000000000000102B
(1674148664.469633) can0 1DD#FFFB1B9F0000003E
(1674148664.469905) can0 1ED#21FF00000B
(1674148664.470125) can0 221#2E0000000003
(1674148664.470239) can0 296#00000007
(1674148664.471566) can0 1CC#00002D
(1674148664.473936) can0 112#000022
(1674148664.473961) can0 1A4#0067042410800108
(1674148664.473964) can0 1AC#7FFF03000000000A
(1674148664.474093) can0 1B0#182F0000020000
(1674148664.474392) can0 1C2#2B00003000000009
(1674148664.474612) can0 1D0#000000000000000A
(1674148664.474872) can0 1EA#000000000000040B
(1674148664.474909) can0 1FB#2B
(1674148664.475218) can0 14A#FFF1000007FFF133
(1674148664.476053) can0 094#8064880E01000C59
(1674148664.478939) can0 158#0000000000000028
(1674148664.478964) can0 130#FEA7FEA7000005A9
(1674148664.478966) can0 140#8000000000000038
(1674148664.479112) can0 17C#000400001000002D
(1674148664.483653) can0 112#000031
(1674148664.485645) can0 14A#FFF1000007FFF106
(1674148664.485670) can0 094#8064880A02000C6B
(1674148664.487544) can0 1AB#800055
(1674148664.488886) can0 158#0000000000000037
(1674148664.488911) can0 130#FEA7FEA7000005B8
(1674148664.488914) can0 140#800000000000000B
(1674148664.489033) can0 17C#000400001000003C
(1674148664.489272) can0 309#000000000000409F
(1674148664.489394) can0 1D6#0013
(1674148664.489629) can0 1DC#000000000000103A
(1674148664.489955) can0 1DD#FFFB1B9F00000001
(1674148664.490137) can0 1ED#21FF00001A
(1674148664.490381) can0 326#328100200000001C
(1674148664.490639) can0 32F#0000000000000013
(1674148664.490884) can0 371#000000000000001C
(1674148664.491012) can0 372#E000001D
(1674148664.491246) can0 374#4E000000CF400018
(1674148664.491380) can0 1CC#00003C
(1674148664.491605) can0 378#0000000010800058
(1674148664.491950) can0 37B#0000002000000010
(1674148664.492167) can0 396#0000004E000013
(1674148664.493841) can0 112#000004
(1674148664.493864) can0 1A4#0067042410800117
(1674148664.493883) can0 1AC#7FFF030000000019
(1674148664.494188) can0 1B0#182F000002001F
(1674148664.494411) can0 1C2#2B00003000000018
(1674148664.494662) can0 1D0#000000000000000A
(1674148664.494914) can0 1EA#000000000000041A
(1674148664.495093) can0 14A#FFF1000007FFF115
(1674148664.495189) can0 1FB#3A
(1674148664.495437) can0 255#000000005555BE98
(1674148664.495699) can0 094#8064880E01000C77
(1674148664.498822) can0 158#000000000000000A
(1674148664.498847) can0 130#FEA7FEA70000058B
(1674148664.498849) can0 140#800000000000001A
(1674148664.499081) can0 17C#000400001000000F
(1674148664.503991) can0 112#000013
(1674148664.505635) can0 14A#FFF1000007FFF124
(1674148664.505659) can0 094#8064880E01000C4A
(1674148664.507531) can0 1AB#800064
(1674148664.507556) can0 039#00002A
(1674148664.508766) can0 158#0000000000000019
(1674148664.508791) can0 130#FEA7FEA70000059A
(1674148664.508793) can0 140#8000000000000029
(1674148664.508938) can0 17C#000400001000001E
(1674148664.509192) can0 221#2E0000000012
(1674148664.509245) can0 1D6#0022
(1674148664.509499) can0 1DC#000000000000100D
(1674148664.509759) can0 1DD#FFFB1B9F00000010
(1674148664.510001) can0 1ED#21FF000029
(1674148664.510115) can0 296#00000016
(1674148664.510477) can0 510#0000000000000020
(1674148664.510671) can0 516#005260000010002C
(1674148664.511181) can0 1CC#00000F
(1674148664.514034) can0 112#000022
(1674148664.514059) can0 1A4#0067042410800126
(1674148664.514061) can0 1AC#7FFF030000000028
(1674148664.514135) can0 1B0#182F000002002E
(1674148664.514499) can0 1C2#2B00003000000027
(1674148664.514657) can0 1D0#000000000000000A
(1674148664.514949) can0 1EA#0000000000000429
(1674148664.515191) can0 14A#FFF1000007FFF133
(1674148664.515256) can0 1FB#0D
(1674148664.515526) can0 305#8054F700010026
(1674148664.515756) can0 094#8064880A02000C5C
(1674148664.515993) can0 31B#5A40000000000024
(1674148664.518964) can0 158#0000000000000028
(1674148664.518988) can0 130#FEA7FEA7000005A9
(1674148664.518991) can0 140#8000000000000038
(1674148664.519085) can0 17C#000400001000002D
(1674148664.522009) can0 324#7C5D000000000AA6
(1674148664.522034) can0 320#0000005400000028
(1674148664.522043) can0 328#0000000000200063
(1674148664.522073) can0 339#8C45F02B
(1674148664.522408) can0 34E#0053006000000032
(1674148664.522571) can0 661#009100006432FF04
(1674148664.523904) can0 112#000031
(1674148664.525635) can0 14A#FFF1000007FFF106
(1674148664.525659) can0 094#8064880A01000C6C
(1674148664.527531) can0 1AB#800073
(1674148664.528937) can0 158#0000000000000037
(1674148664.528962) can0 130#FEA7FEA7000005B8
(1674148664.528964) can0 140#800000000000000B
(1674148664.529173) can0 17C#000400001000003C
(1674148664.529407) can0 1D6#0031
(1674148664.529650) can0 1DC#000000000000101C
(1674148664.529905) can0 1DD#FFFB1B9F0000002F
(1674148664.530024) can0 1ED#21FF000038
(1674148664.530259) can0 3A1#2DC000000000003C
(1674148664.531586) can0 1CC#00001E
(1674148664.534087) can0 112#000004
(1674148664.534112) can0 1A4#0067042410800135
(1674148664.534115) can0 1AC#7FFF030000000037
(1674148664.534183) can0 1B0#182F000002003D
(1674148664.534539) can0 1C2#2B00003000000036
(1674148664.534763) can0 1D0#000000000000000A
(1674148664.535000) can0 1EA#0000000000000438
(1674148664.535239) can0 14A#FFF1000007FFF115
(1674148664.535299) can0 1FB#1C
(1674148664.535575) can0 255#000000005555BF97
(1674148664.535825) can0 094#8064880E02000C76
(1674148664.538817) can0 158#000000000000000A
(1674148664.538842) can0 130#FEA7FEA70000058B
(1674148664.538844) can0 140#800000000000001A
(1674148664.538934) can0 17C#000400001000000F
(1674148664.544088) can0 112#000013
(1674148664.545645) can0 14A#FFF1000007FFF124
(1674148664.545670) can0 094#8064880A01000C4E
(1674148664.547538) can0 1AB#800046
(1674148664.547564) can0 039#000039
(1674148664.548868) can0 158#0000000000000019
(1674148664.548892) can0 130#FEA7FEA70000059A
(1674148664.548895) can0 140#8000000000000029
(1674148664.549046) can0 17C#000400001000001E
(1674148664.549253) can0 221#2E0000000021
(1674148664.549358) can0 1D6#0004
(1674148664.549631) can0 1DC#000000000000102B
(1674148664.549899) can0 1DD#FFFB1B9F0000003E
(1674148664.550098) can0 1ED#21FF00000B
(1674148664.550158) can0 296#00000025
(1674148664.551515) can0 1CC#00002D
(1674148664.554113) can0 112#000022
(1674148664.554139) can0 1A4#0067042410800108
(1674148664.554142) can0 1AC#7FFF03000000000A
(1674148664.554210) can0 1B0#182F0000020000
(1674148664.554553) can0 1C2#2B00003000000009
(1674148664.554787) can0 1D0#000000000000000A
(1674148664.555089) can0 1EA#000000000000040B
(1674148664.555273) can0 14A#FFF1000007FFF133
(1674148664.555311) can0 1FB#2B
(1674148664.555593) can0 094#8064880E01000C59
(1674148664.558929) can0 158#0000000000000028
(1674148664.558955) can0 130#FEA7FEA7000005A9
(1674148664.558957) can0 140#8000000000000038
(1674148664.559177) can0 17C#000400001000002D
(1674148664.563638) can0 112#000031
(1674148664.565174) can0 14A#FFF1000007FFF106
(1674148664.565802) can0 094#8064880A01000C6C
(1674148664.567032) can0 1AB#800055
(1674148664.568393) can0 158#0000000000000037
(1674148664.568483) can0 130#FEA7FEA7000005B8
(1674148664.568797) can0 140#800000000000000B
(1674148664.569089) can0 17C#000400001000003C
(1674148664.569234) can0 1D6#0013
(1674148664.569482) can0 1DC#000000000000103A
(1674148664.569763) can0 1DD#FFFB1B9F00000001
(1674148664.569981) can0 1ED#21FF00001A
(1674148664.571192) can0 1CC#00003C
(1674148664.571260) can0 659#000000063B
(1674148664.573881) can0 112#000004
(1674148664.573905) can0 1A4#0067042410800117
(1674148664.574094) can0 1AC#7FFF030000000019
(1674148664.574317) can0 1B0#182F000002001F
(1674148664.574568) can0 1C2#2B00003000000018
(1674148664.574833) can0 1D0#000000000000000A
(1674148664.575090) can0 1EA#000000000000041A
(1674148664.575235) can0 14A#FFF1000007FFF115
(1674148664.575354) can0 1FB#3A
(1674148664.575605) can0 255#000000005555C096
(1674148664.575828) can0 094#8064880E02000C76
(1674148664.578740) can0 158#000000000000000A
(1674148664.578765) can0 130#FEA7FEA70000058B
(1674148664.578767) can0 140#800000000000001A
(1674148664.579095) can0 17C#000400001000000F
(1674148664.583792) can0 112#000013
(1674148664.585176) can0 14A#FFF1000007FFF124
(1674148664.586085) can0 094#8064880A02000C4D
(1674148664.587260) can0 1AB#800064
(1674148664.587564) can0 039#00000C
(1674148664.588750) can0 158#0000000000000019
(1674148664.588772) can0 130#FEA7FEA70000059A
(1674148664.588775) can0 140#8000000000000029
(1674148664.589083) can0 17C#000400001000001E
(1674148664.589308) can0 1D6#0022
(1674148664.589532) can0 1DC#000000000000100D
(1674148664.589717) can0 1DD#FFFB1B9F00000010
(1674148664.589942) can0 1ED#21FF000029
(1674148664.590175) can0 221#2E0000000030
(1674148664.590353) can0 32F#0000000000000022
(1674148664.590514) can0 296#00000034
(1674148664.590784) can0 309#00000000000040AE
(1674148664.591076) can0 326#328100200000002B
(1674148664.591189) can0 1CC#00000F
(1674148664.591484) can0 371#000000000000002B
(1674148664.591668) can0 372#E000002C
(1674148664.591884) can0 374#4E000000CF400027
(1674148664.592135) can0 378#0000000010800067
(1674148664.592370) can0 37B#000000200000002F
(1674148664.592633) can0 396#0000004E000022
(1674148664.594088) can0 112#000022
(1674148664.594111) can0 1A4#0067042410800126
(1674148664.594113) can0 1AC#7FFF030000000028
(1674148664.594375) can0 1B0#182F000002002E
(1674148664.594570) can0 1C2#2B00003000000027
(1674148664.594886) can0 1D0#000000000000000A
(1674148664.595125) can0 1EA#0000000000000429
(1674148664.595363) can0 14A#FFF1000007FFF133
(1674148664.595413) can0 1FB#0D
(1674148664.595704) can0 094#8064880E01000C59
(1674148664.598359) can0 158#0000000000000028
(1674148664.598677) can0 130#FEA7FEA7000005A9
(1674148664.833765) can0 039#00002A
(1674148664.834011) can0 130#FEA7FEA70000059A
(1674148664.834178) can0 112#000004
(1674148664.834390) can0 140#800000000000001A
(1674148664.834621) can0 14A#FFF1000007FFF124
(1674148664.834969) can0 158#000000000000000A
(1674148664.835162) can0 14A#FFF1000007FFF133
(1674148664.835451) can0 17C#000400001000000F
(1674148664.835705) can0 094#8064880E03000C57
(1674148664.835908) can0 1A4#0067042410800117
(1674148664.836081) can0 1AB#800046
(1674148664.836255) can0 1AC#7FFF030000000019
(1674148664.836473) can0 1B0#182F000002001F
(1674148664.836721) can0 1C2#2B00003000000018
(1674148664.836889) can0 1CC#00000F
(1674148664.837170) can0 1D0#000000000000000A
(1674148664.837343) can0 1D6#0004
(1674148664.837582) can0 1EA#000000000000041A
(1674148664.837777) can0 1DC#000000000000102B
(1674148664.837914) can0 1FB#B2
(1674148664.838113) can0 1DD#FFFB1B9F0000003E
(1674148664.838293) can0 221#2E0000000012
(1674148664.838539) can0 158#000000000000000A
(1674148664.838714) can0 296#00000016
(1674148664.839011) can0 130#FEA7FEA70000059A
(1674148664.839181) can0 551#0000000616
(1674148664.839377) can0 140#8000000000000029
(1674148664.839647) can0 17C#000400001000001E
(1674148664.839902) can0 1ED#21FF00000B
(1674148664.840182) can0 320#000000540000000A
(1674148664.840448) can0 324#7C5D000000000A88
(1674148664.840692) can0 328#0000000000200045
(1674148664.840913) can0 32F#0000000000000031
(1674148664.841137) can0 339#8C45E00E
(1674148664.841338) can0 34E#0053006000000014
(1674148664.841587) can0 3D7#B0C122C128C15516
(1674148664.841894) can0 454#4AF6011A5A40C00D
(1674148664.842163) can0 465#0000000000000108
(1674148664.844332) can0 112#000013
(1674148664.845772) can0 14A#FFF1000007FFF106
(1674148664.845798) can0 094#8064880A02000C6B
(1674148664.847115) can0 1AB#800073
(1674148664.848398) can0 158#0000000000000019
(1674148664.848560) can0 130#FEA7FEA7000005A9
(1674148664.848833) can0 140#8000000000000038
(1674148664.849084) can0 17C#000400001000002D
(1674148664.849359) can0 1D6#0013
(1674148664.849634) can0 1DC#000000000000100D
(1674148664.849881) can0 1DD#FFFB1B9F00000001
(1674148664.850086) can0 1ED#21FF000029
(1674148664.851149) can0 1CC#00001E
(1674148664.854742) can0 112#000022
(1674148664.854767) can0 1A4#0067042410800126
(1674148664.854770) can0 1AC#7FFF030000000028
(1674148664.854833) can0 1B0#182F000002002E
(1674148664.855163) can0 14A#FFF1000007FFF115
(1674148664.855426) can0 1C2#2B00003000000027
(1674148664.855645) can0 1D0#000000000000000A
(1674148664.855894) can0 094#8064880A02000C7A
(1674148664.856125) can0 1EA#0000000000000429
(1674148664.856160) can0 1FB#85
(1674148664.856480) can0 255#000000005555C294
(1674148664.858315) can0 158#0000000000000028
(1674148664.858552) can0 130#FEA7FEA7000005B8
(1674148664.858837) can0 140#800000000000000B
(1674148664.859098) can0 17C#000400001000003C
(1674148664.864759) can0 112#000031
(1674148664.865131) can0 14A#FFF1000007FFF124
(1674148664.865703) can0 094#8064880A02000C4D
(1674148664.867074) can0 1AB#800046
(1674148664.867584) can0 039#000039
(1674148664.868690) can0 158#0000000000000037
(1674148664.868713) can0 130#FEA7FEA70000058B
(1674148664.868749) can0 140#800000000000001A
(1674148664.869086) can0 221#2E0000000021
(1674148664.869301) can0 17C#000400001000000F
(1674148664.869402) can0 296#00000025
(1674148664.869588) can0 1D6#0022
(1674148664.869850) can0 1DC#000000000000101C
(1674148664.870103) can0 1DD#FFFB1B9F00000010
(1674148664.870315) can0 1ED#21FF000038
(1674148664.871694) can0 1CC#00002D
(1674148664.874391) can0 1FB#1C
(1674148664.874418) can0 112#000004
(1674148664.874449) can0 1A4#0067042410800135
(1674148664.874790) can0 1AC#7FFF030000000037
(1674148664.874935) can0 1B0#182F000002003D
(1674148664.875214) can0 14A#FFF1000007FFF133
(1674148664.875402) can0 1C2#2B00003000000036
(1674148664.875610) can0 094#8064880E02000C58
(1674148664.875933) can0 1D0#000000000000000A
(1674148664.876182) can0 1EA#0000000000000438
(1674148664.878542) can0 158#000000000000000A
(1674148664.878606) can0 130#FEA7FEA70000059A
(1674148664.878995) can0 140#8000000000000029
(1674148664.879224) can0 17C#000400001000001E
(1674148664.884785) can0 112#000013
(1674148664.885134) can0 14A#FFF1000007FFF106
(1674148664.885557) can0 094#8064880E00000C69
(1674148664.887196) can0 1AB#800055
(1674148664.888910) can0 158#0000000000000019
(1674148664.888935) can0 130#FEA7FEA7000005A9
(1674148664.888937) can0 140#8000000000000038
(1674148664.889190) can0 17C#000400001000002D
(1674148664.889419) can0 1D6#0031
(1674148664.889658) can0 1DC#000000000000102B
(1674148664.889921) can0 1DD#FFFB1B9F0000002F
(1674148664.890042) can0 1ED#21FF00000B
(1674148664.890282) can0 309#000000000000409F
(1674148664.890504) can0 32F#0000000000000013
(1674148664.890777) can0 326#328100200000001C
(1674148664.891084) can0 371#000000000000001C
(1674148664.891261) can0 372#E000001D
(1674148664.891345) can0 1CC#00003C
(1674148664.891703) can0 374#4E000000CF400018
(1674148664.891890) can0 378#0000000010800058
(1674148664.892118) can0 37B#0000002000000010
(1674148664.892352) can0 396#0000004E000013
(1674148664.894253) can0 1FB#2B
(1674148664.894278) can0 112#000022
(1674148664.894538) can0 1A4#0067042410800108
(1674148664.894792) can0 1AC#7FFF03000000000A
(1674148664.895083) can0 1B0#182F0000020000
(1674148664.895209) can0 14A#FFF1000007FFF115
(1674148664.895456) can0 1C2#2B00003000000009
(1674148664.895794) can0 094#8064880E02000C76
(1674148664.896008) can0 1D0#000000000000000A
(1674148664.896198) can0 1EA#000000000000040B
(1674148664.896409) can0 255#000000005555C393
(1674148664.898793) can0 158#0000000000000028
(1674148664.898817) can0 130#FEA7FEA7000005B8
(1674148664.898820) can0 140#800000000000000B
(1674148664.898909) can0 17C#000400001000003C
(1674148664.904836) can0 112#000031
(1674148664.905121) can0 14A#FFF1000007FFF124
(1674148664.906040) can0 094#8064880A01000C4E
(1674148664.907189) can0 1AB#800064
(1674148664.907525) can0 039#00000C
(1674148664.908698) can0 158#0000000000000037
