(1757618285.973036) can0 360#6805006A27440100
(1757618286.023362) can0 360#8505006A26440100
(1757618286.072850) can0 360#6E05006A26440100
(1757618286.123307) can0 360#BB04006A23440100
(1757618286.172812) can0 360#FA04006A22440100
(1757618286.223013) can0 360#FA04006A22440100
(1757618286.272907) can0 360#F404006A21440100
(1757618286.322974) can0 360#DF03006A1E440100
(1757618286.372733) can0 360#8903006A1B440100
(1757618286.422951) can0 360#3F03006A1A440100
(1757618286.472682) can0 360#5503006A19440100
(1757618286.522983) can0 360#3103006A18440100
(1757618286.572656) can0 360#3803006A18440100
(1757618286.622876) can0 360#5D03006A18440100
(1757618286.672610) can0 360#6903006A18440100
(1757618286.722910) can0 360#5B03006A18440100
(1757618286.772683) can0 360#4E03006A17440100
(1757618286.822742) can0 360#2203006A16440100
(1757618286.872648) can0 360#0F03006A16440100
(1757618286.922701) can0 360#2403006A16440100
(1757618286.972498) can0 360#FE03006A19440100
(1757618287.022655) can0 360#C104006A1B440100
(1757618287.072517) can0 360#CB04006A1D440100
(1757618287.122626) can0 360#D304006A1C440100
(1757618287.172379) can0 360#8504006A19440100
(1757618287.222647) can0 360#6E04006A19440100
(1757618287.272400) can0 360#B104006A1A440100
(1757618287.322573) can0 360#8704006A19440100
(1757618287.372292) can0 360#2904006A17440100
(1757618287.422555) can0 360#8901006A10440100
(1757618287.472298) can0 360#8501006A0C440100
(1757618287.522530) can0 360#8001006A0A440100
(1757618287.572249) can0 360#7301006A08440100
(1757618287.622537) can0 360#0000006A08440100
(1757618287.672173) can0 360#0000006A08440100
(1757618287.722448) can0 360#0000006A08440100
(1757618287.772224) can0 360#0000006A09440100
(1757618287.822910) can0 360#0000006A09440100
(1757618287.872142) can0 360#0000006A08440100
(1757618287.922401) can0 360#0000006A08440100
(1757618287.972136) can0 360#0000006A08440100
(1757618288.022561) can0 360#1001006A08440100
(1757618288.072061) can0 360#0501006A08440100
(1757618288.122566) can0 360#6002006A12440100
(1757618288.172008) can0 360#5304006A1D440100
(1757618288.222487) can0 360#7304006A21440100
(1757618288.271995) can0 360#D603006A21440100
(1757618288.322449) can0 360#D103006A21440100
(1757618288.371993) can0 360#A503006A20440100
(1757618288.422401) can0 360#A103006A20440100
(1757618288.472023) can0 360#5403006A1F440100
(1757618288.522378) can0 360#2903006A1C440100
(1757618288.572052) can0 360#1B03006A19440100
(1757618288.622309) can0 360#3702006A16440100
(1757618288.672094) can0 360#3B02006A14440100
(1757618288.722225) can0 360#2701006A12440100
(1757618288.772114) can0 360#4401006A10440100
(1757618288.822256) can0 360#4601006A10440100
(1757618288.872098) can0 360#4001006A11440100
(1757618288.922278) can0 360#B401006A13440100
(1757618288.972158) can0 360#C702006A17440100
(1757618289.022308) can0 360#E702006A1A440100
(1757618289.072068) can0 360#8703006A1D440100
(1757618289.122490) can0 360#6504006A21440100
(1757618289.172034) can0 360#9204006A23440100
(1757618289.222116) can0 360#3D04006A23440300
(1757618289.272050) can0 360#7A04006A22440300
(1757618289.322088) can0 360#A704006A22440300
(1757618289.372017) can0 360#B904006A22440300
(1757618289.422119) can0 360#E804006A23440300
(1757618289.471980) can0 360#E304006A23440300
(1757618289.521983) can0 360#5D04006A21440300
(1757618289.571953) can0 360#7F04006A1F440300
(1757618289.621933) can0 360#FD04006A20440300
(1757618289.671924) can0 360#E404006A22440300
(1757618289.721882) can0 360#1D05006A22440100
(1757618289.771332) can0 360#9404006A20440100
(1757618289.821873) can0 360#9E04006A1F440100
(1757618289.871380) can0 360#6D04006A1D440100
(1757618289.921818) can0 360#5F04006A1D440100
(1757618289.971308) can0 360#5004006A1D440100
(1757618290.021826) can0 360#5B04006A1D440100
(1757618290.071296) can0 360#5D04006A1D440100
(1757618290.121969) can0 360#6B04006A1D440100
(1757618290.171288) can0 360#6B04006A1D440100
(1757618290.221699) can0 360#7404006A1E440100
(1757618290.271201) can0 360#BD04006A1F440100
(1757618290.321697) can0 360#EB04006A1F440100
(1757618290.371158) can0 360#FB04006A20440100
(1757618290.421698) can0 360#3E05006A21440100
(1757618290.471115) can0 360#6F05006A21440100
(1757618290.521593) can0 360#9B05006A21440100
(1757618290.571064) can0 360#AE05006A22440100
(1757618290.621297) can0 360#D805006A22440100
(1757618290.670975) can0 360#B906006A24440100
(1757618290.721387) can0 360#3507006A26440100
(1757618290.770985) can0 360#0B08006A29440300
(1757618290.821379) can0 360#0008006A2B440300
(1757618290.870901) can0 360#3D08006A2B440100
(1757618290.921376) can0 360#4908006A2B440100
(1757618290.970926) can0 360#5908006A2C440100
(1757618291.021422) can0 360#7008006A2C440100
(1757618291.070884) can0 360#6108006A2C440100
(1757618291.121369) can0 360#8208006A2D440100
(1757618291.170804) can0 360#9008006A2D440100
(1757618291.221339) can0 360#9108006A2D440100
(1757618291.270880) can0 360#8C08006A2E440100
(1757618291.321377) can0 360#8A08006A2E440100
(1757618291.370789) can0 360#6A08006A2E440100
(1757618291.421404) can0 360#8608006A2E440100
(1757618291.470770) can0 360#C008006A2F440100
(1757618291.521413) can0 360#D108006A2F440100
(1757618291.570703) can0 360#F908006A2F440100
(1757618291.621407) can0 360#2D09006A2F440300
(1757618291.670658) can0 360#2E09006A2F440100
(1757618291.721363) can0 360#1909006A30440100
(1757618291.770726) can0 360#4509006A30440100
(1757618291.821377) can0 360#5D09006A30440100
(1757618291.870573) can0 360#E409006A30440100
(1757618291.921425) can0 360#3C0A006A30440100
(1757618291.970543) can0 360#350A006A30440100
(1757618292.021433) can0 360#080A006A30440100
(1757618292.070559) can0 360#200A006A30440100
(1757618292.121374) can0 360#550A006A30440100
(1757618292.170483) can0 360#540A006A2F440100
(1757618292.221419) can0 360#530A006A2F440300
(1757618292.270418) can0 360#AE0A006A2F440300
(1757618292.321666) can0 360#8C0A006A2F440100
(1757618292.370439) can0 360#580A006A2E440100
(1757618292.421685) can0 360#8A06006A24440100
(1757618292.470276) can0 360#A901006B16440100
(1757618292.521618) can0 360#A701006B0D440100
(1757618292.570295) can0 360#9B01006B0A440100
(1757618292.621625) can0 360#8F01006B09440100
(1757618292.670265) can0 360#0000006B09440100
(1757618292.721523) can0 360#0000006B09440100
(1757618292.770273) can0 360#0000006B08440100
(1757618292.821660) can0 360#0000006B08440100
(1757618292.870172) can0 360#0000006B08440100
(1757618292.921520) can0 360#0000006B08440100
(1757618292.970153) can0 360#0000006B08440100
(1757618293.021492) can0 360#0000006B08440100
(1757618293.070295) can0 360#2901006B0D440100
(1757618293.121409) can0 360#CF08006B2D440100
(1757618293.170297) can0 360#EA08006B2F440100
(1757618293.221422) can0 360#0608006B31440100
(1757618293.269986) can0 360#6607006B31440100
(1757618293.321331) can0 360#C808006B31440100
(1757618293.369918) can0 360#C708006B31440100
(1757618293.421310) can0 360#1908006B32440100
(1757618293.469898) can0 360#F208006B32449100
(1757618293.521255) can0 360#3809006B33449100
(1757618293.569899) can0 360#9708006B33449100
(1757618293.621215) can0 360#B908006B34449100
(1757618293.669860) can0 360#0B09006B34449100
(1757618293.721117) can0 360#B308006B34449100
(1757618293.769751) can0 360#E908006B35449100
(1757618293.821142) can0 360#1C09006B35449100
(1757618293.869710) can0 360#EE08006B35449100
(1757618293.921114) can0 360#F908006B36449100
(1757618293.969740) can0 360#6709006B36449100
(1757618294.021083) can0 360#3A09006B36449100
(1757618294.069916) can0 360#3909006B37449100
(1757618294.121062) can0 360#A109006B37449100
(1757618294.169664) can0 360#D709006B37449100
(1757618294.221049) can0 360#C309006B38449100
(1757618294.269558) can0 360#140A006B38449100
(1757618294.320962) can0 360#260A006B38449100
(1757618294.369581) can0 360#550A006B38449100
(1757618294.420945) can0 360#5A0A006B39449100
(1757618294.469553) can0 360#7E0A006B39449100
(1757618294.520941) can0 360#6D0A006B39449100
(1757618294.569519) can0 360#860A006B3A449100
(1757618294.620820) can0 360#2E0B006B3A449100
(1757618294.669535) can0 360#240B006B3A449100
(1757618294.720764) can0 360#600B006B3B449100
(1757618294.769419) can0 360#AE0B006B3B449100
(1757618294.819657) can0 360#050C006B3C449100
(1757618294.869375) can0 360#3F0C006B3C449100
(1757618294.919598) can0 360#7E0C006B3D449100
(1757618294.969349) can0 360#FB0C006B3D449100
(1757618295.019555) can0 360#2B0D006B3E449100
(1757618295.069278) can0 360#670D006B3E449100
(1757618295.119584) can0 360#CD0D006B3F449100
(1757618295.169283) can0 360#0A0E006B3F449100
(1757618295.219495) can0 360#330E006B3F449100
(1757618295.269182) can0 360#530E006B3F449100
(1757618295.319561) can0 360#970E006B3F449100
(1757618295.369189) can0 360#710C006B3A449100
(1757618295.419510) can0 360#9F07006B2B449100
(1757618295.469146) can0 360#8702006B18449100
(1757618295.519452) can0 360#8601006B10449100
(1757618295.569099) can0 360#8101006B0C449100
(1757618295.619460) can0 360#0000006B0B449100
(1757618295.669083) can0 360#0000006B09449100
(1757618295.719297) can0 360#0000006B09449100
(1757618295.768986) can0 360#0000006B09449100
(1757618295.819255) can0 360#0000006B09449100
(1757618295.869017) can0 360#0000006B09449100
(1757618295.919205) can0 360#0000006B09449100
(1757618295.968944) can0 360#1C01006B09449100
(1757618296.019187) can0 360#5605006B1F449100
(1757618296.068925) can0 360#1F08006B2D449100
(1757618296.119144) can0 360#A208006B30449100
(1757618296.168883) can0 360#DA07006B31449100
(1757618296.219111) can0 360#2E08006B31449100
(1757618296.268809) can0 360#0908006B31449100
(1757618296.319048) can0 360#1008006B32449100
(1757618296.368793) can0 360#7308006B32449100
(1757618296.419039) can0 360#6308006B32449100
(1757618296.468751) can0 360#4608006B33449100
(1757618296.518916) can0 360#8208006B3344A100
(1757618296.568756) can0 360#2E08006B3344A100
(1757618296.619073) can0 360#6108006B3444A100
(1757618296.668617) can0 360#4F08006B3444A100
(1757618296.718823) can0 360#5408006B3444A100
(1757618296.768585) can0 360#6108006B3544A100
(1757618296.818845) can0 360#6308006C3544A100
(1757618296.868539) can0 360#6C08006C3544A100
(1757618296.918810) can0 360#7408006C3544A100
(1757618296.968544) can0 360#5B08006C3544A100
(1757618297.018834) can0 360#8308006C3544A100
(1757618297.068525) can0 360#BD08006C3644A100
(1757618297.118739) can0 360#B208006C3644A100
(1757618297.168501) can0 360#D208006C3644A100
(1757618297.218682) can0 360#DC08006C3644A100
(1757618297.268452) can0 360#EF08006C3644A100
(1757618297.318713) can0 360#F508006C3744A100
(1757618297.368390) can0 360#0409006C3744A100
(1757618297.418619) can0 360#1A09006C3744A100
(1757618297.468347) can0 360#3B09006C3744A100
(1757618297.518575) can0 360#2C09006C3744A100
(1757618297.568303) can0 360#7209006C3744A100
(1757618297.618534) can0 360#4809006C3744A100
(1757618297.668296) can0 360#8209006C3844A100
(1757618297.718484) can0 360#9009006C3844A100
(1757618297.768235) can0 360#B209006C3844A100
(1757618297.818465) can0 360#C509006C3844A100
(1757618297.868187) can0 360#A709006C3844A100
(1757618297.918424) can0 360#DB09006C3844A100
(1757618297.968174) can0 360#F409006C3944A100
(1757618298.018428) can0 360#080A006C3944A100
(1757618298.068147) can0 360#240A006C3944A100
(1757618298.118354) can0 360#1F0A006C3A44A100
(1757618298.168072) can0 360#2E0A006C3A44A100
(1757618298.218335) can0 360#430A006C3A44A100
(1757618298.268067) can0 360#080A006C3A44A100
(1757618298.318265) can0 360#610A006C3944A100
(1757618298.367984) can0 360#EE09006C3944A100
(1757618298.418249) can0 360#500A006C3944A100
(1757618298.467968) can0 360#4B0A006C3944A100
(1757618298.518183) can0 360#2D0A006C3944A100
(1757618298.567940) can0 360#A708006C3444A100
(1757618298.618325) can0 360#3205006C2544A100
(1757618298.667828) can0 360#8C01006C1844A100
(1757618298.718046) can0 360#5901006C1144A100
(1757618298.767863) can0 360#4F01006C0E44A100
(1757618298.818093) can0 360#4201006C0C44A100
(1757618298.867836) can0 360#3701006C0B44A100
(1757618298.918044) can0 360#2601006C0A44A100
(1757618298.968020) can0 360#1901006C0944A100
(1757618299.017995) can0 360#0C01006C0944A100
(1757618299.067979) can0 360#FF00006C0944A100
(1757618299.117988) can0 360#F600006C0944A100
(1757618299.167932) can0 360#E700006C0944A100
(1757618299.217910) can0 360#DA00006C0944A100
(1757618299.267963) can0 360#D000006C0944A100
(1757618299.317863) can0 360#C200006C0944A100
(1757618299.367846) can0 360#B700006C1644A100
(1757618299.417839) can0 360#A303006C2444A100
(1757618299.467690) can0 360#1F05006C2A44A100
(1757618299.517790) can0 360#6C07006C2B44A100
(1757618299.567570) can0 360#0309006C2944A100
(1757618299.617745) can0 360#A008006C2B44A100
(1757618299.667676) can0 360#C407006C2C44A100
(1757618299.717699) can0 360#3F07006C2B44A100
(1757618299.767403) can0 360#CC06006C2C44A100
(1757618299.817809) can0 360#B906006C2C44A100
(1757618299.867446) can0 360#6406006C2C44A100
(1757618299.917692) can0 360#5806006C2B44A100
(1757618299.967385) can0 360#0306006C2B44A100
(1757618300.017676) can0 360#1006006C2B44A100
(1757618300.067360) can0 360#E005006C2B44A100
(1757618300.117546) can0 360#F205006C2B44A100
(1757618300.167301) can0 360#E205006C2B44A100
(1757618300.217508) can0 360#E605006C2C44A100
(1757618300.267371) can0 360#1C06006C2C44A100
(1757618300.317481) can0 360#D605006C2C44A100
(1757618300.367289) can0 360#2106006C2C44A100
(1757618300.417431) can0 360#1006006C2C44A100
(1757618300.467196) can0 360#2906006C2C44A100
(1757618300.517430) can0 360#3406006C2C44A100
(1757618300.567213) can0 360#4C06006C2C44A100
(1757618300.617352) can0 360#4606006C2C44A100
(1757618300.667049) can0 360#7C06006C2C44A100
(1757618300.717399) can0 360#5F06006C2C44A100
(1757618300.767087) can0 360#8906006C2C44A100
(1757618300.817327) can0 360#8106006C2C44A100
(1757618300.867020) can0 360#9506006C2C44A100
(1757618300.917332) can0 360#9F06006D2C44A100
(1757618300.966983) can0 360#9006006D2C44A100
(1757618301.017203) can0 360#A606006D2C44A100
(1757618301.066935) can0 360#B506006D2C44A100
(1757618301.117163) can0 360#B406006D2C44A100
(1757618301.166919) can0 360#BA06006D2C44A100
(1757618301.217117) can0 360#AB06006D2C44A100
(1757618301.266853) can0 360#D006006D2C44A100
(1757618301.317087) can0 360#BA06006D2C44A100
(1757618301.366801) can0 360#BB06006D2C44A100
(1757618301.417020) can0 360#D306006D2C44A100
(1757618301.466831) can0 360#CF06006D2C44A100
(1757618301.516986) can0 360#D306006D2C44A100
(1757618301.566741) can0 360#C306006D2C44A100
(1757618301.616960) can0 360#E506006D2C44A100
(1757618301.666662) can0 360#D306006D2C44A100
(1757618301.716916) can0 360#DC06006D2C44A100
(1757618301.766644) can0 360#D306006D2C44A100
(1757618301.816875) can0 360#F105006D2844A100
(1757618301.866695) can0 360#6C03006D1E44A100
(1757618301.916840) can0 360#3A01006D1444A100
(1757618301.966646) can0 360#3C01006D0E44A100
(1757618302.016804) can0 360#3201006D0D44A100
(1757618302.066490) can0 360#2301006D0B44A100
(1757618302.116871) can0 360#1701006D0A44A100
(1757618302.166533) can0 360#0A01006D0944A100
(1757618302.216747) can0 360#0101006D0944A100
(1757618302.266469) can0 360#F300006D0944A100
(1757618302.316696) can0 360#E700006D0944A100
(1757618302.366446) can0 360#D800006D0944A100
(1757618302.416651) can0 360#CD00006D0944A100
(1757618302.466427) can0 360#C500006D0944A100
(1757618302.516633) can0 360#B700006D0944A100
(1757618302.566527) can0 360#A900006D0944A100
(1757618302.616573) can0 360#A000006D0B44A100
(1757618302.666417) can0 360#C500006D0D44A100
(1757618302.716543) can0 360#E300006D0F44A100
(1757618302.766398) can0 360#3002006D1644A100
(1757618302.816499) can0 360#1705006D1F44A100
(1757618302.866245) can0 360#4D05006D2944A100
(1757618302.916455) can0 360#2B05006D2B44A100
(1757618302.966194) can0 360#3105006D2C44A100
(1757618303.016442) can0 360#0A05006D2C44A100
(1757618303.066181) can0 360#1605006D2C44A100
(1757618303.116434) can0 360#1205006D2C44A100
(1757618303.166102) can0 360#2D05006D2C44A100
(1757618303.216333) can0 360#5305006D2D44A100
(1757618303.266084) can0 360#8105006D2E44A100
(1757618303.316339) can0 360#A205006D2E442100
(1757618303.366047) can0 360#BC05006D2E440100
(1757618303.416267) can0 360#DA05006D2E440100
(1757618303.465975) can0 360#D405006D2E440100
(1757618303.516228) can0 360#D505006D2E440100
(1757618303.565913) can0 360#C505006D2E440100
(1757618303.616179) can0 360#D105006D2E440100
(1757618303.666084) can0 360#D005006D2E440100
(1757618303.716129) can0 360#BD05006D2E440100
(1757618303.766033) can0 360#C505006D2E440100
(1757618303.816136) can0 360#B305006D2E440100
(1757618303.866067) can0 360#AA05006D2E440100
(1757618303.916065) can0 360#BB05006D2E440100
(1757618303.966038) can0 360#8D05006D2E440100
(1757618304.016036) can0 360#AA05006D2E440100
(1757618304.066002) can0 360#8705006D2E440100
(1757618304.115976) can0 360#8705006D2E440100
(1757618304.165919) can0 360#7405006D2D440100
(1757618304.215940) can0 360#8404006D29440100
(1757618304.265934) can0 360#CC03006D25440100
(1757618304.315924) can0 360#7503006D23440100
(1757618304.365913) can0 360#8D03006D21440100
(1757618304.415870) can0 360#6F03006D22440100
(1757618304.465853) can0 360#0404006D24440100
(1757618304.515874) can0 360#CE03006D25440100
(1757618304.565811) can0 360#DE03006D25440100
(1757618304.615771) can0 360#B103006D23440100
(1757618304.665520) can0 360#1603006D21440100
(1757618304.715750) can0 360#3503006D20440100
(1757618304.765535) can0 360#1003006D1F440100
(1757618304.815711) can0 360#9301006D19440100
(1757618304.865448) can0 360#FD00006D14440100
(1757618304.915676) can0 360#2201006D12440100
(1757618304.965425) can0 360#FC00006D0F440100
(1757618305.015647) can0 360#FB00006D0D440100
(1757618305.065391) can0 360#FC00006D0C440100
(1757618305.115576) can0 360#0001006D0A440100
(1757618305.165334) can0 360#FC00006D0A440100
(1757618305.215645) can0 360#FF00006D0A440100
(1757618305.265291) can0 360#FB00006D09440100
(1757618305.315564) can0 360#FC00006D09440100
(1757618305.365330) can0 360#FA00006D09440100
(1757618305.415486) can0 360#FC00006D08440100
(1757618305.465252) can0 360#FA00006D08440100
(1757618305.515440) can0 360#F900006D08440100
(1757618305.565180) can0 360#F700006D08440100
(1757618305.615407) can0 360#F700006D08440100
(1757618305.665089) can0 360#F700006D07440100
(1757618305.715344) can0 360#0000006D07440100
(1757618305.765098) can0 360#0000006D07440100
(1757618305.815381) can0 360#0000006D07440100
(1757618305.865053) can0 360#0000006D07440100
(1757618305.915359) can0 360#0000006D07440100
(1757618305.965033) can0 360#0000006D07440100
(1757618306.015248) can0 360#0000006D07440100
(1757618306.065112) can0 360#0000006D07440100
(1757618306.115208) can0 360#0000006D07440100
(1757618306.165054) can0 360#0000006D07440100
(1757618306.215145) can0 360#0000006D07440100
(1757618306.264896) can0 360#0000006D07440100
(1757618306.315104) can0 360#0000006D07440100
(1757618306.364876) can0 360#0000006D07440100
(1757618306.415111) can0 360#0000006D07440100
(1757618306.464826) can0 360#0000006D07440100
(1757618306.515167) can0 360#0000006D07440100
(1757618306.564772) can0 360#0000006D07440100
(1757618306.615046) can0 360#0000006D07440100
(1757618306.664764) can0 360#0000006D07440100
(1757618306.715001) can0 360#0000006D07440100
(1757618306.764744) can0 360#0000006D07440100
(1757618306.814889) can0 360#0000006D07440100
(1757618306.864836) can0 360#0000006D07440100
