(1757618285.973190) can0 361#002200E90A000000
(1757618286.023733) can0 361#003200E90B000000
(1757618286.073087) can0 361#002200E90C000000
(1757618286.123528) can0 361#003200E90D000000
(1757618286.173035) can0 361#003200E90E000000
(1757618286.223507) can0 361#002200E90F000000
(1757618286.272974) can0 361#092200E900000000
(1757618286.323457) can0 361#093200E901000000
(1757618286.372951) can0 361#093200E902000000
(1757618286.423557) can0 361#092200E903000000
(1757618286.472929) can0 361#093200E904000000
(1757618286.523226) can0 361#092200E905000000
(1757618286.572903) can0 361#092200E906000000
(1757618286.623117) can0 361#093200E907000000
(1757618286.672876) can0 361#093200E908000000
(1757618286.723012) can0 361#092200E909000000
(1757618286.772765) can0 361#092200E90A000000
(1757618286.823157) can0 361#093200E90B000000
(1757618286.872725) can0 361#092200E90C000000
(1757618286.923020) can0 361#093200E90D000000
(1757618286.972728) can0 361#093200E90E000000
(1757618287.022949) can0 361#092200E90F000000
(1757618287.072637) can0 361#092200E900000000
(1757618287.122945) can0 361#093200E901000000
(1757618287.172644) can0 361#093200E902000000
(1757618287.222802) can0 361#092200E903000000
(1757618287.272649) can0 361#012200E904000000
(1757618287.322888) can0 361#013200E905000000
(1757618287.372698) can0 361#002200E906000000
(1757618287.422938) can0 361#003200E907000000
(1757618287.472538) can0 361#003200E908000000
(1757618287.522764) can0 361#002200E909000000
(1757618287.572534) can0 361#002200E90A000000
(1757618287.622762) can0 361#003200E90B000000
(1757618287.672552) can0 361#002200E90C000000
(1757618287.722678) can0 361#003200E90D000000
(1757618287.772430) can0 361#003200E90E000000
(1757618287.823133) can0 361#002200E90F000000
(1757618287.872411) can0 361#002200E900000000
(1757618287.922867) can0 361#003200E901000000
(1757618287.972346) can0 361#003200E902000000
(1757618288.022823) can0 361#002200E903000000
(1757618288.072302) can0 361#003200E904000000
(1757618288.123003) can0 361#002200E905000000
(1757618288.172272) can0 361#002200E906000000
(1757618288.222726) can0 361#003200E907000000
(1757618288.272235) can0 361#003200E908000000
(1757618288.322709) can0 361#002200E909000000
(1757618288.372257) can0 361#002200E90A000000
(1757618288.422668) can0 361#003200E90B000000
(1757618288.472253) can0 361#002200E90C000000
(1757618288.522619) can0 361#003200E90D000000
(1757618288.572313) can0 361#003200E90E000000
(1757618288.622594) can0 361#002200E90F000000
(1757618288.672284) can0 361#002200E900000000
(1757618288.722481) can0 361#003200E901000000
(1757618288.772349) can0 361#003200E902000000
(1757618288.822511) can0 361#002200E903000000
(1757618288.872393) can0 361#003200E904000000
(1757618288.922508) can0 361#002200E905000000
(1757618288.972416) can0 361#002200E906000000
(1757618289.022573) can0 361#003200E907000000
(1757618289.072383) can0 361#003200E908000000
(1757618289.122721) can0 361#002200E909000000
(1757618289.172366) can0 361#002200E90A000000
(1757618289.222339) can0 361#003200E90B000000
(1757618289.272305) can0 361#002200E90C000000
(1757618289.322317) can0 361#003200E90D000000
(1757618289.372258) can0 361#003200E90E000000
(1757618289.422347) can0 361#002200E90F000000
(1757618289.472234) can0 361#002200E900000000
(1757618289.522395) can0 361#003200E901000000
(1757618289.572194) can0 361#003200E902000000
(1757618289.622414) can0 361#002200E903000000
(1757618289.672148) can0 361#003200E904000000
(1757618289.722310) can0 361#023200E905000000
(1757618289.772100) can0 361#023200E906000000
(1757618289.822333) can0 361#022200E907000000
(1757618289.872059) can0 361#022200E908000000
(1757618289.922301) can0 361#023200E909000000
(1757618289.972034) can0 361#023200E90A000000
(1757618290.022296) can0 361#022200E90B000000
(1757618290.071989) can0 361#0A2200E90C000000
(1757618290.122408) can0 361#0A3200E90D000000
(1757618290.172005) can0 361#0A3200E90E000000
(1757618290.222174) can0 361#0A2200E90F000000
(1757618290.271446) can0 361#0A2200E900000000
(1757618290.322156) can0 361#0A3200E901000000
(1757618290.371404) can0 361#0A3200E902000000
(1757618290.422098) can0 361#0A2200E903000000
(1757618290.471337) can0 361#0A3200E904000000
(1757618290.522078) can0 361#0A2200E905000000
(1757618290.571311) can0 361#0A2200E906000000
(1757618290.621831) can0 361#0A3200E907000000
(1757618290.671306) can0 361#0A3200E908000000
(1757618290.721783) can0 361#0A2200E909000000
(1757618290.771245) can0 361#0A2200E90A000000
(1757618290.821879) can0 361#0A3200E90B000000
(1757618290.871236) can0 361#0A2200E90C000000
(1757618290.921859) can0 361#0A3200E90D000000
(1757618290.971147) can0 361#0A3200E90E000000
(1757618291.021914) can0 361#0A2200E90F000000
(1757618291.071244) can0 361#023200E900000000
(1757618291.121832) can0 361#022200E901000000
(1757618291.171079) can0 361#022200E902000000
(1757618291.221869) can0 361#023200E903000000
(1757618291.271128) can0 361#022200E904000000
(1757618291.321876) can0 361#023200E905000000
(1757618291.370992) can0 361#023200E906000000
(1757618291.421885) can0 361#022200E907000000
(1757618291.470969) can0 361#022200E908000000
(1757618291.521872) can0 361#023200E909000000
(1757618291.570945) can0 361#023200E90A000000
(1757618291.621633) can0 361#022200E90B000000
(1757618291.670898) can0 361#023200E90C000000
(1757618291.721655) can0 361#022200E90D000000
(1757618291.770816) can0 361#022200E90E000000
(1757618291.821653) can0 361#023200E90F000000
(1757618291.870809) can0 361#023200E900000000
(1757618291.921655) can0 361#022200E901000000
(1757618291.970813) can0 361#022200E902000000
(1757618292.021664) can0 361#023200E903000000
(1757618292.070804) can0 361#022200E904000000
(1757618292.121604) can0 361#023200E905000000
(1757618292.170693) can0 361#023200E906000000
(1757618292.221648) can0 361#022200E907000000
(1757618292.270644) can0 361#022200E908000000
(1757618292.322148) can0 361#023200E909000000
(1757618292.370616) can0 361#023200E90A000000
(1757618292.422156) can0 361#003200E90B000000
(1757618292.470586) can0 361#002200E90C000000
(1757618292.521851) can0 361#003200E90D000000
(1757618292.570560) can0 361#003200E90E000000
(1757618292.621858) can0 361#002200E90F000000
(1757618292.670496) can0 361#002200E900000000
(1757618292.721776) can0 361#003200E901000000
(1757618292.770551) can0 361#003200E902000000
(1757618292.821899) can0 361#002200E903000000
(1757618292.870447) can0 361#003200E904000000
(1757618292.921744) can0 361#002200E905000000
(1757618292.970382) can0 361#002200E906000000
(1757618293.021659) can0 361#003200E907000000
(1757618293.070562) can0 361#003200E908000000
(1757618293.121656) can0 361#002200E909000000
(1757618293.170549) can0 361#002200E90A000000
(1757618293.221677) can0 361#003200E90B000000
(1757618293.270253) can0 361#002200E90C000000
(1757618293.321503) can0 361#003200E90D000000
(1757618293.370208) can0 361#003200E90E000000
(1757618293.421489) can0 361#002200E90F000000
(1757618293.470165) can0 361#002200E900000000
(1757618293.521490) can0 361#003200E901000000
(1757618293.570158) can0 361#003200E902000000
(1757618293.621472) can0 361#002200E903000000
(1757618293.670097) can0 361#003200E904000000
(1757618293.721345) can0 361#032200E905000000
(1757618293.769996) can0 361#032200E906000000
(1757618293.821386) can0 361#033200E907000000
(1757618293.869962) can0 361#033200E908000000
(1757618293.921344) can0 361#032200E909000000
(1757618293.969993) can0 361#032200E90A000000
(1757618294.021312) can0 361#033200E90B000000
(1757618294.070219) can0 361#032200E90C000000
(1757618294.121212) can0 361#033200E90D000000
(1757618294.169925) can0 361#033200E90E000000
(1757618294.221304) can0 361#032200E90F000000
(1757618294.270027) can0 361#032200E900000000
(1757618294.321191) can0 361#033200E901000000
(1757618294.369811) can0 361#033200E902000000
(1757618294.421141) can0 361#032200E903000000
(1757618294.469775) can0 361#033200E904000000
(1757618294.521198) can0 361#032200E905000000
(1757618294.569744) can0 361#032200E906000000
(1757618294.621083) can0 361#033200E907000000
(1757618294.669765) can0 361#033200E908000000
(1757618294.721017) can0 361#032200E909000000
(1757618294.769696) can0 361#032200E90A000000
(1757618294.820984) can0 361#033200E90B000000
(1757618294.869654) can0 361#032200E90C000000
(1757618294.920966) can0 361#033200E90D000000
(1757618294.969582) can0 361#033200E90E000000
(1757618295.020892) can0 361#032200E90F000000
(1757618295.069546) can0 361#0B3200E900000000
(1757618295.120977) can0 361#0B2200E901000000
(1757618295.169513) can0 361#0B2200E902000000
(1757618295.219727) can0 361#0B3200E903000000
(1757618295.269509) can0 361#0B2200E904000000
(1757618295.319720) can0 361#0B3200E905000000
(1757618295.369453) can0 361#0B3200E906000000
(1757618295.419703) can0 361#082200E907000000
(1757618295.469379) can0 361#082200E908000000
(1757618295.519692) can0 361#083200E909000000
(1757618295.569382) can0 361#083200E90A000000
(1757618295.619508) can0 361#082200E90B000000
(1757618295.669314) can0 361#083200E90C000000
(1757618295.719528) can0 361#082200E90D000000
(1757618295.769397) can0 361#082200E90E000000
(1757618295.819501) can0 361#083200E90F000000
(1757618295.869226) can0 361#083200E900000000
(1757618295.919492) can0 361#082200E901000000
(1757618295.969212) can0 361#082200E902000000
(1757618296.019411) can0 361#083200E903000000
(1757618296.069192) can0 361#003200E904000000
(1757618296.119365) can0 361#002200E905000000
(1757618296.169134) can0 361#002200E906000000
(1757618296.219345) can0 361#003200E907000000
(1757618296.269168) can0 361#003200E908000000
(1757618296.319314) can0 361#002200E909000000
(1757618296.369079) can0 361#002200E90A000000
(1757618296.419243) can0 361#003200E90B000000
(1757618296.469135) can0 361#002200E90C000000
(1757618296.519329) can0 361#003200E90D000000
(1757618296.569168) can0 361#003200E90E000000
(1757618296.619245) can0 361#002200E90F000000
(1757618296.668848) can0 361#043200E900000000
(1757618296.719123) can0 361#042200E901000000
(1757618296.768900) can0 361#042200E902000000
(1757618296.819113) can0 361#043200E903000000
(1757618296.868956) can0 361#042200E904000000
(1757618296.919081) can0 361#043200E905000000
(1757618296.968816) can0 361#043200E906000000
(1757618297.019123) can0 361#042200E907000000
(1757618297.068755) can0 361#042200E908000000
(1757618297.118964) can0 361#043200E909000000
(1757618297.168704) can0 361#043200E90A000000
(1757618297.218955) can0 361#042200E90B000000
(1757618297.268659) can0 361#043200E90C000000
(1757618297.318944) can0 361#042200E90D000000
(1757618297.368653) can0 361#042200E90E000000
(1757618297.418850) can0 361#043200E90F000000
(1757618297.468627) can0 361#043200E900000000
(1757618297.518852) can0 361#042200E901000000
(1757618297.568588) can0 361#042200E902000000
(1757618297.618759) can0 361#043200E903000000
(1757618297.668519) can0 361#042200E904000000
(1757618297.718713) can0 361#043200E905000000
(1757618297.768459) can0 361#043200E906000000
(1757618297.818692) can0 361#042200E907000000
(1757618297.868466) can0 361#042200E908000000
(1757618297.918650) can0 361#043200E909000000
(1757618297.968415) can0 361#043200E90A000000
(1757618298.018631) can0 361#042200E90B000000
(1757618298.068352) can0 361#043200E90C000000
(1757618298.118587) can0 361#042200E90D000000
(1757618298.168309) can0 361#042200E90E000000
(1757618298.218540) can0 361#043200E90F000000
(1757618298.268291) can0 361#043200E900000000
(1757618298.318489) can0 361#042200E901000000
(1757618298.368257) can0 361#042200E902000000
(1757618298.418456) can0 361#043200E903000000
(1757618298.468240) can0 361#0C3200E904000000
(1757618298.518428) can0 361#0C2200E905000000
(1757618298.568178) can0 361#0C2200E906000000
(1757618298.618340) can0 361#082200E907000000
(1757618298.668372) can0 361#082200E908000000
(1757618298.718370) can0 361#083200E909000000
(1757618298.768363) can0 361#083200E90A000000
(1757618298.818314) can0 361#082200E90B000000
(1757618298.868317) can0 361#083200E90C000000
(1757618298.918273) can0 361#082200E90D000000
(1757618298.968256) can0 361#082200E90E000000
(1757618299.018226) can0 361#083200E90F000000
(1757618299.068258) can0 361#083200E900000000
(1757618299.118211) can0 361#082200E901000000
(1757618299.168227) can0 361#082200E902000000
(1757618299.218225) can0 361#083200E903000000
(1757618299.268234) can0 361#082200E904000000
(1757618299.318110) can0 361#083200E905000000
(1757618299.368082) can0 361#083200E906000000
(1757618299.418092) can0 361#082200E907000000
(1757618299.467968) can0 361#003200E908000000
(1757618299.518023) can0 361#002200E909000000
(1757618299.567800) can0 361#002200E90A000000
(1757618299.617979) can0 361#003200E90B000000
(1757618299.667897) can0 361#002200E90C000000
(1757618299.717892) can0 361#003200E90D000000
(1757618299.767801) can0 361#003200E90E000000
(1757618299.818058) can0 361#002200E90F000000
(1757618299.867660) can0 361#002200E900000000
(1757618299.917945) can0 361#003200E901000000
(1757618299.967611) can0 361#003200E902000000
(1757618300.017895) can0 361#002200E903000000
(1757618300.067567) can0 361#003200E904000000
(1757618300.117815) can0 361#052200E905000000
(1757618300.167528) can0 361#052200E906000000
(1757618300.217772) can0 361#053200E907000000
(1757618300.267586) can0 361#053200E908000000
(1757618300.317713) can0 361#052200E909000000
(1757618300.367462) can0 361#052200E90A000000
(1757618300.417661) can0 361#053200E90B000000
(1757618300.467436) can0 361#052200E90C000000
(1757618300.517621) can0 361#053200E90D000000
(1757618300.567415) can0 361#053200E90E000000
(1757618300.617578) can0 361#052200E90F000000
(1757618300.667303) can0 361#052200E900000000
(1757618300.717628) can0 361#053200E901000000
(1757618300.767328) can0 361#053200E902000000
(1757618300.817513) can0 361#052200E903000000
(1757618300.867312) can0 361#053200E904000000
(1757618300.917516) can0 361#052200E905000000
(1757618300.967214) can0 361#052200E906000000
(1757618301.017442) can0 361#053200E907000000
(1757618301.067192) can0 361#053200E908000000
(1757618301.117430) can0 361#052200E909000000
(1757618301.167146) can0 361#052200E90A000000
(1757618301.217354) can0 361#053200E90B000000
(1757618301.267107) can0 361#052200E90C000000
(1757618301.317342) can0 361#053200E90D000000
(1757618301.367058) can0 361#053200E90E000000
(1757618301.417356) can0 361#052200E90F000000
(1757618301.467075) can0 361#052200E900000000
(1757618301.517242) can0 361#053200E901000000
(1757618301.566966) can0 361#053200E902000000
(1757618301.617231) can0 361#0D3200E903000000
(1757618301.666893) can0 361#0D2200E904000000
(1757618301.717179) can0 361#0D3200E905000000
(1757618301.766903) can0 361#0D3200E906000000
(1757618301.817150) can0 361#0D2200E907000000
(1757618301.866903) can0 361#0D2200E908000000
(1757618301.917105) can0 361#083200E909000000
(1757618301.966855) can0 361#083200E90A000000
(1757618302.017032) can0 361#082200E90B000000
(1757618302.066811) can0 361#083200E90C000000
(1757618302.117075) can0 361#082200E90D000000
(1757618302.166761) can0 361#082200E90E000000
(1757618302.216975) can0 361#083200E90F000000
(1757618302.266738) can0 361#083200E900000000
(1757618302.316958) can0 361#082200E901000000
(1757618302.366678) can0 361#082200E902000000
(1757618302.416930) can0 361#083200E903000000
(1757618302.466630) can0 361#082200E904000000
(1757618302.516836) can0 361#083200E905000000
(1757618302.566540) can0 361#083200E906000000
(1757618302.616872) can0 361#082200E907000000
(1757618302.666603) can0 361#003200E908000000
(1757618302.716782) can0 361#002200E909000000
(1757618302.766463) can0 361#002200E90A000000
(1757618302.816732) can0 361#003200E90B000000
(1757618302.866477) can0 361#002200E90C000000
(1757618302.916685) can0 361#003200E90D000000
(1757618302.966428) can0 361#003200E90E000000
(1757618303.016660) can0 361#002200E90F000000
(1757618303.066449) can0 361#002200E900000000
(1757618303.116612) can0 361#003200E901000000
(1757618303.166377) can0 361#003200E902000000
(1757618303.216569) can0 361#002200E903000000
(1757618303.266334) can0 361#063200E904000000
(1757618303.316549) can0 361#062200E905000000
(1757618303.366277) can0 361#062200E906000000
(1757618303.416511) can0 361#063200E907000000
(1757618303.466372) can0 361#063200E908000000
(1757618303.516471) can0 361#062200E909000000
(1757618303.566198) can0 361#062200E90A000000
(1757618303.616471) can0 361#063200E90B000000
(1757618303.666335) can0 361#062200E90C000000
(1757618303.716370) can0 361#063200E90D000000
(1757618303.766266) can0 361#063200E90E000000
(1757618303.816348) can0 361#062200E90F000000
(1757618303.866318) can0 361#062200E900000000
(1757618303.916273) can0 361#063200E901000000
(1757618303.966286) can0 361#063200E902000000
(1757618304.016264) can0 361#062200E903000000
(1757618304.066239) can0 361#063200E904000000
(1757618304.116217) can0 361#062200E905000000
(1757618304.166170) can0 361#062200E906000000
(1757618304.216185) can0 361#063200E907000000
(1757618304.266161) can0 361#063200E908000000
(1757618304.316134) can0 361#062200E909000000
(1757618304.366134) can0 361#062200E90A000000
(1757618304.416092) can0 361#063200E90B000000
(1757618304.466079) can0 361#062200E90C000000
(1757618304.516150) can0 361#063200E90D000000
(1757618304.566055) can0 361#063200E90E000000
(1757618304.616027) can0 361#062200E90F000000
(1757618304.666041) can0 361#062200E900000000
(1757618304.716009) can0 361#063200E901000000
(1757618304.765934) can0 361#063200E902000000
(1757618304.815944) can0 361#062200E903000000
(1757618304.866001) can0 361#063200E904000000
(1757618304.915917) can0 361#062200E905000000
(1757618304.965665) can0 361#062200E906000000
(1757618305.015887) can0 361#063200E907000000
(1757618305.065606) can0 361#063200E908000000
(1757618305.115839) can0 361#062200E909000000
(1757618305.165585) can0 361#062200E90A000000
(1757618305.215861) can0 361#063200E90B000000
(1757618305.265554) can0 361#062200E90C000000
(1757618305.315763) can0 361#063200E90D000000
(1757618305.365577) can0 361#063200E90E000000
(1757618305.415720) can0 361#062200E90F000000
(1757618305.465481) can0 361#062200E900000000
(1757618305.515674) can0 361#063200E901000000
(1757618305.565444) can0 361#063200E902000000
(1757618305.615642) can0 361#062200E903000000
(1757618305.665340) can0 361#063200E904000000
(1757618305.715736) can0 361#062200E905000000
(1757618305.765350) can0 361#062200E906000000
(1757618305.815614) can0 361#063200E907000000
(1757618305.865329) can0 361#063200E908000000
(1757618305.915596) can0 361#062200E909000000
(1757618305.965258) can0 361#062200E90A000000
(1757618306.015486) can0 361#063200E90B000000
(1757618306.065321) can0 361#062200E90C000000
(1757618306.115417) can0 361#063200E90D000000
(1757618306.165355) can0 361#063200E90E000000
(1757618306.215402) can0 361#062200E90F000000
(1757618306.265157) can0 361#062200E900000000
(1757618306.315371) can0 361#063200E901000000
(1757618306.365113) can0 361#063200E902000000
(1757618306.415308) can0 361#062200E903000000
(1757618306.465071) can0 361#063200E904000000
(1757618306.515231) can0 361#062200E905000000
(1757618306.565026) can0 361#062200E906000000
(1757618306.615395) can0 361#063200E907000000
(1757618306.665007) can0 361#063200E908000000
(1757618306.715255) can0 361#062200E909000000
(1757618306.764976) can0 361#062200E90A000000
(1757618306.815339) can0 361#063200E90B000000
(1757618306.864883) can0 361#062200E90C000000
