(1757372407.257823) vcan0 140#000E004000000B81
(1757372407.257833) vcan0 141#AD27952800803F02
(1757372407.267683) vcan0 140#000F004000000B01
(1757372407.267693) vcan0 141#AD27952800803F02
(1757372407.267890) vcan0 144#C0000A000028A004
(1757372407.277431) vcan0 140#0000004000000B01
(1757372407.277649) vcan0 141#AD27952800803F02
(1757372407.287423) vcan0 140#0001004000000B81
(1757372407.287619) vcan0 141#AD27952800803F02
(1757372407.287985) vcan0 144#C0000A000028A004
(1757372407.288094) vcan0 360#0000007931440100
(1757372407.288469) vcan0 361#001200E921000000
(1757372407.297540) vcan0 140#0002004000000B81
(1757372407.297555) vcan0 141#AD27952800803F02
(1757372407.307405) vcan0 140#0003004000000B01
(1757372407.307627) vcan0 141#AD27952800803F02
(1757372407.307805) vcan0 144#C0000A000028A004
(1757372407.317573) vcan0 140#0004004000000B81
(1757372407.317588) vcan0 141#AD27952800803F02
(1757372407.327400) vcan0 140#0005004000000B01
(1757372407.327622) vcan0 141#AD27952800803F02
(1757372407.327886) vcan0 144#C0000A000028A004
(1757372407.337736) vcan0 140#0006004000000B01
(1757372407.337750) vcan0 141#AD27952800803F02
(1757372407.337817) vcan0 360#0000007931440100
(1757372407.338115) vcan0 361#001200E922000000
(1757372407.347480) vcan0 140#0007004000000B81
(1757372407.347570) vcan0 141#AD27952800803F02
(1757372407.347893) vcan0 144#C0000A000028A004
(1757372407.357742) vcan0 140#0008004000000B81
(1757372407.357756) vcan0 141#AD27952800803F02
(1757372407.367313) vcan0 140#0009004000000B01
(1757372407.367590) vcan0 141#AD27952800803F02
(1757372407.367864) vcan0 144#C0000A000028A004
(1757372407.377712) vcan0 140#000A004000000B01
(1757372407.377726) vcan0 141#AD27952800803F02
(1757372407.387426) vcan0 140#000B004000000B81
(1757372407.387594) vcan0 141#AD27952800803F02
(1757372407.388008) vcan0 144#C0000A000028A004
(1757372407.388025) vcan0 360#0000007931440100
(1757372407.388348) vcan0 361#000200E923000000
(1757372407.397671) vcan0 140#000C004000000B01
(1757372407.397684) vcan0 141#AD27952800803F02
(1757372407.407351) vcan0 140#000D004000000B81
(1757372407.407584) vcan0 141#AD27952800803F02
(1757372407.407802) vcan0 144#C0000A000028A004
(1757372407.417372) vcan0 140#000E004000000B81
(1757372407.417592) vcan0 141#AD27952800803F02
(1757372407.427349) vcan0 140#000F004000000B01
(1757372407.427574) vcan0 141#AD27952800803F02
(1757372407.427866) vcan0 144#C0000A000028A004
(1757372407.437664) vcan0 140#0000004000000B01
(1757372407.437678) vcan0 141#AD27952800803F02
(1757372407.437868) vcan0 360#0000007931440100
(1757372407.438058) vcan0 361#001200E924000000
(1757372407.447336) vcan0 140#0001004000000B81
(1757372407.447576) vcan0 141#AD27952800803F02
(1757372407.447863) vcan0 144#C0000A000028A004
(1757372407.457678) vcan0 140#0002004000000B81
(1757372407.457692) vcan0 141#AD27952800803F02
(1757372407.467460) vcan0 140#0003004000000B01
(1757372407.467508) vcan0 141#AD27952800803F02
(1757372407.467887) vcan0 144#C0000A000028A004
(1757372407.477661) vcan0 140#0004004000000B81
(1757372407.477675) vcan0 141#AD27952800803F02
(1757372407.487484) vcan0 140#0005004000000B01
(1757372407.487494) vcan0 141#AD27952800803F02
(1757372407.487889) vcan0 144#C0000A000028A004
(1757372407.487962) vcan0 360#0000007931440100
(1757372407.488299) vcan0 361#000200E925000000
(1757372407.497616) vcan0 140#0006004000000B01
(1757372407.497630) vcan0 141#AD27952800803F02
(1757372407.507257) vcan0 140#0007004000000B81
(1757372407.507539) vcan0 141#AD27952800803F02
(1757372407.507768) vcan0 144#C0000A000028A004
(1757372407.517546) vcan0 140#0008004000000B81
(1757372407.517560) vcan0 141#AD27952800803F02
(1757372407.527234) vcan0 140#0009004000000B01
(1757372407.527547) vcan0 141#AD27952800803F02
(1757372407.527767) vcan0 144#C0000A000028A004
(1757372407.537633) vcan0 140#000A004000000B01
(1757372407.537647) vcan0 141#AD27952800803F02
(1757372407.537714) vcan0 360#0000007931440100
(1757372407.538016) vcan0 361#000200E926000000
(1757372407.547271) vcan0 140#000B004000000B81
(1757372407.547507) vcan0 141#AD27952800803F02
(1757372407.547773) vcan0 144#C0000A000028A004
(1757372407.557630) vcan0 140#000C004000000B01
(1757372407.557646) vcan0 141#AD27952800803F02
(1757372407.567315) vcan0 140#000D004000000B81
(1757372407.567512) vcan0 141#AD27952800803F02
(1757372407.567739) vcan0 144#C0000A000028A004
(1757372407.577522) vcan0 140#000E004000000B81
(1757372407.577536) vcan0 141#AD27952800803F02
(1757372407.587556) vcan0 140#000F004000000B01
(1757372407.587570) vcan0 141#AD27952800803F02
(1757372407.587757) vcan0 144#C0000A000028A004
(1757372407.587984) vcan0 360#0000007931440100
(1757372407.588253) vcan0 361#001200E927000000
(1757372407.597560) vcan0 140#0000004000000B01
(1757372407.597574) vcan0 141#AD27952800803F02
(1757372407.607208) vcan0 140#0001004000000B81
(1757372407.607482) vcan0 141#AD27952800803F02
(1757372407.607746) vcan0 144#C0000A000028A004
(1757372407.617493) vcan0 140#0002004000000B81
(1757372407.617507) vcan0 141#AD27952800803F02
(1757372407.627193) vcan0 140#0003004000000B01
(1757372407.627505) vcan0 141#AD27952800803F02
(1757372407.627708) vcan0 144#C0000A000028A004
(1757372407.637543) vcan0 140#0004004000000B81
(1757372407.637558) vcan0 141#AD27952800803F02
(1757372407.637716) vcan0 360#0000007931440100
(1757372407.637992) vcan0 361#001200E928000000
(1757372407.647223) vcan0 140#0005004000000B01
(1757372407.647481) vcan0 141#AD27952800803F02
(1757372407.647708) vcan0 144#C0000A000028A004
(1757372407.657580) vcan0 140#0006004000000B01
(1757372407.657594) vcan0 141#AD27952800803F02
(1757372407.667283) vcan0 140#0007004000000B81
(1757372407.667459) vcan0 141#AD27952800803F02
(1757372407.667689) vcan0 144#C0000A000028A004
(1757372407.677217) vcan0 140#0008004000000B81
(1757372407.677445) vcan0 141#AD27952800803F02
(1757372407.687159) vcan0 140#0009004000000B01
(1757372407.687452) vcan0 141#AD27952800803F02
(1757372407.687670) vcan0 144#C0000A000028A004
(1757372407.687923) vcan0 360#0000007931440100
(1757372407.688175) vcan0 361#000200E929000000
(1757372407.697357) vcan0 140#000A004000000B01
(1757372407.697375) vcan0 141#AD27952800803F02
(1757372407.707305) vcan0 140#000B004000000B81
(1757372407.707365) vcan0 141#AD27952800803F02
(1757372407.707699) vcan0 144#C0000A000028A004
(1757372407.717145) vcan0 140#000C004000000B01
(1757372407.717369) vcan0 141#AD27952800803F02
(1757372407.727178) vcan0 140#000D004000000B81
(1757372407.727430) vcan0 141#AD27952800803F02
(1757372407.727608) vcan0 144#C0000A000028A004
(1757372407.737169) vcan0 140#000E004000000B81
(1757372407.737419) vcan0 141#AD27952800803F02
(1757372407.737643) vcan0 360#0000007931440100
(1757372407.737896) vcan0 361#000200E92A000000
(1757372407.747282) vcan0 140#000F004000000B01
(1757372407.747367) vcan0 141#AD27952800803F02
(1757372407.747785) vcan0 144#C0000A000028A004
(1757372407.757433) vcan0 140#0000004000000B01
(1757372407.757443) vcan0 141#AD27952800803F02
(1757372407.767268) vcan0 140#0001004000000B81
(1757372407.767353) vcan0 141#AD27952800803F02
(1757372407.767654) vcan0 144#C0000A000028A004
(1757372407.777448) vcan0 140#0002004000000B81
(1757372407.777458) vcan0 141#AD27952800803F02
(1757372407.787279) vcan0 140#0003004000000B01
(1757372407.787353) vcan0 141#AD27952800803F02
(1757372407.787632) vcan0 144#C0000A000028A004
(1757372407.787870) vcan0 360#0000007931440100
(1757372407.788119) vcan0 361#001200E92B000000
(1757372407.797326) vcan0 140#0004004000000B81
(1757372407.797336) vcan0 141#AD27952800803F02
(1757372407.807259) vcan0 140#0005004000000B01
(1757372407.807344) vcan0 141#AD27952800803F02
(1757372407.807653) vcan0 144#C0000A000028A004
(1757372407.817418) vcan0 140#0006004000000B01
(1757372407.817428) vcan0 141#AD27952800803F02
(1757372407.827405) vcan0 140#0007004000000B81
(1757372407.827414) vcan0 141#AD27952800803F02
(1757372407.827598) vcan0 144#C0000A000028A004
(1757372407.837385) vcan0 140#0008004000000B81
(1757372407.837396) vcan0 141#AD27952800803F02
(1757372407.837598) vcan0 360#0000007931440100
(1757372407.837838) vcan0 361#000200E92C000000
(1757372407.847159) vcan0 140#0009004000000B01
(1757372407.847375) vcan0 141#AD27952800803F02
(1757372407.847595) vcan0 144#C0000A000028A004
(1757372407.857465) vcan0 140#000A004000000B01
(1757372407.857479) vcan0 141#AD27952800803F02
(1757372407.867111) vcan0 140#000B004000000B81
(1757372407.867370) vcan0 141#AD27952800803F02
(1757372407.867600) vcan0 144#C0000A000028A004
(1757372407.877467) vcan0 140#000C004000000B01
(1757372407.877481) vcan0 141#AD27952800803F02
(1757372407.887296) vcan0 140#000D004000000B81
(1757372407.887305) vcan0 141#AD27952800803F02
(1757372407.887633) vcan0 144#C0000A000028A004
(1757372407.887850) vcan0 360#0000007931440100
(1757372407.888077) vcan0 361#001200E92D000000
(1757372407.897435) vcan0 140#000E004000000B81
(1757372407.897449) vcan0 141#AD27952800803F02
(1757372407.907113) vcan0 140#000F004000000B01
(1757372407.907343) vcan0 141#AD27952800803F02
(1757372407.907609) vcan0 144#C0000A000028A004
(1757372407.917278) vcan0 140#0000004000000B01
(1757372407.917289) vcan0 141#AD27952800803F02
(1757372407.927101) vcan0 140#0001004000000B81
(1757372407.927333) vcan0 141#AD27952800803F02
(1757372407.927566) vcan0 144#C0000A000028A004
(1757372407.937210) vcan0 140#0002004000000B81
(1757372407.937256) vcan0 141#AD27952800803F02
(1757372407.937564) vcan0 360#0000007931440100
(1757372407.937843) vcan0 361#001200E92E000000
(1757372407.947082) vcan0 140#0003004000000B01
(1757372407.947343) vcan0 141#AD27952800803F02
(1757372407.947567) vcan0 144#C0000A000028A004
(1757372407.957387) vcan0 140#0004004000000B81
(1757372407.957401) vcan0 141#AD27952800803F02
(1757372407.967273) vcan0 140#0005004000000B01
(1757372407.967287) vcan0 141#AD27952800803F02
(1757372407.967555) vcan0 144#C0000A000028A004
(1757372407.977419) vcan0 140#0006004000000B01
(1757372407.977433) vcan0 141#AD27952800803F02
(1757372407.987332) vcan0 140#0007004000000B81
(1757372407.987346) vcan0 141#AD27952800803F02
(1757372407.987537) vcan0 144#C0000A000028A004
(1757372407.987768) vcan0 360#0000007931440100
(1757372407.988045) vcan0 361#000200E92F000000
(1757372407.997244) vcan0 140#0008004000000B81
(1757372407.997258) vcan0 141#AD27952800803F02
(1757372408.007056) vcan0 140#0009004000000B01
(1757372408.007286) vcan0 141#AD27952800803F02
(1757372408.007519) vcan0 144#C0000A000028A004
(1757372408.017219) vcan0 140#000A004000000B01
(1757372408.017233) vcan0 141#AD27952800803F02
(1757372408.027042) vcan0 140#000B004000000B81
(1757372408.027276) vcan0 141#AD27952800803F02
(1757372408.027505) vcan0 144#C0000A000028A004
(1757372408.037047) vcan0 140#000C004000000B01
(1757372408.037297) vcan0 141#AD27952800803F02
(1757372408.037526) vcan0 360#0000007931440100
(1757372408.037849) vcan0 361#000200E920000000
(1757372408.046974) vcan0 140#000D004000000B81
(1757372408.047288) vcan0 141#AD27952800803F02
(1757372408.047514) vcan0 144#C0000A000028A004
(1757372408.057368) vcan0 140#000E004000000B81
(1757372408.057382) vcan0 141#AD27952800803F02
(1757372408.067062) vcan0 140#000F004000000B01
(1757372408.067259) vcan0 141#AD27952800803F02
(1757372408.067488) vcan0 144#C0000A000028A004
(1757372408.077035) vcan0 140#0000004000000B01
(1757372408.077250) vcan0 141#AD27952800803F02
(1757372408.087017) vcan0 140#0001004000000B81
(1757372408.087237) vcan0 141#AD27952800803F02
(1757372408.087469) vcan0 144#C0000A000028A004
(1757372408.087723) vcan0 360#0000007931440100
(1757372408.087963) vcan0 361#001200E921000000
(1757372408.097260) vcan0 140#0002004000000B81
(1757372408.097274) vcan0 141#AD27952800803F02
(1757372408.107002) vcan0 140#0003004000000B01
(1757372408.107261) vcan0 141#AD27952800803F02
(1757372408.107495) vcan0 144#C0000A000028A004
(1757372408.117185) vcan0 140#0004004000000B81
(1757372408.117199) vcan0 141#AD27952800803F02
(1757372408.126942) vcan0 140#0005004000000B01
(1757372408.127232) vcan0 141#AD27952800803F02
(1757372408.127466) vcan0 144#C0000A000028A004
(1757372408.137102) vcan0 140#0006004000000B01
(1757372408.137327) vcan0 141#AD27952800803F02
(1757372408.137553) vcan0 360#0000007931440100
(1757372408.137849) vcan0 361#001200E922000000
(1757372408.146994) vcan0 140#0007004000000B81
(1757372408.147217) vcan0 141#AD27952800803F02
(1757372408.147485) vcan0 144#C0000A000028A004
(1757372408.157234) vcan0 140#0008004000000B81
(1757372408.157247) vcan0 141#AD27952800803F02
(1757372408.167065) vcan0 140#0009004000000B01
(1757372408.167218) vcan0 141#AD27952800803F02
(1757372408.167448) vcan0 144#C0000A000028A004
(1757372408.176977) vcan0 140#000A004000000B01
(1757372408.177218) vcan0 141#AD27952800803F02
(1757372408.186972) vcan0 140#000B004000000B81
(1757372408.187194) vcan0 141#AD27952800803F02
(1757372408.187467) vcan0 144#C0000A000028A004
(1757372408.187677) vcan0 360#0000007931440100
(1757372408.187925) vcan0 361#000200E923000000
(1757372408.197260) vcan0 140#000C004000000B01
(1757372408.197274) vcan0 141#AD27952800803F02
(1757372408.206973) vcan0 140#000D004000000B81
(1757372408.207181) vcan0 141#AD27952800803F02
(1757372408.207435) vcan0 144#C0000A000028A004
(1757372408.217053) vcan0 140#000E004000000B81
(1757372408.217165) vcan0 141#AD27952800803F02
(1757372408.226989) vcan0 140#000F004000000B01
(1757372408.227216) vcan0 141#AD27952800803F02
(1757372408.227439) vcan0 144#C0000A000028A004
(1757372408.237273) vcan0 140#0000004000000B01
(1757372408.237286) vcan0 141#AD27952800803F02
(1757372408.237363) vcan0 360#0000007931440100
(1757372408.237668) vcan0 361#001200E924000000
(1757372408.246937) vcan0 140#0001004000000B81
(1757372408.247184) vcan0 141#AD27952800803F02
(1757372408.247412) vcan0 144#C0000A000028A004
(1757372408.257279) vcan0 140#0002004000000B81
(1757372408.257293) vcan0 141#AD27952800803F02
(1757372408.267192) vcan0 140#0003004000000B01
(1757372408.267206) vcan0 141#AD27952800803F02
(1757372408.267401) vcan0 144#C0000A000028A004
(1757372408.277278) vcan0 140#0004004000000B81
(1757372408.277292) vcan0 141#AD27952800803F02
(1757372408.286934) vcan0 140#0005004000000B01
(1757372408.287141) vcan0 141#AD27952800803F02
(1757372408.287394) vcan0 144#C0000A000028A004
(1757372408.287623) vcan0 360#0000007931440100
(1757372408.287890) vcan0 361#000200E925000000
(1757372408.297000) vcan0 140#0006004000000B01
(1757372408.297161) vcan0 141#AD27952800803F02
(1757372408.306933) vcan0 140#0007004000000B81
(1757372408.307152) vcan0 141#AD27952800803F02
(1757372408.307382) vcan0 144#C0000A000028A004
(1757372408.317071) vcan0 140#0008004000000B81
(1757372408.317087) vcan0 141#AD27952800803F02
(1757372408.326927) vcan0 140#0009004000000B01
(1757372408.327130) vcan0 141#AD27952800803F02
(1757372408.327397) vcan0 144#C0000A000028A004
(1757372408.336888) vcan0 140#000A004000000B01
(1757372408.337113) vcan0 141#AD27952800803F02
(1757372408.337381) vcan0 360#0000007931440100
(1757372408.337595) vcan0 361#000200E926000000
(1757372408.346831) vcan0 140#000B004000000B81
(1757372408.347110) vcan0 141#AD27952800803F02
(1757372408.347376) vcan0 144#C0000A000028A004
(1757372408.357231) vcan0 140#000C004000000B01
(1757372408.357245) vcan0 141#AD27952800803F02
(1757372408.367144) vcan0 140#000D004000000B81
(1757372408.367159) vcan0 141#AD27952800803F02
(1757372408.367350) vcan0 144#C0000A000028A004
(1757372408.377271) vcan0 140#000E004000000B81
(1757372408.377285) vcan0 141#AD27952800803F02
(1757372408.386854) vcan0 140#000F004000000B01
(1757372408.387111) vcan0 141#AD27952800803F02
(1757372408.387345) vcan0 144#C0000A000028A004
(1757372408.387573) vcan0 360#0000007931440100
(1757372408.387832) vcan0 361#001200E927000000
(1757372408.396917) vcan0 140#0000004000000B01
(1757372408.397075) vcan0 141#AD27952800803F02
(1757372408.406923) vcan0 140#0001004000000B81
(1757372408.407079) vcan0 141#AD27952800803F02
(1757372408.407359) vcan0 144#C0000A000028A004
(1757372408.416894) vcan0 140#0002004000000B81
(1757372408.417094) vcan0 141#AD27952800803F02
(1757372408.426872) vcan0 140#0003004000000B01
(1757372408.427097) vcan0 141#AD27952800803F02
(1757372408.427327) vcan0 144#C0000A000028A004
(1757372408.437111) vcan0 140#0004004000000B81
(1757372408.437125) vcan0 141#AD27952800803F02
(1757372408.437322) vcan0 360#0000007931440100
(1757372408.437616) vcan0 361#001200E928000000
(1757372408.446829) vcan0 140#0005004000000B01
(1757372408.447082) vcan0 141#AD27952800803F02
(1757372408.447312) vcan0 144#C0000A000028A004
(1757372408.457075) vcan0 140#0006004000000B01
(1757372408.457089) vcan0 141#AD27952800803F02
(1757372408.466937) vcan0 140#0007004000000B81
(1757372408.467011) vcan0 141#AD27952800803F02
(1757372408.467315) vcan0 144#C0000A000028A004
(1757372408.477078) vcan0 140#0008004000000B81
(1757372408.477092) vcan0 141#AD27952800803F02
(1757372408.486832) vcan0 140#0009004000000B01
(1757372408.487102) vcan0 141#AD27952800803F02
(1757372408.487379) vcan0 144#C0000A000028A004
(1757372408.487587) vcan0 360#0000007931440100
(1757372408.487825) vcan0 361#000200E929000000
(1757372408.497031) vcan0 140#000A004000000B01
(1757372408.497045) vcan0 141#AD27952800803F02
(1757372408.506956) vcan0 140#000B004000000B81
(1757372408.507003) vcan0 141#AD27952800803F02
(1757372408.507299) vcan0 144#C0000A000028A004
(1757372408.516946) vcan0 140#008C004000000B81
(1757372408.516994) vcan0 141#AD27952800803F02
(1757372408.526965) vcan0 140#008D004000000B01
(1757372408.526981) vcan0 141#AD27952800803F02
(1757372408.527258) vcan0 144#C0000A000028A004
(1757372408.537030) vcan0 140#008E004000000B01
(1757372408.537045) vcan0 141#AD27952800803F02
(1757372408.537274) vcan0 360#0000007931440100
(1757372408.537517) vcan0 361#000200E92A000000
(1757372408.546949) vcan0 140#008F004000000B81
(1757372408.546964) vcan0 141#AD27952800803F02
(1757372408.547281) vcan0 144#C0000A000028A004
(1757372408.557021) vcan0 140#0080004000000B81
(1757372408.557035) vcan0 141#AD27952800803F02
(1757372408.566951) vcan0 140#0081004000000B01
(1757372408.566966) vcan0 141#AD27952800803F02
(1757372408.567262) vcan0 144#C0000A000028A004
(1757372408.576915) vcan0 140#0082004000000B01
(1757372408.576937) vcan0 141#AD27952800803F02
(1757372408.586951) vcan0 140#0083004000000B81
(1757372408.586966) vcan0 141#AD27952800803F02
(1757372408.587231) vcan0 144#C0000A000028A004
(1757372408.587721) vcan0 360#0000007931440100
(1757372408.587984) vcan0 361#001200E92B000000
(1757372408.597050) vcan0 140#0084004000000B01
(1757372408.597064) vcan0 141#AD27952800803F02
(1757372408.606947) vcan0 140#0085004000000B81
(1757372408.606961) vcan0 141#AD27952800803F02
(1757372408.607230) vcan0 144#C0000A000028A004
(1757372408.616951) vcan0 140#0086004000000B81
(1757372408.616966) vcan0 141#AD27952800803F02
(1757372408.626952) vcan0 140#0087004000000B01
(1757372408.626965) vcan0 141#AD27952800803F02
(1757372408.627232) vcan0 144#C0000A000028A004
(1757372408.636995) vcan0 140#0088004000000B01
(1757372408.637008) vcan0 141#AD27952800803F02
(1757372408.637202) vcan0 360#0000007931440100
(1757372408.637490) vcan0 361#000200E92C000000
(1757372408.646887) vcan0 140#0089004000000B81
(1757372408.646907) vcan0 141#AD27952800803F02
(1757372408.647202) vcan0 144#C0000A000028A004
(1757372408.657007) vcan0 140#008A004000000B81
(1757372408.657031) vcan0 141#AD27952800803F02
(1757372408.666861) vcan0 140#008B004000000B01
(1757372408.666907) vcan0 141#AD27952800803F02
(1757372408.667200) vcan0 144#C0000A000028A004
(1757372408.676703) vcan0 140#008C004000000B81
(1757372408.676903) vcan0 141#AD27952800803F02
(1757372408.686859) vcan0 140#008D004000000B01
(1757372408.686880) vcan0 141#AD27952800803F02
(1757372408.687199) vcan0 144#C0000A000028A004
(1757372408.687694) vcan0 360#0000007931440100
(1757372408.687919) vcan0 361#001200E92D000000
(1757372408.696957) vcan0 140#008E004000000B01
(1757372408.696971) vcan0 141#AD27952800803F02
(1757372408.706867) vcan0 140#008F004000000B81
(1757372408.706887) vcan0 141#AD27952800803F02
(1757372408.707174) vcan0 144#C0000A000028A004
(1757372408.716686) vcan0 140#0080004000000B81
(1757372408.716926) vcan0 141#AD27952800803F02
(1757372408.726662) vcan0 140#0081004000000B01
(1757372408.726945) vcan0 141#AD27952800803F02
(1757372408.727177) vcan0 144#C0000A000028A004
(1757372408.736667) vcan0 140#0082004000000B01
(1757372408.736852) vcan0 141#AD27952800803F02
(1757372408.737155) vcan0 360#0000007931440100
(1757372408.737376) vcan0 361#001200E92E000000
(1757372408.746862) vcan0 140#0083004000000B81
(1757372408.746871) vcan0 141#AD27952800803F02
(1757372408.747336) vcan0 144#C0000A000028A004
(1757372408.756710) vcan0 140#0084004000000B01
(1757372408.756901) vcan0 141#AD27952800803F02
(1757372408.766725) vcan0 140#0085004000000B81
(1757372408.766914) vcan0 141#AD27952800803F02
(1757372408.767144) vcan0 144#C0000A000028A004
(1757372408.776891) vcan0 140#0086004000000B81
(1757372408.776905) vcan0 141#AD27952800803F02
(1757372408.786796) vcan0 140#0087004000000B01
(1757372408.786865) vcan0 141#AD27952800803F02
(1757372408.787155) vcan0 144#C0000A000028A004
(1757372408.787632) vcan0 360#0000007931440100
(1757372408.787871) vcan0 361#000200E92F000000
(1757372408.796898) vcan0 140#0088004000000B01
(1757372408.796913) vcan0 141#AD27952800803F02
(1757372408.806799) vcan0 140#0089004000000B81
(1757372408.806843) vcan0 141#AD27952800803F02
(1757372408.807158) vcan0 144#C0000A000028A004
(1757372408.816780) vcan0 140#008A004000000B81
(1757372408.816826) vcan0 141#AD27952800803F02
(1757372408.826801) vcan0 140#008B004000000B01
(1757372408.826823) vcan0 141#AD27952800803F02
(1757372408.827118) vcan0 144#C0000A000028A004
(1757372408.836889) vcan0 140#008C004000000B81
(1757372408.836903) vcan0 141#AD27952800803F02
(1757372408.837117) vcan0 360#0000007931440100
(1757372408.837345) vcan0 361#000200E920000000
(1757372408.846772) vcan0 140#008D004000000B01
(1757372408.846817) vcan0 141#AD27952800803F02
(1757372408.847121) vcan0 144#C0000A000028A004
(1757372408.856902) vcan0 140#008E004000000B01
(1757372408.856916) vcan0 141#AD27952800803F02
(1757372408.866799) vcan0 140#008F004000000B81
(1757372408.866814) vcan0 141#AD27952800803F02
(1757372408.867135) vcan0 144#C0000A000028A004
(1757372408.876886) vcan0 140#0080004000000B81
(1757372408.876900) vcan0 141#AD27952800803F02
(1757372408.886614) vcan0 140#0081004000000B01
(1757372408.886903) vcan0 141#AD27952800803F02
(1757372408.887093) vcan0 144#C0000A000028A004
(1757372408.887544) vcan0 360#0000007931440100
(1757372408.887836) vcan0 361#001200E921000000
(1757372408.896883) vcan0 140#0082004000000B01
(1757372408.896898) vcan0 141#AD27952800803F02
(1757372408.906824) vcan0 140#0083004000000B81
(1757372408.906838) vcan0 141#AD27952800803F02
(1757372408.907092) vcan0 144#C0000A000028A004
(1757372408.916771) vcan0 140#0084004000000B01
(1757372408.916786) vcan0 141#AD27952800803F02
(1757372408.926783) vcan0 140#0085004000000B81
(1757372408.926800) vcan0 141#AD27952800803F02
(1757372408.927017) vcan0 144#C0000A000028A004
(1757372408.936923) vcan0 140#0086004000000B81
(1757372408.936938) vcan0 141#AD27952800803F02
(1757372408.937022) vcan0 360#0000007931440100
(1757372408.937351) vcan0 361#001200E922000000
(1757372408.946788) vcan0 140#0087004000000B01
(1757372408.946802) vcan0 141#AD27952800803F02
(1757372408.947068) vcan0 144#C0000A000028A004
(1757372408.956827) vcan0 140#0088004000000B01
(1757372408.956841) vcan0 141#AD27952800803F02
(1757372408.966597) vcan0 140#0089004000000B81
(1757372408.966835) vcan0 141#AD27952800803F02
(1757372408.967108) vcan0 144#C0000A000028A004
(1757372408.976967) vcan0 140#008A004000000B81
(1757372408.976982) vcan0 141#AD27952800803F02
(1757372408.986563) vcan0 140#008B004000000B01
(1757372408.986795) vcan0 141#AD27952800803F02
(1757372408.987002) vcan0 144#C0000A000028A004
(1757372408.987540) vcan0 360#0000007931440100
(1757372408.987830) vcan0 361#000200E923000000
(1757372408.996572) vcan0 140#008C004000000B81
(1757372408.996812) vcan0 141#AD27952800803F02
(1757372409.006831) vcan0 140#008D004000000B01
(1757372409.006845) vcan0 141#AD27952800803F02
(1757372409.007039) vcan0 144#C0000A000028A004
(1757372409.016566) vcan0 140#008E004000000B01
(1757372409.016819) vcan0 141#AD27952800803F02
(1757372409.026795) vcan0 140#008F004000000B81
(1757372409.026810) vcan0 141#AD27952800803F02
(1757372409.027017) vcan0 144#C0000A000028A004
(1757372409.036854) vcan0 140#0080004000000B81
(1757372409.036868) vcan0 141#AD27952800803F02
(1757372409.037041) vcan0 360#0000007931440100
(1757372409.037295) vcan0 361#001200E924000000
(1757372409.046714) vcan0 140#0081004000000B01
(1757372409.046760) vcan0 141#AD27952800803F02
(1757372409.047010) vcan0 144#C0000A000028A004
(1757372409.056848) vcan0 140#0082004000000B01
(1757372409.056862) vcan0 141#AD27952800803F02
(1757372409.066590) vcan0 140#0083004000000B81
(1757372409.066811) vcan0 141#AD27952800803F02
(1757372409.067012) vcan0 144#C0000A000028A004
(1757372409.076917) vcan0 140#0084004000000B01
(1757372409.076931) vcan0 141#AD27952800803F02
(1757372409.086682) vcan0 140#0085004000000B81
(1757372409.086754) vcan0 141#AD27952800803F02
(1757372409.086987) vcan0 144#C0000A000028A004
(1757372409.087474) vcan0 360#0000007931440100
(1757372409.087745) vcan0 361#000200E925000000
(1757372409.096724) vcan0 140#0086004000000B81
(1757372409.096742) vcan0 141#AD27952800803F02
(1757372409.106693) vcan0 140#0087004000000B01
(1757372409.106766) vcan0 141#AD27952800803F02
(1757372409.107016) vcan0 144#C0000A000028A004
(1757372409.116522) vcan0 140#0088004000000B01
(1757372409.116723) vcan0 141#AD27952800803F02
(1757372409.126668) vcan0 140#0089004000000B81
(1757372409.126820) vcan0 141#AD27952800803F02
(1757372409.126989) vcan0 144#C0000A000028A004
(1757372409.136888) vcan0 140#008A004000000B81
(1757372409.136902) vcan0 141#AD27952800803F02
(1757372409.136916) vcan0 360#0000007931440100
(1757372409.137211) vcan0 361#000200E926000000
(1757372409.146651) vcan0 140#008B004000000B01
(1757372409.146810) vcan0 141#AD27952800803F02
(1757372409.146959) vcan0 144#C0000A000028A004
(1757372409.156819) vcan0 140#008C004000000B81
(1757372409.156834) vcan0 141#AD27952800803F02
(1757372409.166591) vcan0 140#008D004000000B01
(1757372409.166664) vcan0 141#AD27952800803F02
(1757372409.166956) vcan0 144#C0000A000028A004
(1757372409.176863) vcan0 140#008E004000000B01
(1757372409.176877) vcan0 141#AD27952800803F02
(1757372409.186667) vcan0 140#008F004000000B81
(1757372409.186679) vcan0 141#AD27952800803F02
(1757372409.186975) vcan0 144#C0000A000028A004
(1757372409.187412) vcan0 360#0000007931440100
(1757372409.187690) vcan0 361#001200E927000000
(1757372409.196767) vcan0 140#0080004000000B81
(1757372409.196782) vcan0 141#AD27952800803F02
(1757372409.206574) vcan0 140#0081004000000B01
(1757372409.206647) vcan0 141#AD27952800803F02
(1757372409.207002) vcan0 144#C0000A000028A004
(1757372409.216410) vcan0 140#0082004000000B01
(1757372409.216697) vcan0 141#AD27952800803F02
(1757372409.226560) vcan0 140#0083004000000B81
(1757372409.226633) vcan0 141#AD27952800803F02
(1757372409.226932) vcan0 144#C0000A000028A004
(1757372409.236830) vcan0 140#0084004000000B01
(1757372409.236844) vcan0 141#AD27952800803F02
(1757372409.236858) vcan0 360#0000007931440100
(1757372409.237153) vcan0 361#001200E928000000
(1757372409.246559) vcan0 140#0085004000000B81
(1757372409.246631) vcan0 141#AD27952800803F02
(1757372409.246932) vcan0 144#C0000A000028A004
(1757372409.256827) vcan0 140#0086004000000B81
(1757372409.256841) vcan0 141#AD27952800803F02
(1757372409.266435) vcan0 140#0087004000000B01
(1757372409.266667) vcan0 141#AD27952800803F02
(1757372409.266907) vcan0 144#C0000A000028A004
(1757372409.276802) vcan0 140#0088004000000B01
(1757372409.276816) vcan0 141#AD27952800803F02
(1757372409.286565) vcan0 140#0089004000000B81
(1757372409.286610) vcan0 141#AD27952800803F02
(1757372409.286881) vcan0 144#C0000A000028A004
(1757372409.287159) vcan0 360#0000007931440100
(1757372409.287390) vcan0 361#000200E929000000
(1757372409.296727) vcan0 140#008A004000000B81
(1757372409.296742) vcan0 141#AD27952800803F02
(1757372409.306445) vcan0 140#008B004000000B01
(1757372409.306637) vcan0 141#AD27952800803F02
(1757372409.306901) vcan0 144#C0000A000028A004
(1757372409.316421) vcan0 140#008C004000000B81
(1757372409.316596) vcan0 141#AD27952800803F02
(1757372409.326517) vcan0 140#008D004000000B01
(1757372409.326591) vcan0 141#AD27952800803F02
(1757372409.326883) vcan0 144#C0000A000028A004
(1757372409.336732) vcan0 140#008E004000000B01
(1757372409.336746) vcan0 141#AD27952800803F02
(1757372409.336831) vcan0 360#0000007931440100
(1757372409.337099) vcan0 361#000200E92A000000
(1757372409.346395) vcan0 140#008F004000000B81
(1757372409.346660) vcan0 141#AD27952800803F02
(1757372409.346843) vcan0 144#C0000A000028A004
(1757372409.356731) vcan0 140#0080004000000B81
(1757372409.356745) vcan0 141#AD27952800803F02
(1757372409.366383) vcan0 140#0081004000000B01
(1757372409.366616) vcan0 141#AD27952800803F02
(1757372409.366893) vcan0 144#C0000A000028A004
(1757372409.376704) vcan0 140#0082004000000B01
(1757372409.376719) vcan0 141#AD27952800803F02
(1757372409.386426) vcan0 140#0083004000000B81
(1757372409.386634) vcan0 141#AD27952800803F02
(1757372409.386898) vcan0 144#C0000A000028A004
(1757372409.387107) vcan0 360#0000007931440100
(1757372409.387337) vcan0 361#001200E92B000000
(1757372409.396661) vcan0 140#0084004000000B01
(1757372409.396675) vcan0 141#AD27952800803F02
(1757372409.406356) vcan0 140#0085004000000B81
(1757372409.406625) vcan0 141#AD27952800803F02
(1757372409.406828) vcan0 144#C0000A000028A004
(1757372409.416376) vcan0 140#0086004000000B81
(1757372409.416583) vcan0 141#AD27952800803F02
(1757372409.426630) vcan0 140#0087004000000B01
(1757372409.426644) vcan0 141#AD27952800803F02
(1757372409.426852) vcan0 144#C0000A000028A004
(1757372409.436597) vcan0 140#0088004000000B01
(1757372409.436610) vcan0 141#AD27952800803F02
(1757372409.436832) vcan0 360#0000007930440100
(1757372409.437054) vcan0 361#001200E90C000000
(1757372409.446479) vcan0 140#0089004000000B81
(1757372409.446525) vcan0 141#AD27952800803F02
(1757372409.446831) vcan0 144#C0000A000028A004
(1757372409.456564) vcan0 140#008A004000000B81
(1757372409.456578) vcan0 141#AD27952800803F02
(1757372409.466381) vcan0 140#008B004000000B01
(1757372409.466658) vcan0 141#AD27952800803F02
(1757372409.466851) vcan0 144#C0000A000028A004
(1757372409.476643) vcan0 140#008C004000000B81
(1757372409.476657) vcan0 141#AD27952800803F02
(1757372409.486333) vcan0 140#008D004000000B01
(1757372409.486552) vcan0 141#AD27952800803F02
(1757372409.486792) vcan0 144#C0000A000028A004
(1757372409.487048) vcan0 360#0000007930440100
(1757372409.487276) vcan0 361#003200E90D000000
(1757372409.496569) vcan0 140#008E004000000B01
(1757372409.496582) vcan0 141#AD27952800803F02
(1757372409.506326) vcan0 140#008F004000000B81
(1757372409.506554) vcan0 141#AD27952800803F02
(1757372409.506817) vcan0 144#C0000A000028A004
(1757372409.516264) vcan0 140#0080004000000B81
(1757372409.516542) vcan0 141#AD27952800803F02
(1757372409.526295) vcan0 140#0081004000000B01
(1757372409.526563) vcan0 141#AD27952800803F02
(1757372409.526791) vcan0 144#C0000A000028A004
(1757372409.536609) vcan0 140#0082004000000B01
(1757372409.536624) vcan0 141#AD27952800803F02
(1757372409.536794) vcan0 360#000000792F440100
(1757372409.537028) vcan0 361#003200E90E000000
(1757372409.546296) vcan0 140#0083004000000B81
(1757372409.546574) vcan0 141#AD27952800803F02
(1757372409.546790) vcan0 144#C0000A000028A004
(1757372409.556582) vcan0 140#0084004000000B01
(1757372409.556596) vcan0 141#AD27952800803F02
(1757372409.566355) vcan0 140#0085004000000B81
(1757372409.566578) vcan0 141#AD27952800803F02
(1757372409.566845) vcan0 144#C0000A000028A004
(1757372409.576347) vcan0 140#0086004000000B81
(1757372409.576514) vcan0 141#AD27952800803F02
(1757372409.586295) vcan0 140#0087004000000B01
(1757372409.586522) vcan0 141#AD27952800803F02
(1757372409.586789) vcan0 144#C0000A000028A004
(1757372409.586995) vcan0 360#000000792F440100
(1757372409.587260) vcan0 361#002200E90F000000
(1757372409.596557) vcan0 140#0088004000000B01
(1757372409.596571) vcan0 141#AD27952800803F02
(1757372409.606304) vcan0 140#0089004000000B81
(1757372409.606502) vcan0 141#AD27952800803F02
(1757372409.606796) vcan0 144#C0000A000028A004
(1757372409.616227) vcan0 140#008A004000000B81
(1757372409.616480) vcan0 141#AD27952800803F02
(1757372409.626199) vcan0 140#008B004000000B01
(1757372409.626514) vcan0 141#AD27952800803F02
(1757372409.626807) vcan0 144#C0000A000028A004
(1757372409.636581) vcan0 140#008C004000000B81
(1757372409.636595) vcan0 141#AD27952800803F02
(1757372409.636791) vcan0 360#000000792F440100
(1757372409.636988) vcan0 361#002200E900000000
(1757372409.646241) vcan0 140#008D004000000B01
(1757372409.646474) vcan0 141#AD27952800803F02
(1757372409.646791) vcan0 144#C0000A000028A004
(1757372409.656490) vcan0 140#008E004000000B01
(1757372409.656504) vcan0 141#AD27952800803F02
(1757372409.666347) vcan0 140#008F004000000B81
(1757372409.666581) vcan0 141#AD27952800803F02
(1757372409.666811) vcan0 144#C0000A000028A004
(1757372409.676564) vcan0 140#0080004000000B81
(1757372409.676577) vcan0 141#AD27952800803F02
(1757372409.686199) vcan0 140#0081004000000B01
(1757372409.686590) vcan0 141#AD27952800803F02
(1757372409.686808) vcan0 144#C0000A000028A004
(1757372409.686994) vcan0 360#000000792F440100
(1757372409.687267) vcan0 361#003200E901000000
(1757372409.696284) vcan0 140#0082004000000B01
(1757372409.696456) vcan0 141#AD27952800803F02
(1757372409.706267) vcan0 140#0083A34000000B81
(1757372409.706440) vcan0 141#AD279528A3803F02
(1757372409.706783) vcan0 144#C000FC000028A004
(1757372409.716215) vcan0 140#0084A34000000B01
(1757372409.716423) vcan0 141#AD279528A3803F02
(1757372409.726239) vcan0 140#0085A34000000B81
(1757372409.726471) vcan0 141#AD279528A3803F02
(1757372409.726672) vcan0 144#C000FC000028A004
(1757372409.736187) vcan0 140#0086A34000000B81
(1757372409.736441) vcan0 141#AD279528A3803F02
(1757372409.736665) vcan0 360#000000792D440100
(1757372409.736912) vcan0 361#003200E902000000
(1757372409.746238) vcan0 140#0087A34000000B01
(1757372409.746468) vcan0 141#AD279528A3803F02
(1757372409.746783) vcan0 144#C000FC000028A004
(1757372409.756272) vcan0 140#0088A34000000B01
(1757372409.756438) vcan0 141#AD279528A3803F02
(1757372409.766263) vcan0 140#0089A34000000B81
(1757372409.766496) vcan0 141#AD279528A3803F02
(1757372409.766792) vcan0 144#C000FC000028A004
(1757372409.776426) vcan0 140#008AA34000000B81
(1757372409.776440) vcan0 141#AD279528A3803F02
(1757372409.786263) vcan0 140#008BA34000000B01
(1757372409.786437) vcan0 141#AD279528A3803F02
(1757372409.786779) vcan0 144#C000FC000028A004
(1757372409.786958) vcan0 360#000000792D440100
(1757372409.787209) vcan0 361#002200E903000000
(1757372409.796415) vcan0 140#008CA34000000B81
(1757372409.796429) vcan0 141#AD279528A3803F02
(1757372409.806264) vcan0 140#008DA34000000B01
(1757372409.806495) vcan0 141#AD279528A3803F02
(1757372409.806777) vcan0 144#C000FC000028A004
(1757372409.816162) vcan0 140#008EA34000000B01
(1757372409.816391) vcan0 141#AD279528A3803F02
(1757372409.826242) vcan0 140#008FA34000000B81
(1757372409.826464) vcan0 141#AD279528A3803F02
(1757372409.826810) vcan0 144#C000FC000028A004
(1757372409.836484) vcan0 140#0080A34000000B81
(1757372409.836499) vcan0 141#AD279528A3803F02
(1757372409.836538) vcan0 360#000000792D440100
(1757372409.836864) vcan0 361#003200E904000000
(1757372409.846200) vcan0 140#0081A34000000B01
(1757372409.846469) vcan0 141#AD279528A3803F02
(1757372409.846702) vcan0 144#C000FC000028A004
(1757372409.856387) vcan0 140#0082C34000000B01
(1757372409.856401) vcan0 141#AD279528C3803F02
(1757372409.866261) vcan0 140#0083C34000000B81
(1757372409.866465) vcan0 141#AD279528C3803F02
(1757372409.866784) vcan0 144#C000FC000028A004
(1757372409.876506) vcan0 140#0084C34000000B01
(1757372409.876520) vcan0 141#AD279528C3803F02
(1757372409.886264) vcan0 140#0085C34000000B81
(1757372409.886499) vcan0 141#AD279528C3803F02
(1757372409.886782) vcan0 144#C000FC000028A004
(1757372409.886961) vcan0 360#BB0000792B440100
(1757372409.887227) vcan0 361#002200E905000000
(1757372409.896401) vcan0 140#0086C34000000B81
(1757372409.896415) vcan0 141#AD279528C3803F02
(1757372409.906260) vcan0 140#0087C34000000B01
(1757372409.906535) vcan0 141#AD279528C3803F02
(1757372409.906808) vcan0 144#C000FC000028A004
(1757372409.916237) vcan0 140#0088C34000000B01
(1757372409.916386) vcan0 141#AD279528C3803F02
(1757372409.926234) vcan0 140#0089C34000000B81
(1757372409.926462) vcan0 141#AD279528C3803F02
(1757372409.926809) vcan0 144#C000FC000028A004
(1757372409.936102) vcan0 140#008A914100000B81
(1757372409.936339) vcan0 141#AD27952891813F02
(1757372409.936564) vcan0 360#5901007928440100
(1757372409.936801) vcan0 361#002200E906000000
(1757372409.946233) vcan0 140#008B914100000B01
(1757372409.946463) vcan0 141#AD27952891813F02
(1757372409.946780) vcan0 144#C000FC000028A004
(1757372409.956112) vcan0 140#008C914100000B81
(1757372409.956334) vcan0 141#AD27952891813F02
(1757372409.966232) vcan0 140#008D914100000B01
(1757372409.966462) vcan0 141#AD27952891813F02
(1757372409.966788) vcan0 144#C000FC000028A004
(1757372409.976452) vcan0 140#008EA94200000B81
(1757372409.976466) vcan0 141#AD27F028A9C23F02
(1757372409.986205) vcan0 140#008FA94200000B01
(1757372409.986511) vcan0 141#AD27F028A9C23F02
(1757372409.986787) vcan0 144#C000AC000028A004
(1757372409.986957) vcan0 360#4902007924440100
(1757372409.987232) vcan0 361#003200E907000000
(1757372409.996215) vcan0 140#0080A94200000B01
(1757372409.996237) vcan0 141#AD27F028A9C23F02
(1757372410.006255) vcan0 140#00816A4300000B01
(1757372410.006488) vcan0 141#B1270229A9823F02
(1757372410.006784) vcan0 144#C00186000028A004
(1757372410.016258) vcan0 140#00826A4300000B01
(1757372410.016298) vcan0 141#B1271F296AC33F02
(1757372410.026230) vcan0 140#00836A4300000B81
(1757372410.026459) vcan0 141#B12716296AC33F02
(1757372410.026780) vcan0 144#C00087000028A004
(1757372410.036418) vcan0 140#0084004400000B81
(1757372410.036432) vcan0 141#B1270E296AC33F02
(1757372410.036471) vcan0 360#090300791E440100
(1757372410.036782) vcan0 361#003200E908000000
(1757372410.046233) vcan0 140#0085004400000B01
(1757372410.046462) vcan0 141#BA279A2900843F02
(1757372410.046900) vcan0 144#C00179000028A004
(1757372410.056425) vcan0 140#0086004400000B01
(1757372410.056439) vcan0 141#BA279A2900843F02
(1757372410.066255) vcan0 140#00872C4400000B01
(1757372410.066484) vcan0 141#BA279A2900843F02
(1757372410.066774) vcan0 144#C00179000028A004
(1757372410.076398) vcan0 140#00882C4400000B01
(1757372410.076412) vcan0 141#BC27BA292C843F02
(1757372410.086256) vcan0 140#00892C4400000B81
(1757372410.086486) vcan0 141#BC27BA292C843F02
(1757372410.086779) vcan0 144#C0007B000028A004
(1757372410.086956) vcan0 360#CD0200791C440100
(1757372410.087212) vcan0 361#002200E909000000
(1757372410.096286) vcan0 140#008A6A4400000B01
(1757372410.096300) vcan0 141#C027A2296A843F02
(1757372410.106138) vcan0 140#008B6A4400000B81
(1757372410.106211) vcan0 141#C027A2296A843F02
(1757372410.106485) vcan0 144#C00077000028A004
(1757372410.116255) vcan0 140#008C8A4400000B81
(1757372410.116269) vcan0 141#C027A2296A843F02
(1757372410.126180) vcan0 140#008D8A4400000B01
(1757372410.126452) vcan0 141#C12768298A843F02
(1757372410.126801) vcan0 144#C00176000028A004
(1757372410.136374) vcan0 140#008E8A4400000B01
(1757372410.136395) vcan0 141#C12768298A842702
(1757372410.136403) vcan0 360#B102007918440100
(1757372410.136776) vcan0 361#002200E90A000000
(1757372410.146234) vcan0 140#008F9E4400000B81
(1757372410.146453) vcan0 141#C22740299E842702
(1757372410.146800) vcan0 144#C00176000028A004
(1757372410.156332) vcan0 140#00809E4400000B81
(1757372410.156346) vcan0 141#C22740299E842702
(1757372410.166227) vcan0 140#00819E4400000B01
(1757372410.166469) vcan0 141#C22740299E842702
(1757372410.166691) vcan0 144#C00176000028A004
(1757372410.176323) vcan0 140#0082864400000B01
(1757372410.176336) vcan0 141#C127152986842702
(1757372410.185913) vcan0 140#0083864400000B81
(1757372410.186206) vcan0 141#C127152986842702
(1757372410.186456) vcan0 144#C00077000028A004
(1757372410.186919) vcan0 360#5F02007915440100
(1757372410.187188) vcan0 361#003200E90B000000
(1757372410.195966) vcan0 140#0084654400000B81
(1757372410.196153) vcan0 141#C127152986842702
(1757372410.205970) vcan0 140#0085654400000B01
(1757372410.206199) vcan0 141#BF27EB2865C42702
(1757372410.206427) vcan0 144#C00179000028A004
(1757372410.216228) vcan0 140#0086654400000B01
(1757372410.216242) vcan0 141#BF27EB2865C42702
(1757372410.225969) vcan0 140#0087314400000B01
(1757372410.226176) vcan0 141#BC27E32831C42702
(1757372410.226442) vcan0 144#C0017C000028A004
(1757372410.236312) vcan0 140#0088314400000B01
(1757372410.236326) vcan0 141#BC27C12831C42702
(1757372410.236391) vcan0 360#F101007912440100
(1757372410.236681) vcan0 361#002200E90C000000
(1757372410.245949) vcan0 140#0089314400000B81
(1757372410.246200) vcan0 141#BC27C12831C42702
(1757372410.246427) vcan0 144#C0017C000028A004
(1757372410.256266) vcan0 140#008A054400000B01
(1757372410.256281) vcan0 141#BA27AB2805842702
(1757372410.265942) vcan0 140#008B054400000B81
(1757372410.266175) vcan0 141#BA27AB2805842702
(1757372410.266404) vcan0 144#C0017F000028A004
(1757372410.276269) vcan0 140#008C054400000B01
(1757372410.276283) vcan0 141#BA27AB2805842702
(1757372410.285947) vcan0 140#008DCA4300000B01
(1757372410.286140) vcan0 141#B727AD2805C42702
(1757372410.286420) vcan0 144#C00082000028A004
(1757372410.286870) vcan0 360#A601007912440100
(1757372410.287141) vcan0 361#003200E90D000000
(1757372410.296105) vcan0 140#008ECA4300000B01
(1757372410.296121) vcan0 141#B727AD28CA832702
(1757372410.305941) vcan0 140#008FCA4300000B81
(1757372410.306174) vcan0 141#B727AD28CA832702
(1757372410.306441) vcan0 144#C00082000028A004
(1757372410.316234) vcan0 140#0080964300000B81
(1757372410.316248) vcan0 141#B727AD28CA832702
(1757372410.325918) vcan0 140#0081964300000B01
(1757372410.326143) vcan0 141#B427922896832702
(1757372410.326374) vcan0 144#C00087000028A004
(1757372410.336231) vcan0 140#0082964300000B01
(1757372410.336245) vcan0 141#B4278C2896832702
(1757372410.336400) vcan0 360#6101007911440100
(1757372410.336615) vcan0 361#003200E90E000000
(1757372410.345914) vcan0 140#0083964300000B81
(1757372410.346146) vcan0 141#B427862896832702
(1757372410.346376) vcan0 144#C00084000028A004
(1757372410.356242) vcan0 140#0084524300000B81
(1757372410.356256) vcan0 141#B0277B2852C32702
(1757372410.365935) vcan0 140#0085524300000B01
(1757372410.366142) vcan0 141#B0275F2852C32702
(1757372410.366375) vcan0 144#C0018C000028A004
(1757372410.376258) vcan0 140#0086524300000B01
(1757372410.376272) vcan0 141#B027592852C32702
(1757372410.385913) vcan0 140#0087524300000B81
(1757372410.386121) vcan0 141#B027542852832702
(1757372410.386384) vcan0 144#C0018C000028A004
(1757372410.386844) vcan0 360#3301007911440100
(1757372410.387077) vcan0 361#002200E90F000000
(1757372410.396134) vcan0 140#0088144300000B01
(1757372410.396148) vcan0 141#AD27512814C32702
(1757372410.405889) vcan0 140#0089144300000B81
(1757372410.406124) vcan0 141#AD27512814C32702
(1757372410.406347) vcan0 144#C00191000028A004
(1757372410.416180) vcan0 140#008A144300000B81
(1757372410.416194) vcan0 141#AD27512814C32702
(1757372410.425887) vcan0 140#008B144300000B01
(1757372410.426111) vcan0 141#AD27512814C32702
(1757372410.426345) vcan0 144#C00191000028A004
(1757372410.436157) vcan0 140#008CC64200000B01
(1757372410.436171) vcan0 141#AD275128C6822702
(1757372410.436327) vcan0 360#F100007910440100
(1757372410.436593) vcan0 361#002200E900000000
(1757372410.445911) vcan0 140#008DC64200000D81
(1757372410.446079) vcan0 141#AD274F28C6822702
(1757372410.446332) vcan0 144#C001A4000028A004
(1757372410.455804) vcan0 140#008EC64200000D81
(1757372410.456003) vcan0 141#AD274F28C6822702
(1757372410.465814) vcan0 140#008FC64200000D01
(1757372410.466044) vcan0 141#AD274F28C6822702
(1757372410.466300) vcan0 144#C001A4000028A004
(1757372410.475765) vcan0 140#0080C64200000D01
(1757372410.476019) vcan0 141#AD274F28C6822702
(1757372410.485814) vcan0 140#00817B4200000D81
(1757372410.486069) vcan0 141#AD274F287B822702
(1757372410.486299) vcan0 144#C001BA000028A004
(1757372410.486789) vcan0 360#BF00007910440100
(1757372410.487018) vcan0 361#003200E901000000
(1757372410.495771) vcan0 140#00827B4200000D81
(1757372410.495993) vcan0 141#AD274F287B822702
(1757372410.505838) vcan0 140#00837B4200000E01
(1757372410.506068) vcan0 141#AD274F287B822702
(1757372410.506298) vcan0 144#C001BA000028A004
(1757372410.515738) vcan0 140#00847B4200000E81
(1757372410.515968) vcan0 141#AD274F287B822702
(1757372410.525812) vcan0 140#00857B4200000E01
(1757372410.526042) vcan0 141#AD274F287B822702
(1757372410.526272) vcan0 144#C001BA000028A004
(1757372410.535737) vcan0 140#0086214200000E01
(1757372410.535967) vcan0 141#AD27542821822702
(1757372410.536196) vcan0 360#A400007911440100
(1757372410.536452) vcan0 361#003200E902000000
(1757372410.545975) vcan0 140#0087214200000E81
(1757372410.546197) vcan0 141#AD27542821822702
(1757372410.546452) vcan0 144#C000DD000028A004
(1757372410.556247) vcan0 140#0088214200000E81
(1757372410.556254) vcan0 141#AD27542821822702
(1757372410.566043) vcan0 140#0089214200000E01
(1757372410.566051) vcan0 141#AD27542821822702
(1757372410.566624) vcan0 144#C000DD000028A004
(1757372410.576046) vcan0 140#008A214200000E01
(1757372410.576051) vcan0 141#AD27542821822702
(1757372410.585868) vcan0 140#008B214200000F01
(1757372410.586139) vcan0 141#AD27542821822702
(1757372410.586419) vcan0 144#C000DD000028A004
(1757372410.586833) vcan0 360#9A00007911440100
(1757372410.587150) vcan0 361#002200E903000000
(1757372410.595859) vcan0 140#008CE24100000F81
(1757372410.595973) vcan0 141#AD27542821822702
(1757372410.605897) vcan0 140#008DE24100000F01
(1757372410.606121) vcan0 141#AD274528E2812702
(1757372410.606515) vcan0 144#C001F8000028A004
(1757372410.615769) vcan0 140#008EE24100000F01
(1757372410.616028) vcan0 141#AD274528E2812702
(1757372410.625896) vcan0 140#008FE24100000F81
(1757372410.626149) vcan0 141#AD274528E2812702
(1757372410.626369) vcan0 144#C001F8000028A004
(1757372410.636139) vcan0 140#0080E24100000F81
(1757372410.636149) vcan0 141#AD274528E2812702
(1757372410.636304) vcan0 360#8000007913440100
(1757372410.636548) vcan0 361#003200E904000000
(1757372410.645894) vcan0 140#0081E24100000F01
(1757372410.646095) vcan0 141#AD274528E2812702
(1757372410.646372) vcan0 144#C001F8000028A004
(1757372410.655910) vcan0 140#0082E24100000F01
(1757372410.655921) vcan0 141#AD274528E2812702
(1757372410.665927) vcan0 140#0083DF4100000F01
(1757372410.666135) vcan0 141#AD274628DFC12702
(1757372410.666402) vcan0 144#C001F8000028A004
(1757372410.675924) vcan0 140#0084DF4100000F81
(1757372410.675938) vcan0 141#AD274628DFC12702
(1757372410.685909) vcan0 140#0085DF4100000F01
(1757372410.686159) vcan0 141#AD274628DFC12702
(1757372410.686388) vcan0 144#C001F8000028A004
(1757372410.686796) vcan0 360#7B00007914440100
(1757372410.687026) vcan0 361#002200E905000000
(1757372410.695756) vcan0 140#0086DF4100000F01
(1757372410.695930) vcan0 141#AD274628DFC12702
(1757372410.705904) vcan0 140#0087DF4100001181
(1757372410.706135) vcan0 141#AD274628DFC12702
(1757372410.706360) vcan0 144#C001F8000028A004
(1757372410.715980) vcan0 140#0088004200001101
(1757372410.715995) vcan0 141#AD274628DFC12702
(1757372410.725820) vcan0 140#0089004200001181
(1757372410.726137) vcan0 141#AD274D2800C22702
(1757372410.726366) vcan0 144#C000ED000028A004
(1757372410.735701) vcan0 140#008A004200001181
(1757372410.735892) vcan0 141#AD274D2800C22702
(1757372410.736148) vcan0 360#8700007915440100
(1757372410.736416) vcan0 361#002200E906000000
(1757372410.745850) vcan0 140#008B004200001101
(1757372410.746100) vcan0 141#AD274D2800C22702
(1757372410.746333) vcan0 144#C000ED000028A004
(1757372410.755748) vcan0 140#008C004200001181
(1757372410.755924) vcan0 141#AD274D2800C22702
(1757372410.765843) vcan0 140#008D004200001101
(1757372410.766099) vcan0 141#AD274D2800C22702
(1757372410.766336) vcan0 144#C000ED000028A004
(1757372410.775924) vcan0 140#008E1D4200001101
(1757372410.775937) vcan0 141#AD2757281D822702
(1757372410.785876) vcan0 140#008F1D4200001181
(1757372410.786107) vcan0 141#AD2757281D822702
(1757372410.786335) vcan0 144#C001DF000028A004
(1757372410.786761) vcan0 360#9400007916440100
(1757372410.787058) vcan0 361#003200E907000000
(1757372410.795929) vcan0 140#00801D4200001181
(1757372410.795944) vcan0 141#AD2757281D822702
(1757372410.805901) vcan0 140#00811D4200001101
(1757372410.806131) vcan0 141#AD2757281D822702
(1757372410.806358) vcan0 144#C001DF000028A004
(1757372410.815845) vcan0 140#00821D4200001101
(1757372410.815859) vcan0 141#AD2757281D822702
(1757372410.825876) vcan0 140#0083474200001181
(1757372410.826116) vcan0 141#AD27572847822702
(1757372410.826380) vcan0 144#C001DF000028A004
(1757372410.835851) vcan0 140#0084474200001101
(1757372410.835865) vcan0 141#AD276E2847822702
(1757372410.836126) vcan0 360#AF00007917440100
(1757372410.836358) vcan0 361#003200E908000000
(1757372410.845873) vcan0 140#0085474200001181
(1757372410.846112) vcan0 141#AD276E2847822702
(1757372410.846330) vcan0 144#C001CD000028A004
(1757372410.855843) vcan0 140#0086474200001181
(1757372410.855857) vcan0 141#AD276E2847822702
(1757372410.865873) vcan0 140#0087474200001101
(1757372410.866109) vcan0 141#AD276E2847822702
(1757372410.866332) vcan0 144#C001CD000028A004
(1757372410.875846) vcan0 140#00886A4200001101
(1757372410.875860) vcan0 141#AD276E2847822702
(1757372410.885871) vcan0 140#00896A4200001281
(1757372410.886106) vcan0 141#AD2780286A822702
(1757372410.886279) vcan0 144#C001BF000028A004
(1757372410.886763) vcan0 360#CB00007917440100
(1757372410.887076) vcan0 361#002200E909000000
(1757372410.895817) vcan0 140#008A6A4200001281
(1757372410.895832) vcan0 141#AD2780286A822702
(1757372410.905867) vcan0 140#008B6A4200001201
(1757372410.906119) vcan0 141#AD2780286A822702
(1757372410.906339) vcan0 144#C001BF000028A004
(1757372410.916188) vcan0 140#008C954200001281
(1757372410.916202) vcan0 141#AD2780286A822702
(1757372410.925843) vcan0 140#008D954200001201
(1757372410.926054) vcan0 141#AD27842895C22702
(1757372410.926464) vcan0 144#C000B1000028A004
(1757372410.935614) vcan0 140#008E954200001201
(1757372410.935860) vcan0 141#AD27842895C22702
(1757372410.936156) vcan0 360#E100007918440100
(1757372410.936286) vcan0 361#002200E90A000000
(1757372410.945866) vcan0 140#008F954200001281
(1757372410.946114) vcan0 141#AD27842895C22702
(1757372410.946278) vcan0 144#C000B1000028A004
(1757372410.955531) vcan0 140#0080954200001281
(1757372410.955816) vcan0 141#AD27842895C22702
(1757372410.965876) vcan0 140#0081B64200001281
(1757372410.966107) vcan0 141#AD27842895C22702
(1757372410.966360) vcan0 144#C001A8000028A004
(1757372410.975780) vcan0 140#0082B64200001281
(1757372410.975795) vcan0 141#AD278428B6822702
(1757372410.985869) vcan0 140#0083B64200001201
(1757372410.986117) vcan0 141#AD278428B6822702
(1757372410.986335) vcan0 144#C000A8010028A004
(1757372410.986800) vcan0 360#ED00007918440100
(1757372410.986994) vcan0 361#003200E90B000000
(1757372410.995706) vcan0 140#0084B64200001281
(1757372410.995802) vcan0 141#AD278428B6822702
(1757372411.005932) vcan0 140#0085E24200001281
(1757372411.006050) vcan0 141#AD278728B6822702
(1757372411.006461) vcan0 144#C0009D010028A004
(1757372411.015839) vcan0 140#0086E24200001281
(1757372411.015853) vcan0 141#AD278728E2C22702
(1757372411.025875) vcan0 140#0087E24200001201
(1757372411.026113) vcan0 141#AD278728E2C22702
(1757372411.026334) vcan0 144#C0009D010028A004
(1757372411.035838) vcan0 140#0088E24200001201
(1757372411.035852) vcan0 141#AD278728E2C22702
(1757372411.035956) vcan0 360#0001007918440100
(1757372411.036395) vcan0 361#002200E90C000000
(1757372411.045808) vcan0 140#0089044300001281
(1757372411.046118) vcan0 141#AD278F28E2822702
(1757372411.046351) vcan0 144#C00195010028A004
(1757372411.055839) vcan0 140#008A044300001281
(1757372411.055853) vcan0 141#AD278F2804832702
(1757372411.065880) vcan0 140#008B044300001201
(1757372411.066119) vcan0 141#AD278F2804832702
(1757372411.066346) vcan0 144#C00195010028A004
(1757372411.075779) vcan0 140#008C314300001281
(1757372411.075793) vcan0 141#AD278F2804832702
(1757372411.085859) vcan0 140#008D314300001201
(1757372411.086110) vcan0 141#AE278E2831C32702
(1757372411.086331) vcan0 144#C0018D010028A004
(1757372411.086806) vcan0 360#2201007918440100
(1757372411.087054) vcan0 361#003200E90D000000
(1757372411.095709) vcan0 140#008E314300001201
(1757372411.095724) vcan0 141#AE278E2831C32702
(1757372411.106068) vcan0 140#008F314300001281
(1757372411.106079) vcan0 141#AE278E2831C32702
(1757372411.106348) vcan0 144#C0018D010028A004
(1757372411.115823) vcan0 140#00804D4300001201
(1757372411.115837) vcan0 141#AE278E2831C32702
(1757372411.125995) vcan0 140#00814D4300001281
(1757372411.126086) vcan0 141#B02796284D832702
(1757372411.126351) vcan0 144#C0008A010028A004
(1757372411.135880) vcan0 140#00824D4300001281
(1757372411.135900) vcan0 141#B02796284D832702
(1757372411.135907) vcan0 360#2D01007918440100
(1757372411.136236) vcan0 361#003200E90E000000
(1757372411.145882) vcan0 140#0083754300001281
(1757372411.146045) vcan0 141#B02796284D832702
(1757372411.146453) vcan0 144#C0008A010028A004
(1757372411.155840) vcan0 140#0084754300001201
(1757372411.155854) vcan0 141#B2279B2875C32702
(1757372411.165888) vcan0 140#0085754300001281
(1757372411.166091) vcan0 141#B2278F2875C32702
(1757372411.166363) vcan0 144#C00187010028A004
(1757372411.175848) vcan0 140#0086754300001281
(1757372411.175862) vcan0 141#B227892875C32702
(1757372411.185854) vcan0 140#00878C4300001201
(1757372411.186109) vcan0 141#B32787288CC32702
(1757372411.186323) vcan0 144#C00085010028A004
(1757372411.186732) vcan0 360#4401007917440100
(1757372411.186960) vcan0 361#002200E90F000000
(1757372411.195497) vcan0 140#00888C4300001201
(1757372411.195735) vcan0 141#B32781288CC32702
(1757372411.205886) vcan0 140#00898C4300001281
(1757372411.206127) vcan0 141#B32775288C832702
(1757372411.206283) vcan0 144#C00085010028A004
(1757372411.215692) vcan0 140#008AA24300001281
(1757372411.215706) vcan0 141#B5276D28A2832702
(1757372411.225824) vcan0 140#008BA24300001201
(1757372411.226115) vcan0 141#B5276828A2832702
(1757372411.226346) vcan0 144#C00182010028A004
(1757372411.235746) vcan0 140#008CA24300001281
(1757372411.235760) vcan0 141#B5276228A2832702
(1757372411.235850) vcan0 360#4501007917440100
(1757372411.236303) vcan0 361#002200E900000000
(1757372411.245842) vcan0 140#008DA14300001201
(1757372411.246042) vcan0 141#B4275628A2832702
(1757372411.246460) vcan0 144#C00184010028A004
(1757372411.255627) vcan0 140#008EA14300001201
(1757372411.255722) vcan0 141#B4275028A1832702
(1757372411.265858) vcan0 140#008FA14300001281
(1757372411.266108) vcan0 141#B4274B28A1832702
(1757372411.266331) vcan0 144#C00184010028A004
(1757372411.275793) vcan0 140#0080AD4300001281
(1757372411.275807) vcan0 141#B4274628A1C32702
(1757372411.285849) vcan0 140#0081AD4300001201
(1757372411.286082) vcan0 141#B5273828AD832702
(1757372411.286389) vcan0 144#C00182010028A004
(1757372411.286914) vcan0 360#4001007916440100
(1757372411.287052) vcan0 361#003200E901000000
(1757372411.295718) vcan0 140#0082AD4300001201
(1757372411.295728) vcan0 141#B5273328ADC32702
(1757372411.305958) vcan0 140#0083B34300001281
(1757372411.306019) vcan0 141#B5272F28AD832702
(1757372411.306345) vcan0 144#C00083010028A004
(1757372411.315653) vcan0 140#0084B34300001201
(1757372411.315673) vcan0 141#B5272628B3832702
(1757372411.325900) vcan0 140#0085B34300001281
(1757372411.326022) vcan0 141#B5271D28B3C32702
(1757372411.326411) vcan0 144#C00182010028A004
(1757372411.335707) vcan0 140#0086B34300001281
(1757372411.335721) vcan0 141#B5271928B3832702
(1757372411.335820) vcan0 360#3B01007916440100
(1757372411.336260) vcan0 361#003200E902000000
(1757372411.345882) vcan0 140#0087C54300001281
(1757372411.346028) vcan0 141#B6270E28C5C32702
(1757372411.346465) vcan0 144#C00080010028A004
(1757372411.355426) vcan0 140#0088C54300001281
(1757372411.355591) vcan0 141#B6270A28C5832702
(1757372411.365846) vcan0 140#0089C54300001201
(1757372411.366041) vcan0 141#B6270228C5C32702
(1757372411.366452) vcan0 144#C00181010028A004
(1757372411.375682) vcan0 140#008AC04300001201
(1757372411.375696) vcan0 141#B6270128C0C32702
(1757372411.385855) vcan0 140#008BC04300001281
(1757372411.386029) vcan0 141#B627FD27C0C32702
(1757372411.386339) vcan0 144#C00182010028A004
(1757372411.386810) vcan0 360#3701007915440100
(1757372411.387044) vcan0 361#002200E903000000
(1757372411.395597) vcan0 140#008CC04300001201
(1757372411.395612) vcan0 141#B627F927C0832702
(1757372411.405877) vcan0 140#008DC24300001201
(1757372411.406114) vcan0 141#B627EA27C0C32702
(1757372411.406338) vcan0 144#C00181010028A004
(1757372411.415382) vcan0 140#008EC24300001201
(1757372411.415602) vcan0 141#B627E627C2832702
(1757372411.425827) vcan0 140#008FC24300001281
(1757372411.426030) vcan0 141#B627E327C2832702
(1757372411.426314) vcan0 144#C00181010028A004
(1757372411.435374) vcan0 140#0080B94300001281
(1757372411.435571) vcan0 141#B627DF27C2832702
(1757372411.435795) vcan0 360#2F01007915440100
(1757372411.436080) vcan0 361#003200E904000000
(1757372411.445873) vcan0 140#0081B94300001201
(1757372411.446084) vcan0 141#B627D427B9C32702
(1757372411.446310) vcan0 144#C00182010028A004
(1757372411.455368) vcan0 140#0082B94300001201
(1757372411.455583) vcan0 141#B627D127B9C32702
(1757372411.465853) vcan0 140#0083BD4300001201
(1757372411.466082) vcan0 141#B627CE27BDC32702
(1757372411.466310) vcan0 144#C00182010028A004
(1757372411.475676) vcan0 140#0084BD4300001281
(1757372411.475690) vcan0 141#B627C527BD832702
(1757372411.485850) vcan0 140#0085BD4300001201
(1757372411.486106) vcan0 141#B627BF27BDC32702
(1757372411.486335) vcan0 144#C00182010028A004
(1757372411.486811) vcan0 360#2501007914440100
(1757372411.487036) vcan0 361#002200E905000000
(1757372411.495628) vcan0 140#0086B24300001201
(1757372411.495643) vcan0 141#B627BC27B2C32702
(1757372411.505849) vcan0 140#0087B24300001281
(1757372411.506083) vcan0 141#B527B927B2C32702
(1757372411.506352) vcan0 144#C00083010028A004
(1757372411.515455) vcan0 140#0088B24300001281
(1757372411.515500) vcan0 141#B527B627B2C32702
(1757372411.525849) vcan0 140#0089B14300001201
(1757372411.526080) vcan0 141#B527B127B2832702
(1757372411.526347) vcan0 144#C00083010028A004
(1757372411.535620) vcan0 140#008AB14300001201
(1757372411.535634) vcan0 141#B527A927B1832702
(1757372411.535791) vcan0 360#1A01007914440100
(1757372411.536050) vcan0 361#002200E906000000
(1757372411.545893) vcan0 140#008BB14300001281
(1757372411.546080) vcan0 141#B527A727B1C32702
(1757372411.546343) vcan0 144#C00083010028A004
(1757372411.555677) vcan0 140#008CB14300001201
(1757372411.555691) vcan0 141#B527A427B1C32702
(1757372411.565850) vcan0 140#008DA54300001281
(1757372411.566077) vcan0 141#B5279E27A5C32702
(1757372411.566351) vcan0 144#C00184010028A004
(1757372411.575593) vcan0 140#008EA54300001281
(1757372411.575607) vcan0 141#B5279C27A5832702
(1757372411.585846) vcan0 140#008FA54300001201
(1757372411.586008) vcan0 141#B5279A27A5832702
(1757372411.586410) vcan0 144#C00184010028A004
(1757372411.586776) vcan0 360#1401007914440100
(1757372411.587043) vcan0 361#003200E907000000
(1757372411.595510) vcan0 140#00809A4300001201
(1757372411.595525) vcan0 141#B5279727A5C32702
(1757372411.605874) vcan0 140#00819A4300001281
(1757372411.606122) vcan0 141#B42791279A832702
(1757372411.606340) vcan0 144#C00085010028A004
(1757372411.615626) vcan0 140#00829A4300001281
(1757372411.615640) vcan0 141#B4278E279AC32702
(1757372411.625873) vcan0 140#0083734300001281
(1757372411.626124) vcan0 141#B4278C279A832702
(1757372411.626352) vcan0 144#C00184010028A004
(1757372411.635624) vcan0 140#0084734300001201
(1757372411.635639) vcan0 141#B227912773C32702
(1757372411.635653) vcan0 360#0B01007914440100
(1757372411.635977) vcan0 361#003200E908000000
(1757372411.645845) vcan0 140#0085734300001281
(1757372411.646089) vcan0 141#B2278D2773832702
(1757372411.646329) vcan0 144#C00188010028A004
(1757372411.655564) vcan0 140#0086734300001281
(1757372411.655578) vcan0 141#B2278B2773832702
(1757372411.665845) vcan0 140#0087794300001201
(1757372411.666078) vcan0 141#B227802779C32702
(1757372411.666305) vcan0 144#C00188010028A004
(1757372411.675525) vcan0 140#0088794300001201
(1757372411.675539) vcan0 141#B2277E2779832702
(1757372411.685817) vcan0 140#0089794300001281
(1757372411.686015) vcan0 141#B2277B2779832702
(1757372411.686255) vcan0 144#C00187010028A004
(1757372411.686713) vcan0 360#0601007914440100
(1757372411.686993) vcan0 361#002200E909000000
(1757372411.695412) vcan0 140#008A794300001281
(1757372411.695426) vcan0 141#B227752779C32702
(1757372411.705763) vcan0 140#008B794300001201
(1757372411.706004) vcan0 141#B227732779C32702
(1757372411.706398) vcan0 144#C00187010028A004
(1757372411.715504) vcan0 140#008C794300001281
(1757372411.715518) vcan0 141#B227712779832702
(1757372411.725795) vcan0 140#008D834300001201
(1757372411.726044) vcan0 141#B3276F2779C32702
(1757372411.726259) vcan0 144#C00086010028A004
(1757372411.735195) vcan0 140#008E834300001201
(1757372411.735421) vcan0 141#B3276F2783C32702
(1757372411.735677) vcan0 360#0301007914440100
(1757372411.735853) vcan0 361#002200E90A000000
(1757372411.745974) vcan0 140#008F834300001281
(1757372411.746034) vcan0 141#B3276D2783832702
(1757372411.746315) vcan0 144#C00086010028A004
(1757372411.755353) vcan0 140#0080834300001281
(1757372411.755434) vcan0 141#B3276C2783C32702
(1757372411.765816) vcan0 140#0081804300001201
(1757372411.766042) vcan0 141#B3276B2783832702
(1757372411.766329) vcan0 144#C00086010028A004
(1757372411.775477) vcan0 140#0082804300001201
(1757372411.775491) vcan0 141#B3276A2780C32702
(1757372411.785845) vcan0 140#0083804300001281
(1757372411.786021) vcan0 141#B327682780832702
(1757372411.786409) vcan0 144#C00086010028A004
(1757372411.786816) vcan0 360#0401007914440100
(1757372411.786966) vcan0 361#003200E90B000000
(1757372411.795266) vcan0 140#00848A4300001201
(1757372411.795356) vcan0 141#B327672780832702
(1757372411.805976) vcan0 140#00858A4300001281
(1757372411.806070) vcan0 141#B32763278AC32702
(1757372411.806323) vcan0 144#C00085010028A004
(1757372411.815451) vcan0 140#00868A4300001281
(1757372411.815465) vcan0 141#B32762278A832702
(1757372411.825840) vcan0 140#0087844300001281
(1757372411.826013) vcan0 141#B32760278AC32702
(1757372411.826412) vcan0 144#C00085010028A004
(1757372411.835517) vcan0 140#0088844300001281
(1757372411.835532) vcan0 141#B327622784C32702
(1757372411.835620) vcan0 360#0601007914440100
(1757372411.835884) vcan0 361#002200E90C000000
(1757372411.845843) vcan0 140#0089844300001201
(1757372411.846034) vcan0 141#B327602784832702
(1757372411.846434) vcan0 144#C00086010028A004
(1757372411.855492) vcan0 140#008A844300001201
(1757372411.855506) vcan0 141#B3275E2784C32702
(1757372411.865860) vcan0 140#008B914300001201
(1757372411.866020) vcan0 141#B4275A2791832702
(1757372411.866435) vcan0 144#C00085010028A004
(1757372411.875448) vcan0 140#008C914300001281
(1757372411.875462) vcan0 141#B427592791832702
(1757372411.885836) vcan0 140#008D914300001201
(1757372411.886067) vcan0 141#B427572791C32702
(1757372411.886293) vcan0 144#C00085010028A004
(1757372411.886793) vcan0 360#0701007914440100
(1757372411.887001) vcan0 361#003200E90D000000
(1757372411.895280) vcan0 140#008E8C4300001201
(1757372411.895303) vcan0 141#B32758278C832702
(1757372411.905861) vcan0 140#008F8C4300001281
(1757372411.906093) vcan0 141#B32757278C832702
(1757372411.906324) vcan0 144#C00085010028A004
(1757372411.915399) vcan0 140#00008C4300001201
(1757372411.915413) vcan0 141#B32756278CC32702
(1757372411.925862) vcan0 140#0001944300001281
(1757372411.926105) vcan0 141#B42752278CC32702
(1757372411.926321) vcan0 144#C00085010028A004
(1757372411.935129) vcan0 140#0002944300001281
(1757372411.935289) vcan0 141#B427512794C32702
(1757372411.935545) vcan0 360#0801007914440100
(1757372411.935859) vcan0 361#003200E90E000000
(1757372411.945859) vcan0 140#0003944300001201
(1757372411.946094) vcan0 141#B427502794832702
(1757372411.946348) vcan0 144#C00085010028A004
(1757372411.955261) vcan0 140#0004944300001281
(1757372411.955274) vcan0 141#B4274F2794C32702
(1757372411.965864) vcan0 140#0005924300001201
(1757372411.966096) vcan0 141#B4274F2792C32702
(1757372411.966324) vcan0 144#C00085010028A004
(1757372411.975422) vcan0 140#0006924300001201
(1757372411.975437) vcan0 141#B4274E2792832702
(1757372411.985858) vcan0 140#0007924300001281
(1757372411.986088) vcan0 141#B4274D2792832702
(1757372411.986363) vcan0 144#C00085010028A004
(1757372411.986792) vcan0 360#0901007914440100
(1757372411.987046) vcan0 361#002200E90F000000
(1757372411.995279) vcan0 140#00089B4300001281
(1757372411.995292) vcan0 141#B4274C279BC32702
(1757372412.005870) vcan0 140#00099B4300001201
(1757372412.006107) vcan0 141#B42748279B832702
(1757372412.006348) vcan0 144#C00184010028A004
(1757372412.015429) vcan0 140#000A9B4300001201
(1757372412.015443) vcan0 141#B42748279B832702
(1757372412.025857) vcan0 140#000B984300001281
(1757372412.026090) vcan0 141#B42747279AC32702
(1757372412.026364) vcan0 144#C00184010028A004
(1757372412.035343) vcan0 140#000C984300001201
(1757372412.035357) vcan0 141#B42747279AC32702
(1757372412.035532) vcan0 360#0A01007914440100
(1757372412.035925) vcan0 361#002200E900000000
(1757372412.045882) vcan0 140#000D984300001281
(1757372412.046087) vcan0 141#B42745279A832702
(1757372412.046317) vcan0 144#C00184010028A004
(1757372412.055436) vcan0 140#000E9F4300001201
(1757372412.055451) vcan0 141#B42745279A832702
(1757372412.065856) vcan0 140#000F9F4300001281
(1757372412.066086) vcan0 141#B42741279B832702
(1757372412.066352) vcan0 144#C00184010028A004
(1757372412.075341) vcan0 140#00009F4300001281
(1757372412.075355) vcan0 141#B42740279BC32702
(1757372412.085827) vcan0 140#00019F4300001201
(1757372412.086056) vcan0 141#B4273E279C832702
(1757372412.086312) vcan0 144#C00184010028A004
(1757372412.086869) vcan0 360#0901007914440100
(1757372412.087066) vcan0 361#003200E901000000
(1757372412.095270) vcan0 140#00029D4300001281
(1757372412.095280) vcan0 141#B4273F279CC32702
(1757372412.105829) vcan0 140#00039D4300001201
(1757372412.106088) vcan0 141#B4273E279C832702
(1757372412.106321) vcan0 144#C00184010028A004
(1757372412.115375) vcan0 140#00049D4300001281
(1757372412.115389) vcan0 141#B4273D279DC32702
(1757372412.125859) vcan0 140#0005A34300001281
(1757372412.126089) vcan0 141#B52739279DC32702
(1757372412.126318) vcan0 144#C00184010028A004
(1757372412.135308) vcan0 140#0006A34300001281
(1757372412.135323) vcan0 141#B52738279E832702
(1757372412.135485) vcan0 360#0801007914440100
(1757372412.135753) vcan0 361#003200E902000000
(1757372412.145853) vcan0 140#0007A34300001201
(1757372412.146083) vcan0 141#B52738279FC32702
(1757372412.146357) vcan0 144#C00184010028A004
(1757372412.155246) vcan0 140#00089D4300001281
(1757372412.155259) vcan0 141#B52737279FC32702
(1757372412.165855) vcan0 140#00099D4300001201
(1757372412.166083) vcan0 141#B42737279F832702
(1757372412.166312) vcan0 144#C00184010028A004
(1757372412.175275) vcan0 140#000A9D4300001201
(1757372412.175289) vcan0 141#B42737279F832702
(1757372412.185800) vcan0 140#000BA14300001281
(1757372412.186031) vcan0 141#B42736279E832702
(1757372412.186330) vcan0 144#C00184010028A004
(1757372412.186804) vcan0 360#0801007913440100
(1757372412.186969) vcan0 361#002200E903000000
(1757372412.195037) vcan0 140#000CA14300001201
(1757372412.195217) vcan0 141#B42732279F832702
(1757372412.205825) vcan0 140#000DA14300001281
(1757372412.206036) vcan0 141#B42731279F832702
(1757372412.206342) vcan0 144#C00184010028A004
(1757372412.215198) vcan0 140#000E9B4300001281
(1757372412.215407) vcan0 141#B4273127A0832702
(1757372412.225850) vcan0 140#000F9B4300001201
(1757372412.226130) vcan0 141#B4272F279F832702
(1757372412.226319) vcan0 144#C00184010028A004
(1757372412.234989) vcan0 140#00009B4300001201
(1757372412.235199) vcan0 141#B4272F279F832702
(1757372412.235441) vcan0 360#0201007913440100
(1757372412.235702) vcan0 361#003200E904000000
(1757372412.245850) vcan0 140#00019B4300001281
(1757372412.246083) vcan0 141#B4272E279E832702
(1757372412.246310) vcan0 144#C00184010028A004
(1757372412.255126) vcan0 140#0002A14300001281
(1757372412.255141) vcan0 141#B4272A279EC32702
(1757372412.265850) vcan0 140#0003A14300001201
(1757372412.266082) vcan0 141#B4272A279EC32702
(1757372412.266310) vcan0 144#C00184010028A004
(1757372412.275224) vcan0 140#0004A14300001281
(1757372412.275238) vcan0 141#B42729279F832702
(1757372412.285848) vcan0 140#00059C4300001281
(1757372412.286078) vcan0 141#B42729279F832702
(1757372412.286333) vcan0 144#C00184010028A004
(1757372412.286803) vcan0 360#FF00007913440100
(1757372412.287033) vcan0 361#002200E905000000
(1757372412.295215) vcan0 140#00069C4300001281
(1757372412.295229) vcan0 141#B42729279EC32702
(1757372412.305796) vcan0 140#00079C4300001201
(1757372412.306098) vcan0 141#B42728279E832702
(1757372412.306315) vcan0 144#C00184010028A004
(1757372412.315267) vcan0 140#0008A24300001281
(1757372412.315281) vcan0 141#B42728279E832702
(1757372412.325850) vcan0 140#0009A24300001201
(1757372412.326073) vcan0 141#B42725279EC32702
(1757372412.326307) vcan0 144#C00184010028A004
(1757372412.335201) vcan0 140#000AA24300001201
(1757372412.335216) vcan0 141#B42725279F832702
(1757372412.335392) vcan0 360#FE00007913440100
(1757372412.335789) vcan0 361#002200E906000000
(1757372412.345846) vcan0 140#000B9B4300001281
(1757372412.346082) vcan0 141#B42724279FC32702
(1757372412.346306) vcan0 144#C00184010028A004
(1757372412.355195) vcan0 140#000C9B4300001201
(1757372412.355209) vcan0 141#B42726279F832702
(1757372412.365847) vcan0 140#000D9B4300001281
(1757372412.366078) vcan0 141#B42725279EC32702
(1757372412.366304) vcan0 144#C00184010028A004
(1757372412.375283) vcan0 140#000E9B4300001281
(1757372412.375297) vcan0 141#B42725279EC32702
(1757372412.385845) vcan0 140#000FA24300001201
(1757372412.386077) vcan0 141#B52722279EC32702
(1757372412.386307) vcan0 144#C00184010028A004
(1757372412.386772) vcan0 360#FD00007913440100
(1757372412.387025) vcan0 361#003200E907000000
(1757372412.395108) vcan0 140#0000A24300001201
(1757372412.395122) vcan0 141#B52721279F832702
(1757372412.405864) vcan0 140#0001A24300001281
(1757372412.406074) vcan0 141#B52721279F832702
(1757372412.406342) vcan0 144#C00184010028A004
(1757372412.415195) vcan0 140#0002984300001281
(1757372412.415210) vcan0 141#B42722279FC32702
(1757372412.425806) vcan0 140#0003984300001201
(1757372412.426012) vcan0 141#B42721279E832702
(1757372412.426334) vcan0 144#C00085010028A004
(1757372412.434828) vcan0 140#0004984300001281
(1757372412.435038) vcan0 141#B42721279D832702
(1757372412.435282) vcan0 360#FB00007913440100
(1757372412.435518) vcan0 361#003200E908000000
(1757372412.445833) vcan0 140#00059A4300001281
(1757372412.446059) vcan0 141#B4271F279DC32702
(1757372412.446314) vcan0 144#C00184010028A004
(1757372412.455132) vcan0 140#00069A4300001281
(1757372412.455142) vcan0 141#B4271E279CC32702
(1757372412.465849) vcan0 140#00079A4300001201
(1757372412.466002) vcan0 141#B4271E279CC32702
(1757372412.466405) vcan0 144#C00184010028A004
(1757372412.474954) vcan0 140#0008954300001201
(1757372412.475019) vcan0 141#B4271E279CC32702
(1757372412.485831) vcan0 140#0009954300001281
(1757372412.486058) vcan0 141#B4271E279B832702
(1757372412.486283) vcan0 144#C00085010028A004
(1757372412.486818) vcan0 360#F900007913440100
(1757372412.487009) vcan0 361#002200E909000000
(1757372412.494977) vcan0 140#000A954300001281
(1757372412.495018) vcan0 141#B4271D2799C32702
(1757372412.505840) vcan0 140#000B954300001201
(1757372412.506078) vcan0 141#B4271D2799C32702
(1757372412.506302) vcan0 144#C00085010028A004
(1757372412.514887) vcan0 140#000C994300001281
(1757372412.515073) vcan0 141#B4271B2799C32702
(1757372412.525848) vcan0 140#000D994300001201
(1757372412.526079) vcan0 141#B4271B2799C32702
(1757372412.526308) vcan0 144#C00184010028A004
(1757372412.535081) vcan0 140#000E994300001101
(1757372412.535095) vcan0 141#B4271B2799C32702
(1757372412.535294) vcan0 360#F800007913440100
(1757372412.535553) vcan0 361#002200E90A000000
(1757372412.545840) vcan0 140#000F914300001101
(1757372412.546075) vcan0 141#B4271B2798832702
(1757372412.546351) vcan0 144#C00085010028A004
(1757372412.555077) vcan0 140#0000914300001101
(1757372412.555091) vcan0 141#B4271B2797832702
(1757372412.565842) vcan0 140#0001914300001181
(1757372412.566076) vcan0 141#B4271B2796C32702
(1757372412.566299) vcan0 144#C00085010028A004
(1757372412.575086) vcan0 140#0002934300001101
(1757372412.575101) vcan0 141#B4271B2795C32702
(1757372412.585839) vcan0 140#0003934300001181
(1757372412.586073) vcan0 141#B427192795832702
(1757372412.586298) vcan0 144#C00085010028A004
(1757372412.586791) vcan0 360#F600007913440100
(1757372412.587020) vcan0 361#003200E90B000000
(1757372412.594805) vcan0 140#0004934300001101
(1757372412.595020) vcan0 141#B427192795832702
(1757372412.605858) vcan0 140#0005934300001181
(1757372412.606076) vcan0 141#B427192795832702
(1757372412.606310) vcan0 144#C00085010028A004
(1757372412.615049) vcan0 140#00068F4300001101
(1757372412.615062) vcan0 141#B327192794832702
(1757372412.625837) vcan0 140#00078F4300001181
(1757372412.626020) vcan0 141#B327192793C32702
(1757372412.626304) vcan0 144#C00085010028A004
(1757372412.635026) vcan0 140#00088F4300001181
(1757372412.635040) vcan0 141#B327192793C32702
(1757372412.635230) vcan0 360#F600007913440100
(1757372412.635484) vcan0 361#002200E90C000000
(1757372412.645839) vcan0 140#0009964300001181
(1757372412.646069) vcan0 141#B427162792C32702
(1757372412.646297) vcan0 144#C00085010028A004
(1757372412.655073) vcan0 140#000A964300001181
(1757372412.655088) vcan0 141#B427162793832702
(1757372412.665836) vcan0 140#000B964300001101
(1757372412.666069) vcan0 141#B427162793832702
(1757372412.666295) vcan0 144#C00085010028A004
(1757372412.675027) vcan0 140#000C914300001101
(1757372412.675041) vcan0 141#B427162794C32702
(1757372412.685837) vcan0 140#000D914300001181
(1757372412.686071) vcan0 141#B427182793C32702
(1757372412.686297) vcan0 144#C00085010028A004
(1757372412.686766) vcan0 360#F600007913440100
(1757372412.686996) vcan0 361#003200E90D000000
(1757372412.694868) vcan0 140#000E914300001181
(1757372412.694957) vcan0 141#B427182793C32702
(1757372412.705846) vcan0 140#000F964300001181
(1757372412.706079) vcan0 141#B427182793C32702
(1757372412.706308) vcan0 144#C00085010028A004
(1757372412.715000) vcan0 140#0000964300001181
(1757372412.715014) vcan0 141#B427172793C32702
(1757372412.725807) vcan0 140#0001964300001101
(1757372412.726035) vcan0 141#B427172793C32702
(1757372412.726241) vcan0 144#C00085010028A004
(1757372412.734725) vcan0 140#0002964300001101
(1757372412.734976) vcan0 141#B427172794832702
(1757372412.735206) vcan0 360#F600007913440100
(1757372412.735452) vcan0 361#003200E90E000000
(1757372412.745785) vcan0 140#00038E4300001181
(1757372412.745986) vcan0 141#B327172793832702
(1757372412.746331) vcan0 144#C00085010028A004
(1757372412.755028) vcan0 140#00048E4300001101
(1757372412.755033) vcan0 141#B327172793832702
(1757372412.765851) vcan0 140#00058E4300001181
(1757372412.766084) vcan0 141#B327172792C32702
(1757372412.766333) vcan0 144#C00085010028A004
(1757372412.774697) vcan0 140#0006924300001101
(1757372412.774922) vcan0 141#B427132792C32702
(1757372412.785834) vcan0 140#0007924300001181
(1757372412.786054) vcan0 141#B427132792C32702
(1757372412.786273) vcan0 144#C00085010028A004
(1757372412.786752) vcan0 360#F300007913440100
(1757372412.787006) vcan0 361#002200E90F000000
(1757372412.794844) vcan0 140#0008924300001181
(1757372412.794885) vcan0 141#B427132792C32702
(1757372412.804885) vcan0 140#0009884300001181
(1757372412.806049) vcan0 141#B327142792C32702
(1757372412.806314) vcan0 144#C00086010028A004
(1757372412.814796) vcan0 140#000A884300001181
(1757372412.814868) vcan0 141#B32714278FC32702
(1757372412.824878) vcan0 140#000B884300001101
(1757372412.826064) vcan0 141#B32714278E832702
(1757372412.826290) vcan0 144#C00086010028A004
(1757372412.834699) vcan0 140#000C884300001181
(1757372412.834889) vcan0 141#B32714278E832702
(1757372412.835149) vcan0 360#F100007913440100
(1757372412.835372) vcan0 361#002200E900000000
(1757372412.844650) vcan0 140#000D8B4300001101
(1757372412.845969) vcan0 141#B32712278D832702
(1757372412.846234) vcan0 144#C00086010028A004
(1757372412.854649) vcan0 140#000E8B4300001101
(1757372412.854978) vcan0 141#B32712278D832702
(1757372412.864966) vcan0 140#000F8B4300001181
(1757372412.866005) vcan0 141#B32712278D832702
(1757372412.866475) vcan0 144#C00086010028A004
(1757372412.874831) vcan0 140#0000854300001101
(1757372412.874841) vcan0 141#B32712278CC32702
(1757372412.884631) vcan0 140#0001854300001181
(1757372412.885941) vcan0 141#B32713278BC32702
(1757372412.886196) vcan0 144#C00086010028A004
(1757372412.886661) vcan0 360#F000007913440100
(1757372412.886891) vcan0 361#003200E901000000
(1757372412.894611) vcan0 140#0002854300001181
(1757372412.894789) vcan0 141#B327132789832702
(1757372412.904617) vcan0 140#00038C4300001101
(1757372412.905939) vcan0 141#B327132789832702
(1757372412.906254) vcan0 144#C00086010028A004
(1757372412.914842) vcan0 140#00048C4300001181
(1757372412.914850) vcan0 141#B327102789832702
(1757372412.924690) vcan0 140#00058C4300001101
(1757372412.926015) vcan0 141#B32710278A832702
(1757372412.926279) vcan0 144#C00085010028A004
(1757372412.934850) vcan0 140#00068C4300001101
(1757372412.934861) vcan0 141#B32710278A832702
(1757372412.935030) vcan0 360#EF00007913440100
(1757372412.935287) vcan0 361#003200E902000000
(1757372412.944882) vcan0 140#0007854300001181
(1757372412.945920) vcan0 141#B32713278A832702
(1757372412.946224) vcan0 144#C00086010028A004
(1757372412.954657) vcan0 140#0008854300001181
(1757372412.954848) vcan0 141#B327132789832702
(1757372412.964878) vcan0 140#0009854300001101
(1757372412.965903) vcan0 141#B327132788C32702
(1757372412.966332) vcan0 144#C00086010028A004
(1757372412.974743) vcan0 140#000A8D4300001181
(1757372412.974790) vcan0 141#B327102789832702
(1757372412.984622) vcan0 140#000B8D4300001101
(1757372412.985956) vcan0 141#B327102789832702
(1757372412.986192) vcan0 144#C00085010028A004
(1757372412.986671) vcan0 360#F000007913440100
(1757372412.986931) vcan0 361#002200E903000000
(1757372412.994680) vcan0 140#000C8D4300001181
(1757372412.994855) vcan0 141#B32710278A832702
(1757372413.004598) vcan0 140#000D894300001181
(1757372413.005957) vcan0 141#B32711278AC32702
(1757372413.006182) vcan0 144#C00086010028A004
(1757372413.014583) vcan0 140#000E894300001181
(1757372413.014827) vcan0 141#B32711278AC32702
(1757372413.024579) vcan0 140#000F894300001101
(1757372413.025948) vcan0 141#B32711278AC32702
(1757372413.026211) vcan0 144#C00086010028A004
(1757372413.034584) vcan0 140#0000904300001181
(1757372413.034799) vcan0 141#B327112789C32702
(1757372413.035048) vcan0 360#F100007913440100
(1757372413.035280) vcan0 361#003200E904000000
(1757372413.044805) vcan0 140#0001904300001101
(1757372413.045957) vcan0 141#B32710278A832702
(1757372413.046188) vcan0 144#C00085010028A004
(1757372413.054740) vcan0 140#0002904300001101
(1757372413.054754) vcan0 141#B32710278C832702
(1757372413.064769) vcan0 140#0003904300001181
(1757372413.065955) vcan0 141#B32710278C832702
(1757372413.066189) vcan0 144#C00085010028A004
(1757372413.074565) vcan0 140#0004894300001181
(1757372413.074747) vcan0 141#B32713278C832702
(1757372413.084489) vcan0 140#0005894300001101
(1757372413.085865) vcan0 141#B32712278B832702
(1757372413.086096) vcan0 144#C00086010028A004
(1757372413.086608) vcan0 360#F000007913440100
(1757372413.086815) vcan0 361#002200E905000000
(1757372413.094488) vcan0 140#0006894300001101
(1757372413.094710) vcan0 141#B32712278B832702
(1757372413.104486) vcan0 140#00078A4300001181
(1757372413.105860) vcan0 141#B32712278B832702
(1757372413.106092) vcan0 144#C00086010028A004
(1757372413.114536) vcan0 140#00088A4300001181
(1757372413.114763) vcan0 141#B32710278BC32702
(1757372413.124515) vcan0 140#00098A4300001101
(1757372413.125834) vcan0 141#B32710278BC32702
(1757372413.126063) vcan0 144#C00086010028A004
(1757372413.134534) vcan0 140#000A824300001181
(1757372413.134759) vcan0 141#B32710278BC32702
(1757372413.134992) vcan0 360#ED00007913440100
(1757372413.135219) vcan0 361#002200E906000000
(1757372413.144759) vcan0 140#000B824300001101
(1757372413.145808) vcan0 141#B32711278AC32702
(1757372413.146124) vcan0 144#C00187010028A004
(1757372413.154632) vcan0 140#000C824300001181
(1757372413.154762) vcan0 141#B327112789C32702
(1757372413.164721) vcan0 140#000D824300001101
(1757372413.165822) vcan0 141#B327112788832702
(1757372413.166077) vcan0 144#C00086010028A004
(1757372413.174738) vcan0 140#000E874300001101
(1757372413.174752) vcan0 141#B3270E2787C32702
(1757372413.184801) vcan0 140#000F874300001181
(1757372413.185830) vcan0 141#B3270E2787C32702
(1757372413.186060) vcan0 144#C00086010028A004
(1757372413.186538) vcan0 360#ED00007913440100
(1757372413.186764) vcan0 361#003200E907000000
(1757372413.194647) vcan0 140#0000874300001181
(1757372413.194692) vcan0 141#B3270E2787C32702
(1757372413.204688) vcan0 140#0001824300001101
(1757372413.205875) vcan0 141#B3270E2787C32702
(1757372413.206106) vcan0 144#C00187010028A004
(1757372413.214700) vcan0 140#0002824300001101
(1757372413.214714) vcan0 141#B3270E2786832702
(1757372413.224771) vcan0 140#0003824300001181
(1757372413.225855) vcan0 141#B3270E2785832702
(1757372413.226109) vcan0 144#C00187010028A004
(1757372413.234587) vcan0 140#00048B4300001101
(1757372413.234632) vcan0 141#B3270E2785832702
(1757372413.234955) vcan0 360#ED00007913440100
(1757372413.235181) vcan0 361#003200E908000000
(1757372413.244750) vcan0 140#00058B4300001181
(1757372413.245849) vcan0 141#B3270B2786832702
(1757372413.246033) vcan0 144#C00086010028A004
(1757372413.254393) vcan0 140#00068B4300001181
(1757372413.254692) vcan0 141#B3270C2787832702
(1757372413.264806) vcan0 140#00078B4300001101
(1757372413.265829) vcan0 141#B3270C2787832702
(1757372413.266083) vcan0 144#C00086010028A004
(1757372413.274465) vcan0 140#0008864300001181
(1757372413.274700) vcan0 141#B3270E2787C32702
(1757372413.284832) vcan0 140#0009864300001101
(1757372413.285820) vcan0 141#B3270E2787C32702
(1757372413.286074) vcan0 144#C00086010028A004
(1757372413.286558) vcan0 360#EB00007913440100
(1757372413.286790) vcan0 361#002200E909000000
(1757372413.294581) vcan0 140#000A864300001101
(1757372413.294626) vcan0 141#B3270E2787C32702
(1757372413.304634) vcan0 140#000B8F4300001181
(1757372413.305817) vcan0 141#B3270F2788832702
(1757372413.306048) vcan0 144#C00085010028A004
(1757372413.314775) vcan0 140#000C8F4300001101
(1757372413.314789) vcan0 141#B3270D2789832702
(1757372413.324779) vcan0 140#000D8F4300001181
(1757372413.325814) vcan0 141#B3270D2789832702
(1757372413.326045) vcan0 144#C00085010028A004
(1757372413.334473) vcan0 140#000E874300001101
(1757372413.334666) vcan0 141#B3270D278BC32702
(1757372413.334904) vcan0 360#EA00007913440100
(1757372413.335125) vcan0 361#002200E90A000000
(1757372413.344674) vcan0 140#000F874300001181
(1757372413.344686) vcan0 141#B3270F278AC32702
(1757372413.346024) vcan0 144#C00086010028A004
(1757372413.354421) vcan0 140#0000874300001181
(1757372413.354664) vcan0 141#B3270F278AC32702
(1757372413.364733) vcan0 140#0001874300001101
(1757372413.364747) vcan0 141#B3270F278AC32702
(1757372413.366020) vcan0 144#C00086010028A004
(1757372413.374577) vcan0 140#00028D4300001101
(1757372413.374596) vcan0 141#B3270C278AC32702
(1757372413.384743) vcan0 140#00038D4300001181
(1757372413.384757) vcan0 141#B3270C278AC32702
(1757372413.386063) vcan0 144#C00085010028A004
(1757372413.386504) vcan0 360#EB00007812440100
(1757372413.386743) vcan0 361#003200E90B000000
(1757372413.394413) vcan0 140#00048D4300001101
(1757372413.394664) vcan0 141#B3270D278BC32702
(1757372413.404724) vcan0 140#0005844300001181
(1757372413.404738) vcan0 141#B3270E278BC32702
(1757372413.406000) vcan0 144#C00187010028A004
(1757372413.414407) vcan0 140#0006844300001181
(1757372413.414662) vcan0 141#B3270E2789832702
(1757372413.424520) vcan0 140#0007844300001101
(1757372413.424675) vcan0 141#B3270E2789832702
(1757372413.425937) vcan0 144#C00187010028A004
(1757372413.434707) vcan0 140#0008824300001101
(1757372413.434721) vcan0 141#B3270E2788C32702
(1757372413.434788) vcan0 360#EA00007812440100
(1757372413.435069) vcan0 361#002200E90C000000
(1757372413.444599) vcan0 140#0009824300001181
(1757372413.444614) vcan0 141#B3270D2787C32702
(1757372413.446002) vcan0 144#C00187010028A004
(1757372413.454416) vcan0 140#000A824300001181
(1757372413.454661) vcan0 141#B3270D2786832702
(1757372413.464645) vcan0 140#000B824300001101
(1757372413.464659) vcan0 141#B3270D2786832702
(1757372413.465973) vcan0 144#C00187010028A004
(1757372413.474373) vcan0 140#000C7A4300001101
(1757372413.474679) vcan0 141#B2270D2784832702
(1757372413.484605) vcan0 140#000D7A4300001181
(1757372413.484620) vcan0 141#B2270D2783C32702
(1757372413.485986) vcan0 144#C00187010028A004
(1757372413.486370) vcan0 360#E800007812440100
(1757372413.486622) vcan0 361#003200E90D000000
(1757372413.494376) vcan0 140#000E7A4300001181
(1757372413.494658) vcan0 141#B2270D2781832702
(1757372413.504694) vcan0 140#000F814300001181
(1757372413.504709) vcan0 141#B3270E2781C32702
(1757372413.505946) vcan0 144#C00187010028A004
(1757372413.514352) vcan0 140#0000814300001181
(1757372413.514671) vcan0 141#B3270C2781832702
(1757372413.524644) vcan0 140#0001814300001101
(1757372413.524658) vcan0 141#B3270C2781832702
(1757372413.525942) vcan0 144#C00187010028A004
(1757372413.534309) vcan0 140#0002804300001181
(1757372413.534570) vcan0 141#B3270C2781832702
(1757372413.534807) vcan0 360#E700007813440100
(1757372413.535035) vcan0 361#003200E90E000000
(1757372413.544673) vcan0 140#0003804300001101
(1757372413.544687) vcan0 141#B3270E2781C32702
(1757372413.546014) vcan0 144#C00187010028A004
(1757372413.554350) vcan0 140#0004804300001181
(1757372413.554564) vcan0 141#B3270E2781C32702
(1757372413.564703) vcan0 140#0005804300001101
(1757372413.564717) vcan0 141#B3270E2781C32702
(1757372413.565939) vcan0 144#C00187010028A004
(1757372413.574349) vcan0 140#0006874300001181
(1757372413.574538) vcan0 141#B3270E2782C32702
(1757372413.584637) vcan0 140#0007874300001101
(1757372413.584650) vcan0 141#B3270E2782C32702
(1757372413.585915) vcan0 144#C00086010028A004
(1757372413.586403) vcan0 360#EA00007812440100
(1757372413.586677) vcan0 361#002200E90F000000
(1757372413.594287) vcan0 140#0008874300001101
(1757372413.594539) vcan0 141#B3270E2783832702
(1757372413.604643) vcan0 140#0009814300001181
(1757372413.604657) vcan0 141#B327102784C32702
(1757372413.605915) vcan0 144#C00187010028A004
(1757372413.614254) vcan0 140#000A814300001181
(1757372413.614544) vcan0 141#B327102783832702
(1757372413.624376) vcan0 140#000B814300001101
(1757372413.624518) vcan0 141#B327102783832702
(1757372413.625838) vcan0 144#C00187010028A004
(1757372413.634270) vcan0 140#000C874300001181
(1757372413.634495) vcan0 141#B327102783832702
(1757372413.634764) vcan0 360#EC00007813440100
(1757372413.634977) vcan0 361#002200E900000000
(1757372413.644528) vcan0 140#000D874300001101
(1757372413.644593) vcan0 141#B3270E2783832702
(1757372413.645953) vcan0 144#C00086010028A004
(1757372413.654249) vcan0 140#000E874300001101
(1757372413.654494) vcan0 141#B3270E2784C32702
(1757372413.664371) vcan0 140#000F874300001181
(1757372413.664452) vcan0 141#B3270E2785832702
(1757372413.665854) vcan0 144#C00086010028A004
(1757372413.674264) vcan0 140#0000834300001101
(1757372413.674480) vcan0 141#B327102784C32702
(1757372413.684213) vcan0 140#0001834300001181
(1757372413.684416) vcan0 141#B327102784C32702
(1757372413.685785) vcan0 144#C00187010028A004
(1757372413.686270) vcan0 360#EA00007812440100
(1757372413.686592) vcan0 361#003200E901000000
(1757372413.694246) vcan0 140#0002834300001181
(1757372413.694469) vcan0 141#B327102784C32702
(1757372413.704205) vcan0 140#0003894300001101
(1757372413.704468) vcan0 141#B327102784C32702
(1757372413.705835) vcan0 144#C00086010028A004
(1757372413.714273) vcan0 140#0004894300001181
(1757372413.714484) vcan0 141#B3270E2785832702
(1757372413.724256) vcan0 140#0005894300001101
(1757372413.724461) vcan0 141#B3270E2786832702
(1757372413.725841) vcan0 144#C00086010028A004
(1757372413.734178) vcan0 140#0006844300001181
(1757372413.734402) vcan0 141#B3270E2786832702
(1757372413.734647) vcan0 360#E900007812440100
(1757372413.734875) vcan0 361#003200E902000000
(1757372413.744239) vcan0 140#0007844300001101
(1757372413.744462) vcan0 141#B327102786832702
(1757372413.745781) vcan0 144#C00187010028A004
(1757372413.754227) vcan0 140#0008844300001101
(1757372413.754477) vcan0 141#B327102786832702
(1757372413.764550) vcan0 140#0009844300001181
(1757372413.764563) vcan0 141#B327102786832702
(1757372413.765801) vcan0 144#C00187010028A004
(1757372413.774183) vcan0 140#000A8B4300001181
(1757372413.774456) vcan0 141#B3270E2786832702
(1757372413.784195) vcan0 140#000B8B4300001101
(1757372413.784400) vcan0 141#B3270E2787C32702
(1757372413.785775) vcan0 144#C00086010028A004
(1757372413.786260) vcan0 360#EA00007812440100
(1757372413.786494) vcan0 361#002200E903000000
(1757372413.794206) vcan0 140#000C8B4300001181
(1757372413.794456) vcan0 141#B3270E2787C32702
(1757372413.804200) vcan0 140#000D844300001101
(1757372413.804421) vcan0 141#B327102788C32702
(1757372413.805738) vcan0 144#C00187010028A004
(1757372413.814156) vcan0 140#000E844300001101
(1757372413.814374) vcan0 141#B327102787C32702
(1757372413.824200) vcan0 140#000F844300001181
(1757372413.824439) vcan0 141#B327102786832702
(1757372413.825803) vcan0 144#C00187010028A004
(1757372413.834212) vcan0 140#00008B4300001181
(1757372413.834396) vcan0 141#B327102786832702
(1757372413.834655) vcan0 360#EB00007812440100
(1757372413.834925) vcan0 361#003200E904000000
(1757372413.844423) vcan0 140#00018B4300001101
(1757372413.844437) vcan0 141#B3270E2787C32702
(1757372413.845817) vcan0 144#C00086010028A004
(1757372413.854199) vcan0 140#00028B4300001101
(1757372413.854398) vcan0 141#B3270E2788C32702
