(1757372407.257823) vcan0 140#000E004000000B81
(1757372407.267683) vcan0 140#000F004000000B01
(1757372407.277431) vcan0 140#0000004000000B01
(1757372407.287423) vcan0 140#0001004000000B81
(1757372407.297540) vcan0 140#0002004000000B81
(1757372407.307405) vcan0 140#0003004000000B01
(1757372407.317573) vcan0 140#0004004000000B81
(1757372407.327400) vcan0 140#0005004000000B01
(1757372407.337736) vcan0 140#0006004000000B01
(1757372407.347480) vcan0 140#0007004000000B81
(1757372407.357742) vcan0 140#0008004000000B81
(1757372407.367313) vcan0 140#0009004000000B01
(1757372407.377712) vcan0 140#000A004000000B01
(1757372407.387426) vcan0 140#000B004000000B81
(1757372407.397671) vcan0 140#000C004000000B01
(1757372407.407351) vcan0 140#000D004000000B81
(1757372407.417372) vcan0 140#000E004000000B81
(1757372407.427349) vcan0 140#000F004000000B01
(1757372407.437664) vcan0 140#0000004000000B01
(1757372407.447336) vcan0 140#0001004000000B81
(1757372407.457678) vcan0 140#0002004000000B81
(1757372407.467460) vcan0 140#0003004000000B01
(1757372407.477661) vcan0 140#0004004000000B81
(1757372407.487484) vcan0 140#0005004000000B01
(1757372407.497616) vcan0 140#0006004000000B01
(1757372407.507257) vcan0 140#0007004000000B81
(1757372407.517546) vcan0 140#0008004000000B81
(1757372407.527234) vcan0 140#0009004000000B01
(1757372407.537633) vcan0 140#000A004000000B01
(1757372407.547271) vcan0 140#000B004000000B81
(1757372407.557630) vcan0 140#000C004000000B01
(1757372407.567315) vcan0 140#000D004000000B81
(1757372407.577522) vcan0 140#000E004000000B81
(1757372407.587556) vcan0 140#000F004000000B01
(1757372407.597560) vcan0 140#0000004000000B01
(1757372407.607208) vcan0 140#0001004000000B81
(1757372407.617493) vcan0 140#0002004000000B81
(1757372407.627193) vcan0 140#0003004000000B01
(1757372407.637543) vcan0 140#0004004000000B81
(1757372407.647223) vcan0 140#0005004000000B01
(1757372407.657580) vcan0 140#0006004000000B01
(1757372407.667283) vcan0 140#0007004000000B81
(1757372407.677217) vcan0 140#0008004000000B81
(1757372407.687159) vcan0 140#0009004000000B01
(1757372407.697357) vcan0 140#000A004000000B01
(1757372407.707305) vcan0 140#000B004000000B81
(1757372407.717145) vcan0 140#000C004000000B01
(1757372407.727178) vcan0 140#000D004000000B81
(1757372407.737169) vcan0 140#000E004000000B81
(1757372407.747282) vcan0 140#000F004000000B01
(1757372407.757433) vcan0 140#0000004000000B01
(1757372407.767268) vcan0 140#0001004000000B81
(1757372407.777448) vcan0 140#0002004000000B81
(1757372407.787279) vcan0 140#0003004000000B01
(1757372407.797326) vcan0 140#0004004000000B81
(1757372407.807259) vcan0 140#0005004000000B01
(1757372407.817418) vcan0 140#0006004000000B01
(1757372407.827405) vcan0 140#0007004000000B81
(1757372407.837385) vcan0 140#0008004000000B81
(1757372407.847159) vcan0 140#0009004000000B01
(1757372407.857465) vcan0 140#000A004000000B01
(1757372407.867111) vcan0 140#000B004000000B81
(1757372407.877467) vcan0 140#000C004000000B01
(1757372407.887296) vcan0 140#000D004000000B81
(1757372407.897435) vcan0 140#000E004000000B81
(1757372407.907113) vcan0 140#000F004000000B01
(1757372407.917278) vcan0 140#0000004000000B01
(1757372407.927101) vcan0 140#0001004000000B81
(1757372407.937210) vcan0 140#0002004000000B81
(1757372407.947082) vcan0 140#0003004000000B01
(1757372407.957387) vcan0 140#0004004000000B81
(1757372407.967273) vcan0 140#0005004000000B01
(1757372407.977419) vcan0 140#0006004000000B01
(1757372407.987332) vcan0 140#0007004000000B81
(1757372407.997244) vcan0 140#0008004000000B81
(1757372408.007056) vcan0 140#0009004000000B01
(1757372408.017219) vcan0 140#000A004000000B01
(1757372408.027042) vcan0 140#000B004000000B81
(1757372408.037047) vcan0 140#000C004000000B01
(1757372408.046974) vcan0 140#000D004000000B81
(1757372408.057368) vcan0 140#000E004000000B81
(1757372408.067062) vcan0 140#000F004000000B01
(1757372408.077035) vcan0 140#0000004000000B01
(1757372408.087017) vcan0 140#0001004000000B81
(1757372408.097260) vcan0 140#0002004000000B81
(1757372408.107002) vcan0 140#0003004000000B01
(1757372408.117185) vcan0 140#0004004000000B81
(1757372408.126942) vcan0 140#0005004000000B01
(1757372408.137102) vcan0 140#0006004000000B01
(1757372408.146994) vcan0 140#0007004000000B81
(1757372408.157234) vcan0 140#0008004000000B81
(1757372408.167065) vcan0 140#0009004000000B01
(1757372408.176977) vcan0 140#000A004000000B01
(1757372408.186972) vcan0 140#000B004000000B81
(1757372408.197260) vcan0 140#000C004000000B01
(1757372408.206973) vcan0 140#000D004000000B81
(1757372408.217053) vcan0 140#000E004000000B81
(1757372408.226989) vcan0 140#000F004000000B01
(1757372408.237273) vcan0 140#0000004000000B01
(1757372408.246937) vcan0 140#0001004000000B81
(1757372408.257279) vcan0 140#0002004000000B81
(1757372408.267192) vcan0 140#0003004000000B01
(1757372408.277278) vcan0 140#0004004000000B81
(1757372408.286934) vcan0 140#0005004000000B01
(1757372408.297000) vcan0 140#0006004000000B01
(1757372408.306933) vcan0 140#0007004000000B81
(1757372408.317071) vcan0 140#0008004000000B81
(1757372408.326927) vcan0 140#0009004000000B01
(1757372408.336888) vcan0 140#000A004000000B01
(1757372408.346831) vcan0 140#000B004000000B81
(1757372408.357231) vcan0 140#000C004000000B01
(1757372408.367144) vcan0 140#000D004000000B81
(1757372408.377271) vcan0 140#000E004000000B81
(1757372408.386854) vcan0 140#000F004000000B01
(1757372408.396917) vcan0 140#0000004000000B01
(1757372408.406923) vcan0 140#0001004000000B81
(1757372408.416894) vcan0 140#0002004000000B81
(1757372408.426872) vcan0 140#0003004000000B01
(1757372408.437111) vcan0 140#0004004000000B81
(1757372408.446829) vcan0 140#0005004000000B01
(1757372408.457075) vcan0 140#0006004000000B01
(1757372408.466937) vcan0 140#0007004000000B81
(1757372408.477078) vcan0 140#0008004000000B81
(1757372408.486832) vcan0 140#0009004000000B01
(1757372408.497031) vcan0 140#000A004000000B01
(1757372408.506956) vcan0 140#000B004000000B81
(1757372408.516946) vcan0 140#008C004000000B81
(1757372408.526965) vcan0 140#008D004000000B01
(1757372408.537030) vcan0 140#008E004000000B01
(1757372408.546949) vcan0 140#008F004000000B81
(1757372408.557021) vcan0 140#0080004000000B81
(1757372408.566951) vcan0 140#0081004000000B01
(1757372408.576915) vcan0 140#0082004000000B01
(1757372408.586951) vcan0 140#0083004000000B81
(1757372408.597050) vcan0 140#0084004000000B01
(1757372408.606947) vcan0 140#0085004000000B81
(1757372408.616951) vcan0 140#0086004000000B81
(1757372408.626952) vcan0 140#0087004000000B01
(1757372408.636995) vcan0 140#0088004000000B01
(1757372408.646887) vcan0 140#0089004000000B81
(1757372408.657007) vcan0 140#008A004000000B81
(1757372408.666861) vcan0 140#008B004000000B01
(1757372408.676703) vcan0 140#008C004000000B81
(1757372408.686859) vcan0 140#008D004000000B01
(1757372408.696957) vcan0 140#008E004000000B01
(1757372408.706867) vcan0 140#008F004000000B81
(1757372408.716686) vcan0 140#0080004000000B81
(1757372408.726662) vcan0 140#0081004000000B01
(1757372408.736667) vcan0 140#0082004000000B01
(1757372408.746862) vcan0 140#0083004000000B81
(1757372408.756710) vcan0 140#0084004000000B01
(1757372408.766725) vcan0 140#0085004000000B81
(1757372408.776891) vcan0 140#0086004000000B81
(1757372408.786796) vcan0 140#0087004000000B01
(1757372408.796898) vcan0 140#0088004000000B01
(1757372408.806799) vcan0 140#0089004000000B81
(1757372408.816780) vcan0 140#008A004000000B81
(1757372408.826801) vcan0 140#008B004000000B01
(1757372408.836889) vcan0 140#008C004000000B81
(1757372408.846772) vcan0 140#008D004000000B01
(1757372408.856902) vcan0 140#008E004000000B01
(1757372408.866799) vcan0 140#008F004000000B81
(1757372408.876886) vcan0 140#0080004000000B81
(1757372408.886614) vcan0 140#0081004000000B01
(1757372408.896883) vcan0 140#0082004000000B01
(1757372408.906824) vcan0 140#0083004000000B81
(1757372408.916771) vcan0 140#0084004000000B01
(1757372408.926783) vcan0 140#0085004000000B81
(1757372408.936923) vcan0 140#0086004000000B81
(1757372408.946788) vcan0 140#0087004000000B01
(1757372408.956827) vcan0 140#0088004000000B01
(1757372408.966597) vcan0 140#0089004000000B81
(1757372408.976967) vcan0 140#008A004000000B81
(1757372408.986563) vcan0 140#008B004000000B01
(1757372408.996572) vcan0 140#008C004000000B81
(1757372409.006831) vcan0 140#008D004000000B01
(1757372409.016566) vcan0 140#008E004000000B01
(1757372409.026795) vcan0 140#008F004000000B81
(1757372409.036854) vcan0 140#0080004000000B81
(1757372409.046714) vcan0 140#0081004000000B01
(1757372409.056848) vcan0 140#0082004000000B01
(1757372409.066590) vcan0 140#0083004000000B81
(1757372409.076917) vcan0 140#0084004000000B01
(1757372409.086682) vcan0 140#0085004000000B81
(1757372409.096724) vcan0 140#0086004000000B81
(1757372409.106693) vcan0 140#0087004000000B01
(1757372409.116522) vcan0 140#0088004000000B01
(1757372409.126668) vcan0 140#0089004000000B81
(1757372409.136888) vcan0 140#008A004000000B81
(1757372409.146651) vcan0 140#008B004000000B01
(1757372409.156819) vcan0 140#008C004000000B81
(1757372409.166591) vcan0 140#008D004000000B01
(1757372409.176863) vcan0 140#008E004000000B01
(1757372409.186667) vcan0 140#008F004000000B81
(1757372409.196767) vcan0 140#0080004000000B81
(1757372409.206574) vcan0 140#0081004000000B01
(1757372409.216410) vcan0 140#0082004000000B01
(1757372409.226560) vcan0 140#0083004000000B81
(1757372409.236830) vcan0 140#0084004000000B01
(1757372409.246559) vcan0 140#0085004000000B81
(1757372409.256827) vcan0 140#0086004000000B81
(1757372409.266435) vcan0 140#0087004000000B01
(1757372409.276802) vcan0 140#0088004000000B01
(1757372409.286565) vcan0 140#0089004000000B81
(1757372409.296727) vcan0 140#008A004000000B81
(1757372409.306445) vcan0 140#008B004000000B01
(1757372409.316421) vcan0 140#008C004000000B81
(1757372409.326517) vcan0 140#008D004000000B01
(1757372409.336732) vcan0 140#008E004000000B01
(1757372409.346395) vcan0 140#008F004000000B81
(1757372409.356731) vcan0 140#0080004000000B81
(1757372409.366383) vcan0 140#0081004000000B01
(1757372409.376704) vcan0 140#0082004000000B01
(1757372409.386426) vcan0 140#0083004000000B81
(1757372409.396661) vcan0 140#0084004000000B01
(1757372409.406356) vcan0 140#0085004000000B81
(1757372409.416376) vcan0 140#0086004000000B81
(1757372409.426630) vcan0 140#0087004000000B01
(1757372409.436597) vcan0 140#0088004000000B01
(1757372409.446479) vcan0 140#0089004000000B81
(1757372409.456564) vcan0 140#008A004000000B81
(1757372409.466381) vcan0 140#008B004000000B01
(1757372409.476643) vcan0 140#008C004000000B81
(1757372409.486333) vcan0 140#008D004000000B01
(1757372409.496569) vcan0 140#008E004000000B01
(1757372409.506326) vcan0 140#008F004000000B81
(1757372409.516264) vcan0 140#0080004000000B81
(1757372409.526295) vcan0 140#0081004000000B01
(1757372409.536609) vcan0 140#0082004000000B01
(1757372409.546296) vcan0 140#0083004000000B81
(1757372409.556582) vcan0 140#0084004000000B01
(1757372409.566355) vcan0 140#0085004000000B81
(1757372409.576347) vcan0 140#0086004000000B81
(1757372409.586295) vcan0 140#0087004000000B01
(1757372409.596557) vcan0 140#0088004000000B01
(1757372409.606304) vcan0 140#0089004000000B81
(1757372409.616227) vcan0 140#008A004000000B81
(1757372409.626199) vcan0 140#008B004000000B01
(1757372409.636581) vcan0 140#008C004000000B81
(1757372409.646241) vcan0 140#008D004000000B01
(1757372409.656490) vcan0 140#008E004000000B01
(1757372409.666347) vcan0 140#008F004000000B81
(1757372409.676564) vcan0 140#0080004000000B81
(1757372409.686199) vcan0 140#0081004000000B01
(1757372409.696284) vcan0 140#0082004000000B01
(1757372409.706267) vcan0 140#0083A34000000B81
(1757372409.716215) vcan0 140#0084A34000000B01
(1757372409.726239) vcan0 140#0085A34000000B81
(1757372409.736187) vcan0 140#0086A34000000B81
(1757372409.746238) vcan0 140#0087A34000000B01
(1757372409.756272) vcan0 140#0088A34000000B01
(1757372409.766263) vcan0 140#0089A34000000B81
(1757372409.776426) vcan0 140#008AA34000000B81
(1757372409.786263) vcan0 140#008BA34000000B01
(1757372409.796415) vcan0 140#008CA34000000B81
(1757372409.806264) vcan0 140#008DA34000000B01
(1757372409.816162) vcan0 140#008EA34000000B01
(1757372409.826242) vcan0 140#008FA34000000B81
(1757372409.836484) vcan0 140#0080A34000000B81
(1757372409.846200) vcan0 140#0081A34000000B01
(1757372409.856387) vcan0 140#0082C34000000B01
(1757372409.866261) vcan0 140#0083C34000000B81
(1757372409.876506) vcan0 140#0084C34000000B01
(1757372409.886264) vcan0 140#0085C34000000B81
(1757372409.896401) vcan0 140#0086C34000000B81
(1757372409.906260) vcan0 140#0087C34000000B01
(1757372409.916237) vcan0 140#0088C34000000B01
(1757372409.926234) vcan0 140#0089C34000000B81
(1757372409.936102) vcan0 140#008A914100000B81
(1757372409.946233) vcan0 140#008B914100000B01
(1757372409.956112) vcan0 140#008C914100000B81
(1757372409.966232) vcan0 140#008D914100000B01
(1757372409.976452) vcan0 140#008EA94200000B81
(1757372409.986205) vcan0 140#008FA94200000B01
(1757372409.996215) vcan0 140#0080A94200000B01
(1757372410.006255) vcan0 140#00816A4300000B01
(1757372410.016258) vcan0 140#00826A4300000B01
(1757372410.026230) vcan0 140#00836A4300000B81
(1757372410.036418) vcan0 140#0084004400000B81
(1757372410.046233) vcan0 140#0085004400000B01
(1757372410.056425) vcan0 140#0086004400000B01
(1757372410.066255) vcan0 140#00872C4400000B01
(1757372410.076398) vcan0 140#00882C4400000B01
(1757372410.086256) vcan0 140#00892C4400000B81
(1757372410.096286) vcan0 140#008A6A4400000B01
(1757372410.106138) vcan0 140#008B6A4400000B81
(1757372410.116255) vcan0 140#008C8A4400000B81
(1757372410.126180) vcan0 140#008D8A4400000B01
(1757372410.136374) vcan0 140#008E8A4400000B01
(1757372410.146234) vcan0 140#008F9E4400000B81
(1757372410.156332) vcan0 140#00809E4400000B81
(1757372410.166227) vcan0 140#00819E4400000B01
(1757372410.176323) vcan0 140#0082864400000B01
(1757372410.185913) vcan0 140#0083864400000B81
(1757372410.195966) vcan0 140#0084654400000B81
(1757372410.205970) vcan0 140#0085654400000B01
(1757372410.216228) vcan0 140#0086654400000B01
(1757372410.225969) vcan0 140#0087314400000B01
(1757372410.236312) vcan0 140#0088314400000B01
(1757372410.245949) vcan0 140#0089314400000B81
(1757372410.256266) vcan0 140#008A054400000B01
(1757372410.265942) vcan0 140#008B054400000B81
(1757372410.276269) vcan0 140#008C054400000B01
(1757372410.285947) vcan0 140#008DCA4300000B01
(1757372410.296105) vcan0 140#008ECA4300000B01
(1757372410.305941) vcan0 140#008FCA4300000B81
(1757372410.316234) vcan0 140#0080964300000B81
(1757372410.325918) vcan0 140#0081964300000B01
(1757372410.336231) vcan0 140#0082964300000B01
(1757372410.345914) vcan0 140#0083964300000B81
(1757372410.356242) vcan0 140#0084524300000B81
(1757372410.365935) vcan0 140#0085524300000B01
(1757372410.376258) vcan0 140#0086524300000B01
(1757372410.385913) vcan0 140#0087524300000B81
(1757372410.396134) vcan0 140#0088144300000B01
(1757372410.405889) vcan0 140#0089144300000B81
(1757372410.416180) vcan0 140#008A144300000B81
(1757372410.425887) vcan0 140#008B144300000B01
(1757372410.436157) vcan0 140#008CC64200000B01
(1757372410.445911) vcan0 140#008DC64200000D81
(1757372410.455804) vcan0 140#008EC64200000D81
(1757372410.465814) vcan0 140#008FC64200000D01
(1757372410.475765) vcan0 140#0080C64200000D01
(1757372410.485814) vcan0 140#00817B4200000D81
(1757372410.495771) vcan0 140#00827B4200000D81
(1757372410.505838) vcan0 140#00837B4200000E01
(1757372410.515738) vcan0 140#00847B4200000E81
(1757372410.525812) vcan0 140#00857B4200000E01
(1757372410.535737) vcan0 140#0086214200000E01
(1757372410.545975) vcan0 140#0087214200000E81
(1757372410.556247) vcan0 140#0088214200000E81
(1757372410.566043) vcan0 140#0089214200000E01
(1757372410.576046) vcan0 140#008A214200000E01
(1757372410.585868) vcan0 140#008B214200000F01
(1757372410.595859) vcan0 140#008CE24100000F81
(1757372410.605897) vcan0 140#008DE24100000F01
(1757372410.615769) vcan0 140#008EE24100000F01
(1757372410.625896) vcan0 140#008FE24100000F81
(1757372410.636139) vcan0 140#0080E24100000F81
(1757372410.645894) vcan0 140#0081E24100000F01
(1757372410.655910) vcan0 140#0082E24100000F01
(1757372410.665927) vcan0 140#0083DF4100000F01
(1757372410.675924) vcan0 140#0084DF4100000F81
(1757372410.685909) vcan0 140#0085DF4100000F01
(1757372410.695756) vcan0 140#0086DF4100000F01
(1757372410.705904) vcan0 140#0087DF4100001181
(1757372410.715980) vcan0 140#0088004200001101
(1757372410.725820) vcan0 140#0089004200001181
(1757372410.735701) vcan0 140#008A004200001181
(1757372410.745850) vcan0 140#008B004200001101
(1757372410.755748) vcan0 140#008C004200001181
(1757372410.765843) vcan0 140#008D004200001101
(1757372410.775924) vcan0 140#008E1D4200001101
(1757372410.785876) vcan0 140#008F1D4200001181
(1757372410.795929) vcan0 140#00801D4200001181
(1757372410.805901) vcan0 140#00811D4200001101
(1757372410.815845) vcan0 140#00821D4200001101
(1757372410.825876) vcan0 140#0083474200001181
(1757372410.835851) vcan0 140#0084474200001101
(1757372410.845873) vcan0 140#0085474200001181
(1757372410.855843) vcan0 140#0086474200001181
(1757372410.865873) vcan0 140#0087474200001101
(1757372410.875846) vcan0 140#00886A4200001101
(1757372410.885871) vcan0 140#00896A4200001281
(1757372410.895817) vcan0 140#008A6A4200001281
(1757372410.905867) vcan0 140#008B6A4200001201
(1757372410.916188) vcan0 140#008C954200001281
(1757372410.925843) vcan0 140#008D954200001201
(1757372410.935614) vcan0 140#008E954200001201
(1757372410.945866) vcan0 140#008F954200001281
(1757372410.955531) vcan0 140#0080954200001281
(1757372410.965876) vcan0 140#0081B64200001281
(1757372410.975780) vcan0 140#0082B64200001281
(1757372410.985869) vcan0 140#0083B64200001201
(1757372410.995706) vcan0 140#0084B64200001281
(1757372411.005932) vcan0 140#0085E24200001281
(1757372411.015839) vcan0 140#0086E24200001281
(1757372411.025875) vcan0 140#0087E24200001201
(1757372411.035838) vcan0 140#0088E24200001201
(1757372411.045808) vcan0 140#0089044300001281
(1757372411.055839) vcan0 140#008A044300001281
(1757372411.065880) vcan0 140#008B044300001201
(1757372411.075779) vcan0 140#008C314300001281
(1757372411.085859) vcan0 140#008D314300001201
(1757372411.095709) vcan0 140#008E314300001201
(1757372411.106068) vcan0 140#008F314300001281
(1757372411.115823) vcan0 140#00804D4300001201
(1757372411.125995) vcan0 140#00814D4300001281
(1757372411.135880) vcan0 140#00824D4300001281
(1757372411.145882) vcan0 140#0083754300001281
(1757372411.155840) vcan0 140#0084754300001201
(1757372411.165888) vcan0 140#0085754300001281
(1757372411.175848) vcan0 140#0086754300001281
(1757372411.185854) vcan0 140#00878C4300001201
(1757372411.195497) vcan0 140#00888C4300001201
(1757372411.205886) vcan0 140#00898C4300001281
(1757372411.215692) vcan0 140#008AA24300001281
(1757372411.225824) vcan0 140#008BA24300001201
(1757372411.235746) vcan0 140#008CA24300001281
(1757372411.245842) vcan0 140#008DA14300001201
(1757372411.255627) vcan0 140#008EA14300001201
(1757372411.265858) vcan0 140#008FA14300001281
(1757372411.275793) vcan0 140#0080AD4300001281
(1757372411.285849) vcan0 140#0081AD4300001201
(1757372411.295718) vcan0 140#0082AD4300001201
(1757372411.305958) vcan0 140#0083B34300001281
(1757372411.315653) vcan0 140#0084B34300001201
(1757372411.325900) vcan0 140#0085B34300001281
(1757372411.335707) vcan0 140#0086B34300001281
(1757372411.345882) vcan0 140#0087C54300001281
(1757372411.355426) vcan0 140#0088C54300001281
(1757372411.365846) vcan0 140#0089C54300001201
(1757372411.375682) vcan0 140#008AC04300001201
(1757372411.385855) vcan0 140#008BC04300001281
(1757372411.395597) vcan0 140#008CC04300001201
(1757372411.405877) vcan0 140#008DC24300001201
(1757372411.415382) vcan0 140#008EC24300001201
(1757372411.425827) vcan0 140#008FC24300001281
(1757372411.435374) vcan0 140#0080B94300001281
(1757372411.445873) vcan0 140#0081B94300001201
(1757372411.455368) vcan0 140#0082B94300001201
(1757372411.465853) vcan0 140#0083BD4300001201
(1757372411.475676) vcan0 140#0084BD4300001281
(1757372411.485850) vcan0 140#0085BD4300001201
(1757372411.495628) vcan0 140#0086B24300001201
(1757372411.505849) vcan0 140#0087B24300001281
(1757372411.515455) vcan0 140#0088B24300001281
(1757372411.525849) vcan0 140#0089B14300001201
(1757372411.535620) vcan0 140#008AB14300001201
(1757372411.545893) vcan0 140#008BB14300001281
(1757372411.555677) vcan0 140#008CB14300001201
(1757372411.565850) vcan0 140#008DA54300001281
(1757372411.575593) vcan0 140#008EA54300001281
(1757372411.585846) vcan0 140#008FA54300001201
(1757372411.595510) vcan0 140#00809A4300001201
(1757372411.605874) vcan0 140#00819A4300001281
(1757372411.615626) vcan0 140#00829A4300001281
(1757372411.625873) vcan0 140#0083734300001281
(1757372411.635624) vcan0 140#0084734300001201
(1757372411.645845) vcan0 140#0085734300001281
(1757372411.655564) vcan0 140#0086734300001281
(1757372411.665845) vcan0 140#0087794300001201
(1757372411.675525) vcan0 140#0088794300001201
(1757372411.685817) vcan0 140#0089794300001281
(1757372411.695412) vcan0 140#008A794300001281
(1757372411.705763) vcan0 140#008B794300001201
(1757372411.715504) vcan0 140#008C794300001281
(1757372411.725795) vcan0 140#008D834300001201
(1757372411.735195) vcan0 140#008E834300001201
(1757372411.745974) vcan0 140#008F834300001281
(1757372411.755353) vcan0 140#0080834300001281
(1757372411.765816) vcan0 140#0081804300001201
(1757372411.775477) vcan0 140#0082804300001201
(1757372411.785845) vcan0 140#0083804300001281
(1757372411.795266) vcan0 140#00848A4300001201
(1757372411.805976) vcan0 140#00858A4300001281
(1757372411.815451) vcan0 140#00868A4300001281
(1757372411.825840) vcan0 140#0087844300001281
(1757372411.835517) vcan0 140#0088844300001281
(1757372411.845843) vcan0 140#0089844300001201
(1757372411.855492) vcan0 140#008A844300001201
(1757372411.865860) vcan0 140#008B914300001201
(1757372411.875448) vcan0 140#008C914300001281
(1757372411.885836) vcan0 140#008D914300001201
(1757372411.895280) vcan0 140#008E8C4300001201
(1757372411.905861) vcan0 140#008F8C4300001281
(1757372411.915399) vcan0 140#00008C4300001201
(1757372411.925862) vcan0 140#0001944300001281
(1757372411.935129) vcan0 140#0002944300001281
(1757372411.945859) vcan0 140#0003944300001201
(1757372411.955261) vcan0 140#0004944300001281
(1757372411.965864) vcan0 140#0005924300001201
(1757372411.975422) vcan0 140#0006924300001201
(1757372411.985858) vcan0 140#0007924300001281
(1757372411.995279) vcan0 140#00089B4300001281
(1757372412.005870) vcan0 140#00099B4300001201
(1757372412.015429) vcan0 140#000A9B4300001201
(1757372412.025857) vcan0 140#000B984300001281
(1757372412.035343) vcan0 140#000C984300001201
(1757372412.045882) vcan0 140#000D984300001281
(1757372412.055436) vcan0 140#000E9F4300001201
(1757372412.065856) vcan0 140#000F9F4300001281
(1757372412.075341) vcan0 140#00009F4300001281
(1757372412.085827) vcan0 140#00019F4300001201
(1757372412.095270) vcan0 140#00029D4300001281
(1757372412.105829) vcan0 140#00039D4300001201
(1757372412.115375) vcan0 140#00049D4300001281
(1757372412.125859) vcan0 140#0005A34300001281
(1757372412.135308) vcan0 140#0006A34300001281
(1757372412.145853) vcan0 140#0007A34300001201
(1757372412.155246) vcan0 140#00089D4300001281
(1757372412.165855) vcan0 140#00099D4300001201
(1757372412.175275) vcan0 140#000A9D4300001201
(1757372412.185800) vcan0 140#000BA14300001281
(1757372412.195037) vcan0 140#000CA14300001201
(1757372412.205825) vcan0 140#000DA14300001281
(1757372412.215198) vcan0 140#000E9B4300001281
(1757372412.225850) vcan0 140#000F9B4300001201
(1757372412.234989) vcan0 140#00009B4300001201
(1757372412.245850) vcan0 140#00019B4300001281
(1757372412.255126) vcan0 140#0002A14300001281
(1757372412.265850) vcan0 140#0003A14300001201
(1757372412.275224) vcan0 140#0004A14300001281
(1757372412.285848) vcan0 140#00059C4300001281
(1757372412.295215) vcan0 140#00069C4300001281
(1757372412.305796) vcan0 140#00079C4300001201
(1757372412.315267) vcan0 140#0008A24300001281
(1757372412.325850) vcan0 140#0009A24300001201
(1757372412.335201) vcan0 140#000AA24300001201
(1757372412.345846) vcan0 140#000B9B4300001281
(1757372412.355195) vcan0 140#000C9B4300001201
(1757372412.365847) vcan0 140#000D9B4300001281
(1757372412.375283) vcan0 140#000E9B4300001281
(1757372412.385845) vcan0 140#000FA24300001201
(1757372412.395108) vcan0 140#0000A24300001201
(1757372412.405864) vcan0 140#0001A24300001281
(1757372412.415195) vcan0 140#0002984300001281
(1757372412.425806) vcan0 140#0003984300001201
(1757372412.434828) vcan0 140#0004984300001281
(1757372412.445833) vcan0 140#00059A4300001281
(1757372412.455132) vcan0 140#00069A4300001281
(1757372412.465849) vcan0 140#00079A4300001201
(1757372412.474954) vcan0 140#0008954300001201
(1757372412.485831) vcan0 140#0009954300001281
(1757372412.494977) vcan0 140#000A954300001281
(1757372412.505840) vcan0 140#000B954300001201
(1757372412.514887) vcan0 140#000C994300001281
(1757372412.525848) vcan0 140#000D994300001201
(1757372412.535081) vcan0 140#000E994300001101
(1757372412.545840) vcan0 140#000F914300001101
(1757372412.555077) vcan0 140#0000914300001101
(1757372412.565842) vcan0 140#0001914300001181
(1757372412.575086) vcan0 140#0002934300001101
(1757372412.585839) vcan0 140#0003934300001181
(1757372412.594805) vcan0 140#0004934300001101
(1757372412.605858) vcan0 140#0005934300001181
(1757372412.615049) vcan0 140#00068F4300001101
(1757372412.625837) vcan0 140#00078F4300001181
(1757372412.635026) vcan0 140#00088F4300001181
(1757372412.645839) vcan0 140#0009964300001181
(1757372412.655073) vcan0 140#000A964300001181
(1757372412.665836) vcan0 140#000B964300001101
(1757372412.675027) vcan0 140#000C914300001101
(1757372412.685837) vcan0 140#000D914300001181
(1757372412.694868) vcan0 140#000E914300001181
(1757372412.705846) vcan0 140#000F964300001181
(1757372412.715000) vcan0 140#0000964300001181
(1757372412.725807) vcan0 140#0001964300001101
(1757372412.734725) vcan0 140#0002964300001101
(1757372412.745785) vcan0 140#00038E4300001181
(1757372412.755028) vcan0 140#00048E4300001101
(1757372412.765851) vcan0 140#00058E4300001181
(1757372412.774697) vcan0 140#0006924300001101
(1757372412.785834) vcan0 140#0007924300001181
(1757372412.794844) vcan0 140#0008924300001181
(1757372412.804885) vcan0 140#0009884300001181
(1757372412.814796) vcan0 140#000A884300001181
(1757372412.824878) vcan0 140#000B884300001101
(1757372412.834699) vcan0 140#000C884300001181
(1757372412.844650) vcan0 140#000D8B4300001101
(1757372412.854649) vcan0 140#000E8B4300001101
(1757372412.864966) vcan0 140#000F8B4300001181
(1757372412.874831) vcan0 140#0000854300001101
(1757372412.884631) vcan0 140#0001854300001181
(1757372412.894611) vcan0 140#0002854300001181
(1757372412.904617) vcan0 140#00038C4300001101
(1757372412.914842) vcan0 140#00048C4300001181
(1757372412.924690) vcan0 140#00058C4300001101
(1757372412.934850) vcan0 140#00068C4300001101
(1757372412.944882) vcan0 140#0007854300001181
(1757372412.954657) vcan0 140#0008854300001181
(1757372412.964878) vcan0 140#0009854300001101
(1757372412.974743) vcan0 140#000A8D4300001181
(1757372412.984622) vcan0 140#000B8D4300001101
(1757372412.994680) vcan0 140#000C8D4300001181
(1757372413.004598) vcan0 140#000D894300001181
(1757372413.014583) vcan0 140#000E894300001181
(1757372413.024579) vcan0 140#000F894300001101
(1757372413.034584) vcan0 140#0000904300001181
(1757372413.044805) vcan0 140#0001904300001101
(1757372413.054740) vcan0 140#0002904300001101
(1757372413.064769) vcan0 140#0003904300001181
(1757372413.074565) vcan0 140#0004894300001181
(1757372413.084489) vcan0 140#0005894300001101
(1757372413.094488) vcan0 140#0006894300001101
(1757372413.104486) vcan0 140#00078A4300001181
(1757372413.114536) vcan0 140#00088A4300001181
(1757372413.124515) vcan0 140#00098A4300001101
(1757372413.134534) vcan0 140#000A824300001181
(1757372413.144759) vcan0 140#000B824300001101
(1757372413.154632) vcan0 140#000C824300001181
(1757372413.164721) vcan0 140#000D824300001101
(1757372413.174738) vcan0 140#000E874300001101
(1757372413.184801) vcan0 140#000F874300001181
(1757372413.194647) vcan0 140#0000874300001181
(1757372413.204688) vcan0 140#0001824300001101
(1757372413.214700) vcan0 140#0002824300001101
(1757372413.224771) vcan0 140#0003824300001181
(1757372413.234587) vcan0 140#00048B4300001101
(1757372413.244750) vcan0 140#00058B4300001181
(1757372413.254393) vcan0 140#00068B4300001181
(1757372413.264806) vcan0 140#00078B4300001101
(1757372413.274465) vcan0 140#0008864300001181
(1757372413.284832) vcan0 140#0009864300001101
(1757372413.294581) vcan0 140#000A864300001101
(1757372413.304634) vcan0 140#000B8F4300001181
(1757372413.314775) vcan0 140#000C8F4300001101
(1757372413.324779) vcan0 140#000D8F4300001181
(1757372413.334473) vcan0 140#000E874300001101
(1757372413.344674) vcan0 140#000F874300001181
(1757372413.354421) vcan0 140#0000874300001181
(1757372413.364733) vcan0 140#0001874300001101
(1757372413.374577) vcan0 140#00028D4300001101
(1757372413.384743) vcan0 140#00038D4300001181
(1757372413.394413) vcan0 140#00048D4300001101
(1757372413.404724) vcan0 140#0005844300001181
(1757372413.414407) vcan0 140#0006844300001181
(1757372413.424520) vcan0 140#0007844300001101
(1757372413.434707) vcan0 140#0008824300001101
(1757372413.444599) vcan0 140#0009824300001181
(1757372413.454416) vcan0 140#000A824300001181
(1757372413.464645) vcan0 140#000B824300001101
(1757372413.474373) vcan0 140#000C7A4300001101
(1757372413.484605) vcan0 140#000D7A4300001181
(1757372413.494376) vcan0 140#000E7A4300001181
(1757372413.504694) vcan0 140#000F814300001181
(1757372413.514352) vcan0 140#0000814300001181
(1757372413.524644) vcan0 140#0001814300001101
(1757372413.534309) vcan0 140#0002804300001181
(1757372413.544673) vcan0 140#0003804300001101
(1757372413.554350) vcan0 140#0004804300001181
(1757372413.564703) vcan0 140#0005804300001101
(1757372413.574349) vcan0 140#0006874300001181
(1757372413.584637) vcan0 140#0007874300001101
(1757372413.594287) vcan0 140#0008874300001101
(1757372413.604643) vcan0 140#0009814300001181
(1757372413.614254) vcan0 140#000A814300001181
(1757372413.624376) vcan0 140#000B814300001101
(1757372413.634270) vcan0 140#000C874300001181
(1757372413.644528) vcan0 140#000D874300001101
(1757372413.654249) vcan0 140#000E874300001101
(1757372413.664371) vcan0 140#000F874300001181
(1757372413.674264) vcan0 140#0000834300001101
(1757372413.684213) vcan0 140#0001834300001181
(1757372413.694246) vcan0 140#0002834300001181
(1757372413.704205) vcan0 140#0003894300001101
(1757372413.714273) vcan0 140#0004894300001181
(1757372413.724256) vcan0 140#0005894300001101
(1757372413.734178) vcan0 140#0006844300001181
(1757372413.744239) vcan0 140#0007844300001101
(1757372413.754227) vcan0 140#0008844300001101
(1757372413.764550) vcan0 140#0009844300001181
(1757372413.774183) vcan0 140#000A8B4300001181
(1757372413.784195) vcan0 140#000B8B4300001101
(1757372413.794206) vcan0 140#000C8B4300001181
(1757372413.804200) vcan0 140#000D844300001101
(1757372413.814156) vcan0 140#000E844300001101
(1757372413.824200) vcan0 140#000F844300001181
(1757372413.834212) vcan0 140#00008B4300001181
(1757372413.844423) vcan0 140#00018B4300001101
(1757372413.854199) vcan0 140#00028B4300001101
