(1757618285.972725) can0 141#C42C222CED090102
(1757618285.982625) can0 141#C42C222CED090102
(1757618285.992646) can0 141#C42C252CE9090102
(1757618286.002606) can0 141#C32C152CF5090102
(1757618286.012572) can0 141#C32C142CF2090102
(1757618286.022598) can0 141#852C022C054A0102
(1757618286.032573) can0 141#842C032C054A0102
(1757618286.042572) can0 141#462CF52BFB090102
(1757618286.052575) can0 141#452CF52B010A0102
(1757618286.062813) can0 141#062CFD2B010A0102
(1757618286.072547) can0 141#072CF12B0D4A0102
(1757618286.082568) can0 141#C82BF52BF9090102
(1757618286.092544) can0 141#C82BDC2B054A0102
(1757618286.102536) can0 141#C82BDC2B040A0102
(1757618286.112548) can0 141#C82BD62B040A0102
(1757618286.122573) can0 141#C72BAD2B174A0102
(1757618286.132583) can0 141#062CAE2B190A0102
(1757618286.142516) can0 141#052C942B2F0A0102
(1757618286.152533) can0 141#052C912B310A0102
(1757618286.162554) can0 141#042C752B314A0102
(1757618286.172576) can0 141#032C742B4E0A0102
(1757618286.182492) can0 141#032C732B6C4A0102
(1757618286.192567) can0 141#C22B632B6C0A0102
(1757618286.202581) can0 141#C22B682B6B0A0102
(1757618286.212503) can0 141#002C522B8B4A0102
(1757618286.222553) can0 141#C12B552B8F4A0102
(1757618286.232554) can0 141#C12B492BAE0A0102
(1757618286.242532) can0 141#7F2B4C2BB44A0102
(1757618286.252482) can0 141#7F2B452BD74A0102
(1757618286.262495) can0 141#7D2B492BD80A0102
(1757618286.272538) can0 141#3D2B382BF64A0102
(1757618286.282492) can0 141#FB2A3C2BF64A0102
(1757618286.292534) can0 141#D12A262B0B4B0102
(1757618286.302514) can0 141#CD2A1A2B064B0102
(1757618286.312514) can0 141#CE2A1A2B064B0102
(1757618286.322514) can0 141#A62AEB2A1C4B0102
(1757618286.332588) can0 141#A72ACD2A254B0102
(1757618286.342492) can0 141#A52ACE2A250B0102
(1757618286.352485) can0 141#A52ABB2A1B0B0102
(1757618286.362492) can0 141#A42A912A280B0102
(1757618286.372492) can0 141#A62A912A1A0B0102
(1757618286.382462) can0 141#822A7A2A250B0102
(1757618286.392480) can0 141#802A6F2A160B0102
(1757618286.402487) can0 141#5D2A592A214B0102
(1757618286.412416) can0 141#5D2A4F2A134B0102
(1757618286.422466) can0 141#5E2A3B2A220B0102
(1757618286.432474) can0 141#5D2A372A154B0102
(1757618286.442465) can0 141#5E2A222A274B0102
(1757618286.452463) can0 141#5C2A1F2A1F0B0102
(1757618286.462498) can0 141#5D2A0C2A354B0102
(1757618286.472464) can0 141#7E2A0C2A314B0102
(1757618286.482483) can0 141#7F2AF329310B0102
(1757618286.492469) can0 141#9F2AF4294A0B0102
(1757618286.502493) can0 141#9F2AE629634B0102
(1757618286.512473) can0 141#9C2AE629634B0102
(1757618286.522494) can0 141#C02ADA29640B0102
(1757618286.532478) can0 141#BB2ADD29820B0102
(1757618286.542471) can0 141#BB2ADE29A14B0102
(1757618286.552474) can0 141#E02AD329A14B0102
(1757618286.562473) can0 141#E02AD129A40B0102
(1757618286.572368) can0 141#DC2ADB29C10B0102
(1757618286.582483) can0 141#DB2ADC29DF0B0102
(1757618286.592351) can0 141#AD2AE229DF0B0102
(1757618286.602382) can0 141#AD2AEB29E00B0102
(1757618286.612476) can0 141#A92AF329F90B0102
(1757618286.622393) can0 141#A92AF029100C0102
(1757618286.632392) can0 141#A62AF029094C0102
(1757618286.642392) can0 141#A72AF329090C0102
(1757618286.652325) can0 141#A42AFA29134C0102
(1757618286.662342) can0 141#A52AFA29274C0102
(1757618286.672386) can0 141#A22AFD291A0C0102
(1757618286.682376) can0 141#A42AF2291A0C0102
(1757618286.692418) can0 141#A22AF829184C0102
(1757618286.702315) can0 141#812AF029284C0102
(1757618286.712295) can0 141#7F2AF329170C0102
(1757618286.722295) can0 141#5D2AE929244C0102
(1757618286.732308) can0 141#5D2AE829140C0102
(1757618286.742586) can0 141#5F2AE129214C0102
(1757618286.752615) can0 141#3A2AE9290F0C0102
(1757618286.762295) can0 141#3A2ADC291F4C0102
(1757618286.772285) can0 141#3C2ADA29110C0102
(1757618286.782276) can0 141#3C2ACC29230C0102
(1757618286.792355) can0 141#3A2AC929174C0102
(1757618286.802278) can0 141#5C2ABA29294C0102
(1757618286.812358) can0 141#5D2ABA29354C0102
(1757618286.822265) can0 141#5A2AAF29354C0102
(1757618286.832322) can0 141#7D2AB1292C0C0102
(1757618286.842282) can0 141#9E2AA129400C0102
(1757618286.852314) can0 141#9F2A9929534C0102
(1757618286.862253) can0 141#C52A99294D4C0102
(1757618286.872245) can0 141#C62A9C294D4C0102
(1757618286.882331) can0 141#072B9329664C0102
(1757618286.892310) can0 141#4E2B8D29794C0102
(1757618286.902217) can0 141#4B2B9529734C0102
(1757618286.912217) can0 141#912B92298B0C0102
(1757618286.922220) can0 141#D42B9D29830C0102
(1757618286.932266) can0 141#1B2CA1299B4C0102
(1757618286.942447) can0 141#5F2CB229920C0102
(1757618286.952259) can0 141#5F2CBA29A84C0102
(1757618286.962281) can0 141#A52CDF299B4C0102
(1757618286.972209) can0 141#A42CDF299A4C0102
(1757618286.982351) can0 141#A52CF7299A0C0102
(1757618286.992200) can0 141#A52C072AAC0C0102
(1757618287.002206) can0 141#A52C3A2A9D0C0102
(1757618287.012263) can0 141#5E2C552AA30C0102
(1757618287.022189) can0 141#5E2C642ABB4C0102
(1757618287.032197) can0 141#5D2C642AB00C0102
(1757618287.042242) can0 141#172C8C2AC60C0102
(1757618287.052176) can0 141#D02BA92ABD4C0102
(1757618287.062511) can0 141#D12BB32AD30C0102
(1757618287.072202) can0 141#892BC72AC50C0102
(1757618287.082234) can0 141#8A2BC42ADD0C0102
(1757618287.092162) can0 141#432BD22AE90C0102
(1757618287.102240) can0 141#FB2AC72ADB4C0102
(1757618287.112231) can0 141#FB2AC92ADB0C0102
(1757618287.122182) can0 141#FA2AB22AF20C0102
(1757618287.132224) can0 141#FB2A9E2A000D0102
(1757618287.142187) can0 141#F92A912AF84C0102
(1757618287.152257) can0 141#FA2A762A100D0102
(1757618287.162152) can0 141#3F2B682A074D0102
(1757618287.172216) can0 141#832B522A1F0D0102
(1757618287.182104) can0 141#832B4B2A140D0102
(1757618287.192118) can0 141#842B2F2A294D0102
(1757618287.202225) can0 141#CA2B212A1B4D0102
(1757618287.212199) can0 141#C82B272A264D0102
(1757618287.222143) can0 141#822B272A380D0102
(1757618287.232135) can0 141#812B312A294D0102
(1757618287.242088) can0 141#3A2B2C2A3D4D0102
(1757618287.252109) can0 141#F52A402A444D0102
(1757618287.262091) can0 141#F52A492A444D0102
(1757618287.272177) can0 141#AD2A5A2A340D0102
(1757618287.282076) can0 141#AC2A582A484D0102
(1757618287.292075) can0 141#AE2A4A2A4D0D0102
(1757618287.302214) can0 141#AC2A4A2A3E0D0102
(1757618287.312130) can0 141#AD2A342A530D0102
(1757618287.322096) can0 141#AB2A312A464D0102
(1757618287.332040) can0 141#822A1F2A4B4D0102
(1757618287.342057) can0 141#612A172A4B4D0102
(1757618287.352053) can0 141#1E2AFE29604D0102
(1757618287.362112) can0 141#1129EC29540D0102
(1757618287.372127) can0 141#0428E6295A4D0102
(1757618287.382029) can0 141#6127D5296F4D0102
(1757618287.392055) can0 141#3427CD29638D0102
(1757618287.402098) can0 141#1027B52979CD0102
(1757618287.412110) can0 141#3F284E296ACD4102
(1757618287.422076) can0 141#3E284E296A8D4102
(1757618287.432024) can0 141#3E2805296A8D4102
(1757618287.442088) can0 141#3E28E1286B8D4102
(1757618287.452086) can0 141#3F28D52865CD4102
(1757618287.462081) can0 141#3D28D42859CD4102
(1757618287.472123) can0 141#3E28CF285ACD4102
(1757618287.482050) can0 141#3D28C0284BCD4102
(1757618287.492009) can0 141#3B28BA2837CD4102
(1757618287.502209) can0 141#3C28B42838CD4102
(1757618287.511972) can0 141#3A28B428368D4102
(1757618287.522005) can0 141#3A28AA281CCD4102
(1757618287.532060) can0 141#3828A628F7CC4102
(1757618287.542074) can0 141#38289F28F8CC4102
(1757618287.552112) can0 141#36289D28D48C4102
(1757618287.562032) can0 141#34289828D1CC4702
(1757618287.572056) can0 141#34289828AACC4702
(1757618287.581995) can0 141#3428952886CC4702
(1757618287.591964) can0 141#3228932886CC4702
(1757618287.602078) can0 141#2F28922882CC4702
(1757618287.612052) can0 141#2F2890285A8C4702
(1757618287.622013) can0 141#2D288F28368C4702
(1757618287.632058) can0 141#2D288F28328C4002
(1757618287.642002) can0 141#2B288F2832CC4102
(1757618287.652050) can0 141#2B288F28098C4102
(1757618287.661930) can0 141#29288E28E58B4102
(1757618287.672029) can0 141#29288E28E08B4102
(1757618287.681914) can0 141#26288D28E08B4102
(1757618287.692092) can0 141#26288C28B78B4102
(1757618287.702028) can0 141#24288C28948B4102
(1757618287.711978) can0 141#24288C288ECB4102
(1757618287.721905) can0 141#22288C288ECB4102
(1757618287.731974) can0 141#22288C2865CB4102
(1757618287.741956) can0 141#20288C28428B4102
(1757618287.752025) can0 141#20288C28428B4102
(1757618287.761967) can0 141#1E288C283D8B4102
(1757618287.771903) can0 141#1D288C28138B4102
(1757618287.781891) can0 141#1D288C28138B4102
(1757618287.791956) can0 141#1B288C28F08A4102
(1757618287.801957) can0 141#19288C28EECA4102
(1757618287.811951) can0 141#19288C28CD8A4102
(1757618287.822197) can0 141#19288B28C7CA4102
(1757618287.831954) can0 141#17288B28A3CA4102
(1757618287.841908) can0 141#17288928A2CA4102
(1757618287.851917) can0 141#15288728818A4102
(1757618287.861924) can0 141#152886287A8A4102
(1757618287.871846) can0 141#152886287A8A4102
(1757618287.881954) can0 141#1328832856CA4102
(1757618287.891931) can0 141#132883282F8A4102
(1757618287.901914) can0 141#112882282F8A4102
(1757618287.911884) can0 141#10288028268A4102
(1757618287.921881) can0 141#0E287F2803CA4202
(1757618287.931900) can0 141#0E287E28FBC94202
(1757618287.941886) can0 141#0C287D28D8C94202
(1757618287.951875) can0 141#0C287D28D8C94202
(1757618287.961857) can0 141#0B287B28CEC94202
(1757618287.971865) can0 141#09287A28AA894202
(1757618287.981862) can0 141#09287928A1C94202
(1757618287.991917) can0 141#072878287D894202
(1757618288.001857) can0 141#062874287D094202
(1757618288.011842) can0 141#102774284F490202
(1757618288.021798) can0 141#382774284F490202
(1757618288.031856) can0 141#7627732845090202
(1757618288.041898) can0 141#CE28752845090202
(1757618288.051822) can0 141#CE29752813490202
(1757618288.061823) can0 141#A92A752813090202
(1757618288.071828) can0 141#572B7628EC480202
(1757618288.081835) can0 141#B52C7628EC080202
(1757618288.091820) can0 141#EC2C7D28B2080202
(1757618288.101980) can0 141#E42C7D28B2480202
(1757618288.111796) can0 141#E42C9928A6480202
(1757618288.121735) can0 141#AA2CCD28A6080202
(1757618288.131979) can0 141#6F2CCD2894480202
(1757618288.141792) can0 141#6F2C022994080202
(1757618288.151814) can0 141#382C4C2984080202
(1757618288.161778) can0 141#FF2BC32984480202
(1757618288.171778) can0 141#C92BC32987480202
(1757618288.181772) can0 141#C92B372A6A080202
(1757618288.191775) can0 141#922B872A62480202
(1757618288.201774) can0 141#5C2BDC2A62480202
(1757618288.211754) can0 141#5D2BDC2A47480202
(1757618288.221726) can0 141#282B002B47080202
(1757618288.231991) can0 141#282B002B47080202
(1757618288.241752) can0 141#292B2B2B36480202
(1757618288.251753) can0 141#292B382B3A080202
(1757618288.261750) can0 141#292B442B38080202
(1757618288.271755) can0 141#5D2B442B38080202
(1757618288.281729) can0 141#272B472B52480202
(1757618288.291778) can0 141#272B4F2B55480202
(1757618288.301752) can0 141#272B4F2B6C480202
(1757618288.311806) can0 141#262B402B6C080202
(1757618288.321674) can0 141#262B472B66480202
(1757618288.331762) can0 141#262B3B2B6F080202
(1757618288.341759) can0 141#252B3B2B6F080202
(1757618288.351715) can0 141#252B3E2B59080202
(1757618288.361713) can0 141#FE2A332B57480202
(1757618288.371786) can0 141#FE2A312B4C080202
(1757618288.381820) can0 141#DA2A312B4C080202
(1757618288.391782) can0 141#DA2A232B62080202
(1757618288.401664) can0 141#B42A282B62080202
(1757618288.411718) can0 141#B42A282B77480202
(1757618288.421642) can0 141#B32A1B2B77080202
(1757618288.431741) can0 141#8E2A1B2B83080202
(1757618288.441663) can0 141#8D2A0D2B83480202
(1757618288.451772) can0 141#672A0D2B9D080202
(1757618288.461745) can0 141#422A0F2B9F480202
(1757618288.471792) can0 141#F929012BAE480202
(1757618288.481664) can0 141#AF29FD2AAE080202
(1757618288.491766) can0 141#8B29FD2A9A480202
(1757618288.501589) can0 141#6629E72AA0080202
(1757618288.511788) can0 141#6629E92A89080202
(1757618288.521595) can0 141#4229B32A89080202
(1757618288.531744) can0 141#4229B32A8A080202
(1757618288.541669) can0 141#1D299A2A7E080202
(1757618288.551773) can0 141#1E299A2A7E080202
(1757618288.561615) can0 141#1E29202A84480202
(1757618288.571843) can0 141#1E29202A7C080202
(1757618288.581652) can0 141#1E290C2A89480202
(1757618288.591726) can0 141#1D290C2A89480202
(1757618288.601616) can0 141#F928062A84480202
(1757618288.611774) can0 141#D428E32991480202
(1757618288.621595) can0 141#AF28CB298F480202
(1757618288.631752) can0 141#8A28CB298F080202
(1757618288.641554) can0 141#6528A429A1480202
(1757618288.651750) can0 141#652892299B480202
(1757618288.661819) can0 141#65285D29AA080202
(1757618288.671597) can0 141#65285D29AA080202
(1757618288.681652) can0 141#8A284729A0080202
(1757618288.691800) can0 141#8A283929A9080202
(1757618288.701779) can0 141#8A2833299B480202
(1757618288.711828) can0 141#AF2833299B080202
(1757618288.721755) can0 141#D3282629A3480202
(1757618288.731779) can0 141#D3281E2997480202
(1757618288.741702) can0 141#F8281D299E480202
(1757618288.751738) can0 141#F82814299E480202
(1757618288.761632) can0 141#F92812298C080202
(1757618288.771566) can0 141#F9280B298F480202
(1757618288.781812) can0 141#F8280B298F080202
(1757618288.791615) can0 141#F828082983080202
(1757618288.801711) can0 141#F828012994080202
(1757618288.811638) can0 141#F828022992080202
(1757618288.821796) can0 141#F828022992080202
(1757618288.831590) can0 141#1D29032995080202
(1757618288.841684) can0 141#422905298A480202
(1757618288.851596) can0 141#672902299D480202
(1757618288.861612) can0 141#8B2902299D080202
(1757618288.871659) can0 141#D42909298A480202
(1757618288.881611) can0 141#1E2A072995480202
(1757618288.891635) can0 141#432A0A2995480202
(1757618288.901609) can0 141#672A0A2995480202
(1757618288.911595) can0 141#8C2A0E299D480202
(1757618288.921616) can0 141#B02A18299D080202
(1757618288.931537) can0 141#B12A2029A1080202
(1757618288.941624) can0 141#B02A2029A1480202
(1757618288.951546) can0 141#B02A322990080202
(1757618288.961495) can0 141#D62A582990080202
(1757618288.971693) can0 141#D62A582992480202
(1757618288.981611) can0 141#D62A922992480202
(1757618288.991406) can0 141#FA2A9C29AF080202
(1757618289.001625) can0 141#212BBE29AF480202
(1757618289.011550) can0 141#592BBE29EC080202
(1757618289.021626) can0 141#922BE429EC480202
(1757618289.031521) can0 141#CC2B022AF6080202
(1757618289.041621) can0 141#422C0D2AF6480202
(1757618289.051525) can0 141#452C372A26090202
(1757618289.061429) can0 141#822C372A26490202
(1757618289.071498) can0 141#822C582A3A090202
(1757618289.081624) can0 141#842C7C2A30090202
(1757618289.091494) can0 141#472C9F2A31090202
(1757618289.101620) can0 141#472C9F2A31090202
(1757618289.111515) can0 141#472CE02A1A490202
(1757618289.121549) can0 141#442C132B14490202
(1757618289.131499) can0 141#442C2F2B05490202
(1757618289.141560) can0 141#432C2F2B05090202
(1757618289.151523) can0 141#432C392B16090202
(1757618289.161396) can0 141#442C552B12090202
(1757618289.171483) can0 141#442C6B2B10090202
(1757618289.181490) can0 141#092C6D2BE5480202
(1757618289.191500) can0 141#082C732BE5080202
(1757618289.201484) can0 141#CD2B682BC7480202
(1757618289.211384) can0 141#CD2B682BAC080202
(1757618289.221382) can0 141#CD2B682BBA480202
(1757618289.231382) can0 141#922B6C2BBA080202
(1757618289.241366) can0 141#922B742BB4480202
(1757618289.251411) can0 141#922B712BCC480202
(1757618289.261343) can0 141#CC2B712BCB480202
(1757618289.271456) can0 141#CC2B752BCB080202
(1757618289.281457) can0 141#CC2B7A2BE7480202
(1757618289.291451) can0 141#062C7B2BF7080202
(1757618289.301427) can0 141#062C772B15490202
(1757618289.311481) can0 141#062C772B15490202
(1757618289.321430) can0 141#402C7A2B16490202
(1757618289.331323) can0 141#402C732B2B090202
(1757618289.341450) can0 141#402C742B27490202
(1757618289.351427) can0 141#412C742B27090202
(1757618289.361336) can0 141#412C6E2B27490202
(1757618289.371411) can0 141#422C6E2B22490202
(1757618289.381483) can0 141#422C732B32090202
(1757618289.391411) can0 141#422C732B32090202
(1757618289.401456) can0 141#072C802B2E090202
(1757618289.411405) can0 141#082C842B2D490202
(1757618289.421513) can0 141#CD2B892B1F090202
(1757618289.431253) can0 141#CD2B892B22490202
(1757618289.441484) can0 141#572B8D2B22090202
(1757618289.451334) can0 141#572B8D2B1B090202
(1757618289.461284) can0 141#1B2B8E2B26090202
(1757618289.471274) can0 141#1B2B912B17090202
(1757618289.481502) can0 141#1B2B882B17490202
(1757618289.491288) can0 141#1B2B882B24490202
(1757618289.501523) can0 141#1B2B7C2B24090202
(1757618289.511290) can0 141#1B2B662B3A490202
(1757618289.521208) can0 141#562B592B3A490202
(1757618289.531230) can0 141#922B462B4C090202
(1757618289.541263) can0 141#922B462B4C090202
(1757618289.551339) can0 141#CE2B372B4D490202
(1757618289.561246) can0 141#CE2B222B5A090202
(1757618289.571348) can0 141#CE2B122B58490202
(1757618289.581163) can0 141#0B2C112B66490202
(1757618289.591373) can0 141#0B2C0E2B66090202
(1757618289.601212) can0 141#0B2C0F2B60490202
(1757618289.611266) can0 141#0B2C0F2B67090202
(1757618289.621157) can0 141#0C2C1A2B60490202
(1757618289.631175) can0 141#0C2C1A2B60490202
(1757618289.641209) can0 141#0C2C352B67490202
(1757618289.651179) can0 141#0C2C352B60090202
(1757618289.661146) can0 141#0C2C3C2B72090202
(1757618289.671271) can0 141#0D2C4B2B73090202
(1757618289.681133) can0 141#CF2B602B73090202
(1757618289.691246) can0 141#D02B602B83490202
(1757618289.701195) can0 141#922B6E2B83090202
(1757618289.711188) can0 141#922B6B2B95490202
(1757618289.721280) can0 141#542B6F2B8F490202
(1757618289.731219) can0 141#162B762BA1090202
(1757618289.741187) can0 141#162B762B97090202
(1757618289.751233) can0 141#162B6F2B97490202
(1757618289.761108) can0 141#152B562BA6090202
(1757618289.771292) can0 141#152B432BA0490202
(1757618289.781107) can0 141#152B322BA5490202
(1757618289.791132) can0 141#152B322BA5490202
(1757618289.801151) can0 141#142BFD2A9A490202
(1757618289.811198) can0 141#142BFD2AA7090202
(1757618289.821165) can0 141#142BF62A9F090202
(1757618289.831093) can0 141#142BEB2AA8490202
(1757618289.841151) can0 141#142BDE2AA8490202
(1757618289.851262) can0 141#132BCC2AB2490202
(1757618289.861130) can0 141#132BCC2AB2490202
(1757618289.871233) can0 141#132BC52AB0090202
(1757618289.881105) can0 141#512BC32AC4090202
(1757618289.891142) can0 141#512BBD2AC1090202
(1757618289.901099) can0 141#512BB52AD6490202
(1757618289.911134) can0 141#502BB52AD6090202
(1757618289.921119) can0 141#502BB52AD6090202
(1757618289.931023) can0 141#502BB52AE3090202
(1757618289.941122) can0 141#502BAF2ADD090202
(1757618289.951186) can0 141#502BA62AEE090202
(1757618289.961113) can0 141#4F2BAF2AEE490202
(1757618289.971079) can0 141#502BA52AF5090202
(1757618289.981133) can0 141#4F2BA52AE9090202
(1757618289.991108) can0 141#102BAE2AE9490202
(1757618290.001269) can0 141#102BA62AF5490202
(1757618290.011061) can0 141#102BB22AEC090202
(1757618290.021125) can0 141#4F2BB52AF0090202
(1757618290.031097) can0 141#4E2BB52AE6090202
(1757618290.041123) can0 141#4F2BAF2AE6090202
(1757618290.051169) can0 141#4E2BAF2AEE090202
(1757618290.061100) can0 141#4E2BB52AEE490202
(1757618290.071103) can0 141#4E2BB32A004A0202
(1757618290.081068) can0 141#4D2BBA2AFA490202
(1757618290.091037) can0 141#4D2BAB2A0B0A0202
(1757618290.101051) can0 141#4C2BAD2A084A0202
(1757618290.111033) can0 141#4C2BAD2A084A0202
(1757618290.121280) can0 141#4B2BBB2A1A4A0202
(1757618290.131036) can0 141#4B2BBB2A104A0202
(1757618290.141027) can0 141#4B2BB12A1A4A0202
(1757618290.151051) can0 141#4B2BB32A150A0202
(1757618290.160989) can0 141#8A2BAE2A254A0202
(1757618290.171024) can0 141#892BB52A1F4A0202
(1757618290.180982) can0 141#892BB42A2C0A0202
(1757618290.191101) can0 141#C72BAC2A2C0A0202
(1757618290.201064) can0 141#C72BAD2A264A0202
(1757618290.210967) can0 141#C72BAD2A344A0202
(1757618290.220926) can0 141#C72BB62A2D0A0202
(1757618290.230934) can0 141#C72BB52A3C0A0202
(1757618290.240968) can0 141#C62BC22A3C4A0202
(1757618290.250908) can0 141#C62BCC2A440A0202
(1757618290.260945) can0 141#C62BCB2A3A4A0202
(1757618290.270909) can0 141#C62BE12A3A0A0202
(1757618290.280894) can0 141#C52BF12A4D4A0202
(1757618290.290992) can0 141#C52BF12A460A0202
(1757618290.300955) can0 141#C52BEF2A594A0202
(1757618290.310930) can0 141#C42BFB2A514A0202
(1757618290.320971) can0 141#042CFA2A630A0202
(1757618290.330864) can0 141#032C062B590A0202
(1757618290.340931) can0 141#032CFE2A6A0A0202
(1757618290.350889) can0 141#032CFE2A6A0A0202
(1757618290.360930) can0 141#422CFD2A644A0202
(1757618290.370899) can0 141#422CFD2A754A0202
(1757618290.380902) can0 141#412C052B6C0A0202
(1757618290.390902) can0 141#422C042B7E4A0202
(1757618290.400906) can0 141#412C152B760A0202
(1757618290.410893) can0 141#412C182B880A0202
(1757618290.420900) can0 141#412C2C2B7F0A0202
(1757618290.430841) can0 141#412C2C2B8E4A0202
(1757618290.440882) can0 141#402C3F2B8E4A0202
(1757618290.450899) can0 141#802C3F2B920A0202
(1757618290.460876) can0 141#802C3F2B920A0202
(1757618290.470827) can0 141#802C472B890A0202
(1757618290.480896) can0 141#802C442B980A0202
(1757618290.490793) can0 141#802C4F2B914A0202
(1757618290.500941) can0 141#802C552BA34A0202
(1757618290.510829) can0 141#802C5C2B9A4A0202
(1757618290.520879) can0 141#802C5E2B9A0A0202
(1757618290.530848) can0 141#802C612B9C0A0202
(1757618290.540898) can0 141#802C622BB04A0202
(1757618290.550829) can0 141#802C622BB04A0202
(1757618290.560886) can0 141#802C652BA40A0202
(1757618290.570824) can0 141#802C652BAA4A0202
(1757618290.580890) can0 141#802C6B2BAA0A0202
(1757618290.590831) can0 141#802C6D2BBE0A0202
(1757618290.600891) can0 141#BF2C742BB14A0202
(1757618290.610798) can0 141#FF2C752BC20A0202
(1757618290.620881) can0 141#3E2D7B2BBC4A0202
(1757618290.630768) can0 141#7E2D7C2BCD4A0202
(1757618290.640900) can0 141#032E7F2BCD4A0202
(1757618290.650862) can0 141#162E842BD40A0202
(1757618290.660859) can0 141#4E2E8F2BCA0A0202
(1757618290.670807) can0 141#732E8F2BCA4A0202
(1757618290.680845) can0 141#D12EBA2BDC4A0202
(1757618290.690743) can0 141#092FB92BEC0A0202
(1757618290.700894) can0 141#542FD12BEC0A0202
(1757618290.710775) can0 141#7B2FEA2BE30A0202
(1757618290.720896) can0 141#F12FFC2BFE0A0202
(1757618290.731051) can0 141#1830152CF80A0202
(1757618290.740909) can0 141#2C30302C0C0B0202
(1757618290.750711) can0 141#4030472C030B0202
(1757618290.760909) can0 141#6730652C1C4B0202
(1757618290.770793) can0 141#67307D2C154B0202
(1757618290.780894) can0 141#6830932C2A4B0202
(1757618290.790792) can0 141#6830AF2C1A4B0202
(1757618290.800889) can0 141#6830C12C1A0B0202
(1757618290.810846) can0 141#6830D32C224B0202
(1757618290.820899) can0 141#6830E02C364B0202
(1757618290.830730) can0 141#6730E02C364B0202
(1757618290.840875) can0 141#6630FB2C2E0B0202
(1757618290.850743) can0 141#6530022D3B0B0202
(1757618290.860883) can0 141#6430022D4C4B0202
(1757618290.870842) can0 141#6430112D4C0B0202
(1757618290.880829) can0 141#7530182D444B0202
(1757618290.890813) can0 141#7430162D4B4B0202
(1757618290.900917) can0 141#7330182D4B4B0202
(1757618290.910826) can0 141#7330152D5A0B0202
(1757618290.920830) can0 141#7130232D534B0202
(1757618290.930740) can0 141#7030232D5C0B0202
(1757618290.940887) can0 141#7030252D5C0B0202
(1757618290.950831) can0 141#6F30262D694B0202
(1757618290.960885) can0 141#6D30302D654B0202
(1757618290.970738) can0 141#6C30372D790B0202
(1757618290.980913) can0 141#6C303A2D764B0202
(1757618290.990731) can0 141#6B303C2D8A0B0202
(1757618291.000921) can0 141#6830412D830B0202
(1757618291.010866) can0 141#67304B2D970B0202
(1757618291.020941) can0 141#79304C2D8D0B0202
(1757618291.030738) can0 141#78304F2D9F4B0202
(1757618291.040906) can0 141#8830532D974B0202
(1757618291.050724) can0 141#8830542DA54B0202
(1757618291.060910) can0 141#9830552D9A4B0202
(1757618291.070699) can0 141#9730552DAF4B0202
(1757618291.080865) can0 141#94305C2DA80B0202
(1757618291.090742) can0 141#94306E2DBC4B0202
(1757618291.100850) can0 141#9330732DB44B0202
(1757618291.110631) can0 141#9130782DCA4B0202
(1757618291.120893) can0 141#8F30832DC44B0202
(1757618291.130699) can0 141#7D30912DD44B0202
(1757618291.140926) can0 141#7C30912DCA0B0202
(1757618291.150801) can0 141#7B309A2DE04B0202
(1757618291.160924) can0 141#78309F2DDC4B0202
(1757618291.170735) can0 141#7730A22DED4B0202
(1757618291.180901) can0 141#7730A22DE14B0202
(1757618291.190600) can0 141#75309E2DF30B0202
(1757618291.200900) can0 141#74309E2DEF0B0202
(1757618291.210590) can0 141#7130AC2D040C0202
(1757618291.220857) can0 141#7130AA2DFD4B0202
(1757618291.230517) can0 141#7030A72D130C0202
(1757618291.240908) can0 141#6E30AD2D100C0202
(1757618291.250523) can0 141#6B30BD2D194C0202
(1757618291.260934) can0 141#6A30B82D190C0202
(1757618291.270657) can0 141#6A30B52D294C0202
(1757618291.280853) can0 141#5730B52D224C0202
(1757618291.290506) can0 141#5630B62D264C0202
(1757618291.300843) can0 141#4530B62D364C0202
(1757618291.310538) can0 141#4330BA2D364C0202
(1757618291.320854) can0 141#3330C32D2D4C0202
(1757618291.330517) can0 141#3230C32D330C0202
(1757618291.340902) can0 141#3130BF2D474C0202
(1757618291.350561) can0 141#3030BF2D3C0C0202
(1757618291.360933) can0 141#3E30BD2D3C0C0202
(1757618291.370513) can0 141#3D30BD2D464C0202
(1757618291.380931) can0 141#3C30BB2D5A4C0202
(1757618291.390613) can0 141#4A30BB2D500C0202
(1757618291.400940) can0 141#5730C62D6B4C0202
(1757618291.410813) can0 141#6630CA2D680C0202
(1757618291.420872) can0 141#6530D22D7D4C0202
(1757618291.430519) can0 141#7230D82D7A0C0202
(1757618291.440940) can0 141#8030D92D940C0202
(1757618291.450496) can0 141#7C30E12D974C0202
(1757618291.460921) can0 141#7A30E72D974C0202
(1757618291.470499) can0 141#7A30EE2D8B0C0202
(1757618291.480949) can0 141#6830032EA30C0202
(1757618291.490496) can0 141#6730042EAB0C0202
(1757618291.500940) can0 141#6530062E980C0202
(1757618291.510491) can0 141#6430072EA70C0202
(1757618291.520918) can0 141#62300B2E9D0C0202
(1757618291.530469) can0 141#6130112EB34C0202
(1757618291.540917) can0 141#6030182EAC4C0202
(1757618291.550447) can0 141#5E301E2EC74C0202
(1757618291.560915) can0 141#5C301B2EBE4C0202
(1757618291.570460) can0 141#5C301B2ECD0C0202
(1757618291.580932) can0 141#6A301A2EE20C0202
(1757618291.590440) can0 141#6A30262EE20C0202
(1757618291.600933) can0 141#6930302EDB4C0202
(1757618291.610545) can0 141#6930312EEA4C0202
(1757618291.620922) can0 141#6930352E050D0202
(1757618291.630451) can0 141#6930362EFB0C0202
(1757618291.640953) can0 141#5B30382E0E4D0202
(1757618291.650420) can0 141#5A30392E030D0202
(1757618291.660863) can0 141#5A303A2E170D0202
(1757618291.670412) can0 141#5A303A2E0C0D0202
(1757618291.680885) can0 141#5A30362E194D0202
(1757618291.690378) can0 141#5A30332E194D0202
(1757618291.700925) can0 141#5A30312E0C4D0202
(1757618291.710456) can0 141#5930322E1C0D0202
(1757618291.720929) can0 141#5930322E0F4D0202
(1757618291.730349) can0 141#5930372E260D0202
(1757618291.740870) can0 141#59303E2E1D4D0202
(1757618291.750490) can0 141#59303B2E340D0202
(1757618291.760931) can0 141#6630472E2C4D0202
(1757618291.770303) can0 141#6630492E3D0D0202
(1757618291.780881) can0 141#6630452E504D0202
(1757618291.790368) can0 141#7730472E454D0202
(1757618291.800885) can0 141#77304B2E5C0D0202
(1757618291.810309) can0 141#77304C2E534D0202
(1757618291.820933) can0 141#77304E2E684D0202
(1757618291.830341) can0 141#7730532E5C0D0202
(1757618291.840913) can0 141#7730562E710D0202
(1757618291.850450) can0 141#7630562E7F0D0202
(1757618291.860934) can0 141#76305E2E734D0202
(1757618291.870299) can0 141#7630642E8B0D0202
(1757618291.880939) can0 141#6430652E7F0D0202
(1757618291.890338) can0 141#6430642E8F4D0202
(1757618291.900943) can0 141#64306C2EA40D0202
(1757618291.910477) can0 141#5630742E990D0202
(1757618291.920941) can0 141#4830762E994D0202
(1757618291.930524) can0 141#4830762EA10D0202
(1757618291.940942) can0 141#4830762EB90D0202
(1757618291.950404) can0 141#3A30782EAA0D0202
(1757618291.960943) can0 141#2C30712EBF0D0202
(1757618291.970245) can0 141#2C306A2ECC4D0202
(1757618291.980945) can0 141#2C30662EBB4D0202
(1757618291.990381) can0 141#2B30612ECD0D0202
(1757618292.000956) can0 141#2B30562EC30D0202
(1757618292.010244) can0 141#2B30532ECC0D0202
(1757618292.020946) can0 141#2B30552EE40D0202
(1757618292.030214) can0 141#2B30552EDB0D0202
(1757618292.040942) can0 141#38305A2EF20D0202
(1757618292.050357) can0 141#3830562EE14D0202
(1757618292.060952) can0 141#3830562EF94D0202
(1757618292.070339) can0 141#3830572EEE0D0202
(1757618292.080994) can0 141#2A304F2E060E0202
(1757618292.090361) can0 141#2A304E2E100E0202
(1757618292.100972) can0 141#1C30532E0A4E0202
(1757618292.110246) can0 141#1C305E2E220E0202
(1757618292.120953) can0 141#0D30582E134E0202
(1757618292.130194) can0 141#0D30552E1B4E0202
(1757618292.140962) can0 141#0D30572E344E0202
(1757618292.150206) can0 141#0D305C2E244E0202
(1757618292.160931) can0 141#1A304B2E3B0E0202
(1757618292.170210) can0 141#1A304C2E440E0202
(1757618292.180957) can0 141#1A304E2E380E0202
(1757618292.190180) can0 141#1A30422E4D4E0202
(1757618292.200968) can0 141#1A30472E3E0E0202
(1757618292.210368) can0 141#1A30482E4A0E0202
(1757618292.220933) can0 141#19303E2E630E0202
(1757618292.230188) can0 141#1830462E580E0202
(1757618292.240934) can0 141#0A30462E730E0202
(1757618292.250241) can0 141#FA2F4A2E7D0E0202
(1757618292.260937) can0 141#EB2F4B2E730E0202
(1757618292.270179) can0 141#EA2F4E2E8C4E0202
(1757618292.280953) can0 141#DA2F4E2E7C4E0202
(1757618292.290189) can0 141#D82F492E840E0202
(1757618292.300980) can0 141#C92F462E9C0E0202
(1757618292.310196) can0 141#C72F482E8E0E0202
(1757618292.321209) can0 141#A72F3D2EA20E0202
(1757618292.330098) can0 141#882F3A2EAC4E0202
(1757618292.341220) can0 141#682F3C2E9C0E0202
(1757618292.350220) can0 141#382F372EB30E0202
(1757618292.361193) can0 141#442E2E2EA30E0202
(1757618292.370271) can0 141#432D232EAC0E0202
(1757618292.381197) can0 141#D52A1D2EC24E0202
(1757618292.390193) can0 141#44290E2EB54E0202
(1757618292.401234) can0 141#DF27E62DCA0E0202
(1757618292.410232) can0 141#2527442DCDCE0202
(1757618292.421202) can0 141#1027F22CBCCE0202
(1757618292.430181) can0 141#5228862CC9CE4202
(1757618292.441201) can0 141#50281F2CB0CE4202
(1757618292.450199) can0 141#4F281A2BA08E4202
(1757618292.461202) can0 141#5028A02AA78E4202
(1757618292.470238) can0 141#4E28302A87CE4202
(1757618292.481203) can0 141#4E28BD2990CE4202
(1757618292.490202) can0 141#4E280629838E4202
(1757618292.501128) can0 141#4D2805296E8E4202
(1757618292.510110) can0 141#4E28EF28838E4202
(1757618292.521155) can0 141#4D28D3286CCE4202
(1757618292.530086) can0 141#4B28C728518E4202
(1757618292.541136) can0 141#4B28C62854CE4202
(1757618292.550018) can0 141#4B28C328308E4202
(1757618292.561158) can0 141#4928B52831CE4702
(1757618292.570023) can0 141#4728B0280CCE4702
(1757618292.581159) can0 141#4728AB280E8E4702
(1757618292.590215) can0 141#4528A928E98D4702
(1757618292.601160) can0 141#4328A328E8CD4702
(1757618292.610198) can0 141#4328A028C48D4702
(1757618292.621162) can0 141#41289F28A0CD4002
(1757618292.630001) can0 141#41289D289E8D4202
(1757618292.641154) can0 141#3F289A28788D4202
(1757618292.649993) can0 141#3D289A28518D4202
(1757618292.661087) can0 141#3D2899284F8D4202
(1757618292.669975) can0 141#3D289928298D4202
(1757618292.681114) can0 141#3B289628298D4202
(1757618292.689971) can0 141#38289628028D4202
(1757618292.701192) can0 141#38289528FF8C4202
(1757618292.709970) can0 141#36289528D98C4202
(1757618292.721109) can0 141#34289628D6CC4202
(1757618292.729990) can0 141#34289628AECC4202
(1757618292.741178) can0 141#34289628AECC4202
(1757618292.749957) can0 141#3228942888CC4202
(1757618292.761095) can0 141#30289428848C4202
(1757618292.770005) can0 141#2F2893285BCC4202
(1757618292.781098) can0 141#2D289228358C4202
(1757618292.789948) can0 141#2D289228358C4202
(1757618292.801071) can0 141#2B28922831CC4202
(1757618292.809961) can0 141#2B28922808CC4202
(1757618292.821174) can0 141#29289028E38B4202
(1757618292.829974) can0 141#29289028DF8B4202
(1757618292.841045) can0 141#27289028DF8B4302
(1757618292.849952) can0 141#26289028B9CB4302
(1757618292.861026) can0 141#24288F28958B4302
(1757618292.869960) can0 141#24288F28938B4302
(1757618292.881028) can0 141#23288F2893CB4302
(1757618292.889985) can0 141#22288E28708B4302
(1757618292.901027) can0 141#20288D284CCB4302
(1757618292.909912) can0 141#20288D284CCB4302
(1757618292.920991) can0 141#1E288C28488B4302
(1757618292.929931) can0 141#1E288C2822CB4312
(1757618292.941031) can0 141#1E288C2822CB4312
(1757618292.949913) can0 141#1C288B28FF8A4312
(1757618292.961083) can0 141#1A288B28FC8A4312
(1757618292.969868) can0 141#1A288B28DD8A4312
(1757618292.981242) can0 141#1A288A28D8CA4312
(1757618292.989870) can0 141#18288928B5CA4312
(1757618292.999840) can0 141#18288828B04A4312
(1757618293.009838) can0 141#102788288F4A0312
(1757618293.019899) can0 141#74278728914A0302
(1757618293.029875) can0 141#90298728730A0302
(1757618293.039917) can0 141#D02E8528734A0302
(1757618293.049980) can0 141#153083284D0A0302
(1757618293.059956) can0 141#063183284D0A0302
(1757618293.070060) can0 141#77318428460A0302
(1757618293.079879) can0 141#C131A428244A0302
(1757618293.089936) can0 141#D331E6281C0A0302
(1757618293.099813) can0 141#D73182290B4A0302
(1757618293.109928) can0 141#D43182290B4A0302
(1757618293.119894) can0 141#E031282C3A4A0302
(1757618293.129861) can0 141#EC31102DA40A0302
(1757618293.139898) can0 141#ED31102DA44A0302
(1757618293.149896) can0 141#EA31742DB70A0302
(1757618293.159892) can0 141#EE31922DE10A0302
(1757618293.170052) can0 141#EE31BA2DF50A0302
(1757618293.179847) can0 141#EE31E52D080B0302
(1757618293.189965) can0 141#F231E12DD04A0302
(1757618293.199870) can0 141#ED31CA2DB84A0302
(1757618293.209878) can0 141#E931B52D7F0A0302
(1757618293.220976) can0 141#E631A92D544A0302
(1757618293.229780) can0 141#E231A92D540A0302
(1757618293.239839) can0 141#DC316B2D184A0302
(1757618293.249723) can0 141#D8316B2DE7492302
(1757618293.259760) can0 141#D8315C2DC3092302
(1757618293.269870) can0 141#D2315A2DF2090302
(1757618293.279781) can0 141#CD318B2DF2490302
(1757618293.289913) can0 141#CC31B62D624A0302
(1757618293.299846) can0 141#CC31B62D820A0302
(1757618293.309847) can0 141#D231E02D820A0302
(1757618293.319694) can0 141#DA310E2EB14A0302
(1757618293.329745) can0 141#E3310E2EEA0A0302
(1757618293.339845) can0 141#E6312E2EEA4A0302
(1757618293.349732) can0 141#ED313B2EEA4A0302
(1757618293.359803) can0 141#F731332EEE0A0302
(1757618293.369825) can0 141#F731202EB90A0302
(1757618293.379756) can0 141#F7310B2E9C4A0302
(1757618293.389794) can0 141#F931F02D680A0302
(1757618293.400912) can0 141#FA31DA2D684A0302
(1757618293.409801) can0 141#F931DE2D2F0A0302
(1757618293.419794) can0 141#F831DE2D2F4A0302
(1757618293.429775) can0 141#F831D62D3A4A0302
(1757618293.440969) can0 141#F731DD2D3B4A0302
(1757618293.449791) can0 141#F931F92D620A0302
(1757618293.460815) can0 141#0032182E7E4A0302
(1757618293.469692) can0 141#0732392EB40A0302
(1757618293.480805) can0 141#1932522EB44A0302
(1757618293.489775) can0 141#2932552EDD0A0302
(1757618293.500799) can0 141#3732592ED40A0302
(1757618293.509723) can0 141#4432592ED44A0302
(1757618293.520778) can0 141#52325E2EE84A0302
(1757618293.529722) can0 141#5832582ED30A0302
(1757618293.539766) can0 141#5F32582ED34A0302
(1757618293.549745) can0 141#5F32502EB24A0302
(1757618293.560886) can0 141#5E32442EB10A0302
(1757618293.569753) can0 141#5B32452E970A0302
(1757618293.580763) can0 141#5832422EA00A0302
(1757618293.589714) can0 141#54324C2E970A0302
(1757618293.599714) can0 141#4D32532E970A0302
(1757618293.609773) can0 141#4D325F2EA04A0302
(1757618293.619716) can0 141#4932672EBE4A0302
(1757618293.629636) can0 141#4A32672EBE4A0302
(1757618293.640815) can0 141#4A32792ECA4A0302
(1757618293.649705) can0 141#4C32792EE74A0302
(1757618293.659619) can0 141#4D32862EE70A0302
(1757618293.669618) can0 141#4D32962EF80A0302
(1757618293.679576) can0 141#51329A2EEC4A0302
(1757618293.689866) can0 141#5332912EF74A0302
(1757618293.699564) can0 141#5332922EE04A0302
(1757618293.709617) can0 141#5532892EEA4A0302
(1757618293.719590) can0 141#54327D2EC30A0302
(1757618293.729564) can0 141#54326C2ED04A0302
(1757618293.739684) can0 141#5132762EC94A0302
(1757618293.749518) can0 141#5132762ED50A0302
(1757618293.759542) can0 141#4E32892ED54A0302
(1757618293.769628) can0 141#4E329A2EF94A0302
(1757618293.779645) can0 141#4F329A2EF90A0302
(1757618293.789679) can0 141#4F32AA2EF84A0302
(1757618293.799632) can0 141#5632C12E160B0302
(1757618293.809650) can0 141#5732C12E210B0302
(1757618293.819642) can0 141#5732C12E210B0302
(1757618293.829567) can0 141#5932C72E160B0302
(1757618293.839730) can0 141#5D32C52E2B4B0302
(1757618293.849654) can0 141#5F32C12E0E0B0302
(1757618293.859621) can0 141#5B32B32E170B0302
(1757618293.869617) can0 141#5D32B22E040B0302
(1757618293.879575) can0 141#5B32B62E170B0302
(1757618293.889630) can0 141#5732BF2E0B4B0302
(1757618293.899630) can0 141#5432C42E1B0B0302
(1757618293.909594) can0 141#5532BF2EFF0A0302
(1757618293.919630) can0 141#5532BC2EFF0A0302
(1757618293.929530) can0 141#5632C52E170B0302
(1757618293.939597) can0 141#5732D92E390B0302
(1757618293.949603) can0 141#5732D92E390B0302
(1757618293.959613) can0 141#5832FA2E3A4B0302
(1757618293.969524) can0 141#5632032F540B0302
(1757618293.979489) can0 141#5732032F650B0302
(1757618293.989586) can0 141#5732082F654B0302
(1757618293.999448) can0 141#5732FE2E550B0302
(1757618294.009443) can0 141#5832FA2E3C4B0302
(1757618294.019506) can0 141#5A32F32E3C0B0302
(1757618294.029508) can0 141#5A32E92E424B0302
(1757618294.039595) can0 141#5732EB2E354B0302
(1757618294.049554) can0 141#5832EC2E3B4B0302
(1757618294.059556) can0 141#5832EE2E310B0302
(1757618294.069848) can0 141#5C32F12E474B0302
(1757618294.079435) can0 141#5D32F82E3D4B0302
(1757618294.089536) can0 141#5D320E2F5C4B0302
(1757618294.099526) can0 141#5E32192F5D0B0302
(1757618294.109537) can0 141#5E32242F6E4B0302
(1757618294.119524) can0 141#64322C2F6E0B0302
(1757618294.129602) can0 141#6432372F824B0302
(1757618294.139512) can0 141#65323B2F780B0302
(1757618294.149521) can0 141#67323D2F874B0302
(1757618294.159507) can0 141#6432412F7E0B0302
(1757618294.169505) can0 141#66323F2F8F0B0302
(1757618294.179507) can0 141#6732432F7D4B0302
(1757618294.189522) can0 141#6832432F8A0B0302
(1757618294.199526) can0 141#69323D2F8A4B0302
(1757618294.209524) can0 141#6A323C2F800B0302
(1757618294.219478) can0 141#6B323D2F6F4B0302
(1757618294.229665) can0 141#6832412F854B0302
(1757618294.239459) can0 141#6932452F854B0302
(1757618294.249336) can0 141#69324A2F9A0B0302
(1757618294.259339) can0 141#6A32542F944B0302
(1757618294.269470) can0 141#6B32542FA94B0302
(1757618294.279477) can0 141#6C32662FA94B0302
(1757618294.289471) can0 141#6D326A2FAF0B0302
(1757618294.299461) can0 141#72326C2FA94B0302
(1757618294.309479) can0 141#73326C2FB80B0302
(1757618294.319440) can0 141#74326D2FB80B0302
(1757618294.329486) can0 141#7532762FC10B0302
(1757618294.339454) can0 141#77327E2FB84B0302
(1757618294.349457) can0 141#74327E2FC70B0302
(1757618294.359340) can0 141#7532812FC74B0302
(1757618294.369424) can0 141#7232842FCA4B0302
(1757618294.379429) can0 141#7432802FBA4B0302
(1757618294.389436) can0 141#7432802FC74B0302
(1757618294.399402) can0 141#7232802FC74B0302
(1757618294.409405) can0 141#72327F2FCD4B0302
(1757618294.419395) can0 141#7332892FC94B0302
(1757618294.429498) can0 141#74328D2FDF0B0302
(1757618294.439447) can0 141#75329F2FDF4B0302
(1757618294.449414) can0 141#76329F2FEA4B0302
(1757618294.459366) can0 141#7732A32FE14B0302
(1757618294.469290) can0 141#7832AC2FF64B0302
(1757618294.479298) can0 141#7932B12FF60B0302
(1757618294.489384) can0 141#7A32AF2FF90B0302
(1757618294.499319) can0 141#7B32B32FEF4B0302
(1757618294.509244) can0 141#7D32B22FFF4B0302
(1757618294.519470) can0 141#7E32B22FF64B0302
(1757618294.529352) can0 141#7F32BD2F010C0302
(1757618294.539348) can0 141#8032C02FF50B0302
(1757618294.549368) can0 141#8132BD2F074C0302
(1757618294.559368) can0 141#8332BD2FEF4B0302
(1757618294.569363) can0 141#8332BD2F004C0302
(1757618294.579361) can0 141#8332C62FFE4B0302
(1757618294.589597) can0 141#8032CC2F130C0302
(1757618294.599335) can0 141#7E32D52F114C0302
(1757618294.609341) can0 141#7F32EC2F2A4C0302
(1757618294.619343) can0 141#7B32F52F294C0302
(1757618294.629408) can0 141#7932FC2F3C4C0302
(1757618294.639302) can0 141#7732FA2F270C0302
(1757618294.649304) can0 141#7932F92F320C0302
(1757618294.659187) can0 141#7632F52F320C0302
(1757618294.669306) can0 141#7632F32F430C0302
(1757618294.679232) can0 141#7532F32F310C0302
(1757618294.689301) can0 141#7632F42F2C4C0302
(1757618294.699201) can0 141#7332F42F3D4C0302
(1757618294.709222) can0 141#7432F42F3D0C0302
(1757618294.719277) can0 141#70320930344C0302
(1757618294.729205) can0 141#71321130424C0302
(1757618294.739118) can0 141#72321A30584C0302
(1757618294.749159) can0 141#73321830500C0302
(1757618294.759122) can0 141#74322330500C0302
(1757618294.769135) can0 141#75322730574C0302
(1757618294.779140) can0 141#7A322F30694C0302
(1757618294.789138) can0 141#7B3234305C0C0302
(1757618294.799537) can0 141#7D323130720C0302
(1757618294.809143) can0 141#7D3234306D4C0302
(1757618294.819136) can0 141#7E3242307F0C0302
(1757618294.829138) can0 141#80324630760C0302
(1757618294.839110) can0 141#82324D30860C0302
(1757618294.849134) can0 141#83324F30874C0302
(1757618294.859135) can0 141#84324F30794C0302
(1757618294.869139) can0 141#84324F30794C0302
(1757618294.879146) can0 141#87325A30890C0302
(1757618294.889128) can0 141#83325230814C0302
(1757618294.899077) can0 141#843250307C0C0302
(1757618294.909091) can0 141#85325230910C0302
(1757618294.919048) can0 141#86326D30910C0302
(1757618294.929119) can0 141#87327A30AE4C0302
(1757618294.939052) can0 141#88328530A84C0302
(1757618294.949130) can0 141#89328230C14C0302
(1757618294.959054) can0 141#8A328930B60C0302
(1757618294.969110) can0 141#91328F30BC0C0302
(1757618294.979176) can0 141#91329230BC0C0302
(1757618294.989035) can0 141#91329B30CB0C0302
(1757618294.999058) can0 141#8D329E30BE0C0302
(1757618295.009031) can0 141#8D32A030BE4C0302
(1757618295.019068) can0 141#8E329E30C90C0302
(1757618295.029059) can0 141#8E329D30BB0C0302
(1757618295.039076) can0 141#8632A330CE4C0302
(1757618295.049074) can0 141#8232AD30C30C0302
(1757618295.059034) can0 141#7E32AA30D74C0302
(1757618295.069010) can0 141#7A32AE30CE0C0302
(1757618295.079049) can0 141#7632B430E34C0302
(1757618295.089028) can0 141#7732C330F10C0302
(1757618295.099018) can0 141#7732C330E60C0302
(1757618295.109008) can0 141#7332CB30E60C0302
(1757618295.119077) can0 141#6F32D530FA0C0302
(1757618295.129006) can0 141#6F32D730FF4C0302
(1757618295.139032) can0 141#6B32DB30F30C0302
(1757618295.149377) can0 141#6732DD30054D0302
(1757618295.158996) can0 141#6032E530FA0C0302
(1757618295.169016) can0 141#6032EA30020D0302
(1757618295.179080) can0 141#5732EE30020D0302
(1757618295.188999) can0 141#4232F230150D0302
(1757618295.199004) can0 141#1832F330044D0302
(1757618295.209044) can0 141#1932F4300B4D0302
(1757618295.218963) can0 141#0432F3301D4D0302
(1757618295.229019) can0 141#0432F330144D0302
(1757618295.239043) can0 141#0432F7302B0D0302
(1757618295.249013) can0 141#0432FA30230D0302
(1757618295.258936) can0 141#EF31FD30374D0302
(1757618295.269071) can0 141#EF31FE30294D0302
(1757618295.279035) can0 141#DA31FA303C4D0302
(1757618295.289025) can0 141#C6310031414D0302
(1757618295.299021) can0 141#B1310431360D0302
(1757618295.308993) can0 141#7231FD30504D0302
(1757618295.319025) can0 141#B6300531490D0302
(1757618295.328988) can0 141#4A301031550D0302
(1757618295.339027) can0 141#DC2F0E31554D0302
(1757618295.349025) can0 141#6E2FFA306A4D0302
(1757618295.359173) can0 141#132ED930620D0302
(1757618295.369034) can0 141#C92B9330604D0302
(1757618295.378994) can0 141#FE2940306D4D0302
(1757618295.389027) can0 141#AD2808305C4D0302
(1757618295.399002) can0 141#7827CB2F670D0302
(1757618295.408948) can0 141#1527022F59CD0302
(1757618295.419088) can0 141#1027022F47CD0302
(1757618295.429027) can0 141#3C286D2E478D4302
(1757618295.439011) can0 141#3B28212D51CD4302
(1757618295.449030) can0 141#3C28842C428D4302
(1757618295.459009) can0 141#3C28EA2B3C8D4302
(1757618295.468993) can0 141#3D28542B4ECD4302
(1757618295.478918) can0 141#3D284C2A37CD4302
(1757618295.488944) can0 141#3D28EB2950CD4302
(1757618295.498993) can0 141#3E28EB2960CD4302
(1757618295.508846) can0 141#3E28982945CD4302
(1757618295.519028) can0 141#3D28F92845CD4302
(1757618295.529069) can0 141#3C28EF2849CD4302
(1757618295.538946) can0 141#3D28E1285BCD4302
(1757618295.548962) can0 141#3C28DF2846CD4302
(1757618295.558830) can0 141#3B28D6284B8D4702
(1757618295.568955) can0 141#3B28CC282A8D4702
(1757618295.578932) can0 141#3928C628068D4702
(1757618295.588833) can0 141#3928C628038D4702
(1757618295.598829) can0 141#3728BC28038D4702
(1757618295.608886) can0 141#3728B628DECC4702
(1757618295.618907) can0 141#3528B328BACC4702
(1757618295.628943) can0 141#3428AF28B78C4702
(1757618295.638903) can0 141#3228AE2893CC4702
(1757618295.649007) can0 141#3228AB28918C4702
(1757618295.658795) can0 141#3028A7286DCC4702
(1757618295.668833) can0 141#3028A5286ACC4702
(1757618295.678944) can0 141#2E28A22845CC4702
(1757618295.688863) can0 141#2C28A0281FCC4702
(1757618295.698747) can0 141#2C28A0281FCC4702
(1757618295.708767) can0 141#2C289D281BCC4702
(1757618295.718817) can0 141#2A289B28F6CB4002
(1757618295.728777) can0 141#28289828D18B4302
(1757618295.738866) can0 141#28289828CC8B4302
(1757618295.748845) can0 141#27289828CC8B4302
(1757618295.758756) can0 141#25289628A7CB4302
(1757618295.768865) can0 141#2328952880CB4302
(1757618295.778842) can0 141#232895287B8B4302
(1757618295.788859) can0 141#232894287BCB4302
(1757618295.798879) can0 141#21289328578B4302
(1757618295.808739) can0 141#2128932829CB4402
(1757618295.818846) can0 141#1E289128298B4402
(1757618295.828884) can0 141#1E289128188B4412
(1757618295.838847) can0 141#1B289328EB8A4412
(1757618295.848844) can0 141#1A289228DE8A4412
(1757618295.858772) can0 141#18289328B3CA4412
(1757618295.868840) can0 141#18289228AB8A4412
(1757618295.878832) can0 141#15289128ABCA4412
(1757618295.888880) can0 141#15289028768A4412
(1757618295.898841) can0 141#12288F284DCA4412
(1757618295.908749) can0 141#122890284D4A4412
(1757618295.918810) can0 141#42278E28450A0402
(1757618295.928950) can0 141#9B278E281E0A0402
(1757618295.938814) can0 141#50298D28164A0402
(1757618295.948774) can0 141#0B2B8C28F2090402
(1757618295.958746) can0 141#602E8B28F2090402
(1757618295.968776) can0 141#E12E8B28B7490402
(1757618295.978670) can0 141#622F8B28B7490402
(1757618295.989041) can0 141#C12F8E28A6490402
(1757618295.998662) can0 141#4530BB287E090402
(1757618296.008703) can0 141#6B30052980090402
(1757618296.018793) can0 141#A530932986490402
(1757618296.028765) can0 141#CB30932986090402
(1757618296.038768) can0 141#DD307A2AB5090402
(1757618296.048759) can0 141#0131652BE4490402
(1757618296.058634) can0 141#0F31322C2B0A0402
(1757618296.068750) can0 141#2731D52C524A0402
(1757618296.078821) can0 141#5631502D524A0402
(1757618296.088742) can0 141#71319F2D930A0402
(1757618296.098747) can0 141#8431B82DBB0A0402
(1757618296.108687) can0 141#9131B82DBB4A0402
(1757618296.118706) can0 141#9E31E52D924A0402
(1757618296.128736) can0 141#A231E52D360A0402
(1757618296.138978) can0 141#9931DC2D364A0402
(1757618296.148706) can0 141#9331CA2D1B0A0402
(1757618296.158603) can0 141#7B31C82DFD090402
(1757618296.168718) can0 141#7231C22DFD090402
(1757618296.178678) can0 141#6931C22DF4090402
(1757618296.188686) can0 141#6031CE2DF4090402
(1757618296.198552) can0 141#5631ED2D0F0A0402
(1757618296.208771) can0 141#5E31ED2D1D4A0402
(1757618296.218633) can0 141#5E31FF2D400A0402
(1757618296.228667) can0 141#5D310E2E3F0A0402
(1757618296.238636) can0 141#6D31092E3F4A0402
(1757618296.248541) can0 141#76310D2E390A0402
(1757618296.258626) can0 141#7E310D2E3E0A0402
(1757618296.268657) can0 141#7F31052E3E0A0402
(1757618296.278603) can0 141#8731022E304A0402
(1757618296.288640) can0 141#8731FE2D310A0402
(1757618296.298515) can0 141#8731002E1E0A0402
(1757618296.308566) can0 141#8731FF2D210A0402
(1757618296.318658) can0 141#8731022E214A0402
(1757618296.328647) can0 141#86310A2E2A0A0402
(1757618296.338488) can0 141#86310A2E310A0402
(1757618296.348641) can0 141#8631192E314A0402
(1757618296.358556) can0 141#8E31292E4D4A0402
(1757618296.368617) can0 141#8F31352E484A0402
(1757618296.378562) can0 141#9731332E594A0402
(1757618296.388622) can0 141#98313B2E514A0402
(1757618296.398609) can0 141#A1313A2E510A0402
(1757618296.408483) can0 141#A731392E424A0402
(1757618296.418519) can0 141#A831392E460A0402
(1757618296.428601) can0 141#A831352E460A0402
(1757618296.438521) can0 141#A931372E3C4A0402
(1757618296.448594) can0 141#AA313B2E450A0402
(1757618296.458594) can0 141#AA31412E2E0A0402
(1757618296.468576) can0 141#AA313D2E3E0A0402
(1757618296.478510) can0 141#AA314A2E3E0A0402
(1757618296.488513) can0 141#AE314F2E660A0402
(1757618296.498509) can0 141#AE314F2E630A0402
(1757618296.508444) can0 141#B3315A2E634A0402
(1757618296.518430) can0 141#BB316E2E724A0402
(1757618296.528440) can0 141#C0316E2E5C4A0402
(1757618296.538442) can0 141#C731622E600A0402
(1757618296.548560) can0 141#D031572E4E0A0402
(1757618296.558481) can0 141#D831542E4E4A0402
(1757618296.568593) can0 141#D8315B2E460A0402
(1757618296.578502) can0 141#D9315B2E600A0402
(1757618296.588531) can0 141#D931622E600A0402
(1757618296.598550) can0 141#D931722E5C4A0402
(1757618296.608421) can0 141#D631762E650A0402
(1757618296.618542) can0 141#D6317B2E604A0402
(1757618296.628506) can0 141#D7317A2E730A0402
(1757618296.638446) can0 141#DC31822E670A0402
(1757618296.648518) can0 141#DC31802E720A0402
(1757618296.658429) can0 141#DD31832E5D0A0402
(1757618296.668387) can0 141#DE31832E5D0A0402
(1757618296.678365) can0 141#DE31862E670A0402
(1757618296.688420) can0 141#DF31862E6D4A0402
(1757618296.698435) can0 141#DB318B2E6D4A0402
(1757618296.708371) can0 141#DB318C2E610A0402
(1757618296.718357) can0 141#DC31862E734A0402
(1757618296.728479) can0 141#DC318E2E700A0402
(1757618296.738380) can0 141#DD31932E810A0402
(1757618296.748445) can0 141#DE31932E764A0402
(1757618296.758346) can0 141#DE319D2E760A0402
(1757618296.768497) can0 141#DF31A32E724A0402
(1757618296.778469) can0 141#E031A32E724A0402
(1757618296.788448) can0 141#E0319C2E800A0402
(1757618296.798355) can0 141#E1319D2E714A0402
(1757618296.808362) can0 141#DE319E2E800A0402
(1757618296.818337) can0 141#DE31A42E7C0A0402
(1757618296.828442) can0 141#DF31A92E8A0A0402
(1757618296.838335) can0 141#DC31B12E8A0A0402
(1757618296.848453) can0 141#DC31A72E8F4A0402
(1757618296.858386) can0 141#D931A72E804A0402
(1757618296.868431) can0 141#DA31A82E804A0402
(1757618296.878360) can0 141#DA31A52E904A0402
(1757618296.888421) can0 141#DB31AE2E8A0A0402
(1757618296.898561) can0 141#D831B32E910A0402
(1757618296.908329) can0 141#D831B02E874A0402
(1757618296.918336) can0 141#DA31B02E930A0402
(1757618296.928336) can0 141#DA31B72E874A0402
(1757618296.938340) can0 141#DA31B12E9A4A0402
(1757618296.948329) can0 141#DB31B12E900A0402
(1757618296.958343) can0 141#DC31B52E900A0402
(1757618296.968248) can0 141#DC31B92E820A0402
(1757618296.978318) can0 141#DD31B92E824A0402
(1757618296.988315) can0 141#DD31B22E924A0402
(1757618296.998315) can0 141#DD31B12E8B0A0402
(1757618297.008279) can0 141#DE31C12E9E0A0402
(1757618297.018452) can0 141#DE31C92E9E4A0402
(1757618297.028242) can0 141#E231D02EB50A0402
(1757618297.038245) can0 141#E331D32EB54A0402
(1757618297.048246) can0 141#E831C92EB34A0402
(1757618297.058241) can0 141#E931D12EB44A0402
(1757618297.068244) can0 141#EA31D12EB44A0402
(1757618297.078242) can0 141#EB31DD2EC24A0402
(1757618297.088251) can0 141#EC31DD2EB74A0402
(1757618297.098246) can0 141#ED31DD2EB70A0402
(1757618297.108259) can0 141#EA31DD2EA80A0402
(1757618297.118258) can0 141#EB31D82EB20A0402
(1757618297.128258) can0 141#EB31D62E9A4A0402
(1757618297.138252) can0 141#EF31CB2EB04A0402
(1757618297.148177) can0 141#F031D42EB64A0402
(1757618297.158200) can0 141#F031DD2EB64A0402
(1757618297.168197) can0 141#ED31EA2EC20A0402
(1757618297.178201) can0 141#EE31EF2EC70A0402
(1757618297.188179) can0 141#EF31EF2EC74A0402
(1757618297.198184) can0 141#EC31EA2EBA4A0402
(1757618297.208181) can0 141#ED31E92EB90A0402
(1757618297.218182) can0 141#EA31EC2EB94A0402
(1757618297.228185) can0 141#EA31E42EC34A0402
(1757618297.238184) can0 141#E831EA2EB30A0402
(1757618297.248181) can0 141#E431EB2EC74A0402
(1757618297.258164) can0 141#E431F42EC10A0402
(1757618297.268136) can0 141#E531F22ECF0A0402
(1757618297.278201) can0 141#E631F42ECF0A0402
(1757618297.288138) can0 141#E231F92EDC4A0402
(1757618297.298189) can0 141#E331012FC64A0402
(1757618297.308150) can0 141#E431012FC60A0402
(1757618297.318196) can0 141#E531FB2ED20A0402
(1757618297.328158) can0 141#E131FB2ECC4A0402
(1757618297.338150) can0 141#E231F52ECC0A0402
(1757618297.348134) can0 141#E231F62EC00A0402
(1757618297.358195) can0 141#DF31F92ED44A0402
(1757618297.368145) can0 141#DF31002FD34A0402
(1757618297.378139) can0 141#DF31FD2EEB0A0402
(1757618297.388136) can0 141#E031072FDA0A0402
(1757618297.398144) can0 141#E1310D2FEB0A0402
(1757618297.408161) can0 141#E2310A2FDC0A0402
(1757618297.418155) can0 141#E231FE2EEC0A0402
(1757618297.428133) can0 141#E331FE2EE34A0402
(1757618297.438151) can0 141#E831072FE34A0402
(1757618297.448141) can0 141#E931082FDF0A0402
(1757618297.458111) can0 141#E631082FDF0A0402
(1757618297.468184) can0 141#E6310D2FF54A0402
(1757618297.478134) can0 141#E7311A2FEE0A0402
(1757618297.488117) can0 141#E8311A2FFB4A0402
(1757618297.498161) can0 141#E831132FE64A0402
(1757618297.508113) can0 141#E931092FF44A0402
(1757618297.518050) can0 141#EA310E2FE60A0402
(1757618297.528159) can0 141#EA31192FFD0A0402
(1757618297.538155) can0 141#EB311F2FF74A0402
(1757618297.548153) can0 141#EC311D2F070B0402
(1757618297.558077) can0 141#ED31222F074B0402
(1757618297.568129) can0 141#EE312C2F184B0402
(1757618297.578147) can0 141#EF31312F0C0B0402
(1757618297.588129) can0 141#EA31312F0C0B0402
(1757618297.598157) can0 141#EB312D2F110B0402
(1757618297.608083) can0 141#EC31222FF84A0402
(1757618297.618126) can0 141#EC31222FF84A0402
(1757618297.628117) can0 141#EC31162FF34A0402
(1757618297.638112) can0 141#EC31232F0A0B0402
(1757618297.648122) can0 141#ED31232F070B0402
(1757618297.658132) can0 141#ED31382F1B4B0402
(1757618297.668126) can0 141#ED31382F0C4B0402
(1757618297.678074) can0 141#EE31322F1A0B0402
(1757618297.688077) can0 141#EE31352F140B0402
(1757618297.697981) can0 141#EF31372F264B0402
(1757618297.708064) can0 141#F0313C2F1A4B0402
(1757618297.717986) can0 141#E5313E2F180B0402
(1757618297.727947) can0 141#E531382F110B0402
(1757618297.738102) can0 141#E6313F2F200B0402
(1757618297.748055) can0 141#DA313F2F1E4B0402
(1757618297.758014) can0 141#DB314D2F1E0B0402
(1757618297.767984) can0 141#DB31542F230B0402
(1757618297.778107) can0 141#DC31522F314B0402
(1757618297.788056) can0 141#DC31522F314B0402
(1757618297.797967) can0 141#E831492F214B0402
(1757618297.807936) can0 141#E931502F304B0402
(1757618297.818055) can0 141#E931502F304B0402
(1757618297.828082) can0 141#E9315A2F400B0402
(1757618297.838056) can0 141#EB31582F364B0402
(1757618297.848029) can0 141#DF31582F2C4B0402
(1757618297.857931) can0 141#E031532F2C0B0402
(1757618297.868021) can0 141#E0314D2F354B0402
(1757618297.878035) can0 141#E031512F294B0402
(1757618297.888179) can0 141#E1315C2F410B0402
(1757618297.898018) can0 141#E131622F380B0402
(1757618297.907903) can0 141#ED31632F514B0402
(1757618297.918020) can0 141#FB316D2F4A4B0402
(1757618297.927952) can0 141#FB31722F554B0402
(1757618297.937974) can0 141#FC31742F4C4B0402
(1757618297.947968) can0 141#FC31792F5C4B0402
(1757618297.957930) can0 141#FD31792F4C4B0402
(1757618297.967970) can0 141#FE31742F570B0402
(1757618297.977923) can0 141#FE317A2F4A4B0402
(1757618297.987971) can0 141#FF317C2F554B0402
(1757618297.997986) can0 141#FF31862F554B0402
(1757618298.007898) can0 141#0032882F584B0402
(1757618298.017914) can0 141#00328C2F520B0402
(1757618298.027951) can0 141#01328C2F524B0402
(1757618298.037958) can0 141#01328F2F5D4B0402
(1757618298.047953) can0 141#0232902F6E0B0402
(1757618298.057888) can0 141#02328D2F5E0B0402
(1757618298.067856) can0 141#03329A2F5E4B0402
(1757618298.077928) can0 141#03329A2F674B0402
(1757618298.087942) can0 141#04329A2F6E0B0402
(1757618298.098044) can0 141#05329A2F6E4B0402
(1757618298.107889) can0 141#0532A02F5F0B0402
(1757618298.117927) can0 141#0532A12F694B0402
(1757618298.127908) can0 141#0632A52F684B0402
(1757618298.137865) can0 141#F9319E2F680B0402
(1757618298.147901) can0 141#F9319C2F560B0402
(1757618298.157842) can0 141#EB319D2F5C4B0402
(1757618298.167878) can0 141#EB319D2F5C4B0402
(1757618298.177905) can0 141#EB31AF2F754B0402
(1757618298.187879) can0 141#EC31B82F760B0402
(1757618298.197880) can0 141#ED31C42F934B0402
(1757618298.207769) can0 141#ED31C92F8C4B0402
(1757618298.217880) can0 141#ED31C12F970B0402
(1757618298.227838) can0 141#E031BD2F730B0402
(1757618298.238161) can0 141#C531B32F760B0402
(1757618298.247856) can0 141#B7319E2F634B0402
(1757618298.257770) can0 141#AA31982F694B0402
(1757618298.267766) can0 141#9C319D2F5F4B0402
(1757618298.277838) can0 141#8E31A62F780B0402
(1757618298.287862) can0 141#8E31B02F7E4B0402
(1757618298.297865) can0 141#8E31B22F9C0B0402
(1757618298.307755) can0 141#8E31B32F9B0B0402
(1757618298.317830) can0 141#8E31BF2FAF4B0402
(1757618298.327824) can0 141#8E31B72FA00B0402
(1757618298.337814) can0 141#8E31A52FA50B0402
(1757618298.347884) can0 141#9D319C2F850B0402
(1757618298.357749) can0 141#9D31922F870B0402
(1757618298.367811) can0 141#9D317E2F790B0402
(1757618298.377824) can0 141#9D317F2F8C4B0402
(1757618298.387819) can0 141#9D318B2F8A0B0402
(1757618298.397794) can0 141#9D319F2F9F4B0402
(1757618298.407754) can0 141#9E31A92FA40B0402
(1757618298.417811) can0 141#8F31AF2FB90B0402
(1757618298.427794) can0 141#8F31B82FB50B0402
(1757618298.437799) can0 141#9E31C52FC64B0402
(1757618298.447779) can0 141#9E31C82FBA4B0402
(1757618298.457704) can0 141#9F31C42FC10B0402
(1757618298.467795) can0 141#9F31BD2FAF0B0402
(1757618298.477724) can0 141#8131B92FB30B0402
(1757618298.487727) can0 141#7231B32F9F4B0402
(1757618298.497749) can0 141#4431AE2FA70B0402
(1757618298.507724) can0 141#F830A72F9C4B0402
(1757618298.517650) can0 141#2330A72F9C4B0402
(1757618298.527749) can0 141#AC2FA92FAB4B0402
(1757618298.537687) can0 141#F82E9C2FBE0B0402
(1757618298.547728) can0 141#2A2E8A2FB30B0402
(1757618298.557683) can0 141#E029722FB30B0402
(1757618298.567642) can0 141#7C28322FC40B0402
(1757618298.577728) can0 141#7827DF2ED44B0402
(1757618298.587727) can0 141#48279C2EC50B0402
(1757618298.597730) can0 141#1027392EC7CB0402
(1757618298.607643) can0 141#2628AB2DB0CB4402
(1757618298.617740) can0 141#2628112DB38B4402
(1757618298.627765) can0 141#2528762C988B4402
(1757618298.637714) can0 141#2528DC2B98CB4402
(1757618298.647707) can0 141#2428492B898B4402
(1757618298.657610) can0 141#2528D22A9DCB4402
(1757618298.667605) can0 141#2428752A968B4402
(1757618298.677657) can0 141#26280C2A968B4402
(1757618298.687711) can0 141#2528C329A8CB4402
(1757618298.697634) can0 141#27287629BE8B4402
(1757618298.707583) can0 141#26287629B58B4402
(1757618298.717584) can0 141#27280E29B5CB4402
(1757618298.727635) can0 141#26280429B4CB4402
(1757618298.737615) can0 141#2728F728BF8B4402
(1757618298.747699) can0 141#2528F7289F8B4402
(1757618298.757697) can0 141#2528F1289F8B4402
(1757618298.767630) can0 141#2228EC286FCB4402
(1757618298.777680) can0 141#2228E228668B4402
(1757618298.787669) can0 141#2228E2283F8B4702
(1757618298.797684) can0 141#1F28D3283F8B4702
(1757618298.807539) can0 141#1D28D0280E8B4702
(1757618298.817640) can0 141#1D28D02803CB4702
(1757618298.827558) can0 141#1C28CA2803CB4702
(1757618298.837659) can0 141#1A28C028DB8A4702
(1757618298.847642) can0 141#1A28C028D18A4702
(1757618298.857573) can0 141#1728BB28A88A4702
(1757618298.867661) can0 141#1728B6289C8A4702
(1757618298.877641) can0 141#1528B128748A4702
(1757618298.887629) can0 141#1428AC2869CA4702
(1757618298.897622) can0 141#1228AB2840CA4702
(1757618298.907554) can0 141#1228AB2840CA4702
(1757618298.917552) can0 141#0F28A42832CA4702
(1757618298.927789) can0 141#0F28A428FC894702
(1757618298.937598) can0 141#0E28A028FC894702
(1757618298.947617) can0 141#0C289D28D3C94702
(1757618298.957549) can0 141#0B289928C5894702
(1757618298.967575) can0 141#092897289C894702
(1757618298.977526) can0 141#092897289C894702
(1757618298.987529) can0 141#082895288CC94702
(1757618298.997579) can0 141#0628922864C94702
(1757618299.007531) can0 141#0528902854894702
(1757618299.017476) can0 141#022890282AC94702
(1757618299.027580) can0 141#022890282AC94702
(1757618299.037555) can0 141#01288F2819894702
(1757618299.047482) can0 141#FF278F28F0884002
(1757618299.057483) can0 141#FE278E28DE884502
(1757618299.067557) can0 141#FE278E28DE884502
(1757618299.077528) can0 141#FC279028B4C84502
(1757618299.087607) can0 141#FB278F28A1884602
(1757618299.097566) can0 141#F927922878884602
(1757618299.107442) can0 141#F927922878884602
(1757618299.117550) can0 141#F727932864C84602
(1757618299.127602) can0 141#F52793283AC84602
(1757618299.137442) can0 141#F52793283AC84602
(1757618299.147447) can0 141#F427932825C84602
(1757618299.157456) can0 141#F2279528FBC74602
(1757618299.167433) can0 141#F1279328E5C74602
(1757618299.177446) can0 141#F1279328E5C74602
(1757618299.187485) can0 141#EE279328BA874602
(1757618299.197385) can0 141#ED279128BAC74602
(1757618299.207426) can0 141#ED279128A2C74602
(1757618299.217390) can0 141#EA278F2877C74602
(1757618299.227440) can0 141#EA278F2877C74602
(1757618299.237390) can0 141#E9278D285F874602
(1757618299.247389) can0 141#E7278D2832874602
(1757618299.257370) can0 141#E7278D2832874602
(1757618299.267738) can0 141#E5278C2818074602
(1757618299.277359) can0 141#10278C2818470602
(1757618299.287360) can0 141#9C278A28EB460602
(1757618299.297351) can0 141#95288A28CF460602
(1757618299.307356) can0 141#EA298628CF460602
(1757618299.317361) can0 141#E52B8428CF460602
(1757618299.327651) can0 141#D52C8428A0060602
(1757618299.337357) can0 141#502D832882460602
(1757618299.347654) can0 141#842D832882460602
(1757618299.357309) can0 141#B72D832852462602
(1757618299.367610) can0 141#D42D832852462602
(1757618299.377307) can0 141#E32DB72845462602
(1757618299.387552) can0 141#CC2DB72845062602
(1757618299.397310) can0 141#AF2D202944462602
(1757618299.407534) can0 141#A12D112A6B062602
(1757618299.417287) can0 141#B62D112A6B062602
(1757618299.427502) can0 141#A72D142A9D460602
(1757618299.437301) can0 141#C22D282B9D060602
(1757618299.447482) can0 141#B22DEA2BF0460602
(1757618299.457301) can0 141#DC2DEA2BF0060602
(1757618299.467510) can0 141#DC2DAB2C4B070602
(1757618299.477285) can0 141#DA2D3A2DCD470602
(1757618299.487444) can0 141#DA2D852D41480602
(1757618299.497287) can0 141#F62D852D41080602
(1757618299.507421) can0 141#F62D092EDC080602
(1757618299.517282) can0 141#462EBE2E71490502
(1757618299.527385) can0 141#462E1E2F210A0502
(1757618299.537289) can0 141#7A2E3D2F8A0A0502
(1757618299.547363) can0 141#E42E3D2F8A4A0502
(1757618299.557307) can0 141#512F242FDE0A0402
(1757618299.567346) can0 141#5B2FE42E0E4B0402
(1757618299.577241) can0 141#622FE42E0E4B0402
(1757618299.587312) can0 141#5B2FDC2EEC4A0402
(1757618299.597242) can0 141#2C2FD62EAE0A0502
(1757618299.607305) can0 141#F92EE52E4F0A0502
(1757618299.617252) can0 141#B12EDB2E150A2502
(1757618299.627295) can0 141#772EE92EE6492502
(1757618299.637232) can0 141#562EE82EE6092502
(1757618299.647268) can0 141#5D2ED82ECA490502
(1757618299.657219) can0 141#4C2ED82ECA490502
(1757618299.667413) can0 141#4C2E992EF2090502
(1757618299.677260) can0 141#782E8C2E094A0502
(1757618299.687195) can0 141#8F2E702E3A0A0502
(1757618299.697238) can0 141#C52E5A2E4D0A0502
(1757618299.707285) can0 141#DF2E5A2E444A0502
(1757618299.717211) can0 141#092F422E444A0502
(1757618299.727238) can0 141#072F432E054A0502
(1757618299.737278) can0 141#082F1C2E054A0502
(1757618299.747279) can0 141#082F222EE2090502
(1757618299.757237) can0 141#E12EF02D030A0502
(1757618299.767230) can0 141#E12EE62D184A0502
(1757618299.777246) can0 141#D02EDB2D460A0502
(1757618299.787196) can0 141#C42EDB2D460A0502
(1757618299.797253) can0 141#B52EE92D4F4A0502
(1757618299.807249) can0 141#B82EE92D2F0A0502
(1757618299.817318) can0 141#A52EF72D2F0A0502
(1757618299.827361) can0 141#A12EE82D130A0502
(1757618299.837242) can0 141#862EE02DE9490502
(1757618299.847205) can0 141#722EB82DF7490502
(1757618299.857186) can0 141#772EB82DF5090502
(1757618299.867252) can0 141#792EB92DF5090502
(1757618299.877209) can0 141#942E982D1A4A0502
(1757618299.887099) can0 141#962E982D310A0502
(1757618299.897213) can0 141#962E7F2D504A0502
(1757618299.907149) can0 141#962E882D514A0502
(1757618299.917268) can0 141#962E862D504A0502
(1757618299.927123) can0 141#962E812D350A0502
(1757618299.937192) can0 141#962E812D1B0A0502
(1757618299.947097) can0 141#842E772D1B0A0502
(1757618299.957136) can0 141#842E812DFB490502
(1757618299.967097) can0 141#712E612D0E0A0502
(1757618299.977252) can0 141#712E592D180A0502
(1757618299.987068) can0 141#712E512D394A0502
(1757618299.997176) can0 141#722E5A2D390A0502
(1757618300.007073) can0 141#722E482D550A0502
(1757618300.017205) can0 141#722E482D434A0502
(1757618300.027059) can0 141#722E532D434A0502
(1757618300.037056) can0 141#842E4D2D3D4A0502
(1757618300.047061) can0 141#842E4F2D244A0502
(1757618300.057075) can0 141#842E3D2D260A0502
(1757618300.067036) can0 141#842E492D114A0502
(1757618300.077034) can0 141#842E322D114A0502
(1757618300.087060) can0 141#842E362D264A0502
(1757618300.097133) can0 141#842E362D264A0502
(1757618300.107104) can0 141#842E2C2D3C4A0502
(1757618300.117130) can0 141#972E332D3A4A0502
(1757618300.127123) can0 141#AA2E292D4C0A0502
(1757618300.137098) can0 141#AA2E352D420A0502
(1757618300.147099) can0 141#AA2E252D4F0A0502
(1757618300.157051) can0 141#AA2E302D4F4A0502
(1757618300.167101) can0 141#AA2E222D3E4A0502
(1757618300.177018) can0 141#AA2E222D3E4A0502
(1757618300.187096) can0 141#AA2E382D1B4A0502
(1757618300.197290) can0 141#AA2E212D270A0502
(1757618300.207006) can0 141#AA2E272D264A0502
(1757618300.216974) can0 141#AA2E232D380A0502
(1757618300.226999) can0 141#BC2E292D454A0502
(1757618300.237078) can0 141#BD2E192D450A0502
(1757618300.246959) can0 141#BD2E292D634A0502
(1757618300.256974) can0 141#BD2E292D634A0502
(1757618300.267103) can0 141#BD2E312D6C4A0502
(1757618300.277017) can0 141#AA2E4B2D4A4A0502
(1757618300.287018) can0 141#AA2E322D430A0502
(1757618300.297065) can0 141#AA2E1D2D2C4A0502
(1757618300.307015) can0 141#AA2E152D2B4A0502
(1757618300.317033) can0 141#AA2E112D2B0A0502
(1757618300.327031) can0 141#AA2E0E2D460A0502
(1757618300.336992) can0 141#AA2E0E2D460A0502
(1757618300.346986) can0 141#AA2E1F2D534A0502
(1757618300.356955) can0 141#AA2E332D630A0502
(1757618300.366988) can0 141#AA2E342D540A0502
(1757618300.377008) can0 141#AA2E2D2D614A0502
(1757618300.386983) can0 141#AA2E2F2D490A0502
(1757618300.397009) can0 141#AA2E222D494A0502
(1757618300.406975) can0 141#AA2E1A2D450A0502
(1757618300.416954) can0 141#AB2E1A2D454A0502
(1757618300.426959) can0 141#AB2E172D520A0502
(1757618300.436975) can0 141#AB2E142D3F4A0502
(1757618300.446962) can0 141#AB2E132D4B0A0502
(1757618300.456978) can0 141#AB2E1A2D470A0502
(1757618300.466923) can0 141#AB2E1D2D5A4A0502
(1757618300.476887) can0 141#AB2E1F2D5A0A0502
(1757618300.486939) can0 141#BD2E162D534A0502
(1757618300.496871) can0 141#BD2E162D450A0502
(1757618300.506947) can0 141#BD2E1D2D454A0502
(1757618300.516877) can0 141#BD2E182D650A0502
(1757618300.527143) can0 141#AB2E232D600A0502
(1757618300.536975) can0 141#AB2E2F2D6A0A0502
(1757618300.546867) can0 141#AB2E302D634A0502
(1757618300.556911) can0 141#AB2E2A2D630A0502
(1757618300.566946) can0 141#AB2E292D5A0A0502
(1757618300.576938) can0 141#BD2E222D614A0502
(1757618300.586893) can0 141#BD2E222D614A0502
(1757618300.596920) can0 141#BD2E292D4E4A0502
(1757618300.606894) can0 141#AB2E202D5E4A0502
(1757618300.616922) can0 141#AB2E222D4F0A0502
(1757618300.626896) can0 141#AB2E1D2D634A0502
(1757618300.636844) can0 141#AB2E262D5F0A0502
(1757618300.646931) can0 141#AB2E2F2D734A0502
(1757618300.656851) can0 141#AB2E352D680A0502
(1757618300.666821) can0 141#AB2E352D680A0502
(1757618300.676857) can0 141#AB2E372D770A0502
(1757618300.686885) can0 141#AB2E372D5E4A0502
(1757618300.696865) can0 141#982E2C2D5E4A0502
(1757618300.706815) can0 141#982E232D470A0502
(1757618300.716869) can0 141#982E1C2D5D4A0502
(1757618300.726842) can0 141#982E212D5E0A0502
(1757618300.736897) can0 141#AB2E292D734A0502
(1757618300.746905) can0 141#AB2E292D6C0A0502
(1757618300.756782) can0 141#AB2E2F2D6C0A0502
(1757618300.766786) can0 141#AB2E352D6E0A0502
(1757618300.776765) can0 141#AB2E352D6E0A0502
(1757618300.786848) can0 141#AB2E2C2D740A0502
(1757618300.796841) can0 141#AB2E2C2D6A0A0502
(1757618300.806763) can0 141#AB2E272D760A0502
(1757618300.816840) can0 141#AB2E282D680A0502
(1757618300.826798) can0 141#AB2E282D774A0502
(1757618300.836780) can0 141#AB2E2E2D774A0502
(1757618300.846791) can0 141#AB2E2A2D770A0502
(1757618300.856731) can0 141#AB2E2A2D770A0502
(1757618300.866742) can0 141#AB2E2C2D6B4A0502
(1757618300.876749) can0 141#AB2E2C2D7B0A0502
(1757618300.886805) can0 141#AB2E2E2D760A0502
(1757618300.896820) can0 141#AB2E2A2D834A0502
(1757618300.906720) can0 141#AB2E2F2D780A0502
(1757618300.916752) can0 141#AB2E2D2D784A0502
(1757618300.926713) can0 141#BE2E322D7A0A0502
(1757618300.936685) can0 141#BE2E312D890A0502
(1757618300.946705) can0 141#AB2E312D894A0502
(1757618300.956718) can0 141#AB2E252D780A0502
(1757618300.966778) can0 141#AB2E252D734A0502
(1757618300.976749) can0 141#AB2E252D734A0502
(1757618300.986696) can0 141#AB2E212D824A0502
(1757618300.996820) can0 141#AB2E2D2D7A0A0502
(1757618301.006676) can0 141#982E342D880A0502
(1757618301.016689) can0 141#982E332D7C0A0502
(1757618301.026676) can0 141#AB2E332D920A0502
(1757618301.036724) can0 141#982E3E2D924A0502
(1757618301.046838) can0 141#982E372D930A0502
(1757618301.056634) can0 141#AB2E372D930A0502
(1757618301.066738) can0 141#AB2E362D7F0A0502
(1757618301.076695) can0 141#AB2E332D8D4A0502
(1757618301.086740) can0 141#982E282D744A0502
(1757618301.096712) can0 141#982E1D2D7F0A0502
(1757618301.106663) can0 141#982E212D7C0A0502
(1757618301.116662) can0 141#982E2A2D7C4A0502
(1757618301.126720) can0 141#982E362D8C0A0502
(1757618301.136680) can0 141#982E352DA04A0502
(1757618301.146792) can0 141#982E352DA04A0502
(1757618301.156688) can0 141#982E342D960A0502
(1757618301.166690) can0 141#982E342DA00A0502
(1757618301.176610) can0 141#982E302D8D4A0502
(1757618301.186690) can0 141#992E262D954A0502
(1757618301.196668) can0 141#992E212D854A0502
(1757618301.206595) can0 141#862E202D900A0502
(1757618301.216659) can0 141#862E252D8B0A0502
(1757618301.226644) can0 141#992E252DA10A0502
(1757618301.236635) can0 141#992E2B2DA14A0502
(1757618301.246641) can0 141#992E262DA94A0502
(1757618301.256559) can0 141#992E262DA94A0502
(1757618301.266629) can0 141#992E2E2D9F0A0502
(1757618301.276627) can0 141#992E302DAF0A0502
(1757618301.286929) can0 141#992E312D9E0A0502
(1757618301.296677) can0 141#992E2A2DA40A0502
(1757618301.306622) can0 141#992E2C2D934A0502
(1757618301.316608) can0 141#992E272D9D4A0502
(1757618301.326558) can0 141#992E282D914A0502
(1757618301.336627) can0 141#992E242D984A0502
(1757618301.346618) can0 141#992E242D984A0502
(1757618301.356595) can0 141#992E242D8F4A0502
(1757618301.366524) can0 141#992E242DA14A0502
(1757618301.376601) can0 141#992E282DA14A0502
(1757618301.386619) can0 141#992E2D2DAF0A0502
(1757618301.396544) can0 141#992E332DA74A0502
(1757618301.406509) can0 141#992E332DB34A0502
(1757618301.416605) can0 141#992E372DA54A0502
(1757618301.426579) can0 141#992E322DB30A0502
(1757618301.436515) can0 141#992E322DB30A0502
(1757618301.446578) can0 141#992E2F2DBE4A0502
(1757618301.456545) can0 141#992E2F2DAA4A0502
(1757618301.466554) can0 141#992E332DAA0A0502
(1757618301.476550) can0 141#992E2D2DAF0A0502
(1757618301.486601) can0 141#992E2D2DAE4A0502
(1757618301.496537) can0 141#992E282DAE4A0502
(1757618301.506494) can0 141#992E2D2DA60A0502
(1757618301.516537) can0 141#AC2E2A2DBA0A0502
(1757618301.526468) can0 141#AC2E2F2DB60A0502
(1757618301.536526) can0 141#AC2E342DC20A0502
(1757618301.546460) can0 141#AC2E352DA90A0502
(1757618301.556489) can0 141#AC2E272DA90A0502
(1757618301.566450) can0 141#AC2E2A2DAC4A0502
(1757618301.576446) can0 141#AC2E2A2DBF0A0502
(1757618301.586505) can0 141#AC2E2D2DBF4A0502
(1757618301.596451) can0 141#AC2E2F2DB90A0502
(1757618301.606523) can0 141#AC2E2F2DC80A0502
(1757618301.616445) can0 141#AC2E362DBE0A0502
(1757618301.626512) can0 141#AC2E342DCF4A0502
(1757618301.636413) can0 141#AC2E382DC34A0502
(1757618301.646485) can0 141#AC2E372DC54A0502
(1757618301.656479) can0 141#AC2E342DB44A0502
(1757618301.666432) can0 141#AC2E342DBF0A0502
(1757618301.676457) can0 141#AC2E2E2DBF4A0502
(1757618301.686463) can0 141#AC2E342DCB0A0502
(1757618301.696456) can0 141#AC2E342DBE4A0502
(1757618301.706455) can0 141#AC2E382DBE4A0502
(1757618301.716461) can0 141#992E332DC74A0502
(1757618301.726484) can0 141#992E362DCC0A0502
(1757618301.736439) can0 141#862E372DCC0A0502
(1757618301.746475) can0 141#862E3B2DB70A0502
(1757618301.756436) can0 141#4E2E342DBB4A0502
(1757618301.766439) can0 141#3B2E2D2DBC0A0502
(1757618301.776387) can0 141#F02D352DD40A0502
(1757618301.786433) can0 141#BE2C3D2DCF0A0502
(1757618301.796432) can0 141#F929372DCF0A0502
(1757618301.806419) can0 141#B028342DCE4A0502
(1757618301.816418) can0 141#8427342DD74A0502
(1757618301.826415) can0 141#5127282DD74A0502
(1757618301.836389) can0 141#1027762CC68A0502
(1757618301.846451) can0 141#1928762CBC8A4502
(1757618301.856421) can0 141#18280F2CBC8A4502
(1757618301.866416) can0 141#1928922BC38A4502
(1757618301.876325) can0 141#1828212BB48A4502
(1757618301.886398) can0 141#1928B82AC4CA4502
(1757618301.896395) can0 141#18285D2ABACA4502
(1757618301.906401) can0 141#1928022AC9CA4502
(1757618301.916376) can0 141#1928BB29C98A4502
(1757618301.926368) can0 141#19286C29CECA4502
(1757618301.936417) can0 141#19286C29C08A4502
(1757618301.946370) can0 141#19283429C0CA4502
(1757618301.956373) can0 141#19280329CECA4502
(1757618301.966372) can0 141#19280329CBCA4502
(1757618301.976374) can0 141#1928F528CB8A4502
(1757618301.986367) can0 141#1728E928AACA4502
(1757618301.996364) can0 141#1728E228A2CA4502
(1757618302.006377) can0 141#1528DF287D8A4502
(1757618302.016386) can0 141#1528D42878CA4502
(1757618302.026371) can0 141#1328D42855CA4502
(1757618302.036374) can0 141#1228C32855CA4702
(1757618302.046384) can0 141#1028BE2825CA4702
(1757618302.056384) can0 141#1028BE2825CA4702
(1757618302.066468) can0 141#1028B72819CA4702
(1757618302.076370) can0 141#0D28B128F1C94702
(1757618302.086472) can0 141#0D28AC28E4894702
(1757618302.096246) can0 141#0A28A728BCC94702
(1757618302.106297) can0 141#0A28A728BCC94702
(1757618302.116386) can0 141#07289B28AD894702
(1757618302.126302) can0 141#07289B2885894702
(1757618302.136315) can0 141#0728972875894702
(1757618302.146381) can0 141#042897284EC94702
(1757618302.156329) can0 141#032892284E894702
(1757618302.166292) can0 141#032892283EC94702
(1757618302.176294) can0 141#0128912815894702
(1757618302.186282) can0 141#0028902804894702
(1757618302.196282) can0 141#FE27912804894702
(1757618302.206260) can0 141#FE279128C9884702
(1757618302.216203) can0 141#FD278E28C9C84702
(1757618302.226290) can0 141#FB278D28A0C84702
(1757618302.236397) can0 141#FA278C28A0C84702
(1757618302.246418) can0 141#FA278C288DC84702
(1757618302.256230) can0 141#F7278F2864884002
(1757618302.266235) can0 141#F627902851884002
(1757618302.276227) can0 141#F4278E2851C84602
(1757618302.286298) can0 141#F4278E2826C84602
(1757618302.296229) can0 141#F3278E2811C84602
(1757618302.306215) can0 141#F3278E2811C84602
(1757618302.316168) can0 141#F1279128E7C74602
(1757618302.326226) can0 141#EF279028D2874602
(1757618302.336260) can0 141#EF279028D2874602
(1757618302.346216) can0 141#ED278E28A7874602
(1757618302.356212) can0 141#EC278B28A7C74602
(1757618302.366257) can0 141#EC278B288FC74602
(1757618302.376237) can0 141#E927872864C74602
(1757618302.386186) can0 141#E927872864C74602
(1757618302.396207) can0 141#E82785284CC74602
(1757618302.406189) can0 141#E62785281F874602
(1757618302.416192) can0 141#E62785281F874602
(1757618302.426180) can0 141#E427842804874602
(1757618302.436312) can0 141#E227822804874602
(1757618302.446157) can0 141#E2278228D7864602
(1757618302.456171) can0 141#E0278028BCC64602
(1757618302.466161) can0 141#E0278028BCC64602
(1757618302.476197) can0 141#DE277F288C864602
(1757618302.486171) can0 141#DE277F288C864602
(1757618302.496153) can0 141#DC277A286E866602
(1757618302.506145) can0 141#DC277A286E466602
(1757618302.516139) can0 141#172776283E462602
(1757618302.526222) can0 141#61276F281E062602
(1757618302.536413) can0 141#95276F281E462602
(1757618302.546154) can0 141#BA276F281E062602
(1757618302.556120) can0 141#A5286928EC052602
(1757618302.566092) can0 141#F1286428C8052602
(1757618302.576150) can0 141#1B296428C8052602
(1757618302.586067) can0 141#41296428C8052602
(1757618302.596105) can0 141#6D295C2896452602
(1757618302.606044) can0 141#6D295C2896452602
(1757618302.616125) can0 141#6D295D287A452602
(1757618302.626044) can0 141#71295D287A052602
(1757618302.636082) can0 141#9A296D285F452602
(1757618302.646097) can0 141#BF296D285F052602
(1757618302.656082) can0 141#E52983286A052602
(1757618302.666167) can0 141#092A83286A452602
(1757618302.676147) can0 141#542A97286A052602
(1757618302.686017) can0 141#742A9728A0452602
(1757618302.696079) can0 141#992AB62813062602
(1757618302.706074) can0 141#B42AB62813062602
(1757618302.716047) can0 141#F62AC6288E460602
(1757618302.726072) can0 141#432BCF2822070602
(1757618302.736057) can0 141#922BD92822470602
(1757618302.746015) can0 141#EA2BFB28B8470602
(1757618302.756057) can0 141#E42CFF28B8070602
(1757618302.765995) can0 141#A32DFF2865480602
(1757618302.776089) can0 141#CF2D1429CB480602
(1757618302.786093) can0 141#292E432905490602
(1757618302.796121) can0 141#992EC82905090602
(1757618302.805956) can0 141#AA2EC829EF080602
(1757618302.816014) can0 141#AA2E532ACB480602
(1757618302.826129) can0 141#A42EF92A6C480602
(1757618302.836016) can0 141#962EF92A6C080602
(1757618302.845964) can0 141#5C2E7F2B1C082602
(1757618302.856057) can0 141#452EF62B01082602
(1757618302.865986) can0 141#3F2EF62B01080602
(1757618302.875959) can0 141#462E1A2C22080602
(1757618302.886023) can0 141#462E692C37080602
(1757618302.896003) can0 141#4A2E792C7A480602
(1757618302.905972) can0 141#572E792C7A480602
(1757618302.915975) can0 141#5C2E9A2C97480602
(1757618302.926031) can0 141#5C2ECE2CB3080602
(1757618302.935992) can0 141#622ECE2C9F080602
(1757618302.945931) can0 141#5E2E002D9F080602
(1757618302.955971) can0 141#602EF52CAA080602
(1757618302.965930) can0 141#602E312D69080602
(1757618302.975924) can0 141#542E312D69480602
(1757618302.985938) can0 141#542E272D4B080602
(1757618302.995948) can0 141#4C2E082D43080602
(1757618303.005894) can0 141#4C2EFF2C5B080602
(1757618303.015897) can0 141#512EFF2C5B080602
(1757618303.025919) can0 141#512E0B2D6C480602
(1757618303.035930) can0 141#542E162D6C480602
(1757618303.045925) can0 141#562E1C2D72080602
(1757618303.055870) can0 141#552E1C2D72080602
(1757618303.065919) can0 141#552E0D2D7F480602
(1757618303.075905) can0 141#6D2E1E2D7F480602
(1757618303.085889) can0 141#6B2E1E2D72080602
(1757618303.095931) can0 141#6B2E202D72480602
(1757618303.105906) can0 141#6B2E312D57080602
(1757618303.115878) can0 141#662E1D2D57080602
(1757618303.125858) can0 141#682E1D2D5E480602
(1757618303.135880) can0 141#682E1A2D5D080602
(1757618303.145858) can0 141#672E1A2D6F480602
(1757618303.155942) can0 141#962E1F2D6F080602
(1757618303.165897) can0 141#982E1F2D7A080602
(1757618303.175846) can0 141#AE2E1A2D86080602
(1757618303.185856) can0 141#AF2E1A2D86480602
(1757618303.195831) can0 141#D92E2C2D79080602
(1757618303.205896) can0 141#EE2E2F2D70480602
(1757618303.215807) can0 141#042F432D50080602
(1757618303.225863) can0 141#012F432D50080602
(1757618303.235847) can0 141#032F2D2D60080602
(1757618303.245848) can0 141#032F282D6A080602
(1757618303.255852) can0 141#ED2E272D85080602
(1757618303.265849) can0 141#F02E372D85480602
(1757618303.275834) can0 141#F02E522D86480602
(1757618303.285863) can0 141#052F5A2D83480602
(1757618303.295825) can0 141#052F5A2D83480602
(1757618303.305794) can0 141#052F642D70080602
(1757618303.315771) can0 141#042F5E2D6C080602
(1757618303.325793) can0 141#042F6C2D5C480602
(1757618303.335796) can0 141#022F6C2D5C480602
(1757618303.345806) can0 141#022F5E2D64480602
(1757618303.355878) can0 141#032F5A2D6E480602
(1757618303.365798) can0 141#042F532D89080602
(1757618303.375998) can0 141#062F532D89480602
(1757618303.385825) can0 141#062F602D8A480602
(1757618303.395741) can0 141#1B2F642D8A080602
(1757618303.405847) can0 141#1C2F642D80480602
(1757618303.415764) can0 141#1B2F732D80080602
(1757618303.425799) can0 141#052F762D74480602
(1757618303.435768) can0 141#EE2E7F2D74080602
(1757618303.445778) can0 141#ED2E7F2D64480602
(1757618303.455725) can0 141#ED2E6E2D6B480602
(1757618303.465820) can0 141#D82E6E2D69080602
(1757618303.475740) can0 141#D72E672D69080602
(1757618303.485758) can0 141#DA2E672D87480602
(1757618303.495716) can0 141#DA2E702D8B480602
(1757618303.505741) can0 141#DB2E702D91480602
(1757618303.515741) can0 141#DB2E772D91080602
(1757618303.525773) can0 141#C32E772D76080602
(1757618303.535686) can0 141#C32E642D74080602
(1757618303.545726) can0 141#AD2E642D74480602
(1757618303.555846) can0 141#AD2E592D62480602
(1757618303.565743) can0 141#AD2E5A2D75480602
(1757618303.575817) can0 141#AD2E632D7E080602
(1757618303.585770) can0 141#972E632D7E080602
(1757618303.595660) can0 141#982E672D8C080602
(1757618303.605693) can0 141#982E6E2D87480602
(1757618303.615680) can0 141#982E692D81080602
(1757618303.625742) can0 141#982E692D81080602
(1757618303.635644) can0 141#982E652D71080602
(1757618303.645705) can0 141#982E5B2D79080602
(1757618303.655720) can0 141#982E5B2D7F080602
(1757618303.665878) can0 141#982E5C2D7F480602
(1757618303.675788) can0 141#982E6C2D97480602
(1757618303.685719) can0 141#982E752D96480602
(1757618303.695671) can0 141#982E752D96480602
(1757618303.705672) can0 141#982E732D92080602
(1757618303.715593) can0 141#992E652D7B480602
(1757618303.725719) can0 141#992E572D7F480602
(1757618303.735583) can0 141#992E572D7F480602
(1757618303.745651) can0 141#992E5A2D79080602
(1757618303.755683) can0 141#992E642D91480602
(1757618303.765819) can0 141#992E6D2D8D080602
(1757618303.775851) can0 141#992E6D2D8D080602
(1757618303.785722) can0 141#992E692D8A080602
(1757618303.795605) can0 141#992E652D8A080602
(1757618303.805631) can0 141#992E652D8E480602
(1757618303.815604) can0 141#992E602D8E480602
(1757618303.825760) can0 141#992E6A2D8D480602
(1757618303.835627) can0 141#9A2E6C2D8D480602
(1757618303.845625) can0 141#9A2E6C2D86080602
(1757618303.855583) can0 141#9A2E722D86080602
(1757618303.865835) can0 141#842E662D8C080602
(1757618303.875606) can0 141#842E652D8C080602
(1757618303.885757) can0 141#842E652D7E480602
(1757618303.895605) can0 141#842E5F2D86080602
(1757618303.905534) can0 141#6F2E5F2D8F080602
(1757618303.915589) can0 141#6F2E772D8F080602
(1757618303.925753) can0 141#6F2E772DA1080602
(1757618303.935533) can0 141#6F2E7D2D95480602
(1757618303.945563) can0 141#6F2E7D2D95480602
(1757618303.955502) can0 141#5A2E622D95080602
(1757618303.965575) can0 141#5A2E622D79480602
(1757618303.975563) can0 141#702E562D87080602
(1757618303.985778) can0 141#702E562D87080602
(1757618303.995562) can0 141#6F2E5C2D8E480602
(1757618304.005505) can0 141#702E672DA2080602
(1757618304.015537) can0 141#702E722DA2480602
(1757618304.025769) can0 141#702E722DA2480602
(1757618304.035705) can0 141#702E6F2D9F080602
(1757618304.045540) can0 141#5B2E652D92480602
(1757618304.055517) can0 141#5B2E5B2D99480602
(1757618304.065516) can0 141#5B2E5B2D99480602
(1757618304.075514) can0 141#312E5E2D91080602
(1757618304.085568) can0 141#1B2E642D9D480602
(1757618304.095513) can0 141#062E692D96480602
(1757618304.105564) can0 141#062E692D96480602
(1757618304.115488) can0 141#F12D642D97080602
(1757618304.125593) can0 141#DC2D5B2D91080602
(1757618304.135504) can0 141#C62D5B2DA7480602
(1757618304.145573) can0 141#C72D592DA7480602
(1757618304.155462) can0 141#842D5C2DA4080602
(1757618304.165489) can0 141#152D512DA7080602
(1757618304.175492) can0 141#A72C512D91480602
(1757618304.185850) can0 141#002C402D91080602
(1757618304.195493) can0 141#232B2E2D8F480602
(1757618304.205593) can0 141#D52A222D88480602
(1757618304.215498) can0 141#8C2A222D88480602
(1757618304.225607) can0 141#8C2A0D2DA5080602
(1757618304.235501) can0 141#672ADA2CA8080602
(1757618304.245606) can0 141#672A992CB6480602
(1757618304.255496) can0 141#8C2A992CB6480602
(1757618304.265501) can0 141#8C2A5F2CA0080602
(1757618304.275495) can0 141#B02A1F2C9B080602
(1757618304.285601) can0 141#D52AE02B86480602
(1757618304.295520) can0 141#D52AE02B86480602
(1757618304.305598) can0 141#D52ACB2B95080602
(1757618304.315419) can0 141#D52ACA2B99480602
(1757618304.325627) can0 141#FA2AB42BAC080602
(1757618304.335418) can0 141#FA2AB42BAC080602
(1757618304.345634) can0 141#FA2AA82BAA480602
(1757618304.355378) can0 141#222B942BAA080602
(1757618304.365375) can0 141#222B8B2BA6480602
(1757618304.375550) can0 141#5A2B8B2BA6480602
(1757618304.385627) can0 141#912B7B2BA8480602
(1757618304.395604) can0 141#C92B752BA8480602
(1757618304.405424) can0 141#C92B752B9E480602
(1757618304.415396) can0 141#C92B732B9E480602
(1757618304.425386) can0 141#C92B7E2B9A480602
(1757618304.435377) can0 141#C92B882B9A480602
(1757618304.445658) can0 141#012C882BAF480602
(1757618304.455366) can0 141#012CA02BAF480602
(1757618304.465369) can0 141#C92BBA2BBD080602
(1757618304.475380) can0 141#C92BD02BBD080602
(1757618304.485363) can0 141#912BD02BAA480602
(1757618304.495327) can0 141#912BDB2BAA080602
(1757618304.505319) can0 141#5A2BE22B98080602
(1757618304.515383) can0 141#5A2BE62B98480602
(1757618304.525349) can0 141#5A2BE62B9D480602
(1757618304.535286) can0 141#5A2BF42B99080602
(1757618304.545399) can0 141#5A2BF82BB2080602
(1757618304.555352) can0 141#222BFC2BB2480602
(1757618304.565357) can0 141#222BFC2BB3080602
(1757618304.575305) can0 141#222BFC2BB1480602
(1757618304.585328) can0 141#F92AFC2BA1480602
(1757618304.595255) can0 141#AF2AD62BA1080602
(1757618304.605568) can0 141#AF2AD62BAB080602
(1757618304.615312) can0 141#8B2ACC2BA9080602
(1757618304.625345) can0 141#8B2ACC2BB8080602
(1757618304.635319) can0 141#8B2AB92BB8480602
(1757618304.645307) can0 141#8B2AB92BAA480602
(1757618304.655288) can0 141#8B2A9C2BAB480602
(1757618304.665274) can0 141#8B2A9C2B9F080602
(1757618304.675338) can0 141#8B2A682B9F480602
(1757618304.685227) can0 141#AF2A682BA5480602
(1757618304.695281) can0 141#AF2A582BA2080602
(1757618304.705224) can0 141#8B2A582BA2080602
(1757618304.715230) can0 141#662A432BB2480602
(1757618304.725267) can0 141#412A432BB1480602
(1757618304.735206) can0 141#1D2A362BB5480602
(1757618304.745298) can0 141#F829362BB5080602
(1757618304.755268) can0 141#AF292B2BA7480602
(1757618304.765271) can0 141#1C291B2BAB080602
(1757618304.775265) can0 141#D3280E2BA2080602
(1757618304.785240) can0 141#89280E2BA2080602
(1757618304.795242) can0 141#A527F82AB0080602
(1757618304.805181) can0 141#8B27BE2AA5080602
(1757618304.815243) can0 141#5D276C2AB1480602
(1757618304.825240) can0 141#1A276C2AB1880602
(1757618304.835528) can0 141#FB27422AA7884602
(1757618304.845214) can0 141#FB27052AAD884602
(1757618304.855225) can0 141#FB27CB299F884602
(1757618304.865238) can0 141#FB27CB299F884602
(1757618304.875231) can0 141#FB278E29A8884602
(1757618304.885225) can0 141#FB276829A0884602
(1757618304.895161) can0 141#FB273729A9884602
(1757618304.905216) can0 141#FB273729A9884602
(1757618304.915191) can0 141#FB2732299BC84602
(1757618304.925195) can0 141#FB272A29A4C84602
(1757618304.935192) can0 141#FB272A299F884602
(1757618304.945139) can0 141#FB271E299FC84602
(1757618304.955194) can0 141#FB270F29A7884602
(1757618304.965184) can0 141#FB2704299F884602
(1757618304.975106) can0 141#FB270429A6884602
(1757618304.985186) can0 141#FB27F628A6884602
(1757618304.995190) can0 141#FA27EF289A884602
(1757618305.005149) can0 141#FB27E328A3C84602
(1757618305.015183) can0 141#FB27E328A3C84602
(1757618305.025150) can0 141#FA27DD2894884602
(1757618305.035163) can0 141#FB27D2289EC84602
(1757618305.045152) can0 141#FA27CD2890884602
(1757618305.055148) can0 141#FA27CD2890884602
(1757618305.065148) can0 141#FB27C328A1C84602
(1757618305.075120) can0 141#FA27BE289AC84602
(1757618305.085144) can0 141#FC27B628B0C84602
(1757618305.095079) can0 141#FC27B628B0C84602
(1757618305.105099) can0 141#FC27B228AE884602
(1757618305.115099) can0 141#FC27AC28BEC84602
(1757618305.125111) can0 141#FB27AA28ABC84602
(1757618305.135144) can0 141#FB27AA28ABC84602
(1757618305.145140) can0 141#FB27A628A9884602
(1757618305.155112) can0 141#FA27A42894C84602
(1757618305.165109) can0 141#FB279F28A0884602
(1757618305.175060) can0 141#FB279F28A0884602
(1757618305.185112) can0 141#FB279F289DC84602
(1757618305.195081) can0 141#FC279C289D884602
(1757618305.205104) can0 141#FB279C28ABC84602
(1757618305.215158) can0 141#FB279C28ABC84602
(1757618305.225090) can0 141#FC279828B4884602
(1757618305.235088) can0 141#FB279828B4C84602
(1757618305.245061) can0 141#FB279628A3884602
(1757618305.255039) can0 141#FB279628A3884602
(1757618305.265069) can0 141#FA27962893C84602
(1757618305.275034) can0 141#FB27932893884602
(1757618305.285077) can0 141#FB27932899884602
(1757618305.295034) can0 141#FA27922899884602
(1757618305.305056) can0 141#FB279028A7C84602
(1757618305.315056) can0 141#FB279028A7C84602
(1757618305.325080) can0 141#FB2790289C884602
(1757618305.335076) can0 141#FB278E28A6884602
(1757618305.345148) can0 141#FA278E2896C84602
(1757618305.355030) can0 141#FB278B2896884602
(1757618305.365065) can0 141#FB278B289C884602
(1757618305.375024) can0 141#FA278A288B884602
(1757618305.385066) can0 141#FA278A2895884602
(1757618305.394990) can0 141#FA27872895C84602
(1757618305.405019) can0 141#FA2787288C884602
(1757618305.414993) can0 141#FB2784289BC84602
(1757618305.425045) can0 141#FB27842891C84602
(1757618305.435008) can0 141#FA27822891884602
(1757618305.445004) can0 141#FA27822898884602
(1757618305.454929) can0 141#F927832885C84602
(1757618305.465002) can0 141#F927832885C84602
(1757618305.474974) can0 141#F927822889884602
(1757618305.484975) can0 141#F92780287AC84602
(1757618305.494973) can0 141#FA277D2889884602
(1757618305.504974) can0 141#FA277D2889884602
(1757618305.515082) can0 141#F9277F2881884602
(1757618305.524967) can0 141#FA277C288E884602
(1757618305.534961) can0 141#F9277D287DC84602
(1757618305.544946) can0 141#F9277D287DC84602
(1757618305.554881) can0 141#F9277A287FC84602
(1757618305.564977) can0 141#F82779286D884602
(1757618305.574933) can0 141#F827792879884602
(1757618305.584946) can0 141#F927772879884602
(1757618305.594935) can0 141#F827782872884602
(1757618305.604959) can0 141#F92777287F884602
(1757618305.614908) can0 141#F92777287F884602
(1757618305.624938) can0 141#F827782871884602
(1757618305.634913) can0 141#F927772877C84602
(1757618305.644904) can0 141#F827782866884602
(1757618305.654933) can0 141#F827782866884602
(1757618305.664858) can0 141#F82776286FC84602
(1757618305.674834) can0 141#F72775286FC84602
(1757618305.684842) can0 141#F82774286F884602
(1757618305.694911) can0 141#F82774286F884602
(1757618305.704890) can0 141#F727742861C84602
(1757618305.714835) can0 141#F827742861C84602
(1757618305.724890) can0 141#F827742869884602
(1757618305.734809) can0 141#F72775285B884602
(1757618305.744887) can0 141#F727742864C84602
(1757618305.754858) can0 141#F727752864884602
(1757618305.764880) can0 141#F727752857884602
(1757618305.774815) can0 141#F727742860884602
(1757618305.784845) can0 141#F727742860884602
(1757618305.794870) can0 141#F62775284FC84602
(1757618305.804859) can0 141#F727742857C84602
(1757618305.814903) can0 141#F62775284B884602
(1757618305.824847) can0 141#F62775284B884602
(1757618305.834831) can0 141#F727732855C84602
(1757618305.844824) can0 141#F627732847884602
(1757618305.854864) can0 141#F627732850884602
(1757618305.864822) can0 141#F627722850C84602
(1757618305.874819) can0 141#F627732840C84602
(1757618305.884855) can0 141#F627722843884602
(1757618305.894799) can0 141#F627722843884602
(1757618305.904851) can0 141#F527732835884602
(1757618305.914854) can0 141#F627702843C84602
(1757618305.924797) can0 141#F52770283C884602
(1757618305.934814) can0 141#F52770283C884602
(1757618305.944801) can0 141#F627702842884602
(1757618305.954782) can0 141#F527712842C84602
(1757618305.964824) can0 141#F52771282EC84602
(1757618305.974791) can0 141#F5276F2831884602
(1757618305.984778) can0 141#F5276F2825884602
(1757618305.994759) can0 141#F5276F2825884602
(1757618306.004775) can0 141#F5276F2833C84602
(1757618306.014750) can0 141#F42770282BC84602
(1757618306.024757) can0 141#F42770282BC84602
(1757618306.034753) can0 141#F5276F2835884612
(1757618306.044780) can0 141#F4276F2824C84612
(1757618306.054716) can0 141#F4276F2826884612
(1757618306.064812) can0 141#F4276F2826884612
(1757618306.074724) can0 141#F327712816C84612
(1757618306.084726) can0 141#F4276F281F884612
(1757618306.094728) can0 141#F4276F281F884612
(1757618306.104727) can0 141#F3276F2815C84612
(1757618306.114707) can0 141#F4276F2815884612
(1757618306.124739) can0 141#F4276F2811C84612
(1757618306.134728) can0 141#F327712811884612
(1757618306.144707) can0 141#F327702812C84612
(1757618306.154703) can0 141#F227702812884612
(1757618306.165011) can0 141#F227702802C84612
(1757618306.174681) can0 141#F3276E2811C84612
(1757618306.184708) can0 141#F3276E2811C84612
(1757618306.194687) can0 141#F2276F2807884612
(1757618306.204708) can0 141#F3276F280A884612
(1757618306.214634) can0 141#F1276F28F6C74612
(1757618306.224948) can0 141#F1277028F6874612
(1757618306.234683) can0 141#F2276E2800884612
(1757618306.244668) can0 141#F1276F28F4874612
(1757618306.254651) can0 141#F1276F28F4874612
(1757618306.264668) can0 141#F2276E28FDC74612
(1757618306.274641) can0 141#F1276F28FD874612
(1757618306.284644) can0 141#F1276F28F0C74612
(1757618306.294645) can0 141#F2276F28F8874612
(1757618306.304644) can0 141#F2276F28E7C74612
(1757618306.314648) can0 141#F1276E28E7874612
(1757618306.324622) can0 141#F1276E28EE874612
(1757618306.334639) can0 141#F0277028E1C74612
(1757618306.344617) can0 141#F0277028E1C74612
(1757618306.354633) can0 141#F1276F28EC874612
(1757618306.364648) can0 141#F0277028DF874612
(1757618306.374622) can0 141#F0277028DF874612
(1757618306.384616) can0 141#F0276F28E3C74612
(1757618306.394620) can0 141#EF277128E3874612
(1757618306.404620) can0 141#EF277128D7C74612
(1757618306.414623) can0 141#F0277128D7874612
(1757618306.424621) can0 141#EF277128CD874612
(1757618306.434623) can0 141#F0277128CDC7460A
(1757618306.444624) can0 141#F0277128D787460A
(1757618306.454719) can0 141#EF277128C9C7460A
(1757618306.464624) can0 141#EF277128C9C7460A
(1757618306.474625) can0 141#EF277128CE87460A
(1757618306.484623) can0 141#EE277128BD87460A
(1757618306.494625) can0 141#EE277128BD87460A
(1757618306.504625) can0 141#EF277028C2C7460A
(1757618306.514648) can0 141#EE277028C287460A
(1757618306.524629) can0 141#EE277028C6C7460A
(1757618306.534650) can0 141#EF277028C687460A
(1757618306.544617) can0 141#EF277028BCC7460A
(1757618306.554616) can0 141#EE277028BC87460A
(1757618306.564616) can0 141#EE277028BEC7460A
(1757618306.574536) can0 141#ED276F28ABC7460A
(1757618306.584707) can0 141#ED276F28ABC7460A
(1757618306.594531) can0 141#ED276E28AD87460A
(1757618306.604525) can0 141#ED276D28A0C7460A
(1757618306.614568) can0 141#ED276D28A0C7460A
(1757618306.624543) can0 141#ED276B28AAC7460A
(1757618306.634533) can0 141#ED276B28AAC7460A
(1757618306.644542) can0 141#ED276B28A3C7460A
(1757618306.654604) can0 141#ED276B28AAC7460A
(1757618306.664483) can0 141#ED276B28AAC7460A
(1757618306.674500) can0 141#EC276A2895C7460A
(1757618306.684579) can0 141#EC276A289887460A
(1757618306.694468) can0 141#EC276A289887460A
(1757618306.704474) can0 141#EC2769288DC7460A
(1757618306.714531) can0 141#EC27692899C7460A
(1757618306.724425) can0 141#EC2769288C87460A
(1757618306.734512) can0 141#EC2769288C87460A
(1757618306.744500) can0 141#EC276A2890C7460A
(1757618306.754501) can0 141#EC27692890C7460A
(1757618306.764440) can0 141#EB2769287E87460A
(1757618306.774518) can0 141#EB27682884C7460A
(1757618306.784494) can0 141#EB27682884C7460A
(1757618306.794591) can0 141#EB2768287C87460A
(1757618306.804436) can0 141#EB27682887C7460A
(1757618306.814441) can0 141#EB27682887C7460A
(1757618306.824406) can0 141#EB27692879C7460A
(1757618306.834471) can0 141#EB27692879C7460A
(1757618306.844417) can0 141#EB2768287BC7460A
(1757618306.854416) can0 141#EA2767286987460A
(1757618306.864415) can0 141#EA2767286987460A
(1757618306.874414) can0 141#EA2767287187460A
(1757618306.884484) can0 141#EA2767286A87460A
(1757618306.894419) can0 141#EA2767286A87460A
