(1672772651.866910) can0 260#000000000000006A
(1672772651.872132) can0 2C4#07FC00190400715F
(1672772651.873120) can0 620#1000000030500050
(1672772651.887431) can0 260#000000000000006A
(1672772651.894665) can0 2C1#0800DF01FBC60074
(1672772651.895527) can0 2C4#0805001904007169
(1672772651.906937) can0 260#000000000000006A
(1672772651.919214) can0 2C4#0801001904007165
(1672772651.923147) can0 440#4202000000000000
(1672772651.926300) can0 2C1#0800DE01FAC60072
(1672772651.926843) can0 260#000000000000006A
(1672772651.938058) can0 3A0#000000000000002B
(1672772651.943230) can0 2C4#0801001904007165
(1672772651.947434) can0 260#000000000000006A
(1672772651.958130) can0 2C1#0800DE01FDC60075
(1672772651.966802) can0 2C4#080C001904007170
(1672772651.966827) can0 260#000000000000006A
(1672772651.976538) can0 4C1#0100040900000000
(1672772651.981920) can0 4C8#0900050700000000
(1672772651.986637) can0 398#0130
(1672772651.986836) can0 260#000000000000006A
(1672772651.989864) can0 2C1#0800DD01FDC60074
(1672772651.990076) can0 2C4#080900190400716D
(1672772652.007332) can0 260#000000000000006A
(1672772652.013388) can0 2C4#080A00190400716E
(1672772652.014453) can0 442#4002000000000000
(1672772652.021587) can0 2C1#0800DD01FDC60074
(1672772652.026855) can0 260#000000000000006A
(1672772652.037508) can0 2C4#080D001904007171
(1672772652.037607) can0 3A0#000000000000002B
(1672772652.047335) can0 260#000000000000006A
(1672772652.053884) can0 2C1#0800DB01FBC60070
(1672772652.057157) can0 394#00
(1672772652.061054) can0 2C4#080F001904007173
(1672772652.066067) can0 38A#0804000000
(1672772652.066830) can0 260#000000000000006A
(1672772652.084251) can0 2C4#080E001904007172
(1672772652.085159) can0 2C1#0800DB01FBC60070
(1672772652.086865) can0 260#000000000000006A
(1672772652.107229) can0 260#000000000000006A
(1672772652.107721) can0 2C4#080D001904007171
(1672772652.113338) can0 440#4202000000000000
(1672772652.116894) can0 2C1#0800DC01FBC60071
(1672772652.127211) can0 260#000000000000006A
(1672772652.131734) can0 2C4#080700190400716B
(1672772652.138233) can0 3A0#000000000000002B
(1672772652.147187) can0 260#000000000000006A
(1672772652.149154) can0 2C1#0800DE01FAC60072
(1672772652.155329) can0 2C4#07FE001904007161
(1672772652.167210) can0 260#000000000000006A
(1672772652.173912) can0 620#1000000030500050
(1672772652.178853) can0 2C4#07FE001904007161
(1672772652.180433) can0 621#1100000000000000
(1672772652.180459) can0 2C1#0800DE01F9C60071
(1672772652.187185) can0 260#000000000000006A
(1672772652.187211) can0 622#1200000000000000
(1672772652.194753) can0 638#1300180000000000
(1672772652.202541) can0 2C4#0805001904007169
(1672772652.204872) can0 442#4002000000000000
(1672772652.207293) can0 260#000000000000006A
(1672772652.212794) can0 2C1#0800DD01F8C6006F
(1672772652.225976) can0 2C4#0805001904007169
(1672772652.226642) can0 260#000000000000006A
(1672772652.238439) can0 3A0#000000000000002B
(1672772652.244516) can0 2C1#0800DC01F8C6006E
(1672772652.244542) can0 610#2000006480000000
(1672772652.247251) can0 260#000000000000006A
(1672772652.249669) can0 2C4#080B00190400716F
(1672772652.254976) can0 611#210010A000022863
(1672772652.267076) can0 260#000000000000006A
(1672772652.273195) can0 2C4#0814001904007178
(1672772652.276290) can0 2C1#0800DA01F9C6006D
(1672772652.287162) can0 260#000000000000006A
(1672772652.296803) can0 2C4#0811001904007175
(1672772652.304194) can0 440#4202000000000000
(1672772652.307166) can0 260#000000000000006A
(1672772652.307408) can0 2C1#0800DA01F8C6006C
(1672772652.309987) can0 3B3#080928
(1672772652.319764) can0 2C4#0805001904007169
(1672772652.320651) can0 399#00000000000000
(1672772652.326765) can0 260#000000000000006A
(1672772652.338521) can0 3A0#000000000000002B
(1672772652.339290) can0 2C1#0800DC01F9C6006F
(1672772652.343893) can0 2C4#0803001904007167
(1672772652.347143) can0 260#000000000000006A
(1672772652.356382) can0 394#00
(1672772652.366475) can0 260#000000000000006A
(1672772652.366826) can0 2C4#0805001904007169
(1672772652.370885) can0 2C1#0800DC01FAC60070
(1672772652.386505) can0 260#000000000000006A
(1672772652.390445) can0 2C4#0800001904007164
(1672772652.395078) can0 442#4002000000000000
(1672772652.403327) can0 2C1#0800DC01FAC60070
(1672772652.407076) can0 260#000000000000006A
(1672772652.414592) can0 2C4#080800190400716C
(1672772652.426931) can0 260#000000000000006A
(1672772652.435071) can0 2C1#0800DB01FCC60071
(1672772652.438164) can0 2C4#0801001904007165
(1672772652.438189) can0 3A0#000000000000002B
(1672772652.446557) can0 260#000000000000006A
(1672772652.461581) can0 2C4#07FD001904007160
(1672772652.466261) can0 2C1#0800DD01FEC60075
(1672772652.466450) can0 260#000000000000006A
(1672772652.473824) can0 620#1000000030500050
(1672772652.484888) can0 2C4#0800001904007164
(1672772652.486430) can0 260#000000000000006A
(1672772652.493786) can0 440#4202000000000000
(1672772652.497984) can0 2C1#0800DD01FFC60076
(1672772652.506501) can0 260#000000000000006A
(1672772652.508315) can0 2C4#07FC00190400715F
(1672772652.508475) can0 4DD#1E00000600000000
(1672772652.526757) can0 260#000000000000006A
(1672772652.529866) can0 2C1#0800DF01FFC60078
(1672772652.532328) can0 2C4#07F6001904007159
(1672772652.538583) can0 3A0#000000000000002B
(1672772652.546830) can0 260#000000000000006A
(1672772652.554133) can0 3B1#0000010100000000
(1672772652.555836) can0 2C4#07F2001904007155
(1672772652.559484) can0 630#1700000000000000
(1672772652.561981) can0 2C1#0800E001FFC7007A
(1672772652.566328) can0 260#000000000000006A
(1672772652.578923) can0 2C4#07F4001904007157
(1672772652.585060) can0 442#4002000000000000
(1672772652.586779) can0 260#000000000000006A
(1672772652.593324) can0 2C1#0800E001FFC7007A
(1672772652.602957) can0 2C4#07F0001904007153
(1672772652.606778) can0 260#000000000000006A
(1672772652.625487) can0 2C1#0800E10200C7007D
(1672772652.626131) can0 2C4#07F2001904007155
(1672772652.626194) can0 260#000000000000006A
(1672772652.638774) can0 3A0#000000000000002B
(1672772652.646823) can0 260#000000000000006A
(1672772652.650199) can0 2C4#07FD001904007160
(1672772652.656670) can0 394#00
(1672772652.656697) can0 2C1#0800DD0200C60078
(1672772652.666822) can0 260#000000000000006A
(1672772652.668678) can0 4DC#1D00000800000000
(1672772652.673772) can0 2C4#07FD001904007160
(1672772652.684645) can0 440#4202000000000000
(1672772652.686252) can0 260#000000000000006A
(1672772652.689145) can0 2C1#0800DE0200C60079
(1672772652.697314) can0 2C4#07FC00190400715F
(1672772652.706774) can0 260#000000000000006A
(1672772652.708710) can0 3B0#0000004B00
(1672772652.720779) can0 2C1#0800DB01FFC60074
(1672772652.720804) can0 2C4#080600190400716A
(1672772652.726739) can0 260#000000000000006A
(1672772652.737165) can0 398#012E
(1672772652.738888) can0 3A0#000000000000002B
(1672772652.738915) can0 3B4#00006C4C000000
(1672772652.744329) can0 2C4#0803001904007167
(1672772652.744881) can0 610#2000006480000000
(1672772652.746526) can0 260#000000000000006A
(1672772652.752536) can0 2C1#0800DB01FEC60073
(1672772652.766121) can0 260#000000000000006A
(1672772652.768041) can0 2C4#07FB00190400715E
(1672772652.768199) can0 380#0020000000002A00
(1672772652.774740) can0 620#1000000030500050
(1672772652.774766) can0 442#4002000000000000
(1672772652.784448) can0 2C1#0800DC01FFC60075
(1672772652.786746) can0 260#000000000000006A
(1672772652.791466) can0 2C4#07FF001904007162
(1672772652.798858) can0 3A1#0000000000000000
(1672772652.804810) can0 640#A800000000000000
(1672772652.806567) can0 260#000000000000006A
(1672772652.815028) can0 2C4#07F800190400715B
(1672772652.815576) can0 2C1#0800DC01FFC60075
(1672772652.821846) can0 3B3#07F830
(1672772652.826668) can0 260#000000000000006A
(1672772652.838692) can0 2C4#07FE001904007161
(1672772652.838718) can0 3A0#000000000000002B
(1672772652.846642) can0 260#000000000000006A
(1672772652.847420) can0 2C1#0001080200C613AF
(1672772652.862265) can0 2C4#080A00190400716E
(1672772652.866642) can0 260#000000000000006A
(1672772652.874912) can0 440#4202000000000000
(1672772652.878594) can0 38A#0904000000
(1672772652.879091) can0 2C1#000B1C0200C63BF5
(1672772652.885789) can0 2C4#080C001904007170
(1672772652.885923) can0 260#000000000000006A
(1672772652.887748) can0 4C1#0100040900000000
(1672772652.906499) can0 260#000000000000006A
(1672772652.909367) can0 2C4#080D001904007171
(1672772652.911464) can0 2C1#000C840202C6678C
(1672772652.926565) can0 260#000000000000006A
(1672772652.932915) can0 2C4#0811001904007175
(1672772652.939017) can0 3A0#000000000000002B
(1672772652.943167) can0 2C1#000CF6027FC68A9E
(1672772652.946565) can0 260#000000000000006A
(1672772652.956405) can0 2C4#083F0019040071A3
(1672772652.956430) can0 394#00
(1672772652.960424) can0 38A#0D04000000
(1672772652.961600) can0 4C8#0900050700000000
(1672772652.966405) can0 260#000000000000006A
(1672772652.974827) can0 2C1#000D780508C6A7CA
(1672772652.974853) can0 442#4002000000000000
(1672772652.979933) can0 2C4#08A700190400710B
(1672772652.986377) can0 260#000000000000006A
(1672772653.003646) can0 2C4#09600019040071C5
(1672772653.005950) can0 260#000000000000006A
(1672772653.006024) can0 2C1#000E0507B8C5B012
(1672772653.026476) can0 260#000000000000006A
(1672772653.026501) can0 2C4#0A3D0019040071A3
(1672772653.038428) can0 2C1#000E8E090BC4ABEA
(1672772653.038453) can0 3A0#000000000000002B
(1672772653.046437) can0 260#000000000000006A
(1672772653.050739) can0 2C4#0B3300190400719A
(1672772653.066133) can0 260#000000000000006A
(1672772653.069845) can0 2C1#000E6B0979C468F2
(1672772653.073712) can0 2C4#0BE700190400714E
(1672772653.074379) can0 620#1000000030500050
(1672772653.074920) can0 440#4202000000000000
(1672772653.085903) can0 260#000000000000006A
(1672772653.091558) can0 38A#0C04000000
(1672772653.097212) can0 2C4#0CF200190400715A
(1672772653.101406) can0 2C1#00074809AEC3089C
(1672772653.106358) can0 260#000000000000006A
(1672772653.120887) can0 2C4#0DF8001904007161
(1672772653.125867) can0 260#000000000000006A
(1672772653.133585) can0 2C1#08004709D1C200B6
(1672772653.139082) can0 3A0#000000000000002B
(1672772653.144894) can0 2C4#0F0300190400716E
(1672772653.145760) can0 260#000000000000006A
(1672772653.157103) can0 38A#0804000000
(1672772653.165380) can0 2C1#0800120A1DC000CC
(1672772653.165761) can0 260#000000000000006A
(1672772653.168429) can0 2C4#1006001904007172
(1672772653.175056) can0 442#4002000000000000
(1672772653.180110) can0 621#1100000000000000
(1672772653.186213) can0 260#000000000000006A
(1672772653.186324) can0 622#1200000000000000
(1672772653.192009) can0 2C4#10FB001904007167
(1672772653.194083) can0 638#1300180000000000
(1672772653.197136) can0 2C1#0800000A06C000A3
(1672772653.205905) can0 260#000000000000006A
(1672772653.215088) can0 2C4#11D7001904007144
(1672772653.226158) can0 260#000000000000006A
(1672772653.228880) can0 2C1#08000008E6C00081
(1672772653.239289) can0 2C4#12900019040071FE
(1672772653.239315) can0 3A0#000000000000002B
(1672772653.245073) can0 610#2000006480000000
(1672772653.245740) can0 260#000000000000006A
(1672772653.254903) can0 611#210010A000022863
(1672772653.254929) can0 398#0427
(1672772653.255580) can0 394#00
(1672772653.260636) can0 2C1#0800000701C0009B
(1672772653.262180) can0 2C4#12F000190400715E
(1672772653.266158) can0 260#000000000000006A
(1672772653.275180) can0 440#4202000000000000
(1672772653.286109) can0 260#000000000000006A
(1672772653.286135) can0 2C4#135E0019040071CD
(1672772653.292407) can0 2C1#0800000548C000E0
(1672772653.306092) can0 260#000000000000006A
(1672772653.309946) can0 2C4#1392001904007101
(1672772653.324297) can0 2C1#080000049BC00032
(1672772653.326217) can0 260#000000000000006A
(1672772653.333504) can0 2C4#13B2001904007121
(1672772653.333808) can0 3B3#13B728
(1672772653.339257) can0 3A0#000000000000002B
(1672772653.345656) can0 399#00000000000000
(1672772653.345682) can0 260#000000000000006A
(1672772653.355905) can0 2C1#080000038FC00025
(1672772653.356466) can0 2C4#13B2001904007121
(1672772653.366038) can0 260#000000000000006A
(1672772653.374943) can0 442#4002000000000000
(1672772653.374969) can0 620#1000000030500050
(1672772653.380487) can0 2C4#13A7001904007116
(1672772653.386031) can0 260#000000000000006A
(1672772653.387244) can0 2C1#08000002CDC00062
(1672772653.404062) can0 2C4#136E0019040071DD
(1672772653.405650) can0 260#000000000000006A
(1672772653.419571) can0 2C1#0800000248C000DD
(1672772653.426094) can0 260#000000000000006A
(1672772653.427743) can0 2C4#1317001904007186
(1672772653.439326) can0 3A0#000000000000002B
(1672772653.446069) can0 260#000000000000006A
(1672772653.451297) can0 2C1#08000001F4C00088
(1672772653.451323) can0 2C4#12E100190400714F
(1672772653.466039) can0 260#000000000000006A
(1672772653.469943) can0 440#4202000000000000
(1672772653.474883) can0 2C4#1299001904007107
(1672772653.483043) can0 2C1#08000001C6C0005A
(1672772653.486042) can0 260#000000000000006A
(1672772653.498325) can0 2C4#124A0019040071B8
(1672772653.506014) can0 260#000000000000006A
(1672772653.514794) can0 2C1#08000001B1C00045
(1672772653.518327) can0 4DD#1E00000600000000
(1672772653.521774) can0 2C4#11FE00190400716B
(1672772653.526019) can0 260#000000000000006A
(1672772653.539411) can0 3A0#000000000000002B
(1672772653.545404) can0 2C4#11AC001904007119
(1672772653.545431) can0 260#000000000000006A
(1672772653.546034) can0 2C1#08000001ABC0003F
(1672772653.553824) can0 3B1#0000010100000000
(1672772653.555702) can0 394#00
(1672772653.560525) can0 630#1700000000000000
(1672772653.564975) can0 442#4002000000000000
(1672772653.565336) can0 260#000000000000006A
(1672772653.568856) can0 2C4#11790019040071E6
(1672772653.575850) can0 398#0151
(1672772653.578286) can0 2C1#08000001A8C0003C
(1672772653.585923) can0 260#000000000000006A
(1672772653.592642) can0 2C4#112F00190400719C
(1672772653.605806) can0 260#000000000000006A
(1672772653.609953) can0 2C1#08000001A3C00037
(1672772653.616098) can0 2C4#10E000190400714C
(1672772653.625832) can0 260#000000000000006A
(1672772653.639528) can0 3A0#000000000000002B
(1672772653.639553) can0 2C4#10AE00190400711A
(1672772653.641817) can0 2C1#080000019BC0002F
(1672772653.645895) can0 260#000000000000006A
(1672772653.660761) can0 440#4202000000000000
(1672772653.663340) can0 2C4#106B0019040071D7
(1672772653.665888) can0 260#000000000000006A
(1672772653.669124) can0 4DC#1D00000800000000
(1672772653.672998) can0 2C1#080006FD42C000D8
(1672772653.675097) can0 620#1000000030500050
(1672772653.685630) can0 260#000000000000006A
(1672772653.686713) can0 2C4#10430019040071AF
(1672772653.704773) can0 2C1#080000FD44C000D4
(1672772653.705222) can0 260#000000000000006A
(1672772653.709527) can0 3B0#0000004B00
(1672772653.709854) can0 2C4#103F0019040071AB
(1672772653.725292) can0 260#000000000000006A
(1672772653.733547) can0 2C4#101F00190400718B
(1672772653.736720) can0 2C1#080000FD47C000D7
(1672772653.739179) can0 3A0#000000000000002B
(1672772653.744563) can0 610#2000006480000000
(1672772653.745277) can0 260#000000000000006A
(1672772653.754516) can0 442#4002000000000000
(1672772653.757142) can0 2C4#0FE000190400714B
(1672772653.763135) can0 3B4#00006D4C000000
(1672772653.765078) can0 260#000000000000006A
(1672772653.768257) can0 2C1#080009FD4FC000E8
(1672772653.769015) can0 380#0020000000002A00
(1672772653.780485) can0 2C4#0F99001904007104
(1672772653.785104) can0 260#000000000000006A
(1672772653.798067) can0 4C1#0100040900000000
(1672772653.799258) can0 3A1#0000000000000000
(1672772653.800085) can0 2C1#08001AFD55C000FF
(1672772653.804204) can0 2C4#0F510019040071BC
(1672772653.804258) can0 640#A800000000000000
(1672772653.805243) can0 260#000000000000006A
(1672772653.825091) can0 260#000000000000006A
(1672772653.827670) can0 2C4#0F2200190400718D
(1672772653.831937) can0 2C1#080021FD58C1000A
(1672772653.839230) can0 3A0#000000000000002C
(1672772653.845121) can0 260#000000000000006A
(1672772653.845960) can0 3B3#0F0328
(1672772653.850564) can0 440#4202000000000000
(1672772653.851304) can0 2C4#0EE100190400714B
(1672772653.855092) can0 394#00
(1672772653.864137) can0 2C1#08002EFD60C1001F
(1672772653.865736) can0 260#000000000000006A
(1672772653.875443) can0 2C4#0E9D001904007107
(1672772653.885644) can0 260#000000000000006A
(1672772653.895900) can0 2C1#08004EFD67C20047
(1672772653.898967) can0 2C4#0E580019040071C2
(1672772653.905650) can0 260#000000000000006A
(1672772653.922498) can0 2C4#0E1000190400717A
(1672772653.925647) can0 260#000000000000006A
(1672772653.927662) can0 2C1#08005FFD6DC2005E
(1672772653.939781) can0 3A0#000000000000002C
(1672772653.940134) can0 4C8#0900050700000000
(1672772653.944981) can0 442#4002000000000000
(1672772653.945007) can0 260#000000000000006A
(1672772653.945485) can0 2C4#0DCE001904007137
(1672772653.959337) can0 2C1#08006FFD74C30076
(1672772653.965446) can0 398#001F
(1672772653.965472) can0 260#000000000000006A
(1672772653.969616) can0 2C4#0D8C0019040071F5
(1672772653.976073) can0 620#1000000030500050
(1672772653.985465) can0 260#000000000000006A
(1672772653.991059) can0 2C1#08007CFD7AC30089
(1672772653.993078) can0 2C4#0D4C0019040071B5
(1672772654.005428) can0 260#000000000000006A
(1672772654.016746) can0 2C4#0D1C001904007185
(1672772654.022899) can0 2C1#080068FD81C3007C
(1672772654.025547) can0 260#000000000000006A
(1672772654.039993) can0 3A0#000000000000002C
(1672772654.040019) can0 2C4#0CD9001904007141
(1672772654.040654) can0 440#4202000000000000
(1672772654.045521) can0 260#000000000000006A
(1672772654.054672) can0 2C1#080099FD88C400B5
(1672772654.063871) can0 2C4#0C9B001904007103
(1672772654.065381) can0 260#000000000000006A
(1672772654.085473) can0 260#000000000000006A
(1672772654.085835) can0 2C1#0800A5FD8EC500C8
(1672772654.087244) can0 2C4#0C5C0019040071C4
(1672772654.105472) can0 260#000000000000006A
(1672772654.110437) can0 2C4#0C1C001904007184
(1672772654.118171) can0 2C1#08007DFD94C300A4
(1672772654.125443) can0 260#000000000000006A
(1672772654.134567) can0 2C4#0BDA001904007141
(1672772654.134592) can0 442#4002000000000000
(1672772654.139905) can0 3A0#000000000000002C
(1672772654.145356) can0 260#000000000000006A
(1672772654.149804) can0 2C1#080084FD99C400B1
(1672772654.155128) can0 394#00
(1672772654.158011) can0 2C4#0B940019040071FB
(1672772654.165328) can0 260#000000000000006A
(1672772654.181330) can0 621#1100000000000000
(1672772654.181355) can0 2C1#080088FD9CC400B8
(1672772654.181358) can0 2C4#0B540019040071BB
(1672772654.185328) can0 260#000000000000006A
(1672772654.188333) can0 622#1200000000000000
(1672772654.195429) can0 638#1300180000000000
(1672772654.205131) can0 2C4#0B2E001904007195
(1672772654.205156) can0 260#000000000000006A
(1672772654.212849) can0 2C1#08009AFD9FC400CD
(1672772654.225374) can0 260#000000000000006A
(1672772654.228825) can0 2C4#0AEE001904007154
(1672772654.230888) can0 440#4202000000000000
(1672772654.241278) can0 3A0#000000000000002C
(1672772654.244276) can0 610#2000006480000000
(1672772654.244501) can0 2C1#08008FFDA3C400C6
(1672772654.244752) can0 260#000000000000006A
(1672772654.251680) can0 2C4#0AB0001904007116
(1672772654.254425) can0 611#210010A000022863
(1672772654.264714) can0 260#000000000000006A
(1672772654.275250) can0 2C4#0A6D0019040071D3
(1672772654.275748) can0 620#1000000030500050
(1672772654.276238) can0 2C1#0800E7FDA6C70024
(1672772654.284749) can0 260#000000000000006A
(1672772654.298910) can0 2C4#0A30001904007196
(1672772654.304765) can0 260#000000000000006A
(1672772654.308242) can0 2C1#0800F0FDA9C70030
(1672772654.309192) can0 38A#0804000000
(1672772654.322546) can0 2C4#09F1001904007156
(1672772654.324505) can0 442#4002000000000000
(1672772654.324552) can0 260#000000000000006A
(1672772654.339729) can0 3A0#000000000000002C
(1672772654.339781) can0 2C1#0800F6FDABC70038
(1672772654.344759) can0 260#000000000000006A
(1672772654.346141) can0 2C4#09B800190400711D
(1672772654.358705) can0 3B3#099728
(1672772654.365083) can0 260#000000000000006A
(1672772654.370093) can0 2C4#097F0019040071E4
(1672772654.370118) can0 399#00000000000000
(1672772654.372106) can0 2C1#08010BFDB1C80055
(1672772654.385058) can0 260#000000000000006A
(1672772654.393629) can0 2C4#09510019040071B6
(1672772654.403881) can0 2C1#0800A9FDB8C500F6
(1672772654.405077) can0 260#000000000000006A
(1672772654.417177) can0 2C4#091600190400717B
(1672772654.421506) can0 440#4202000000000000
(1672772654.425026) can0 260#000000000000006A
(1672772654.435746) can0 2C1#080137FDBEC9008F
(1672772654.440267) can0 3A0#000000000000002B
(1672772654.440293) can0 2C4#08DF001904007143
(1672772654.445147) can0 260#000000000000006A
(1672772654.454440) can0 394#00
(1672772654.463779) can0 2C4#08A0001904007104
(1672772654.464452) can0 260#000000000000006A
(1672772654.466805) can0 2C1#08014AFDC4CA00A9
(1672772654.484489) can0 260#000000000000006A
(1672772654.487346) can0 2C4#086C0019040071D0
(1672772654.498627) can0 2C1#08015FFDCACA00C4
(1672772654.504799) can0 260#000000000000006A
(1672772654.511566) can0 2C4#0830001904007194
(1672772654.515242) can0 442#4002000000000000
(1672772654.525043) can0 260#000000000000006A
(1672772654.528539) can0 4DD#1E00000600000000
(1672772654.530881) can0 2C1#080174FDD1CB00E1
(1672772654.534982) can0 2C4#07F6001904007159
(1672772654.535007) can0 398#0000
(1672772654.540326) can0 3A0#000000000000002B
(1672772654.544900) can0 260#000000000000006A
(1672772654.553532) can0 3B1#0000010100000000
(1672772654.558093) can0 2C4#07BD001904007120
(1672772654.561602) can0 630#1700000000000000
(1672772654.562208) can0 2C1#080196FDD7CC000A
(1672772654.564903) can0 260#000000000000006A
(1672772654.576745) can0 620#1000000030500050
(1672772654.582212) can0 2C4#07940019040071F7
(1672772654.585044) can0 260#000000000000006A
(1672772654.594514) can0 2C1#0801C7FDDECE0044
(1672772654.604847) can0 260#000000000000006A
(1672772654.605176) can0 2C4#07610019040071C4
(1672772654.611788) can0 440#4202000000000000
(1672772654.624938) can0 260#000000000000006A
(1672772654.626294) can0 2C1#0801F8FDE4CF007C
(1672772654.629366) can0 2C4#072800190400718B
(1672772654.640438) can0 3A0#000000000000002C
(1672772654.644914) can0 260#000000000000006A
(1672772654.652913) can0 2C4#06EE001904007150
(1672772654.658035) can0 2C1#080226FDEBD100B4
(1672772654.664822) can0 260#000000000000006A
(1672772654.670373) can0 4DC#1D00000800000000
(1672772654.676348) can0 2C4#06BC00190400711E
(1672772654.684769) can0 260#000000000000006A
(1672772654.689671) can0 2C1#08025503ECD200EB
(1672772654.699931) can0 2C4#06800019040071E2
(1672772654.704920) can0 260#000000000000006A
(1672772654.704945) can0 442#4002000000000000
(1672772654.709264) can0 4C1#0100040900000000
(1672772654.710313) can0 3B0#0000004B00
(1672772654.721540) can0 2C1#080280041FD4004C
(1672772654.723587) can0 2C4#064D0019040071AF
(1672772654.724654) can0 260#000000000000006A
(1672772654.741543) can0 3A0#000000000000002C
(1672772654.744259) can0 260#000000000000006A
(1672772654.744404) can0 610#2000006480000000
(1672772654.746806) can0 2C4#06740019040071D6
(1672772654.752842) can0 2C1#0802770456D30079
(1672772654.754139) can0 394#00
(1672772654.764815) can0 260#000000000000006A
(1672772654.770585) can0 380#0020000000002A00
(1672772654.770611) can0 2C4#06BC00190400711E
(1672772654.784793) can0 260#000000000000006A
(1672772654.784819) can0 2C1#08011B0478C80033
(1672772654.788123) can0 3B4#00006D4C000000
(1672772654.794289) can0 2C4#071C00190400717F
(1672772654.800639) can0 3A1#0000000000000000
(1672772654.802092) can0 440#4202000000000000
(1672772654.804659) can0 260#000000000000006A
(1672772654.804684) can0 640#A800000000000000
(1672772654.816220) can0 2C1#0800FF0474C70011
(1672772654.817284) can0 2C4#07730019040071D6
(1672772654.824762) can0 260#000000000000006A
(1672772654.840619) can0 3A0#000000000000002C
(1672772654.840724) can0 2C4#07B700190400711A
(1672772654.844766) can0 260#000000000000006A
(1672772654.848568) can0 2C1#0800F20467C700F7
(1672772654.864714) can0 260#000000000000006A
(1672772654.864739) can0 2C4#07EB00190400714E
(1672772654.870509) can0 3B3#07F728
(1672772654.877145) can0 620#1000000030500050
(1672772654.880336) can0 2C1#0800DC0441C600BA
(1672772654.884711) can0 260#000000000000006A
(1672772654.888425) can0 2C4#081800190400717C
(1672772654.895070) can0 442#4002000000000000
(1672772654.904555) can0 260#000000000000006A
(1672772654.911611) can0 2C1#0800D2040AC60079
(1672772654.911636) can0 2C4#08440019040071A8
(1672772654.919672) can0 4C8#0900050700000000
(1672772654.924178) can0 260#000000000000006A
(1672772654.934977) can0 2C4#08660019040071CA
(1672772654.940180) can0 3A0#000000000000002C
(1672772654.943723) can0 2C1#0800CA03D2C60038
(1672772654.944082) can0 260#000000000000006A
(1672772654.959077) can0 2C4#08770019040071DB
(1672772654.964498) can0 260#000000000000006A
(1672772654.975502) can0 2C1#0800C5039DC600FE
(1672772654.982671) can0 2C4#08940019040071F8
(1672772654.984025) can0 260#000000000000006A
(1672772654.992180) can0 440#4202000000000000
(1672772655.004478) can0 260#000000000000006A
(1672772655.005623) can0 2C4#08A900190400710D
(1672772655.007229) can0 2C1#0800C00369C600C5
(1672772655.024447) can0 260#000000000000006A
(1672772655.029695) can0 2C4#08AB00190400710F
(1672772655.038836) can0 2C1#0800BF033AC50094
(1672772655.040678) can0 3A0#000000000000002B
(1672772655.044418) can0 260#000000000000006A
(1672772655.052877) can0 2C4#08B600190400711A
(1672772655.053824) can0 394#00
(1672772655.064545) can0 260#000000000000006A
(1672772655.070277) can0 2C1#0800BC030DC50064
(1672772655.076430) can0 2C4#08BC001904007120
(1672772655.084526) can0 260#000000000000006A
(1672772655.084814) can0 442#4002000000000000
(1672772655.100566) can0 2C4#08B700190400711B
(1672772655.102618) can0 2C1#0800BC02E6C5003C
(1672772655.104565) can0 260#000000000000006A
(1672772655.124144) can0 2C4#08C600190400712A
(1672772655.124169) can0 260#000000000000006A
(1672772655.133929) can0 2C1#0800BB02C3C50018
(1672772655.140867) can0 3A0#000000000000002B
(1672772655.144444) can0 260#000000000000006A
(1672772655.147718) can0 2C4#08C4001904007128
(1672772655.163864) can0 260#000000000000006A
(1672772655.165560) can0 2C1#0800BB02A3C500F8
(1672772655.170775) can0 2C4#08C5001904007129
(1672772655.177493) can0 620#1000000030500050
(1672772655.181976) can0 440#4202000000000000
(1672772655.184460) can0 260#000000000000006A
(1672772655.184486) can0 621#1100000000000000
(1672772655.191677) can0 622#1200000000000000
(1672772655.194706) can0 2C4#08C800190400712C
(1672772655.197236) can0 2C1#0800BA0286C500DA
(1672772655.198411) can0 638#1300180000000000
(1672772655.204330) can0 260#000000000000006A
(1672772655.217848) can0 2C4#08C5001904007129
(1672772655.217873) can0 398#01AB
(1672772655.223733) can0 260#000000000000006A
(1672772655.229012) can0 2C1#0800BA026CC500C0
(1672772655.241612) can0 3A0#000000000000002C
(1672772655.241637) can0 2C4#08B0001904007114
(1672772655.244443) can0 260#000000000000006A
(1672772655.244468) can0 610#2000006480000000
(1672772655.254434) can0 611#210010A000022863
(1672772655.261442) can0 2C1#0800BE0257C500AF
(1672772655.263805) can0 260#000000000000006A
(1672772655.264880) can0 2C4#08A0001904007104
(1672772655.275119) can0 442#4002000000000000
(1672772655.284314) can0 260#000000000000006A
(1672772655.288985) can0 2C4#088A0019040071EE
(1672772655.293060) can0 2C1#0800C2024BC600A8
(1672772655.303658) can0 260#000000000000006A
(1672772655.312523) can0 2C4#08870019040071EB
(1672772655.323707) can0 260#000000000000006A
(1672772655.324294) can0 2C1#0800C3023DC6009B
(1672772655.336245) can0 2C4#08890019040071ED
(1672772655.340928) can0 3A0#000000000000002C
(1672772655.344145) can0 260#000000000000006A
(1672772655.354001) can0 394#00
(1672772655.356546) can0 2C1#0800C20235C60092
(1672772655.359205) can0 2C4#08820019040071E6
(1672772655.364149) can0 260#000000000000006A
(1672772655.372553) can0 440#4202000000000000
(1672772655.383201) can0 2C4#08600019040071C4
(1672772655.383226) can0 3B3#086928
(1672772655.383627) can0 260#000000000000006A
(1672772655.388437) can0 2C1#0800C6022DC6008E
(1672772655.394584) can0 399#00000000000000
(1672772655.404214) can0 260#000000000000006A
(1672772655.406779) can0 2C4#085C0019040071C0
(1672772655.420075) can0 2C1#0800D80228C6009B
(1672772655.424238) can0 260#000000000000006A
(1672772655.430446) can0 2C4#084A0019040071AE
(1672772655.435489) can0 38A#0904000000
(1672772655.441137) can0 3A0#000000000000002C
(1672772655.444055) can0 260#000000000000006A
(1672772655.451823) can0 2C1#0007BD0224C667E2
(1672772655.453888) can0 2C4#0832001904007196
(1672772655.464029) can0 260#000000000000006A
(1672772655.465081) can0 442#4002000000000000
(1672772655.477561) can0 2C4#082E001904007192
(1672772655.477586) can0 620#1000000030500050
(1672772655.483690) can0 2C1#000D3D0222C6C8C7
(1672772655.483715) can0 260#000000000000006A
(1672772655.500925) can0 2C4#081800190400717C
(1672772655.504026) can0 260#000000000000006A
(1672772655.514986) can0 2C1#000D7F0251C6C838
(1672772655.523597) can0 260#000000000000006A
(1672772655.524054) can0 2C4#081E001904007182
(1672772655.533233) can0 38A#0D04000000
(1672772655.537797) can0 4DD#1E00000600000000
(1672772655.541074) can0 3A0#000000000000002C
(1672772655.543977) can0 260#000000000000006A
(1672772655.547110) can0 2C1#000D910467C6C862
(1672772655.547722) can0 2C4#08620019040071C6
(1672772655.553199) can0 3B1#0000010100000000
(1672772655.562744) can0 630#1700000000000000
(1672772655.562768) can0 440#4202000000000000
(1672772655.563924) can0 260#000000000000006A
(1672772655.571296) can0 2C4#08F600190400715A
(1672772655.578857) can0 2C1#000DDD074BC56531
(1672772655.583954) can0 260#000000000000006A
(1672772655.595255) can0 2C4#09C1001904007126
(1672772655.603932) can0 260#000000000000006A
(1672772655.610600) can0 2C1#0800AD08F2C4003E
(1672772655.615678) can0 38A#0C04000000
(1672772655.618806) can0 2C4#0A820019040071E8
(1672772655.619434) can0 4C1#0100040900000000
(1672772655.623907) can0 260#000000000000006A
(1672772655.641190) can0 3A0#000000000000002C
(1672772655.641892) can0 2C1#0800820972C40094
(1672772655.642060) can0 2C4#0B700019040071D7
(1672772655.643739) can0 260#000000000000006A
(1672772655.653840) can0 394#00
(1672772655.655485) can0 442#4002000000000000
(1672772655.663963) can0 260#000000000000006A
(1672772655.666034) can0 2C4#0C750019040071DD
(1672772655.671326) can0 4DC#1D00000800000000
(1672772655.674120) can0 2C1#08007109B6C300C6
(1672772655.683825) can0 260#000000000000006A
(1672772655.689499) can0 2C4#0D7A0019040071E3
(1672772655.703937) can0 260#000000000000006A
(1672772655.706039) can0 2C1#08005609B2C200A6
(1672772655.711404) can0 3B0#0000004B00
(1672772655.713049) can0 2C4#0E2300190400718D
(1672772655.713586) can0 38A#0804000000
(1672772655.723782) can0 260#000000000000006A
(1672772655.736621) can0 2C4#0F09001904007174
(1672772655.737186) can0 2C1#0800290919C100DF
(1672772655.741365) can0 3A0#000000000000002B
(1672772655.743890) can0 260#000000000000006A
(1672772655.744950) can0 610#2000006480000000
(1672772655.753088) can0 440#4202000000000000
(1672772655.760168) can0 2C4#0FCF00190400713A
(1672772655.763780) can0 260#000000000000006A
(1672772655.769397) can0 2C1#08000107BFC0005A
(1672772655.771319) can0 380#0020000000002A00
(1672772655.777552) can0 620#1000000030500050
(1672772655.783389) can0 260#000000000000006A
(1672772655.783413) can0 2C4#106E0019040071DA
(1672772655.791936) can0 398#03B2
(1672772655.801264) can0 2C1#0800000669C00002
(1672772655.801289) can0 3A1#0000000000000000
(1672772655.803601) can0 260#000000000000006A
(1672772655.804826) can0 640#A800000000000000
(1672772655.807283) can0 2C4#10E8001904007154
(1672772655.812515) can0 3B4#00006D4C000000
(1672772655.823602) can0 260#000000000000006A
(1672772655.830986) can0 2C4#114C0019040071B9
(1672772655.833040) can0 2C1#0800000528C000C0
(1672772655.841435) can0 3A0#000000000000002B
(1672772655.843682) can0 260#000000000000006A
(1672772655.844905) can0 442#4002000000000000
(1672772655.854430) can0 2C4#11920019040071FF
(1672772655.863088) can0 260#000000000000006A
(1672772655.864096) can0 2C1#080000049BC00032
(1672772655.877406) can0 2C4#11BD00190400712A
(1672772655.883108) can0 260#000000000000006A
(1672772655.894925) can0 3B3#11C128
(1672772655.895910) can0 2C1#08000003A0C00036
(1672772655.898460) can0 4C8#0900050700000000
(1672772655.901663) can0 2C4#11DB001904007148
(1672772655.903814) can0 260#000000000000006A
(1672772655.923639) can0 260#000000000000006A
(1672772655.925244) can0 2C4#11E4001904007151
(1672772655.928315) can0 2C1#08000002E7C0007C
(1672772655.941535) can0 3A0#000000000000002C
(1672772655.943388) can0 440#4202000000000000
(1672772655.943413) can0 260#000000000000006A
(1672772655.948789) can0 2C4#11D200190400713F
(1672772655.953564) can0 394#00
(1672772655.960067) can0 2C1#0800000268C000FD
(1672772655.963578) can0 260#000000000000006A
(1672772655.972235) can0 2C4#11C100190400712E
(1672772655.983549) can0 260#000000000000006A
(1672772655.991810) can0 2C1#080000021FC000B4
(1672772655.995891) can0 2C4#118E0019040071FB
(1672772656.003650) can0 260#000000000000006A
(1672772656.019493) can0 2C4#11430019040071B0
(1672772656.023568) can0 2C1#08000001E8C0007C
(1672772656.023595) can0 260#000000000000006A
(1672772656.035017) can0 442#4002000000000000
(1672772656.041508) can0 3A0#000000000000002C
(1672772656.042899) can0 2C4#10FF00190400716B
(1672772656.042925) can0 260#000000000000006A
(1672772656.055198) can0 2C1#08000001CCC00060
(1672772656.063572) can0 260#000000000000006A
(1672772656.066133) can0 2C4#10B6001904007122
(1672772656.077878) can0 620#1000000030500050
(1672772656.083567) can0 260#000000000000006A
(1672772656.086940) can0 2C1#08000001C4C00058
(1672772656.090238) can0 2C4#10850019040071F1
(1672772656.103423) can0 260#000000000000006A
(1672772656.113387) can0 2C4#103B0019040071A7
(1672772656.118316) can0 2C1#08000001C5C00059
(1672772656.123433) can0 260#000000000000006A
(1672772656.132910) can0 440#4202000000000000
(1672772656.137153) can0 2C4#0FF5001904007160
(1672772656.141580) can0 3A0#000000000000002C
(1672772656.143401) can0 260#000000000000006A
(1672772656.143718) can0 398#013D
(1672772656.150485) can0 2C1#08000501D7C00070
(1672772656.160727) can0 2C4#0FAD001904007118
(1672772656.163400) can0 260#000000000000006A
(1672772656.182250) can0 2C1#08001BFD53C000FE
(1672772656.182983) can0 260#000000000000006A
(1672772656.183030) can0 621#1100000000000000
(1672772656.184234) can0 2C4#0F680019040071D3
(1672772656.190983) can0 622#1200000000000000
(1672772656.197912) can0 638#1300180000000000
(1672772656.203325) can0 260#000000000000006A
(1672772656.207854) can0 2C4#0F3E0019040071A9
(1672772656.213997) can0 2C1#080021FD59C1000B
(1672772656.223355) can0 260#000000000000006A
(1672772656.225107) can0 442#4002000000000000
(1672772656.231020) can0 2C4#0F410019040071AC
(1672772656.241679) can0 3A0#000000000000002C
(1672772656.243462) can0 260#000000000000006A
(1672772656.244994) can0 610#2000006480000000
(1672772656.245235) can0 2C1#08001FFD59C00008
(1672772656.253265) can0 394#00
(1672772656.255116) can0 2C4#0F1E001904007189
(1672772656.255141) can0 611#210010A000022863
(1672772656.263333) can0 260#000000000000006A
(1672772656.277637) can0 2C1#08002AFD5CC10017
(1672772656.278003) can0 2C4#0F0F00190400717A
(1672772656.283443) can0 260#000000000000006A
(1672772656.302211) can0 2C4#0ED200190400713C
(1672772656.302839) can0 260#000000000000006A
(1672772656.309361) can0 2C1#080042FD62C20036
(1672772656.322889) can0 260#000000000000006A
(1672772656.323164) can0 440#4202000000000000
(1672772656.325166) can0 2C4#0E880019040071F2
(1672772656.341179) can0 2C1#080043FD69C2003E
(1672772656.341239) can0 3A0#000000000000002C
(1672772656.343221) can0 260#000000000000006A
(1672772656.348764) can0 2C4#0E470019040071B1
(1672772656.363176) can0 260#000000000000006A
(1672772656.372884) can0 2C1#08005BFD6CC20059
(1672772656.372909) can0 2C4#0E0300190400716D
(1672772656.378836) can0 620#1000000030500050
(1672772656.383290) can0 260#000000000000006A
(1672772656.396461) can0 2C4#0DC400190400712D
(1672772656.403263) can0 260#000000000000006A
(1672772656.404019) can0 2C1#080057FD73C2005C
(1672772656.407611) can0 3B3#0DA028
(1672772656.414866) can0 442#4002000000000000
(1672772656.418871) can0 399#00000000000000
(1672772656.419476) can0 2C4#0D820019040071EB
(1672772656.423156) can0 260#000000000000006A
(1672772656.436352) can0 2C1#08005EFD79C20069
(1672772656.441820) can0 3A0#000000000000002C
(1672772656.443104) can0 260#000000000000006A
(1672772656.443129) can0 2C4#0D400019040071A9
(1672772656.463075) can0 260#000000000000006A
(1672772656.467133) can0 2C4#0D0E001904007177
(1672772656.467469) can0 2C1#080066FD80C30079
(1672772656.483185) can0 260#000000000000006A
(1672772656.490688) can0 2C4#0CD0001904007138
(1672772656.499914) can0 2C1#080095FD87C400B0
(1672772656.503208) can0 260#000000000000006A
(1672772656.513872) can0 440#4202000000000000
(1672772656.513897) can0 2C4#0C910019040071F9
(1672772656.523139) can0 260#000000000000006A
(1672772656.530631) can0 4C1#0100040900000000
(1672772656.531045) can0 2C1#080091FD8DC400B2
(1672772656.537842) can0 2C4#0C4F0019040071B7
(1672772656.541924) can0 3A0#000000000000002C
(1672772656.542641) can0 260#000000000000006A
(1672772656.547828) can0 4DD#1E00000600000000
(1672772656.552900) can0 3B1#0000010100000000
(1672772656.552925) can0 394#00
(1672772656.561088) can0 2C4#0C0E001904007176
(1672772656.562517) can0 260#000000000000006A
(1672772656.562798) can0 2C1#08007BFD94C300A2
(1672772656.563386) can0 630#1700000000000000
(1672772656.574943) can0 398#0000
(1672772656.582480) can0 260#000000000000006A
(1672772656.584351) can0 2C4#0BCE001904007135
(1672772656.594603) can0 2C1#080083FD98C400AF
(1672772656.603060) can0 260#000000000000006A
(1672772656.605142) can0 442#4002000000000000
(1672772656.608492) can0 2C4#0B890019040071F0
(1672772656.623065) can0 260#000000000000006A
(1672772656.626963) can0 2C1#080089FD9CC400B9
(1672772656.631484) can0 2C4#0B4B0019040071B2
(1672772656.642138) can0 3A0#000000000000002C
(1672772656.642374) can0 260#000000000000006A
(1672772656.655506) can0 2C4#0B2400190400718B
(1672772656.658716) can0 2C1#080080FD9FC400B3
(1672772656.663033) can0 260#000000000000006A
(1672772656.672216) can0 4DC#1D00000800000000
(1672772656.679141) can0 620#1000000030500050
(1672772656.679166) can0 2C4#0AE500190400714B
(1672772656.683012) can0 260#000000000000006A
(1672772656.689813) can0 2C1#08008EFDA2C400C4
(1672772656.702629) can0 2C4#0AA400190400710A
(1672772656.702654) can0 260#000000000000006A
(1672772656.704106) can0 440#4202000000000000
(1672772656.711703) can0 3B0#0000004B00
(1672772656.722098) can0 2C1#0800E3FDA5C7001F
(1672772656.722371) can0 260#000000000000006A
(1672772656.726198) can0 2C4#0A660019040071CC
(1672772656.741776) can0 3A0#000000000000002C
(1672772656.742479) can0 260#000000000000006A
(1672772656.744778) can0 610#2000006480000000
(1672772656.749748) can0 2C4#0A2600190400718C
(1672772656.753855) can0 2C1#080094FDA9C400D1
(1672772656.762798) can0 260#000000000000006A
(1672772656.772125) can0 380#0020000000002A00
(1672772656.773330) can0 2C4#09E800190400714D
(1672772656.782778) can0 260#000000000000006A
(1672772656.785629) can0 2C1#0800FBFDADC7003F
(1672772656.794908) can0 442#4002000000000000
(1672772656.796854) can0 2C4#09AF001904007114
(1672772656.802170) can0 3A1#0000000000000000
(1672772656.802195) can0 260#000000000000006A
(1672772656.804954) can0 640#A800000000000000
(1672772656.816890) can0 2C1#080111FDB4C8005E
(1672772656.819980) can0 2C4#09770019040071DC
(1672772656.822773) can0 260#000000000000006A
(1672772656.836824) can0 3B4#00006E4C000000
(1672772656.842180) can0 3A0#000000000000002C
(1672772656.842205) can0 260#000000000000006A
(1672772656.844138) can0 2C4#09480019040071AD
(1672772656.849269) can0 2C1#080125FDBAC90079
(1672772656.852718) can0 394#00
(1672772656.862259) can0 260#000000000000006A
(1672772656.866589) can0 38A#0804000000
(1672772656.867119) can0 2C4#0914001904007179
(1672772656.877935) can0 4C8#0900050700000000
(1672772656.880992) can0 2C1#080130FDBDC90087
(1672772656.882856) can0 260#000000000000006A
(1672772656.891117) can0 2C4#08D900190400713D
(1672772656.894248) can0 440#4202000000000000
(1672772656.902672) can0 260#000000000000006A
(1672772656.912768) can0 2C1#080143FDC3CA00A1
(1672772656.914836) can0 2C4#089B0019040071FF
(1672772656.919809) can0 3B3#089428
(1672772656.922756) can0 260#000000000000006A
(1672772656.938245) can0 2C4#08630019040071C7
(1672772656.941951) can0 3A0#000000000000002C
(1672772656.942070) can0 260#000000000000006A
(1672772656.944486) can0 2C1#080156FDC9CA00BA
(1672772656.961962) can0 2C4#082B00190400718F
(1672772656.962030) can0 260#000000000000006A
(1672772656.976286) can0 2C1#08016BFDCFCB00D6
(1672772656.979433) can0 620#1000000030500050
(1672772656.982713) can0 260#000000000000006A
(1672772656.985132) can0 442#4002000000000000
(1672772656.985157) can0 2C4#07F1001904007154
(1672772657.002572) can0 260#000000000000006A
(1672772657.008012) can0 2C1#08018BFDD6CC00FE
(1672772657.008417) can0 2C4#07BD001904007120
(1672772657.022662) can0 260#000000000000006A
(1672772657.032588) can0 2C4#07980019040071FB
(1672772657.039781) can0 2C1#0801BAFDDDCD0035
(1672772657.042437) can0 3A0#000000000000002C
(1672772657.042462) can0 260#000000000000006A
(1672772657.056192) can0 2C4#07580019040071BB
(1672772657.062633) can0 260#000000000000006A
(1672772657.070922) can0 2C1#0801E8FDE3CF006B
(1672772657.079714) can0 2C4#0723001904007186
(1672772657.082639) can0 260#000000000000006A
(1672772657.084609) can0 440#4202000000000000
(1672772657.102594) can0 260#000000000000006A
(1672772657.102619) can0 2C1#080217FDEAD000A3
(1672772657.102893) can0 2C4#06F1001904007153
(1672772657.122561) can0 260#000000000000006A
(1672772657.126860) can0 2C4#06B900190400711B
(1672772657.135037) can0 2C1#0802400415D20000
(1672772657.142542) can0 3A0#000000000000002C
(1672772657.142567) can0 260#000000000000006A
(1672772657.150321) can0 2C4#06830019040071E5
(1672772657.152331) can0 394#00
(1672772657.162446) can0 260#000000000000006A
(1672772657.166697) can0 2C1#0802720449D30067
(1672772657.173845) can0 2C4#06490019040071AB
(1672772657.175018) can0 442#4002000000000000
(1672772657.181928) can0 260#000000000000006A
(1672772657.184571) can0 621#1100000000000000
(1672772657.191322) can0 622#1200000000000000
(1672772657.193219) can0 398#004F
(1672772657.197421) can0 2C4#062C00190400718E
(1672772657.198038) can0 2C1#0007A0047DD45F26
(1672772657.198116) can0 638#1300180000000000
(1672772657.202448) can0 260#000000000000006A
(1672772657.205547) can0 38A#0904000000
(1672772657.220505) can0 2C4#06620019040071C4
(1672772657.221898) can0 260#000000000000006A
(1672772657.230291) can0 2C1#000BD104A3C9C8DF
(1672772657.242476) can0 260#000000000000006A
(1672772657.242501) can0 3A0#000000000000002C
(1672772657.244658) can0 2C4#06C4001904007126
(1672772657.244683) can0 610#2000006480000000
(1672772657.255136) can0 611#210010A000022863
(1672772657.261965) can0 2C1#000C7304C2C8C8A0
(1672772657.261990) can0 260#000000000000006A
(1672772657.267532) can0 2C4#072800190400718B
(1672772657.274142) can0 440#4202000000000000
(1672772657.279189) can0 620#1000000030500050
(1672772657.281854) can0 260#000000000000006A
(1672772657.291120) can0 2C4#077E0019040071E1
(1672772657.293145) can0 2C1#000CE40604C7C854
(1672772657.295283) can0 38A#0D04000000
(1672772657.302051) can0 260#000000000000006A
(1672772657.315224) can0 2C4#0803001904007167
(1672772657.321872) can0 260#000000000000006A
(1672772657.324976) can0 2C1#000D8B086AC68A25
(1672772657.338387) can0 2C4#08C800190400712C
(1672772657.341881) can0 260#000000000000006A
(1672772657.342016) can0 3A0#000000000000002C
(1672772657.357225) can0 2C1#00086209B6C501BA
(1672772657.362255) can0 260#000000000000006A
(1672772657.362281) can0 2C4#09A500190400710A
(1672772657.365206) can0 442#4002000000000000
(1672772657.382255) can0 260#000000000000006A
(1672772657.385929) can0 2C4#0A790019040071DF
(1672772657.385954) can0 38A#0C04000000
(1672772657.388975) can0 2C1#0800930A06C4003A
(1672772657.402202) can0 260#000000000000006A
(1672772657.409479) can0 2C4#0B1600190400717D
(1672772657.420755) can0 2C1#0800820A4EC40071
(1672772657.422201) can0 260#000000000000006A
(1672772657.431922) can0 3B3#0BED28
(1672772657.432660) can0 2C4#0C1200190400717A
(1672772657.441262) can0 4C1#0100040900000000
(1672772657.441662) can0 260#000000000000006A
(1672772657.442308) can0 3A0#000000000000002C
(1672772657.443178) can0 399#00000000000000
(1672772657.452116) can0 394#00
(1672772657.452142) can0 2C1#0800710A76C30087
(1672772657.456741) can0 2C4#0D0C001904007175
(1672772657.462264) can0 260#000000000000006A
(1672772657.465038) can0 440#4202000000000000
(1672772657.480183) can0 2C4#0E1300190400717D
(1672772657.482154) can0 260#000000000000006A
(1672772657.484253) can0 2C1#0800580A1BC20012
(1672772657.484279) can0 38A#0804000000
(1672772657.501898) can0 260#000000000000006A
(1672772657.503834) can0 2C4#0EDE001904007148
(1672772657.516144) can0 2C1#080030093BC10008
(1672772657.522188) can0 260#000000000000006A
(1672772657.527437) can0 2C4#0FAA001904007115
(1672772657.542165) can0 260#000000000000006A
(1672772657.545036) can0 3A0#000000000000002C
(1672772657.547915) can0 2C1#08000A07D4C00078
(1672772657.550967) can0 2C4#103100190400719D
(1672772657.552738) can0 3B1#0000010100000000
(1672772657.557513) can0 4DD#1E00000600000000
(1672772657.562049) can0 260#000000000000006A
(1672772657.564956) can0 442#4002000000000000
(1672772657.564981) can0 630#1700000000000000
(1672772657.573942) can0 2C4#10AE00190400711A
(1672772657.579636) can0 2C1#080000067CC00015
(1672772657.579661) can0 620#1000000030500050
(1672772657.582187) can0 260#000000000000006A
(1672772657.598062) can0 2C4#10F300190400715F
(1672772657.602136) can0 260#000000000000006A
(1672772657.611445) can0 2C1#0800000538C000D0
(1672772657.621643) can0 2C4#11330019040071A0
(1672772657.621669) can0 260#000000000000006A
(1672772657.642086) can0 260#000000000000006A
(1672772657.642319) can0 3A0#000000000000002C
(1672772657.642551) can0 2C1#080000042DC000C4
(1672772657.644626) can0 2C4#11640019040071D1
(1672772657.662066) can0 260#000000000000006A
(1672772657.665287) can0 440#4202000000000000
(1672772657.668761) can0 2C4#116C0019040071D9
(1672772657.672698) can0 398#03F7
(1672772657.672723) can0 4DC#1D00000800000000
(1672772657.674339) can0 2C1#0800000364C000FA
(1672772657.681818) can0 260#000000000000006A
(1672772657.691654) can0 2C4#11750019040071E2
(1672772657.701832) can0 260#000000000000006A
(1672772657.706664) can0 2C1#08000002E6C0007B
(1672772657.713041) can0 3B0#0000004B00
(1672772657.715911) can0 2C4#11500019040071BD
(1672772657.721878) can0 260#000000000000006A
(1672772657.738327) can0 2C1#0800000289C0001E
(1672772657.738871) can0 2C4#11330019040071A0
(1672772657.742066) can0 260#000000000000006A
(1672772657.742435) can0 3A0#000000000000002C
(1672772657.744506) can0 610#2000006480000000
(1672772657.751838) can0 394#00
(1672772657.761960) can0 260#000000000000006A
(1672772657.762433) can0 2C4#10F000190400715C
(1672772657.764473) can0 442#4002000000000000
(1672772657.770191) can0 2C1#0800000257C000EC
(1672772657.775237) can0 380#0020000000002A00
(1672772657.781830) can0 260#000000000000006A
(1672772657.786454) can0 2C4#10BD001904007129
(1672772657.801805) can0 260#000000000000006A
(1672772657.801831) can0 2C1#0800000240C000D5
(1672772657.802887) can0 3A1#0000000000000000
(1672772657.804703) can0 640#A800000000000000
(1672772657.810140) can0 2C4#10790019040071E5
(1672772657.821335) can0 260#000000000000006A
(1672772657.833193) can0 2C1#0800000236C000CB
(1672772657.833242) can0 2C4#103100190400719D
(1672772657.841383) can0 260#000000000000006A
(1672772657.842630) can0 3A0#000000000000002C
(1672772657.856569) can0 4C8#0900050700000000
(1672772657.856595) can0 2C4#0FE7001904007152
(1672772657.860005) can0 440#4202000000000000
(1672772657.860852) can0 3B4#00006E4C000000
(1672772657.861258) can0 260#000000000000006A
(1672772657.865005) can0 2C1#080006023EC000D9
(1672772657.879888) can0 620#1000000030500050
(1672772657.880120) can0 2C4#0FA000190400710B
(1672772657.881387) can0 260#000000000000006A
(1672772657.896732) can0 2C1#08000F024DC000F1
(1672772657.901351) can0 260#000000000000006A
(1672772657.903976) can0 2C4#0F5E0019040071C9
(1672772657.921354) can0 260#000000000000006A
(1672772657.927457) can0 2C4#0F1B001904007186
(1672772657.928464) can0 2C1#08001E026FC00022
(1672772657.941330) can0 260#000000000000006A
(1672772657.942701) can0 3A0#000000000000002C
(1672772657.943726) can0 3B3#0F0C28
(1672772657.950989) can0 2C4#0EE7001904007151
(1672772657.954779) can0 442#4002000000000000
(1672772657.960596) can0 2C1#080038FD5FC10028
(1672772657.961227) can0 260#000000000000006A
(1672772657.974949) can0 2C4#0EED001904007157
(1672772657.981657) can0 260#000000000000006A
(1672772657.992403) can0 2C1#08002BFD5FC1001B
(1672772657.998030) can0 2C4#0EDE001904007148
(1672772658.001656) can0 260#000000000000006A
(1672772658.021613) can0 260#000000000000006A
(1672772658.021639) can0 2C4#0EBA001904007124
(1672772658.024131) can0 2C1#080031FD62C10024
(1672772658.041576) can0 260#000000000000006A
(1672772658.044170) can0 3A0#000000000000002C
(1672772658.045757) can0 2C4#0E8E0019040071F8
(1672772658.050668) can0 440#4202000000000000
(1672772658.050850) can0 394#00
(1672772658.052818) can0 398#00C1
(1672772658.055880) can0 2C1#08003AFD66C10031
(1672772658.061571) can0 260#000000000000006A
(1672772658.068705) can0 2C4#0E4A0019040071B4
(1672772658.081660) can0 260#000000000000006A
(1672772658.087736) can0 2C1#08005AFD6CC20058
(1672772658.092857) can0 2C4#0E06001904007170
(1672772658.101545) can0 260#000000000000006A
(1672772658.116321) can0 2C4#0DC100190400712A
(1672772658.119509) can0 2C1#08006AFD73C30070
(1672772658.121657) can0 260#000000000000006A
(1672772658.139986) can0 2C4#0D7F0019040071E8
(1672772658.141654) can0 260#000000000000006A
(1672772658.143461) can0 3A0#000000000000002C
(1672772658.145262) can0 442#4002000000000000
(1672772658.151143) can0 2C1#080078FD7AC30085
(1672772658.161472) can0 260#000000000000006A
(1672772658.163422) can0 2C4#0D550019040071BE
(1672772658.180790) can0 620#1000000030500050
(1672772658.180886) can0 260#000000000000006A
(1672772658.183006) can0 2C1#080084FD80C40098
(1672772658.187110) can0 2C4#0D1A001904007183
(1672772658.187135) can0 621#1100000000000000
(1672772658.194806) can0 622#1200000000000000
(1672772658.201444) can0 260#000000000000006A
(1672772658.201470) can0 638#1300180000000000
(1672772658.210552) can0 2C4#0CD500190400713D
(1672772658.214674) can0 2C1#080092FD86C400AC
(1672772658.221394) can0 260#000000000000006A
(1672772658.234120) can0 2C4#0C910019040071F9
(1672772658.240746) can0 440#4202000000000000
(1672772658.240821) can0 260#000000000000006A
(1672772658.242906) can0 3A0#000000000000002C
(1672772658.245150) can0 610#2000006480000000
(1672772658.246425) can0 2C1#0800A1FD8DC500C3
(1672772658.254895) can0 611#210010A000022863
(1672772658.257671) can0 2C4#0C4F0019040071B7
(1672772658.261397) can0 260#000000000000006A
(1672772658.277887) can0 2C1#080086FD93C400AD
(1672772658.281246) can0 2C4#0C0E001904007176
(1672772658.281271) can0 260#000000000000006A
(1672772658.301460) can0 260#000000000000006A
(1672772658.304978) can0 2C4#0BD2001904007139
(1672772658.310030) can0 2C1#080094FD98C400C0
(1672772658.320866) can0 260#000000000000006A
(1672772658.327888) can0 2C4#0B8F0019040071F6
(1672772658.334889) can0 442#4002000000000000
(1672772658.340855) can0 260#000000000000006A
(1672772658.341168) can0 2C1#0800C2FD9BC600F3
(1672772658.342943) can0 3A0#000000000000002C
(1672772658.351267) can0 394#00
(1672772658.351365) can0 2C4#0B690019040071D0
(1672772658.351631) can0 4C1#0100040900000000
(1672772658.361438) can0 260#000000000000006A
(1672772658.373566) can0 2C1#080088FD9FC400BB
(1672772658.375611) can0 2C4#0B29001904007190
(1672772658.381442) can0 260#000000000000006A
(1672772658.399187) can0 2C4#0AE600190400714C
(1672772658.401460) can0 260#000000000000006A
(1672772658.405320) can0 2C1#080082FDA0C400B6
(1672772658.421394) can0 260#000000000000006A
(1672772658.422488) can0 2C4#0AA500190400710B
(1672772658.431117) can0 440#4202000000000000
(1672772658.437065) can0 2C1#0800DAFDA4C60014
(1672772658.441338) can0 260#000000000000006A
(1672772658.443527) can0 3A0#000000000000002C
(1672772658.445890) can0 2C4#0A6A0019040071D0
(1672772658.456326) can0 3B3#0A4D28
(1672772658.461292) can0 260#000000000000006A
(1672772658.467796) can0 399#00000000000000
(1672772658.468224) can0 2C1#080086FDA7C400C1
(1672772658.469600) can0 2C4#0A2C001904007192
(1672772658.481119) can0 620#1000000030500050
(1672772658.481145) can0 260#000000000000006A
(1672772658.492875) can0 2C4#09EF001904007154
(1672772658.500472) can0 2C1#0800ECFDAAC7002D
(1672772658.500571) can0 260#000000000000006A
(1672772658.516821) can0 2C4#09B700190400711C
(1672772658.521154) can0 260#000000000000006A
(1672772658.525001) can0 442#4002000000000000
(1672772658.531891) can0 2C1#0800FFFDB0C70046
(1672772658.540398) can0 2C4#098F0019040071F4
(1672772658.540576) can0 260#000000000000006A
(1672772658.543725) can0 3A0#000000000000002C
(1672772658.552323) can0 3B1#0000010100000000
(1672772658.561105) can0 260#000000000000006A
(1672772658.564001) can0 2C1#080115FDB7C80065
(1672772658.564027) can0 2C4#09520019040071B7
(1672772658.566058) can0 630#1700000000000000
(1672772658.566670) can0 4DD#1E00000600000000
(1672772658.568502) can0 398#0000
(1672772658.581080) can0 260#000000000000006A
(1672772658.587528) can0 2C4#091500190400717A
(1672772658.595724) can0 2C1#080129FDBDC90080
(1672772658.601072) can0 260#000000000000006A
(1672772658.611132) can0 2C4#08DF001904007143
(1672772658.621056) can0 260#000000000000006A
(1672772658.621082) can0 440#4202000000000000
(1672772658.627509) can0 2C1#08013CFDC3C90099
(1672772658.634672) can0 2C4#08A3001904007107
(1672772658.636653) can0 38A#0804000000
(1672772658.641035) can0 260#000000000000006A
(1672772658.643790) can0 3A0#000000000000002C
(1672772658.650986) can0 394#00
(1672772658.658342) can0 2C4#086E0019040071D2
(1672772658.658762) can0 2C1#080151FDC9CA00B5
(1672772658.660652) can0 260#000000000000006A
(1672772658.673229) can0 4DC#1D00000800000000
(1672772658.680529) can0 260#000000000000006A
(1672772658.681271) can0 2C4#0833001904007197
(1672772658.690684) can0 2C1#080164FDCFCB00CF
(1672772658.700484) can0 260#000000000000006A
(1672772658.705687) can0 2C4#07FC00190400715F
(1672772658.713752) can0 3B0#0000004B00
(1672772658.715149) can0 442#4002000000000000
(1672772658.720947) can0 260#000000000000006A
(1672772658.722751) can0 2C1#08017FFDD5CB00F0
(1672772658.728869) can0 2C4#07D700190400713A
(1672772658.740893) can0 260#000000000000006A
(1672772658.743777) can0 3A0#000000000000002C
(1672772658.744503) can0 610#2000006480000000
(1672772658.751996) can0 2C4#079A0019040071FD
(1672772658.754057) can0 2C1#0801ADFDDCCD0027
(1672772658.760895) can0 260#000000000000006A
(1672772658.774372) can0 380#0020000000002A00
(1672772658.776024) can0 2C4#07660019040071C9
(1672772658.780922) can0 260#000000000000006A
(1672772658.780948) can0 620#1000000030500050
(1672772658.786325) can0 2C1#0801DBFDE2CE005C
(1672772658.799602) can0 2C4#072D001904007190
(1672772658.800877) can0 260#000000000000006A
(1672772658.803877) can0 3A1#0000000000000000
(1672772658.804614) can0 640#A800000000000000
(1672772658.811454) can0 440#4202000000000000
(1672772658.817669) can0 2C1#08020AFDE9D00095
(1672772658.820430) can0 260#000000000000006A
(1672772658.823181) can0 2C4#06F7001904007159
(1672772658.836001) can0 4C8#0900050700000000
(1672772658.840824) can0 260#000000000000006A
(1672772658.843859) can0 3A0#000000000000002C
(1672772658.846261) can0 2C4#06C4001904007126
(1672772658.849813) can0 2C1#0802390424D10007
(1672772658.860799) can0 260#000000000000006A
(1672772658.870442) can0 2C4#06890019040071EB
(1672772658.880915) can0 260#000000000000006A
(1672772658.880958) can0 2C1#0802630451D30060
(1672772658.885767) can0 3B4#00006E4C000000
(1672772658.893962) can0 2C4#06570019040071B9
(1672772658.900913) can0 260#000000000000006A
(1672772658.905090) can0 442#4002000000000000
(1672772658.913320) can0 2C1#08027E046BD30095
(1672772658.917401) can0 2C4#06400019040071A2
(1672772658.920772) can0 260#000000000000006A
(1672772658.940764) can0 260#000000000000006A
(1672772658.940790) can0 2C4#06980019040071FA
(1672772658.943758) can0 3A0#000000000000002C
(1672772658.944921) can0 2C1#08026F0498D300B3
(1672772658.950693) can0 394#00
(1672772658.960844) can0 260#000000000000006A
(1672772658.964637) can0 2C4#06FB00190400715D
(1672772658.968638) can0 3B3#070A28
(1672772658.976892) can0 2C1#08011104A6C80057
(1672772658.980727) can0 260#000000000000006A
(1672772658.988077) can0 2C4#07580019040071BB
(1672772659.000669) can0 260#000000000000006A
(1672772659.001241) can0 440#4202000000000000
(1672772659.008685) can0 2C1#0800F3049FC70030
(1672772659.011137) can0 2C4#079E001904007101
(1672772659.020788) can0 260#000000000000006A
(1672772659.034874) can0 2C4#07DD001904007140
(1672772659.039847) can0 2C1#0800DE0482C600FD
(1672772659.040110) can0 260#000000000000006A
(1672772659.043702) can0 3A0#000000000000002C
(1672772659.058619) can0 2C4#080900190400716D
(1672772659.060760) can0 260#000000000000006A
(1672772659.071712) can0 2C1#0800D00455C600C2
(1672772659.080134) can0 260#000000000000006A
(1672772659.081634) can0 620#1000000030500050
(1672772659.081795) can0 2C4#0831001904007195
(1672772659.094417) can0 442#4002000000000000
(1672772659.100686) can0 260#000000000000006A
(1672772659.103986) can0 2C1#0800C80417C6007C
(1672772659.106016) can0 2C4#084E0019040071B2
