(1672772638.048893) can0 2C1#0800DE01FAC60072
(1672772638.057448) can0 620#1000000030500050
(1672772638.060037) can0 260#000000000000006A
(1672772638.065147) can0 2C4#08A700190400710B
(1672772638.079984) can0 260#000000000000006A
(1672772638.080402) can0 2C1#0800DF01FBC60074
(1672772638.088929) can0 2C4#08A900190400710D
(1672772638.100103) can0 260#000000000000006A
(1672772638.112216) can0 2C1#0800DE01FBC60073
(1672772638.112405) can0 2C4#08A700190400710B
(1672772638.120508) can0 260#000000000000006A
(1672772638.125962) can0 3A0#000000000000002B
(1672772638.133106) can0 440#4202000000000000
(1672772638.136358) can0 2C4#08A2001904007106
(1672772638.140513) can0 260#000000000000006A
(1672772638.144038) can0 2C1#0800DF01FDC60076
(1672772638.159327) can0 2C4#08AC001904007110
(1672772638.159906) can0 260#000000000000006A
(1672772638.162847) can0 621#1100000000000000
(1672772638.169588) can0 622#1200000000000000
(1672772638.175784) can0 2C1#0800DE01FCC60074
(1672772638.176325) can0 638#1300180000000000
(1672772638.179971) can0 260#000000000000006A
(1672772638.182889) can0 2C4#08AC001904007110
(1672772638.200430) can0 260#000000000000006A
(1672772638.207006) can0 2C4#08B0001904007114
(1672772638.207556) can0 2C1#0800DD01FAC60071
(1672772638.220417) can0 260#000000000000006A
(1672772638.224932) can0 442#4002000000000000
(1672772638.226513) can0 3A0#000000000000002B
(1672772638.230094) can0 2C4#08B3001904007117
(1672772638.236639) can0 38A#0804000000
(1672772638.239795) can0 2C1#0800DD01FAC60071
(1672772638.239821) can0 260#000000000000006A
(1672772638.244680) can0 610#2000006480000000
(1672772638.253626) can0 2C4#08A900190400710D
(1672772638.254348) can0 611#210010A000022863
(1672772638.260382) can0 260#000000000000006A
(1672772638.270344) can0 394#00
(1672772638.271158) can0 2C1#0800DE01FBC60073
(1672772638.275058) can0 4C8#0900050700000000
(1672772638.277144) can0 2C4#08AF001904007113
(1672772638.279927) can0 260#000000000000006A
(1672772638.299921) can0 260#000000000000006A
(1672772638.300704) can0 2C4#08B600190400711A
(1672772638.302743) can0 2C1#0800DC01FAC60070
(1672772638.316068) can0 4C1#0100040900000000
(1672772638.319888) can0 260#000000000000006A
(1672772638.322911) can0 440#4202000000000000
(1672772638.324811) can0 2C4#08B4001904007118
(1672772638.327010) can0 3A0#000000000000002B
(1672772638.334510) can0 2C1#0800DD01FAC60071
(1672772638.339808) can0 260#000000000000006A
(1672772638.347840) can0 2C4#08B1001904007115
(1672772638.357803) can0 620#1000000030500050
(1672772638.359814) can0 260#000000000000006A
(1672772638.366268) can0 2C1#0800DC01F9C6006F
(1672772638.371402) can0 2C4#08B3001904007117
(1672772638.372828) can0 4DD#1E00000600000000
(1672772638.379777) can0 260#000000000000006A
(1672772638.384773) can0 398#0133
(1672772638.395172) can0 2C4#08B2001904007116
(1672772638.397099) can0 3B4#0000654C000000
(1672772638.398198) can0 2C1#0800DC01F8C6006E
(1672772638.400089) can0 260#000000000000006A
(1672772638.414505) can0 442#4002000000000000
(1672772638.418659) can0 2C4#08AD001904007111
(1672772638.419882) can0 260#000000000000006A
(1672772638.426295) can0 3A0#000000000000002B
(1672772638.429886) can0 2C1#0800DD01F8C6006F
(1672772638.439855) can0 260#000000000000006A
(1672772638.442233) can0 2C4#08B700190400711B
(1672772638.459813) can0 260#000000000000006A
(1672772638.461658) can0 2C1#0800DB01F7C6006C
(1672772638.465818) can0 2C4#08B600190400711A
(1672772638.479812) can0 260#000000000000006A
(1672772638.479837) can0 3B3#08B328
(1672772638.489358) can0 2C4#08B4001904007118
(1672772638.493469) can0 2C1#0800DC01F7C6006D
(1672772638.499758) can0 260#000000000000006A
(1672772638.513413) can0 2C4#08B800190400711C
(1672772638.513440) can0 440#4202000000000000
(1672772638.520244) can0 260#000000000000006A
(1672772638.525700) can0 2C1#0800DB01F5C6006A
(1672772638.526305) can0 3A0#000000000000002B
(1672772638.536975) can0 2C4#08B4001904007118
(1672772638.540247) can0 260#000000000000006A
(1672772638.543382) can0 630#1700000000000000
(1672772638.557355) can0 2C1#0800DB01F5C6006A
(1672772638.557887) can0 3B1#0000010100000000
(1672772638.559654) can0 260#000000000000006A
(1672772638.559873) can0 2C4#08B900190400711D
(1672772638.569394) can0 394#00
(1672772638.579777) can0 260#000000000000006A
(1672772638.584092) can0 2C4#08BF001904007123
(1672772638.588719) can0 2C1#0800DA01F5C60069
(1672772638.600168) can0 260#000000000000006A
(1672772638.604945) can0 442#4002000000000000
(1672772638.607200) can0 2C4#08BF001904007123
(1672772638.620146) can0 260#000000000000006A
(1672772638.620348) can0 2C1#0800DA01F4C60068
(1672772638.626945) can0 3A0#000000000000002B
(1672772638.631214) can0 2C4#08C600190400712A
(1672772638.640141) can0 260#000000000000006A
(1672772638.652633) can0 2C1#0800D801F3C60065
(1672772638.654666) can0 2C4#08C800190400712C
(1672772638.656429) can0 4DC#1D00000800000000
(1672772638.658171) can0 620#1000000030500050
(1672772638.659428) can0 260#000000000000006A
(1672772638.677928) can0 2C4#08C900190400712D
(1672772638.679543) can0 260#000000000000006A
(1672772638.683890) can0 2C1#0800D801F3C60065
(1672772638.696883) can0 3B0#0000004B00
(1672772638.699488) can0 260#000000000000006A
(1672772638.701318) can0 2C4#08D2001904007136
(1672772638.703708) can0 440#4202000000000000
(1672772638.716113) can0 2C1#0800D601F1C60061
(1672772638.719961) can0 260#000000000000006A
(1672772638.725356) can0 2C4#08CB00190400712F
(1672772638.726932) can0 3A0#000000000000002B
(1672772638.739915) can0 260#000000000000006A
(1672772638.744788) can0 610#2000006480000000
(1672772638.747881) can0 2C1#0800D801EFC60061
(1672772638.748469) can0 2C4#08CA00190400712E
(1672772638.756986) can0 380#0020000000002A00
(1672772638.759919) can0 260#000000000000006A
(1672772638.772479) can0 2C4#08CB00190400712F
(1672772638.779638) can0 2C1#0800D801EEC60060
(1672772638.779664) can0 260#000000000000006A
(1672772638.787019) can0 3A1#0000000000000000
(1672772638.794905) can0 442#4002000000000000
(1672772638.795544) can0 2C4#08D0001904007134
(1672772638.799883) can0 260#000000000000006A
(1672772638.804976) can0 640#A800000000000000
(1672772638.811404) can0 2C1#0800D701ECC6005D
(1672772638.819133) can0 2C4#08C800190400712C
(1672772638.819333) can0 260#000000000000006A
(1672772638.827118) can0 3A0#000000000000002B
(1672772638.839946) can0 260#000000000000006A
(1672772638.843268) can0 2C1#0800D801EAC6005C
(1672772638.843293) can0 2C4#08CB00190400712F
(1672772638.859950) can0 260#000000000000006A
(1672772638.866819) can0 2C4#08C4001904007128
(1672772638.869679) can0 394#00
(1672772638.874904) can0 2C1#0800D801EAC6005C
(1672772638.879705) can0 260#000000000000006A
(1672772638.890372) can0 2C4#08B3001904007117
(1672772638.894091) can0 440#4202000000000000
(1672772638.899869) can0 260#000000000000006A
(1672772638.906648) can0 2C1#0800DC01ECC60062
(1672772638.913830) can0 2C4#08B5001904007119
(1672772638.919749) can0 260#000000000000006A
(1672772638.927098) can0 3A0#000000000000002B
(1672772638.937404) can0 2C4#08B5001904007119
(1672772638.937995) can0 2C1#0800DB01EFC60064
(1672772638.939618) can0 260#000000000000006A
(1672772638.959241) can0 620#1000000030500050
(1672772638.959266) can0 260#000000000000006A
(1672772638.961091) can0 2C4#08B600190400711A
(1672772638.970271) can0 2C1#0800DB01EFC60064
(1672772638.979789) can0 260#000000000000006A
(1672772638.984509) can0 2C4#08BE001904007122
(1672772638.984534) can0 442#4002000000000000
(1672772638.992608) can0 3B3#08BD28
(1672772638.999701) can0 260#000000000000006A
(1672772639.001929) can0 2C1#0800D901F1C60064
(1672772639.003557) can0 399#00000000000000
(1672772639.007842) can0 2C4#08BD001904007121
(1672772639.019770) can0 260#000000000000006A
(1672772639.026854) can0 3A0#000000000000002B
(1672772639.031172) can0 2C4#08AC001904007110
(1672772639.033235) can0 2C1#0800DB01F1C60066
(1672772639.039221) can0 260#000000000000006A
(1672772639.055328) can0 2C4#08A800190400710C
(1672772639.059746) can0 260#000000000000006A
(1672772639.065489) can0 2C1#0800DC01EFC60065
(1672772639.071991) can0 398#012E
(1672772639.078879) can0 2C4#08A5001904007109
(1672772639.079108) can0 260#000000000000006A
(1672772639.084317) can0 440#4202000000000000
(1672772639.097325) can0 2C1#0800DD01F1C60068
(1672772639.099746) can0 260#000000000000006A
(1672772639.102475) can0 2C4#08A0001904007104
(1672772639.119695) can0 260#000000000000006A
(1672772639.125941) can0 2C4#08A600190400710A
(1672772639.127412) can0 3A0#000000000000002B
(1672772639.128554) can0 2C1#0800DE01F2C6006A
(1672772639.139646) can0 260#000000000000006A
(1672772639.149461) can0 2C4#08A2001904007106
(1672772639.159533) can0 260#000000000000006A
(1672772639.160300) can0 2C1#0800DD01F2C60069
(1672772639.164282) can0 621#1100000000000000
(1672772639.169404) can0 394#00
(1672772639.171003) can0 622#1200000000000000
(1672772639.173000) can0 2C4#089B0019040071FF
(1672772639.175053) can0 442#4002000000000000
(1672772639.178153) can0 638#1300180000000000
(1672772639.179503) can0 260#000000000000006A
(1672772639.192479) can0 2C1#0800DF01F0C60069
(1672772639.196695) can0 2C4#089A0019040071FE
(1672772639.199617) can0 260#000000000000006A
(1672772639.219567) can0 260#000000000000006A
(1672772639.219592) can0 2C4#08950019040071F9
(1672772639.224342) can0 2C1#0800DF01F3C6006C
(1672772639.227471) can0 4C1#0100040900000000
(1672772639.227497) can0 3A0#000000000000002B
(1672772639.239457) can0 260#000000000000006A
(1672772639.243223) can0 2C4#08950019040071F9
(1672772639.244981) can0 610#2000006480000000
(1672772639.254561) can0 4C8#0900050700000000
(1672772639.254586) can0 611#210010A000022863
(1672772639.255496) can0 2C1#0800E001F2C7006D
(1672772639.258905) can0 260#000000000000006A
(1672772639.259112) can0 620#1000000030500050
(1672772639.266861) can0 2C4#08980019040071FC
(1672772639.274461) can0 440#4202000000000000
(1672772639.278899) can0 260#000000000000006A
(1672772639.287728) can0 2C1#0800DF01F3C6006C
(1672772639.290815) can0 2C4#08920019040071F6
(1672772639.298905) can0 260#000000000000006A
(1672772639.314385) can0 2C4#08900019040071F4
(1672772639.318838) can0 260#000000000000006A
(1672772639.319089) can0 2C1#0800E001F3C7006E
(1672772639.327431) can0 3A0#000000000000002B
(1672772639.337956) can0 2C4#08940019040071F8
(1672772639.339386) can0 260#000000000000006A
(1672772639.351286) can0 2C1#0800DF01F3C6006C
(1672772639.358884) can0 260#000000000000006A
(1672772639.361004) can0 2C4#08920019040071F6
(1672772639.365155) can0 442#4002000000000000
(1672772639.379389) can0 260#000000000000006A
(1672772639.383033) can0 2C1#0800DF01F1C6006A
(1672772639.383059) can0 4DD#1E00000600000000
(1672772639.385056) can0 2C4#08950019040071F9
(1672772639.389138) can0 38A#0804000000
(1672772639.399284) can0 260#000000000000006A
(1672772639.408606) can0 2C4#08970019040071FB
(1672772639.414899) can0 2C1#0800DF01F2C6006B
(1672772639.419470) can0 260#000000000000006A
(1672772639.422050) can0 3B4#0000664C000000
(1672772639.427644) can0 3A0#000000000000002B
(1672772639.432180) can0 2C4#089B0019040071FF
(1672772639.439257) can0 260#000000000000006A
(1672772639.446532) can0 2C1#0800DE01F1C60069
(1672772639.455736) can0 2C4#089E001904007102
(1672772639.459266) can0 260#000000000000006A
(1672772639.464658) can0 440#4202000000000000
(1672772639.469080) can0 394#00
(1672772639.477897) can0 2C1#0800DC01EFC60065
(1672772639.479256) can0 260#000000000000006A
(1672772639.479282) can0 2C4#08A900190400710D
(1672772639.499209) can0 260#000000000000006A
(1672772639.502976) can0 2C4#08A3001904007107
(1672772639.504943) can0 3B3#08A528
(1672772639.510148) can0 2C1#0800DC01EEC60064
(1672772639.519188) can0 260#000000000000006A
(1672772639.526436) can0 2C4#089F001904007103
(1672772639.527237) can0 3A0#000000000000002B
(1672772639.539162) can0 260#000000000000006A
(1672772639.541895) can0 2C1#0800DD01ECC60063
(1672772639.544895) can0 630#1700000000000000
(1672772639.550097) can0 2C4#08A1001904007105
(1672772639.558244) can0 3B1#0000010100000000
(1672772639.558634) can0 260#000000000000006A
(1672772639.559644) can0 620#1000000030500050
(1672772639.565369) can0 442#4002000000000000
(1672772639.573668) can0 2C1#0800DF01ECC60065
(1672772639.573693) can0 2C4#08990019040071FD
(1672772639.579242) can0 260#000000000000006A
(1672772639.597242) can0 2C4#08940019040071F8
(1672772639.599295) can0 260#000000000000006A
(1672772639.605465) can0 2C1#0800DF01EEC60067
(1672772639.619192) can0 260#000000000000006A
(1672772639.620814) can0 2C4#089B0019040071FF
(1672772639.627794) can0 3A0#000000000000002B
(1672772639.637172) can0 2C1#0800DE01EEC60066
(1672772639.639076) can0 260#000000000000006A
(1672772639.644234) can0 2C4#08970019040071FB
(1672772639.657751) can0 4DC#1D00000800000000
(1672772639.658885) can0 260#000000000000006A
(1672772639.664997) can0 440#4202000000000000
(1672772639.667920) can0 2C4#089A0019040071FE
(1672772639.668288) can0 2C1#0800DF01EFC60068
(1672772639.679143) can0 260#000000000000006A
(1672772639.691377) can0 2C4#089B0019040071FF
(1672772639.697754) can0 3B0#0000004B00
(1672772639.699002) can0 260#000000000000006A
(1672772639.700112) can0 2C1#0800DE01F0C60068
(1672772639.714927) can0 2C4#08990019040071FD
(1672772639.719027) can0 260#000000000000006A
(1672772639.727774) can0 3A0#000000000000002B
(1672772639.732352) can0 2C1#0800DE01F2C6006A
(1672772639.738010) can0 2C4#08930019040071F7
(1672772639.738494) can0 260#000000000000006A
(1672772639.744644) can0 610#2000006480000000
(1672772639.757327) can0 380#0020000000002A00
(1672772639.758592) can0 260#000000000000006A
(1672772639.761497) can0 2C4#08960019040071FA
(1672772639.763702) can0 2C1#0800DF01F1C6006A
(1672772639.764837) can0 442#4002000000000000
(1672772639.768764) can0 394#00
(1672772639.769627) can0 398#012C
(1672772639.778864) can0 260#000000000000006A
(1672772639.785719) can0 2C4#08970019040071FB
(1672772639.788993) can0 3A1#0000000000000000
(1672772639.795999) can0 2C1#0800DE01F2C6006A
(1672772639.799050) can0 260#000000000000006A
(1672772639.804863) can0 640#A800000000000000
(1672772639.809183) can0 2C4#08920019040071F6
(1672772639.818608) can0 260#000000000000006A
(1672772639.827117) can0 2C1#0800DE01F1C60069
(1672772639.827339) can0 3A0#000000000000002B
(1672772639.832846) can0 2C4#08930019040071F7
(1672772639.838428) can0 260#000000000000006A
(1672772639.855733) can0 2C4#088D0019040071F1
(1672772639.858379) can0 260#000000000000006A
(1672772639.858852) can0 2C1#0800DF01F0C60069
(1672772639.859577) can0 620#1000000030500050
(1672772639.864607) can0 440#4202000000000000
(1672772639.878383) can0 260#000000000000006A
(1672772639.879758) can0 2C4#08910019040071F5
(1672772639.891135) can0 2C1#0800DF01EFC60068
(1672772639.898406) can0 260#000000000000006A
(1672772639.902952) can0 2C4#08990019040071FD
(1672772639.918806) can0 260#000000000000006A
(1672772639.922880) can0 2C1#0800DF01F1C6006A
(1672772639.926964) can0 2C4#088E0019040071F2
(1672772639.927473) can0 3A0#000000000000002B
(1672772639.938779) can0 260#000000000000006A
(1672772639.950535) can0 2C4#08890019040071ED
(1672772639.954634) can0 2C1#0800E001F3C7006E
(1672772639.958809) can0 260#000000000000006A
(1672772639.964970) can0 442#4002000000000000
(1672772639.974082) can0 2C4#08840019040071E8
(1672772639.978761) can0 260#000000000000006A
(1672772639.986376) can0 2C1#0800E101F3C7006F
(1672772639.997659) can0 2C4#08790019040071DD
(1672772639.998365) can0 260#000000000000006A
(1672772640.016539) can0 3B3#087228
(1672772640.018152) can0 2C1#0800E401F5C70074
(1672772640.018178) can0 260#000000000000006A
(1672772640.020879) can0 2C4#08720019040071D6
(1672772640.027513) can0 3A0#000000000000002B
(1672772640.027856) can0 399#00000000000000
(1672772640.038685) can0 260#000000000000006A
(1672772640.044804) can0 2C4#08750019040071D9
(1672772640.049910) can0 2C1#0800E401F8C70077
(1672772640.058657) can0 260#000000000000006A
(1672772640.065362) can0 440#4202000000000000
(1672772640.067863) can0 2C4#08770019040071DB
(1672772640.067957) can0 394#00
(1672772640.078561) can0 260#000000000000006A
(1672772640.081653) can0 2C1#0800E301FBC70079
(1672772640.091908) can0 2C4#08790019040071DD
(1672772640.098632) can0 260#000000000000006A
(1672772640.113545) can0 2C1#0800E301FEC7007C
(1672772640.115597) can0 2C4#087B0019040071DF
(1672772640.118773) can0 260#000000000000006A
(1672772640.128250) can0 3A0#000000000000002B
(1672772640.137999) can0 4C1#0100040900000000
(1672772640.138025) can0 260#000000000000006A
(1672772640.138537) can0 2C4#08790019040071DD
(1672772640.145186) can0 2C1#0800E30200C7007F
(1672772640.158117) can0 260#000000000000006A
(1672772640.160347) can0 620#1000000030500050
(1672772640.162691) can0 2C4#08740019040071D8
(1672772640.165145) can0 442#4002000000000000
(1672772640.167347) can0 621#1100000000000000
(1672772640.174518) can0 622#1200000000000000
(1672772640.176931) can0 2C1#0800E40200C70080
(1672772640.178581) can0 260#000000000000006A
(1672772640.181126) can0 638#1300180000000000
(1672772640.186168) can0 2C4#087E0019040071E2
(1672772640.198557) can0 260#000000000000006A
(1672772640.208818) can0 2C1#0800E20201C7007F
(1672772640.209198) can0 2C4#087D0019040071E1
(1672772640.217959) can0 260#000000000000006A
(1672772640.227887) can0 3A0#000000000000002B
(1672772640.232837) can0 2C4#087F0019040071E3
(1672772640.233125) can0 4C8#0900050700000000
(1672772640.238078) can0 260#000000000000006A
(1672772640.239970) can0 2C1#0800E20201C7007F
(1672772640.244947) can0 610#2000006480000000
(1672772640.254893) can0 611#210010A000022863
(1672772640.256968) can0 2C4#08850019040071E9
(1672772640.258643) can0 260#000000000000006A
(1672772640.260636) can0 440#4202000000000000
(1672772640.272209) can0 2C1#0800E00200C7007C
(1672772640.278574) can0 260#000000000000006A
(1672772640.280544) can0 2C4#08850019040071E9
(1672772640.298544) can0 260#000000000000006A
(1672772640.304074) can0 2C1#0800E00203C7007F
(1672772640.304100) can0 2C4#08830019040071E7
(1672772640.317919) can0 260#000000000000006A
(1672772640.327648) can0 2C4#08830019040071E7
(1672772640.327684) can0 3A0#000000000000002B
(1672772640.335817) can0 2C1#0800E00204C70080
(1672772640.338543) can0 260#000000000000006A
(1672772640.351056) can0 2C4#08780019040071DC
(1672772640.355106) can0 442#4002000000000000
(1672772640.358384) can0 260#000000000000006A
(1672772640.367480) can0 2C1#0800E30206C70085
(1672772640.367717) can0 394#00
(1672772640.374634) can0 2C4#087A0019040071DE
(1672772640.378377) can0 260#000000000000006A
(1672772640.392784) can0 4DD#1E00000600000000
(1672772640.398317) can0 2C4#08840019040071E8
(1672772640.398343) can0 260#000000000000006A
(1672772640.398742) can0 2C1#0800E10205C70082
(1672772640.418496) can0 260#000000000000006A
(1672772640.421873) can0 2C4#088C0019040071F0
(1672772640.428492) can0 3A0#000000000000002B
(1672772640.431093) can0 2C1#0800DF0203C6007D
(1672772640.437811) can0 260#000000000000006A
(1672772640.444842) can0 2C4#08910019040071F5
(1672772640.445828) can0 3B4#0000664C000000
(1672772640.450184) can0 440#4202000000000000
(1672772640.457828) can0 260#000000000000006A
(1672772640.460233) can0 620#1000000030500050
(1672772640.462190) can0 2C1#0800DD0204C6007C
(1672772640.468471) can0 2C4#08990019040071FD
(1672772640.474957) can0 398#0132
(1672772640.477877) can0 260#000000000000006A
(1672772640.492047) can0 2C4#08990019040071FD
(1672772640.494483) can0 2C1#0800DD0201C60079
(1672772640.497889) can0 260#000000000000006A
(1672772640.516005) can0 2C4#089D001904007101
(1672772640.517916) can0 260#000000000000006A
(1672772640.526259) can0 2C1#0800DC01FFC60075
(1672772640.528453) can0 3A0#000000000000002B
(1672772640.528711) can0 3B3#08A028
(1672772640.538204) can0 260#000000000000006A
(1672772640.539554) can0 2C4#08A3001904007107
(1672772640.541560) can0 38A#0804000000
(1672772640.545050) can0 442#4002000000000000
(1672772640.545423) can0 630#1700000000000000
(1672772640.557808) can0 3B1#0000010100000000
(1672772640.557834) can0 2C1#0800DB01FDC60072
(1672772640.557840) can0 260#000000000000006A
(1672772640.563133) can0 2C4#08A900190400710D
(1672772640.578183) can0 260#000000000000006A
(1672772640.586685) can0 2C4#08A5001904007109
(1672772640.589755) can0 2C1#0800DA01FDC60071
(1672772640.598153) can0 260#000000000000006A
(1672772640.610258) can0 2C4#08AB00190400710F
(1672772640.618245) can0 260#000000000000006A
(1672772640.621619) can0 2C1#0800D901FBC6006E
(1672772640.628680) can0 3A0#000000000000002B
(1672772640.633915) can0 2C4#08A800190400710C
(1672772640.637891) can0 260#000000000000006A
(1672772640.640933) can0 440#4202000000000000
(1672772640.653289) can0 2C1#0800DA01F9C6006D
(1672772640.657494) can0 2C4#089F001904007103
(1672772640.657564) can0 260#000000000000006A
(1672772640.658216) can0 4DC#1D00000800000000
(1672772640.668067) can0 394#00
(1672772640.678214) can0 260#000000000000006A
(1672772640.681041) can0 2C4#08A1001904007105
(1672772640.685137) can0 2C1#0800DA01F7C6006B
(1672772640.698169) can0 260#000000000000006A
(1672772640.698194) can0 3B0#0000004B00
(1672772640.704616) can0 2C4#089E001904007102
(1672772640.716891) can0 2C1#0800DB01F6C6006B
(1672772640.717724) can0 260#000000000000006A
(1672772640.728196) can0 2C4#08A2001904007106
(1672772640.728221) can0 3A0#000000000000002B
(1672772640.735168) can0 442#4002000000000000
(1672772640.738025) can0 260#000000000000006A
(1672772640.744932) can0 610#2000006480000000
(1672772640.748534) can0 2C1#0800DB01F6C6006B
(1672772640.751621) can0 2C4#08980019040071FC
(1672772640.758003) can0 260#000000000000006A
(1672772640.758191) can0 380#0020000000002A00
(1672772640.761078) can0 620#1000000030500050
(1672772640.775180) can0 2C4#08980019040071FC
(1672772640.778114) can0 260#000000000000006A
(1672772640.780468) can0 2C1#0800DC01F7C6006D
(1672772640.788887) can0 3A1#0000000000000000
(1672772640.798096) can0 260#000000000000006A
(1672772640.798163) can0 2C4#089E001904007102
(1672772640.805002) can0 640#A800000000000000
(1672772640.812047) can0 2C1#0800DB01F4C60069
(1672772640.817501) can0 260#000000000000006A
(1672772640.821874) can0 2C4#089D001904007101
(1672772640.828128) can0 3A0#000000000000002B
(1672772640.831319) can0 440#4202000000000000
(1672772640.838044) can0 260#000000000000006A
(1672772640.843914) can0 2C1#0800DC01F2C60068
(1672772640.846013) can0 2C4#08930019040071F7
(1672772640.857910) can0 260#000000000000006A
(1672772640.869548) can0 2C4#088A0019040071EE
(1672772640.875677) can0 2C1#0800DE01F4C6006C
(1672772640.878045) can0 260#000000000000006A
(1672772640.892984) can0 2C4#088A0019040071EE
(1672772640.898020) can0 260#000000000000006A
(1672772640.907471) can0 2C1#0800DE01F3C6006B
(1672772640.916668) can0 2C4#08890019040071ED
(1672772640.917465) can0 260#000000000000006A
(1672772640.925195) can0 442#4002000000000000
(1672772640.928942) can0 3A0#000000000000002B
(1672772640.937963) can0 260#000000000000006A
(1672772640.938662) can0 2C1#0800DF01F3C6006C
(1672772640.940014) can0 2C4#08890019040071ED
(1672772640.957800) can0 260#000000000000006A
(1672772640.963763) can0 2C4#08850019040071E9
(1672772640.967813) can0 394#00
(1672772640.970965) can0 2C1#0800DF01F6C6006F
(1672772640.977922) can0 260#000000000000006A
(1672772640.987225) can0 2C4#087D0019040071E1
(1672772640.997886) can0 260#000000000000006A
(1672772641.002716) can0 2C1#0800E101F7C70073
(1672772641.010894) can0 2C4#087A0019040071DE
(1672772641.017871) can0 260#000000000000006A
(1672772641.021407) can0 440#4202000000000000
(1672772641.028952) can0 3A0#000000000000002B
(1672772641.034356) can0 2C1#0800E001FAC70075
(1672772641.034382) can0 2C4#087C0019040071E0
(1672772641.037833) can0 260#000000000000006A
(1672772641.041428) can0 3B3#087D28
(1672772641.048703) can0 4C1#0100040900000000
(1672772641.052787) can0 399#00000000000000
(1672772641.057215) can0 260#000000000000006A
(1672772641.057443) can0 2C4#08810019040071E5
(1672772641.061431) can0 620#1000000030500050
(1672772641.065985) can0 2C1#0800DF01FBC60074
(1672772641.077582) can0 260#000000000000006A
(1672772641.081379) can0 2C4#08870019040071EB
(1672772641.097131) can0 260#000000000000006A
(1672772641.097326) can0 2C1#0800DE01FEC60076
(1672772641.104667) can0 2C4#08890019040071ED
(1672772641.115029) can0 442#4002000000000000
(1672772641.117182) can0 260#000000000000006A
(1672772641.128603) can0 2C4#085D0019040071C1
(1672772641.128629) can0 3A0#000000000000002B
(1672772641.129179) can0 2C1#0800DE01FFC60077
(1672772641.137626) can0 260#000000000000006A
(1672772641.152180) can0 2C4#08640019040071C8
(1672772641.157680) can0 260#000000000000006A
(1672772641.161381) can0 2C1#0800E50202C70083
(1672772641.166630) can0 621#1100000000000000
(1672772641.173727) can0 622#1200000000000000
(1672772641.175729) can0 2C4#086F0019040071D3
(1672772641.176120) can0 398#0131
(1672772641.177523) can0 260#000000000000006A
(1672772641.180884) can0 638#1300180000000000
(1672772641.193129) can0 2C1#0800E20205C70083
(1672772641.197606) can0 260#000000000000006A
(1672772641.199280) can0 2C4#08750019040071D9
(1672772641.211654) can0 440#4202000000000000
(1672772641.212326) can0 4C8#0900050700000000
(1672772641.217117) can0 260#000000000000006A
(1672772641.222960) can0 2C4#087F0019040071E3
(1672772641.225041) can0 2C1#0800E00211C7008D
(1672772641.229166) can0 3A0#000000000000002B
(1672772641.237668) can0 260#000000000000006A
(1672772641.244771) can0 610#2000006480000000
(1672772641.245933) can0 2C4#08870019040071EB
(1672772641.254951) can0 611#210010A000022863
(1672772641.256627) can0 2C1#0800DE0218C60091
(1672772641.257091) can0 260#000000000000006A
(1672772641.267377) can0 394#00
(1672772641.269978) can0 2C4#08840019040071E8
(1672772641.277525) can0 260#000000000000006A
(1672772641.288403) can0 2C1#0800DF021CC60096
(1672772641.293639) can0 2C4#08820019040071E6
(1672772641.297639) can0 260#000000000000006A
(1672772641.305316) can0 442#4002000000000000
(1672772641.316567) can0 2C4#08880019040071EC
(1672772641.316981) can0 260#000000000000006A
(1672772641.319824) can0 2C1#0800DE021BC60094
(1672772641.329241) can0 3A0#000000000000002B
(1672772641.337574) can0 260#000000000000006A
(1672772641.340771) can0 2C4#08860019040071EA
(1672772641.351949) can0 2C1#0800DE021AC60093
(1672772641.357437) can0 260#000000000000006A
(1672772641.361729) can0 620#1000000030500050
(1672772641.364196) can0 2C4#088A0019040071EE
(1672772641.377428) can0 260#000000000000006A
(1672772641.383513) can0 2C1#0800DD0219C60091
(1672772641.387866) can0 2C4#088E0019040071F2
(1672772641.397425) can0 260#000000000000006A
(1672772641.401807) can0 440#4202000000000000
(1672772641.401902) can0 4DD#1E00000600000000
(1672772641.411352) can0 2C4#088A0019040071EE
(1672772641.415424) can0 2C1#0800DD0218C60090
(1672772641.417403) can0 260#000000000000006A
(1672772641.429203) can0 3A0#000000000000002B
(1672772641.435015) can0 2C4#08900019040071F4
(1672772641.436903) can0 260#000000000000006A
(1672772641.447289) can0 2C1#0800DB0216C6008C
(1672772641.457492) can0 260#000000000000006A
(1672772641.457997) can0 2C4#08970019040071FB
(1672772641.470722) can0 3B4#0000674C000000
(1672772641.477467) can0 260#000000000000006A
(1672772641.479083) can0 2C1#0800DA0213C60088
(1672772641.482114) can0 2C4#08970019040071FB
(1672772641.495193) can0 442#4002000000000000
(1672772641.497461) can0 260#000000000000006A
(1672772641.505693) can0 2C4#089A0019040071FE
(1672772641.510789) can0 2C1#0800DA0210C60085
(1672772641.517352) can0 260#000000000000006A
(1672772641.529128) can0 2C4#089D001904007101
(1672772641.529134) can0 3A0#000000000000002B
(1672772641.537364) can0 260#000000000000006A
(1672772641.542590) can0 2C1#0800D9020EC60082
(1672772641.547092) can0 630#1700000000000000
(1672772641.552810) can0 2C4#08970019040071FB
(1672772641.553102) can0 3B3#089B28
(1672772641.557273) can0 260#000000000000006A
(1672772641.557299) can0 3B1#0000010100000000
(1672772641.566564) can0 394#00
(1672772641.573677) can0 2C1#0800DA0209C6007E
(1672772641.576395) can0 2C4#089C001904007100
(1672772641.576774) can0 260#000000000000006A
(1672772641.592142) can0 440#4202000000000000
(1672772641.597312) can0 260#000000000000006A
(1672772641.599940) can0 2C4#08A3001904007107
(1672772641.606089) can0 2C1#0800D80207C6007A
(1672772641.617315) can0 260#000000000000006A
(1672772641.623495) can0 2C4#089C001904007100
(1672772641.629488) can0 3A0#000000000000002B
(1672772641.637290) can0 260#000000000000006A
(1672772641.637316) can0 2C1#0800DA0205C6007A
(1672772641.646954) can0 2C4#089D001904007101
(1672772641.656691) can0 260#000000000000006A
(1672772641.659414) can0 4DC#1D00000800000000
(1672772641.661912) can0 620#1000000030500050
(1672772641.669072) can0 2C1#0800DA0203C60078
(1672772641.670516) can0 2C4#089E001904007102
(1672772641.677126) can0 260#000000000000006A
(1672772641.684909) can0 442#4002000000000000
(1672772641.693893) can0 2C4#08910019040071F5
(1672772641.693921) can0 38A#0804000000
(1672772641.696550) can0 260#000000000000006A
(1672772641.698902) can0 3B0#0000004B00
(1672772641.700653) can0 2C1#0800DA01FEC60072
(1672772641.717106) can0 260#000000000000006A
(1672772641.717132) can0 2C4#08920019040071F6
(1672772641.729457) can0 3A0#000000000000002B
(1672772641.733005) can0 2C1#0800DB01FDC60072
(1672772641.737116) can0 260#000000000000006A
(1672772641.741207) can0 2C4#088C0019040071F0
(1672772641.744937) can0 610#2000006480000000
(1672772641.757076) can0 260#000000000000006A
(1672772641.759510) can0 380#0020000000002A00
(1672772641.764752) can0 2C1#0800DC01FCC60072
(1672772641.764778) can0 2C4#08860019040071EA
(1672772641.777067) can0 260#000000000000006A
(1672772641.782255) can0 440#4202000000000000
(1672772641.788353) can0 2C4#08890019040071ED
(1672772641.789244) can0 3A1#0000000000000000
(1672772641.796534) can0 2C1#0800DC01FEC60074
(1672772641.796559) can0 260#000000000000006A
(1672772641.804805) can0 640#A800000000000000
(1672772641.811880) can0 2C4#08880019040071EC
(1672772641.816482) can0 260#000000000000006A
(1672772641.828368) can0 2C1#0800DD01FDC60074
(1672772641.829195) can0 3A0#000000000000002B
(1672772641.835542) can0 2C4#08870019040071EB
(1672772641.837121) can0 260#000000000000006A
(1672772641.856481) can0 260#000000000000006A
(1672772641.858529) can0 2C4#08950019040071F9
(1672772641.859613) can0 2C1#0800DB01FAC6006F
(1672772641.866277) can0 394#00
(1672772641.874884) can0 442#4002000000000000
(1672772641.876884) can0 260#000000000000006A
(1672772641.876909) can0 398#0138
(1672772641.882692) can0 2C4#08950019040071F9
(1672772641.891897) can0 2C1#0800DA01FCC60070
(1672772641.897065) can0 260#000000000000006A
(1672772641.906127) can0 2C4#08950019040071F9
(1672772641.916903) can0 260#000000000000006A
(1672772641.923666) can0 2C1#0800DA01FAC6006E
(1672772641.929767) can0 3A0#000000000000002B
(1672772641.929793) can0 2C4#089A0019040071FE
(1672772641.937015) can0 260#000000000000006A
(1672772641.953341) can0 2C4#08950019040071F9
(1672772641.955417) can0 2C1#0800DA01F9C6006D
(1672772641.957063) can0 260#000000000000006A
(1672772641.959514) can0 4C1#0100040900000000
(1672772641.962426) can0 620#1000000030500050
(1672772641.972531) can0 440#4202000000000000
(1672772641.976947) can0 2C4#089B0019040071FF
(1672772641.976973) can0 260#000000000000006A
(1672772641.987168) can0 2C1#0800D801F8C6006A
(1672772641.996967) can0 260#000000000000006A
(1672772642.000462) can0 2C4#08A1001904007105
(1672772642.016921) can0 260#000000000000006A
(1672772642.018942) can0 2C1#0800D701F7C60068
(1672772642.024037) can0 2C4#08A600190400710A
(1672772642.029866) can0 3A0#000000000000002B
(1672772642.036785) can0 260#000000000000006A
(1672772642.046997) can0 2C4#089E001904007102
(1672772642.050701) can0 2C1#0800D801F3C60065
(1672772642.056481) can0 260#000000000000006A
(1672772642.065044) can0 442#4002000000000000
(1672772642.065307) can0 3B3#089F28
(1672772642.070789) can0 2C4#08A0001904007104
(1672772642.076254) can0 260#000000000000006A
(1672772642.076723) can0 399#00000000000000
(1672772642.082489) can0 2C1#0800D601F2C60062
(1672772642.094122) can0 2C4#08AB00190400710F
(1672772642.096602) can0 260#000000000000006A
(1672772642.114194) can0 2C1#0800D501EFC6005E
(1672772642.116863) can0 260#000000000000006A
(1672772642.118297) can0 2C4#08AC001904007110
(1672772642.131552) can0 3A0#000000000000002B
(1672772642.136817) can0 260#000000000000006A
(1672772642.141877) can0 2C4#08AF001904007113
(1672772642.145697) can0 2C1#0800D501EDC6005C
(1672772642.156793) can0 260#000000000000006A
(1672772642.162658) can0 440#4202000000000000
(1672772642.165355) can0 2C4#08A700190400710B
(1672772642.166166) can0 394#00
(1672772642.167589) can0 621#1100000000000000
(1672772642.175102) can0 622#1200000000000000
(1672772642.176654) can0 260#000000000000006A
(1672772642.177144) can0 2C1#0800D601EDC6005D
(1672772642.181900) can0 638#1300180000000000
(1672772642.188858) can0 2C4#089F001904007103
(1672772642.191825) can0 4C8#0900050700000000
(1672772642.196629) can0 260#000000000000006A
(1672772642.209357) can0 2C1#0800D701EBC6005C
(1672772642.212540) can0 2C4#08A1001904007105
(1672772642.216764) can0 260#000000000000006A
(1672772642.229989) can0 3A0#000000000000002B
(1672772642.236074) can0 2C4#089C001904007100
(1672772642.236099) can0 260#000000000000006A
(1672772642.241213) can0 2C1#0800D801EBC6005D
(1672772642.245118) can0 610#2000006480000000
(1672772642.254279) can0 611#210010A000022863
(1672772642.254671) can0 442#4002000000000000
(1672772642.256057) can0 260#000000000000006A
(1672772642.259557) can0 2C4#08A0001904007104
(1672772642.262751) can0 620#1000000030500050
(1672772642.272786) can0 2C1#0800D701E8C60059
(1672772642.276173) can0 260#000000000000006A
(1672772642.283107) can0 2C4#08A0001904007104
(1672772642.296085) can0 260#000000000000006A
(1672772642.304627) can0 2C1#0800D801E7C60059
(1672772642.306688) can0 2C4#089B0019040071FF
(1672772642.316059) can0 260#000000000000006A
(1672772642.329980) can0 3A0#000000000000002B
(1672772642.330006) can0 2C4#089D001904007101
(1672772642.336381) can0 2C1#0800D801E6C60058
(1672772642.336406) can0 260#000000000000006A
(1672772642.352890) can0 440#4202000000000000
(1672772642.353350) can0 2C4#08A900190400710D
(1672772642.356526) can0 260#000000000000006A
(1672772642.368138) can0 2C1#0800D601E6C60056
(1672772642.376481) can0 260#000000000000006A
(1672772642.376854) can0 2C4#08A1001904007105
(1672772642.396489) can0 260#000000000000006A
(1672772642.399877) can0 2C1#0800D901E5C60058
(1672772642.400479) can0 2C4#08990019040071FD
(1672772642.412147) can0 4DD#1E00000600000000
(1672772642.416540) can0 260#000000000000006A
(1672772642.424594) can0 2C4#08940019040071F8
(1672772642.430165) can0 3A0#000000000000002B
(1672772642.431791) can0 2C1#0800D901E4C60057
(1672772642.436429) can0 260#000000000000006A
(1672772642.444951) can0 442#4002000000000000
(1672772642.448034) can0 2C4#08720019040071D6
(1672772642.456403) can0 260#000000000000006A
(1672772642.463402) can0 2C1#0800E201E8C70065
(1672772642.466281) can0 394#00
(1672772642.471577) can0 2C4#08570019040071BB
(1672772642.476424) can0 260#000000000000006A
(1672772642.495335) can0 2C1#08011F01EFC800AB
(1672772642.495361) can0 2C4#086B0019040071CF
(1672772642.495366) can0 3B4#0000674C000000
(1672772642.495967) can0 260#000000000000006A
(1672772642.516466) can0 260#000000000000006A
(1672772642.518815) can0 2C4#086D0019040071D1
(1672772642.527017) can0 2C1#0800DF0205C6007F
(1672772642.530263) can0 3A0#000000000000002B
(1672772642.536466) can0 260#000000000000006A
(1672772642.541801) can0 2C4#087B0019040071DF
(1672772642.542592) can0 440#4202000000000000
(1672772642.547622) can0 630#1700000000000000
(1672772642.555867) can0 260#000000000000006A
(1672772642.556624) can0 3B1#0000010100000000
(1672772642.558135) can0 2C1#0800DC0219C60090
(1672772642.562758) can0 620#1000000030500050
(1672772642.565348) can0 2C4#088E0019040071F2
(1672772642.575866) can0 398#012F
(1672772642.575892) can0 260#000000000000006A
(1672772642.578170) can0 3B3#088D28
(1672772642.589516) can0 2C4#088F0019040071F3
(1672772642.589899) can0 2C1#0800DA0220C60095
(1672772642.596389) can0 260#000000000000006A
(1672772642.613097) can0 2C4#08890019040071ED
(1672772642.616389) can0 260#000000000000006A
(1672772642.622291) can0 2C1#0800DA0222C60097
(1672772642.631143) can0 3A0#000000000000002B
(1672772642.635044) can0 442#4002000000000000
(1672772642.635838) can0 260#000000000000006A
(1672772642.635999) can0 2C4#088F0019040071F3
(1672772642.653947) can0 2C1#0800D90221C60095
(1672772642.656344) can0 260#000000000000006A
(1672772642.660218) can0 2C4#08900019040071F4
(1672772642.660244) can0 4DC#1D00000800000000
(1672772642.676296) can0 260#000000000000006A
(1672772642.683770) can0 2C4#088D0019040071F1
(1672772642.685840) can0 2C1#0800D9021CC60090
(1672772642.696266) can0 260#000000000000006A
(1672772642.700469) can0 3B0#0000004B00
(1672772642.707344) can0 2C4#08980019040071FC
(1672772642.716267) can0 260#000000000000006A
(1672772642.717068) can0 2C1#0800D80218C6008B
(1672772642.730358) can0 3A0#000000000000002B
(1672772642.730383) can0 2C4#089A0019040071FE
(1672772642.732872) can0 440#4202000000000000
(1672772642.736261) can0 260#000000000000006A
(1672772642.744996) can0 610#2000006480000000
(1672772642.749318) can0 2C1#0800D70213C60085
(1672772642.754468) can0 2C4#08A5001904007109
(1672772642.756128) can0 260#000000000000006A
(1672772642.760353) can0 380#0020000000002A00
(1672772642.765959) can0 394#00
(1672772642.776076) can0 260#000000000000006A
(1672772642.778045) can0 2C4#08A900190400710D
(1672772642.781072) can0 2C1#0800D5020DC6007D
(1672772642.790592) can0 3A1#0000000000000000
(1672772642.796197) can0 260#000000000000006A
(1672772642.801459) can0 2C4#08A900190400710D
(1672772642.804933) can0 640#A800000000000000
(1672772642.812765) can0 2C1#0800D50208C60078
(1672772642.816049) can0 260#000000000000006A
(1672772642.824891) can0 442#4002000000000000
(1672772642.824917) can0 2C4#08B1001904007115
(1672772642.830431) can0 3A0#000000000000002B
(1672772642.836054) can0 260#000000000000006A
(1672772642.844488) can0 2C1#0800D30201C6006F
(1672772642.845994) can0 38A#0804000000
(1672772642.848095) can0 2C4#08B0001904007114
(1672772642.855999) can0 260#000000000000006A
(1672772642.863480) can0 620#1000000030500050
(1672772642.869555) can0 4C1#0100040900000000
(1672772642.871656) can0 2C4#08A900190400710D
(1672772642.876037) can0 260#000000000000006A
(1672772642.876062) can0 2C1#0800D401FAC60068
(1672772642.895703) can0 2C4#08AB00190400710F
(1672772642.895729) can0 260#000000000000006A
(1672772642.907460) can0 2C1#0800D401F6C60064
(1672772642.915395) can0 260#000000000000006A
(1672772642.918857) can0 2C4#08B0001904007114
(1672772642.923088) can0 440#4202000000000000
(1672772642.929961) can0 3A0#000000000000002B
(1672772642.935930) can0 260#000000000000006A
(1672772642.939752) can0 2C1#0800D601F3C60063
(1672772642.942731) can0 2C4#08A1001904007105
(1672772642.955956) can0 260#000000000000006A
(1672772642.965928) can0 2C4#08A700190400710B
(1672772642.971489) can0 2C1#0800D401EFC6005D
(1672772642.975438) can0 260#000000000000006A
(1672772642.989953) can0 2C4#08B0001904007114
(1672772642.995372) can0 260#000000000000006A
(1672772643.002783) can0 2C1#0800D301EBC60058
(1672772643.013084) can0 2C4#08AA00190400710E
(1672772643.014442) can0 442#4002000000000000
(1672772643.015368) can0 260#000000000000006A
(1672772643.030096) can0 3A0#000000000000002B
(1672772643.034530) can0 2C1#0800D401E7C60055
(1672772643.035341) can0 260#000000000000006A
(1672772643.036531) can0 2C4#08AD001904007111
(1672772643.055525) can0 260#000000000000006A
(1672772643.060170) can0 2C4#08A1001904007105
(1672772643.065192) can0 394#00
(1672772643.066195) can0 2C1#0800D501E4C60053
(1672772643.075256) can0 260#000000000000006A
(1672772643.084186) can0 2C4#08A3001904007107
(1672772643.089681) can0 3B3#08A328
(1672772643.095370) can0 260#000000000000006A
(1672772643.098119) can0 2C1#0800D501E3C60052
(1672772643.101046) can0 399#00000000000000
(1672772643.107249) can0 2C4#08A900190400710D
(1672772643.113235) can0 440#4202000000000000
(1672772643.115192) can0 260#000000000000006A
(1672772643.129799) can0 2C1#0800D401DEC6004C
(1672772643.130547) can0 3A0#000000000000002B
(1672772643.130827) can0 2C4#08A900190400710D
(1672772643.135286) can0 260#000000000000006A
(1672772643.154874) can0 2C4#08A800190400710C
(1672772643.155189) can0 260#000000000000006A
(1672772643.162034) can0 2C1#0800D401DEC6004C
(1672772643.163307) can0 620#1000000030500050
(1672772643.170028) can0 621#1100000000000000
(1672772643.170290) can0 4C8#0900050700000000
(1672772643.175133) can0 260#000000000000006A
(1672772643.177125) can0 622#1200000000000000
(1672772643.177944) can0 2C4#08B2001904007116
(1672772643.184224) can0 638#1300180000000000
(1672772643.193242) can0 2C1#0800D301DEC6004B
(1672772643.195761) can0 260#000000000000006A
(1672772643.202008) can0 2C4#08B600190400711A
(1672772643.205150) can0 442#4002000000000000
(1672772643.215201) can0 260#000000000000006A
(1672772643.224998) can0 2C1#0800D201DCC60048
(1672772643.225187) can0 2C4#08B4001904007118
(1672772643.230244) can0 3A0#000000000000002B
(1672772643.235183) can0 260#000000000000006A
(1672772643.244387) can0 610#2000006480000000
(1672772643.248626) can0 2C4#08B900190400711D
(1672772643.254613) can0 611#210010A000022863
(1672772643.255086) can0 260#000000000000006A
(1672772643.256781) can0 2C1#0800D201D9C60045
