(1672776524.573555) can0 440#4202000000000000
(1672776524.664809) can0 442#4002000000000000
(1672776524.673609) can0 630#1700000000000000
(1672776524.763934) can0 440#4202000000000000
(1672776524.828902) can0 620#1000000010700080
(1672776524.855555) can0 442#4002000000000000
(1672776524.878945) can0 621#1100000000000000
(1672776524.885847) can0 622#1200000000000000
(1672776524.899473) can0 638#1300180000000000
(1672776524.954717) can0 440#4202000000000000
(1672776525.004994) can0 610#2000006480000000
(1672776525.044922) can0 442#4002000000000000
(1672776525.129205) can0 620#1000000010700080
(1672776525.144227) can0 440#4202000000000000
(1672776525.224817) can0 640#A800000000000000
(1672776525.235300) can0 442#4002000000000000
(1672776525.335045) can0 440#4202000000000000
(1672776525.424890) can0 442#4002000000000000
(1672776525.429549) can0 620#1000000010700080
(1672776525.505428) can0 610#2000006480000000
(1672776525.515478) can0 611#210010A000022863
(1672776525.524682) can0 440#4202000000000000
(1672776525.624959) can0 442#4002000000000000
(1672776525.674880) can0 630#1700000000000000
(1672776525.682517) can0 620#1080000030700080
(1672776525.725022) can0 440#4202000000000000
(1672776525.790371) can0 620#1080000030700090
(1672776525.825110) can0 442#4002000000000000
(1672776525.846429) can0 260#040000000000006E
(1672776525.848353) can0 4DC#1D00000800000000
(1672776525.851605) can0 394#03
(1672776525.861205) can0 4C8#0900050700000000
(1672776525.866629) can0 260#040000000000006E
(1672776525.880025) can0 621#1100000000000000
(1672776525.886627) can0 260#040000000000006E
(1672776525.886652) can0 622#1200000000000000
(1672776525.888727) can0 3B0#0000000000
(1672776525.900760) can0 638#1300180000000000
(1672776525.906762) can0 260#040000000000006E
(1672776525.917210) can0 3B1#0000060A00000000
(1672776525.918884) can0 3A0#000000000000002C
(1672776525.925156) can0 440#4202000000000000
(1672776525.925998) can0 260#040000000000006E
(1672776525.945097) can0 610#2080006480000000
(1672776525.946289) can0 260#040000000000006E
(1672776525.948931) can0 380#0000000000008000
(1672776525.955433) can0 611#218010A000022863
(1672776525.966421) can0 260#040000000000006E
(1672776525.978353) can0 3A1#0000000000000000
(1672776525.986108) can0 260#040000000000006E
(1672776526.006114) can0 260#040000000000006E
(1672776526.017179) can0 4DD#1E00000600000000
(1672776526.018999) can0 3A0#000000000000002C
(1672776526.025174) can0 442#4002000000000000
(1672776526.025921) can0 260#040000000000006E
(1672776526.046060) can0 260#0400000000001583
(1672776526.066625) can0 260#040000000000006E
(1672776526.086605) can0 260#040000000000006E
(1672776526.090873) can0 620#1000000030700090
(1672776526.106603) can0 260#040000000000006E
(1672776526.118490) can0 3A0#000000000000002C
(1672776526.125313) can0 440#4202000000000000
(1672776526.125930) can0 260#040000000000006E
(1672776526.145930) can0 260#040000000000006E
(1672776526.151602) can0 394#03
(1672776526.165996) can0 260#040000000000006E
(1672776526.186052) can0 260#040000000000006E
(1672776526.206038) can0 260#040000000000006E
(1672776526.218482) can0 3A0#000000000000002C
(1672776526.224829) can0 640#A800000000000000
(1672776526.225227) can0 442#4002000000000000
(1672776526.225875) can0 260#040000000000006E
(1672776526.245871) can0 260#040000000000006E
(1672776526.265912) can0 260#040000000000006E
(1672776526.286032) can0 260#040000000000006E
(1672776526.306444) can0 260#040000000000006E
(1672776526.318672) can0 3A0#000000000000002C
(1672776526.325556) can0 440#4202000000000000
(1672776526.325773) can0 260#040000000000006E
(1672776526.345749) can0 260#040000000000006E
(1672776526.365732) can0 260#040000000000006E
(1672776526.385851) can0 260#040000000000006E
(1672776526.390590) can0 620#1000000030700090
(1672776526.406249) can0 260#040000000000006E
(1672776526.419250) can0 3A0#000000000000002C
(1672776526.424986) can0 442#4002000000000000
(1672776526.425721) can0 260#040000000000006E
(1672776526.444973) can0 610#2000006480000000
(1672776526.445805) can0 260#040000000000006E
(1672776526.451215) can0 394#03
(1672776526.461449) can0 3B1#0000050A00000000
(1672776526.466224) can0 260#040000000000006E
(1672776526.466250) can0 620#1080000030700050
(1672776526.485698) can0 260#040000000000006E
(1672776526.505699) can0 260#040000000000006E
(1672776526.519412) can0 3A0#000000000000002C
(1672776526.521427) can0 440#4202000000000000
(1672776526.525608) can0 260#040000000000006E
(1672776526.545642) can0 260#040000000000006E
(1672776526.565997) can0 260#040000000000006E
(1672776526.586232) can0 260#040000000000006E
(1672776526.606223) can0 260#040000000000006E
(1672776526.615292) can0 442#4002000000000000
(1672776526.619390) can0 3A0#000000000000002C
(1672776526.625602) can0 260#040000000000006E
(1672776526.645581) can0 260#040000000000006E
(1672776526.665695) can0 260#040000000000006E
(1672776526.676022) can0 630#1700000000000000
(1672776526.685649) can0 260#040000000000006E
(1672776526.706142) can0 260#040000000000006E
(1672776526.711010) can0 440#4202000000000000
(1672776526.719059) can0 3A0#000000000000002C
(1672776526.725585) can0 260#040000000000006E
(1672776526.745548) can0 260#040000000000006E
(1672776526.751116) can0 394#03
(1672776526.765592) can0 260#040000000000006E
(1672776526.766052) can0 620#1000000030700050
(1672776526.771968) can0 3B1#0000050100000000
(1672776526.786090) can0 260#040000000000006E
(1672776526.805619) can0 442#4002000000000000
(1672776526.805644) can0 260#040000000000006E
(1672776526.819694) can0 3A0#000000000000002C
(1672776526.825477) can0 260#040000000000006E
(1672776526.840876) can0 4C8#0900050700000000
(1672776526.845365) can0 260#040000000000006E
(1672776526.850393) can0 4DC#1D00000800000000
(1672776526.866036) can0 260#040000000000006E
(1672776526.881465) can0 621#1100000000000000
(1672776526.886012) can0 260#040000000000006E
(1672776526.888590) can0 622#1200000000000000
(1672776526.889199) can0 3B0#0000004900
(1672776526.901763) can0 638#1300180000000000
(1672776526.901788) can0 440#4202000000000000
(1672776526.906011) can0 260#040000000000006E
(1672776526.919780) can0 3A0#000000000000002C
(1672776526.925354) can0 260#040000000000006E
(1672776526.944715) can0 610#2000006480000000
(1672776526.945289) can0 260#040000000000006E
(1672776526.949573) can0 380#0000000000002700
(1672776526.955520) can0 611#210010A000022863
(1672776526.965302) can0 260#040000000000006E
(1672776526.979338) can0 3A1#0000000000000000
(1672776526.985372) can0 260#040000000000006E
(1672776526.994865) can0 442#4002000000000000
(1672776527.005489) can0 260#040000000000006E
(1672776527.019767) can0 3A0#000000000000002C
(1672776527.025261) can0 260#040000000000006E
(1672776527.026317) can0 4DD#1E00000600000000
(1672776527.045247) can0 260#040000000000006E
(1672776527.050814) can0 394#03
(1672776527.065764) can0 260#040000000000006E
(1672776527.066377) can0 620#1000000030700050
(1672776527.085766) can0 260#040000000000006E
(1672776527.091378) can0 440#4202000000000000
(1672776527.105855) can0 260#040000000000006E
(1672776527.119967) can0 3A0#000000000000002C
(1672776527.125249) can0 260#040000000000006E
(1672776527.145167) can0 260#040000000000006E
(1672776527.165288) can0 260#040000000000006E
(1672776527.184785) can0 442#4002000000000000
(1672776527.185094) can0 260#040000000000006E
(1672776527.205378) can0 260#040000000000006E
(1672776527.220042) can0 3A0#000000000000002C
(1672776527.224874) can0 640#A800000000000000
(1672776527.225117) can0 260#040000000000006E
(1672776527.245140) can0 260#040000000000006E
(1672776527.265178) can0 260#040000000000006E
(1672776527.266414) can0 3B1#0000050500000000
(1672776527.281549) can0 440#4202000000000000
(1672776527.285107) can0 260#040000000000006E
(1672776527.305422) can0 260#040000000000006E
(1672776527.320063) can0 3A0#000000000000002C
(1672776527.325226) can0 260#040000000000006E
(1672776527.345027) can0 260#040000000000006E
(1672776527.349994) can0 394#03
(1672776527.364988) can0 260#040000000000006E
(1672776527.366593) can0 620#1000000030700050
(1672776527.375022) can0 442#4002000000000000
(1672776527.385546) can0 260#040000000000006E
(1672776527.405298) can0 260#040000000000006E
(1672776527.420235) can0 3A0#000000000000002C
(1672776527.424974) can0 260#040000000000006E
(1672776527.444788) can0 610#2000006480000000
(1672776527.445034) can0 260#040000000000006E
(1672776527.465634) can0 260#040000000000006E
(1672776527.472040) can0 440#4202000000000000
(1672776527.485000) can0 260#040000000000006E
(1672776527.504999) can0 260#040000000000006E
(1672776527.520330) can0 3A0#000000000000002C
(1672776527.524877) can0 260#040000000000006E
(1672776527.544936) can0 260#040000000000006E
(1672776527.564868) can0 260#040000000000006E
(1672776527.565058) can0 442#4002000000000000
(1672776527.585319) can0 260#040000000000006E
(1672776527.605413) can0 260#040000000000006E
(1672776527.620308) can0 3A0#000000000000002C
(1672776527.624952) can0 260#040000000000006E
(1672776527.645027) can0 260#040000000000006E
(1672776527.650338) can0 394#03
(1672776527.662522) can0 440#4202000000000000
(1672776527.665335) can0 260#040000000000006E
(1672776527.667456) can0 620#1000000030700050
(1672776527.676928) can0 630#1700000000000000
(1672776527.685241) can0 260#040000000000006E
(1672776527.705419) can0 260#040000000000006E
(1672776527.720529) can0 3A0#000000000000002C
(1672776527.724858) can0 260#040000000000006E
(1672776527.745388) can0 260#040000000000006E
(1672776527.755517) can0 442#4002000000000000
(1672776527.765254) can0 260#040000000000006E
(1672776527.785283) can0 260#040000000000006E
(1672776527.805340) can0 260#040000000000006E
(1672776527.820516) can0 4C8#0900050700000000
(1672776527.820542) can0 3A0#000000000000002C
(1672776527.825339) can0 260#040000000000006E
(1672776527.845313) can0 260#040000000000006E
(1672776527.850684) can0 4DC#1D00000800000000
(1672776527.852839) can0 440#4202000000000000
(1672776527.865307) can0 260#040000000000006E
(1672776527.882467) can0 621#1100000000000000
(1672776527.884717) can0 260#040000000000006E
(1672776527.889909) can0 622#1200000000000000
(1672776527.889967) can0 3B0#0000004900
(1672776527.902868) can0 638#1300180000000000
(1672776527.905286) can0 260#040000000000006E
(1672776527.920679) can0 3A0#000000000000002C
(1672776527.925264) can0 260#040000000000006E
(1672776527.945239) can0 260#040000000000006E
(1672776527.945265) can0 610#2000006480000000
(1672776527.945267) can0 442#4002000000000000
(1672776527.950231) can0 394#03
(1672776527.950257) can0 380#0000000000002700
(1672776527.955505) can0 611#210010A000022863
(1672776527.965229) can0 260#040000000000006E
(1672776527.967825) can0 620#1000000030700050
(1672776527.980702) can0 3A1#0000000000000000
(1672776527.984624) can0 260#040000000000006E
(1672776528.004623) can0 260#040000000000006E
(1672776528.020753) can0 3A0#000000000000002C
(1672776528.025177) can0 260#040000000000006E
(1672776528.036501) can0 4DD#1E00000600000000
(1672776528.043074) can0 440#4202000000000000
(1672776528.045175) can0 260#040000000000006E
(1672776528.065154) can0 260#040000000000006E
(1672776528.085145) can0 260#040000000000006E
(1672776528.098123) can0 620#1080000020700050
(1672776528.105126) can0 260#040000000000006E
(1672776528.120872) can0 3A0#000000000000002C
(1672776528.125119) can0 260#040000000000006E
(1672776528.135180) can0 442#4002000000000000
(1672776528.144459) can0 260#040000000000006E
(1672776528.164477) can0 260#040000000000006E
(1672776528.184497) can0 260#040000000000006E
(1672776528.204958) can0 260#040000000000006E
(1672776528.220861) can0 3A0#000000000000002C
(1672776528.224937) can0 260#040000000000006E
(1672776528.224963) can0 640#A800000000000000
(1672776528.232903) can0 440#4202000000000000
(1672776528.244930) can0 260#040000000000006E
(1672776528.249904) can0 394#03
(1672776528.264422) can0 260#040000000000006E
(1672776528.265897) can0 3B1#0000050500000000
(1672776528.284544) can0 260#040000000000006E
(1672776528.304544) can0 260#040000000000006E
(1672776528.320578) can0 3A0#000000000000002C
(1672776528.324453) can0 260#040000000000006E
(1672776528.324875) can0 442#4002000000000000
(1672776528.344495) can0 260#040000000000006E
(1672776528.364481) can0 260#040000000000006E
(1672776528.384466) can0 260#040000000000006E
(1672776528.397927) can0 620#1000000020700050
(1672776528.404454) can0 260#040000000000006E
(1672776528.421138) can0 3A0#000000000000002C
(1672776528.423530) can0 440#4202000000000000
(1672776528.424920) can0 260#040000000000006E
(1672776528.444886) can0 260#040000000000006E
(1672776528.444911) can0 610#2000006480000000
(1672776528.464887) can0 260#040000000000006E
(1672776528.484261) can0 260#040000000000006E
(1672776528.504466) can0 260#040000000000006E
(1672776528.515756) can0 442#4002000000000000
(1672776528.521231) can0 3A0#000000000000002C
(1672776528.524830) can0 260#040000000000006E
(1672776528.544691) can0 260#040000000000006E
(1672776528.549810) can0 394#03
(1672776528.564806) can0 260#040000000000006E
(1672776528.577926) can0 620#1080000030700050
(1672776528.584089) can0 260#040000000000006E
(1672776528.604190) can0 260#040000000000006E
(1672776528.613450) can0 440#4202000000000000
(1672776528.621303) can0 3A0#000000000000002C
(1672776528.624753) can0 260#040000000000006E
(1672776528.644786) can0 260#040000000000006E
(1672776528.664615) can0 260#040000000000006E
(1672776528.678700) can0 630#1700000000000000
(1672776528.684692) can0 260#040000000000006E
(1672776528.704694) can0 260#040000000000006E
(1672776528.704720) can0 442#4002000000000000
(1672776528.721422) can0 3A0#000000000000002C
(1672776528.724674) can0 260#040000000000006E
(1672776528.738194) can0 620#1080000020700050
(1672776528.744358) can0 260#040000000000006E
(1672776528.764533) can0 260#040000000000006E
(1672776528.784417) can0 260#040000000000006E
(1672776528.799445) can0 4C8#0900050700000000
(1672776528.803424) can0 440#4202000000000000
(1672776528.804393) can0 260#040000000000006E
(1672776528.821481) can0 3A0#000000000000002C
(1672776528.824500) can0 260#040000000000006E
(1672776528.844478) can0 260#040000000000006E
(1672776528.849472) can0 394#03
(1672776528.851499) can0 4DC#1D00000800000000
(1672776528.864473) can0 260#040000000000006E
(1672776528.883796) can0 621#1100000000000000
(1672776528.883878) can0 260#040000000000006E
(1672776528.891101) can0 622#1200000000000000
(1672776528.891126) can0 3B0#0000004900
(1672776528.894346) can0 394#00
(1672776528.894748) can0 442#4002000000000000
(1672776528.903815) can0 638#1300180000000000
(1672776528.903844) can0 260#040000000000006E
(1672776528.921589) can0 3A0#000000000000002C
(1672776528.924535) can0 260#040000000000006E
(1672776528.944511) can0 260#040000000000006E
(1672776528.944611) can0 610#2000006480000000
(1672776528.951633) can0 380#0000000000002700
(1672776528.955315) can0 611#210010A000022863
(1672776528.964508) can0 260#040000000000006E
(1672776528.981591) can0 3A1#0000000000000000
(1672776528.983918) can0 260#040000000000006E
(1672776528.993939) can0 440#4202000000000000
(1672776529.003899) can0 260#040000000000006E
(1672776529.021676) can0 3A0#000000000000002C
(1672776529.023913) can0 260#040000000000006E
(1672776529.038507) can0 620#1000000020700050
(1672776529.044473) can0 260#040000000000006E
(1672776529.046196) can0 4DD#1E00000600000000
(1672776529.064451) can0 260#040000000000006E
(1672776529.084448) can0 260#040000000000006E
(1672776529.084927) can0 442#4002000000000000
(1672776529.104472) can0 260#040000000000006E
(1672776529.121770) can0 3A0#000000000000002C
(1672776529.124374) can0 260#040000000000006E
(1672776529.144399) can0 260#040000000000006E
(1672776529.164348) can0 260#040000000000006E
(1672776529.183681) can0 440#4202000000000000
(1672776529.183869) can0 260#040000000000006E
(1672776529.193604) can0 394#00
(1672776529.204188) can0 260#040000000000006E
(1672776529.221846) can0 3A0#000000000000002C
(1672776529.224324) can0 260#040000000000006E
(1672776529.224707) can0 640#A800000000000000
(1672776529.244179) can0 260#040000000000006E
(1672776529.264184) can0 260#040000000000006E
(1672776529.265597) can0 3B1#0000050500000000
(1672776529.274956) can0 442#4002000000000000
(1672776529.283578) can0 260#040000000000006E
(1672776529.303651) can0 260#040000000000006E
(1672776529.321963) can0 3A0#000000000000002C
(1672776529.324242) can0 260#040000000000006E
(1672776529.338870) can0 620#1000000020700050
(1672776529.344215) can0 260#040000000000006E
(1672776529.363617) can0 260#040000000000006E
(1672776529.374038) can0 440#4202000000000000
(1672776529.383526) can0 260#040000000000006E
(1672776529.403614) can0 260#040000000000006E
(1672776529.423597) can0 3A0#000000000000002C
(1672776529.423623) can0 260#040000000000006E
(1672776529.444079) can0 260#040000000000006E
(1672776529.444766) can0 610#2000006480000000
(1672776529.464028) can0 260#040000000000006E
(1672776529.465330) can0 442#4002000000000000
(1672776529.483472) can0 260#040000000000006E
(1672776529.493746) can0 394#00
(1672776529.503994) can0 260#040000000000006E
(1672776529.521996) can0 3A0#000000000000002C
(1672776529.524084) can0 260#040000000000006E
(1672776529.544132) can0 260#040000000000006E
(1672776529.563487) can0 260#040000000000006E
(1672776529.564145) can0 440#4202000000000000
(1672776529.584058) can0 260#040000000000006E
(1672776529.604020) can0 260#040000000000006E
(1672776529.622221) can0 3A0#000000000000002C
(1672776529.624048) can0 260#040000000000006E
(1672776529.639799) can0 620#1000000020700050
(1672776529.644000) can0 260#040000000000006E
(1672776529.655455) can0 442#4002000000000000
(1672776529.663995) can0 260#040000000000006E
(1672776529.679393) can0 630#1700000000000000
(1672776529.683973) can0 260#040000000000006E
(1672776529.703967) can0 260#040000000000006E
(1672776529.722293) can0 3A0#000000000000002C
(1672776529.723326) can0 260#040000000000006E
(1672776529.743425) can0 260#040000000000006E
(1672776529.754351) can0 440#4202000000000000
(1672776529.763445) can0 260#040000000000006E
(1672776529.779019) can0 4C8#0900050700000000
(1672776529.783902) can0 260#040000000000006E
(1672776529.793770) can0 394#00
(1672776529.803889) can0 260#040000000000006E
(1672776529.822417) can0 3A0#000000000000002C
(1672776529.823922) can0 260#040000000000006E
(1672776529.843864) can0 260#040000000000006E
(1672776529.845439) can0 442#4002000000000000
(1672776529.852464) can0 4DC#1D00000800000000
(1672776529.863756) can0 260#040000000000006E
(1672776529.883579) can0 260#040000000000006E
(1672776529.884883) can0 621#1100000000000000
(1672776529.891377) can0 622#1200000000000000
(1672776529.891997) can0 3B0#0000004900
(1672776529.903697) can0 260#040000000000006E
(1672776529.904769) can0 638#1300180000000000
(1672776529.923415) can0 3A0#000000000000002C
(1672776529.923441) can0 260#040000000000006E
(1672776529.939675) can0 620#1000000020700050
(1672776529.943813) can0 260#040000000000006E
(1672776529.944887) can0 440#4202000000000000
(1672776529.945178) can0 610#2000006480000000
(1672776529.952001) can0 380#0000000000002700
(1672776529.954747) can0 611#210010A000022863
(1672776529.963320) can0 260#040000000000006E
(1672776529.982484) can0 3A1#0000000000000000
(1672776529.983066) can0 260#040000000000006E
(1672776530.003177) can0 260#040000000000006E
(1672776530.022491) can0 3A0#000000000000002C
(1672776530.023256) can0 260#040000000000006E
(1672776530.035291) can0 442#4002000000000000
(1672776530.043620) can0 260#040000000000006E
(1672776530.055822) can0 4DD#1E00000600000000
(1672776530.063293) can0 260#040000000000006E
(1672776530.083568) can0 260#040000000000006E
(1672776530.093438) can0 394#00
(1672776530.103566) can0 260#040000000000006E
(1672776530.122673) can0 3A0#000000000000002C
(1672776530.123069) can0 260#040000000000006E
(1672776530.135328) can0 440#4202000000000000
(1672776530.143653) can0 260#040000000000006E
(1672776530.163631) can0 260#040000000000006E
(1672776530.183652) can0 260#040000000000006E
(1672776530.203594) can0 260#040000000000006E
(1672776530.222751) can0 3A0#000000000000002C
(1672776530.222912) can0 260#040000000000006E
(1672776530.225298) can0 640#A800000000000000
(1672776530.234879) can0 442#4002000000000000
(1672776530.240422) can0 620#1000000020700050
(1672776530.243570) can0 260#040000000000006E
(1672776530.263569) can0 260#040000000000006E
(1672776530.265901) can0 3B1#0000050500000000
(1672776530.283576) can0 260#040000000000006E
(1672776530.303043) can0 260#040000000000006E
(1672776530.322830) can0 3A0#000000000000002C
(1672776530.322855) can0 260#040000000000006E
(1672776530.335517) can0 440#4202000000000000
(1672776530.343517) can0 260#040000000000006E
(1672776530.363381) can0 260#040000000000006E
(1672776530.382960) can0 260#040000000000006E
(1672776530.392793) can0 394#00
(1672776530.403466) can0 260#040000000000006E
(1672776530.422469) can0 3A0#000000000000002C
(1672776530.422787) can0 260#040000000000006E
(1672776530.435380) can0 442#4002000000000000
(1672776530.443437) can0 260#040000000000006E
(1672776530.445239) can0 610#2000006480000000
(1672776530.463415) can0 260#040000000000006E
(1672776530.482977) can0 260#040000000000006E
(1672776530.503383) can0 260#040000000000006E
(1672776530.523042) can0 3A0#000000000000002C
(1672776530.523067) can0 260#040000000000006E
(1672776530.535730) can0 440#4202000000000000
(1672776530.540677) can0 620#1000000020700050
(1672776530.543424) can0 260#040000000000006E
(1672776530.563249) can0 260#040000000000006E
(1672776530.582841) can0 260#040000000000006E
(1672776530.602860) can0 260#040000000000006E
(1672776530.623017) can0 3A0#000000000000002C
(1672776530.623042) can0 260#040000000000006E
(1672776530.635162) can0 442#4002000000000000
(1672776530.643169) can0 260#040000000000006E
(1672776530.662656) can0 260#040000000000006E
(1672776530.680262) can0 630#1700000000000000
(1672776530.682551) can0 260#040000000000006E
(1672776530.692469) can0 394#00
(1672776530.702619) can0 260#040000000000006E
(1672776530.723208) can0 3A0#000000000000002C
(1672776530.723233) can0 260#040000000000006E
(1672776530.730834) can0 440#4202000000000000
(1672776530.743103) can0 260#040000000000006E
(1672776530.758107) can0 394#03
(1672776530.758133) can0 4C8#0900050700000000
(1672776530.763192) can0 260#040000000000006E
(1672776530.783195) can0 260#040000000000006E
(1672776530.803192) can0 260#040000000000006E
(1672776530.823161) can0 260#040000000000006E
(1672776530.823186) can0 3A0#000000000000002C
(1672776530.824798) can0 442#4002000000000000
(1672776530.841043) can0 620#1000000020700050
(1672776530.843142) can0 260#040000000000006E
(1672776530.853394) can0 4DC#1D00000800000000
(1672776530.863142) can0 260#040000000000006E
(1672776530.883112) can0 260#040000000000006E
(1672776530.885924) can0 621#1100000000000000
(1672776530.892812) can0 622#1200000000000000
(1672776530.892839) can0 3B0#0000004900
(1672776530.903117) can0 260#040000000000006E
(1672776530.906160) can0 638#1300180000000000
(1672776530.921022) can0 440#4202000000000000
(1672776530.923086) can0 260#040000000000006E
(1672776530.923112) can0 3A0#000000000000002C
(1672776530.943066) can0 260#040000000000006E
(1672776530.945282) can0 610#2000006480000000
(1672776530.953437) can0 380#0000000000002700
(1672776530.955305) can0 611#210010A000022863
(1672776530.962951) can0 260#040000000000006E
(1672776530.982466) can0 260#040000000000006E
(1672776530.982909) can0 3A1#0000000000000000
(1672776531.003063) can0 260#040000000000006E
(1672776531.014890) can0 442#4002000000000000
(1672776531.022560) can0 260#040000000000006E
(1672776531.022840) can0 3A0#000000000000002C
(1672776531.043009) can0 260#040000000000006E
(1672776531.057981) can0 394#03
(1672776531.062986) can0 260#040000000000006E
(1672776531.065636) can0 4DD#1E00000600000000
(1672776531.082958) can0 260#040000000000006E
(1672776531.102544) can0 260#040000000000006E
(1672776531.111356) can0 440#4202000000000000
(1672776531.122930) can0 260#040000000000006E
(1672776531.122956) can0 3A0#000000000000002C
(1672776531.141356) can0 620#1000000020700050
(1672776531.142363) can0 260#040000000000006E
(1672776531.162778) can0 260#040000000000006E
(1672776531.182790) can0 260#040000000000006E
(1672776531.202421) can0 260#040000000000006E
(1672776531.204705) can0 442#4002000000000000
(1672776531.221336) can0 620#1080000030700050
(1672776531.222408) can0 260#040000000000006E
(1672776531.223437) can0 3A0#000000000000002C
(1672776531.225122) can0 640#A800000000000000
(1672776531.242390) can0 260#040000000000006E
(1672776531.262738) can0 260#040000000000006E
(1672776531.265457) can0 3B1#0000050500000000
(1672776531.282723) can0 260#040000000000006E
(1672776531.301433) can0 440#4202000000000000
(1672776531.302700) can0 260#040000000000006E
(1672776531.322817) can0 260#040000000000006E
(1672776531.323112) can0 3A0#000000000000002C
(1672776531.342521) can0 260#040000000000006E
(1672776531.357788) can0 394#03
(1672776531.362764) can0 260#040000000000006E
(1672776531.382070) can0 260#040000000000006E
(1672776531.394769) can0 442#4002000000000000
(1672776531.402120) can0 260#040000000000006E
(1672776531.422744) can0 260#040000000000006E
(1672776531.423263) can0 3A0#000000000000002C
(1672776531.442603) can0 260#040000000000006E
(1672776531.445076) can0 610#2000006480000000
(1672776531.462470) can0 260#040000000000006E
(1672776531.482685) can0 260#040000000000006E
(1672776531.484710) can0 610#2080006480000000
(1672776531.491841) can0 440#4202000000000000
(1672776531.495209) can0 611#218010A000022863
(1672776531.502665) can0 260#040000000000006E
(1672776531.521811) can0 620#1000000030700050
(1672776531.522007) can0 260#040000000000006E
(1672776531.523958) can0 3A0#000000000000002C
(1672776531.542630) can0 260#040000000000006E
(1672776531.562635) can0 260#040000000000006E
(1672776531.582540) can0 260#040000000000006E
(1672776531.585386) can0 442#4002000000000000
(1672776531.602584) can0 260#040000000000006E
(1672776531.622540) can0 260#040000000000006E
(1672776531.624087) can0 3A0#000000000000002C
(1672776531.642551) can0 260#040000000000006E
(1672776531.657437) can0 394#03
(1672776531.662517) can0 260#040000000000006E
(1672776531.681982) can0 630#1700000000000000
(1672776531.682007) can0 440#4202000000000000
(1672776531.682009) can0 260#040000000000006E
(1672776531.702531) can0 260#040000000000006E
(1672776531.722505) can0 260#040000000000006E
(1672776531.723738) can0 3A0#000000000000002C
(1672776531.737367) can0 4C8#0900050700000000
(1672776531.741914) can0 260#040000000000006E
(1672776531.762067) can0 260#040000000000006E
(1672776531.774917) can0 442#4002000000000000
(1672776531.782362) can0 260#040000000000006E
(1672776531.802339) can0 260#040000000000006E
(1672776531.820357) can0 3B1#0000010500000000
(1672776531.822065) can0 620#1000000030700050
(1672776531.822091) can0 260#040000000000006E
(1672776531.824110) can0 3A0#000000000000002C
(1672776531.842333) can0 260#040000000000006E
(1672776531.854203) can0 4DC#1D00000800000000
(1672776531.862000) can0 260#040000000000006E
(1672776531.871690) can0 440#4202000000000000
(1672776531.881882) can0 260#040000000000006E
(1672776531.886619) can0 621#1100000000000000
(1672776531.893625) can0 622#1200000000000000
(1672776531.893651) can0 3B0#0000004900
(1672776531.901709) can0 260#040000000000006E
(1672776531.906858) can0 638#1300180000000000
(1672776531.921836) can0 260#040000000000006E
(1672776531.923832) can0 3A0#000000000000002C
(1672776531.941881) can0 260#040000000000006E
(1672776531.953805) can0 380#0000000000002700
(1672776531.956865) can0 394#03
(1672776531.961828) can0 260#040000000000006E
(1672776531.964906) can0 442#4002000000000000
(1672776531.981856) can0 260#040000000000006E
(1672776531.983785) can0 3A1#0000000000000000
(1672776531.984586) can0 610#2000006480000000
(1672776532.002316) can0 260#040000000000006E
(1672776532.022312) can0 260#040000000000006E
(1672776532.024385) can0 3A0#000000000000002C
(1672776532.042340) can0 260#040000000000006E
(1672776532.043858) can0 380#0020000000002700
(1672776532.061817) can0 260#040000000000006E
(1672776532.061842) can0 440#4202000000000000
(1672776532.075204) can0 4DD#1E00000600000000
(1672776532.081752) can0 260#040000000000006E
(1672776532.102232) can0 260#040000000000006E
(1672776532.122202) can0 260#040000000000006E
(1672776532.122227) can0 620#1000000030700050
(1672776532.124486) can0 3A0#000000000000002C
(1672776532.142200) can0 260#040000000000006E
(1672776532.155186) can0 442#4002000000000000
(1672776532.161554) can0 260#040000000000006E
(1672776532.182181) can0 260#040000000000006E
(1672776532.202040) can0 260#040000000000006E
(1672776532.222154) can0 260#040000000000006E
(1672776532.224554) can0 3A0#000000000000002C
(1672776532.224579) can0 640#A800000000000000
(1672776532.242146) can0 260#040000000000006E
(1672776532.252676) can0 440#4202000000000000
(1672776532.257097) can0 394#03
(1672776532.261551) can0 260#040000000000006E
(1672776532.282098) can0 260#040000000000006E
(1672776532.302073) can0 260#040000000000006E
(1672776532.322068) can0 260#040000000000006E
(1672776532.324669) can0 3A0#000000000000002C
(1672776532.342045) can0 260#040000000000006E
(1672776532.344723) can0 442#4002000000000000
(1672776532.361629) can0 260#040000000000006E
(1672776532.381909) can0 260#040000000000006E
(1672776532.401903) can0 260#040000000000006E
(1672776532.421883) can0 260#040000000000006E
(1672776532.422128) can0 620#1000000030700050
(1672776532.424633) can0 3A0#000000000000002C
(1672776532.441879) can0 260#040000000000006E
(1672776532.442089) can0 440#4202000000000000
(1672776532.461879) can0 260#040000000000006E
(1672776532.481854) can0 260#040000000000006E
(1672776532.484597) can0 610#2000006480000000
(1672776532.494616) can0 611#210010A000022863
(1672776532.501835) can0 260#040000000000006E
(1672776532.521915) can0 260#040000000000006E
(1672776532.524837) can0 3A0#000000000000002C
(1672776532.535287) can0 442#4002000000000000
(1672776532.541912) can0 260#040000000000006E
(1672776532.556918) can0 394#03
(1672776532.561913) can0 260#040000000000006E
(1672776532.581890) can0 260#040000000000006E
(1672776532.601866) can0 260#040000000000006E
(1672776532.621858) can0 260#040000000000006E
(1672776532.624938) can0 3A0#000000000000002C
(1672776532.632987) can0 440#4202000000000000
(1672776532.641866) can0 260#040000000000006E
(1672776532.661716) can0 260#040000000000006E
(1672776532.681842) can0 260#040000000000006E
(1672776532.682635) can0 630#1700000000000000
(1672776532.701803) can0 260#040000000000006E
(1672776532.716925) can0 4C8#0900050700000000
(1672776532.721779) can0 260#040000000000006E
(1672776532.722859) can0 620#1000000030700050
(1672776532.725100) can0 3A0#000000000000002C
(1672776532.725127) can0 442#4002000000000000
(1672776532.741750) can0 260#040000000000006E
(1672776532.761751) can0 260#040000000000006E
(1672776532.781128) can0 260#040000000000006E
(1672776532.801408) can0 260#040000000000006E
(1672776532.820171) can0 3B1#0000010500000000
(1672776532.821722) can0 260#040000000000006E
(1672776532.823290) can0 440#4202000000000000
(1672776532.825145) can0 3A0#000000000000002C
(1672776532.841583) can0 260#040000000000006E
(1672776532.855170) can0 4DC#1D00000800000000
(1672776532.856690) can0 394#03
(1672776532.861665) can0 260#040000000000006E
(1672776532.881589) can0 260#040000000000006E
(1672776532.888256) can0 621#1100000000000000
(1672776532.895081) can0 3B0#0000004900
(1672776532.895107) can0 622#1200000000000000
(1672776532.901532) can0 260#040000000000006E
(1672776532.908206) can0 638#1300180000000000
(1672776532.915378) can0 442#4002000000000000
(1672776532.921528) can0 260#040000000000006E
(1672776532.925084) can0 3A0#000000000000002C
(1672776532.941511) can0 260#040000000000006E
(1672776532.955264) can0 380#0020000000002700
(1672776532.961611) can0 260#040000000000006E
(1672776532.981239) can0 260#040000000000006E
(1672776532.984540) can0 610#2000006480000000
(1672776532.984712) can0 3A1#0000000000000000
(1672776533.001013) can0 260#040000000000006E
(1672776533.013239) can0 440#4202000000000000
(1672776533.021435) can0 260#040000000000006E
(1672776533.023348) can0 620#1000000030700050
(1672776533.025176) can0 3A0#000000000000002C
(1672776533.041426) can0 260#040000000000006E
(1672776533.061425) can0 260#040000000000006E
(1672776533.081426) can0 260#040000000000006E
(1672776533.084873) can0 4DD#1E00000600000000
(1672776533.101393) can0 260#040000000000006E
(1672776533.105153) can0 442#4002000000000000
(1672776533.121370) can0 260#040000000000006E
(1672776533.125384) can0 3A0#000000000000002C
(1672776533.141482) can0 260#040000000000006E
(1672776533.156484) can0 394#03
(1672776533.161459) can0 260#040000000000006E
(1672776533.181226) can0 260#040000000000006E
(1672776533.200873) can0 260#040000000000006E
(1672776533.203091) can0 440#4202000000000000
(1672776533.221428) can0 260#040000000000006E
(1672776533.225251) can0 640#A800000000000000
(1672776533.225276) can0 3A0#000000000000002C
(1672776533.240869) can0 260#040000000000006E
(1672776533.261190) can0 260#040000000000006E
(1672776533.281376) can0 260#040000000000006E
(1672776533.295276) can0 442#4002000000000000
(1672776533.301368) can0 260#040000000000006E
(1672776533.321234) can0 260#040000000000006E
(1672776533.323388) can0 620#1000000030700050
(1672776533.325595) can0 3A0#000000000000002C
(1672776533.341320) can0 260#040000000000006E
(1672776533.361322) can0 260#040000000000006E
(1672776533.381176) can0 260#040000000000006E
(1672776533.393202) can0 440#4202000000000000
(1672776533.400637) can0 260#040000000000006E
