(1672772583.671248) can0 260#0000000000FFEC55
(1672772583.674175) can0 3B3#0B3828
(1672772583.674381) can0 4C1#0100040900000000
(1672772583.678793) can0 3A0#0000000000000029
(1672772583.681503) can0 2C1#0801110286C80035
(1672772583.685570) can0 2C4#0B31001A04007199
(1672772583.685723) can0 399#00000000000000
(1672772583.691115) can0 260#0000000000FFEA53
(1672772583.695786) can0 620#1000000030500050
(1672772583.708832) can0 380#0020000000002A00
(1672772583.709045) can0 2C4#0B35001A0400719D
(1672772583.711193) can0 260#0000000000FFEA53
(1672772583.713625) can0 2C1#0801110286C80035
(1672772583.721008) can0 394#00
(1672772583.731706) can0 260#0000000000FFE851
(1672772583.733209) can0 2C4#0B38001A040071A0
(1672772583.734764) can0 442#4002000000000000
(1672772583.739437) can0 3A1#0000000000000000
(1672772583.744859) can0 610#2000006480000000
(1672772583.744909) can0 2C1#0801110286C80035
(1672772583.751664) can0 260#0000000000FFE64F
(1672772583.756769) can0 2C4#0B33001A0400719B
(1672772583.771169) can0 260#0000000000FFE851
(1672772583.776806) can0 2C1#0801120287C80037
(1672772583.778897) can0 3A0#0000000000000029
(1672772583.779847) can0 2C4#0B38001A040071A0
(1672772583.791181) can0 260#0000000000FFF15A
(1672772583.803375) can0 2C4#0B35001A0400719D
(1672772583.804328) can0 640#A800000000000000
(1672772583.808492) can0 2C1#0801120287C80037
(1672772583.811176) can0 260#0000000000FFF55E
(1672772583.827459) can0 2C4#0B3F001A040071A7
(1672772583.830997) can0 440#4202000000000000
(1672772583.831023) can0 260#0000000000FFF760
(1672772583.840788) can0 2C1#0801100289C80037
(1672772583.849307) can0 4DD#1E00000600000000
(1672772583.851024) can0 2C4#0B3B001A040071A3
(1672772583.851054) can0 260#0000000000FFF760
(1672772583.871567) can0 260#0000000000FFF760
(1672772583.872005) can0 2C1#08010F0288C80035
(1672772583.874206) can0 2C4#0B3B001A040071A3
(1672772583.878895) can0 3A0#0000000000000029
(1672772583.891095) can0 260#0000000000FFF15A
(1672772583.898133) can0 2C4#0B38001A040071A0
(1672772583.903744) can0 2C1#0801100287C80035
(1672772583.910957) can0 260#0000000000FFF15A
(1672772583.921713) can0 2C4#0B3F001A040071A7
(1672772583.925011) can0 442#4002000000000000
(1672772583.931487) can0 260#0000000000FFF15A
(1672772583.936057) can0 2C1#08010F0286C80033
(1672772583.945288) can0 2C4#0B46001A040071AE
(1672772583.951489) can0 260#0000000000FFF15A
(1672772583.967782) can0 2C1#08010E0287C80033
(1672772583.968377) can0 2C4#0B50001A040071B8
(1672772583.971680) can0 260#0000000000FFF15A
(1672772583.979554) can0 3A0#0000000000000029
(1672772583.982007) can0 398#01B8
(1672772583.991563) can0 260#0000000000FFF15A
(1672772583.991902) can0 2C4#0B52001A040071BA
(1672772583.996294) can0 620#1000000030500050
(1672772583.999714) can0 2C1#08010A028AC80032
(1672772584.011438) can0 260#0000000000FFF15A
(1672772584.014970) can0 38A#0804000000
(1672772584.015512) can0 2C4#0B59001A040071C1
(1672772584.021319) can0 440#4202000000000000
(1672772584.021344) can0 394#00
(1672772584.031441) can0 2C1#0801080287C8002D
(1672772584.031466) can0 260#0000000000FFF15A
(1672772584.039510) can0 2C4#0B56001A040071BE
(1672772584.051453) can0 260#0000000000FFF760
(1672772584.063082) can0 2C1#08010A0284C8002C
(1672772584.063107) can0 2C4#0B54001A040071BC
(1672772584.070948) can0 260#0000000000FFF35C
(1672772584.079744) can0 3A0#0000000000000029
(1672772584.086749) can0 2C4#0B60001A040071C8
(1672772584.091544) can0 260#0000000000FFF35C
(1672772584.094447) can0 2C1#0801060283C80027
(1672772584.101261) can0 621#1100000000000000
(1672772584.104033) can0 3B4#00004E4C000000
(1672772584.107755) can0 622#1200000000000000
(1672772584.110213) can0 2C4#0B69001A040071D1
(1672772584.110998) can0 260#0000000000FFF55E
(1672772584.114933) can0 638#1300180000000000
(1672772584.114958) can0 442#4002000000000000
(1672772584.126586) can0 2C1#0801030283C80024
(1672772584.130838) can0 260#0000000000FFF55E
(1672772584.133865) can0 2C4#0B72001A040071DA
(1672772584.151468) can0 260#0000000000FFF760
(1672772584.157421) can0 2C4#0B70001A040071D8
(1672772584.157867) can0 2C1#080103027EC8001F
(1672772584.171278) can0 260#0000000000FFF55E
(1672772584.179730) can0 3A0#0000000000000029
(1672772584.180514) can0 2C4#0B6B001A040071D3
(1672772584.186928) can0 3B3#0B6B28
(1672772584.189882) can0 2C1#080105027AC8001D
(1672772584.191284) can0 260#0000000000FFF35C
(1672772584.204435) can0 2C4#0B69001A040071D1
(1672772584.211391) can0 260#0000000000FFF35C
(1672772584.211417) can0 440#4202000000000000
(1672772584.221989) can0 2C1#080105027AC8001D
(1672772584.227980) can0 2C4#0B6B001A040071D3
(1672772584.231260) can0 260#0000000000FFEF58
(1672772584.244853) can0 610#2000006480000000
(1672772584.251317) can0 260#0000000000FFF15A
(1672772584.251342) can0 2C4#0B6D001A040071D5
(1672772584.253715) can0 2C1#0801040277C80019
(1672772584.255179) can0 611#210010A000022863
(1672772584.270632) can0 260#0000000000FFF35C
(1672772584.274733) can0 2C4#0B69001A040071D1
(1672772584.279831) can0 3A0#0000000000000029
(1672772584.285363) can0 2C1#0801040275C80017
(1672772584.290788) can0 260#0000000000FFF55E
(1672772584.295974) can0 620#1000000030500050
(1672772584.298431) can0 2C4#0B77001A040071DF
(1672772584.305235) can0 442#4002000000000000
(1672772584.310629) can0 260#0000000000FFF760
(1672772584.316660) can0 2C1#0801010276C80015
(1672772584.320565) can0 394#00
(1672772584.321729) can0 2C4#0B7B001A040071E3
(1672772584.331126) can0 260#0000000000FFF760
(1672772584.345809) can0 2C4#0B89001A040071F1
(1672772584.348875) can0 2C1#0800FE0275C7000F
(1672772584.351015) can0 260#0000000000FFF760
(1672772584.368913) can0 2C4#0B86001A040071EE
(1672772584.370726) can0 260#000000000000006A
(1672772584.379421) can0 3A0#0000000000000029
(1672772584.380147) can0 2C1#0800FD0271C7000A
(1672772584.391060) can0 260#000000000000006A
(1672772584.392932) can0 2C4#0B91001A040071F9
(1672772584.401680) can0 440#4202000000000000
(1672772584.411064) can0 260#000000000000006A
(1672772584.412436) can0 2C1#0800FB026CC70003
(1672772584.416513) can0 2C4#0B94001A040071FC
(1672772584.426155) can0 4C8#0900050700000000
(1672772584.431152) can0 260#000000000000006A
(1672772584.440171) can0 2C4#0B91001A040071F9
(1672772584.444276) can0 2C1#0800FC0268C70000
(1672772584.451150) can0 260#000000000000006A
(1672772584.463187) can0 2C4#0B94001A040071FC
(1672772584.471101) can0 260#000000000000006A
(1672772584.476023) can0 2C1#0800FA0268C700FE
(1672772584.480094) can0 3A0#0000000000000029
(1672772584.481714) can0 630#1700000000000000
(1672772584.487190) can0 2C4#0B94001A040071FC
(1672772584.491011) can0 260#000000000000006A
(1672772584.495106) can0 442#4002000000000000
(1672772584.506530) can0 398#0194
(1672772584.507258) can0 2C1#0800F90266C700FB
(1672772584.510843) can0 2C4#0B96001A040071FE
(1672772584.510868) can0 260#000000000000006A
(1672772584.531041) can0 260#000000000000006A
(1672772584.534422) can0 2C4#0B96001A040071FE
(1672772584.539543) can0 2C1#0800FA025FC700F5
(1672772584.551023) can0 260#000000000000006A
(1672772584.557967) can0 2C4#0B9A001A04007102
(1672772584.570868) can0 260#000000000000006A
(1672772584.570893) can0 2C1#0800F7025FC700F2
(1672772584.573714) can0 3B1#0000010100000000
(1672772584.579852) can0 3A0#0000000000000029
(1672772584.580946) can0 2C4#0BA1001A04007109
(1672772584.585666) can0 4C1#0100040900000000
(1672772584.590442) can0 260#000000000000006A
(1672772584.591791) can0 440#4202000000000000
(1672772584.596776) can0 620#1000000030500050
(1672772584.603047) can0 2C1#0800F5025EC700EF
(1672772584.605125) can0 2C4#0BA9001A04007111
(1672772584.610270) can0 4DC#1D00000800000000
(1672772584.610295) can0 260#000000000000006A
(1672772584.620825) can0 394#00
(1672772584.628676) can0 2C4#0BA9001A04007111
(1672772584.630975) can0 260#000000000000006A
(1672772584.634792) can0 2C1#0800F5025AC700EB
(1672772584.650223) can0 3B0#0000004B00
(1672772584.650249) can0 260#0000000000FFF760
(1672772584.652252) can0 2C4#0BAC001A04007114
(1672772584.666545) can0 2C1#0800F6025AC700EC
(1672772584.670804) can0 260#0000000000FFF15A
(1672772584.675768) can0 2C4#0BB4001A0400711C
(1672772584.680278) can0 3A0#0000000000000029
(1672772584.685097) can0 442#4002000000000000
(1672772584.690923) can0 260#0000000000FFF15A
(1672772584.698205) can0 2C1#0800F2025AC700E8
(1672772584.698778) can0 2C4#0BB4001A0400711C
(1672772584.698804) can0 3B3#0BB628
(1672772584.710197) can0 380#0020000000002A00
(1672772584.710223) can0 399#00000000000000
(1672772584.710225) can0 260#0000000000FFEF58
(1672772584.722893) can0 2C4#0BB9001A04007121
(1672772584.730065) can0 2C1#0800F2025AC700E8
(1672772584.730265) can0 260#0000000000FFEA53
(1672772584.740368) can0 3A1#0000000000000000
(1672772584.744318) can0 610#2000006480000000
(1672772584.745902) can0 2C4#0BBF001A04007127
(1672772584.750750) can0 260#0000000000FFE851
(1672772584.761610) can0 2C1#0800F00258C700E4
(1672772584.769901) can0 2C4#0BBF001A04007127
(1672772584.770261) can0 260#0000000000FFE44D
(1672772584.780395) can0 3A0#0000000000000029
(1672772584.782240) can0 440#4202000000000000
(1672772584.790701) can0 260#0000000000FFE24B
(1672772584.793478) can0 2C1#0800F00255C700E1
(1672772584.793504) can0 2C4#0BC1001A04007129
(1672772584.804829) can0 640#A800000000000000
(1672772584.810711) can0 260#0000000000FFDE47
(1672772584.816567) can0 2C4#0BCC001A04007134
(1672772584.825343) can0 2C1#0800EE0254C700DE
(1672772584.830770) can0 260#0000000000FFDC45
(1672772584.840697) can0 2C4#0BC7001A0400712F
(1672772584.850746) can0 260#0000000000FFD53E
(1672772584.857093) can0 2C1#0800EE0250C700DA
(1672772584.859141) can0 4DD#1E00000600000000
(1672772584.863813) can0 2C4#0BCE001A04007136
(1672772584.870741) can0 260#0000000000FFD13A
(1672772584.875266) can0 442#4002000000000000
(1672772584.880474) can0 3A0#000000000000002A
(1672772584.887251) can0 2C4#0BD0001A04007138
(1672772584.888662) can0 2C1#0800EB024FC700D6
(1672772584.890659) can0 260#0000000000FFCC35
(1672772584.897208) can0 620#1000000030500050
(1672772584.910189) can0 260#0000000000FFCA33
(1672772584.911169) can0 2C4#0BD4001A0400713C
(1672772584.919974) can0 2C1#0800EA024CC700D2
(1672772584.920010) can0 394#00
(1672772584.930123) can0 260#0000000000FFC831
(1672772584.934832) can0 2C4#0BD6001A0400713E
(1672772584.950564) can0 260#0000000000FFC42D
(1672772584.952257) can0 2C1#0800E80248C700CC
(1672772584.958430) can0 2C4#0BDA001A04007142
(1672772584.970533) can0 260#0000000000FFC831
(1672772584.972361) can0 440#4202000000000000
(1672772584.981904) can0 3A0#000000000000002A
(1672772584.981929) can0 2C4#0BDD001A04007145
(1672772584.984037) can0 2C1#0800E80245C700C9
(1672772584.990033) can0 260#0000000000FFC62F
(1672772585.005537) can0 2C4#0BE7001A0400714F
(1672772585.010533) can0 260#0000000000FFC831
(1672772585.015784) can0 2C1#0800E50242C700C3
(1672772585.016182) can0 398#0188
(1672772585.029113) can0 2C4#0BE9001A04007151
(1672772585.030506) can0 260#0000000000FFCA33
(1672772585.047529) can0 2C1#0800E50240C700C1
(1672772585.050617) can0 260#0000000000FFCC35
(1672772585.052634) can0 2C4#0BEB001A04007153
(1672772585.065152) can0 442#4002000000000000
(1672772585.069990) can0 260#0000000000FFD53E
(1672772585.076317) can0 2C4#0BEB001A04007153
(1672772585.079398) can0 2C1#0800E5023CC700BD
(1672772585.080089) can0 3A0#0000000000000029
(1672772585.090576) can0 260#0000000000FFD740
(1672772585.099783) can0 2C4#0BEB001A04007153
(1672772585.102465) can0 621#1100000000000000
(1672772585.109132) can0 622#1200000000000000
(1672772585.110441) can0 260#0000000000FFD53E
(1672772585.110466) can0 2C1#0800E40238C700B8
(1672772585.116312) can0 638#1300180000000000
(1672772585.123338) can0 2C4#0BF1001A04007159
(1672772585.128438) can0 3B4#00004E4C000000
(1672772585.130380) can0 260#0000000000FFD53E
(1672772585.142807) can0 2C1#0800E30234C700B3
(1672772585.147026) can0 2C4#0BF7001A0400715F
(1672772585.150545) can0 260#0000000000FFD53E
(1672772585.162692) can0 440#4202000000000000
(1672772585.167451) can0 38A#0804000000
(1672772585.170548) can0 260#0000000000FFD53E
(1672772585.170573) can0 2C4#0BF5001A0400715D
(1672772585.174641) can0 2C1#0800E20233C700B1
(1672772585.180743) can0 3A0#0000000000000029
(1672772585.189869) can0 260#0000000000FFD33C
(1672772585.194034) can0 2C4#0BF5001A0400715D
(1672772585.197560) can0 620#1000000030500050
(1672772585.206309) can0 2C1#0800E10232C700AF
(1672772585.209831) can0 260#0000000000FFD53E
(1672772585.210747) can0 3B3#0BFD28
(1672772585.217064) can0 2C4#0BF9001A04007161
(1672772585.219702) can0 394#00
(1672772585.229859) can0 260#0000000000FFD33C
(1672772585.238169) can0 2C1#0800E10231C700AE
(1672772585.241277) can0 2C4#0BF5001A0400715D
(1672772585.245045) can0 610#2000006480000000
(1672772585.250422) can0 260#0000000000FFD13A
(1672772585.254756) can0 611#210010A000022863
(1672772585.254781) can0 442#4002000000000000
(1672772585.264680) can0 2C4#0BF9001A04007161
(1672772585.269831) can0 2C1#0800E1022FC700AC
(1672772585.269856) can0 260#0000000000FFCF38
(1672772585.280686) can0 3A0#0000000000000029
(1672772585.288259) can0 2C4#0BF9001A04007161
(1672772585.289949) can0 260#0000000000FFCF38
(1672772585.301615) can0 2C1#0800E0022FC700AB
(1672772585.309885) can0 260#0000000000FFCC35
(1672772585.311807) can0 2C4#0BF9001A04007161
(1672772585.330325) can0 260#0000000000FFCF38
(1672772585.332900) can0 2C1#0800E1022DC700AA
(1672772585.335573) can0 2C4#0BF7001A0400715F
(1672772585.350182) can0 260#0000000000FFDF48
(1672772585.352842) can0 440#4202000000000000
(1672772585.359050) can0 2C4#0BF5001A0400715D
(1672772585.365196) can0 2C1#0800E1022DC700AA
(1672772585.370298) can0 260#0000000000FFF55E
(1672772585.380788) can0 3A0#0000000000000029
(1672772585.382512) can0 2C4#0BFD001A04007165
(1672772585.390135) can0 260#000000000000006A
(1672772585.396855) can0 2C1#0800E1022CC700A9
(1672772585.405364) can0 4C8#0900050700000000
(1672772585.405479) can0 2C4#0C02001A0400716B
(1672772585.410184) can0 260#000000000000006A
(1672772585.428608) can0 2C1#0800DF022DC600A7
(1672772585.429188) can0 2C4#0C08001A04007171
(1672772585.429661) can0 260#000000000000006A
(1672772585.444734) can0 442#4002000000000000
(1672772585.450188) can0 260#000000000000006A
(1672772585.453293) can0 2C4#0C0A001A04007173
(1672772585.460350) can0 2C1#0800DE022AC600A3
(1672772585.470056) can0 260#000000000000006A
(1672772585.476751) can0 2C4#0C02001A0400716B
(1672772585.481605) can0 3A0#0000000000000029
(1672772585.482330) can0 630#1700000000000000
(1672772585.489595) can0 260#000000000000006A
(1672772585.491664) can0 2C1#0800DF022CC600A6
(1672772585.495827) can0 4C1#0100040900000000
(1672772585.497764) can0 620#1000000030500050
(1672772585.499831) can0 2C4#0C06001A0400716F
(1672772585.509859) can0 260#000000000000006A
(1672772585.518637) can0 398#017C
(1672772585.519344) can0 394#00
(1672772585.523718) can0 2C1#0800DE0228C600A1
(1672772585.523745) can0 2C4#0C08001A04007171
(1672772585.529821) can0 260#000000000000006A
(1672772585.542927) can0 440#4202000000000000
(1672772585.547436) can0 2C4#0C04001A0400716D
(1672772585.550032) can0 260#000000000000006A
(1672772585.555629) can0 2C1#0800E00229C700A5
(1672772585.569512) can0 260#000000000000006A
(1672772585.570588) can0 2C4#0C08001A04007171
(1672772585.573469) can0 3B1#0000010100000000
(1672772585.580959) can0 3A0#0000000000000029
(1672772585.586958) can0 2C1#0800DE0225C6009E
(1672772585.589514) can0 260#000000000000006A
(1672772585.594557) can0 2C4#0C08001A04007171
(1672772585.609965) can0 260#000000000000006A
(1672772585.610557) can0 4DC#1D00000800000000
(1672772585.618135) can0 2C4#0C08001A04007171
(1672772585.618704) can0 2C1#0800DE0225C6009E
(1672772585.629890) can0 260#000000000000006A
(1672772585.634917) can0 442#4002000000000000
(1672772585.641792) can0 2C4#0C06001A0400716F
(1672772585.650058) can0 260#000000000000006A
(1672772585.650399) can0 2C1#0800DE0225C6009E
(1672772585.650566) can0 3B0#0000004B00
(1672772585.665342) can0 2C4#0C06001A0400716F
(1672772585.670026) can0 260#000000000000006A
(1672772585.681167) can0 3A0#0000000000000029
(1672772585.682241) can0 2C1#0800DD0222C6009A
(1672772585.688924) can0 2C4#0C0E001A04007177
(1672772585.689419) can0 260#000000000000006A
(1672772585.709965) can0 260#000000000000006A
(1672772585.712193) can0 380#0020000000002A00
(1672772585.712219) can0 2C4#0C0E001A04007177
(1672772585.714544) can0 2C1#0800DC0222C60099
(1672772585.723535) can0 3B3#0C0C28
(1672772585.729834) can0 260#000000000000006A
(1672772585.733156) can0 440#4202000000000000
(1672772585.734878) can0 399#00000000000000
(1672772585.735548) can0 2C4#0C0A001A04007173
(1672772585.741178) can0 3A1#0000000000000000
(1672772585.745098) can0 610#2000006480000000
(1672772585.745711) can0 2C1#0800DD0222C6009A
(1672772585.749832) can0 260#000000000000006A
(1672772585.758956) can0 2C4#0C10001A04007179
(1672772585.769242) can0 260#000000000000006A
(1672772585.777476) can0 2C1#0800DC0220C60097
(1672772585.780866) can0 3A0#0000000000000029
(1672772585.782644) can0 2C4#0C16001A0400717F
(1672772585.789229) can0 260#000000000000006A
(1672772585.798369) can0 620#1000000030500050
(1672772585.805121) can0 640#A800000000000000
(1672772585.806743) can0 2C4#0C20001A04007189
(1672772585.809687) can0 2C1#0800DA021FC60094
(1672772585.809714) can0 260#0000000000FFF15A
(1672772585.819259) can0 394#00
(1672772585.825139) can0 442#4002000000000000
(1672772585.829847) can0 260#0000000000FFF15A
(1672772585.829872) can0 2C4#0C1C001A04007185
(1672772585.841543) can0 2C1#0800DA021DC60092
(1672772585.849815) can0 260#0000000000FFEF58
(1672772585.853844) can0 2C4#0C1C001A04007185
(1672772585.868844) can0 4DD#1E00000600000000
(1672772585.869185) can0 260#0000000000FFF15A
(1672772585.873291) can0 2C1#0800D90219C6008D
(1672772585.877393) can0 2C4#0C24001A0400718D
(1672772585.881318) can0 3A0#000000000000002A
(1672772585.889708) can0 260#0000000000FFF760
(1672772585.900858) can0 2C4#0C2C001A04007195
(1672772585.905075) can0 2C1#0800D80217C6008A
(1672772585.909795) can0 260#0000000000FFF760
(1672772585.923571) can0 440#4202000000000000
(1672772585.923922) can0 2C4#0C30001A04007199
(1672772585.929651) can0 260#000000000000006A
(1672772585.936704) can0 2C1#0800D60212C60083
(1672772585.947976) can0 2C4#0C35001A0400719E
(1672772585.949796) can0 260#000000000000006A
(1672772585.968592) can0 2C1#0800D5020FC6007F
(1672772585.969173) can0 260#000000000000006A
(1672772585.971111) can0 2C4#0C30001A04007199
(1672772585.981416) can0 3A0#000000000000002A
(1672772585.989695) can0 260#000000000000006A
(1672772585.995217) can0 2C4#0C32001A0400719B
(1672772586.000314) can0 2C1#0800D60212C60083
(1672772586.009692) can0 260#000000000000006A
(1672772586.013947) can0 398#0177
(1672772586.014394) can0 442#4002000000000000
(1672772586.018649) can0 2C4#0C2C001A04007195
(1672772586.029553) can0 260#000000000000006A
(1672772586.031804) can0 2C1#0800D60211C60082
(1672772586.042346) can0 2C4#0C35001A0400719E
(1672772586.049647) can0 260#000000000000006A
(1672772586.063836) can0 2C1#0800D5020EC6007E
(1672772586.065918) can0 2C4#0C37001A040071A0
(1672772586.069026) can0 260#000000000000006A
(1672772586.081543) can0 3A0#000000000000002A
(1672772586.089357) can0 2C4#0C39001A040071A2
(1672772586.089383) can0 260#000000000000006A
(1672772586.095173) can0 2C1#0800D5020DC6007D
(1672772586.098453) can0 620#1000000030500050
(1672772586.105434) can0 621#1100000000000000
(1672772586.109456) can0 260#000000000000006A
(1672772586.112581) can0 622#1200000000000000
(1672772586.112607) can0 2C4#0C41001A040071AA
(1672772586.113312) can0 440#4202000000000000
(1672772586.118955) can0 394#00
(1672772586.119224) can0 638#1300180000000000
(1672772586.126853) can0 2C1#0800D30209C60077
(1672772586.128996) can0 260#000000000000006A
(1672772586.136486) can0 2C4#0C47001A040071B0
(1672772586.149434) can0 260#000000000000006A
(1672772586.152860) can0 3B4#00004F4C000000
(1672772586.159012) can0 2C1#0800D30209C60077
(1672772586.159582) can0 2C4#0C3D001A040071A6
(1672772586.169427) can0 260#000000000000006A
(1672772586.181474) can0 3A0#0000000000000029
(1672772586.183600) can0 2C4#0C3D001A040071A6
(1672772586.189428) can0 260#000000000000006A
(1672772586.190371) can0 2C1#0800D4020AC60079
(1672772586.204384) can0 442#4002000000000000
(1672772586.206819) can0 2C4#0C41001A040071AA
(1672772586.208956) can0 260#000000000000006A
(1672772586.222529) can0 2C1#0800D20208C60075
(1672772586.229366) can0 260#000000000000006A
(1672772586.230288) can0 2C4#0C47001A040071B0
(1672772586.235329) can0 3B3#0C4B28
(1672772586.244849) can0 610#2000006480000000
(1672772586.249471) can0 260#000000000000006A
(1672772586.254400) can0 2C1#0800D30209C60077
(1672772586.254425) can0 2C4#0C4F001A040071B8
(1672772586.254428) can0 611#210010A000022863
(1672772586.269443) can0 260#000000000000006A
(1672772586.277843) can0 2C4#0C55001A040071BE
(1672772586.281695) can0 3A0#0000000000000029
(1672772586.286034) can0 2C1#0800D00206C60071
(1672772586.289332) can0 260#000000000000006A
(1672772586.301435) can0 2C4#0C51001A040071BA
(1672772586.303972) can0 440#4202000000000000
(1672772586.309393) can0 260#000000000000006A
(1672772586.317378) can0 2C1#0800D10206C60072
(1672772586.319702) can0 38A#0804000000
(1672772586.325064) can0 2C4#0C53001A040071BC
(1672772586.329391) can0 260#000000000000006A
(1672772586.348642) can0 2C4#0C55001A040071BE
(1672772586.348699) can0 260#000000000000006A
(1672772586.349048) can0 2C1#0800D00202C6006D
(1672772586.369363) can0 260#000000000000006A
(1672772586.372194) can0 2C4#0C51001A040071BA
(1672772586.381415) can0 2C1#0800D10202C6006E
(1672772586.381440) can0 3A0#0000000000000029
(1672772586.384540) can0 4C8#0900050700000000
(1672772586.389315) can0 260#000000000000006A
(1672772586.394827) can0 442#4002000000000000
(1672772586.395093) can0 2C4#0C5A001A040071C3
(1672772586.398949) can0 620#1000000030500050
(1672772586.406924) can0 4C1#0100040900000000
(1672772586.409174) can0 260#000000000000006A
(1672772586.413048) can0 2C1#0800CF01FFC60068
(1672772586.419025) can0 394#00
(1672772586.419050) can0 2C4#0C64001A040071CD
(1672772586.429175) can0 260#000000000000006A
(1672772586.442915) can0 2C4#0C6A001A040071D3
(1672772586.444941) can0 2C1#0800CD01FCC60063
(1672772586.449298) can0 260#000000000000006A
(1672772586.465852) can0 2C4#0C68001A040071D1
(1672772586.468615) can0 260#000000000000006A
(1672772586.476034) can0 2C1#0800CC01F9C6005F
(1672772586.481273) can0 3A0#0000000000000029
(1672772586.483616) can0 630#1700000000000000
(1672772586.489245) can0 260#000000000000006A
(1672772586.489289) can0 2C4#0C6C001A040071D5
(1672772586.494172) can0 440#4202000000000000
(1672772586.502168) can0 398#016F
(1672772586.508441) can0 2C1#0800CC01FBC60061
(1672772586.508603) can0 260#000000000000006A
(1672772586.513456) can0 2C4#0C71001A040071DA
(1672772586.529191) can0 260#000000000000006A
(1672772586.537124) can0 2C4#0C75001A040071DE
(1672772586.540190) can0 2C1#0800CB01F7C6005C
(1672772586.549091) can0 260#000000000000006A
(1672772586.560583) can0 2C4#0C77001A040071E0
(1672772586.568836) can0 260#000000000000006A
(1672772586.571453) can0 2C1#0800CA01F3C60057
(1672772586.573489) can0 3B1#0000010100000000
(1672772586.581942) can0 3A0#000000000000002A
(1672772586.584237) can0 2C4#0C77001A040071E0
(1672772586.584746) can0 442#4002000000000000
(1672772586.589168) can0 260#000000000000006A
(1672772586.603718) can0 2C1#0800CB01F2C60057
(1672772586.607814) can0 2C4#0C73001A040071DC
(1672772586.608945) can0 260#000000000000006A
(1672772586.612040) can0 4DC#1D00000800000000
(1672772586.629090) can0 260#000000000000006A
(1672772586.631342) can0 2C4#0C71001A040071DA
(1672772586.635463) can0 2C1#0800CB01F3C60058
(1672772586.649089) can0 260#000000000000006A
(1672772586.652016) can0 3B0#0000004B00
(1672772586.654941) can0 2C4#0C6F001A040071D8
(1672772586.667217) can0 2C1#0800CB01F3C60058
(1672772586.668754) can0 260#000000000000006A
(1672772586.678542) can0 2C4#0C71001A040071DA
(1672772586.681456) can0 3A0#000000000000002A
(1672772586.683792) can0 440#4202000000000000
(1672772586.688928) can0 260#000000000000006A
(1672772586.698859) can0 2C1#0800CB01F1C60056
(1672772586.698883) can0 620#1000000030500050
(1672772586.701944) can0 2C4#0C75001A040071DE
(1672772586.708433) can0 260#000000000000006A
(1672772586.711671) can0 380#0020000000002A00
(1672772586.718779) can0 394#00
(1672772586.725506) can0 2C4#0C77001A040071E0
(1672772586.728729) can0 260#000000000000006A
(1672772586.730630) can0 2C1#0800C901EEC60051
(1672772586.742064) can0 3A1#0000000000000000
(1672772586.744829) can0 610#2000006480000000
(1672772586.747931) can0 3B3#0C7728
(1672772586.748419) can0 260#000000000000006A
(1672772586.748578) can0 2C4#0C73001A040071DC
(1672772586.759335) can0 399#00000000000000
(1672772586.762428) can0 2C1#0800C901F1C60054
(1672772586.768855) can0 260#000000000000006A
(1672772586.772627) can0 2C4#0C77001A040071E0
(1672772586.775140) can0 442#4002000000000000
(1672772586.782011) can0 3A0#0000000000000029
(1672772586.788829) can0 260#000000000000006A
(1672772586.794131) can0 2C1#0800C901F1C60054
(1672772586.796181) can0 2C4#0C75001A040071DE
(1672772586.804953) can0 640#A800000000000000
(1672772586.808807) can0 260#000000000000006A
(1672772586.819683) can0 2C4#0C79001A040071E2
(1672772586.825813) can0 2C1#0800C901F1C60054
(1672772586.828739) can0 260#000000000000006A
(1672772586.842861) can0 2C4#0C79001A040071E2
(1672772586.848741) can0 260#000000000000006A
(1672772586.857797) can0 2C1#0800C801F1C60053
(1672772586.866970) can0 2C4#0C75001A040071DE
(1672772586.868919) can0 260#000000000000006A
(1672772586.874507) can0 440#4202000000000000
(1672772586.878435) can0 4DD#1E00000600000000
(1672772586.882111) can0 3A0#0000000000000029
(1672772586.888759) can0 260#000000000000006A
(1672772586.888858) can0 2C1#0800C901F1C60054
(1672772586.890010) can0 2C4#0C79001A040071E2
(1672772586.908731) can0 260#000000000000006A
(1672772586.914094) can0 2C4#0C7D001A040071E6
(1672772586.921291) can0 2C1#0800C801EDC6004F
(1672772586.928815) can0 260#000000000000006A
(1672772586.937070) can0 2C4#0C80001A040071E9
(1672772586.948796) can0 260#000000000000006A
(1672772586.952936) can0 2C1#0800C801EDC6004F
(1672772586.960852) can0 2C4#0C84001A040071ED
(1672772586.964827) can0 442#4002000000000000
(1672772586.968573) can0 260#000000000000006A
(1672772586.982327) can0 3A0#000000000000002A
(1672772586.983149) can0 398#0168
(1672772586.984573) can0 2C1#0800C701ECC6004D
(1672772586.984598) can0 2C4#0C77001A040071E0
(1672772586.988711) can0 260#000000000000006A
(1672772586.999608) can0 620#1000000030500050
(1672772587.008348) can0 2C4#0C7B001A040071E4
(1672772587.008373) can0 260#000000000000006A
(1672772587.016541) can0 2C1#0800C801EBC6004D
(1672772587.018647) can0 394#00
(1672772587.028720) can0 260#000000000000006A
(1672772587.031920) can0 2C4#0C7B001A040071E4
(1672772587.048326) can0 2C1#0800C701E8C60049
(1672772587.048352) can0 260#000000000000006A
(1672772587.055471) can0 2C4#0C7B001A040071E4
(1672772587.064875) can0 440#4202000000000000
(1672772587.068123) can0 260#0000000000FFF760
(1672772587.079038) can0 2C4#0C75001A040071DE
(1672772587.079503) can0 2C1#0800C701E6C60047
(1672772587.082281) can0 3A0#000000000000002A
(1672772587.088580) can0 260#0000000000FFF760
(1672772587.101979) can0 2C4#0C77001A040071E0
(1672772587.104896) can0 621#1100000000000000
(1672772587.108671) can0 260#0000000000FFF35C
(1672772587.111820) can0 2C1#0800C701E8C60049
(1672772587.111845) can0 622#1200000000000000
(1672772587.119168) can0 638#1300180000000000
(1672772587.126049) can0 2C4#0C7B001A040071E4
(1672772587.128558) can0 260#0000000000FFF55E
(1672772587.143454) can0 2C1#0800C701E6C60047
(1672772587.148645) can0 260#0000000000FFF55E
(1672772587.149113) can0 2C4#0C7B001A040071E4
(1672772587.164340) can0 442#4002000000000000
(1672772587.167928) can0 260#0000000000FFF760
(1672772587.172615) can0 2C4#0C7B001A040071E4
(1672772587.174666) can0 2C1#0800C701E6C60047
(1672772587.176851) can0 3B4#00004F4C000000
(1672772587.181931) can0 3A0#0000000000000029
(1672772587.187981) can0 260#000000000000006A
(1672772587.196849) can0 2C4#0C77001A040071E0
(1672772587.207092) can0 2C1#0800C801E7C60049
(1672772587.208642) can0 260#0000000000FFF760
(1672772587.220417) can0 2C4#0C71001A040071DA
(1672772587.228445) can0 260#0000000000FFF15A
(1672772587.238733) can0 2C1#0800C801E7C60049
(1672772587.243834) can0 2C4#0C75001A040071DE
(1672772587.244298) can0 610#2000006480000000
(1672772587.248430) can0 260#000000000000006A
(1672772587.254879) can0 611#210010A000022863
(1672772587.260149) can0 3B3#0C7328
(1672772587.265025) can0 440#4202000000000000
(1672772587.267425) can0 2C4#0C71001A040071DA
(1672772587.267943) can0 260#000000000000006A
(1672772587.270026) can0 2C1#0800C801E9C6004B
(1672772587.281945) can0 3A0#0000000000000029
(1672772587.287906) can0 260#000000000000006A
(1672772587.290986) can0 2C4#0C75001A040071DE
(1672772587.299932) can0 620#1000000030500050
(1672772587.301864) can0 2C1#0800C801E8C6004A
(1672772587.307897) can0 260#000000000000006A
(1672772587.314070) can0 2C4#0C75001A040071DE
(1672772587.317116) can0 4C1#0100040900000000
(1672772587.317815) can0 394#00
(1672772587.327885) can0 260#0000000000FFF55E
(1672772587.333569) can0 2C1#0800C901E8C6004B
(1672772587.338088) can0 2C4#0C77001A040071E0
(1672772587.348326) can0 260#0000000000FFF760
(1672772587.361160) can0 2C4#0C71001A040071DA
(1672772587.363018) can0 4C8#0900050700000000
(1672772587.364838) can0 442#4002000000000000
(1672772587.365166) can0 2C1#0800C801E7C60049
(1672772587.367808) can0 260#000000000000006A
(1672772587.382580) can0 3A0#0000000000000029
(1672772587.385206) can0 2C4#0C6A001A040071D3
(1672772587.388307) can0 260#000000000000006A
(1672772587.397507) can0 2C1#0800CA01E8C6004C
(1672772587.408257) can0 260#000000000000006A
(1672772587.408282) can0 2C4#0C73001A040071DC
(1672772587.428230) can0 260#000000000000006A
(1672772587.428852) can0 2C1#0800C801E4C60046
(1672772587.432336) can0 2C4#0C77001A040071E0
(1672772587.448255) can0 260#000000000000006A
(1672772587.456017) can0 2C4#0C75001A040071DE
(1672772587.461114) can0 2C1#0800C701E3C60044
(1672772587.465124) can0 398#0168
(1672772587.465151) can0 440#4202000000000000
(1672772587.468318) can0 260#000000000000006A
(1672772587.472234) can0 38A#0804000000
(1672772587.479485) can0 2C4#0C7D001A040071E6
(1672772587.482632) can0 3A0#0000000000000029
(1672772587.485207) can0 630#1700000000000000
(1672772587.487772) can0 260#000000000000006A
(1672772587.492788) can0 2C1#0800C701E3C60044
(1672772587.503030) can0 2C4#0C7B001A040071E4
(1672772587.508317) can0 260#000000000000006A
(1672772587.524668) can0 2C1#0800C801E7C60049
(1672772587.526713) can0 2C4#0C77001A040071E0
(1672772587.528347) can0 260#000000000000006A
(1672772587.548243) can0 260#000000000000006A
(1672772587.549968) can0 2C4#0C79001A040071E2
(1672772587.556420) can0 2C1#0800C701E7C60048
(1672772587.565042) can0 442#4002000000000000
(1672772587.567783) can0 260#000000000000006A
(1672772587.572885) can0 3B1#0000010100000000
(1672772587.573183) can0 2C4#0C7D001A040071E6
(1672772587.582284) can0 3A0#000000000000002A
(1672772587.588173) can0 2C1#0800C601E5C60045
(1672772587.588199) can0 260#000000000000006A
(1672772587.597396) can0 2C4#0C7D001A040071E6
(1672772587.600472) can0 620#1000000030500050
(1672772587.608195) can0 260#000000000000006A
(1672772587.612828) can0 4DC#1D00000800000000
(1672772587.617925) can0 394#00
(1672772587.619801) can0 2C1#0800C601E4C60044
(1672772587.620384) can0 2C4#0C7B001A040071E4
(1672772587.628050) can0 260#000000000000006A
(1672772587.644425) can0 2C4#0C7B001A040071E4
(1672772587.648163) can0 260#000000000000006A
(1672772587.651666) can0 2C1#0800C601E3C60043
(1672772587.652340) can0 3B0#0000004B00
(1672772587.660465) can0 440#4202000000000000
(1672772587.668066) can0 2C4#0C84001A040071ED
(1672772587.668091) can0 260#000000000000006A
(1672772587.682799) can0 3A0#000000000000002A
(1672772587.682824) can0 2C1#0800C401DFC6003D
(1672772587.688074) can0 260#000000000000006A
(1672772587.691533) can0 2C4#0C8A001A040071F3
(1672772587.707984) can0 260#000000000000006A
(1672772587.712937) can0 380#0020000000002A00
(1672772587.715192) can0 2C1#0800C501E3C60042
(1672772587.715217) can0 2C4#0C84001A040071ED
(1672772587.728066) can0 260#000000000000006A
(1672772587.738648) can0 2C4#0C8A001A040071F3
(1672772587.743020) can0 3A1#0000000000000000
(1672772587.745217) can0 610#2000006480000000
(1672772587.746960) can0 2C1#0800C301DEC6003B
(1672772587.747548) can0 260#000000000000006A
(1672772587.754994) can0 442#4002000000000000
(1672772587.762204) can0 2C4#0C8A001A040071F3
(1672772587.767921) can0 260#000000000000006A
(1672772587.772327) can0 3B3#0C8A28
(1672772587.778576) can0 2C1#0800C301DEC6003B
(1672772587.782901) can0 3A0#0000000000000029
(1672772587.783167) can0 399#00000000000000
(1672772587.785750) can0 2C4#0C88001A040071F1
(1672772587.787927) can0 260#000000000000006A
(1672772587.804753) can0 640#A800000000000000
(1672772587.808012) can0 260#000000000000006A
(1672772587.809441) can0 2C4#0C88001A040071F1
(1672772587.809880) can0 2C1#0800C401DFC6003D
(1672772587.827807) can0 260#000000000000006A
(1672772587.832990) can0 2C4#0C84001A040071ED
(1672772587.841805) can0 2C1#0800C501DFC6003E
(1672772587.847419) can0 260#000000000000006A
(1672772587.850118) can0 440#4202000000000000
(1672772587.856563) can0 2C4#0C84001A040071ED
(1672772587.867681) can0 260#000000000000006A
(1672772587.873973) can0 2C1#0800C301DDC6003A
(1672772587.880123) can0 2C4#0C88001A040071F1
(1672772587.882460) can0 3A0#0000000000000029
(1672772587.887351) can0 260#000000000000006A
(1672772587.887618) can0 4DD#1E00000600000000
(1672772587.900657) can0 620#1000000030500050
(1672772587.903152) can0 2C4#0C88001A040071F1
(1672772587.905605) can0 2C1#0800C301DEC6003B
(1672772587.907542) can0 260#000000000000006A
(1672772587.917279) can0 394#00
(1672772587.926872) can0 2C4#0C8A001A040071F3
(1672772587.927346) can0 260#000000000000006A
(1672772587.937431) can0 2C1#0800C201DEC6003A
(1672772587.944827) can0 442#4002000000000000
(1672772587.944860) can0 398#0161
(1672772587.947750) can0 260#000000000000006A
(1672772587.950681) can0 2C4#0C8F001A040071F8
(1672772587.967726) can0 260#000000000000006A
(1672772587.969127) can0 2C1#0800C101D9C60034
(1672772587.974250) can0 2C4#0C8F001A040071F8
(1672772587.983074) can0 3A0#000000000000002A
(1672772587.987726) can0 260#0000000000FFEF58
(1672772587.997835) can0 2C4#0C91001A040071FA
(1672772588.000903) can0 2C1#0800C301D8C60035
(1672772588.007700) can0 260#0000000000FFBF28
(1672772588.021426) can0 2C4#0C93001A040071FC
(1672772588.027685) can0 260#0000000000FF9D06
(1672772588.032625) can0 2C1#0800C101D4C6002F
(1672772588.040803) can0 440#4202000000000000
(1672772588.045040) can0 2C4#0C8F001A040071F8
(1672772588.047841) can0 260#0000000000FE046C
(1672772588.064540) can0 2C1#0800C101D3C6002E
(1672772588.067304) can0 260#0000000000FD53BA
(1672772588.068009) can0 2C4#0C95001A040071FE
(1672772588.083266) can0 3A0#000000000000002A
(1672772588.087739) can0 260#0000000000FD7FE6
(1672772588.092193) can0 2C4#0C8C001A040071F5
(1672772588.096266) can0 2C1#0800C201D2C6002E
(1672772588.105905) can0 621#1100000000000000
(1672772588.107610) can0 260#0000000000FBF156
(1672772588.113280) can0 622#1200000000000000
(1672772588.115635) can0 2C4#0C86001A040071EF
(1672772588.120432) can0 638#1300180000000000
(1672772588.127610) can0 260#0000000000FAA206
(1672772588.127636) can0 2C1#0800C301D4C60031
(1672772588.135030) can0 442#4002000000000000
(1672772588.139185) can0 2C4#0C8C001A040071F5
(1672772588.147582) can0 260#0000000000F97FE2
(1672772588.159656) can0 2C1#0800C101D0C6002B
(1672772588.162862) can0 2C4#0C86001A040071EF
(1672772588.167727) can0 260#0100000000F793F5
(1672772588.183368) can0 3A0#000000000000002A
(1672772588.186423) can0 2C4#0C82001A040071EB
(1672772588.187159) can0 260#0100000000F687E8
(1672772588.191547) can0 2C1#0800C301D2C6002F
(1672772588.201064) can0 620#1000000030500050
(1672772588.201088) can0 3B4#00004F4C000000
(1672772588.207549) can0 260#0100000000F5A707
(1672772588.209871) can0 2C4#0C84001A040071ED
(1672772588.217424) can0 394#00
(1672772588.223177) can0 2C1#0800CA01D0C60034
(1672772588.227530) can0 260#0100000000F559B9
(1672772588.227781) can0 4C1#0100040900000000
(1672772588.231074) can0 440#4202000000000000
(1672772588.233431) can0 2C4#0C82001A040071EB
(1672772588.244976) can0 610#2000006480000000
(1672772588.247589) can0 260#0100000000F564C4
(1672772588.254328) can0 611#210010A000022863
(1672772588.254510) can0 2C1#0800CC01D1C60037
(1672772588.256495) can0 2C4#0C7D001A040071E6
(1672772588.267571) can0 260#0100000000F570D0
(1672772588.280674) can0 2C4#0C79001A040071E2
(1672772588.283338) can0 3A0#000000000000002A
(1672772588.284556) can0 3B3#0C7928
(1672772588.286711) can0 2C1#0800830188C400A3
(1672772588.286942) can0 260#0100000000F51676
(1672772588.304105) can0 2C4#0C73001A040071DC
(1672772588.307561) can0 260#0100000000F5D434
(1672772588.317938) can0 2C1#0800440149C20023
(1672772588.325039) can0 442#4002000000000000
(1672772588.327545) can0 260#0100000000F6BF20
(1672772588.327570) can0 2C4#0C6C001A040071D5
(1672772588.342692) can0 4C8#0900050700000000
(1672772588.347540) can0 260#0100000000F67CDD
(1672772588.350317) can0 2C1#08001D0126C000D7
(1672772588.350751) can0 2C4#0C64001A040071CD
(1672772588.367545) can0 260#0100000000F772D4
(1672772588.374925) can0 2C4#0C62001A040071CB
(1672772588.381950) can0 2C1#08FFF80103BF008D
(1672772588.383564) can0 3A0#000000000000002A
(1672772588.387463) can0 260#0100000000F873D6
(1672772588.398367) can0 2C4#0C5E001A040071C7
(1672772588.407468) can0 260#0100000000F8A003
(1672772588.413842) can0 2C1#08FFDE00EEBE005C
(1672772588.420848) can0 440#4202000000000000
(1672772588.421451) can0 2C4#0C5C001A040071C5
(1672772588.425992) can0 398#015B
(1672772588.427322) can0 260#0100000000F97FE3
(1672772588.445474) can0 2C1#08FFC900DEBE0037
(1672772588.445499) can0 2C4#0C64001A040071CD
(1672772588.447569) can0 260#0100000000F91B7F
(1672772588.467390) can0 260#0100000000F90468
(1672772588.469158) can0 2C4#0C68001A040071D1
(1672772588.477344) can0 2C1#08FFBB00D3BD001D
(1672772588.483011) can0 3A0#000000000000002A
(1672772588.485788) can0 630#1700000000000000
(1672772588.486786) can0 260#0100000000F9A105
(1672772588.492606) can0 2C4#0C62001A040071CB
(1672772588.501018) can0 620#1000000030500050
(1672772588.507260) can0 260#0100000000F9C327
(1672772588.509002) can0 2C1#08FFB300CCBD000E
(1672772588.514836) can0 442#4002000000000000
(1672772588.516158) can0 2C4#0C66001A040071CF
(1672772588.516672) can0 394#00
(1672772588.526818) can0 260#0100000000FBE64C
(1672772588.539735) can0 2C4#0C68001A040071D1
(1672772588.540271) can0 2C1#08FFA400BFBD00F2
(1672772588.547201) can0 260#0000000000FCCB31
(1672772588.562733) can0 2C4#0C6F001A040071D8
(1672772588.566664) can0 260#0000000000FD3299
(1672772588.571965) can0 2C1#08FF9300B0BC00D1
(1672772588.572482) can0 3B1#0000010100000000
(1672772588.583078) can0 3A0#000000000000002A
(1672772588.586281) can0 2C4#0C75001A040071DE
(1672772588.586575) can0 260#0000000000FDD239
(1672772588.604253) can0 2C1#08FFBD00DEBD002A
(1672772588.607181) can0 260#0000000000FE4AB2
(1672772588.610434) can0 2C4#0C82001A040071EB
(1672772588.611059) can0 440#4202000000000000
(1672772588.613656) can0 4DC#1D00000800000000
(1672772588.624701) can0 38A#0804000000
(1672772588.627125) can0 260#0000000000FEB119
(1672772588.633981) can0 2C4#0C80001A040071E9
(1672772588.636025) can0 2C1#08FFFD0120BF00AF
(1672772588.647247) can0 260#0000000000FF3FA8
(1672772588.653820) can0 3B0#0000004B00
(1672772588.657643) can0 2C4#0C8C001A040071F5
(1672772588.667177) can0 260#0000000000FF2E97
(1672772588.667202) can0 2C1#08002B014DC1000D
(1672772588.681220) can0 2C4#0C95001A040071FE
(1672772588.683791) can0 3A0#000000000000002A
(1672772588.687190) can0 260#0000000000FFAB14
(1672772588.699642) can0 2C1#08004C016FC20051
(1672772588.704769) can0 2C4#0C8F001A040071F8
(1672772588.704795) can0 442#4002000000000000
(1672772588.707199) can0 260#000000000000EB55
(1672772588.713849) can0 380#0020000000002A00
(1672772588.727214) can0 260#000000000001AF1A
(1672772588.727810) can0 2C4#0C8F001A040071F8
(1672772588.730822) can0 2C1#080069018EC3008E
(1672772588.743732) can0 3A1#0000000000000000
(1672772588.744257) can0 610#2000006480000000
(1672772588.747170) can0 260#00000000000349B6
(1672772588.751895) can0 2C4#0C95001A040071FE
(1672772588.763174) can0 2C1#0800AA01CEC50011
(1672772588.767142) can0 260#000000000004ED5B
(1672772588.775442) can0 2C4#0C93001A040071FC
(1672772588.783918) can0 3A0#000000000000002A
(1672772588.787093) can0 260#000000000005309F
(1672772588.794808) can0 2C1#0800C101E4C6003F
(1672772588.796752) can0 3B3#0C9328
(1672772588.798878) can0 2C4#0C95001A040071FE
(1672772588.801789) can0 620#1000000030500050
(1672772588.801814) can0 440#4202000000000000
(1672772588.804877) can0 640#A800000000000000
(1672772588.806949) can0 260#0000000000062696
(1672772588.807823) can0 399#00000000000000
(1672772588.816359) can0 394#00
(1672772588.822012) can0 2C4#0C95001A040071FE
(1672772588.826692) can0 2C1#0800C001E2C6003C
(1672772588.826718) can0 260#000000000006FB6B
(1672772588.846135) can0 2C4#0C97001A04007100
(1672772588.846459) can0 260#0100000000081D90
(1672772588.858418) can0 2C1#0800BD01DFC50035
(1672772588.867016) can0 260#0100000000081D90
(1672772588.869689) can0 2C4#0C99001A04007102
(1672772588.883994) can0 3A0#000000000000002A
(1672772588.887014) can0 260#0100000000091387
(1672772588.890194) can0 2C1#0800C501DDC6003C
(1672772588.893266) can0 2C4#0C99001A04007102
(1672772588.894766) can0 442#4002000000000000
(1672772588.897998) can0 4DD#1E00000600000000
(1672772588.900200) can0 398#0161
(1672772588.906884) can0 260#010000000008DB4E
(1672772588.916707) can0 2C4#0C9B001A04007104
(1672772588.921797) can0 2C1#0800C501D9C60038
(1672772588.926879) can0 260#010000000009BB2F
(1672772588.940273) can0 2C4#0C97001A04007100
(1672772588.946825) can0 260#010000000009C63A
(1672772588.953577) can0 2C1#0800C501D5C60034
(1672772588.963833) can0 2C4#0C8F001A040071F8
(1672772588.966845) can0 260#01000000000935A9
(1672772588.983956) can0 3A0#000000000000002A
(1672772588.985461) can0 2C1#0800C701D9C6003A
(1672772588.986422) can0 260#01000000000940B4
(1672772588.987057) can0 2C4#0C8C001A040071F5
(1672772588.992064) can0 440#4202000000000000
(1672772589.006918) can0 260#01000000000961D5
(1672772589.011062) can0 2C4#0C8C001A040071F5
(1672772589.017213) can0 2C1#0800C801DAC6003C
(1672772589.026864) can0 260#010000000008AF22
(1672772589.034498) can0 2C4#0C86001A040071EF
(1672772589.046748) can0 260#010000000008E75A
(1672772589.048848) can0 2C1#0800C701DCC6003D
(1672772589.058075) can0 2C4#0C8A001A040071F3
(1672772589.066259) can0 260#0100000000088D00
(1672772589.080489) can0 2C1#0800C701DDC6003E
(1672772589.081228) can0 2C4#0C88001A040071F1
(1672772589.083569) can0 3A0#000000000000002A
(1672772589.084594) can0 442#4002000000000000
(1672772589.086200) can0 260#010000000008C538
(1672772589.101978) can0 620#1000000030500050
(1672772589.105200) can0 2C4#0C80001A040071E9
(1672772589.106705) can0 260#0100000000088D00
(1672772589.108503) can0 621#1100000000000000
(1672772589.112360) can0 2C1#0800C801E1C60043
(1672772589.115556) can0 622#1200000000000000
(1672772589.116182) can0 394#00
(1672772589.122449) can0 638#1300180000000000
(1672772589.126227) can0 260#01000000000834A7
(1672772589.128279) can0 2C4#0C86001A040071EF
(1672772589.139002) can0 4C1#0100040900000000
(1672772589.144148) can0 2C1#0800C701DEC6003F
(1672772589.146678) can0 260#010000000007CF41
(1672772589.152323) can0 2C4#0C8A001A040071F3
(1672772589.166627) can0 260#010000000004E251
(1672772589.175874) can0 2C1#0800C601DDC6003D
(1672772589.175899) can0 2C4#0C8C001A040071F5
(1672772589.182103) can0 440#4202000000000000
(1672772589.184122) can0 3A0#000000000000002A
(1672772589.186094) can0 260#000000000003329F
(1672772589.199447) can0 2C4#0C8F001A040071F8
(1672772589.206607) can0 260#0000000000026AD6
(1672772589.207207) can0 2C1#0800C501DCC6003B
(1672772589.222609) can0 2C4#0C93001A040071FC
(1672772589.225806) can0 3B4#0000504C000000
(1672772589.226086) can0 260#000000000001B722
(1672772589.239158) can0 2C1#0800C401D9C60037
(1672772589.244455) can0 610#2000006480000000
(1672772589.246075) can0 2C4#0C93001A040071FC
(1672772589.246229) can0 260#00000000000163CE
(1672772589.254505) can0 611#210010A000022863
(1672772589.265983) can0 260#0000000000012994
(1672772589.269629) can0 2C4#0C9B001A04007104
(1672772589.270641) can0 2C1#0800C201D9C60035
(1672772589.274519) can0 442#4002000000000000
(1672772589.283660) can0 3A0#000000000000002A
(1672772589.286001) can0 260#0000000000FD74DB
(1672772589.293214) can0 2C4#0C9E001A04007107
(1672772589.302506) can0 2C1#0800C201D9C60035
(1672772589.306184) can0 260#0000000000FE076F
(1672772589.308607) can0 3B3#0C9928
(1672772589.316781) can0 2C4#0CA0001A04007109
(1672772589.321166) can0 4C8#0900050700000000
(1672772589.326132) can0 260#0000000000FB55BA
(1672772589.334316) can0 2C1#0800C001D6C60030
(1672772589.340460) can0 2C4#0CA4001A0400710D
(1672772589.346107) can0 260#0000000000FB3398
(1672772589.364568) can0 2C4#0CA2001A0400710B
(1672772589.366562) can0 2C1#0800BE01D6C5002D
(1672772589.366588) can0 260#0000000000F8B618
(1672772589.372442) can0 440#4202000000000000
(1672772589.378693) can0 398#015E
(1672772589.384425) can0 3A0#000000000000002A
(1672772589.386428) can0 260#0100000000F7CB2D
(1672772589.387929) can0 2C4#0CA6001A0400710F
(1672772589.398206) can0 2C1#0800BD01D6C5002C
(1672772589.402352) can0 620#1000000030500050
(1672772589.405962) can0 260#0100000000F70D6F
(1672772589.411479) can0 2C4#0CA4001A0400710D
(1672772589.416279) can0 394#00
(1672772589.426431) can0 260#0100000000F70264
(1672772589.429931) can0 2C1#0800C001D6C60030
(1672772589.435082) can0 2C4#0CA4001A0400710D
(1672772589.446359) can0 260#0100000000F72486
(1672772589.458747) can0 2C4#0CA9001A04007112
(1672772589.461812) can0 2C1#0800C101D6C60031
(1672772589.465088) can0 442#4002000000000000
(1672772589.466447) can0 260#0100000000F6CA2B
(1672772589.482178) can0 2C4#0CAD001A04007116
(1672772589.484542) can0 3A0#0000000000000029
(1672772589.486567) can0 260#0100000000F77DDF
(1672772589.487065) can0 630#1700000000000000
(1672772589.493542) can0 2C1#0800C001D3C6002D
(1672772589.505874) can0 2C4#0CA2001A0400710B
(1672772589.505899) can0 260#0100000000F7F85A
(1672772589.525316) can0 2C1#080079018DC3009D
(1672772589.525861) can0 260#0100000000FA3DA2
(1672772589.529419) can0 2C4#0C9B001A04007104
(1672772589.546390) can0 260#0100000000FA6ACF
(1672772589.552973) can0 2C4#0C99001A04007102
(1672772589.557067) can0 2C1#08004C0160C20042
(1672772589.562697) can0 440#4202000000000000
(1672772589.566132) can0 260#0100000000F9AC10
(1672772589.572693) can0 3B1#0000010100000000
(1672772589.576549) can0 2C4#0C99001A04007102
(1672772589.584617) can0 3A0#0000000000000029
(1672772589.586390) can0 260#0100000000F895F8
(1672772589.588843) can0 2C1#080069017CC3007C
(1672772589.599980) can0 2C4#0C9B001A04007104
(1672772589.606253) can0 260#0100000000F85DC0
(1672772589.614580) can0 4DC#1D00000800000000
(1672772589.620481) can0 2C1#0800AC01BFC50004
(1672772589.623554) can0 2C4#0C99001A04007102
(1672772589.626230) can0 260#0100000000F91B7F
(1672772589.646179) can0 260#0100000000FAFC61
(1672772589.646620) can0 2C4#0C9E001A04007107
(1672772589.652346) can0 2C1#0800C201D6C60032
(1672772589.654671) can0 3B0#0000004B00
(1672772589.654696) can0 442#4002000000000000
(1672772589.666318) can0 260#0000000000FC60C6
(1672772589.670684) can0 2C4#0CA4001A0400710D
(1672772589.683409) can0 2C1#0800C001D2C6002C
(1672772589.684091) can0 3A0#000000000000002A
(1672772589.685718) can0 260#0000000000FCF95F
(1672772589.694225) can0 2C4#0CA6001A0400710F
(1672772589.702612) can0 620#1000000030500050
(1672772589.705980) can0 260#0000000000FD50B7
(1672772589.714347) can0 380#0020000000002A00
(1672772589.715749) can0 2C1#0800BF01D2C5002A
(1672772589.715775) can0 394#00
(1672772589.717795) can0 2C4#0CAB001A04007114
(1672772589.725749) can0 260#0000000000FDF960
(1672772589.741343) can0 2C4#0CA6001A0400710F
(1672772589.744697) can0 3A1#0000000000000000
(1672772589.744721) can0 610#2000006480000000
(1672772589.746125) can0 260#0000000000FE52BA
(1672772589.747012) can0 2C1#0800BE01CEC50025
(1672772589.752771) can0 440#4202000000000000
(1672772589.764903) can0 2C4#0CA6001A0400710F
(1672772589.765753) can0 260#0000000000FEC52D
(1672772589.777177) can0 38A#0804000000
(1672772589.779252) can0 2C1#0800BC01CDC50022
(1672772589.784650) can0 3A0#000000000000002A
(1672772589.786043) can0 260#0000000000FF2992
(1672772589.788472) can0 2C4#0CAB001A04007114
(1672772589.804855) can0 640#A800000000000000
(1672772589.805642) can0 260#0000000000FEFC64
(1672772589.810997) can0 2C1#0800BC01CCC50021
(1672772589.811578) can0 2C4#0CA2001A0400710B
(1672772589.820820) can0 3B3#0CA228
(1672772589.825730) can0 260#0000000000FF117A
(1672772589.832475) can0 399#00000000000000
(1672772589.835578) can0 2C4#0C99001A04007102
(1672772589.842893) can0 2C1#0800BC01CAC5001F
(1672772589.845120) can0 442#4002000000000000
(1672772589.845589) can0 260#0000000000FF62CB
(1672772589.853942) can0 398#015A
(1672772589.859175) can0 2C4#0CA0001A04007109
(1672772589.865980) can0 260#0000000000FF91FA
(1672772589.874528) can0 2C1#0800BC01CEC50023
(1672772589.882737) can0 2C4#0CA4001A0400710D
(1672772589.884762) can0 3A0#000000000000002A
(1672772589.885650) can0 260#0000000000FFEF58
(1672772589.905948) can0 260#0000000000005CC6
(1672772589.905973) can0 2C1#0800BA01CCC5001F
(1672772589.905976) can0 2C4#0CA6001A0400710F
(1672772589.907710) can0 4DD#1E00000600000000
(1672772589.926036) can0 260#00000000000074DE
(1672772589.929938) can0 2C4#0CA9001A04007112
(1672772589.938175) can0 2C1#0800B801C8C50019
(1672772589.943144) can0 440#4202000000000000
(1672772589.945905) can0 260#0000000000004FB9
(1672772589.953434) can0 2C4#0CA9001A04007112
(1672772589.965790) can0 260#0000000000002892
(1672772589.969708) can0 2C1#0800B801C9C5001A
(1672772589.977086) can0 2C4#0CA9001A04007112
(1672772589.984937) can0 3A0#000000000000002A
(1672772589.985429) can0 260#0000000000FFF55E
(1672772590.000527) can0 2C4#0CAD001A04007116
(1672772590.001100) can0 2C1#0800B701C7C50017
(1672772590.002762) can0 620#1000000030500050
(1672772590.005787) can0 260#0000000000FFF15A
(1672772590.015819) can0 394#00
(1672772590.024187) can0 2C4#0CAD001A04007116
(1672772590.025848) can0 260#000000000000006A
(1672772590.033330) can0 2C1#0800B601C3C50012
(1672772590.035001) can0 442#4002000000000000
(1672772590.045795) can0 260#000000000000006A
(1672772590.047786) can0 2C4#0CAD001A04007116
(1672772590.049861) can0 4C1#0100040900000000
(1672772590.065161) can0 2C1#0800B601C2C50011
(1672772590.065202) can0 260#000000000000006A
(1672772590.070838) can0 2C4#0CAB001A04007114
(1672772590.085084) can0 3A0#000000000000002A
(1672772590.085285) can0 260#000000000000006A
(1672772590.094687) can0 2C4#0CA6001A0400710F
(1672772590.096737) can0 2C1#0800B701C0C50010
(1672772590.105887) can0 260#000000000000006A
(1672772590.108342) can0 621#1100000000000000
(1672772590.115116) can0 622#1200000000000000
(1672772590.118330) can0 2C4#0CA9001A04007112
(1672772590.122184) can0 638#1300180000000000
(1672772590.125725) can0 260#000000000000006A
(1672772590.128575) can0 2C1#0800B701BEC5000E
(1672772590.132770) can0 440#4202000000000000
(1672772590.141899) can0 2C4#0CAD001A04007116
(1672772590.145756) can0 260#000000000000006A
(1672772590.160328) can0 2C1#0800B501B9C50007
(1672772590.165571) can0 2C4#0CB6001A0400711F
(1672772590.165596) can0 260#000000000000006A
(1672772590.185173) can0 3A0#000000000000002A
(1672772590.185199) can0 260#000000000000006A
(1672772590.189167) can0 2C4#0CBA001A04007123
(1672772590.192190) can0 2C1#0800B401B3C50000
(1672772590.205791) can0 260#000000000000006A
(1672772590.212691) can0 2C4#0CBA001A04007123
(1672772590.223383) can0 2C1#0800B401B1C500FE
(1672772590.224769) can0 442#4002000000000000
(1672772590.225144) can0 260#000000000000006A
(1672772590.236246) can0 2C4#0CB1001A0400711A
(1672772590.245014) can0 610#2000006480000000
(1672772590.245040) can0 260#0000000000000E78
(1672772590.250602) can0 3B4#0000504C000000
(1672772590.255024) can0 611#210010A000022863
(1672772590.255049) can0 2C1#0800B501B4C50002
(1672772590.259816) can0 2C4#0CAF001A04007118
(1672772590.265603) can0 260#0000000000FFDC45
(1672772590.282703) can0 2C4#0CAD001A04007116
(1672772590.284612) can0 3A0#000000000000002A
(1672772590.285116) can0 260#0000000000FEA70F
(1672772590.286877) can0 2C1#0800B601B4C50003
(1672772590.300421) can0 4C8#0900050700000000
(1672772590.302952) can0 620#1000000030500050
(1672772590.305459) can0 260#0000000000FE056D
(1672772590.306830) can0 2C4#0CAF001A04007118
(1672772590.315425) can0 394#00
(1672772590.318639) can0 2C1#0800B501B2C50000
(1672772590.322943) can0 440#4202000000000000
(1672772590.325097) can0 260#0000000000FE64CC
(1672772590.326862) can0 398#0150
(1672772590.329970) can0 2C4#0CAB001A04007114
(1672772590.333257) can0 3B3#0CAD28
(1672772590.345530) can0 260#0000000000FCCE34
(1672772590.350874) can0 2C1#0800B601B4C50003
(1672772590.353925) can0 2C4#0CA9001A04007112
(1672772590.365505) can0 260#0000000000FC94FA
(1672772590.377503) can0 2C4#0CA9001A04007112
(1672772590.382633) can0 2C1#0800B501B2C50000
(1672772590.385178) can0 3A0#000000000000002A
(1672772590.385204) can0 260#0000000000FA0569
(1672772590.401102) can0 2C4#0CAD001A04007116
(1672772590.405513) can0 260#0000000000F969CC
(1672772590.414430) can0 2C1#0800B601AFC500FE
(1672772590.414455) can0 442#4002000000000000
(1672772590.424623) can0 2C4#0CA9001A04007112
(1672772590.424950) can0 260#0100000000F767C9
(1672772590.445451) can0 260#0100000000F6399A
(1672772590.445550) can0 2C1#0800B501AFC500FD
(1672772590.448295) can0 2C4#0CA0001A04007109
(1672772590.465543) can0 260#0100000000F5B212
(1672772590.471868) can0 2C4#0C9B001A04007104
(1672772590.478017) can0 2C1#0800BF01B0C50008
(1672772590.485394) can0 3A0#000000000000002A
(1672772590.485420) can0 260#0100000000F67CDD
(1672772590.488717) can0 630#1700000000000000
(1672772590.494913) can0 2C4#0C95001A040071FE
(1672772590.505429) can0 260#0100000000F60162
(1672772590.509657) can0 2C1#0800C101B3C6000E
(1672772590.513654) can0 440#4202000000000000
(1672772590.518880) can0 2C4#0C8A001A040071F3
(1672772590.525366) can0 260#0100000000F62D8E
(1672772590.541431) can0 2C1#0800AB019EC500E2
(1672772590.541966) can0 2C4#0C82001A040071EB
(1672772590.545540) can0 260#0100000000F62384
(1672772590.565466) can0 260#0100000000F5C929
(1672772590.565491) can0 2C4#0C7D001A040071E6
(1672772590.572024) can0 3B1#0000010100000000
(1672772590.572877) can0 2C1#080045013CC20017
(1672772590.585421) can0 260#0100000000F62D8E
(1672772590.585446) can0 3A0#000000000000002A
(1672772590.589666) can0 2C4#0C7B001A040071E4
(1672772590.603864) can0 620#1000000030500050
(1672772590.604490) can0 2C1#08001C0116C000C6
(1672772590.604659) can0 442#4002000000000000
(1672772590.604902) can0 260#0100000000F671D2
(1672772590.613237) can0 2C4#0C79001A040071E2
(1672772590.615169) can0 394#00
(1672772590.615194) can0 4DC#1D00000800000000
(1672772590.625271) can0 260#0100000000F591F1
(1672772590.636789) can0 2C1#08FFF700F1BF0079
(1672772590.636814) can0 2C4#0C71001A040071DA
(1672772590.645364) can0 260#0100000000F7187A
(1672772590.655545) can0 3B0#0000004B00
(1672772590.660362) can0 2C4#0C6C001A040071D5
(1672772590.664772) can0 260#0100000000F793F5
(1672772590.667909) can0 2C1#08FFDA00D7BE0041
(1672772590.683738) can0 2C4#0C6F001A040071D8
(1672772590.684784) can0 260#0100000000F7AA0C
(1672772590.684973) can0 3A0#000000000000002A
(1672772590.699903) can0 2C1#08FFC500C7BE001C
(1672772590.703859) can0 440#4202000000000000
(1672772590.704801) can0 260#0100000000F8E346
(1672772590.706953) can0 2C4#0C68001A040071D1
(1672772590.715620) can0 380#0020000000002A00
(1672772590.725296) can0 260#0100000000F8F95C
(1672772590.731040) can0 2C4#0C62001A040071CB
(1672772590.731484) can0 2C1#08FFF500F9BF007F
(1672772590.744900) can0 610#2000006480000000
(1672772590.744926) can0 260#0100000000F9268A
(1672772590.747302) can0 3A1#0000000000000000
(1672772590.754504) can0 2C4#0C5C001A040071C5
(1672772590.763696) can0 2C1#08002B012EC100EE
(1672772590.765172) can0 260#0100000000FB8DF3
(1672772590.778023) can0 2C4#0C62001A040071CB
(1672772590.785244) can0 260#0000000000FCD63C
(1672772590.785268) can0 3A0#000000000000002A
(1672772590.795061) can0 442#4002000000000000
(1672772590.795085) can0 2C1#08004C0150C20032
(1672772590.801740) can0 2C4#0C68001A040071D1
(1672772590.804808) can0 640#A800000000000000
(1672772590.804833) can0 260#0000000000FD278E
(1672772590.806261) can0 398#0152
(1672772590.824604) can0 260#0000000000FE228A
(1672772590.824728) can0 2C4#0C66001A040071CF
(1672772590.827311) can0 2C1#08005A015EC2004E
(1672772590.845162) can0 260#0000000000FE96FE
(1672772590.845187) can0 3B3#0C6A28
(1672772590.848841) can0 2C4#0C6C001A040071D5
(1672772590.857039) can0 399#00000000000000
(1672772590.859111) can0 2C1#080085018CC400A9
(1672772590.865162) can0 260#0000000000FEAA12
(1672772590.872296) can0 2C4#0C6C001A040071D5
(1672772590.884539) can0 260#0000000000FEE951
(1672772590.885117) can0 3A0#000000000000002A
(1672772590.890727) can0 2C1#0800C101C9C60024
(1672772590.893879) can0 440#4202000000000000
(1672772590.895842) can0 2C4#0C73001A040071DC
(1672772590.903635) can0 620#1000000030500050
(1672772590.904922) can0 260#00000000000045AF
(1672772590.914871) can0 394#00
(1672772590.917320) can0 4DD#1E00000600000000
(1672772590.919190) can0 2C4#0C77001A040071E0
(1672772590.922455) can0 2C1#0800C201CCC60028
(1672772590.924579) can0 260#000000000001D33E
(1672772590.929101) can0 38A#0804000000
(1672772590.942500) can0 2C4#0C79001A040071E2
(1672772590.944517) can0 260#0000000000030673
(1672772590.953857) can0 2C1#0800BF01CAC50022
(1672772590.959958) can0 4C1#0100040900000000
(1672772590.964480) can0 260#00000000000467D5
(1672772590.966015) can0 2C4#0C82001A040071EB
(1672772590.984904) can0 442#4002000000000000
(1672772590.984929) can0 260#000000000005E352
(1672772590.985177) can0 3A0#000000000000002A
(1672772590.985434) can0 2C1#0800BE01CAC50021
(1672772590.989558) can0 2C4#0C80001A040071E9
(1672772591.004898) can0 260#000000000005E352
(1672772591.013681) can0 2C4#0C84001A040071ED
(1672772591.017707) can0 2C1#0800BD01CCC50022
(1672772591.024399) can0 260#000000000006CE3E
(1672772591.037231) can0 2C4#0C7D001A040071E6
(1672772591.045016) can0 260#0000000000072899
(1672772591.049640) can0 2C1#0800BC01CEC50023
(1672772591.060890) can0 2C4#0C75001A040071DE
(1672772591.064987) can0 260#0000000000076ADB
(1672772591.081385) can0 2C1#0800BC01CEC50023
(1672772591.084414) can0 440#4202000000000000
(1672772591.084438) can0 2C4#0C73001A040071DC
(1672772591.084441) can0 260#010000000007CF41
(1672772591.085916) can0 3A0#000000000000002A
(1672772591.104934) can0 260#0100000000078CFE
(1672772591.108019) can0 2C4#0C75001A040071DE
(1672772591.109559) can0 621#1100000000000000
(1672772591.113137) can0 2C1#0800BD01CEC50024
(1672772591.116536) can0 622#1200000000000000
(1672772591.123579) can0 638#1300180000000000
(1672772591.124410) can0 260#0100000000075FD1
(1672772591.131012) can0 2C4#0C77001A040071E0
(1672772591.144779) can0 260#01000000000754C6
(1672772591.144803) can0 2C1#0800C301C8C60025
(1672772591.155136) can0 2C4#0C79001A040071E2
(1672772591.164889) can0 260#01000000000776E8
(1672772591.174941) can0 442#4002000000000000
(1672772591.176681) can0 2C1#0800C301C6C60023
(1672772591.178741) can0 2C4#0C7B001A040071E4
(1672772591.184863) can0 260#0100000000079709
(1672772591.185452) can0 3A0#000000000000002A
(1672772591.202259) can0 2C4#0C79001A040071E2
(1672772591.204592) can0 620#1000000030500050
(1672772591.204617) can0 260#010000000007B92B
(1672772591.208413) can0 2C1#0800C301C5C60022
(1672772591.214065) can0 394#00
(1672772591.224720) can0 260#01000000000732A4
(1672772591.225267) can0 2C4#0C7D001A040071E6
(1672772591.240052) can0 2C1#0800C201C5C60021
(1672772591.244265) can0 260#010000000007E557
(1672772591.244456) can0 610#2000006480000000
(1672772591.249384) can0 2C4#0C77001A040071E0
(1672772591.255172) can0 611#210010A000022863
(1672772591.264670) can0 260#0100000000079709
(1672772591.271793) can0 2C1#0800C301C9C60026
(1672772591.272389) can0 2C4#0C77001A040071E0
(1672772591.274416) can0 440#4202000000000000
(1672772591.274439) can0 3B4#0000514C000000
(1672772591.279877) can0 4C8#0900050700000000
(1672772591.284672) can0 260#0100000000078CFE
(1672772591.285970) can0 3A0#000000000000002A
(1672772591.288069) can0 398#0159
(1672772591.296429) can0 2C4#0C7B001A040071E4
(1672772591.303570) can0 2C1#0800C101C5C60020
(1672772591.304223) can0 260#01000000000776E8
(1672772591.319800) can0 2C4#0C82001A040071EB
(1672772591.324562) can0 260#0100000000075FD1
(1672772591.334895) can0 2C1#0800C101C4C6001F
(1672772591.343016) can0 2C4#0C86001A040071EF
(1672772591.344121) can0 260#010000000004ED5C
(1672772591.357864) can0 3B3#0C8C28
(1672772591.364122) can0 260#000000000003C22F
(1672772591.364344) can0 442#4002000000000000
(1672772591.366530) can0 2C1#0800C001BEC60018
(1672772591.366748) can0 2C4#0C8F001A040071F8
(1672772591.384050) can0 260#0000000000032996
(1672772591.385770) can0 3A0#000000000000002A
(1672772591.390184) can0 2C4#0C91001A040071FA
(1672772591.398711) can0 2C1#0800BE01BCC50013
(1672772591.404060) can0 260#00000000000279E5
(1672772591.414310) can0 2C4#0C8C001A040071F5
(1672772591.424641) can0 260#000000000001E24D
(1672772591.430130) can0 2C1#0800BE01BCC50013
(1672772591.437869) can0 2C4#0C8F001A040071F8
(1672772591.444620) can0 260#0000000000017FEA
(1672772591.461330) can0 2C4#0C93001A040071FC
(1672772591.461869) can0 2C1#0800BC01BBC50010
(1672772591.464576) can0 260#000000000000F55F
(1672772591.464601) can0 440#4202000000000000
(1672772591.483957) can0 260#0000000000010F7A
(1672772591.484274) can0 2C4#0C9E001A04007107
(1672772591.485575) can0 3A0#000000000000002A
(1672772591.489678) can0 630#1700000000000000
(1672772591.494128) can0 2C1#0800BA01B8C5000B
(1672772591.504360) can0 260#00000000000077E1
(1672772591.504385) can0 620#1000000030500050
(1672772591.508443) can0 2C4#0CA0001A04007109
(1672772591.514218) can0 394#00
(1672772591.523952) can0 260#0000000000FF4FB8
(1672772591.525754) can0 2C1#0800B801B5C50006
(1672772591.531604) can0 2C4#0CA0001A04007109
(1672772591.544444) can0 260#0000000000FE60C8
(1672772591.555573) can0 2C4#0CA2001A0400710B
(1672772591.557628) can0 2C1#0800B601B5C50004
(1672772591.564422) can0 260#0000000000FD75DC
(1672772591.564451) can0 442#4002000000000000
(1672772591.571853) can0 3B1#0000010100000000
(1672772591.579131) can0 2C4#0CA2001A0400710B
(1672772591.584430) can0 260#0000000000FC7FE5
(1672772591.586263) can0 3A0#000000000000002A
(1672772591.589428) can0 2C1#0800B601B2C50001
(1672772591.602704) can0 2C4#0CA6001A0400710F
(1672772591.604433) can0 260#0000000000FB3FA4
(1672772591.616303) can0 4DC#1D00000800000000
(1672772591.621149) can0 2C1#0800B301AEC500FA
(1672772591.624427) can0 260#0000000000FA5FC3
(1672772591.626250) can0 2C4#0CA6001A0400710F
(1672772591.644494) can0 260#0000000000F996F9
(1672772591.649940) can0 2C4#0CA9001A04007112
(1672772591.652991) can0 2C1#0800B301AEC500FA
(1672772591.656440) can0 3B0#0000004B00
(1672772591.664309) can0 260#0000000000F8C123
(1672772591.664354) can0 440#4202000000000000
(1672772591.673433) can0 2C4#0CA9001A04007112
(1672772591.684276) can0 260#0000000000F873D5
(1672772591.684301) can0 2C1#0800B101AEC500F8
(1672772591.686359) can0 3A0#000000000000002A
(1672772591.696954) can0 2C4#0CAD001A04007116
(1672772591.704369) can0 260#0100000000F793F5
(1672772591.716464) can0 380#0020000000002A00
(1672772591.716489) can0 2C1#0800B101ABC500F5
(1672772591.720506) can0 2C4#0CA9001A04007112
(1672772591.724278) can0 260#0100000000F73A9C
(1672772591.744220) can0 2C4#0CA2001A0400710B
(1672772591.744246) can0 260#0100000000F73A9C
(1672772591.744251) can0 610#2000006480000000
(1672772591.746689) can0 3A1#0000000000000000
(1672772591.747819) can0 2C1#0800BB01ACC50000
(1672772591.764339) can0 260#0100000000F7187A
(1672772591.764365) can0 398#0150
(1672772591.764368) can0 442#4002000000000000
(1672772591.767744) can0 2C4#0C9B001A04007104
(1672772591.780036) can0 2C1#0800BB01AFC50003
(1672772591.784337) can0 260#0100000000F7ED4F
(1672772591.788244) can0 3A0#000000000000002A
(1672772591.791166) can0 2C4#0C9E001A04007107
(1672772591.804172) can0 260#0100000000F7C022
(1672772591.804197) can0 640#A800000000000000
(1672772591.804632) can0 620#1000000030500050
(1672772591.811785) can0 2C1#0800BA01B0C50003
(1672772591.814160) can0 394#00
(1672772591.814186) can0 2C4#0C9B001A04007104
(1672772591.824284) can0 260#0100000000F7E244
(1672772591.837874) can0 2C4#0C9B001A04007104
(1672772591.843535) can0 2C1#0800BA01AFC50002
(1672772591.843577) can0 260#0100000000F87EE1
(1672772591.861986) can0 2C4#0C9B001A04007104
(1672772591.864261) can0 260#0100000000FA5FC4
(1672772591.864733) can0 440#4202000000000000
(1672772591.870087) can0 3B3#0C9928
(1672772591.870647) can0 4C1#0100040900000000
(1672772591.875314) can0 2C1#0800BB01B0C50004
(1672772591.881435) can0 399#00000000000000
(1672772591.884093) can0 260#0000000000FD2E95
(1672772591.885423) can0 2C4#0C99001A04007102
(1672772591.886326) can0 3A0#000000000000002A
(1672772591.904191) can0 260#0000000000FDAD14
(1672772591.907039) can0 2C1#0800BB01B0C50004
(1672772591.909109) can0 2C4#0C9B001A04007104
(1672772591.924162) can0 260#0000000000FDE148
(1672772591.927136) can0 4DD#1E00000600000000
(1672772591.932664) can0 2C4#0CA6001A0400710F
(1672772591.938807) can0 2C1#0800B901ADC500FF
(1672772591.944159) can0 260#0000000000FE42AA
(1672772591.956127) can0 2C4#0CAB001A04007114
(1672772591.964020) can0 260#0000000000FEAA12
(1672772591.964484) can0 442#4002000000000000
(1672772591.970576) can0 2C1#0800B701ABC500FB
(1672772591.979781) can0 2C4#0CAF001A04007118
(1672772591.984136) can0 260#0000000000FF52BB
(1672772591.986710) can0 3A0#000000000000002A
(1672772592.002222) can0 2C1#0800B501A6C500F4
(1672772592.002795) can0 2C4#0CB6001A0400711F
(1672772592.004113) can0 260#0000000000013CA7
(1672772592.024081) can0 260#0000000000015CC7
(1672772592.026911) can0 2C4#0CB8001A04007121
(1672772592.034089) can0 2C1#0800B301A5C500F1
(1672772592.044062) can0 260#00000000000340AD
(1672772592.050459) can0 2C4#0CB8001A04007121
(1672772592.060496) can0 440#4202000000000000
(1672772592.063921) can0 260#0000000000032895
(1672772592.065375) can0 2C1#0800B201A7C500F2
(1672772592.073458) can0 2C4#0CB6001A0400711F
(1672772592.081525) can0 38A#0804000000
(1672772592.083491) can0 260#0000000000062696
(1672772592.086684) can0 3A0#000000000000002A
(1672772592.097588) can0 2C1#0800B201AAC500F5
(1672772592.097614) can0 2C4#0CAF001A04007118
(1672772592.103415) can0 260#00000000000568D7
(1672772592.105061) can0 620#1000000030500050
(1672772592.112655) can0 621#1100000000000000
(1672772592.113331) can0 394#00
(1672772592.119556) can0 622#1200000000000000
(1672772592.121054) can0 2C4#0CB1001A0400711A
(1672772592.123518) can0 260#00000000000669D9
(1672772592.126763) can0 638#1300180000000000
(1672772592.128832) can0 2C1#0800B201ABC500F6
(1672772592.143313) can0 260#000000000006AC1C
(1672772592.144196) can0 2C4#0CAD001A04007116
(1672772592.155055) can0 442#4002000000000000
(1672772592.161051) can0 2C1#0800B101ADC500F7
(1672772592.163863) can0 260#00000000000754C5
(1672772592.168177) can0 2C4#0CB1001A0400711A
(1672772592.183824) can0 260#0000000000072899
(1672772592.186774) can0 3A0#000000000000002A
(1672772592.191728) can0 2C4#0CAB001A04007114
(1672772592.192321) can0 2C1#0800B001ADC500F6
(1672772592.203798) can0 260#000000000007A213
(1672772592.215297) can0 2C4#0CAD001A04007116
(1672772592.223777) can0 260#0000000000073EAF
(1672772592.223988) can0 2C1#0800B001ABC500F4
(1672772592.238852) can0 2C4#0CA2001A0400710B
(1672772592.238877) can0 398#014C
(1672772592.243803) can0 260#00000000000776E7
(1672772592.245024) can0 610#2000006480000000
(1672772592.250761) can0 440#4202000000000000
(1672772592.254317) can0 611#210010A000022863
(1672772592.255842) can0 2C1#0800B301ACC500F8
(1672772592.259035) can0 4C8#0900050700000000
(1672772592.261927) can0 2C4#0C91001A040071FA
(1672772592.263374) can0 260#0000000000071C8D
(1672772592.283868) can0 260#00000000000754C5
(1672772592.285889) can0 2C4#0C8C001A040071F5
(1672772592.287404) can0 3A0#000000000000002A
(1672772592.287597) can0 2C1#0800B601ACC500FB
(1672772592.299279) can0 3B4#0000514C000000
(1672772592.303702) can0 260#000000000006E454
(1672772592.309547) can0 2C4#0C8A001A040071F3
(1672772592.319302) can0 2C1#0800B601ACC500FB
(1672772592.323617) can0 260#000000000005309F
(1672772592.333215) can0 2C4#0C88001A040071F1
(1672772592.343237) can0 260#000000000003C22F
(1672772592.344844) can0 442#4002000000000000
(1672772592.351661) can0 2C1#0800B501ACC500FA
(1672772592.356761) can0 2C4#0C88001A040071F1
(1672772592.363793) can0 260#000000000003127F
(1672772592.380228) can0 2C4#0C91001A040071FA
(1672772592.382316) can0 3B3#0C8F28
(1672772592.382841) can0 2C1#0800B501A9C500F7
(1672772592.383144) can0 260#00000000000285F1
(1672772592.387087) can0 3A0#000000000000002A
(1672772592.403711) can0 260#000000000001C530
(1672772592.403736) can0 2C4#0C99001A04007102
(1672772592.405933) can0 620#1000000030500050
(1672772592.413583) can0 394#00
(1672772592.415182) can0 2C1#0800B301A1C500ED
(1672772592.423715) can0 260#0000000000019500
(1672772592.427320) can0 2C4#0CA0001A04007109
(1672772592.440921) can0 440#4202000000000000
(1672772592.443685) can0 260#0000000000012C97
(1672772592.446915) can0 2C1#0800B2019CC500E7
(1672772592.451035) can0 2C4#0CA0001A04007109
(1672772592.463663) can0 260#0000000000012994
(1672772592.474585) can0 2C4#0C95001A040071FE
(1672772592.478414) can0 2C1#0800B3019FC500EB
(1672772592.483688) can0 260#000000000000F761
(1672772592.487017) can0 3A0#000000000000002A
(1672772592.490945) can0 630#1700000000000000
(1672772592.498019) can0 2C4#0C99001A04007102
(1672772592.503060) can0 260#000000000000CF39
(1672772592.510320) can0 2C1#0800B201A0C500EB
(1672772592.521569) can0 2C4#0C97001A04007100
(1672772592.523661) can0 260#00000000000071DB
(1672772592.535059) can0 442#4002000000000000
(1672772592.542186) can0 2C1#0800B2019FC500EA
(1672772592.543616) can0 260#000000000000339D
(1672772592.544729) can0 2C4#0C91001A040071FA
(1672772592.563563) can0 260#0000000000FFF55E
(1672772592.568288) can0 2C4#0C91001A040071FA
(1672772592.571457) can0 3B1#0000010100000000
(1672772592.573908) can0 2C1#0800B3019EC500EA
(1672772592.583560) can0 260#000000000000208A
(1672772592.587234) can0 3A0#000000000000002A
(1672772592.592386) can0 2C4#0C95001A040071FE
(1672772592.603447) can0 260#000000000000218B
(1672772592.605686) can0 2C1#0800B4019DC500EA
(1672772592.615937) can0 2C4#0C91001A040071FA
(1672772592.617371) can0 4DC#1D00000800000000
(1672772592.623535) can0 260#0000000000000E78
(1672772592.631237) can0 440#4202000000000000
(1672772592.637459) can0 2C1#0800B4019DC500EA
(1672772592.639426) can0 2C4#0C8F001A040071F8
(1672772592.643427) can0 260#000000000000006A
(1672772592.657224) can0 3B0#0000004B00
(1672772592.663085) can0 2C4#0C93001A040071FC
(1672772592.663110) can0 260#000000000000006A
(1672772592.669211) can0 2C1#0800B3019CC500E8
(1672772592.682830) can0 260#000000000000006A
(1672772592.686525) can0 2C4#0C95001A040071FE
(1672772592.686690) can0 3A0#000000000000002A
(1672772592.700328) can0 2C1#0800B3019FC500EB
(1672772592.702841) can0 260#000000000000006A
(1672772592.706151) can0 620#1000000030500050
(1672772592.710080) can0 2C4#0C93001A040071FC
(1672772592.713205) can0 394#00
(1672772592.716101) can0 398#0144
(1672772592.716838) can0 380#0020000000002A00
(1672772592.723114) can0 260#000000000000006A
(1672772592.724947) can0 442#4002000000000000
(1672772592.732283) can0 2C1#0800B2019EC500E9
(1672772592.733228) can0 2C4#0C97001A04007100
(1672772592.742858) can0 260#000000000000006A
(1672772592.744462) can0 610#2000006480000000
(1672772592.746884) can0 3A1#0000000000000000
(1672772592.757202) can0 2C4#0C95001A040071FE
(1672772592.763283) can0 260#000000000000006A
(1672772592.764013) can0 2C1#0800B2019CC500E7
(1672772592.780358) can0 2C4#0C99001A04007102
(1672772592.781267) can0 4C1#0100040900000000
(1672772592.782840) can0 260#000000000000006A
(1672772592.787510) can0 3A0#000000000000002A
(1672772592.795766) can0 2C1#0800B2019CC500E7
(1672772592.802834) can0 260#000000000000006A
(1672772592.803882) can0 2C4#0C9B001A04007104
(1672772592.804261) can0 640#A800000000000000
(1672772592.820881) can0 440#4202000000000000
(1672772592.822733) can0 260#000000000000006A
(1672772592.827795) can0 2C1#0800B1019EC500E8
(1672772592.827820) can0 2C4#0C99001A04007102
(1672772592.843224) can0 260#000000000000006A
(1672772592.851431) can0 2C4#0C99001A04007102
(1672772592.859628) can0 2C1#0800B2019EC500E9
(1672772592.863329) can0 260#000000000000006A
(1672772592.875132) can0 2C4#0C9B001A04007104
(1672772592.883261) can0 260#000000000000006A
(1672772592.887580) can0 3A0#000000000000002A
(1672772592.891535) can0 2C1#0800B1019EC500E8
(1672772592.894536) can0 3B3#0C9928
(1672772592.898680) can0 2C4#0C99001A04007102
(1672772592.903172) can0 260#000000000000006A
(1672772592.905718) can0 399#00000000000000
(1672772592.914944) can0 442#4002000000000000
(1672772592.922121) can0 2C4#0C9E001A04007107
(1672772592.922665) can0 260#000000000000006A
(1672772592.922885) can0 2C1#0800B1019CC500E6
(1672772592.936853) can0 4DD#1E00000600000000
(1672772592.943207) can0 260#000000000000006A
(1672772592.945806) can0 2C4#0C9B001A04007104
(1672772592.955014) can0 2C1#0800B1019BC500E5
(1672772592.963210) can0 260#000000000000006A
(1672772592.969244) can0 2C4#0C9B001A04007104
(1672772592.983069) can0 260#000000000000006A
(1672772592.986756) can0 2C1#0800B0019CC500E5
(1672772592.986949) can0 3A0#000000000000002A
(1672772592.992717) can0 2C4#0C97001A04007100
(1672772593.003161) can0 260#000000000000006A
(1672772593.006615) can0 620#1000000030500050
(1672772593.011635) can0 440#4202000000000000
(1672772593.012748) can0 394#00
(1672772593.016426) can0 2C4#0C8F001A040071F8
(1672772593.018420) can0 2C1#0800B2019FC500EA
(1672772593.023042) can0 260#000000000000006A
(1672772593.039943) can0 2C4#0C86001A040071EF
(1672772593.043133) can0 260#000000000000006A
(1672772593.050279) can0 2C1#0800B3019DC500E9
(1672772593.063108) can0 260#000000000000006A
(1672772593.063133) can0 2C4#0C8C001A040071F5
(1672772593.082064) can0 2C1#0800B2019CC500E7
(1672772593.082536) can0 260#000000000000006A
(1672772593.087155) can0 2C4#0C8F001A040071F8
(1672772593.087180) can0 3A0#000000000000002A
(1672772593.103093) can0 260#000000000000006A
(1672772593.104850) can0 442#4002000000000000
(1672772593.110618) can0 2C4#0C8F001A040071F8
(1672772593.111170) can0 621#1100000000000000
(1672772593.113672) can0 2C1#0800B3019BC500E7
(1672772593.117813) can0 622#1200000000000000
(1672772593.122924) can0 260#000000000000006A
(1672772593.125275) can0 638#1300180000000000
(1672772593.134175) can0 2C4#0C8C001A040071F5
(1672772593.142917) can0 260#000000000000006A
(1672772593.145474) can0 2C1#0800B2019AC500E5
(1672772593.157744) can0 2C4#0C8C001A040071F5
(1672772593.163034) can0 260#000000000000006A
(1672772593.177309) can0 2C1#0800B20199C500E4
(1672772593.181437) can0 2C4#0C8A001A040071F3
(1672772593.183017) can0 260#000000000000006A
(1672772593.187759) can0 3A0#000000000000002A
(1672772593.193586) can0 398#013A
(1672772593.201863) can0 440#4202000000000000
(1672772593.202417) can0 260#000000000000006A
(1672772593.204471) can0 2C4#0C8A001A040071F3
(1672772593.209080) can0 2C1#0800B3019AC500E6
(1672772593.222399) can0 260#000000000000006A
(1672772593.228543) can0 2C4#0C8A001A040071F3
(1672772593.234637) can0 38A#0804000000
(1672772593.238113) can0 4C8#0900050700000000
(1672772593.240842) can0 2C1#0800B20199C500E4
(1672772593.242847) can0 260#000000000000006A
(1672772593.244810) can0 610#2000006480000000
(1672772593.252005) can0 2C4#0C8C001A040071F5
(1672772593.255055) can0 611#210010A000022863
(1672772593.262381) can0 260#000000000000006A
(1672772593.272483) can0 2C1#0800B20197C500E2
(1672772593.275425) can0 2C4#0C91001A040071FA
(1672772593.282921) can0 260#000000000000006A
(1672772593.287774) can0 3A0#000000000000002A
(1672772593.294894) can0 442#4002000000000000
(1672772593.298670) can0 2C4#0C91001A040071FA
(1672772593.302293) can0 260#000000000000006A
(1672772593.303696) can0 2C1#0800B10194C500DE
(1672772593.306757) can0 620#1000000030500050
(1672772593.312626) can0 394#00
(1672772593.322261) can0 2C4#0C88001A040071F1
(1672772593.322330) can0 260#000000000000006A
(1672772593.323581) can0 3B4#0000524C000000
(1672772593.335835) can0 2C1#0800B30199C500E5
(1672772593.342330) can0 260#000000000000006A
(1672772593.345797) can0 2C4#0C86001A040071EF
(1672772593.362697) can0 260#000000000000006A
(1672772593.367751) can0 2C1#0800B20199C500E4
(1672772593.369797) can0 2C4#0C8A001A040071F3
(1672772593.382705) can0 260#000000000000006A
(1672772593.387827) can0 3A0#000000000000002A
(1672772593.392021) can0 440#4202000000000000
(1672772593.393348) can0 2C4#0C84001A040071ED
(1672772593.399504) can0 2C1#0800B10196C500E0
(1672772593.402705) can0 260#000000000000006A
(1672772593.406100) can0 3B3#0C8A28
(1672772593.416897) can0 2C4#0C88001A040071F1
(1672772593.422645) can0 260#000000000000006A
(1672772593.431250) can0 2C1#0800B20199C500E4
(1672772593.440482) can0 2C4#0C8C001A040071F5
(1672772593.442677) can0 260#000000000000006A
(1672772593.462622) can0 260#000000000000006A
(1672772593.462647) can0 2C1#0800B10197C500E1
(1672772593.464195) can0 2C4#0C8F001A040071F8
(1672772593.482087) can0 260#000000000000006A
(1672772593.484430) can0 442#4002000000000000
(1672772593.487208) can0 2C4#0C93001A040071FC
(1672772593.487387) can0 3A0#000000000000002A
(1672772593.491555) can0 630#1700000000000000
(1672772593.494214) can0 2C1#0800B10197C500E1
(1672772593.502112) can0 260#000000000000006A
(1672772593.511349) can0 2C4#0C8F001A040071F8
(1672772593.522687) can0 260#000000000000006A
(1672772593.526643) can0 2C1#0800B10196C500E0
(1672772593.534838) can0 2C4#0C8F001A040071F8
(1672772593.542659) can0 260#000000000000006A
(1672772593.558385) can0 2C1#0800B00193C500DC
(1672772593.558411) can0 2C4#0C91001A040071FA
(1672772593.562735) can0 260#000000000000006A
(1672772593.571209) can0 3B1#0000010100000000
(1672772593.581946) can0 2C4#0C8A001A040071F3
(1672772593.581972) can0 440#4202000000000000
(1672772593.581977) can0 260#000000000000006A
(1672772593.587563) can0 3A0#000000000000002A
(1672772593.589826) can0 2C1#0800B10194C500DE
(1672772593.602609) can0 260#000000000000006A
(1672772593.604962) can0 2C4#0C8A001A040071F3
(1672772593.607316) can0 620#1000000030500050
(1672772593.612468) can0 394#00
(1672772593.618243) can0 4DC#1D00000800000000
(1672772593.621798) can0 2C1#0800B10195C500DF
(1672772593.621972) can0 260#000000000000006A
(1672772593.628971) can0 2C4#0C88001A040071F1
(1672772593.642443) can0 260#000000000000006A
(1672772593.652541) can0 2C4#0C88001A040071F1
(1672772593.653047) can0 2C1#0800B10194C500DE
(1672772593.658162) can0 3B0#0000004B00
(1672772593.662534) can0 260#000000000000006A
(1672772593.671752) can0 398#012C
(1672772593.675069) can0 442#4002000000000000
(1672772593.675611) can0 2C4#0C80001A040071E9
(1672772593.681964) can0 260#000000000000006A
(1672772593.685420) can0 2C1#0800B20194C500DF
(1672772593.687689) can0 3A0#000000000000002A
(1672772593.692594) can0 4C1#0100040900000000
(1672772593.699747) can0 2C4#0C7D001A040071E6
(1672772593.701974) can0 260#000000000000006A
(1672772593.716681) can0 2C1#0800B30195C500E1
(1672772593.717822) can0 380#0020000000002A00
(1672772593.721949) can0 260#000000000000006A
(1672772593.722627) can0 2C4#0C79001A040071E2
(1672772593.741828) can0 260#000000000000006A
(1672772593.744164) can0 610#2000006480000000
(1672772593.746681) can0 2C4#0C77001A040071E0
(1672772593.748170) can0 3A1#0000000000000000
(1672772593.748219) can0 2C1#0800B40196C500E3
(1672772593.761868) can0 260#000000000000006A
(1672772593.769762) can0 2C4#0C77001A040071E0
(1672772593.771888) can0 440#4202000000000000
(1672772593.780167) can0 2C1#0800B50196C500E4
(1672772593.781900) can0 260#000000000000006A
(1672772593.787632) can0 3A0#000000000000002A
(1672772593.793411) can0 2C4#0C77001A040071E0
(1672772593.802206) can0 260#000000000000006A
(1672772593.804769) can0 640#A800000000000000
