(1632426876.193293) can0 0D4#04E00040950000C0
(1632426876.206168) can0 1F4#046400057BB00080
(1632426876.226709) can0 0D4#04E0804096000003
(1632426876.247276) can0 0D4#04E080409600004F
(1632426876.267696) can0 0D4#04E080409600008B
(1632426876.288151) can0 0D4#04E08040960000C7
(1632426876.288152) can0 1F4#046400057BB002C0
(1632426876.288152) can0 0D4#04E0803F96000005
(1632426876.308665) can0 0A6#0002060000000044
(1632426876.308666) can0 0C8#0000000000000040
(1632426876.308667) can0 12C#835D00000000104E
(1632426876.329151) can0 188#0000000000000E4E
(1632426876.329151) can0 0D4#04E0803F96000041
(1632426876.329152) can0 0A6#0002060000000080
(1632426876.349642) can0 0C8#0000000000000080
(1632426876.349642) can0 12C#835D00000000108A
(1632426876.349643) can0 188#0000000000000E8A
(1632426876.370148) can0 0D4#04E080409600008B
(1632426876.370153) can0 0A6#00020600000000CC
(1632426876.370153) can0 0C8#00000000000000C0
(1632426876.390662) can0 12C#835D0000000010C6
(1632426876.390663) can0 188#0000000000000EC6
(1632426876.390663) can0 0D4#04E08040960000C7
(1632426876.411163) can0 1F4#046400057BB00200
(1632426876.411164) can0 0A6#0002060000000008
(1632426876.411165) can0 0C8#0000000000000000
(1632426876.431663) can0 12C#835D000000001002
(1632426876.431664) can0 188#0000000000000E02
(1632426876.431664) can0 0D4#04E0804096000003
(1632426876.452164) can0 0A6#0002060000000044
(1632426876.452164) can0 0C8#0000000000000040
(1632426876.452165) can0 12C#835D00000000104E
(1632426876.472709) can0 188#0000000000000E4E
(1632426876.472710) can0 0D4#04E080409600004F
(1632426876.472710) can0 0A6#004206000000008C
(1632426876.493177) can0 0C8#0000000000000080
(1632426876.493179) can0 12C#835D00000000108A
(1632426876.493179) can0 188#0000000000000E8A
(1632426876.513666) can0 0D4#04E0803F9600008D
(1632426876.513667) can0 0A6#00420637000000CE
(1632426876.513667) can0 0C8#00000000000000C0
(1632426876.534182) can0 12C#835D0000000010C6
(1632426876.534183) can0 188#0000000000000EC6
(1632426876.534183) can0 0D4#04E0803F960000C9
(1632426876.554719) can0 1F4#046400057BB00240
(1632426876.554720) can0 0A6#004206370000000A
(1632426876.554720) can0 0C8#0000000000000000
(1632426876.575185) can0 12C#835D000000001002
(1632426876.575186) can0 188#0000000000000E02
(1632426876.575186) can0 0D4#04E0804096000003
(1632426876.595675) can0 0A6#004206410000004B
(1632426876.595676) can0 0C8#0000000000000040
(1632426876.595676) can0 12C#835D00000000104E
(1632426876.616183) can0 188#0000000000000E4E
(1632426876.616184) can0 0D4#04E080409600004F
(1632426876.616184) can0 0A6#0042064300000085
(1632426876.636702) can0 0C8#0000000000000080
(1632426876.636702) can0 12C#835D00000000108A
(1632426876.636703) can0 188#0000000000000E8A
(1632426876.657201) can0 224#00F400000000E249
(1632426876.657202) can0 0D4#04E080409600008B
(1632426876.657202) can0 0A6#0042063A000000CB
(1632426876.677238) can0 0C8#00000000000000C0
(1632426876.677239) can0 12C#835D0000000010C6
(1632426876.677239) can0 188#0000000000000EC6
(1632426876.697733) can0 0D4#04E08040960000C7
(1632426876.697734) can0 1F4#046400057BB00280
(1632426876.697734) can0 0A6#004206360000000B
(1632426876.718322) can0 0C8#0000000000000000
(1632426876.718323) can0 12C#835D000000001002
(1632426876.718323) can0 188#0000000000000E02
(1632426876.738810) can0 0D4#04E0803F96000005
(1632426876.738810) can0 0A6#0042063400000049
(1632426876.738811) can0 0C8#0000000000000040
(1632426876.759276) can0 12C#835D00000000104E
(1632426876.759277) can0 188#0000000000000E4E
(1632426876.759277) can0 0D4#04E0803F96000041
(1632426876.779779) can0 0A6#0042063400000085
(1632426876.779780) can0 0C8#0000000000000080
(1632426876.779780) can0 12C#835D00000000108A
(1632426876.800257) can0 188#0000000000000E8A
(1632426876.800258) can0 0D4#04E080409600008B
(1632426876.800258) can0 0A6#00420632000000C3
(1632426876.820758) can0 0C8#00000000000000C0
(1632426876.820758) can0 12C#835D0000000010C6
(1632426876.820759) can0 188#0000000000000EC6
(1632426876.841330) can0 0D4#04E08040960000C7
(1632426876.841331) can0 1F4#046400057BB002C0
(1632426876.841331) can0 0A6#0042062F00000003
(1632426876.861752) can0 0C8#0000000000000000
(1632426876.861752) can0 12C#835D000000001002
(1632426876.861757) can0 188#0000000000000E02
(1632426876.882334) can0 0D4#04E0803F96000005
(1632426876.882335) can0 0A6#0042062A00000044
(1632426876.882336) can0 0C8#0000000000000040
(1632426876.902365) can0 12C#835D00000000104E
(1632426876.902366) can0 188#0000000000000E4E
(1632426876.902367) can0 0D4#04E0803F96000041
(1632426876.922827) can0 0A6#0042062500000085
(1632426876.922828) can0 0C8#0000000000000080
(1632426876.922828) can0 12C#835D00000000108A
(1632426876.943345) can0 188#0000000000000E8A
(1632426876.943346) can0 0D4#04E080409600008B
(1632426876.943347) can0 0A6#00420625000000C1
(1632426876.963866) can0 0C8#00000000000000C0
(1632426876.984318) can0 12C#835D0000000010C6
(1632426876.984318) can0 188#0000000000000EC6
(1632426876.984319) can0 0D4#04E08040960000C7
(1632426877.004373) can0 1F4#046400057BB00200
(1632426877.004374) can0 0A6#004206250000000D
(1632426877.004374) can0 0C8#0000000000000000
(1632426877.024895) can0 12C#835D000000001002
(1632426877.024896) can0 188#0000000000000E02
(1632426877.024896) can0 224#00F400000000E285
(1632426877.045400) can0 0D4#04E0804492000003
(1632426877.045401) can0 0A6#0042062500000049
(1632426877.045401) can0 0C8#0000000000000040
(1632426877.065890) can0 12C#835D00000000104E
(1632426877.065891) can0 188#0000000000000E4E
(1632426877.065891) can0 0D4#04E080449200004F
(1632426877.086390) can0 0A6#0042062500000085
(1632426877.086391) can0 0C8#0000000000000080
(1632426877.086391) can0 12C#835D00000000108A
(1632426877.106957) can0 188#0000000000000E8A
(1632426877.106957) can0 0D4#04E080449200008B
(1632426877.106958) can0 0A6#00420625000000C1
(1632426877.127435) can0 0C8#00000000000000C0
(1632426877.127435) can0 12C#835D0000000010C6
(1632426877.127435) can0 188#0000000000000EC6
(1632426877.147923) can0 0D4#04E08044920000C7
(1632426877.147924) can0 1F4#046400057BB00240
(1632426877.147924) can0 0A6#0042060000000004
(1632426877.168434) can0 0C8#0000000000000000
(1632426877.168435) can0 12C#835D000000001002
(1632426877.168435) can0 188#0000000000000E02
(1632426877.188977) can0 0D4#04E0804492000003
(1632426877.188978) can0 0A6#0042060000000040
(1632426877.188978) can0 0C8#0000000000000040
(1632426877.209508) can0 12C#835D00000000104E
(1632426877.209509) can0 188#0000000000000E4E
(1632426877.209509) can0 0D4#04E080449200004F
(1632426877.230060) can0 0A6#004206000000008C
(1632426877.230061) can0 0C8#0000000000000080
(1632426877.230062) can0 12C#835D00000000108A
(1632426877.250468) can0 188#0000000000000E8A
(1632426877.250468) can0 0D4#04E080449200008B
(1632426877.250468) can0 0A6#00420605000000C3
(1632426877.271038) can0 0C8#00000000000000C0
(1632426877.271039) can0 12C#835D0000000010C6
(1632426877.271039) can0 188#0000000000000EC6
(1632426877.291696) can0 0D4#04E08044920000C7
(1632426877.291697) can0 1F4#046400057BB00280
(1632426877.291698) can0 0A6#004206080000000C
(1632426877.311976) can0 0C8#0000000000000000
(1632426877.311976) can0 12C#835D000000001002
(1632426877.311977) can0 188#0000000000000E02
(1632426877.332471) can0 0D4#04E0804492000003
(1632426877.332471) can0 0A6#0042060700000049
(1632426877.332471) can0 0C8#0000000000000040
(1632426877.352542) can0 12C#835D00000000104E
(1632426877.352543) can0 188#0000000000000E4E
(1632426877.352543) can0 0D4#04E080449200004F
(1632426877.373072) can0 0A6#0042060700000085
(1632426877.373072) can0 0C8#0000000000000080
(1632426877.373077) can0 12C#835D00000000108A
(1632426877.393122) can0 188#0000000000000E8A
(1632426877.393123) can0 224#00F400000000E2C1
(1632426877.393123) can0 0D4#04E080498D00008C
(1632426877.413145) can0 0A6#00420607000000C1
(1632426877.413146) can0 0C8#00000000000000C0
(1632426877.413146) can0 12C#835D0000000010C6
(1632426877.433638) can0 188#0000000000000EC6
(1632426877.433639) can0 0D4#04E080498D0000C8
(1632426877.433639) can0 1F4#046400057BB002C0
(1632426877.454144) can0 0A6#004206070000000D
(1632426877.454144) can0 0C8#0000000000000000
(1632426877.454145) can0 12C#835D000000001002
(1632426877.474678) can0 188#0000000000000E02
(1632426877.474679) can0 0D4#04E0804492000003
(1632426877.474679) can0 0A6#0042060700000049
(1632426877.495167) can0 0C8#0000000000000040
(1632426877.495167) can0 12C#835D00000000104E
(1632426877.495168) can0 188#0000000000000E4E
(1632426877.515190) can0 0D4#04E080449200004F
(1632426877.515191) can0 0A6#0042060700000085
(1632426877.515191) can0 0C8#0000000000000080
(1632426877.535220) can0 12C#835D00000000108A
(1632426877.535221) can0 188#0000000000000E8A
(1632426877.535221) can0 0D4#04E080449200008B
(1632426877.555264) can0 0A6#00420607000000C1
(1632426877.555265) can0 0C8#00000000000000C0
(1632426877.555265) can0 12C#835D0000000010C6
(1632426877.575507) can0 188#0000000000000EC6
(1632426877.575508) can0 0D4#04E08044920000C7
(1632426877.575508) can0 1F4#046400057BB00200
(1632426877.595657) can0 0A6#004206070000000D
(1632426877.595657) can0 0C8#0000000000000000
(1632426877.595658) can0 12C#835D000000001002
(1632426877.616172) can0 188#0000000000000E02
(1632426877.616173) can0 0D4#04E0804491000004
(1632426877.616173) can0 0A6#0042060700000049
(1632426877.636656) can0 0C8#0000000000000040
(1632426877.636656) can0 12C#835D00000000104E
(1632426877.636657) can0 188#0000000000000E4E
(1632426877.657162) can0 0D4#04E0804491000040
(1632426877.657163) can0 0A6#0042060700000085
(1632426877.657163) can0 0C8#0000000000000080
(1632426877.677864) can0 12C#835D00000000108A
(1632426877.677864) can0 188#0000000000000E8A
(1632426877.677865) can0 0D4#04E080449200008B
(1632426877.698490) can0 0A6#00420607000000C1
(1632426877.698491) can0 0C8#00000000000000C0
(1632426877.698492) can0 12C#835D0000000010C6
(1632426877.718979) can0 188#0000000000000EC6
(1632426877.718979) can0 0D4#04E08044920000C7
(1632426877.718980) can0 1F4#046400057BB00240
(1632426877.739483) can0 0A6#004206070000000D
(1632426877.739484) can0 0C8#0000000000000000
(1632426877.739484) can0 12C#835D000000001002
(1632426877.759570) can0 188#0000000000000E02
(1632426877.759571) can0 224#00F400000000E20D
(1632426877.759571) can0 0D4#04E0804492000003
(1632426877.780070) can0 0A6#0042060700000049
(1632426877.780070) can0 0C8#0000000000000040
(1632426877.780070) can0 12C#835D00000000104E
(1632426877.800562) can0 188#0000000000000E4E
(1632426877.800563) can0 0D4#04E080449200004F
(1632426877.800563) can0 0A6#0042060700000085
(1632426877.821113) can0 0C8#0000000000000080
(1632426877.821113) can0 12C#835D00000000108A
(1632426877.821114) can0 188#0000000000000E8A
(1632426877.841580) can0 0D4#04E080449200008B
(1632426877.841580) can0 0A6#00420606000000C2
(1632426877.841581) can0 0C8#00000000000000C0
(1632426877.861645) can0 12C#835D0000000010C6
(1632426877.861645) can0 188#0000000000000EC6
(1632426877.861645) can0 0D4#04E08044920000C7
(1632426877.882148) can0 1F4#046400057BB00280
(1632426877.882148) can0 0A6#004206060000000E
(1632426877.882149) can0 0C8#0000000000000000
(1632426877.902691) can0 12C#835D000000001002
(1632426877.902692) can0 188#0000000000000E02
(1632426877.902692) can0 0D4#04E0804492000003
(1632426877.923148) can0 0A6#004206060000004A
(1632426877.923148) can0 0C8#0000000000000040
(1632426877.923149) can0 12C#835D00000000104E
(1632426877.943765) can0 188#0000000000000E4E
(1632426877.943767) can0 0D4#04E080449200004F
(1632426877.943768) can0 0A6#0042060600000086
(1632426877.964197) can0 0C8#0000000000000080
(1632426877.964198) can0 12C#835D00000000108A
(1632426877.964199) can0 188#0000000000000E8A
(1632426877.984687) can0 0D4#04E080449200008B
(1632426877.984688) can0 0A6#00420606000000C2
(1632426877.984689) can0 0C8#00000000000000C0
(1632426878.005191) can0 12C#835D0000000010C6
(1632426878.005192) can0 188#0000000000000EC6
(1632426878.005193) can0 0D4#04E08044920000C7
(1632426878.025689) can0 1F4#046400057BB002C0
(1632426878.025689) can0 0A6#004206060000000E
(1632426878.025690) can0 0C8#0000000000000000
(1632426878.045754) can0 12C#835D000000001002
(1632426878.045754) can0 188#0000000000000E02
(1632426878.045755) can0 0D4#04E0804492000003
(1632426878.066216) can0 0A6#004206060000004A
(1632426878.066217) can0 0C8#0000000000000040
(1632426878.066217) can0 12C#835D00000000104E
(1632426878.086768) can0 188#0000000000000E4E
(1632426878.086769) can0 0D4#04E080449200004F
(1632426878.086769) can0 0A6#0042060600000086
(1632426878.107220) can0 0C8#0000000000000080
(1632426878.107220) can0 12C#835D00000000108A
(1632426878.107221) can0 188#0000000000000E8A
(1632426878.127801) can0 224#00F400000000E249
(1632426878.127802) can0 0D4#04E080449200008B
(1632426878.127803) can0 0A6#00420606000000C2
(1632426878.147789) can0 0C8#00000000000000C0
(1632426878.147790) can0 12C#835D0000000010C6
(1632426878.147791) can0 188#0000000000000EC6
(1632426878.168269) can0 0D4#04E0804492000003
(1632426878.168270) can0 0A6#000206060000004E
(1632426878.168270) can0 0C8#0000000000000040
(1632426878.188800) can0 0D4#04E080449200008B
(1632426878.188800) can0 0A6#00020606000000C6
(1632426878.188801) can0 0C8#00000000000000C0
(1632426878.209268) can0 0D4#04E0804492000003
(1632426878.209269) can0 0A6#000206060000004E
(1632426878.209269) can0 0C8#0000000000000040
(1632426878.229768) can0 0D4#04E080449200008B
(1632426878.229769) can0 0A6#00020606000000C6
(1632426878.229769) can0 0C8#00000000000000C0
(1632426878.249803) can0 0D4#04E0804492000003
(1632426878.249804) can0 0A6#000206060000004E
(1632426878.249804) can0 0C8#0000000000000040
(1632426878.270305) can0 0D4#04E080449200008B
(1632426878.270305) can0 0A6#00020606000000C6
(1632426878.270306) can0 0C8#00000000000000C0
(1632426878.290825) can0 0D4#04E0804492000003
(1632426878.290826) can0 0A6#000206060000004E
(1632426878.290826) can0 0C8#0000000000000040
(1632426878.311304) can0 0D4#04E080449200008B
(1632426878.311305) can0 0A6#00020606000000C6
(1632426878.311305) can0 0C8#00000000000000C0
(1632426878.331808) can0 0D4#04E0804492000003
(1632426878.331808) can0 0A6#00020606000000C6
(1632426878.351849) can0 0C8#00000000000000C0
(1632426878.351850) can0 12C#835D0000000010C6
(1632426878.351850) can0 0A6#000206060000004E
(1632426878.372349) can0 0C8#0000000000000040
(1632426878.372350) can0 12C#835D00000000104E
(1632426878.372354) can0 0A6#00020606000000C6
(1632426878.392903) can0 0C8#00000000000000C0
(1632426878.392916) can0 12C#835D0000000010C6
(1632426878.392916) can0 0A6#000206060000004E
(1632426878.413366) can0 0C8#0000000000000040
(1632426878.413367) can0 12C#835D00000000104E
(1632426878.413367) can0 0A6#00020606000000C6
(1632426878.433868) can0 0C8#00000000000000C0
(1632426878.433869) can0 12C#835D0000000010C6
(1632426878.433869) can0 0C8#0000000000000040
(1632426878.453898) can0 12C#835D00000000104E
(1632426878.453898) can0 188#0000000000000E4E
(1632426878.453899) can0 188#0000000000000EC6
(1632426878.474418) can0 064#FFC000F00EFFFFC1
(1632426878.474418) can0 090#03E90000000200C8
(1632426878.474419) can0 064#FFC000F00EFFFF0D
(1632426878.494934) can0 090#03EA000000020003
(1632426878.494934) can0 1C0#0000000000000000
(1632426878.494935) can0 064#FFC000F00EFFFF49
(1632426878.515433) can0 090#03EA00000002004F
(1632426878.515434) can0 1C0#0000000000000000
(1632426878.515434) can0 064#FFC000F00EFFFF85
(1632426878.535914) can0 090#03EA00000002008B
(1632426878.535914) can0 1C0#0000000000000000
(1632426878.535915) can0 064#FFC000F00EFFFFC1
(1632426878.556458) can0 090#03EA0000000200C7
(1632426878.556459) can0 1C0#0000000000000000
(1632426878.556459) can0 064#FFC000F00EFFFF0D
(1632426878.576964) can0 090#03EA000000020003
(1632426878.576964) can0 1C0#0000000000000000
(1632426878.576965) can0 064#FFC000F00EFFFF49
(1632426878.597461) can0 090#03EA00000002004F
(1632426878.597462) can0 1C0#0000000000000000
(1632426878.597462) can0 064#FFC000F00EFFFF85
(1632426878.617964) can0 090#03EA00000002008B
(1632426878.617965) can0 1C0#0000000000000000
(1632426878.617965) can0 064#FFC000F00EFFFFC1
(1632426878.638464) can0 090#03EA0000000200C7
(1632426878.638465) can0 1C0#0000000000000000
(1632426878.638465) can0 064#FFC000F00EFFFF0D
(1632426878.659012) can0 090#03EA000000020003
(1632426878.659012) can0 1C0#0000000000000000
(1632426878.659013) can0 090#03E9000000020040
(1632426878.679493) can0 1C0#0000000000000000
(1632426878.679494) can0 0D4#04E08044920000C7
(1632426878.679495) can0 0D4#04E080449200004F
(1632426878.699973) can0 0A6#000206060000008A
(1632426878.699974) can0 0C8#0000000000000080
(1632426878.699974) can0 0D4#04E08044920000C7
(1632426878.720517) can0 1F4#066400057BB00280
(1632426878.720518) can0 0A6#0002060600000002
(1632426878.720518) can0 0D4#04E080449200004F
(1632426878.741023) can0 0A6#000206060000008A
(1632426878.741024) can0 0C8#0000000000000080
(1632426878.741024) can0 0D4#04E08044920000C7
(1632426878.761511) can0 1F4#066400057BB002C0
(1632426878.761512) can0 0A6#0002060600000002
(1632426878.761512) can0 0A6#000206060000008A
(1632426878.781992) can0 0C8#0000000000000080
(1632426878.781992) can0 12C#835D00000000108A
(1632426878.781993) can0 0D4#04E08044910000C8
(1632426878.802707) can0 1F4#066400057BB00200
(1632426878.802709) can0 0A6#0002060600000002
(1632426878.802710) can0 0D4#04E0804491000040
(1632426878.823005) can0 0A6#000206060000008A
(1632426878.823005) can0 0C8#0000000000000080
(1632426878.823006) can0 0A6#0002060600000002
(1632426878.843514) can0 0C8#0000000000000000
(1632426878.843515) can0 12C#835D000000001002
(1632426878.843515) can0 0A6#000206060000008A
(1632426878.864081) can0 0C8#0000000000000080
(1632426878.864082) can0 12C#835D00000000108A
(1632426878.864083) can0 0A6#0002060600000002
(1632426878.884502) can0 0C8#0000000000000000
(1632426878.884502) can0 12C#835D000000001002
(1632426878.884503) can0 0A6#000206060000008A
(1632426878.905102) can0 0C8#0000000000000080
(1632426878.905104) can0 12C#835D00000000108A
(1632426878.905105) can0 0A6#0002060600000002
(1632426878.925531) can0 0C8#0000000000000000
(1632426878.925532) can0 12C#835D000000001002
(1632426878.925532) can0 0C8#0000000000000080
(1632426878.946025) can0 12C#835D00000000108A
(1632426878.946026) can0 188#0000000000000E8A
(1632426878.946026) can0 0C8#0000000000000000
(1632426878.966588) can0 12C#835D000000001002
(1632426878.966589) can0 188#0000000000000E02
(1632426878.966590) can0 12C#835D00000000108A
(1632426878.987031) can0 188#0000000000000E8A
(1632426878.987032) can0 0D4#04E080409600008B
(1632426878.987032) can0 12C#835D000000001002
(1632426879.007555) can0 188#0000000000000E02
(1632426879.007556) can0 0D4#04E0803F96000005
(1632426879.007568) can0 0D4#04E0803F9600008D
(1632426879.028033) can0 0A6#00020606000000C6
(1632426879.028034) can0 0C8#00000000000000C0
(1632426879.028034) can0 0D4#04E0803F96000005
(1632426879.048603) can0 0A6#000206060000004E
(1632426879.048604) can0 0C8#0000000000000040
(1632426879.048605) can0 0D4#04E080409600008B
(1632426879.069141) can0 0A6#00020606000000C6
(1632426879.069143) can0 0C8#00000000000000C0
(1632426879.069144) can0 0D4#04E0803F96000005
(1632426879.089621) can0 0A6#000206060000004E
(1632426879.089624) can0 0C8#0000000000000040
(1632426879.089625) can0 0D4#04E080409600008B
(1632426879.110054) can0 0A6#00020606000000C6
(1632426879.110055) can0 0C8#00000000000000C0
(1632426879.110055) can0 0D4#04E0803F96000005
(1632426879.130529) can0 0A6#000206060000004E
(1632426879.130530) can0 0C8#0000000000000040
(1632426879.130530) can0 0D4#04E0803F9600008D
(1632426879.151079) can0 0A6#00020606000000C6
(1632426879.151079) can0 0C8#00000000000000C0
(1632426879.151079) can0 0D4#04E0804393000003
(1632426879.171103) can0 0A6#000206060000004E
(1632426879.171104) can0 0C8#0000000000000040
(1632426879.171104) can0 0D4#04E080449200008B
(1632426879.191607) can0 0A6#00020606000000C6
(1632426879.191608) can0 0C8#00000000000000C0
(1632426879.191608) can0 0D4#04E0804491000004
(1632426879.212102) can0 0A6#000206060000004E
(1632426879.212102) can0 0C8#0000000000000040
(1632426879.212103) can0 0D4#04E080449200008B
(1632426879.232602) can0 0A6#00020606000000C6
(1632426879.232603) can0 0C8#00000000000000C0
(1632426879.232603) can0 0D4#04E0804492000003
(1632426879.252685) can0 0A6#000206060000004E
(1632426879.252686) can0 0C8#0000000000000040
(1632426879.252687) can0 0D4#04E080449200008B
(1632426879.273191) can0 0A6#00020606000000C6
(1632426879.273192) can0 0C8#00000000000000C0
(1632426879.273192) can0 0D4#04E0804492000003
(1632426879.293683) can0 0A6#000206060000004E
(1632426879.293684) can0 0C8#0000000000000040
(1632426879.293684) can0 0D4#04E080449200008B
(1632426879.314195) can0 0A6#00020606000000C6
(1632426879.314195) can0 0C8#00000000000000C0
(1632426879.314196) can0 0A6#000206060000004E
(1632426879.334700) can0 0C8#0000000000000040
(1632426879.334701) can0 12C#835D00000000104E
(1632426879.334701) can0 0A6#00020606000000C6
(1632426879.355195) can0 0C8#00000000000000C0
(1632426879.355196) can0 12C#835D0000000010C6
(1632426879.355196) can0 0A6#000206060000004E
(1632426879.375691) can0 0C8#0000000000000040
(1632426879.375696) can0 12C#835D00000000104E
(1632426879.375696) can0 0A6#00020606000000C6
(1632426879.396204) can0 0C8#00000000000000C0
(1632426879.396205) can0 12C#835D0000000010C6
(1632426879.396205) can0 0C8#0000000000000040
(1632426879.416705) can0 12C#835D00000000104E
(1632426879.416706) can0 188#0000000000000E4E
(1632426879.416707) can0 188#0000000000000EC6
(1632426879.437207) can0 064#FFC000F00E0066C1
(1632426879.437208) can0 090#02040000000200CC
(1632426879.437208) can0 188#0000000000000E4E
(1632426879.457308) can0 064#FFC000F00E00660D
(1632426879.457308) can0 090#0204000000020008
(1632426879.457309) can0 064#FFC000F00E006649
(1632426879.477784) can0 090#0204000000020044
(1632426879.477784) can0 1C0#0000000000000000
(1632426879.477784) can0 064#FFC000F00E006685
(1632426879.498330) can0 090#0204000000020080
(1632426879.498331) can0 1C0#0000000000000000
(1632426879.498341) can0 064#FFC000F00E0066C1
(1632426879.518859) can0 090#02040000000200CC
(1632426879.518860) can0 1C0#0000000000000000
(1632426879.518860) can0 064#FFC000F00E00660D
(1632426879.539307) can0 090#0204000000020008
(1632426879.539307) can0 1C0#0000000000000000
(1632426879.539307) can0 064#FFC000F00E006649
(1632426879.559370) can0 090#0204000000020044
(1632426879.559371) can0 1C0#0000000000000000
(1632426879.559372) can0 064#FFC000F00E006685
(1632426879.579897) can0 090#0202000000020082
(1632426879.579898) can0 1C0#0000000000000000
(1632426879.579898) can0 064#FFC000F00E0066C1
(1632426879.600409) can0 090#02040000000200CC
(1632426879.600409) can0 1C0#0000000000000000
(1632426879.600410) can0 064#FFC000F00E00660D
(1632426879.620940) can0 090#0204000000020008
(1632426879.620953) can0 1C0#0000000000000000
(1632426879.620953) can0 064#FFC000F00E006649
(1632426879.641409) can0 090#0202000000020046
(1632426879.641409) can0 1C0#0000000000000000
(1632426879.641410) can0 064#FFC000F00E006685
(1632426879.661905) can0 090#0202000000020082
(1632426879.661906) can0 1C0#0000000000000000
(1632426879.661906) can0 064#FFC000F00E0066C1
(1632426879.682422) can0 090#02040000000200CC
(1632426879.682423) can0 1C0#0000000000000000
(1632426879.682423) can0 064#FFC000F00E00660D
(1632426879.702919) can0 090#020200000002000A
(1632426879.702920) can0 090#0204000000020044
(1632426879.723413) can0 1C0#0000000000000000
(1632426879.723414) can0 0D4#04E08044920000C7
(1632426879.723414) can0 0D4#04E080449200004F
(1632426879.744118) can0 0A6#000206060000008A
(1632426879.744119) can0 0C8#0000000000000080
(1632426879.744119) can0 0D4#04E08044910000C8
(1632426879.764419) can0 1F4#066400057BB00200
(1632426879.764420) can0 0A6#0002060600000002
(1632426879.764421) can0 0D4#04E080449200004F
(1632426879.784956) can0 0A6#000206060000008A
(1632426879.784956) can0 0C8#0000000000000080
(1632426879.784957) can0 0D4#04E08044920000C7
(1632426879.805430) can0 1F4#066400057BB00240
(1632426879.805430) can0 0A6#0002060600000002
(1632426879.805431) can0 0A6#000206060000008A
(1632426879.825936) can0 0C8#0000000000000080
(1632426879.825937) can0 12C#835D00000000108A
(1632426879.825937) can0 0A6#0002060600000002
(1632426879.846430) can0 0C8#0000000000000000
(1632426879.846430) can0 12C#835D000000001002
(1632426879.846431) can0 0A6#000206060000008A
(1632426879.866936) can0 0C8#0000000000000080
(1632426879.866936) can0 12C#835D00000000108A
(1632426879.866936) can0 0A6#0002060600000002
(1632426879.887415) can0 0C8#0000000000000000
(1632426879.887416) can0 12C#835D000000001002
(1632426879.887416) can0 0A6#0002060700000089
(1632426879.907931) can0 0C8#0000000000000080
(1632426879.907931) can0 12C#835D00000000108A
(1632426879.907932) can0 12C#835D000000001002
(1632426879.928435) can0 188#0000000000000E02
(1632426879.928435) can0 0D4#04E0804492000003
(1632426879.928436) can0 224#00F400000000E2C1
(1632426879.948954) can0 0D4#04E080449200008B
(1632426879.948955) can0 0A6#00020615000000C6
(1632426879.948955) can0 0D4#04E080488D000005
(1632426879.969467) can0 0A6#000206140000004F
(1632426879.969468) can0 0C8#0000000000000040
(1632426879.969468) can0 0D4#04E080498D00008C
(1632426879.989947) can0 0A6#00020612000000C9
(1632426879.989947) can0 0C8#00000000000000C0
(1632426879.989948) can0 0D4#04E080488D000005
(1632426880.010451) can0 0A6#0002061200000041
(1632426880.010452) can0 0C8#0000000000000040
(1632426880.010452) can0 0D4#04E080488E00008C
(1632426880.030960) can0 0A6#00020612000000C9
(1632426880.030961) can0 0C8#00000000000000C0
(1632426880.030961) can0 0D4#04E0804492000003
(1632426880.052003) can0 0A6#0002061200000041
(1632426880.052003) can0 0C8#0000000000000040
(1632426880.052003) can0 0D4#04E080449200008B
(1632426880.072087) can0 0A6#00020612000000C9
(1632426880.072088) can0 0C8#00000000000000C0
(1632426880.072088) can0 0D4#04E0804492000003
(1632426880.092070) can0 0A6#0002061200000041
(1632426880.092071) can0 0C8#0000000000000040
(1632426880.092071) can0 0D4#04E080449200008B
(1632426880.112541) can0 0A6#00020612000000C9
(1632426880.112542) can0 0C8#00000000000000C0
(1632426880.112542) can0 0D4#04E0804491000004
(1632426880.134260) can0 0A6#0002061200000041
(1632426880.134261) can0 0C8#0000000000000040
(1632426880.134261) can0 0D4#04E080449200008B
(1632426880.153549) can0 0A6#00020612000000C9
(1632426880.153550) can0 0C8#00000000000000C0
(1632426880.153550) can0 0D4#04E0804492000003
(1632426880.174029) can0 0A6#0002061200000041
(1632426880.174030) can0 0C8#0000000000000040
(1632426880.174030) can0 0D4#04E080449200008B
(1632426880.194526) can0 0A6#00020612000000C9
(1632426880.194527) can0 0C8#00000000000000C0
(1632426880.194527) can0 0D4#04E0804492000003
(1632426880.215057) can0 0A6#0002061200000041
(1632426880.215058) can0 0C8#0000000000000040
(1632426880.215058) can0 0A6#00020612000000C9
(1632426880.235565) can0 0C8#00000000000000C0
(1632426880.235565) can0 12C#835D0000000010C6
(1632426880.235566) can0 0A6#0002061200000041
(1632426880.256059) can0 0C8#0000000000000040
(1632426880.256060) can0 12C#835D00000000104E
(1632426880.256060) can0 0A6#00020612000000C9
(1632426880.276563) can0 0C8#00000000000000C0
(1632426880.276563) can0 12C#835D0000000010C6
(1632426880.276564) can0 0A6#0002061200000041
(1632426880.297067) can0 0C8#0000000000000040
(1632426880.297068) can0 12C#835D00000000104E
(1632426880.297068) can0 0A6#00020612000000C9
(1632426880.317565) can0 0C8#00000000000000C0
(1632426880.317565) can0 12C#835D0000000010C6
(1632426880.317566) can0 12C#835D00000000104E
(1632426880.338075) can0 188#0000000000000E4E
(1632426880.338076) can0 064#FFC000006E006606
(1632426880.338076) can0 064#FFC000006E006642
(1632426880.358585) can0 090#0204000000020044
(1632426880.358586) can0 1C0#0000000000000000
(1632426880.358586) can0 064#FFC000006E00668E
(1632426880.379397) can0 090#0202000000020082
(1632426880.379416) can0 1C0#0000000000000000
(1632426880.379417) can0 064#FFC000006E0066CA
(1632426880.399915) can0 090#02040000000200CC
(1632426880.399916) can0 1C0#0000000000000000
(1632426880.399917) can0 064#FFC000006E006606
(1632426880.420190) can0 090#0204000000020008
(1632426880.420191) can0 1C0#0000000000000000
(1632426880.420192) can0 064#FFC000006E006642
(1632426880.440764) can0 090#0204000000020044
(1632426880.440766) can0 1C0#0000000000000000
(1632426880.440767) can0 064#FFC000006E00668E
(1632426880.461241) can0 090#0202000000020082
(1632426880.461241) can0 1C0#0000000000000000
(1632426880.461242) can0 064#FFC000006E0066CA
(1632426880.481712) can0 090#02040000000200CC
(1632426880.481713) can0 1C0#0000000000000000
(1632426880.481713) can0 064#FFC000006E006606
(1632426880.502228) can0 090#0204000000020008
(1632426880.502229) can0 1C0#0000000000000000
(1632426880.502230) can0 064#FFC000006E006642
(1632426880.522769) can0 090#0204000000020044
(1632426880.522771) can0 1C0#0000000000000000
(1632426880.522772) can0 064#FFC000006E00668E
(1632426880.543462) can0 090#0204000000020080
(1632426880.543464) can0 1C0#0000000000000000
(1632426880.543466) can0 064#FFC000006E0066CA
(1632426880.563790) can0 090#02040000000200CC
(1632426880.563791) can0 1C0#0000000000000000
(1632426880.563793) can0 064#FFC000006E006606
(1632426880.584445) can0 090#0204000000020008
(1632426880.584447) can0 1C0#0000000000000000
(1632426880.584448) can0 090#0202000000020046
(1632426880.604531) can0 1C0#0000000000000000
(1632426880.604533) can0 0D4#04E08043930000C7
(1632426880.604535) can0 0D4#04E080409600004F
(1632426880.624870) can0 0A6#000206120000008D
(1632426880.624872) can0 0C8#0000000000000080
(1632426880.624874) can0 0D4#04E0803F960000C9
(1632426880.646232) can0 1F4#046400057BB00280
(1632426880.646233) can0 0A6#0002061200000005
(1632426880.646234) can0 0D4#04E0803F96000041
(1632426880.665917) can0 0A6#000206120000008D
(1632426880.665919) can0 0C8#0000000000000080
(1632426880.665921) can0 1F4#046400057BB002C0
(1632426880.686321) can0 0A6#0002061200000005
(1632426880.686322) can0 0C8#0000000000000000
(1632426880.686323) can0 0A6#000206120000008D
(1632426880.706428) can0 0C8#0000000000000080
(1632426880.706429) can0 12C#835D00000000108A
(1632426880.706430) can0 0A6#0002061200000005
(1632426880.727131) can0 0C8#0000000000000000
(1632426880.727133) can0 12C#835D000000001002
(1632426880.727135) can0 0A6#000206120000008D
(1632426880.747378) can0 0C8#0000000000000080
(1632426880.747379) can0 12C#835D00000000108A
(1632426880.747380) can0 0C8#0000000000000000
(1632426880.767896) can0 12C#835D000000001002
(1632426880.767897) can0 188#0000000000000E02
(1632426880.767898) can0 188#0000000000000E8A
(1632426880.788362) can0 0D4#04E080449100008C
(1632426880.788363) can0 0A6#00020612000000C9
(1632426880.788364) can0 0D4#04E0804492000003
(1632426880.809008) can0 0A6#0002061200000041
(1632426880.809009) can0 0C8#0000000000000040
(1632426880.809010) can0 0D4#04E080439300008B
(1632426880.829601) can0 0A6#00020612000000C9
(1632426880.829603) can0 0C8#00000000000000C0
(1632426880.829605) can0 0D4#04E0804293000004
(1632426880.849891) can0 0A6#0002061200000041
(1632426880.849891) can0 0C8#0000000000000040
(1632426880.849892) can0 0D4#04E080449200008B
(1632426880.870437) can0 0A6#00020612000000C9
(1632426880.870438) can0 0C8#00000000000000C0
(1632426880.870445) can0 0D4#04E0804492000003
(1632426880.890960) can0 0A6#0002061200000041
(1632426880.890961) can0 0C8#0000000000000040
(1632426880.890962) can0 0D4#04E080449200008B
(1632426880.911186) can0 0A6#00020612000000C9
(1632426880.911187) can0 0C8#00000000000000C0
(1632426880.911188) can0 0D4#04E0804492000003
(1632426880.931680) can0 0A6#0002061200000041
(1632426880.931681) can0 0C8#0000000000000040
(1632426880.931682) can0 0D4#04E080449200008B
(1632426880.952144) can0 0A6#00020612000000C9
(1632426880.952145) can0 0C8#00000000000000C0
(1632426880.952146) can0 0D4#04E0804492000003
(1632426880.972711) can0 0A6#0002061200000041
(1632426880.972712) can0 0C8#0000000000000040
(1632426880.972713) can0 0D4#04E080449200008B
(1632426880.993209) can0 0A6#00020612000000C9
(1632426880.993210) can0 0C8#00000000000000C0
(1632426880.993211) can0 0D4#04E0804492000003
(1632426881.013690) can0 0A6#0002061200000041
(1632426881.013692) can0 0C8#0000000000000040
(1632426881.013692) can0 0D4#04E080449200008B
(1632426881.034196) can0 0A6#00020612000000C9
(1632426881.034197) can0 0C8#00000000000000C0
(1632426881.034198) can0 0D4#04E0804492000003
(1632426881.054715) can0 0A6#0002061200000041
(1632426881.054716) can0 0C8#0000000000000040
(1632426881.054717) can0 0D4#04E080449200008B
(1632426881.075234) can0 0A6#00020612000000C9
(1632426881.075235) can0 0D4#04E0804491000004
(1632426881.095702) can0 0A6#0002061200000041
(1632426881.095703) can0 0C8#0000000000000040
(1632426881.095703) can0 0D4#04E080449200008B
(1632426881.116191) can0 0A6#00020612000000C9
(1632426881.116192) can0 0C8#00000000000000C0
(1632426881.116192) can0 0A6#0002061200000041
(1632426881.136747) can0 0C8#0000000000000040
(1632426881.136748) can0 12C#835D00000000104E
(1632426881.136748) can0 0A6#00020612000000C9
(1632426881.156827) can0 0C8#00000000000000C0
(1632426881.156828) can0 12C#835D0000000010C6
(1632426881.156828) can0 0A6#0002061200000041
(1632426881.177347) can0 0C8#0000000000000040
(1632426881.177348) can0 12C#835D00000000104E
(1632426881.177348) can0 0A6#00020612000000C9
(1632426881.198011) can0 0C8#00000000000000C0
(1632426881.198012) can0 12C#835D0000000010C6
(1632426881.198013) can0 12C#835D00000000104E
(1632426881.218033) can0 188#0000000000000E4E
(1632426881.218034) can0 064#FFC000006E006606
(1632426881.218035) can0 064#FFC000006E006642
(1632426881.238570) can0 090#0204000000020044
(1632426881.238571) can0 1C0#0000000000000000
(1632426881.238572) can0 064#FFC000006E00668E
(1632426881.259166) can0 090#0204000000020080
(1632426881.259167) can0 1C0#0000000000000000
(1632426881.259168) can0 064#FFC000006E0066CA
(1632426881.279630) can0 090#02040000000200CC
(1632426881.279631) can0 1C0#0000000000000000
(1632426881.279632) can0 064#FFC000006E006606
(1632426881.300075) can0 090#0204000000020008
(1632426881.300076) can0 1C0#0000000000000000
(1632426881.300077) can0 064#FFC000006E006642
(1632426881.320624) can0 090#0204000000020044
(1632426881.320626) can0 1C0#0000000000000000
(1632426881.320626) can0 064#FFC000006E00668E
(1632426881.341115) can0 090#0204000000020080
(1632426881.341116) can0 1C0#0000000000000000
(1632426881.341117) can0 064#FFC000006E0066CA
(1632426881.361703) can0 090#02040000000200CC
(1632426881.361704) can0 1C0#0000000000000000
(1632426881.361705) can0 064#FFC000006E006606
(1632426881.381634) can0 090#0204000000020008
(1632426881.381643) can0 1C0#0000000000000000
(1632426881.381644) can0 064#FFC000006E006642
(1632426881.401653) can0 090#0204000000020044
(1632426881.401654) can0 1C0#0000000000000000
(1632426881.401654) can0 064#FFC000006E00668E
(1632426881.421710) can0 090#0204000000020080
(1632426881.421711) can0 1C0#0000000000000000
(1632426881.421712) can0 064#FFC000006E0066CA
(1632426881.442754) can0 090#02040000000200CC
(1632426881.442755) can0 1C0#0000000000000000
(1632426881.442755) can0 064#FFC000006E006606
(1632426881.462778) can0 090#0204000000020008
(1632426881.462779) can0 1C0#0000000000000000
(1632426881.462780) can0 1C0#0000000000000000
(1632426881.483298) can0 0D4#04E08044920000C7
(1632426881.483299) can0 1F4#046400057BB002C0
(1632426881.483300) can0 1C0#0000000000000000
(1632426881.503795) can0 0D4#04E080449200004F
(1632426881.503796) can0 0A6#000206120000008D
(1632426881.503797) can0 0D4#04E08044920000C7
(1632426881.524288) can0 1F4#046400057BB00200
(1632426881.524289) can0 0A6#0002061200000005
(1632426881.524289) can0 0D4#04E080449200004F
(1632426881.544337) can0 0A6#000206120000008D
(1632426881.544338) can0 0C8#0000000000000080
(1632426881.544339) can0 0A6#0002061200000005
(1632426881.564368) can0 0C8#0000000000000000
(1632426881.564368) can0 12C#835D000000001002
(1632426881.564369) can0 0A6#000206120000008D
(1632426881.584426) can0 0C8#0000000000000080
(1632426881.584427) can0 12C#835D00000000108A
(1632426881.584428) can0 0A6#0002061200000005
(1632426881.604442) can0 0C8#0000000000000000
(1632426881.604443) can0 12C#835D000000001002
(1632426881.604444) can0 0C8#0000000000000080
(1632426881.624525) can0 12C#835D00000000108A
(1632426881.624526) can0 188#0000000000000E8A
(1632426881.624527) can0 188#0000000000000E02
(1632426881.644630) can0 224#00F400000000E20D
(1632426881.644631) can0 0D4#04E0804492000003
(1632426881.644632) can0 0D4#04E080449200008B
(1632426881.665335) can0 0A6#00020612000000C9
(1632426881.665336) can0 0C8#00000000000000C0
(1632426881.665336) can0 0D4#04E0804492000003
(1632426881.685266) can0 0A6#0002061200000041
(1632426881.685267) can0 0C8#0000000000000040
(1632426881.685268) can0 0D4#04E080449200008B
(1632426881.705971) can0 0A6#00020612000000C9
(1632426881.705972) can0 0C8#00000000000000C0
(1632426881.705972) can0 0D4#04E0804492000003
(1632426881.726545) can0 0A6#0002061200000041
(1632426881.726546) can0 0C8#0000000000000040
(1632426881.726547) can0 0D4#04E080449200008B
(1632426881.747097) can0 0A6#00020612000000C9
(1632426881.747098) can0 0C8#00000000000000C0
(1632426881.747099) can0 0D4#04E0804491000004
(1632426881.768349) can0 0A6#0002061200000041
(1632426881.768350) can0 0C8#0000000000000040
(1632426881.768351) can0 0D4#04E080449200008B
(1632426881.787894) can0 0A6#00020612000000C9
(1632426881.787895) can0 0C8#00000000000000C0
(1632426881.787895) can0 0D4#04E0804492000003
(1632426881.808374) can0 0A6#0002061200000041
(1632426881.808375) can0 0C8#0000000000000040
(1632426881.808376) can0 0D4#04E080449200008B
(1632426881.828989) can0 0A6#00020612000000C9
(1632426881.828991) can0 0C8#00000000000000C0
(1632426881.828991) can0 0D4#04E0804492000003
(1632426881.849443) can0 0A6#0002061200000041
(1632426881.849444) can0 0C8#0000000000000040
(1632426881.849445) can0 0D4#04E080449200008B
(1632426881.869864) can0 0A6#00020612000000C9
(1632426881.869865) can0 0C8#00000000000000C0
(1632426881.869870) can0 0D4#04E0804492000003
(1632426881.890369) can0 0A6#0002061200000041
(1632426881.890370) can0 0C8#0000000000000040
(1632426881.890370) can0 0D4#04E080449100008C
(1632426881.910877) can0 0A6#00020612000000C9
(1632426881.910877) can0 0C8#00000000000000C0
(1632426881.910878) can0 0D4#04E0804492000003
(1632426881.931396) can0 0A6#0002061200000041
(1632426881.931397) can0 0C8#0000000000000040
(1632426881.931397) can0 0A6#00020612000000C9
(1632426881.951896) can0 0C8#00000000000000C0
(1632426881.951897) can0 12C#835D0000000010C6
(1632426881.951897) can0 0A6#0002061200000041
(1632426881.972379) can0 0C8#0000000000000040
(1632426881.972379) can0 12C#835D00000000104E
(1632426881.972382) can0 0A6#00020612000000C9
(1632426881.992935) can0 0C8#00000000000000C0
(1632426881.992936) can0 12C#835D0000000010C6
(1632426881.992937) can0 0A6#0002061200000041
(1632426882.013397) can0 0C8#0000000000000040
(1632426882.013398) can0 12C#835D00000000104E
(1632426882.013398) can0 0A6#00020612000000C9
(1632426882.033875) can0 0C8#00000000000000C0
(1632426882.033875) can0 12C#835D0000000010C6
(1632426882.033875) can0 12C#835D00000000104E
(1632426882.054387) can0 188#0000000000000E4E
(1632426882.054387) can0 064#FFC000006E00668E
(1632426882.054388) can0 064#FFC000006E0066CA
(1632426882.074936) can0 090#02040000000200CC
(1632426882.074937) can0 1C0#0000000000000000
(1632426882.074949) can0 064#FFC000006E006606
(1632426882.095405) can0 090#020200000002000A
(1632426882.095406) can0 1C0#0000000000000000
(1632426882.095406) can0 064#FFC000006E006642
(1632426882.115900) can0 090#0204000000020044
(1632426882.115900) can0 1C0#0000000000000000
(1632426882.115901) can0 064#FFC000006E00668E
(1632426882.136421) can0 090#0204000000020080
(1632426882.136422) can0 1C0#0000000000000000
(1632426882.136422) can0 064#FFC000006E0066CA
(1632426882.156947) can0 090#02020000000200CE
(1632426882.156948) can0 1C0#0000000000000000
(1632426882.156948) can0 064#FFC000006E006606
(1632426882.177419) can0 090#020200000002000A
(1632426882.177420) can0 1C0#0000000000000000
(1632426882.177420) can0 064#FFC000006E006642
(1632426882.197914) can0 090#0204000000020044
(1632426882.197915) can0 1C0#0000000000000000
(1632426882.197915) can0 064#FFC000006E00668E
(1632426882.218518) can0 090#0202000000020082
(1632426882.218518) can0 1C0#0000000000000000
(1632426882.218519) can0 064#FFC000006E0066CA
(1632426882.239009) can0 090#02040000000200CC
(1632426882.239009) can0 1C0#0000000000000000
(1632426882.239010) can0 064#FFC000006E006606
(1632426882.259498) can0 090#0204000000020008
(1632426882.259499) can0 1C0#0000000000000000
(1632426882.259500) can0 064#FFC000006E006642
(1632426882.280083) can0 090#0204000000020044
(1632426882.280084) can0 1C0#0000000000000000
(1632426882.280084) can0 064#FFC000006E00668E
(1632426882.300509) can0 090#0204000000020080
(1632426882.300510) can0 1C0#0000000000000000
(1632426882.300510) can0 064#FFC000006E0066CA
(1632426882.320990) can0 090#02040000000200CC
(1632426882.320991) can0 1C0#0000000000000000
(1632426882.320991) can0 064#FFC000006E006606
(1632426882.341490) can0 090#0204000000020008
(1632426882.341491) can0 1C0#0000000000000000
(1632426882.341491) can0 090#0204000000020044
(1632426882.362012) can0 1C0#0000000000000000
(1632426882.362013) can0 0D4#04E0803F960000C9
(1632426882.362013) can0 0D4#04E0803F96000041
(1632426882.382546) can0 0A6#000206120000008D
(1632426882.382547) can0 0C8#0000000000000080
(1632426882.382547) can0 1F4#046400057BB00280
(1632426882.383535) can0 0A6#0002061200000005
(1632426882.383535) can0 0C8#0000000000000000
(1632426882.383535) can0 0A6#000206120000008D
(1632426882.402654) can0 0C8#0000000000000080
(1632426882.402655) can0 12C#835D00000000108A
(1632426882.402656) can0 0A6#0002061200000005
(1632426882.423232) can0 0C8#0000000000000000
(1632426882.423233) can0 0A6#000206120000008D
(1632426882.443625) can0 0C8#0000000000000080
(1632426882.443626) can0 12C#835D00000000108A
(1632426882.443626) can0 0C8#0000000000000000
(1632426882.464101) can0 12C#835D000000001002
(1632426882.464102) can0 188#0000000000000E02
(1632426882.464102) can0 188#0000000000000E8A
(1632426882.484614) can0 0D4#04E0803F9600008D
(1632426882.484615) can0 0A6#00020612000000C9
(1632426882.484615) can0 0D4#04E0803F96000005
(1632426882.504645) can0 0A6#0002061200000041
(1632426882.504646) can0 0C8#0000000000000040
(1632426882.504646) can0 0D4#04E080409600008B
(1632426882.525147) can0 0A6#00020612000000C9
(1632426882.525148) can0 0C8#00000000000000C0
(1632426882.525148) can0 0D4#04E0804096000003
(1632426882.545643) can0 0A6#0002061200000041
(1632426882.545643) can0 0C8#0000000000000040
(1632426882.545644) can0 0D4#04E080409600008B
(1632426882.566214) can0 0A6#00020612000000C9
(1632426882.566215) can0 0C8#00000000000000C0
(1632426882.566215) can0 0D4#04E0803F96000005
(1632426882.586725) can0 0A6#0002061200000041
(1632426882.586726) can0 0C8#0000000000000040
(1632426882.586727) can0 0D4#04E0803F9600008D
(1632426882.606774) can0 0A6#00020612000000C9
(1632426882.606775) can0 0C8#00000000000000C0
(1632426882.606776) can0 0D4#04E0804096000003
(1632426882.627256) can0 0A6#0002061200000041
(1632426882.627256) can0 0C8#0000000000000040
(1632426882.627257) can0 0D4#04E0803F9600008D
(1632426882.647731) can0 0A6#00020612000000C9
(1632426882.647732) can0 0C8#00000000000000C0
(1632426882.647732) can0 0D4#04E0803F96000005
(1632426882.668206) can0 0A6#0002061200000041
(1632426882.668206) can0 0C8#0000000000000040
(1632426882.668207) can0 0D4#04E080439300008B
(1632426882.688814) can0 0A6#00020612000000C9
(1632426882.688815) can0 0C8#00000000000000C0
(1632426882.688816) can0 0D4#04E0804491000004
(1632426882.708792) can0 0A6#0002061200000041
(1632426882.708792) can0 0C8#0000000000000040
(1632426882.708793) can0 0D4#04E080449200008B
(1632426882.729379) can0 0A6#00020612000000C9
(1632426882.729380) can0 0C8#00000000000000C0
(1632426882.729381) can0 0D4#04E0804491000004
(1632426882.749782) can0 0A6#0002061200000041
(1632426882.749783) can0 0C8#0000000000000040
(1632426882.749784) can0 0D4#04E080449100008C
(1632426882.770274) can0 0A6#00020612000000C9
(1632426882.770275) can0 0C8#00000000000000C0
(1632426882.770275) can0 0D4#04E080488D000005
(1632426882.790773) can0 0A6#0002061200000041
(1632426882.790773) can0 0C8#0000000000000040
(1632426882.790773) can0 0D4#04E080488D00008D
(1632426882.810821) can0 0A6#00020612000000C9
(1632426882.810822) can0 0C8#00000000000000C0
(1632426882.810822) can0 0D4#04E080498D000004
(1632426882.831307) can0 0A6#0002061200000041
(1632426882.831308) can0 0C8#0000000000000040
(1632426882.831308) can0 0D4#04E080488D00008D
(1632426882.851805) can0 0A6#00020612000000C9
(1632426882.851806) can0 0C8#00000000000000C0
(1632426882.851811) can0 0A6#0002061200000041
(1632426882.872350) can0 0C8#0000000000000040
(1632426882.872353) can0 12C#835D00000000104E
(1632426882.872353) can0 0A6#00020612000000C9
(1632426882.892859) can0 0C8#00000000000000C0
(1632426882.892860) can0 12C#835D0000000010C6
(1632426882.892860) can0 0A6#0002061200000041
(1632426882.913082) can0 0C8#0000000000000040
(1632426882.913084) can0 12C#835D00000000104E
(1632426882.913086) can0 0A6#00020612000000C9
(1632426882.933592) can0 0C8#00000000000000C0
(1632426882.933594) can0 12C#835D0000000010C6
(1632426882.933595) can0 0A6#0002061200000041
(1632426882.953884) can0 0C8#0000000000000040
(1632426882.953884) can0 12C#835D00000000104E
(1632426882.953884) can0 0A6#0002060E000000CE
(1632426882.974403) can0 0C8#00000000000000C0
(1632426882.974403) can0 12C#835D0000000010C6
(1632426882.974404) can0 0A6#000206090000004B
(1632426882.994458) can0 0C8#0000000000000040
(1632426882.994459) can0 12C#835D00000000104E
(1632426882.994459) can0 0A6#00020607000000C5
(1632426883.015029) can0 0C8#00000000000000C0
(1632426883.015029) can0 12C#835D0000000010C6
(1632426883.015030) can0 0A6#000206060000004E
(1632426883.035474) can0 0C8#0000000000000040
(1632426883.035474) can0 12C#835D00000000104E
(1632426883.035475) can0 12C#835D0000000010C6
(1632426883.055987) can0 188#0000000000000EC6
(1632426883.055988) can0 064#FFC000006E006642
(1632426883.055988) can0 12C#835D00000000104E
(1632426883.077489) can0 188#0000000000000E4E
(1632426883.077489) can0 064#FFC000006E00668E
(1632426883.077490) can0 064#FFC000006E0066CA
(1632426883.096542) can0 090#02040000000200CC
(1632426883.096542) can0 1C0#0000000000000000
(1632426883.096543) can0 064#FFC000006E006606
(1632426883.117095) can0 090#0204000000020008
(1632426883.117096) can0 1C0#0000000000000000
(1632426883.117097) can0 064#FFC000006E006642
(1632426883.137562) can0 090#0204000000020044
(1632426883.137563) can0 1C0#0000000000000000
(1632426883.137563) can0 064#FFC000006E00668E
(1632426883.158109) can0 090#0204000000020080
(1632426883.158110) can0 1C0#0000000000000000
(1632426883.158110) can0 064#FFC000006E0066CA
(1632426883.178576) can0 090#02040000000200CC
(1632426883.178577) can0 1C0#0000000000000000
(1632426883.178577) can0 064#FFC000006E006606
(1632426883.199104) can0 090#0204000000020008
(1632426883.199104) can0 1C0#0000000000000000
(1632426883.199105) can0 064#FFC000006E006642
(1632426883.219605) can0 090#0204000000020044
(1632426883.219605) can0 1C0#0000000000000000
(1632426883.219606) can0 064#FFC000006E00668E
(1632426883.240122) can0 090#0204000000020080
(1632426883.240123) can0 1C0#0000000000000000
(1632426883.240123) can0 064#FFC000006E0066CA
(1632426883.260576) can0 090#02020000000200CE
(1632426883.260577) can0 1C0#0000000000000000
(1632426883.260577) can0 064#FFC000006E006606
(1632426883.281092) can0 090#020200000002000A
(1632426883.281092) can0 1C0#0000000000000000
(1632426883.281092) can0 064#FFC000006E006642
(1632426883.301589) can0 090#0202000000020046
(1632426883.301590) can0 1C0#0000000000000000
(1632426883.301590) can0 064#FFC000006E00668E
(1632426883.322085) can0 090#0204000000020080
(1632426883.322086) can0 1C0#0000000000000000
(1632426883.322086) can0 064#FFC000006E0066CA
(1632426883.342588) can0 090#02040000000200CC
(1632426883.342589) can0 1C0#0000000000000000
(1632426883.342589) can0 1C0#0000000000000000
(1632426883.363093) can0 0D4#04E000488D000049
(1632426883.363094) can0 0A6#000206060000008A
(1632426883.363094) can0 0D4#04E000488D0000C1
(1632426883.383600) can0 1F4#046400057BB002C0
(1632426883.383600) can0 0A6#0002060600000002
(1632426883.383601) can0 0A6#000206060000008A
(1632426883.404094) can0 0C8#0000000000000080
(1632426883.404094) can0 12C#835D000000EB0082
(1632426883.404095) can0 0A6#0002060600000002
(1632426883.424595) can0 0C8#0000000000000000
(1632426883.424595) can0 12C#835D000000EB000A
(1632426883.424596) can0 0A6#000206060000008A
(1632426883.445117) can0 0C8#0000000000000080
(1632426883.445117) can0 12C#845D000000EB0081
(1632426883.445118) can0 0C8#0000000000000000
(1632426883.465670) can0 12C#845D000000EB0009
(1632426883.465671) can0 188#0000000000000E02
(1632426883.465671) can0 12C#845D000000ED008F
(1632426883.486162) can0 188#0000000000000E8A
(1632426883.486163) can0 0D4#04E000488D000085
(1632426883.486164) can0 0D4#04E000488D00000D
(1632426883.506736) can0 0A6#000206060000004E
(1632426883.506737) can0 0C8#0000000000000040
(1632426883.506738) can0 0D4#04E0004492000083
(1632426883.527150) can0 0A6#00020606000000C6
(1632426883.527151) can0 0C8#00000000000000C0
(1632426883.527151) can0 0D4#04E000449100000C
(1632426883.547622) can0 0A6#000206060000004E
(1632426883.547623) can0 0C8#0000000000000040
(1632426883.547623) can0 0D4#04E0004492000083
(1632426883.568115) can0 0A6#00020606000000C6
(1632426883.568116) can0 0C8#00000000000000C0
(1632426883.568116) can0 0D4#04E000409600000B
(1632426883.588678) can0 0A6#000206060000004E
(1632426883.588679) can0 0C8#0000000000000040
(1632426883.588679) can0 0D4#04E0003F96000085
(1632426883.614991) can0 0A6#00020606000000C6
(1632426883.614992) can0 0C8#00000000000000C0
(1632426883.614992) can0 0D4#04E000409500000C
(1632426883.629629) can0 0A6#000206060000004E
(1632426883.629630) can0 0C8#0000000000000040
(1632426883.629630) can0 0D4#04E0003F96000085
(1632426883.650186) can0 0A6#00020606000000C6
(1632426883.650187) can0 0C8#00000000000000C0
(1632426883.650187) can0 0D4#04E000409600000B
(1632426883.670630) can0 0A6#000206060000004E
(1632426883.670630) can0 0C8#0000000000000040
(1632426883.670631) can0 0D4#04E0004096000083
(1632426883.691160) can0 0A6#00000606000000C8
(1632426883.691160) can0 0C8#00000000000000C0
(1632426883.691161) can0 0D4#04E000409600000B
(1632426883.711644) can0 0A6#0000060600000040
(1632426883.711645) can0 0C8#0000000000000040
(1632426883.711645) can0 0D4#04E0004096000083
(1632426883.732145) can0 0A6#00000606000000C8
(1632426883.732146) can0 0C8#00000000000000C0
(1632426883.732146) can0 0D4#04E0003F9600000D
(1632426883.752636) can0 0A6#0000060600000040
(1632426883.752637) can0 0C8#0000000000000040
(1632426883.752637) can0 0D4#04E0003F96000085
(1632426883.773156) can0 0A6#00000706000000C7
(1632426883.773157) can0 0C8#00000000000000C0
(1632426883.773157) can0 12C#845D0000033000C0
(1632426883.793652) can0 188#0000000000000EC6
(1632426883.793653) can0 0D4#04E000409600000B
(1632426883.814195) can0 0A6#000007060000004F
(1632426883.814196) can0 0C8#0000000000000040
(1632426883.814196) can0 0A6#00000706000000C7
(1632426883.834708) can0 0C8#00000000000000C0
(1632426883.834708) can0 12C#845D000003B300C5
(1632426883.834709) can0 0A6#000007060000004F
(1632426883.855168) can0 0C8#0000000000000040
(1632426883.855168) can0 12C#845D000003B3004D
(1632426883.855173) can0 0A6#00000706000000C7
(1632426883.875707) can0 0C8#00000000000000C0
(1632426883.875707) can0 12C#845D000003B900CF
(1632426883.875707) can0 0A6#000007060000004F
(1632426883.896149) can0 0C8#0000000000000040
(1632426883.896149) can0 12C#845D000003CC0043
(1632426883.896150) can0 0A6#00000706000000C7
(1632426883.916251) can0 0C8#00000000000000C0
(1632426883.916252) can0 12C#845D000003CC00CB
(1632426883.916252) can0 12C#845D000003E1004C
(1632426883.936410) can0 188#0000000000000E4E
(1632426883.936411) can0 064#FFC000006E006606
(1632426883.936411) can0 064#FFC000006E006642
(1632426883.956452) can0 090#0204000000020044
(1632426883.956452) can0 1C0#0000000000000000
(1632426883.956453) can0 064#FFC000006E00668E
(1632426883.976572) can0 090#0204000000020080
(1632426883.976573) can0 1C0#0000000000000000
(1632426883.976573) can0 064#FFC000006E0066CA
(1632426883.996666) can0 090#02040000000200CC
(1632426883.996666) can0 1C0#0000000000000000
(1632426883.996667) can0 064#FFC000006E006606
(1632426884.017170) can0 090#0204000000020008
(1632426884.017171) can0 1C0#0000000000000000
(1632426884.017171) can0 064#FFC000006E006642
(1632426884.037260) can0 090#0202000000020046
(1632426884.037260) can0 1C0#0000000000000000
(1632426884.037261) can0 064#FFC000006E00668E
(1632426884.058214) can0 090#0202000000020082
(1632426884.058215) can0 1C0#0000000000000000
(1632426884.058215) can0 064#FFC000006E0066CA
(1632426884.078352) can0 090#02020000000200CE
(1632426884.078353) can0 1C0#0000000000000000
(1632426884.078354) can0 064#FFC000006E006606
(1632426884.098365) can0 090#0204000000020008
(1632426884.098366) can0 1C0#0000000000000000
(1632426884.098367) can0 064#FFC000006E006642
(1632426884.118943) can0 090#0202000000020046
(1632426884.118945) can0 1C0#0000000000000000
(1632426884.118945) can0 064#FFC000006E00668E
(1632426884.139971) can0 090#0204000000020080
(1632426884.139972) can0 1C0#0000000000000000
(1632426884.139973) can0 064#FFC000006E0066CA
(1632426884.159958) can0 090#02020000000200CE
(1632426884.159959) can0 1C0#0000000000000000
(1632426884.159960) can0 064#FFC000006E006606
(1632426884.180442) can0 090#0204000000020008
(1632426884.180443) can0 1C0#0000000000000000
(1632426884.180444) can0 064#FFC000006E006642
(1632426884.200894) can0 090#0204000000020044
(1632426884.200895) can0 1C0#0000000000000000
(1632426884.200895) can0 064#FFC000006E00668E
(1632426884.221395) can0 090#0204000000020080
(1632426884.221396) can0 1C0#0000000000000000
(1632426884.221396) can0 064#FFC000006E0066CA
(1632426884.241881) can0 090#02040000000200CC
(1632426884.241882) can0 1C0#0000000000000000
(1632426884.241882) can0 064#FFC000006E006606
(1632426884.262378) can0 090#0204000000020008
(1632426884.262379) can0 1C0#0000000000000000
(1632426884.262379) can0 090#0204000000020044
(1632426884.282879) can0 1C0#0000000000000000
(1632426884.282880) can0 0D4#04E00044920000CF
(1632426884.282880) can0 0D4#04E0004492000047
(1632426884.303405) can0 0A6#000007070000008A
(1632426884.303406) can0 0C8#0000000000000080
(1632426884.303406) can0 0D4#04E00044920000CF
(1632426884.323893) can0 1F4#046400057BB00280
(1632426884.323893) can0 0A6#0000070700000002
(1632426884.323894) can0 0A6#000007070000008A
(1632426884.344395) can0 0C8#0000000000000080
(1632426884.344396) can0 12C#845D000004200084
(1632426884.344396) can0 0A6#0000070700000002
(1632426884.364900) can0 0C8#0000000000000000
(1632426884.364900) can0 12C#845D00000420000C
(1632426884.364901) can0 0A6#000007070000008A
(1632426884.385447) can0 0C8#0000000000000080
(1632426884.385447) can0 12C#845D0000041F0086
(1632426884.385447) can0 0A6#0000070700000002
(1632426884.405903) can0 0C8#0000000000000000
(1632426884.405904) can0 12C#845D0000041F000E
(1632426884.405904) can0 0C8#0000000000000080
(1632426884.426105) can0 12C#845D0000041C0089
(1632426884.426106) can0 188#0000000000000E8A
(1632426884.426106) can0 188#0000000000000E02
(1632426884.446612) can0 224#00F400080000E007
(1632426884.446613) can0 0D4#04E000449200000B
(1632426884.446613) can0 0D4#04E0004492000083
(1632426884.467121) can0 0A6#00000707000000C6
(1632426884.467122) can0 0C8#00000000000000C0
(1632426884.467122) can0 0D4#04E000449200000B
(1632426884.487622) can0 0A6#000007070000004E
(1632426884.487622) can0 0C8#0000000000000040
(1632426884.487623) can0 0D4#04E0004492000083
(1632426884.508127) can0 0A6#00000707000000C6
(1632426884.508128) can0 0C8#00000000000000C0
(1632426884.508128) can0 0D4#04E000449100000C
(1632426884.528680) can0 0A6#000007070000004E
(1632426884.528680) can0 0C8#0000000000000040
(1632426884.528681) can0 0D4#04E0004492000083
(1632426884.549158) can0 0A6#00000707000000C6
(1632426884.549159) can0 0C8#00000000000000C0
(1632426884.549159) can0 0D4#04E000449200000B
(1632426884.569661) can0 0A6#000007070000004E
(1632426884.569662) can0 0C8#0000000000000040
(1632426884.569662) can0 0D4#04E000488D000085
(1632426884.590355) can0 0A6#00000707000000C6
(1632426884.590357) can0 0C8#00000000000000C0
(1632426884.590358) can0 0D4#04E000498D00000C
(1632426884.610668) can0 0A6#000007070000004E
(1632426884.610668) can0 0C8#0000000000000040
(1632426884.610669) can0 0D4#04E000498D000084
(1632426884.630735) can0 0A6#00000707000000C6
(1632426884.630735) can0 0C8#00000000000000C0
(1632426884.630736) can0 0D4#04E000488D00000D
(1632426884.651338) can0 0A6#000007070000004E
(1632426884.651339) can0 0C8#0000000000000040
(1632426884.651340) can0 0D4#04E000488D000085
(1632426884.671743) can0 0A6#00000707000000C6
(1632426884.671744) can0 0C8#00000000000000C0
(1632426884.671745) can0 0D4#04E000488D00000D
(1632426884.692250) can0 0A6#000007070000004E
(1632426884.692251) can0 0C8#0000000000000040
(1632426884.692251) can0 0D4#04E000498D000084
(1632426884.712759) can0 0A6#00000707000000C6
(1632426884.712760) can0 0C8#00000000000000C0
(1632426884.712760) can0 0D4#04E000488D00000D
(1632426884.733225) can0 0A6#000007070000004E
(1632426884.733225) can0 0C8#0000000000000040
(1632426884.733226) can0 0D4#04E000488D000085
(1632426884.753734) can0 0A6#00000707000000C6
(1632426884.753734) can0 0C8#00000000000000C0
(1632426884.753735) can0 0A6#000007070000004E
(1632426884.774233) can0 0C8#0000000000000040
(1632426884.774234) can0 12C#845D000003D70047
(1632426884.774235) can0 0A6#00000707000000C6
(1632426884.794979) can0 0C8#00000000000000C0
(1632426884.794980) can0 12C#845D000003CE00C9
(1632426884.794980) can0 0A6#000007070000004E
(1632426884.815291) can0 0C8#0000000000000040
(1632426884.815293) can0 12C#845D000003CE0041
(1632426884.815293) can0 0A6#00000707000000C6
(1632426884.835298) can0 0C8#00000000000000C0
(1632426884.835299) can0 12C#845D000003C000C7
(1632426884.835301) can0 12C#845D000003C0004F
(1632426884.855816) can0 188#0000000000000E4E
(1632426884.855821) can0 064#FFC000006E00668E
(1632426884.855822) can0 064#FFC000006E0066CA
(1632426884.876298) can0 090#02020000000200CE
(1632426884.876298) can0 1C0#0000000000000000
(1632426884.876298) can0 064#FFC000006E006606
(1632426884.896805) can0 090#0204000000020008
(1632426884.896806) can0 1C0#0000000000000000
(1632426884.896806) can0 064#FFC000006E006642
(1632426884.917287) can0 090#0202000000020046
(1632426884.917288) can0 1C0#0000000000000000
(1632426884.917288) can0 064#FFC000006E00668E
(1632426884.937349) can0 090#0204000000020080
(1632426884.937350) can0 1C0#0000000000000000
(1632426884.937350) can0 064#FFC000006E0066CA
(1632426884.957818) can0 090#02020000000200CE
(1632426884.957819) can0 1C0#0000000000000000
(1632426884.957819) can0 064#FFC000006E006606
(1632426884.978330) can0 090#020200000002000A
(1632426884.978331) can0 1C0#0000000000000000
(1632426884.978332) can0 064#FFC000006E006642
(1632426884.998882) can0 090#0202000000020046
(1632426884.998883) can0 1C0#0000000000000000
(1632426884.998883) can0 064#FFC000006E00668E
(1632426885.019361) can0 090#0202000000020082
(1632426885.019362) can0 1C0#0000000000000000
(1632426885.019362) can0 064#FFC000006E0066CA
(1632426885.039885) can0 090#02040000000200CC
(1632426885.039885) can0 1C0#0000000000000000
(1632426885.039886) can0 064#FFC000006E006606
(1632426885.060336) can0 090#0204000000020008
(1632426885.060337) can0 1C0#0000000000000000
(1632426885.060337) can0 064#FFC000006E006642
(1632426885.080877) can0 090#0202000000020046
(1632426885.080878) can0 1C0#0000000000000000
(1632426885.080878) can0 064#FFC000006E00668E
(1632426885.101344) can0 090#0202000000020082
(1632426885.101344) can0 1C0#0000000000000000
(1632426885.101345) can0 064#FFC000006E0066CA
