(1617383943.291249) can0 152#F05C000000000082
(1617383943.291249) can0 140#000C7D4200000601
(1617383943.291250) can0 152#F06C000000000082
(1617383943.311874) can0 140#000E7D4200000601
(1617383943.311875) can0 141#8426D3277F82A700
(1617383943.311875) can0 152#F07C000000000082
(1617383943.332262) can0 140#00007E4200000601
(1617383943.332264) can0 141#8426D4277F82A700
(1617383943.332265) can0 152#F08C000000000082
(1617383943.352420) can0 140#00027E4200000601
(1617383943.352422) can0 141#8426D4277F82A700
(1617383943.352423) can0 152#F09C000000000082
(1617383943.373141) can0 140#00047E4200000601
(1617383943.373146) can0 141#8426D4277F82A700
(1617383943.373147) can0 152#F0AC000000000082
(1617383943.393497) can0 140#00067E4200000601
(1617383943.393499) can0 141#8426D3277F82A700
(1617383943.393501) can0 152#F0BC000000000082
(1617383943.413572) can0 140#00087E4200000601
(1617383943.413574) can0 141#8426D3277F82A700
(1617383943.413575) can0 152#F0CC000000000082
(1617383943.434337) can0 140#000A7D4200000601
(1617383943.434338) can0 141#8426D3277F82A700
(1617383943.434340) can0 152#F0DC000000000082
(1617383943.454482) can0 140#000C7D4200000601
(1617383943.454484) can0 141#8426D3277F82A700
(1617383943.454485) can0 152#F0EC000000000082
(1617383943.474873) can0 140#000E7C4200000601
(1617383943.474875) can0 141#8426D3277F82A700
(1617383943.474877) can0 152#F0FC000000000082
(1617383943.495096) can0 140#00007C4200000601
(1617383943.495099) can0 141#8426D4277F82A700
(1617383943.495100) can0 152#F00C000000000082
(1617383943.515705) can0 140#00027C4200000601
(1617383943.515707) can0 141#8426D4277F82A700
(1617383943.515708) can0 152#F01C000000000082
(1617383943.536534) can0 140#00047E4200000601
(1617383943.536537) can0 141#8426D7277F82A700
(1617383943.536539) can0 152#F02C000000000082
(1617383943.557006) can0 140#00067E4200000601
(1617383943.557008) can0 152#F03C000000000082
(1617383943.577354) can0 140#00087F4200000601
(1617383943.577356) can0 141#8426D6277F82A700
(1617383943.577357) can0 140#000A7F4200000601
(1617383943.598122) can0 141#8426D6277F82A700
(1617383943.598124) can0 142#8426000000000000
(1617383943.598126) can0 140#000C7F4200000601
(1617383943.618711) can0 141#8426D6277F82A700
(1617383943.618713) can0 142#8426000000000000
(1617383943.618714) can0 140#000E7F4200000601
(1617383943.639572) can0 141#8426D3277F82A700
(1617383943.639574) can0 142#8426000000000000
(1617383943.639575) can0 361#002900D504000000
(1617383943.659565) can0 018#0110700E000000AF
(1617383943.659567) can0 0D0#03FF000000000000
(1617383943.659568) can0 018#01107002000000A3
(1617383943.679721) can0 442#4D02000000000000
(1617383943.679723) can0 156#0000000000000000
(1617383943.679724) can0 156#0000000000000000
(1617383943.700530) can0 0D0#03FF01000000FFFF
(1617383943.700532) can0 0D1#00000000
(1617383943.700534) can0 0D0#03FF00000000FF00
(1617383943.720589) can0 0D1#00000000
(1617383943.720591) can0 0D2#0000FFFF00000000
(1617383943.720593) can0 0D1#00000000
(1617383943.741510) can0 0D2#0000FFFF00000000
(1617383943.741512) can0 0D3#0006C00F000091
(1617383943.741514) can0 0D3#0006C00F000092
(1617383943.761764) can0 0D4#0000000000000000
(1617383943.761768) can0 6E1#A180000000600000
(1617383943.761769) can0 0D4#0000000000000000
(1617383943.781784) can0 140#000D804200000601
(1617383943.781786) can0 141#8426CB277F82A700
(1617383943.781787) can0 370#0000000000020000
(1617383943.802678) can0 140#000F814200000601
(1617383943.802680) can0 141#8426CB277F82A700
(1617383943.802682) can0 37A#0000000000040000
(1617383943.823711) can0 140#0001814200000601
(1617383943.823713) can0 141#8426CC277F82A700
(1617383943.823726) can0 140#0003814200000601
(1617383943.843712) can0 141#8426CC277F82A700
(1617383943.843714) can0 142#8426000000000000
(1617383943.843715) can0 140#0005804200000601
(1617383943.863833) can0 141#8426CD277F82A700
(1617383943.863836) can0 142#8426000000000000
(1617383943.863837) can0 140#0007804200000601
(1617383943.884354) can0 141#8426CD277F82A700
(1617383943.884356) can0 142#8426000000000000
(1617383943.884358) can0 370#0000000000040000
(1617383943.904522) can0 140#0009814200000601
(1617383943.904525) can0 141#8426CE277F82A700
(1617383943.904526) can0 140#000B814200000601
(1617383943.924918) can0 141#8426CE277F82A700
(1617383943.924920) can0 142#8426000000000000
(1617383943.924922) can0 140#000D844200000601
(1617383943.945286) can0 141#8426CF277F82A700
(1617383943.945288) can0 142#8426000000000000
(1617383943.945289) can0 140#000F844200000601
(1617383943.966036) can0 141#8426CF278082A700
(1617383943.966037) can0 142#8426000000000000
(1617383943.966038) can0 140#0001844200000601
(1617383943.986928) can0 141#8426CF278082A700
(1617383943.986931) can0 142#8426000000000000
(1617383943.986931) can0 140#0003834200000601
(1617383944.007411) can0 141#8426CD278082A700
(1617383944.007412) can0 142#8426000000000000
(1617383944.007413) can0 140#0005834200000601
(1617383944.027561) can0 141#8426CD278082A700
(1617383944.027562) can0 142#8426000000000000
(1617383944.027563) can0 144#C0004C0201A4A000
(1617383944.048393) can0 280#0001000000000000
(1617383944.048395) can0 018#0110700C000000AD
(1617383944.048397) can0 280#0002000000000000
(1617383944.068800) can0 018#01107000000000A1
(1617383944.068802) can0 442#4D02000000000000
(1617383944.068804) can0 152#F0DC000000000082
(1617383944.089416) can0 140#000C804200000601
(1617383944.089418) can0 141#8426CC278082A700
(1617383944.089420) can0 361#002900D50D000000
(1617383944.110265) can0 370#0000000000080000
(1617383944.110267) can0 282#CDF16CFDFD032000
(1617383944.110268) can0 152#F0FC000000000082
(1617383944.130412) can0 140#0000814200000601
(1617383944.130414) can0 141#8426CF278082A700
(1617383944.130415) can0 152#F00C000000000082
(1617383944.150599) can0 140#0002814200000601
(1617383944.150602) can0 141#8426CF278082A700
(1617383944.150603) can0 152#F01C000000000082
(1617383944.171558) can0 140#0004824200000601
(1617383944.171561) can0 141#8426CF278082A700
(1617383944.171562) can0 152#F02C000000000082
(1617383944.191627) can0 140#0006824200000601
(1617383944.191629) can0 141#8426D2278182A700
(1617383944.191631) can0 152#F03C000000000082
(1617383944.211699) can0 140#0008824200000601
(1617383944.211701) can0 141#8426D2278182A700
(1617383944.211702) can0 152#F04C000000000082
(1617383944.231773) can0 140#000A804200000601
(1617383944.231775) can0 141#8426D3278182A700
(1617383944.231776) can0 152#F05C000000000082
(1617383944.252143) can0 140#000C804200000601
(1617383944.252145) can0 141#8426D3278182A700
(1617383944.252147) can0 152#F06C000000000082
(1617383944.273039) can0 140#000E7E4200000601
(1617383944.273042) can0 141#8426D0278182A700
(1617383944.273043) can0 152#F07C000000000082
(1617383944.293739) can0 140#00007E4200000601
(1617383944.293742) can0 141#8426D0278082A700
(1617383944.293744) can0 152#F08C000000000082
(1617383944.314358) can0 140#00027E4200000601
(1617383944.314360) can0 141#8426D0278082A700
(1617383944.314362) can0 152#F09C000000000082
(1617383944.335284) can0 140#00047E4200000601
(1617383944.335286) can0 141#8426CD278082A700
(1617383944.335288) can0 152#F0AC000000000082
(1617383944.355673) can0 140#00067E4200000601
(1617383944.355674) can0 141#8426CD278082A700
(1617383944.355676) can0 152#F0BC000000000082
(1617383944.376471) can0 140#00087F4200000601
(1617383944.376473) can0 141#8426CC278082A700
(1617383944.376475) can0 140#000A7F4200000601
(1617383944.397187) can0 141#8426CC278082A700
(1617383944.397190) can0 142#8426000000000000
(1617383944.397191) can0 141#8426CC278082A700
(1617383944.417445) can0 142#8426000000000000
(1617383944.417447) can0 372#0090000000000000
(1617383944.417449) can0 018#0110700A000000AB
(1617383944.437940) can0 284#C001000200000000
(1617383944.437943) can0 0D0#03FF00000000FE00
(1617383944.437945) can0 442#4D02000000000000
(1617383944.458140) can0 156#0000000000000000
(1617383944.458142) can0 0D0#03FF01000000FF00
(1617383944.458143) can0 156#0000000000000000
(1617383944.478423) can0 0D0#03FF01000000FF00
(1617383944.478426) can0 0D1#00000000
(1617383944.478427) can0 0D0#03FF01000000FFFF
(1617383944.498773) can0 0D1#00000000
(1617383944.498775) can0 0D2#0000FFFF00000000
(1617383944.498776) can0 0D0#03FF00000000FF00
(1617383944.519781) can0 0D1#00000000
(1617383944.519784) can0 0D2#0000FFFF00000000
(1617383944.519785) can0 0D3#0006C00F0000B9
(1617383944.540190) can0 0D4#0000000000000000
(1617383944.540192) can0 156#0000000000000000
(1617383944.540194) can0 0D3#0006C00F0000BA
(1617383944.560714) can0 0D4#0000000000000000
(1617383944.560716) can0 156#0000000000000000
(1617383944.560718) can0 0D3#0006C00F0000BB
(1617383944.581309) can0 0D4#0000000000000000
(1617383944.581311) can0 140#000D834200000601
(1617383944.581313) can0 140#000F834200000601
(1617383944.602384) can0 141#8426CC278082A700
(1617383944.602386) can0 142#8426000000000000
(1617383944.602388) can0 140#0001834200000601
(1617383944.622694) can0 141#8426CC278182A700
(1617383944.622697) can0 142#8426000000000000
(1617383944.622698) can0 46C#4002000000000000
(1617383944.643574) can0 140#0003824200000601
(1617383944.643576) can0 141#8426CC278182A700
(1617383944.643577) can0 370#0000000000030000
(1617383944.663728) can0 140#0005824200000601
(1617383944.663730) can0 141#8426CD278182A700
(1617383944.663731) can0 140#0007824200000601
(1617383944.684538) can0 141#8426CD278182A700
(1617383944.684540) can0 142#8426000000000000
(1617383944.684541) can0 140#0009834200000601
(1617383944.704535) can0 141#8426CE278182A700
(1617383944.704537) can0 142#8426000000000000
(1617383944.704539) can0 140#000B834200000601
(1617383944.725165) can0 141#8426CE278182A700
(1617383944.725167) can0 142#8426000000000000
(1617383944.725169) can0 440#4202000000000000
(1617383944.745637) can0 140#000D824200000601
(1617383944.745639) can0 141#8426CF278182A700
(1617383944.745640) can0 370#0000000000050000
(1617383944.766301) can0 6E1#A180000000600000
(1617383944.766303) can0 140#000F824200000601
(1617383944.766304) can0 140#0001834200000601
(1617383944.786225) can0 141#8426CF278182A700
(1617383944.786227) can0 142#8426000000000000
(1617383944.786229) can0 140#0003834200000601
(1617383944.806315) can0 141#8426CF278182A700
(1617383944.806317) can0 142#8426000000000000
(1617383944.806318) can0 140#0005834200000601
(1617383944.827313) can0 141#8426CF278182A700
(1617383944.827330) can0 142#8426000000000000
(1617383944.827331) can0 140#0007814200000601
(1617383944.847650) can0 141#8426CF278182A700
(1617383944.847652) can0 142#8426000000000000
(1617383944.847653) can0 370#0000000000070000
(1617383944.868319) can0 140#0009814200000601
(1617383944.868321) can0 141#8426CF278182A700
(1617383944.868322) can0 140#000B814200000601
(1617383944.888746) can0 141#8426D0278182A700
(1617383944.888748) can0 142#8426000000000000
(1617383944.888749) can0 140#000D814200000601
(1617383944.913525) can0 141#8426D0278182A700
(1617383944.913527) can0 142#8426000000000000
(1617383944.913528) can0 140#000F804200000601
(1617383944.930023) can0 141#8426D0278182A700
(1617383944.930025) can0 144#C0004C0201A4A000
(1617383944.950267) can0 018#01107000000000A1
(1617383944.950269) can0 280#000E000000000000
(1617383944.950271) can0 280#000F000000000000
(1617383944.970959) can0 370#0000000000090000
(1617383944.970961) can0 152#F09C000000000082
(1617383944.970963) can0 152#F0AC000000000082
(1617383944.991610) can0 140#00067F4200000601
(1617383944.991613) can0 141#8426D1278182A700
(1617383944.991614) can0 282#CDE16CFDFD032000
(1617383945.011539) can0 152#F0BC000000000082
(1617383945.011540) can0 140#00087F4200000601
(1617383945.011541) can0 152#F0CC000000000082
(1617383945.031944) can0 46C#4002000000000000
(1617383945.031946) can0 140#000A804200000601
(1617383945.031947) can0 152#F0DC000000000082
(1617383945.052052) can0 140#000C804200000601
(1617383945.052054) can0 141#8426D1278182A700
(1617383945.052055) can0 152#F0EC000000000082
(1617383945.072589) can0 140#000E804200000601
(1617383945.072591) can0 141#8426D3278182A700
(1617383945.072593) can0 152#F0FC000000000082
(1617383945.092681) can0 140#0000804200000601
(1617383945.092683) can0 141#8426D3278182A700
(1617383945.092684) can0 152#F00C000000000082
(1617383945.113343) can0 140#00027F4200000601
(1617383945.113345) can0 141#8426D3278182A700
(1617383945.113346) can0 440#4202000000000000
(1617383945.133851) can0 140#00047F4200000601
(1617383945.133853) can0 141#8426D4278182A700
(1617383945.133854) can0 152#F02C000000000082
(1617383945.153913) can0 140#00067F4200000601
(1617383945.153915) can0 141#8426D4278182A700
(1617383945.153916) can0 152#F03C000000000082
(1617383945.174461) can0 140#00087E4200000601
(1617383945.174463) can0 141#8426D4278082A700
(1617383945.174464) can0 152#F04C000000000082
(1617383945.194928) can0 140#000A7E4200000601
(1617383945.194930) can0 141#8426D4278082A700
(1617383945.194932) can0 152#F05C000000000082
(1617383945.215191) can0 140#000C7D4200000601
(1617383945.215192) can0 141#8426D3278082A700
(1617383945.215193) can0 152#F06C000000000082
(1617383945.235695) can0 140#000E7D4200000601
(1617383945.235696) can0 141#8426D3278082A700
(1617383945.235697) can0 152#F07C000000000082
(1617383945.256220) can0 140#00007E4200000601
(1617383945.256221) can0 141#8426D3278082A700
(1617383945.256222) can0 152#F08C000000000082
(1617383945.277060) can0 140#00027E4200000601
(1617383945.277061) can0 141#8426D3278082A700
(1617383945.277127) can0 152#F09C000000000082
(1617383945.297594) can0 140#00047E4200000601
(1617383945.297595) can0 141#8426D3278082A700
(1617383945.297596) can0 152#F0AC000000000082
(1617383945.318358) can0 140#00067F4200000601
(1617383945.318360) can0 141#8426D3278082A700
(1617383945.318362) can0 152#F0BC000000000082
(1617383945.338624) can0 140#00087F4200000601
(1617383945.338626) can0 141#8426D3278082A700
(1617383945.338627) can0 140#000A7F4200000601
(1617383945.358729) can0 141#8426D2278082A700
(1617383945.358732) can0 142#8426000000000000
(1617383945.358733) can0 141#8426D2278082A700
(1617383945.378692) can0 142#8426000000000000
(1617383945.378693) can0 018#01107006000000A7
(1617383945.378695) can0 0D0#03FF00000000FF00
(1617383945.399685) can0 0D1#00000000
(1617383945.399688) can0 0D2#0000FFFF00000000
(1617383945.399689) can0 0D0#03FF00000000FF00
(1617383945.420268) can0 0D1#00000000
(1617383945.420270) can0 0D2#0000FFFF00000000
(1617383945.420271) can0 284#C00B000200000000
(1617383945.440487) can0 0D0#03FF00000000FF00
(1617383945.440489) can0 0D1#00000000
(1617383945.440491) can0 0D0#03FF00000000FF00
(1617383945.460605) can0 0D1#00000000
(1617383945.460607) can0 0D2#0000FFFF00000000
(1617383945.460609) can0 0D0#03FF000000000000
(1617383945.481276) can0 0D1#00000000
(1617383945.481279) can0 0D2#0000FFFF00000000
(1617383945.481281) can0 0D2#0000FFFF00000000
(1617383945.501667) can0 0D3#0006C00F0000E9
(1617383945.501669) can0 0D4#0000000000000000
(1617383945.501670) can0 370#0000000000040000
(1617383945.521977) can0 140#000B7F4200000601
(1617383945.521979) can0 141#8426D1277F82A700
(1617383945.521980) can0 140#000D7E4200000601
(1617383945.542591) can0 141#8426D0277F82A700
(1617383945.542593) can0 142#8426000000000000
(1617383945.542594) can0 140#000F7E4200000601
(1617383945.563318) can0 141#8426D0277F82A700
(1617383945.563320) can0 142#8426000000000000
(1617383945.563321) can0 140#00017F4200000601
(1617383945.583738) can0 141#8426D0277F82A700
(1617383945.583740) can0 142#8426000000000000
(1617383945.583741) can0 140#00037F4200000601
(1617383945.603851) can0 141#8426D2277F82A700
(1617383945.603853) can0 142#8426000000000000
(1617383945.603854) can0 370#0000000000060000
(1617383945.624217) can0 140#00057F4200000601
(1617383945.624219) can0 141#8426D2277F82A700
(1617383945.624220) can0 140#0007814200000601
(1617383945.644479) can0 141#8426D2277F82A700
(1617383945.644482) can0 142#8426000000000000
(1617383945.644483) can0 140#0009814200000601
(1617383945.664549) can0 141#8426D2277F82A700
(1617383945.664551) can0 142#8426000000000000
(1617383945.664553) can0 140#000B7F4200000601
(1617383945.685073) can0 141#8426D1277F82A700
(1617383945.685083) can0 142#8426000000000000
(1617383945.685085) can0 140#000D7F4200000601
(1617383945.705685) can0 141#8426D1277F82A700
(1617383945.705687) can0 142#8426000000000000
(1617383945.705688) can0 370#0000000000080000
(1617383945.725982) can0 140#000F7D4200000601
(1617383945.725984) can0 141#8426D1277F82A700
(1617383945.725985) can0 140#00017D4200000601
(1617383945.746178) can0 141#8426D0277F82A700
(1617383945.746179) can0 142#8426000000000000
(1617383945.746181) can0 140#00037D4200000601
(1617383945.766662) can0 141#8426D0277F82A700
(1617383945.766664) can0 142#8426000000000000
(1617383945.766666) can0 018#01107008000000A9
(1617383945.787748) can0 141#8426CE277F82A700
(1617383945.787750) can0 142#8426000000000000
(1617383945.787751) can0 360#E1007E8431000100
(1617383945.808316) can0 361#002900D50F000000
(1617383945.808318) can0 152#F03C000000000082
(1617383945.808319) can0 152#F04C000000000082
(1617383945.828724) can0 140#000A804200000601
(1617383945.828737) can0 141#8426CD277F82A700
(1617383945.828739) can0 152#F05C000000000082
(1617383945.849527) can0 140#000C804200000601
(1617383945.849529) can0 141#8426CD277F82A700
(1617383945.849530) can0 152#F06C000000000082
(1617383945.870287) can0 140#000E814200000601
(1617383945.870289) can0 141#8426CD277F82A700
(1617383945.870290) can0 152#F07C000000000082
(1617383945.890350) can0 140#0E00810208080601
(1617383945.890352) can0 141#7127CD277F02A700
(1617383945.890354) can0 282#CDD16CFDFD032000
(1617383945.910394) can0 152#F08C000000000082
(1617383945.910397) can0 372#0080000000000000
(1617383945.910398) can0 440#4202000000000000
(1617383945.930878) can0 140#1C04800219190A00
(1617383945.930880) can0 141#2C29CD278002A700
(1617383945.930882) can0 152#F0AC000000000082
(1617383945.951603) can0 140#210680021E1E0D00
(1617383945.951605) can0 141#E129CD278002A700
(1617383945.951606) can0 152#F0BC000000000082
(1617383945.971865) can0 140#30087F022A2A1300
(1617383945.971867) can0 141#182BD3277F02A700
(1617383945.971869) can0 152#F0CC000000000082
(1617383945.991936) can0 140#3F0A7F0237371900
(1617383945.991938) can0 141#A62BD3277F02A700
(1617383945.991939) can0 152#F0DC000000000082
(1617383946.012162) can0 372#0090000000000000
(1617383946.012164) can0 140#5C0C810252523100
(1617383946.012165) can0 152#F0EC000000000082
(1617383946.032653) can0 140#6C0E810265653D00
(1617383946.032657) can0 141#B42B09288102A700
(1617383946.032659) can0 152#F0FC000000000082
(1617383946.053271) can0 140#7700830276765400
(1617383946.053274) can0 141#C32B86298302A700
(1617383946.053275) can0 152#F00C000000000082
(1617383946.074201) can0 140#7802830278786400
(1617383946.074203) can0 141#C72B86298302A700
(1617383946.074204) can0 152#F01C000000000082
(1617383946.094410) can0 140#7A04830279796F00
(1617383946.094411) can0 141#C82B86298302A700
(1617383946.094413) can0 152#F02C000000000082
(1617383946.114727) can0 372#00A0000000000000
(1617383946.114730) can0 140#7C068F027B7B7300
(1617383946.114733) can0 152#F03C000000000082
(1617383946.135117) can0 140#7A088F027A7A7700
(1617383946.135119) can0 141#CA2BF72A8F02A700
(1617383946.135121) can0 140#720ADE0272727600
(1617383946.155776) can0 141#C72B5A2BDE02A700
(1617383946.155778) can0 018#01107002000000A3
(1617383946.155780) can0 018#01107006000000A7
(1617383946.176866) can0 142#932B680000000000
(1617383946.176868) can0 156#0000000000000000
(1617383946.176870) can0 141#BD2B932B4503A700
(1617383946.196910) can0 018#0110700A000000AB
(1617383946.196912) can0 142#932B590000000000
(1617383946.196913) can0 018#0110700E000000AF
(1617383946.217731) can0 142#BE2B3C0000000000
(1617383946.217733) can0 156#0000000000000000
(1617383946.217734) can0 0D0#03FF000000000100
(1617383946.238192) can0 0D1#00000000
(1617383946.238194) can0 0D2#0000FFFF00000000
(1617383946.238195) can0 0D0#03FF00000000FE00
(1617383946.258621) can0 0D1#00000000
(1617383946.258623) can0 0D2#0000FFFF00000000
(1617383946.258624) can0 0D0#03FF01000000FDFF
(1617383946.279320) can0 0D1#00000000
(1617383946.279322) can0 0D2#0000FFFF00000000
(1617383946.279324) can0 0D0#03FF01000000FFFF
(1617383946.299475) can0 0D1#00000000
(1617383946.299477) can0 0D3#0006C00F000012
(1617383946.319727) can0 0D4#0000000000000000
(1617383946.319729) can0 4DD#1E00000000000000
(1617383946.319730) can0 152#F0DC000000000082
(1617383946.340214) can0 284#C004000200000000
(1617383946.340216) can0 156#0000000000000000
(1617383946.340217) can0 280#0005000000000000
(1617383946.360836) can0 140#000F8F4500000601
(1617383946.360838) can0 018#0110700C000000AD
(1617383946.360839) can0 370#0000000000050000
(1617383946.381334) can0 374#0800000300000000
(1617383946.381336) can0 140#0001CD4500000601
(1617383946.381337) can0 375#0303000400000010
(1617383946.401493) can0 140#0003EF4500000601
(1617383946.401495) can0 141#8E26C72AEF85A700
(1617383946.401496) can0 140#00050D4600000601
(1617383946.422396) can0 141#8D26842A0D86A700
(1617383946.422398) can0 018#01107008000000A9
(1617383946.422399) can0 140#0007284600000601
(1617383946.442587) can0 141#8D26452A2886A700
(1617383946.442589) can0 018#0110700C000000AD
(1617383946.442591) can0 6E2#A2800045414145FE
(1617383946.463458) can0 140#00093E4600000701
(1617383946.463461) can0 141#8C26052A3E86A700
(1617383946.463462) can0 370#0000000000070000
(1617383946.483690) can0 63B#0000073700004637
(1617383946.483692) can0 140#000B544600000701
(1617383946.483694) can0 140#000D764600000701
(1617383946.503878) can0 141#8C268C296586A700
(1617383946.503880) can0 018#01107008000000A9
(1617383946.503882) can0 140#000F854600000701
(1617383946.524025) can0 141#8C2655297686A700
(1617383946.524027) can0 018#0110700C000000AD
(1617383946.524028) can0 4C8#0900000000000000
(1617383946.544177) can0 140#0001954600000701
(1617383946.544179) can0 141#8B26F9289586A700
(1617383946.544180) can0 140#0003A04600000701
(1617383946.565028) can0 141#8B26FA28A086A700
(1617383946.565030) can0 018#01107004000000A5
(1617383946.565031) can0 370#0000000000090000
(1617383946.585515) can0 140#0005AB4600000701
(1617383946.585517) can0 141#8B26A928AB86A700
(1617383946.585518) can0 140#0007B54600000701
(1617383946.606389) can0 141#8B268528B586A700
(1617383946.606392) can0 018#0110700C000000AD
(1617383946.606393) can0 140#0009BC4600000701
(1617383946.626666) can0 141#8B266328BC86A700
(1617383946.626669) can0 018#01107000000000A1
(1617383946.626671) can0 140#000BC94600000701
(1617383946.647179) can0 141#8B264228C086A700
(1617383946.647181) can0 018#01107004000000A5
(1617383946.647183) can0 018#01107008000000A9
(1617383946.667603) can0 142#8B26000000000000
(1617383946.667605) can0 144#C000600201A4A000
(1617383946.667606) can0 280#0005000000000000
(1617383946.687756) can0 282#CDA16CFDFD032000
(1617383946.687758) can0 152#F0FC000000000082
(1617383946.687760) can0 361#002900D501000000
(1617383946.707774) can0 3D1#9E0C000000000000
(1617383946.707776) can0 152#F00C000000000082
(1617383946.707777) can0 440#4202000000000000
(1617383946.728534) can0 140#0004C24600000601
(1617383946.728537) can0 018#01107006000000A7
(1617383946.728538) can0 152#F02C000000000082
(1617383946.749386) can0 140#0006BC4600000701
(1617383946.749388) can0 018#0110700A000000AB
(1617383946.749389) can0 152#F03C000000000082
(1617383946.769681) can0 140#0008AD4600000601
(1617383946.769683) can0 018#0110700E000000AF
(1617383946.769684) can0 152#F04C000000000082
(1617383946.790332) can0 140#000A9D4600000601
(1617383946.790334) can0 018#01107002000000A3
(1617383946.790335) can0 152#F05C000000000082
(1617383946.810674) can0 372#0010000000000000
(1617383946.810676) can0 140#000C8B4600000701
(1617383946.810678) can0 152#F06C000000000082
(1617383946.831165) can0 140#000E7D4600000701
(1617383946.831180) can0 018#0110700A000000AB
(1617383946.831181) can0 152#F07C000000000082
(1617383946.851688) can0 140#00006C4600000701
(1617383946.851690) can0 141#8C2667276C86A700
(1617383946.851691) can0 152#F08C000000000082
(1617383946.872130) can0 140#00024B4600000701
(1617383946.872132) can0 018#01107002000000A3
(1617383946.872134) can0 152#F09C000000000082
(1617383946.892651) can0 140#00043B4600000801
(1617383946.892654) can0 018#01107006000000A7
(1617383946.892655) can0 152#F0AC000000000082
(1617383946.912702) can0 372#0020000000000000
(1617383946.912704) can0 140#0006294600000801
(1617383946.912706) can0 152#F0BC000000000082
(1617383946.933166) can0 140#0008204600000801
(1617383946.933169) can0 018#0110700E000000AF
(1617383946.933170) can0 152#F0CC000000000082
(1617383946.954026) can0 140#000A1A4600000801
(1617383946.954027) can0 018#01107002000000A3
(1617383946.954029) can0 152#F0DC000000000082
(1617383946.974259) can0 140#000C114600000801
(1617383946.974261) can0 018#01107006000000A7
(1617383946.974262) can0 152#F0EC000000000082
(1617383946.994229) can0 140#000E074600000801
(1617383946.994231) can0 018#0110700A000000AB
(1617383946.994233) can0 152#F0FC000000000082
(1617383947.015231) can0 372#0030000000000000
(1617383947.015234) can0 140#0000054600000801
(1617383947.015235) can0 152#F00C000000000082
(1617383947.035268) can0 46C#4002000000000000
(1617383947.035270) can0 140#0002FB4500000801
(1617383947.035271) can0 152#F01C000000000082
(1617383947.055976) can0 140#0004EC4500000801
(1617383947.055978) can0 018#01107006000000A7
(1617383947.055980) can0 152#F02C000000000082
(1617383947.076111) can0 156#0000000000000000
(1617383947.076112) can0 018#0110700A000000AB
(1617383947.076113) can0 152#F03C000000000082
(1617383947.096175) can0 140#0008D24500000801
(1617383947.096176) can0 018#0110700E000000AF
(1617383947.096176) can0 140#000AC84500000801
(1617383947.117012) can0 018#01107002000000A3
(1617383947.117014) can0 141#8F263727C885A700
(1617383947.117016) can0 140#010CBC4500000801
(1617383947.137279) can0 018#01107006000000A7
(1617383947.137281) can0 141#8F263727BC05A700
(1617383947.137284) can0 140#170EAE050B0B0801
(1617383947.157763) can0 141#10273727AE05A700
(1617383947.157765) can0 142#3727000000000000
(1617383947.157767) can0 142#3627040000000000
(1617383947.178270) can0 156#0000000000000000
(1617383947.178272) can0 0D0#03FF00000000FF00
(1617383947.178273) can0 0D0#03FF000000000000
(1617383947.198691) can0 0D1#00000000
(1617383947.198693) can0 0D2#0000FFFF00000000
(1617383947.198695) can0 0D0#03FF00000000FFFF
(1617383947.218824) can0 0D1#00000000
(1617383947.218827) can0 0D2#0000FFFF00000000
(1617383947.218828) can0 0D0#03FF00000000FE00
(1617383947.239486) can0 0D1#00000000
(1617383947.239489) can0 0D2#0000FFFF00000000
(1617383947.239490) can0 0D4#0000000000000000
(1617383947.259672) can0 156#0000000000000000
(1617383947.259674) can0 140#B3096705ABAB8200
(1617383947.259675) can0 140#BF0B7205B9B99B00
(1617383947.280071) can0 018#01107004000000A5
(1617383947.280073) can0 141#C42CDF297205A700
(1617383947.280074) can0 140#C60DA405C5C5B700
(1617383947.300231) can0 018#01107008000000A9
(1617383947.300233) can0 141#D12C572BA405A700
(1617383947.300234) can0 140#C70FEA05C7C7C600
(1617383947.320745) can0 018#0110700C000000AD
(1617383947.320748) can0 141#E32C572BEA05A700
(1617383947.320769) can0 370#0000000000080000
(1617383947.341488) can0 282#CD516CFDFD032000
(1617383947.341490) can0 018#01107000000000A1
(1617383947.341492) can0 140#C5034F06C5C5D400
(1617383947.361689) can0 018#01107004000000A5
(1617383947.361691) can0 141#0A2D922C4F06A700
(1617383947.361692) can0 374#0800000300000000
(1617383947.382380) can0 018#01107008000000A9
(1617383947.382382) can0 140#B3058A06B3B3D300
(1617383947.382383) can0 375#0303000400000010
(1617383947.402561) can0 140#8A07C2068A8ACB00
(1617383947.402563) can0 018#0110700C000000AD
(1617383947.402564) can0 140#3F0927073F3F9F00
(1617383947.422600) can0 018#01107000000000A1
(1617383947.422603) can0 141#FF2CD52CF206A700
(1617383947.422604) can0 370#00000000000A0000
(1617383947.442586) can0 018#01107004000000A5
(1617383947.442588) can0 140#130B670713137B00
(1617383947.442589) can0 6E2#A2800045414145FE
(1617383947.463711) can0 018#01107008000000A9
(1617383947.463713) can0 140#000DB20700003700
(1617383947.463714) can0 63B#0000073700004641
(1617383947.484638) can0 140#000F334800001E00
(1617383947.484640) can0 018#0110700C000000AD
(1617383947.484642) can0 018#01107000000000A1
(1617383947.505679) can0 140#0001704800001300
(1617383947.505681) can0 141#8526C72C7088C700
(1617383947.505682) can0 282#CD816CFDFD032000
(1617383947.525774) can0 018#01107004000000A5
(1617383947.525775) can0 140#0003EB4800000F00
(1617383947.525777) can0 370#00000000000C0000
(1617383947.545797) can0 018#01107008000000A9
(1617383947.545799) can0 140#00051F4900000A00
(1617383947.545800) can0 018#0110700C000000AD
(1617383947.566265) can0 140#0007784900000800
(1617383947.566267) can0 141#7E26AC2B4F89C700
(1617383947.566268) can0 144#C0007D0201A4A000
(1617383947.586472) can0 280#0002000000000000
(1617383947.586474) can0 282#CD916CFDFD032000
(1617383947.586476) can0 144#C0007D0201A4A000
(1617383947.606835) can0 280#0003000000000000
(1617383947.606837) can0 360#D5077E845D000100
(1617383947.606838) can0 152#F0EC000000000082
(1617383947.627182) can0 018#0110700A000000AB
(1617383947.627185) can0 140#000E144A00000601
(1617383947.627186) can0 152#F0FC000000000082
(1617383947.647667) can0 140#0000134A00000601
(1617383947.647669) can0 018#0110700E000000AF
(1617383947.647671) can0 152#F00C000000000082
(1617383947.667699) can0 156#0000000000000000
(1617383947.667701) can0 152#F01C000000000082
(1617383947.687760) can0 018#01107006000000A7
(1617383947.687762) can0 140#0004DB4900000701
(1617383947.687763) can0 372#00A0000000000000
(1617383947.708610) can0 152#F02C000000000082
(1617383947.708612) can0 140#0006CA4900000701
(1617383947.708613) can0 152#F03C000000000082
(1617383947.728895) can0 018#0110700E000000AF
(1617383947.728897) can0 140#0008AB4900000801
(1617383947.728899) can0 152#F04C000000000082
(1617383947.749095) can0 018#01107002000000A3
(1617383947.749097) can0 140#000A8D4900000801
(1617383947.749099) can0 152#F05C000000000082
(1617383947.769726) can0 018#01107006000000A7
(1617383947.769728) can0 140#000C7F4900000801
(1617383947.769729) can0 152#F06C000000000082
(1617383947.790623) can0 018#0110700A000000AB
(1617383947.790625) can0 140#000E614900000801
(1617383947.790626) can0 372#00B0000000000000
(1617383947.811330) can0 152#F07C000000000082
(1617383947.811332) can0 018#0110700E000000AF
(1617383947.811334) can0 152#F08C000000000082
(1617383947.831631) can0 018#01107002000000A3
(1617383947.831647) can0 140#00022F4900000801
(1617383947.831649) can0 152#F09C000000000082
(1617383947.851590) can0 018#01107006000000A7
(1617383947.851592) can0 140#00040F4900000801
(1617383947.851594) can0 152#F0AC000000000082
(1617383947.872452) can0 018#0110700A000000AB
(1617383947.872454) can0 140#0006004900000901
(1617383947.872456) can0 152#F0BC000000000082
(1617383947.892595) can0 018#0110700E000000AF
(1617383947.892597) can0 140#0008E04800000901
(1617383947.892598) can0 372#00C0000000000000
(1617383947.912990) can0 152#F0CC000000000082
(1617383947.912992) can0 018#01107002000000A3
(1617383947.912994) can0 440#4202000000000000
(1617383947.933704) can0 018#01107006000000A7
(1617383947.933705) can0 140#000CAC4800000901
(1617383947.933707) can0 152#F0EC000000000082
(1617383947.953959) can0 018#0110700A000000AB
(1617383947.953961) can0 140#000E9D4800000801
(1617383947.953962) can0 152#F0FC000000000082
(1617383947.973865) can0 156#0000000000000000
(1617383947.973867) can0 018#0110700E000000AF
(1617383947.973869) can0 018#01107002000000A3
(1617383947.994363) can0 140#0002674800000801
(1617383947.994365) can0 141#852685266788C708
(1617383947.994367) can0 141#852685265888C708
(1617383948.015133) can0 142#8526000000000000
(1617383948.015136) can0 156#0000000000000000
(1617383948.015138) can0 142#8626000000000000
(1617383948.035876) can0 0D0#03FF01000000FEFF
(1617383948.035878) can0 0D1#00000000
(1617383948.035879) can0 360#00007E8420000100
(1617383948.056652) can0 361#002900D50C000000
(1617383948.056654) can0 0D0#03FF01000000FF00
(1617383948.056655) can0 156#0000000000000000
(1617383948.076750) can0 0D0#03FF000000000000
(1617383948.076752) can0 0D1#00000000
(1617383948.076754) can0 0D0#03FF00000000FF00
(1617383948.097376) can0 0D1#00000000
(1617383948.097378) can0 0D2#0000FFFF00000000
(1617383948.097380) can0 0D0#03FF00000000FF00
(1617383948.117864) can0 0D1#00000000
(1617383948.117867) can0 0D2#0000FFFF00000000
(1617383948.117868) can0 0D0#03FF00000000FF00
(1617383948.138887) can0 0D1#00000000
(1617383948.138890) can0 0D2#0000FFFF00000000
(1617383948.138891) can0 0D3#0006C00F00006E
(1617383948.159535) can0 0D4#0000000000000000
(1617383948.159537) can0 156#0000000000000000
(1617383948.159539) can0 0D4#0000000000000000
(1617383948.180103) can0 018#01107008000000A9
(1617383948.180105) can0 140#00057E4700000801
(1617383948.180107) can0 370#0100000000090000
(1617383948.200586) can0 018#0110700C000000AD
(1617383948.200589) can0 280#0001000000000000
(1617383948.200590) can0 018#01107000000000A1
(1617383948.220595) can0 140#0009574700000801
(1617383948.220598) can0 141#8A26E3265787A700
(1617383948.220599) can0 018#01107004000000A5
(1617383948.241480) can0 140#000B434700000901
(1617383948.241482) can0 141#8A2606274387A700
(1617383948.241484) can0 018#01107008000000A9
(1617383948.261788) can0 140#000D1F4700000901
(1617383948.261789) can0 141#8A2617271F87A700
(1617383948.261791) can0 018#0110700C000000AD
(1617383948.282055) can0 140#000F144700000901
(1617383948.282057) can0 141#8A261A271F87A700
(1617383948.282058) can0 370#00000000000B0000
(1617383948.302562) can0 018#01107000000000A1
(1617383948.302564) can0 140#0001084700000901
(1617383948.302565) can0 018#01107004000000A5
(1617383948.323100) can0 140#0003004700000901
(1617383948.323102) can0 141#8B261E270087A700
(1617383948.323116) can0 018#01107008000000A9
(1617383948.343573) can0 140#0005F34600000901
(1617383948.343575) can0 141#8B261E27F386A700
(1617383948.343576) can0 018#0110700C000000AD
(1617383948.364083) can0 140#0007D54600000901
(1617383948.364085) can0 141#8B261F27E686A700
(1617383948.364086) can0 374#0800000300000000
(1617383948.384227) can0 018#01107000000000A1
(1617383948.384229) can0 140#0009C74600000901
(1617383948.384230) can0 370#00000000000D0000
(1617383948.404580) can0 375#0303000400000010
(1617383948.404582) can0 018#01107004000000A5
(1617383948.404584) can0 018#01107008000000A9
(1617383948.424594) can0 282#CD716CFDFD032000
(1617383948.424595) can0 140#000DAB4600000901
(1617383948.424597) can0 018#0110700C000000AD
(1617383948.444703) can0 140#000F9C4600000901
(1617383948.444705) can0 141#8B2621279C86A700
(1617383948.444707) can0 018#01107000000000A1
(1617383948.465786) can0 140#00018E4600000901
(1617383948.465788) can0 141#8C2621278E86A700
(1617383948.465789) can0 141#8C2622277D86A700
(1617383948.486926) can0 142#8C26000000000000
(1617383948.486928) can0 144#C0005E0201A4A000
(1617383948.486930) can0 140#18056C060F0F0901
(1617383948.507710) can0 141#1B2723276C06A700
(1617383948.507712) can0 142#2327000000000000
(1617383948.507713) can0 280#0001000000000000
(1617383948.527749) can0 152#F0BC000000000082
(1617383948.527751) can0 018#0110700E000000AF
(1617383948.527753) can0 4C6#0700000000000000
(1617383948.548105) can0 152#F0CC000000000082
(1617383948.548107) can0 018#01107002000000A3
(1617383948.548109) can0 152#F0DC000000000082
(1617383948.568612) can0 018#01107006000000A7
(1617383948.568614) can0 156#0000000000000000
(1617383948.568615) can0 152#F0EC000000000082
(1617383948.589656) can0 018#0110700A000000AB
(1617383948.589658) can0 140#A90E120697975900
(1617383948.589659) can0 282#CDA16CFDFD032000
(1617383948.610598) can0 372#0030000000000000
(1617383948.610601) can0 152#F0FC000000000082
(1617383948.610603) can0 152#F00C000000000082
(1617383948.631534) can0 018#01107002000000A3
(1617383948.631536) can0 46C#4002000000000000
(1617383948.631538) can0 152#F01C000000000082
(1617383948.651554) can0 018#01107006000000A7
(1617383948.651556) can0 140#F304F305EFEFE700
(1617383948.651557) can0 152#F02C000000000082
(1617383948.672450) can0 018#0110700A000000AB
(1617383948.672452) can0 140#F9061906F6F6F200
(1617383948.672453) can0 152#F03C000000000082
(1617383948.692581) can0 018#0110700E000000AF
(1617383948.692584) can0 140#FB082E06FBFBFA00
(1617383948.692585) can0 372#0040000000000000
(1617383948.713132) can0 152#F04C000000000082
(1617383948.713135) can0 018#01107002000000A3
(1617383948.713136) can0 440#4202000000000000
(1617383948.733366) can0 018#01107006000000A7
(1617383948.733368) can0 140#D30C6506D3D3FE00
(1617383948.733369) can0 152#F06C000000000082
(1617383948.753219) can0 018#0110700A000000AB
(1617383948.753221) can0 140#B30E8F06B3B3FB00
(1617383948.753222) can0 152#F07C000000000082
(1617383948.773708) can0 018#0110700E000000AF
(1617383948.773710) can0 140#7B00B8067B7BD100
(1617383948.773712) can0 152#F08C000000000082
(1617383948.793769) can0 018#01107002000000A3
(1617383948.793771) can0 140#5702E4065757AE00
(1617383948.793772) can0 372#0050000000000000
(1617383948.814227) can0 152#F09C000000000082
(1617383948.814229) can0 018#01107006000000A7
(1617383948.814230) can0 152#F0AC000000000082
(1617383948.834611) can0 018#0110700A000000AB
(1617383948.834614) can0 140#0F06B1070F0F5800
(1617383948.834615) can0 152#F0BC000000000082
(1617383948.855413) can0 018#0110700E000000AF
(1617383948.855415) can0 140#0008F90700002700
(1617383948.855416) can0 152#F0CC000000000082
(1617383948.875550) can0 018#01107002000000A3
(1617383948.875552) can0 156#0000000000000000
(1617383948.875553) can0 152#F0DC000000000082
(1617383948.896047) can0 018#01107006000000A7
(1617383948.896049) can0 140#000CCA4800001000
(1617383948.896051) can0 018#0110700A000000AB
(1617383948.916484) can0 140#000E074900000D00
(1617383948.916486) can0 141#80265A2C0789C700
(1617383948.916488) can0 44D#6C02000000000000
(1617383948.937148) can0 140#00006C4900000900
(1617383948.937151) can0 141#7D26C92B6C89C700
(1617383948.937152) can0 140#0002BD4900000800
(1617383948.957124) can0 141#7C26732B9789C700
(1617383948.957127) can0 142#7C26020000000000
(1617383948.957128) can0 141#7926D82AE089C700
(1617383948.977705) can0 142#7926000000000000
(1617383948.977707) can0 156#0000000000000000
(1617383948.977708) can0 142#7726000000000000
(1617383948.998196) can0 156#0000000000000000
(1617383948.998198) can0 0D0#03FF01000000FE00
(1617383948.998200) can0 156#0000000000000000
(1617383949.018630) can0 0D0#03FF01000000FF00
(1617383949.018632) can0 0D1#00000000
(1617383949.018633) can0 0D0#03FF000000000000
(1617383949.038667) can0 0D1#00000000
(1617383949.038669) can0 156#0000000000000000
(1617383949.059557) can0 0D0#03FF01000000FF00
(1617383949.059559) can0 0D1#00000000
(1617383949.059561) can0 0D0#03FF01000000FE00
(1617383949.080262) can0 0D1#00000000
(1617383949.080264) can0 0D2#0000FFFF00000000
(1617383949.080265) can0 156#0000000000000000
(1617383949.100363) can0 0D0#03FF01000000FF00
(1617383949.100365) can0 0D1#00000000
(1617383949.100367) can0 156#0000000000000000
(1617383949.121023) can0 0D0#03FF000000000000
(1617383949.121025) can0 0D1#00000000
(1617383949.121026) can0 0D0#03FF00000000FEFF
(1617383949.141200) can0 0D1#00000000
(1617383949.141203) can0 0D2#0000FFFF00000000
(1617383949.141205) can0 0D2#0000FFFF00000000
(1617383949.161921) can0 0D3#0006C00F0000A0
(1617383949.161923) can0 0D4#0000000000000000
(1617383949.161924) can0 0D4#0000000000000000
(1617383949.182444) can0 018#01107000000000A1
(1617383949.182446) can0 140#0009864900000801
(1617383949.182448) can0 018#01107004000000A5
(1617383949.203076) can0 140#000B674900000801
(1617383949.203078) can0 141#7D267D267989C708
(1617383949.203080) can0 018#01107008000000A9
(1617383949.223641) can0 140#000D594900000801
(1617383949.223643) can0 141#7E267E265989C708
(1617383949.223645) can0 018#0110700C000000AD
(1617383949.244535) can0 140#000F3A4900000801
(1617383949.244537) can0 141#7E267E264889C708
(1617383949.244538) can0 370#00000000000E0000
(1617383949.265600) can0 018#01107000000000A1
(1617383949.265601) can0 140#00011B4900000901
(1617383949.265603) can0 018#01107004000000A5
(1617383949.286482) can0 140#0003094900000901
(1617383949.286484) can0 141#802680260989C708
(1617383949.286485) can0 018#01107008000000A9
(1617383949.307319) can0 140#0005E84800000801
(1617383949.307321) can0 141#81268126FA88C708
(1617383949.307322) can0 018#0110700C000000AD
(1617383949.328181) can0 282#CD616CFDFD032000
(1617383949.328183) can0 140#0007DA4800000801
(1617383949.328199) can0 018#01107000000000A1
(1617383949.348558) can0 140#0009B94800000801
(1617383949.348560) can0 141#82268226C888C708
(1617383949.348562) can0 370#0000000000000000
(1617383949.369808) can0 018#01107004000000A5
(1617383949.369811) can0 140#000BA64800000801
(1617383949.369812) can0 374#0800000300000000
(1617383949.390352) can0 018#01107008000000A9
(1617383949.390355) can0 140#000D854800000801
(1617383949.390357) can0 375#0303000400000010
(1617383949.411004) can0 018#0110700C000000AD
(1617383949.411006) can0 140#000F754800000801
(1617383949.411007) can0 018#01107000000000A1
(1617383949.431401) can0 140#0001624800000801
(1617383949.431403) can0 141#852685266288C708
(1617383949.431405) can0 282#CD816CFDFD032000
(1617383949.451795) can0 140#0003404800000801
(1617383949.451797) can0 141#852685265388C708
(1617383949.451798) can0 141#862686263088C708
(1617383949.472846) can0 142#8626000000000000
(1617383949.472848) can0 144#C0006B0201A4A000
(1617383949.472850) can0 144#C0006A0201A4A000
(1617383949.493536) can0 280#0001000000000000
(1617383949.493539) can0 152#F0BC000000000082
(1617383949.493540) can0 360#00007E841D000100
(1617383949.513594) can0 361#002900D509000000
(1617383949.513596) can0 282#CD916CFDFD032000
(1617383949.513597) can0 440#4202000000000000
(1617383949.533681) can0 018#01107006000000A7
(1617383949.533684) can0 140#000CD54700000801
(1617383949.533685) can0 4C6#0700000000000000
(1617383949.554436) can0 152#F0EC000000000082
(1617383949.554438) can0 018#0110700A000000AB
(1617383949.554440) can0 152#F0FC000000000082
(1617383949.574806) can0 018#0110700E000000AF
(1617383949.574808) can0 140#00009F4700000801
(1617383949.574809) can0 152#F00C000000000082
(1617383949.595622) can0 018#01107002000000A3
(1617383949.595624) can0 140#00028B4700000801
(1617383949.595626) can0 372#00D0000000000000
(1617383949.616428) can0 152#F01C000000000082
(1617383949.616430) can0 018#01107006000000A7
(1617383949.616432) can0 152#F02C000000000082
(1617383949.636699) can0 018#0110700A000000AB
(1617383949.636701) can0 140#0006664700000801
(1617383949.636703) can0 152#F03C000000000082
(1617383949.657248) can0 018#0110700E000000AF
(1617383949.657250) can0 140#00083F4700000801
(1617383949.657251) can0 152#F04C000000000082
(1617383949.677879) can0 018#01107002000000A3
(1617383949.677882) can0 140#000A2D4700000801
(1617383949.677883) can0 152#F05C000000000082
(1617383949.698778) can0 018#01107006000000A7
(1617383949.698780) can0 140#000C1D4700000801
(1617383949.698782) can0 372#00E0000000000000
(1617383949.718949) can0 152#F06C000000000082
(1617383949.718951) can0 018#0110700A000000AB
(1617383949.718953) can0 152#F07C000000000082
(1617383949.739413) can0 018#0110700E000000AF
(1617383949.739415) can0 140#00000D4700000801
(1617383949.739416) can0 152#F08C000000000082
(1617383949.760068) can0 018#01107002000000A3
(1617383949.760071) can0 140#0002F94600000801
(1617383949.760072) can0 152#F09C000000000082
(1617383949.780924) can0 018#01107006000000A7
(1617383949.780927) can0 156#0000000000000000
(1617383949.780929) can0 152#F0AC000000000082
(1617383949.801663) can0 018#0110700A000000AB
(1617383949.801665) can0 140#0006D94600000801
(1617383949.801666) can0 152#F0BC000000000082
(1617383949.822486) can0 018#0110700E000000AF
(1617383949.822488) can0 140#0008CA4600000801
(1617383949.822489) can0 152#F0CC000000000082
(1617383949.842408) can0 018#01107002000000A3
(1617383949.842410) can0 140#000AB84600000801
(1617383949.842419) can0 152#F0DC000000000082
(1617383949.862575) can0 018#01107006000000A7
(1617383949.862577) can0 140#000CA84600000801
(1617383949.862579) can0 140#000E954600000801
(1617383949.883488) can0 141#8B261E279586A700
(1617383949.883490) can0 142#8B26000000000000
(1617383949.883492) can0 142#8C26000000000000
(1617383949.904462) can0 156#0000000000000000
(1617383949.904464) can0 0D0#03FF00000000FF00
(1617383949.904466) can0 0D0#03FF000000000000
(1617383949.924135) can0 0D1#00000000
(1617383949.924137) can0 0D2#0000FFFF00000000
(1617383949.924139) can0 0D0#03FF00000000FF00
(1617383949.944692) can0 0D1#00000000
(1617383949.944694) can0 0D2#0000FFFF00000000
(1617383949.944696) can0 156#0000000000000000
(1617383949.964777) can0 0D0#03FF01000000FE00
(1617383949.964780) can0 0D1#00000000
(1617383949.964781) can0 0D0#03FF00000000FF00
(1617383949.985449) can0 0D1#00000000
(1617383949.985451) can0 0D2#0000FFFF00000000
(1617383949.985452) can0 0D4#0000000000000000
(1617383950.005698) can0 018#01107004000000A5
(1617383950.005701) can0 140#000B0F4600000901
(1617383950.005702) can0 370#00000000000D0000
(1617383950.026735) can0 018#01107008000000A9
(1617383950.026737) can0 140#000DFB4500000901
(1617383950.026738) can0 284#C009000200000000
(1617383950.047268) can0 018#0110700C000000AD
(1617383950.047270) can0 282#CD216CFDFD032000
(1617383950.047272) can0 018#01107000000000A1
(1617383950.067742) can0 140#0001D34500000901
(1617383950.067744) can0 141#8F262627D385A700
(1617383950.067745) can0 018#01107004000000A5
(1617383950.088263) can0 140#0003BD4500000901
(1617383950.088266) can0 141#8F262727BD85A700
(1617383950.088267) can0 018#01107008000000A9
(1617383950.108779) can0 140#0005A84500000901
(1617383950.108781) can0 141#90262927A885A700
(1617383950.108783) can0 370#00000000000F0000
(1617383950.129051) can0 018#0110700C000000AD
(1617383950.129053) can0 140#00079B4500000901
(1617383950.129055) can0 018#01107000000000A1
(1617383950.149600) can0 140#0009924500000901
(1617383950.149602) can0 141#91262C279285A700
(1617383950.149603) can0 018#01107004000000A5
(1617383950.169595) can0 140#000B834500000901
(1617383950.169597) can0 141#91262D278385A700
(1617383950.169598) can0 018#01107008000000A9
(1617383950.190320) can0 140#000D784500000901
(1617383950.190322) can0 141#91262F277885A700
(1617383950.190323) can0 018#0110700C000000AD
(1617383950.210669) can0 140#000F704500000901
(1617383950.210672) can0 141#912631277085A700
(1617383950.210673) can0 370#0000000000010000
(1617383950.231177) can0 018#01107000000000A1
(1617383950.231179) can0 282#CD516CFDFD032000
(1617383950.231180) can0 018#01107004000000A5
(1617383950.251780) can0 140#00035B4500000901
(1617383950.251782) can0 141#922632276885A700
(1617383950.251783) can0 140#00054A4500000901
(1617383950.272356) can0 141#922636274A85A700
(1617383950.272358) can0 142#9226000000000000
(1617383950.272359) can0 140#00073D4500000901
(1617383950.292577) can0 141#922636274A85A700
(1617383950.292579) can0 142#9226000000000000
(1617383950.292581) can0 140#00093D4500000901
(1617383950.313440) can0 141#932637273D85A700
(1617383950.313442) can0 142#9326000000000000
(1617383950.313444) can0 142#9326000000000000
(1617383950.334442) can0 144#C000570201A4A000
(1617383950.334457) can0 280#000B000000000000
(1617383950.334458) can0 280#000C000000000000
(1617383950.354695) can0 018#0110700A000000AB
(1617383950.354697) can0 152#F06C000000000082
(1617383950.354699) can0 280#000D000000000000
(1617383950.375279) can0 152#F07C000000000082
(1617383950.375281) can0 018#0110700E000000AF
(1617383950.375282) can0 018#01107002000000A3
(1617383950.395562) can0 152#F08C000000000082
(1617383950.395564) can0 140#0002104500000901
(1617383950.395566) can0 282#CD816CFDFD032000
(1617383950.415933) can0 372#0050000000000000
(1617383950.415935) can0 152#F0AC000000000082
(1617383950.436844) can0 018#0110700A000000AB
(1617383950.436846) can0 140#0006FA4400000901
(1617383950.436847) can0 018#0110700E000000AF
(1617383950.457737) can0 152#F0BC000000000082
(1617383950.457739) can0 140#0008EB4400000901
(1617383950.457740) can0 018#01107002000000A3
(1617383950.478409) can0 152#F0CC000000000082
(1617383950.478419) can0 140#000ADF4400000901
(1617383950.478421) can0 152#F0DC000000000082
(1617383950.498890) can0 018#01107006000000A7
(1617383950.498893) can0 140#000CCF4400000901
(1617383950.498894) can0 372#0060000000000000
(1617383950.519688) can0 152#F0EC000000000082
(1617383950.519690) can0 018#0110700A000000AB
(1617383950.519692) can0 018#0110700E000000AF
(1617383950.539940) can0 152#F0FC000000000082
(1617383950.539942) can0 140#0000C24400000901
(1617383950.539943) can0 152#F00C000000000082
(1617383950.560418) can0 018#01107002000000A3
(1617383950.560420) can0 140#0002B84400000901
(1617383950.560421) can0 152#F01C000000000082
(1617383950.580886) can0 018#01107006000000A7
(1617383950.580888) can0 140#0004AA4400000901
(1617383950.580889) can0 018#0110700A000000AB
(1617383950.601720) can0 152#F02C000000000082
(1617383950.601726) can0 140#00069E4400000901
(1617383950.601727) can0 372#0070000000000000
(1617383950.622787) can0 018#0110700E000000AF
(1617383950.622788) can0 152#F03C000000000082
(1617383950.622789) can0 018#01107002000000A3
(1617383950.643659) can0 152#F04C000000000082
(1617383950.643660) can0 140#000A954400000901
(1617383950.643661) can0 018#01107006000000A7
(1617383950.663865) can0 152#F05C000000000082
(1617383950.663866) can0 140#000C8B4400000901
(1617383950.663867) can0 156#0000000000000000
(1617383950.684535) can0 140#000E834400000901
(1617383950.684537) can0 141#95264D27B084A700
(1617383950.684539) can0 141#94264F27AE84A700
(1617383950.705483) can0 142#9426000000000000
(1617383950.705485) can0 156#0000000000000000
(1617383950.705486) can0 156#0000000000000000
(1617383950.726398) can0 0D0#03FF000000000000
(1617383950.726399) can0 0D1#00000000
(1617383950.726401) can0 156#0000000000000000
(1617383950.746468) can0 0D0#03FF00000000FF00
(1617383950.746470) can0 0D1#00000000
(1617383950.746471) can0 0D0#03FF01000000FF00
(1617383950.766605) can0 0D1#00000000
(1617383950.766606) can0 0D2#0000FFFF00000000
(1617383950.766608) can0 0D4#0000000000000000
(1617383950.787437) can0 370#00000000000C0000
(1617383950.787440) can0 018#01107000000000A1
(1617383950.787441) can0 018#01107004000000A5
(1617383950.807353) can0 140#000B554400000901
(1617383950.807356) can0 141#922654279F84A700
(1617383950.807357) can0 018#01107008000000A9
(1617383950.827845) can0 282#CDF16CFDFD032000
(1617383950.827847) can0 140#000D554400000901
(1617383950.827848) can0 284#C001000200000000
(1617383950.848699) can0 018#0110700C000000AD
(1617383950.848701) can0 140#000F4F4400000901
(1617383950.848703) can0 018#01107000000000A1
(1617383950.869028) can0 140#0001474400000901
(1617383950.869030) can0 141#912656279384A700
(1617383950.869031) can0 018#01107004000000A5
(1617383950.889555) can0 140#0003474400000901
(1617383950.889557) can0 141#912656279084A700
(1617383950.889559) can0 018#01107008000000A9
