(1768506719.528923) can0 020#0000070000002E
(1768506719.528929) can0 224#0000000000000008
(1768506719.529854) can0 025#0105880078787823
(1768506719.529860) can0 024#020101F8620D8017
(1768506719.534722) can0 0AA#1A6F1A6F1A6F1A6F
(1768506719.540847) can0 020#0000070000002E
(1768506719.540990) can0 0B4#00000000000000BC
(1768506719.541230) can0 223#000000000000002D
(1768506719.541533) can0 260#08FFFD000000006E
(1768506719.541696) can0 025#0105880078787823
(1768506719.541940) can0 024#020101F8620D7F16
(1768506719.546795) can0 0AA#1A6F1A6F1A6F1A6F
(1768506719.552812) can0 020#0000070000002E
(1768506719.553195) can0 224#0000000000000008
(1768506719.553633) can0 025#0105880078787823
(1768506719.554062) can0 024#020201F8620D8018
(1768506719.558915) can0 0AA#1A6F1A6F1A6F1A6F
(1768506719.558960) can0 1AA#0000000000B1
(1768506719.561576) can0 260#08FFFE0000FFFD6B
(1768506719.565124) can0 020#0000070000002E
(1768506719.565139) can0 0B4#00000000000000BC
(1768506719.565363) can0 223#000000000000002D
(1768506719.565571) can0 024#020101F8620D8017
(1768506719.565799) can0 025#0105880078787823
(1768506719.571135) can0 0AA#1A6F1A6F1A6F1A6F
(1768506719.571594) can0 351#00000000
(1768506719.576873) can0 020#0000070000002E
(1768506719.577120) can0 224#0000000000000008
(1768506719.577659) can0 025#0105880078787823
(1768506719.577873) can0 024#020101F8620D8017
(1768506719.578150) can0 3A0#00A900000000002D
(1768506719.578338) can0 630#1700000000000000
(1768506719.581767) can0 260#08FFFD000000016F
(1768506719.582881) can0 0AA#1A6F1A6F1A6F1A6F
(1768506719.586945) can0 632#8000000000000000
(1768506719.588866) can0 020#0000070000002E
(1768506719.589174) can0 0B4#00000000000000BC
(1768506719.589446) can0 223#000000000000002D
(1768506719.589590) can0 025#0105880078787823
(1768506719.589908) can0 024#020201F8620D8018
(1768506719.590836) can0 45C#4002000000000000
(1768506719.591956) can0 4C8#0900000000000000
(1768506719.594941) can0 0AA#1A6F1A6F1A6F1A6F
(1768506719.597748) can0 635#8300000000000000
(1768506719.601129) can0 020#0000070000002E
(1768506719.601140) can0 224#0000000000000008
(1768506719.601585) can0 025#0105880078787823
(1768506719.602036) can0 260#08FFFD000000006E
(1768506719.602235) can0 024#020101F8620D8017
(1768506719.606339) can0 621#1100000000000000
(1768506719.607030) can0 0AA#1A6F1A6F1A6F1A6F
(1768506719.607176) can0 1AA#0000000000B1
(1768506719.610913) can0 4C6#0700020000000000
(1768506719.613085) can0 020#0000070000002E
(1768506719.613144) can0 0B4#00000000000000BC
(1768506719.613420) can0 223#000000000000002D
(1768506719.613677) can0 024#020101F8620D8017
(1768506719.613949) can0 025#0105880078787823
(1768506719.614176) can0 420#000F0000FCFB0032
(1768506719.615124) can0 622#1200000000000000
(1768506719.619188) can0 0AA#1A6F1A6F1A6F1A6F
(1768506719.622242) can0 260#08FFFD0000000573
(1768506719.624105) can0 624#1A0041494940FF00
(1768506719.624994) can0 020#0000070000002E
(1768506719.625199) can0 224#0000000000000008
(1768506719.625616) can0 025#0105880078787823
(1768506719.625865) can0 024#020101F8620D8017
(1768506719.631236) can0 0AA#1A6F1A6F1A6F1A6F
(1768506719.632297) can0 351#00000000
(1768506719.633353) can0 626#1C00300000000000
(1768506719.637075) can0 020#0000070000002E
(1768506719.637358) can0 0B4#00000000000000BC
(1768506719.637539) can0 223#000000000000002D
(1768506719.637770) can0 025#0105880078787823
(1768506719.638048) can0 024#020101F8620D8118
(1768506719.642514) can0 260#08FFFE0000000271
(1768506719.642790) can0 638#1300190000000000
(1768506719.643116) can0 0AA#1A6F1A6F1A6F1A6F
(1768506719.649113) can0 020#0000070000002E
(1768506719.649362) can0 224#0000000000000008
(1768506719.649939) can0 025#0105880082828241
(1768506719.650349) can0 024#020101F8620D8017
(1768506719.651987) can0 63B#1600317400000858
(1768506719.655148) can0 0AA#1A6F1A6F1A6F1A6F
(1768506719.655356) can0 1AA#0000000000B1
(1768506719.661138) can0 020#0000070000002E
(1768506719.661379) can0 0B4#00000000000000BC
(1768506719.661653) can0 223#000000000000002D
(1768506719.661866) can0 024#020101F8620D8017
(1768506719.662092) can0 025#0105880078787823
(1768506719.662357) can0 680#D800010000000000
(1768506719.662697) can0 260#08FFFD0000FFFF6C
(1768506719.667148) can0 0AA#1A6F1A6F1A6F1A6F
(1768506719.673173) can0 020#0000070000002E
(1768506719.673354) can0 224#0000000000000008
(1768506719.673887) can0 024#020101F8620D8017
(1768506719.674119) can0 025#0105880078787823
(1768506719.678176) can0 3A0#00A800000000002D
(1768506719.679222) can0 0AA#1A6F1A6F1A6F1A6F
(1768506719.683085) can0 260#08FFFE0000FFFB69
(1768506719.685199) can0 020#0000070000002E
(1768506719.685476) can0 0B4#00000000000000BC
(1768506719.685627) can0 223#000000000000002D
(1768506719.685927) can0 025#0105880078787823
(1768506719.686118) can0 440#4202000000000000
(1768506719.686425) can0 024#020101F8620D8017
(1768506719.688254) can0 4C7#0800012100000000
(1768506719.691256) can0 0AA#1A6F1A6F1A6F1A6F
(1768506719.693056) can0 351#00000000
(1768506719.697278) can0 020#0000070000002E
(1768506719.697523) can0 224#0000000000000008
(1768506719.697826) can0 025#0105880078787823
(1768506719.698275) can0 4DC#1D00000000000000
(1768506719.698499) can0 024#020101F8620D8017
(1768506719.701254) can0 620#1000000030320050
(1768506719.703219) can0 260#08FFFE0000FFFE6C
(1768506719.703423) can0 0AA#1A6F1A6F1A6F1A6F
(1768506719.703603) can0 1AA#0000000000B1
(1768506719.709288) can0 020#0000070000002E
(1768506719.709560) can0 0B4#00000000000000BC
(1768506719.709803) can0 223#000000000000002D
(1768506719.710035) can0 024#020101F8620D8017
(1768506719.710263) can0 025#0105880078787823
(1768506719.715385) can0 0AA#1A6F1A6F1A6F1A6F
(1768506719.715906) can0 4DD#1E00000100000000
(1768506719.721362) can0 020#0000070000002E
(1768506719.721495) can0 224#0000000000000008
(1768506719.721879) can0 025#0105880078787823
(1768506719.722106) can0 024#020101F8620D8017
(1768506719.723600) can0 260#08FFFD0000FFFC69
(1768506719.727306) can0 0AA#1A6F1A6F1A6F1A6F
(1768506719.733352) can0 020#0000070000002E
(1768506719.733576) can0 0B4#00000000000000BC
(1768506719.733799) can0 223#000000000000002D
(1768506719.734050) can0 025#0105880078787823
(1768506719.734297) can0 024#020101F8620D8017
(1768506719.739345) can0 0AA#1A6F1A6F1A6F1A6F
(1768506719.743632) can0 260#08FFFE0000000372
(1768506719.745342) can0 020#0000070000002E
(1768506719.745591) can0 224#0000000000000008
(1768506719.746423) can0 025#0105880078787823
(1768506719.746670) can0 024#020101F8620D8017
(1768506719.751367) can0 0AA#1A6F1A6F1A6F1A6F
(1768506719.751611) can0 1AA#0000000000B1
(1768506719.753774) can0 351#00000000
(1768506719.757575) can0 020#0000070000002E
(1768506719.757587) can0 0B4#00000000000000BC
(1768506719.757864) can0 223#000000000000002D
(1768506719.758114) can0 024#020101F8620D8017
(1768506719.758334) can0 3B0#0000004E0000
(1768506719.758539) can0 025#0105880078787823
(1768506719.763621) can0 0AA#1A6F1A6F1A6F1A6F
(1768506719.763779) can0 260#08FFFD0000000270
(1768506719.765936) can0 6C0#E40000E000000000
(1768506719.769529) can0 020#0000070000002E
(1768506719.769649) can0 224#0000000000000008
(1768506719.770170) can0 024#020101F8620D8017
(1768506719.770416) can0 025#0105880078787823
(1768506719.775675) can0 0AA#1A6F1A6F1A6F1A6F
(1768506719.778214) can0 3A0#00A800000000002D
(1768506719.781766) can0 020#0000070000002E
(1768506719.781901) can0 0B4#00000000000000BC
(1768506719.782149) can0 223#000000000000002D
(1768506719.782358) can0 442#4D02000000000000
(1768506719.782638) can0 024#020101F8620D8017
(1768506719.782866) can0 025#0105880078787823
(1768506719.784240) can0 260#08FFFD000000006E
(1768506719.787873) can0 0AA#1A6F1A6F1A6F1A6F
(1768506719.793675) can0 020#0000070000002E
(1768506719.793887) can0 224#0000000000000008
(1768506719.794542) can0 025#0105880078787823
(1768506719.794791) can0 024#020101F8620D8017
(1768506719.798230) can0 380#0000000000003000
(1768506719.799703) can0 0AA#1A6F1A6F1A6F1A6F
(1768506719.799879) can0 1AA#0000000000B1
(1768506719.804328) can0 260#08FFFD0000000371
(1768506719.804377) can0 394#00
(1768506719.805673) can0 020#0000070000002E
(1768506719.805964) can0 0B4#00000000000000BC
(1768506719.806185) can0 024#020101F8620D8017
(1768506719.806462) can0 223#000000000000002D
(1768506719.806666) can0 025#0105880078787823
(1768506719.806936) can0 3B7#0020000000000000
(1768506719.811756) can0 0AA#1A6F1A6F1A6F1A6F
(1768506719.814331) can0 351#00000000
(1768506719.817767) can0 020#0000070000002E
(1768506719.818016) can0 224#0000000000000008
(1768506719.818323) can0 024#020201F8620D8018
(1768506719.818533) can0 025#0105880078787823
(1768506719.823805) can0 0AA#1A6F1A6F1A6F1A6F
(1768506719.824507) can0 260#08FFFD000000006E
(1768506719.829808) can0 020#0000070000002E
(1768506719.830056) can0 0B4#00000000000000BC
(1768506719.830329) can0 223#000000000000002D
(1768506719.830554) can0 025#0105880078787823
(1768506719.830744) can0 024#020201F8620D8018
(1768506719.836035) can0 0AA#1A6F1A6F1A6F1A6F
(1768506719.841878) can0 020#0000070000002E
(1768506719.842130) can0 224#0000000000000008
(1768506719.842451) can0 025#0105880078787823
(1768506719.842874) can0 024#020101F8620D8017
(1768506719.844852) can0 260#08FFFD0000000371
(1768506719.848080) can0 0AA#1A6F1A6F1A6F1A6F
(1768506719.848091) can0 1AA#0000000000B1
(1768506719.853965) can0 020#0000070000002E
(1768506719.854143) can0 0B4#00000000000000BC
(1768506719.854416) can0 223#000000000000002D
(1768506719.854662) can0 025#0105880078787823
(1768506719.855198) can0 024#020101F8620D8017
(1768506719.860064) can0 0AA#1A6F1A6F1A6F1A6F
(1768506719.864925) can0 260#08FFFC000000006D
(1768506719.866112) can0 020#0000070000002E
(1768506719.866166) can0 224#0000000000000008
(1768506719.866513) can0 024#020101F8620D8017
(1768506719.866718) can0 025#0105880078787823
(1768506719.872117) can0 0AA#1A6F1A6F1A6F1A6F
(1768506719.875126) can0 351#00000000
(1768506719.878090) can0 020#0000070000002E
(1768506719.878317) can0 0B4#00000000000000BC
(1768506719.878523) can0 223#000000000000002D
(1768506719.878764) can0 024#020101F8620D8017
(1768506719.879000) can0 025#0105880082828241
(1768506719.879239) can0 3A0#00A900000000002D
(1768506719.882702) can0 44D#5C02000000000000
(1768506719.883986) can0 0AA#1A6F1A6F1A6F1A6F
(1768506719.885194) can0 260#08FFFC000000016E
(1768506719.890076) can0 020#0000070000002E
(1768506719.890325) can0 224#0000000000000008
(1768506719.890858) can0 025#0105880078787823
(1768506719.890987) can0 024#020101F8620D8017
(1768506719.891943) can0 610#2000006400000000
(1768506719.896276) can0 0AA#1A6F1A6F1A6F1A6F
(1768506719.896287) can0 1AA#0000000000B1
(1768506719.902168) can0 020#0000070000002E
(1768506719.902348) can0 0B4#00000000000000BC
(1768506719.902598) can0 223#000000000000002D
(1768506719.902774) can0 025#0105880078787823
(1768506719.903321) can0 024#020101F8620D8017
(1768506719.905721) can0 260#08FFFE0000FFFD6B
(1768506719.908145) can0 0AA#1A6F1A6F1A6F1A6F
(1768506719.914182) can0 020#0000070000002E
(1768506719.914388) can0 224#0000000000000008
(1768506719.914600) can0 024#020101F8620D8017
(1768506719.914816) can0 025#0105880078787823
(1768506719.920193) can0 0AA#1A6F1A6F1A6F1A6F
(1768506719.925687) can0 260#08FFFE0000FFFA68
(1768506719.926182) can0 020#0000070000002E
(1768506719.926436) can0 0B4#00000000000000BC
(1768506719.926685) can0 223#000000000000002D
(1768506719.926933) can0 024#020101F8620D8017
(1768506719.927168) can0 025#0105880078787823
(1768506719.932165) can0 0AA#1A6F1A6F1A6F1A6F
(1768506719.935714) can0 351#00000000
(1768506719.938190) can0 020#0000070000002E
(1768506719.938484) can0 224#0000000000000008
(1768506719.938773) can0 025#0105880078787823
(1768506719.939130) can0 024#020101F8620D8017
(1768506719.944308) can0 0AA#1A6F1A6F1A6F1A6F
(1768506719.944494) can0 1AA#0000000000B1
(1768506719.945939) can0 260#08FFFE0000000473
(1768506719.950308) can0 020#0000070000002E
(1768506719.950515) can0 0B4#00000000000000BC
(1768506719.950767) can0 223#000000000000002D
(1768506719.951337) can0 025#0105880078787823
(1768506719.951618) can0 024#020101F8620D8017
(1768506719.956315) can0 0AA#1A6F1A6F1A6F1A6F
(1768506719.962383) can0 020#0000070000002E
(1768506719.962583) can0 224#0000000000000008
(1768506719.962806) can0 024#020101F8620D8017
(1768506719.963567) can0 025#0105880078787823
(1768506719.966176) can0 260#08FFFD000000006E
(1768506719.968386) can0 0AA#1A6F1A6F1A6F1A6F
(1768506719.974521) can0 020#0000070000002E
(1768506719.974787) can0 0B4#00000000000000BC
(1768506719.975054) can0 024#020101F8620D8017
(1768506719.975302) can0 223#000000000000002D
(1768506719.975511) can0 025#0105880078787823
(1768506719.978372) can0 3A0#00A900000000002D
(1768506719.980563) can0 0AA#1A6F1A6F1A6F1A6F
(1768506719.986025) can0 45C#4002000000000000
(1768506719.986318) can0 260#08FFFD0000000472
(1768506719.986588) can0 020#0000070000002E
(1768506719.986850) can0 224#0000000000000008
(1768506719.987303) can0 024#020101F8620D8017
(1768506719.987445) can0 025#0105880078787823
(1768506719.992646) can0 0AA#1A6F1A6F1A6F1A6F
(1768506719.992823) can0 1AA#0000000000B1
(1768506719.996561) can0 351#00000000
(1768506719.998817) can0 020#0000070000002E
(1768506719.998828) can0 0B4#00000000000000BC
(1768506719.999047) can0 223#000000000000002D
(1768506719.999699) can0 025#0105880078787823
(1768506719.999709) can0 024#020101F8620D8017
(1768506720.001022) can0 620#1000000030320050
(1768506720.004835) can0 0AA#1A6F1A6F1A6F1A6F
(1768506720.006736) can0 260#08FFFD0000FFFE6B
(1768506720.010692) can0 020#0000070000002E
(1768506720.010917) can0 224#0000000000000008
(1768506720.011684) can0 025#0105880078787823
(1768506720.011744) can0 024#020101F8620D8017
(1768506720.016705) can0 0AA#1A6F1A6F1A6F1A6F
(1768506720.022707) can0 020#0000070000002E
(1768506720.022951) can0 0B4#00000000000000BC
(1768506720.023214) can0 024#020101F8620D8017
(1768506720.023426) can0 223#000000000000002D
(1768506720.023676) can0 025#0105880078787823
(1768506720.026974) can0 260#08FFFE0000000473
(1768506720.028932) can0 0AA#1A6F1A6F1A6F1A6F
(1768506720.034769) can0 020#0000070000002E
(1768506720.035027) can0 224#0000000000000008
(1768506720.035356) can0 024#020101F8620D8017
(1768506720.035590) can0 025#0105880078787823
(1768506720.040876) can0 0AA#1A6F1A6F1A6F1A6F
(1768506720.040936) can0 1AA#0000000000B1
(1768506720.046807) can0 020#0000070000002E
(1768506720.047053) can0 0B4#00000000000000BC
(1768506720.047297) can0 223#000000000000002D
(1768506720.047530) can0 025#0105880078787823
(1768506720.047780) can0 024#020101F8620D8017
(1768506720.047951) can0 260#08FFFE0000FFFC6A
(1768506720.052849) can0 0AA#1A6F1A6F1A6F1A6F
(1768506720.057090) can0 351#00000000
(1768506720.058877) can0 020#0000070000002E
(1768506720.059098) can0 224#0000000000000008
(1768506720.059433) can0 025#0105880078787823
(1768506720.059933) can0 024#020101F8620D8017
(1768506720.064897) can0 0AA#1A6F1A6F1A6F1A6F
(1768506720.065859) can0 6C0#E40000E000000000
(1768506720.067292) can0 260#08FFFD0000FFFB68
(1768506720.070894) can0 020#0000070000002E
(1768506720.071184) can0 0B4#00000000000000BC
(1768506720.071431) can0 024#020101F8620D8017
(1768506720.071648) can0 025#0105880078787823
(1768506720.071871) can0 223#000000000000002D
(1768506720.076971) can0 0AA#1A6F1A6F1A6F1A6F
(1768506720.078394) can0 3A0#00A900000000002D
(1768506720.083006) can0 020#0000070000002E
(1768506720.083206) can0 224#0000000000000008
(1768506720.083483) can0 024#020101F8620D8017
(1768506720.083778) can0 025#0105880082828241
(1768506720.085783) can0 440#4202000000000000
(1768506720.087699) can0 260#08FFFD0000FFFF6C
(1768506720.089159) can0 0AA#1A6F1A6F1A6F1A6F
(1768506720.089170) can0 1AA#0000000000B1
(1768506720.095190) can0 020#0000070000002E
(1768506720.095228) can0 0B4#00000000000000BC
(1768506720.095493) can0 223#000000000000002D
(1768506720.095774) can0 024#020101F8620D8017
(1768506720.096013) can0 025#0105880078787823
(1768506720.101194) can0 0AA#1A6F1A6F1A6F1A6F
(1768506720.107098) can0 020#0000070000002E
(1768506720.107300) can0 224#0000000000000008
(1768506720.107520) can0 3B7#0020000000000000
(1768506720.107772) can0 260#08FFFE0000000170
(1768506720.107985) can0 025#0105880078787823
(1768506720.108246) can0 024#020101F8620D8017
(1768506720.108342) can0 394#00
(1768506720.113017) can0 0AA#1A6F1A6F1A6F1A6F
(1768506720.117689) can0 351#00000000
(1768506720.119081) can0 020#0000070000002E
(1768506720.119313) can0 0B4#00000000000000BC
(1768506720.119562) can0 223#000000000000002D
(1768506720.119801) can0 025#0105880078787823
(1768506720.120379) can0 024#020101F8620D8017
(1768506720.125129) can0 0AA#1A6F1A6F1A6F1A6F
(1768506720.128114) can0 260#08FFFF0000FFFF6E
(1768506720.131153) can0 020#0000070000002E
(1768506720.131403) can0 224#0000000000000008
(1768506720.131587) can0 024#020101F8620D8017
(1768506720.131914) can0 025#0105880078787823
(1768506720.137166) can0 0AA#1A6F1A6F1A6F1A6F
(1768506720.137302) can0 1AA#0000000000B1
(1768506720.143164) can0 020#0000070000002E
(1768506720.143417) can0 0B4#00000000000000BC
(1768506720.143666) can0 223#000000000000002D
(1768506720.143910) can0 025#0105880078787823
(1768506720.144122) can0 024#020101F8620D8017
(1768506720.148568) can0 260#0800000000000072
(1768506720.149282) can0 0AA#1A6F1A6F1A6F1A6F
(1768506720.151115) can0 63B#160031740000085D
(1768506720.155211) can0 020#0000070000002E
(1768506720.155457) can0 224#0000000000000008
(1768506720.155742) can0 025#0105880078787823
(1768506720.156140) can0 024#020101F8620D8017
(1768506720.161284) can0 0AA#1A6F1A6F1A6F1A6F
(1768506720.162279) can0 633#8100000000000000
(1768506720.167288) can0 020#0000070000002E
(1768506720.167484) can0 0B4#00000000000000BC
(1768506720.167746) can0 223#000000000000002D
(1768506720.168278) can0 025#0105880078787823
(1768506720.168518) can0 024#020101F8620D8017
(1768506720.168735) can0 260#08FFFE000000006F
(1768506720.173313) can0 0AA#1A6F1A6F1A6F1A6F
(1768506720.173566) can0 4C3#0300130700000000
(1768506720.178407) can0 3A0#00A800000000002D
(1768506720.178646) can0 351#00000000
(1768506720.179520) can0 020#0000070000002E
(1768506720.179530) can0 224#0000000000000008
(1768506720.179798) can0 024#020101F8620D8017
(1768506720.180281) can0 025#0105880078787823
(1768506720.181734) can0 442#4D02000000000000
(1768506720.185456) can0 0AA#1A6F1A6F1A6F1A6F
(1768506720.185672) can0 1AA#0000000000B1
(1768506720.188648) can0 260#08FFFC0000FFFF6B
(1768506720.191495) can0 020#0000070000002E
(1768506720.191747) can0 0B4#00000000000000BC
(1768506720.191933) can0 223#000000000000002D
(1768506720.192240) can0 024#020101F8620D8017
(1768506720.192492) can0 025#0105880078787823
(1768506720.196457) can0 423#00
(1768506720.197469) can0 0AA#1A6F1A6F1A6F1A6F
(1768506720.201766) can0 640#A800000001670000
(1768506720.203898) can0 020#0000070000002E
(1768506720.203903) can0 224#0000000000000008
(1768506720.204476) can0 024#020101F8620D8017
(1768506720.204481) can0 025#0105880078787823
(1768506720.208986) can0 260#08FFFB000000026E
(1768506720.209711) can0 0AA#1A6F1A6F1A6F1A6F
(1768506720.215680) can0 020#0000070000002E
(1768506720.215815) can0 0B4#00000000000000BC
(1768506720.216160) can0 223#000000000000002D
(1768506720.216436) can0 025#0105880078787823
(1768506720.216611) can0 024#020101F8620D8017
(1768506720.221595) can0 0AA#1A6F1A6F1A6F1A6F
(1768506720.227673) can0 020#0000070000002E
(1768506720.227924) can0 224#0000000000000008
(1768506720.228420) can0 025#0105880078787823
(1768506720.228900) can0 024#020101F8620D8017
(1768506720.229158) can0 260#08FFFD0000FFFE6B
(1768506720.233722) can0 0AA#1A6F1A6F1A6F1A6F
(1768506720.233925) can0 1AA#0000000000B1
(1768506720.239129) can0 351#00000000
(1768506720.239731) can0 020#0000070000002E
(1768506720.239928) can0 0B4#00000000000000BC
(1768506720.240280) can0 223#000000000000002D
(1768506720.240456) can0 024#020101F8620D8017
(1768506720.240687) can0 025#0105880078787823
(1768506720.245740) can0 0AA#1A6F1A6F1A6F1A6F
(1768506720.249300) can0 260#08FFFF0000FFFE6D
(1768506720.251730) can0 020#0000070000002E
(1768506720.252018) can0 224#0000000000000008
(1768506720.252380) can0 025#0105880078787823
(1768506720.252653) can0 024#020101F8620D8017
(1768506720.257777) can0 0AA#1A6F1A6F1A6F1A6F
(1768506720.263797) can0 020#0000070000002E
(1768506720.264043) can0 0B4#00000000000000BC
(1768506720.264265) can0 223#000000000000002D
(1768506720.264532) can0 025#0105880078787823
(1768506720.264775) can0 024#020101F8620D8017
(1768506720.269749) can0 260#08FFFE0000FFFF6D
(1768506720.269985) can0 0AA#1A6F1A6F1A6F1A6F
(1768506720.275891) can0 020#0000070000002E
(1768506720.275981) can0 224#0000000000000008
(1768506720.276360) can0 025#0105880078787823
(1768506720.277038) can0 024#020101F8620D8017
(1768506720.277275) can0 44D#5C02000000000000
(1768506720.278697) can0 3A0#00A800000000002D
(1768506720.281779) can0 0AA#1A6F1A6F1A6F1A6F
(1768506720.282015) can0 1AA#0000000000B1
(1768506720.287862) can0 020#0000070000002E
(1768506720.288064) can0 0B4#00000000000000BC
(1768506720.288351) can0 223#000000000000002D
(1768506720.288492) can0 024#020101F8620D8017
(1768506720.288781) can0 025#0105880078787823
(1768506720.289978) can0 260#08FFFB0000000470
(1768506720.293842) can0 0AA#1A6F1A6F1A6F1A6F
(1768506720.299768) can0 351#00000000
(1768506720.299979) can0 020#0000070000002E
(1768506720.300266) can0 224#0000000000000008
(1768506720.300577) can0 024#020101F8620D8017
(1768506720.300791) can0 025#0105880082828241
(1768506720.301055) can0 620#1000000030320050
(1768506720.305871) can0 0AA#1A6F1A6F1A6F1A6F
(1768506720.310009) can0 260#08FFFC000000006D
(1768506720.312156) can0 020#0000070000002E
(1768506720.312171) can0 0B4#00000000000000BC
(1768506720.312386) can0 223#000000000000002D
(1768506720.312668) can0 025#0105880078787823
(1768506720.312856) can0 024#020101F8620D8017
(1768506720.317934) can0 0AA#1A6F1A6F1A6F1A6F
(1768506720.324152) can0 020#0000070000002E
(1768506720.324201) can0 224#0000000000000008
(1768506720.324787) can0 025#0105880078787823
(1768506720.325165) can0 024#020101F8620D8017
(1768506720.329985) can0 0AA#1A6F1A6F1A6F1A6F
(1768506720.330115) can0 1AA#0000000000B1
(1768506720.330419) can0 260#08FFFE000000006F
(1768506720.335983) can0 020#0000070000002E
(1768506720.336261) can0 0B4#00000000000000BC
(1768506720.336467) can0 223#000000000000002D
(1768506720.336698) can0 024#020101F8620D8017
(1768506720.336953) can0 025#0105880078787823
(1768506720.342031) can0 0AA#1A6F1A6F1A6F1A6F
(1768506720.348290) can0 020#0000070000002E
(1768506720.348305) can0 224#0000000000000008
(1768506720.348639) can0 025#0105880078787823
(1768506720.348867) can0 024#020101F8620D8017
(1768506720.350756) can0 260#0800000000000375
(1768506720.354145) can0 0AA#1A6F1A6F1A6F1A6F
(1768506720.360217) can0 020#0000070000002E
(1768506720.360232) can0 0B4#00000000000000BC
(1768506720.360512) can0 223#000000000000002D
(1768506720.360779) can0 025#0105880078787823
(1768506720.360997) can0 024#020101F8620D8017
(1768506720.361176) can0 351#00000000
(1768506720.366025) can0 6C0#E40000E000000000
(1768506720.366253) can0 0AA#1A6F1A6F1A6F1A6F
(1768506720.370867) can0 260#08FFFE0000FFFC6A
(1768506720.372230) can0 020#0000070000002E
(1768506720.372245) can0 224#0000000000000008
(1768506720.372775) can0 025#0105880078787823
(1768506720.373256) can0 024#020101F8620D8017
(1768506720.378089) can0 0AA#1A6F1A6F1A6F1A6F
(1768506720.378260) can0 1AA#0000000000B1
(1768506720.378568) can0 3A0#00A900000000002D
(1768506720.380836) can0 45C#4002000000000000
(1768506720.384259) can0 020#0000070000002E
(1768506720.384274) can0 0B4#00000000000000BC
(1768506720.384583) can0 223#000000000000002D
(1768506720.384813) can0 024#020101F8620D8017
(1768506720.385041) can0 025#0105880078787823
(1768506720.390096) can0 0AA#1A6F1A6F1A6F1A6F
(1768506720.390907) can0 260#08FFFC0000000370
(1768506720.391737) can0 610#2000006400000000
(1768506720.396278) can0 020#0000070000002E
(1768506720.396299) can0 224#0000000000000008
(1768506720.396639) can0 025#0105880078787823
(1768506720.396863) can0 024#020101F8620D8017
(1768506720.402167) can0 0AA#1A6F1A6F1A6F1A6F
(1768506720.404064) can0 611#2100000000007C43
(1768506720.408310) can0 020#0000070000002E
(1768506720.408355) can0 0B4#00000000000000BC
(1768506720.408657) can0 223#000000000000002D
(1768506720.408882) can0 3B7#0020000000000000
(1768506720.409162) can0 024#020101F8620D8017
(1768506720.409377) can0 025#0105880078787823
(1768506720.411473) can0 260#08FFFC000000016E
(1768506720.411486) can0 394#00
(1768506720.414150) can0 0AA#1A6F1A6F1A6F1A6F
(1768506720.420179) can0 020#0000070000002E
(1768506720.420424) can0 224#0000000000000008
(1768506720.420686) can0 3B1#0000050100000000
(1768506720.421168) can0 025#0105880078787823
(1768506720.421393) can0 024#020101F8620D8017
(1768506720.421528) can0 351#00000000
(1768506720.426259) can0 0AA#1A6F1A6F1A6F1A6F
(1768506720.426375) can0 1AA#0000000000B1
(1768506720.431558) can0 260#08FFFD0000000270
(1768506720.432248) can0 020#0000070000002E
(1768506720.432481) can0 0B4#00000000000000BC
(1768506720.432714) can0 223#000000000000002D
(1768506720.432973) can0 024#020101F8620D8017
(1768506720.433201) can0 025#0105880078787823
(1768506720.438583) can0 0AA#1A6F1A6F1A6F1A6F
(1768506720.444574) can0 020#0000070000002E
(1768506720.444663) can0 224#0000000000000008
(1768506720.444877) can0 024#020101F8620D8017
(1768506720.445185) can0 025#0105880078787823
(1768506720.450737) can0 0AA#1A6F1A6F1A6F1A6F
(1768506720.451838) can0 260#0800000000000072
(1768506720.456492) can0 020#0000070000002E
(1768506720.456681) can0 0B4#00000000000000BC
(1768506720.457094) can0 223#000000000000002D
(1768506720.457191) can0 024#020101F8620D8017
(1768506720.457451) can0 025#0105880078787823
(1768506720.462645) can0 0AA#1A6F1A6F1A6F1A6F
(1768506720.468569) can0 020#0000070000002E
(1768506720.468726) can0 224#0000000000000008
(1768506720.469300) can0 025#0105880078787823
(1768506720.469522) can0 024#020101F8620D8017
(1768506720.472151) can0 260#08FFFE000000006F
(1768506720.474741) can0 0AA#1A6F1A6F1A6F1A6F
(1768506720.474755) can0 1AA#0000000000B1
(1768506720.478706) can0 3A0#00A900000000002D
(1768506720.480805) can0 020#0000070000002E
(1768506720.480819) can0 0B4#00000000000000BC
(1768506720.480978) can0 223#000000000000002D
(1768506720.481267) can0 440#4202000000000000
(1768506720.481528) can0 025#0105880078787823
(1768506720.481797) can0 024#020101F8620D8017
(1768506720.481926) can0 351#00000000
(1768506720.486847) can0 0AA#1A6F1A6F1A6F1A6F
(1768506720.492268) can0 260#08FFFD000000006E
(1768506720.492601) can0 020#0000070000002E
(1768506720.492856) can0 224#0000000000000008
(1768506720.493056) can0 024#020101F8620D8017
(1768506720.493326) can0 025#0105880078787823
(1768506720.498658) can0 0AA#1A6F1A6F1A6F1A6F
(1768506720.504691) can0 020#0000070000002E
(1768506720.504843) can0 0B4#00000000000000BC
(1768506720.505263) can0 223#000000000000002D
(1768506720.505356) can0 024#020101F8620D8017
(1768506720.505620) can0 025#0105880078787823
(1768506720.510936) can0 0AA#1A6F1A6F1A6F1A6F
(1768506720.512446) can0 260#08FFFD0000FFFD6A
(1768506720.516689) can0 020#0000070000002E
(1768506720.516878) can0 224#0000000000000008
(1768506720.517541) can0 025#0105880078787823
(1768506720.517653) can0 024#020101F8620D8017
(1768506720.522976) can0 0AA#1A6F1A6F1A6F1A6F
(1768506720.522991) can0 1AA#0000000000B1
(1768506720.528731) can0 020#0000070000002E
(1768506720.528908) can0 0B4#00000000000000BC
(1768506720.529340) can0 223#000000000000002D
(1768506720.529434) can0 025#0105880078787823
(1768506720.529974) can0 024#020101F8620D8017
(1768506720.532584) can0 260#08FFFE000000006F
(1768506720.534739) can0 0AA#1A6F1A6F1A6F1A6F
(1768506720.540767) can0 020#0000070000002E
(1768506720.541026) can0 224#0000000000000008
(1768506720.541258) can0 024#020101F8620D8017
(1768506720.541607) can0 025#0105880082828241
(1768506720.542604) can0 351#00000000
(1768506720.546761) can0 0AA#1A6F1A6F1A6F1A6F
(1768506720.552702) can0 260#08FFFE0000000473
(1768506720.552961) can0 020#0000070000002E
(1768506720.553231) can0 0B4#00000000000000BC
(1768506720.553450) can0 223#000000000000002D
(1768506720.553609) can0 024#020101F8620D8017
(1768506720.553907) can0 025#0105880078787823
(1768506720.558811) can0 0AA#1A6F1A6F1A6F1A6F
(1768506720.564853) can0 020#0000070000002E
(1768506720.565045) can0 224#0000000000000008
(1768506720.565707) can0 025#0105880078787823
(1768506720.565770) can0 024#020101F8620D8017
(1768506720.570606) can0 4C6#0700020000000000
(1768506720.570818) can0 0AA#1A6F1A6F1A6F1A6F
(1768506720.571125) can0 1AA#0000000000B1
(1768506720.573036) can0 260#08FFFD0000FFFC69
(1768506720.577000) can0 020#0000070000002E
(1768506720.577099) can0 0B4#00000000000000BC
(1768506720.577384) can0 223#000000000000002D
(1768506720.577559) can0 025#0105880078787823
(1768506720.577889) can0 630#1700000000000000
(1768506720.578033) can0 024#020101F8620D8017
(1768506720.578907) can0 3A0#00A900000000002D
(1768506720.581561) can0 442#4D02000000000000
(1768506720.582932) can0 0AA#1A6F1A6F1A6F1A6F
(1768506720.583232) can0 4C8#0900000000000000
(1768506720.586943) can0 632#8000000000000000
(1768506720.589216) can0 020#0000070000002E
(1768506720.589231) can0 224#0000000000000008
(1768506720.589350) can0 024#020101F8620D8017
(1768506720.589727) can0 025#0105880078787823
(1768506720.593246) can0 260#08FFFD0000000573
(1768506720.595160) can0 0AA#1A6F1A6F1A6F1A6F
(1768506720.597063) can0 635#8300000000000000
(1768506720.600676) can0 620#1000000030320050
(1768506720.601034) can0 020#0000070000002E
(1768506720.601217) can0 0B4#00000000000000BC
(1768506720.601499) can0 223#000000000000002D
(1768506720.601700) can0 024#020101F8620D8017
(1768506720.601973) can0 025#0105880078787823
(1768506720.603308) can0 351#00000000
(1768506720.607073) can0 0AA#1A6F1A6F1A6F1A6F
(1768506720.609611) can0 621#1100000000000000
(1768506720.613232) can0 020#0000070000002E
(1768506720.613248) can0 224#0000000000000008
(1768506720.613479) can0 260#08FFFD000000016F
(1768506720.614014) can0 024#020101F8620D8017
(1768506720.614109) can0 025#0105880078787823
(1768506720.618913) can0 622#1200000000000000
(1768506720.619003) can0 0AA#1A6F1A6F1A6F1A6F
(1768506720.619301) can0 1AA#0000000000B1
(1768506720.619485) can0 420#000F0000FCFB0032
(1768506720.625258) can0 020#0000070000002E
(1768506720.625281) can0 0B4#00000000000000BC
(1768506720.625576) can0 223#000000000000002D
(1768506720.626281) can0 025#0105880078787823
(1768506720.626305) can0 024#020101F8620D8017
(1768506720.628077) can0 624#1A0041494940FF00
(1768506720.631140) can0 0AA#1A6F1A6F1A6F1A6F
(1768506720.633658) can0 260#08FFFD000000006E
(1768506720.637003) can0 626#1C00300000000000
(1768506720.637220) can0 020#0000070000002E
(1768506720.637487) can0 224#0000000000000008
(1768506720.638166) can0 025#0105880078787823
(1768506720.638500) can0 024#020101F8620D8017
(1768506720.643165) can0 0AA#1A6F1A6F1A6F1A6F
(1768506720.646329) can0 638#1300190000000000
(1768506720.649287) can0 020#0000070000002E
(1768506720.649336) can0 0B4#00000000000000BC
(1768506720.649665) can0 223#000000000000002D
(1768506720.649880) can0 024#020101F8620D8017
(1768506720.650110) can0 025#0105880078787823
(1768506720.654164) can0 260#08FFFC0000000471
(1768506720.655335) can0 0AA#1A6F1A6F1A6F1A6F
(1768506720.655351) can0 63B#1600317400000862
(1768506720.658064) can0 4C7#0800012100000000
(1768506720.661302) can0 020#0000070000002E
(1768506720.661375) can0 224#0000000000000008
(1768506720.662088) can0 024#020101F8620D8017
(1768506720.662245) can0 025#0105880078787823
(1768506720.663969) can0 351#00000000
(1768506720.664775) can0 680#D800010000000000
(1768506720.665907) can0 6C0#E40000E000000000
(1768506720.667368) can0 0AA#1A6F1A6F1A6F1A6F
(1768506720.667545) can0 1AA#0000000000B1
(1768506720.673382) can0 020#0000070000002E
(1768506720.673591) can0 0B4#00000000000000BC
(1768506720.673865) can0 223#000000000000002D
(1768506720.674104) can0 260#08FFFD0000000371
(1768506720.674351) can0 024#020101F8620D8017
(1768506720.674570) can0 025#0105880078787823
(1768506720.676976) can0 44D#5C02000000000000
(1768506720.678951) can0 3A0#00AA00000000002D
(1768506720.679574) can0 0AA#1A6F1A6F1A6F1A6F
(1768506720.685589) can0 020#0000070000002E
(1768506720.685603) can0 224#0000000000000008
(1768506720.686239) can0 025#0105880078787823
(1768506720.686742) can0 024#020101F8620D8017
(1768506720.691455) can0 0AA#1A6F1A6F1A6F1A6F
(1768506720.694577) can0 260#08FFFE0000000170
(1768506720.697680) can0 020#0000070000002E
(1768506720.697694) can0 0B4#00000000000000BC
(1768506720.697927) can0 223#000000000000002D
(1768506720.698208) can0 024#020101F8620D8017
(1768506720.698394) can0 025#0105880078787823
(1768506720.698860) can0 4DC#1D00000000000000
(1768506720.703724) can0 0AA#1A6F1A6F1A6F1A6F
(1768506720.709521) can0 020#0000070000002E
(1768506720.709709) can0 224#0000000000000008
(1768506720.709934) can0 3B7#0020000000000000
(1768506720.710210) can0 024#020101F8620D8017
(1768506720.710449) can0 025#0105880078787823
(1768506720.714892) can0 260#08FFFE0000000271
(1768506720.714906) can0 394#00
(1768506720.715742) can0 0AA#1A6F1A6F1A6F1A6F
(1768506720.715757) can0 1AA#0000000000B1
(1768506720.721528) can0 020#0000070000002E
(1768506720.721723) can0 0B4#00000000000000BC
(1768506720.721981) can0 223#000000000000002D
(1768506720.722249) can0 025#0105880078787823
(1768506720.722488) can0 024#020101F8620D8017
(1768506720.724635) can0 351#00000000
(1768506720.725430) can0 4DD#1E00000100000000
(1768506720.727692) can0 0AA#1A6F1A6F1A6F1A6F
(1768506720.733727) can0 020#0000070000002E
(1768506720.733741) can0 224#0000000000000008
(1768506720.734231) can0 025#0105880078787823
(1768506720.734906) can0 024#020101F8620D8017
(1768506720.734917) can0 260#08FFFD000000016F
(1768506720.739637) can0 0AA#1A6F1A6F1A6F1A6F
(1768506720.745844) can0 020#0000070000002E
(1768506720.745859) can0 0B4#00000000000000BC
(1768506720.745989) can0 223#000000000000002D
(1768506720.746304) can0 024#020101F8620D8017
(1768506720.746511) can0 025#0105880078787823
(1768506720.751592) can0 0AA#1A6F1A6F1A6F1A6F
(1768506720.755238) can0 260#08FFFD0000FFFA67
(1768506720.757725) can0 020#0000070000002E
(1768506720.757744) can0 224#0000000000000008
(1768506720.758405) can0 025#0105880078787823
(1768506720.758420) can0 024#020101F8620D8017
(1768506720.758767) can0 3B0#0000004E0000
(1768506720.763832) can0 0AA#1A6F1A6F1A6F1A6F
(1768506720.763846) can0 1AA#0000000000B1
(1768506720.769784) can0 020#0000070000002E
(1768506720.769799) can0 0B4#00000000000000BC
(1768506720.770070) can0 223#000000000000002D
(1768506720.770302) can0 025#0105880078787823
(1768506720.770569) can0 024#020101F8620D8017
(1768506720.775662) can0 260#08FFFE0000FFFE6C
(1768506720.775676) can0 0AA#1A6F1A6F1A6F1A6F
(1768506720.778895) can0 3A0#00AA00000000002D
(1768506720.780953) can0 45C#4002000000000000
(1768506720.781664) can0 020#0000070000002E
(1768506720.781891) can0 224#0000000000000008
(1768506720.782212) can0 025#0105880078787823
(1768506720.782891) can0 024#020101F8620D8017
(1768506720.785333) can0 351#00000000
(1768506720.787651) can0 0AA#1A6F1A6F1A6F1A6F
(1768506720.793753) can0 020#0000070000002E
(1768506720.793918) can0 0B4#00000000000000BC
(1768506720.794196) can0 223#000000000000002D
(1768506720.794403) can0 024#020101F8620D8017
(1768506720.794674) can0 025#0105880082828241
(1768506720.795792) can0 260#08FFFE0000FFFF6D
(1768506720.798851) can0 380#0000000000003000
(1768506720.799663) can0 0AA#1A6F1A6F1A6F1A6F
(1768506720.805849) can0 020#0000070000002E
(1768506720.805897) can0 224#0000000000000008
(1768506720.806655) can0 024#020101F8620D8017
(1768506720.806668) can0 025#0105880078787823
(1768506720.812031) can0 0AA#1A6F1A6F1A6F1A6F
(1768506720.812046) can0 1AA#0000000000B1
(1768506720.815822) can0 260#08FFFD000000016F
(1768506720.817746) can0 020#0000070000002E
(1768506720.817977) can0 0B4#00000000000000BC
(1768506720.818220) can0 223#000000000000002D
(1768506720.818501) can0 025#0105880078787823
(1768506720.818732) can0 024#020101F8620D8017
(1768506720.823848) can0 0AA#1A6F1A6F1A6F1A6F
(1768506720.829861) can0 020#0000070000002E
(1768506720.830012) can0 224#0000000000000008
(1768506720.830593) can0 025#0105880078787823
(1768506720.831011) can0 024#020101F8620D8017
(1768506720.836075) can0 0AA#1A6F1A6F1A6F1A6F
(1768506720.836090) can0 260#08FFFD000000006E
(1768506720.841811) can0 020#0000070000002E
(1768506720.842059) can0 0B4#00000000000000BC
(1768506720.842292) can0 223#000000000000002D
(1768506720.842558) can0 024#020101F8620D8017
(1768506720.842731) can0 025#0105880078787823
(1768506720.846038) can0 351#00000000
(1768506720.847863) can0 0AA#1A6F1A6F1A6F1A6F
(1768506720.853899) can0 020#0000070000002E
(1768506720.854093) can0 224#0000000000000008
(1768506720.854591) can0 025#0105880078787823
(1768506720.854682) can0 024#020101F8620D8017
(1768506720.856334) can0 260#08FFFE0000FFFE6C
(1768506720.860044) can0 0AA#1A6F1A6F1A6F1A6F
(1768506720.860058) can0 1AA#0000000000B1
(1768506720.865935) can0 020#0000070000002E
(1768506720.866190) can0 0B4#00000000000000BC
(1768506720.866373) can0 223#000000000000002D
(1768506720.866579) can0 025#0105880078787823
(1768506720.866856) can0 024#020101F8620D8017
(1768506720.872179) can0 0AA#1A6F1A6F1A6F1A6F
(1768506720.876488) can0 260#08FFFD0000000371
(1768506720.877927) can0 020#0000070000002E
(1768506720.878189) can0 224#0000000000000008
(1768506720.878469) can0 025#0105880078787823
(1768506720.879009) can0 3A0#00A900000000002D
(1768506720.879185) can0 024#020101F8620D8017
(1768506720.880386) can0 440#4202000000000000
(1768506720.884252) can0 0AA#1A6F1A6F1A6F1A6F
(1768506720.890016) can0 020#0000070000002E
(1768506720.890245) can0 0B4#00000000000000BC
(1768506720.890472) can0 024#020101F8620D8017
(1768506720.890746) can0 223#000000000000002D
(1768506720.891013) can0 025#0105880078787823
(1768506720.891242) can0 610#2000006400000000
(1768506720.896013) can0 0AA#1A6F1A6F1A6F1A6F
(1768506720.896859) can0 260#08FFFE000000006F
(1768506720.900740) can0 620#1000000030320050
(1768506720.902010) can0 020#0000070000002E
(1768506720.902284) can0 224#0000000000000008
(1768506720.902766) can0 024#020101F8620D8017
(1768506720.903005) can0 025#0105880078787823
(1768506720.906866) can0 351#00000000
(1768506720.908206) can0 0AA#1A6F1A6F1A6F1A6F
(1768506720.908220) can0 1AA#0000000000B1
(1768506720.914198) can0 020#0000070000002E
(1768506720.914244) can0 0B4#00000000000000BC
(1768506720.914551) can0 223#000000000000002D
(1768506720.914939) can0 024#020101F8620D8017
(1768506720.915176) can0 025#0105880078787823
(1768506720.917200) can0 260#08FFFE0000FFFC6A
(1768506720.920359) can0 0AA#1A6F1A6F1A6F1A6F
(1768506720.926300) can0 020#0000070000002E
(1768506720.926512) can0 224#0000000000000008
(1768506720.927308) can0 025#0105880078787823
(1768506720.927321) can0 024#020101F8620D8017
(1768506720.932601) can0 0AA#1A6F1A6F1A6F1A6F
(1768506720.937199) can0 260#08FFFD000000016F
(1768506720.938593) can0 020#0000070000002E
(1768506720.938607) can0 0B4#00000000000000BC
(1768506720.938820) can0 223#000000000000002D
(1768506720.939181) can0 025#0105880078787823
(1768506720.939537) can0 024#020101F8620D8017
(1768506720.944443) can0 0AA#1A6F1A6F1A6F1A6F
(1768506720.950613) can0 020#0000070000002E
(1768506720.950627) can0 224#0000000000000008
(1768506720.950848) can0 024#020101F8620D8017
(1768506720.951177) can0 025#0105880078787823
(1768506720.956405) can0 0AA#1A6F1A6F1A6F1A6F
(1768506720.956577) can0 1AA#0000000000B1
(1768506720.957538) can0 260#08FFFE0000000473
(1768506720.962616) can0 020#0000070000002E
(1768506720.962630) can0 0B4#00000000000000BC
(1768506720.962875) can0 223#000000000000002D
(1768506720.963188) can0 024#020101F8620D8017
(1768506720.963358) can0 025#0105880078787823
(1768506720.965763) can0 6C0#E40000E000000000
(1768506720.967665) can0 351#00000000
(1768506720.968596) can0 0AA#1A6F1A6F1A6F1A6F
(1768506720.971197) can0 442#4D02000000000000
(1768506720.974436) can0 020#0000070000002E
(1768506720.974661) can0 224#0000000000000008
(1768506720.975296) can0 025#0105880078787823
(1768506720.975311) can0 024#020101F8620D8017
(1768506720.977729) can0 260#08FFFD0000000270
(1768506720.979209) can0 3A0#00A900000000002D
(1768506720.980642) can0 0AA#1A6F1A6F1A6F1A6F
(1768506720.986738) can0 020#0000070000002E
(1768506720.986753) can0 0B4#00000000000000BC
(1768506720.986966) can0 223#000000000000002D
(1768506720.987194) can0 025#0105880078787823
(1768506720.987788) can0 024#020101F8620D8017
(1768506720.992532) can0 0AA#1A6F1A6F1A6F1A6F
(1768506720.997778) can0 260#08FFFE0000FFFD6B
(1768506720.998762) can0 020#0000070000002E
(1768506720.998776) can0 224#0000000000000008
(1768506720.998997) can0 024#020101F8620D8017
(1768506720.999221) can0 025#0105880078787823
(1768506721.004542) can0 0AA#1A6F1A6F1A6F1A6F
(1768506721.004752) can0 1AA#0000000000B1
(1768506721.010791) can0 020#0000070000002E
(1768506721.010805) can0 0B4#00000000000000BC
(1768506721.011023) can0 223#000000000000002D
(1768506721.011277) can0 024#020101F8620D8017
(1768506721.011504) can0 025#0105880078787823
(1768506721.011775) can0 3B7#0020000000000000
(1768506721.016589) can0 0AA#1A6F1A6F1A6F1A6F
(1768506721.017998) can0 260#08FFFE0000000170
(1768506721.018171) can0 394#00
(1768506721.022865) can0 020#0000070000002E
(1768506721.022879) can0 224#0000000000000008
(1768506721.023593) can0 025#0105880082828241
(1768506721.023607) can0 024#020101F8620D8017
(1768506721.028243) can0 351#00000000
(1768506721.028775) can0 0AA#1A6F1A6F1A6F1A6F
(1768506721.034669) can0 020#0000070000002E
(1768506721.034900) can0 0B4#00000000000000BC
(1768506721.035168) can0 223#000000000000002D
(1768506721.035373) can0 025#0105880078787823
(1768506721.035777) can0 024#020101F8620D8017
(1768506721.038379) can0 260#08FFFE000000006F
(1768506721.040690) can0 0AA#1A6F1A6F1A6F1A6F
(1768506721.046795) can0 020#0000070000002E
(1768506721.046965) can0 224#0000000000000008
(1768506721.047200) can0 024#020101F8620D8017
(1768506721.047474) can0 025#0105880078787823
(1768506721.052749) can0 0AA#1A6F1A6F1A6F1A6F
(1768506721.052945) can0 1AA#0000000000B1
(1768506721.058617) can0 260#08FFFD000000016F
(1768506721.058689) can0 020#0000070000002E
(1768506721.058999) can0 0B4#00000000000000BC
(1768506721.059244) can0 223#000000000000002D
(1768506721.059477) can0 024#020101F8620D8017
(1768506721.059703) can0 025#0105880078787823
(1768506721.064783) can0 0AA#1A6F1A6F1A6F1A6F
(1768506721.066643) can0 44D#5C02000000000000
(1768506721.070790) can0 020#0000070000002E
(1768506721.071059) can0 224#0000000000000008
(1768506721.071365) can0 025#0105880078787823
(1768506721.071619) can0 024#020101F8620D8017
(1768506721.076861) can0 0AA#1A6F1A6F1A6F1A6F
(1768506721.078669) can0 260#08FFFD000000006E
(1768506721.079020) can0 3A0#00A900000000002D
(1768506721.082838) can0 020#0000070000002E
(1768506721.083158) can0 0B4#00000000000000BC
(1768506721.083341) can0 223#000000000000002D
(1768506721.084071) can0 024#020101F8620D8017
(1768506721.084094) can0 025#0105880078787823
(1768506721.088963) can0 351#00000000
(1768506721.088977) can0 0AA#1A6F1A6F1A6F1A6F
(1768506721.095113) can0 020#0000070000002E
(1768506721.095127) can0 224#0000000000000008
(1768506721.095386) can0 024#020101F8620D8017
(1768506721.095979) can0 025#0105880078787823
(1768506721.099029) can0 260#08FFFD0000000674
(1768506721.101171) can0 0AA#1A6F1A6F1A6F1A6F
(1768506721.101185) can0 1AA#0000000000B1
(1768506721.107008) can0 020#0000070000002E
(1768506721.107218) can0 0B4#00000000000000BC
(1768506721.107442) can0 223#000000000000002D
(1768506721.107702) can0 024#020101F8620D8017
(1768506721.107928) can0 025#0105880078787823
(1768506721.108195) can0 4C3#0300130700000000
(1768506721.113023) can0 0AA#1A6F1A6F1A6F1A6F
(1768506721.119022) can0 020#0000070000002E
(1768506721.119256) can0 224#0000000000000008
(1768506721.119528) can0 260#08FFFD0000FFFF6C
(1768506721.119740) can0 024#020101F8620D8017
(1768506721.119971) can0 025#0105880078787823
(1768506721.125212) can0 0AA#1A6F1A6F1A6F1A6F
(1768506721.131326) can0 020#0000070000002E
(1768506721.131464) can0 0B4#00000000000000BC
(1768506721.131733) can0 223#000000000000002D
(1768506721.132055) can0 024#020101F8620D8017
(1768506721.132278) can0 025#0105880078787823
(1768506721.137516) can0 0AA#1A6F1A6F1A6F1A6F
(1768506721.139521) can0 260#08FFFE0000000372
(1768506721.143336) can0 020#0000070000002E
(1768506721.143495) can0 224#0000000000000008
(1768506721.144162) can0 025#0105880078787823
(1768506721.144253) can0 024#020101F8620D8017
(1768506721.149272) can0 0AA#1A6F1A6F1A6F1A6F
(1768506721.149458) can0 1AA#0000000000B1
(1768506721.149577) can0 351#00000000
(1768506721.150306) can0 63B#1600317400000867
(1768506721.155255) can0 020#0000070000002E
(1768506721.155506) can0 0B4#00000000000000BC
(1768506721.155734) can0 024#020101F8620D8017
(1768506721.156003) can0 223#000000000000002D
(1768506721.156233) can0 025#0105880078787823
(1768506721.159984) can0 260#08FFFE000000006F
(1768506721.161473) can0 0AA#1A6F1A6F1A6F1A6F
(1768506721.161495) can0 633#8100000000000000
(1768506721.167476) can0 020#0000070000002E
(1768506721.167490) can0 224#0000000000000008
(1768506721.167891) can0 024#020101F8620D8017
(1768506721.168160) can0 025#0105880078787823
(1768506721.170958) can0 45C#4002000000000000
(1768506721.173474) can0 0AA#1A6F1A6F1A6F1A6F
(1768506721.179245) can0 3A0#00A900000000002D
(1768506721.179260) can0 020#0000070000002E
(1768506721.179566) can0 0B4#00000000000000BC
(1768506721.179829) can0 223#000000000000002D
(1768506721.180038) can0 025#0105880078787823
(1768506721.180271) can0 024#020101F8620D8017
(1768506721.180533) can0 260#08FFFE000000006F
(1768506721.185323) can0 0AA#1A6F1A6F1A6F1A6F
(1768506721.191375) can0 020#0000070000002E
(1768506721.191626) can0 224#0000000000000008
(1768506721.192032) can0 025#0105880078787823
(1768506721.192450) can0 024#020101F8620D8017
(1768506721.197397) can0 0AA#1A6F1A6F1A6F1A6F
(1768506721.197594) can0 1AA#0000000000B1
(1768506721.200032) can0 260#08FFFE0000000271
(1768506721.200274) can0 620#1000000030320050
(1768506721.201139) can0 640#A800000001660000
(1768506721.203388) can0 020#0000070000002E
(1768506721.203643) can0 0B4#00000000000000BC
(1768506721.203873) can0 024#020101F8620D8017
(1768506721.204157) can0 025#0105880078787823
(1768506721.204374) can0 223#000000000000002D
(1768506721.205145) can0 423#00
(1768506721.209451) can0 0AA#1A6F1A6F1A6F1A6F
(1768506721.210137) can0 351#00000000
(1768506721.215613) can0 020#0000070000002E
(1768506721.215745) can0 224#0000000000000008
(1768506721.216016) can0 024#020101F8620D8017
(1768506721.216241) can0 025#0105880078787823
(1768506721.220512) can0 260#08FFFD0000FFFE6B
(1768506721.221501) can0 0AA#1A6F1A6F1A6F1A6F
(1768506721.227539) can0 020#0000070000002E
(1768506721.227765) can0 0B4#00000000000000BC
(1768506721.228023) can0 223#000000000000002D
(1768506721.228289) can0 024#020101F8620D8017
(1768506721.228521) can0 025#0105880082828241
(1768506721.233519) can0 0AA#1A6F1A6F1A6F1A6F
(1768506721.239559) can0 020#0000070000002E
(1768506721.239795) can0 224#0000000000000008
(1768506721.240292) can0 025#0105880078787823
(1768506721.240555) can0 260#08FFFE0000000372
(1768506721.240773) can0 024#020101F8620D8017
(1768506721.245809) can0 0AA#1A6F1A6F1A6F1A6F
(1768506721.245825) can0 1AA#0000000000B1
(1768506721.251687) can0 020#0000070000002E
(1768506721.251759) can0 0B4#00000000000000BC
(1768506721.252143) can0 223#000000000000002D
(1768506721.252317) can0 025#0105880078787823
(1768506721.252892) can0 024#020101F8620D8017
(1768506721.257775) can0 0AA#1A6F1A6F1A6F1A6F
(1768506721.260759) can0 260#08FFFD0000000371
(1768506721.263804) can0 020#0000070000002E
(1768506721.263816) can0 224#0000000000000008
(1768506721.264135) can0 024#020101F8620D8017
(1768506721.264366) can0 025#0105880078787823
(1768506721.265775) can0 6C0#E40000E000000000
(1768506721.269714) can0 0AA#1A6F1A6F1A6F1A6F
(1768506721.270140) can0 440#4202000000000000
(1768506721.270828) can0 351#00000000
(1768506721.275718) can0 020#0000070000002E
(1768506721.275889) can0 0B4#00000000000000BC
(1768506721.276134) can0 223#000000000000002D
(1768506721.276366) can0 025#0105880078787823
(1768506721.276632) can0 024#020101F8620D8017
(1768506721.279133) can0 3A0#00A900000000002D
(1768506721.281207) can0 260#08FFFE0000000170
(1768506721.281709) can0 0AA#1A6F1A6F1A6F1A6F
(1768506721.287634) can0 020#0000070000002E
(1768506721.287871) can0 224#0000000000000008
(1768506721.288293) can0 025#0105880078787823
(1768506721.288673) can0 024#020101F8620D8017
(1768506721.293745) can0 0AA#1A6F1A6F1A6F1A6F
(1768506721.293893) can0 1AA#0000000000B1
(1768506721.299708) can0 020#0000070000002E
(1768506721.299941) can0 0B4#00000000000000BC
(1768506721.300186) can0 223#000000000000002D
(1768506721.300461) can0 025#0105880078787823
(1768506721.300999) can0 024#020101F8620D8017
(1768506721.301273) can0 260#08FFFD000000016F
(1768506721.305709) can0 0AA#1A6F1A6F1A6F1A6F
(1768506721.311750) can0 020#0000070000002E
(1768506721.311986) can0 224#0000000000000008
(1768506721.312259) can0 3B7#0020000000000000
(1768506721.312464) can0 024#020101F8620D8017
(1768506721.312730) can0 025#0105880078787823
(1768506721.317870) can0 0AA#1A6F1A6F1A6F1A6F
(1768506721.321568) can0 260#08FFFE0000FFFF6D
(1768506721.321582) can0 394#00
(1768506721.323757) can0 020#0000070000002E
(1768506721.323991) can0 0B4#00000000000000BC
(1768506721.324209) can0 223#000000000000002D
(1768506721.324538) can0 024#020101F8620D8017
(1768506721.324867) can0 025#0105880078787823
(1768506721.329753) can0 0AA#1A6F1A6F1A6F1A6F
(1768506721.331471) can0 351#00000000
(1768506721.335811) can0 020#0000070000002E
(1768506721.336123) can0 224#0000000000000008
(1768506721.336870) can0 024#020101F8620D8017
(1768506721.336995) can0 025#0105880078787823
(1768506721.341775) can0 260#08FFFD0000FFFC69
(1768506721.341841) can0 0AA#1A6F1A6F1A6F1A6F
(1768506721.342124) can0 1AA#0000000000B1
(1768506721.347801) can0 020#0000070000002E
(1768506721.348123) can0 0B4#00000000000000BC
(1768506721.348354) can0 223#000000000000002D
(1768506721.348947) can0 025#0105880078787823
(1768506721.349075) can0 024#020101F8620D8017
(1768506721.353866) can0 0AA#1A6F1A6F1A6F1A6F
(1768506721.359864) can0 020#0000070000002E
(1768506721.360118) can0 224#0000000000000008
