(1768506231.555280) vcan0 1C4#06581F4850403E60
(1768506231.578724) vcan0 1C4#067A1F4850403E82
(1768506231.602702) vcan0 1C4#06911F4850403E99
(1768506231.625987) vcan0 1C4#06931F4850403E9B
(1768506231.649633) vcan0 1C4#06731F4850403E7B
(1768506231.672935) vcan0 1C4#064C1F4850403E54
(1768506231.696661) vcan0 1C4#06291F4850403E31
(1768506231.696676) vcan0 3D3#0702
(1768506231.719029) vcan0 3F9#5738030100000097
(1768506231.720013) vcan0 1C4#06441F4850403E4C
(1768506231.720241) vcan0 38A#0800000000
(1768506231.743702) vcan0 1C4#06831F4850403E8B
(1768506231.767408) vcan0 1C4#06B71F4850403EBF
(1768506231.790701) vcan0 1C4#06BF1F4850403EC7
(1768506231.814476) vcan0 1C4#06A11F4850403EA9
(1768506231.837791) vcan0 1C4#06861F4850403E8E
(1768506231.861468) vcan0 1C4#065E1F4850403E66
(1768506231.885001) vcan0 1C4#064B1F4850403E53
(1768506231.886108) vcan0 4C1#0100000000000000
(1768506231.908634) vcan0 1C4#066B1F4850403E73
(1768506231.932290) vcan0 1C4#06BE1F4850403EC6
(1768506231.955742) vcan0 1C4#06B11F4850403EB9
(1768506231.969176) vcan0 3F9#5738030100000097
(1768506231.979356) vcan0 1C4#06921F4850403E9A
(1768506232.002829) vcan0 1C4#06721F4850403E7A
(1768506232.026423) vcan0 1C4#06561F4850403E5E
(1768506232.049773) vcan0 1C4#06821F4850403E8A
(1768506232.073243) vcan0 1C4#067A1F4850403E82
(1768506232.096786) vcan0 1C4#066F1F4850403E77
(1768506232.120428) vcan0 1C4#068A1F4850403E92
(1768506232.121321) vcan0 399#00000000000000
(1768506232.132686) vcan0 3BC#0000000000000000
(1768506232.144112) vcan0 1C4#066C1F4850403E74
(1768506232.167676) vcan0 1C4#064C1F4850403E54
(1768506232.191229) vcan0 1C4#06471F4850403E4F
(1768506232.214816) vcan0 1C4#06681F4850403E70
(1768506232.218863) vcan0 3F9#5738030100000097
(1768506232.220698) vcan0 3D3#06A3
(1768506232.238320) vcan0 1C4#06901F4850403E98
(1768506232.261870) vcan0 1C4#06731F4850403E7B
(1768506232.285436) vcan0 1C4#06731F4850403E7B
(1768506232.308956) vcan0 1C4#06601F4850403E68
(1768506232.332236) vcan0 1C4#068A1F4850403E92
(1768506232.335522) vcan0 3BB#00005A00
(1768506232.355844) vcan0 1C4#067A1F4850403E82
(1768506232.379270) vcan0 1C4#06941F4850403E9C
(1768506232.402945) vcan0 1C4#06731F4850403E7B
(1768506232.426451) vcan0 1C4#06521F4850403E5A
(1768506232.449911) vcan0 1C4#06301F4850403E38
(1768506232.468608) vcan0 3F9#5738030100000097
(1768506232.473468) vcan0 1C4#06251F4850403E2D
(1768506232.497300) vcan0 1C4#06611F4850403E69
(1768506232.520576) vcan0 1C4#068D1F4850403E95
(1768506232.544297) vcan0 1C4#067E1F4850403E86
(1768506232.567655) vcan0 1C4#067B1F4850403E83
(1768506232.591281) vcan0 1C4#06551F4850403E5D
(1768506232.614739) vcan0 1C4#06341F4850403E3C
(1768506232.638300) vcan0 1C4#061D1F4850403E25
(1768506232.662170) vcan0 1C4#06291F4850403E31
(1768506232.685444) vcan0 1C4#064F1F4850403E57
(1768506232.709176) vcan0 1C4#06801F4850403E88
(1768506232.718274) vcan0 3F9#5738030100000097
(1768506232.732735) vcan0 1C4#06861F4850403E8E
(1768506232.744975) vcan0 3D3#06E3
(1768506232.756343) vcan0 1C4#06861F4850403E8E
(1768506232.779815) vcan0 1C4#06681F4850403E70
(1768506232.796245) vcan0 4C1#0100000000000000
(1768506232.803343) vcan0 1C4#06451F4850403E4D
(1768506232.826935) vcan0 1C4#06321F4850403E3A
(1768506232.850295) vcan0 1C4#06501F4850403E58
(1768506232.871618) vcan0 38A#0800000000
(1768506232.873844) vcan0 1C4#06851F4850403E8D
(1768506232.897298) vcan0 1C4#06BC1F4850403EC4
(1768506232.920941) vcan0 1C4#06B41F4850403EBC
(1768506232.944502) vcan0 1C4#068F1F4850403E97
(1768506232.967906) vcan0 1C4#066A1F4850403E72
(1768506232.968194) vcan0 3F9#5738030100000097
(1768506232.991498) vcan0 1C4#06481F4850403E50
(1768506233.015353) vcan0 1C4#06481F4850403E50
(1768506233.038821) vcan0 1C4#065E1F4850403E66
(1768506233.062405) vcan0 1C4#06971F4850403E9F
(1768506233.085823) vcan0 1C4#06741F4850403E7C
(1768506233.109444) vcan0 1C4#066A1F4850403E72
(1768506233.132819) vcan0 1C4#06891F4850403E91
(1768506233.145260) vcan0 399#00000000000000
(1768506233.156423) vcan0 1C4#06A31F4850403EAB
(1768506233.156497) vcan0 3BC#0000000000000000
(1768506233.179827) vcan0 1C4#06A41F4850403EAC
(1768506233.203623) vcan0 1C4#067F1F4850403E87
(1768506233.218007) vcan0 3F9#5738030100000097
(1768506233.227169) vcan0 1C4#06691F4850403E71
(1768506233.250589) vcan0 1C4#06491F4850403E51
(1768506233.268994) vcan0 3D3#06A5
(1768506233.274018) vcan0 1C4#063D1F4850403E45
(1768506233.297894) vcan0 1C4#064A1F4850403E52
(1768506233.321104) vcan0 1C4#067F1F4850403E87
(1768506233.344841) vcan0 1C4#06901F4850403E98
(1768506233.359095) vcan0 3BB#00005A00
(1768506233.359109) vcan0 38A#0000000000
(1768506233.368431) vcan0 1C4#06901F4850403E98
(1768506233.392017) vcan0 1C4#066A1F4850403E72
(1768506233.415403) vcan0 1C4#06511F4850403E59
(1768506233.439033) vcan0 1C4#06331F4850403E3B
(1768506233.462586) vcan0 1C4#06381F4850403E40
(1768506233.467680) vcan0 3F9#5738030100000097
(1768506233.485951) vcan0 1C4#06781F4850403E80
(1768506233.509654) vcan0 1C4#06B81F4850403EC0
(1768506233.533344) vcan0 1C4#06D31F4850403EDB
(1768506233.556860) vcan0 1C4#06BA1F4850403EC2
(1768506233.580389) vcan0 1C4#06961F4850403E9E
(1768506233.603816) vcan0 1C4#067E1F4850403E86
(1768506233.627157) vcan0 1C4#06551F4850403E5D
(1768506233.650759) vcan0 1C4#063D1F4850403E45
(1768506233.674429) vcan0 1C4#065B1F4850403E63
(1768506233.698292) vcan0 1C4#06A51F4850403EAD
(1768506233.706042) vcan0 4C1#0100000000000000
(1768506233.717309) vcan0 3F9#5738030100000097
(1768506233.721634) vcan0 1C4#06BC1F4850403EC4
(1768506233.745272) vcan0 1C4#06CB1F4850403ED3
(1768506233.768682) vcan0 1C4#06C61F4850403ECE
(1768506233.792337) vcan0 1C4#06AE1F4850403EB6
(1768506233.792948) vcan0 3D3#0767
(1768506233.815894) vcan0 1C4#068B1F4850403E93
(1768506233.839212) vcan0 1C4#065E1F4850403E66
(1768506233.862967) vcan0 1C4#06901F4850403E98
(1768506233.886415) vcan0 1C4#06D71F4850403EDF
(1768506233.909899) vcan0 1C4#06FF1F4850403E07
(1768506233.933278) vcan0 1C4#06F31F4850403EFB
(1768506233.957142) vcan0 1C4#06C61F4850403ECE
(1768506233.967312) vcan0 3F9#5738030100000097
(1768506233.980359) vcan0 1C4#06A81F4850403EB0
(1768506234.004189) vcan0 1C4#06741F4850403E7C
(1768506234.027673) vcan0 1C4#06701F4850403E78
(1768506234.051029) vcan0 1C4#06C61F4850403ECE
(1768506234.074579) vcan0 1C4#06FD1F4850403E05
(1768506234.098375) vcan0 1C4#07071F4850403E10
(1768506234.121566) vcan0 1C4#06ED1F4850403EF5
(1768506234.145143) vcan0 1C4#06BD1F4850403EC5
(1768506234.168778) vcan0 1C4#06A11F4850403EA9
(1768506234.168993) vcan0 399#00000000000000
(1768506234.180194) vcan0 3BC#0000000000000000
(1768506234.192305) vcan0 1C4#06781F4850403E80
(1768506234.215906) vcan0 1C4#06841F4850403E8C
(1768506234.216922) vcan0 3F9#5738030100000097
(1768506234.239566) vcan0 1C4#068E1F4850403E96
(1768506234.263173) vcan0 1C4#06DB1F4850403EE3
(1768506234.286474) vcan0 1C4#06D21F4850403EDA
(1768506234.310028) vcan0 1C4#06B41F4850403EBC
(1768506234.317400) vcan0 3D3#087E
(1768506234.333586) vcan0 1C4#06A91F4850403EB1
(1768506234.357422) vcan0 1C4#06871F4850403E8F
(1768506234.380649) vcan0 1C4#066E1F4850403E76
(1768506234.382910) vcan0 3BB#00005A00
(1768506234.404189) vcan0 1C4#06991F4850403EA1
(1768506234.427709) vcan0 1C4#06C41F4850403ECC
(1768506234.451276) vcan0 1C4#06D71F4850403EDF
(1768506234.466739) vcan0 3F9#5738030100000097
(1768506234.474935) vcan0 1C4#06AC1F4850403EB4
(1768506234.498633) vcan0 1C4#06821F4850403E8A
(1768506234.510904) vcan0 38A#0000000000
(1768506234.521944) vcan0 1C4#06621F4850403E6A
(1768506234.545679) vcan0 1C4#06611F4850403E69
(1768506234.569287) vcan0 1C4#06741F4850403E7C
(1768506234.592848) vcan0 1C4#06A01F4850403EA8
(1768506234.616386) vcan0 1C4#06BF1F4850403EC7
(1768506234.616400) vcan0 4C1#0100000000000000
(1768506234.639622) vcan0 1C4#06BD1F4850403EC5
(1768506234.663181) vcan0 1C4#06921F4850403E9A
(1768506234.686894) vcan0 1C4#06721F4850403E7A
(1768506234.710648) vcan0 1C4#068B1F4850403E93
(1768506234.716569) vcan0 3F9#5738030100000097
(1768506234.734260) vcan0 1C4#069E1F4850403EA6
(1768506234.757652) vcan0 1C4#06BD1F4850403EC5
(1768506234.780893) vcan0 1C4#06B51F4850403EBD
(1768506234.804681) vcan0 1C4#068D1F4850403E95
(1768506234.828261) vcan0 1C4#06611F4850403E69
(1768506234.841151) vcan0 3D3#07F7
(1768506234.851751) vcan0 1C4#06491F4850403E51
(1768506234.875254) vcan0 1C4#068D1F4850403E95
(1768506234.898930) vcan0 1C4#06BF1F4850403EC7
(1768506234.922130) vcan0 1C4#06D31F4850403EDB
(1768506234.945693) vcan0 1C4#06D31F4850403EDB
(1768506234.966307) vcan0 3F9#5738030100000097
(1768506234.969294) vcan0 1C4#06A71F4850403EAF
(1768506234.993066) vcan0 1C4#067D1F4850403E85
(1768506235.016601) vcan0 1C4#065F1F4850403E67
(1768506235.040263) vcan0 1C4#06A41F4850403EAC
(1768506235.063653) vcan0 1C4#06D21F4850403EDA
(1768506235.087327) vcan0 1C4#07001F4850403E09
(1768506235.110833) vcan0 1C4#070C1F4850403E15
(1768506235.134258) vcan0 1C4#06D81F4850403EE0
(1768506235.157831) vcan0 1C4#06AD1F4850403EB5
(1768506235.181193) vcan0 1C4#06771F4850403E7F
(1768506235.192578) vcan0 399#00000000000000
(1768506235.204093) vcan0 3BC#0000000000000000
(1768506235.204840) vcan0 1C4#06561F4850403E5E
(1768506235.216736) vcan0 3F9#5738030100000097
(1768506235.228652) vcan0 1C4#067D1F4850403E85
(1768506235.251897) vcan0 1C4#06B61F4850403EBE
(1768506235.275414) vcan0 1C4#06E61F4850403EEE
(1768506235.299194) vcan0 1C4#06EB1F4850403EF3
(1768506235.322714) vcan0 1C4#06D21F4850403EDA
(1768506235.346291) vcan0 1C4#06AB1F4850403EB3
(1768506235.365281) vcan0 3D3#08CF
(1768506235.369715) vcan0 1C4#06771F4850403E7F
(1768506235.393402) vcan0 1C4#065D1F4850403E65
(1768506235.406464) vcan0 3BB#00005B00
(1768506235.416755) vcan0 1C4#069E1F4850403EA6
(1768506235.440122) vcan0 1C4#06E01F4850403EE8
(1768506235.463870) vcan0 1C4#06F11F4850403EF9
(1768506235.465800) vcan0 3F9#5738030100000097
(1768506235.487467) vcan0 1C4#06E41F4850403EEC
(1768506235.510862) vcan0 1C4#06B91F4850403EC1
(1768506235.526532) vcan0 4C1#0100000000000000
(1768506235.534617) vcan0 1C4#06841F4850403E8C
(1768506235.557905) vcan0 1C4#06661F4850403E6E
(1768506235.581460) vcan0 1C4#06871F4850403E8F
(1768506235.604943) vcan0 1C4#06B41F4850403EBC
(1768506235.628533) vcan0 1C4#06CF1F4850403ED7
(1768506235.652088) vcan0 1C4#06B61F4850403EBE
(1768506235.662286) vcan0 38A#0000000000
(1768506235.675757) vcan0 1C4#069D1F4850403EA5
(1768506235.699251) vcan0 1C4#067F1F4850403E87
(1768506235.715564) vcan0 3F9#5738030100000097
(1768506235.722665) vcan0 1C4#06581F4850403E60
(1768506235.746344) vcan0 1C4#06491F4850403E51
(1768506235.770482) vcan0 1C4#066E1F4850403E76
(1768506235.793648) vcan0 1C4#06981F4850403EA0
(1768506235.817148) vcan0 1C4#06A71F4850403EAF
(1768506235.840523) vcan0 1C4#069A1F4850403EA2
(1768506235.864330) vcan0 1C4#06841F4850403E8C
(1768506235.887860) vcan0 1C4#06481F4850403E50
(1768506235.889649) vcan0 3D3#086D
(1768506235.911439) vcan0 1C4#06151F4850403E1D
(1768506235.934672) vcan0 1C4#06051F4850403E0D
(1768506235.958395) vcan0 1C4#061C1F4850403E24
(1768506235.965504) vcan0 3F9#5738030100000097
(1768506235.981819) vcan0 1C4#064F1F4850403E57
(1768506236.005502) vcan0 1C4#06941F4850403E9C
(1768506236.029019) vcan0 1C4#068E1F4850403E96
(1768506236.052577) vcan0 1C4#06981F4850403EA0
(1768506236.076205) vcan0 1C4#06A11F4850403EA9
(1768506236.099703) vcan0 1C4#06671F4850403E6F
(1768506236.123316) vcan0 1C4#063D1F4850403E45
(1768506236.146851) vcan0 1C4#06441F4850403E4C
(1768506236.170040) vcan0 1C4#067F1F4850403E87
(1768506236.193831) vcan0 1C4#068A1F4850403E92
(1768506236.215158) vcan0 3F9#5738030100000097
(1768506236.216181) vcan0 399#00000000000000
(1768506236.217311) vcan0 1C4#06A61F4850403EAE
(1768506236.227613) vcan0 3BC#0000000000000000
(1768506236.240820) vcan0 1C4#06921F4850403E9A
(1768506236.264855) vcan0 1C4#065C1F4850403E64
(1768506236.288042) vcan0 1C4#06321F4850403E3A
(1768506236.311537) vcan0 1C4#06271F4850403E2F
(1768506236.334907) vcan0 1C4#06261F4850403E2E
(1768506236.358630) vcan0 1C4#06531F4850403E5B
(1768506236.382034) vcan0 1C4#06631F4850403E6B
(1768506236.405878) vcan0 1C4#063D1F4850403E45
(1768506236.413607) vcan0 3D3#0813
(1768506236.429081) vcan0 1C4#063B1F4850403E43
(1768506236.429985) vcan0 3BB#00005B00
(1768506236.436570) vcan0 4C1#0100000000000000
(1768506236.452929) vcan0 1C4#063D1F4850403E45
(1768506236.465194) vcan0 3F9#5738030100000097
(1768506236.476436) vcan0 1C4#06171F4850403E1F
(1768506236.499729) vcan0 1C4#06001F4850403E08
(1768506236.523262) vcan0 1C4#05E01F4850403EE7
(1768506236.546873) vcan0 1C4#05D81F4850403EDF
(1768506236.570502) vcan0 1C4#05F11F4850403EF8
(1768506236.594283) vcan0 1C4#05FC1F4850403E03
(1768506236.617647) vcan0 1C4#06171F4850403E1F
(1768506236.640941) vcan0 1C4#06081F4850403E10
(1768506236.664502) vcan0 1C4#06231F4850403E2B
(1768506236.688365) vcan0 1C4#05F71F4850403EFE
(1768506236.711748) vcan0 1C4#05CC1F4850403ED3
(1768506236.714725) vcan0 3F9#5738030100000097
(1768506236.735295) vcan0 1C4#05C41F4850403ECB
(1768506236.758754) vcan0 1C4#05D01F4850403ED7
(1768506236.782392) vcan0 1C4#05FB1F4850403E02
(1768506236.806200) vcan0 1C4#06021F4850403E0A
(1768506236.814226) vcan0 38A#0000000000
(1768506236.829598) vcan0 1C4#061B1F4850403E23
(1768506236.852849) vcan0 1C4#06241F4850403E2C
(1768506236.876711) vcan0 1C4#05F91F4850403E00
(1768506236.900102) vcan0 1C4#05DD1F4850403EE4
(1768506236.923781) vcan0 1C4#05EA1F4850403EF1
(1768506236.937938) vcan0 3D3#07CC
(1768506236.947371) vcan0 1C4#060A1F4850403E12
(1768506236.964510) vcan0 3F9#5738030100000097
(1768506236.970755) vcan0 1C4#064B1F4850403E53
(1768506236.994166) vcan0 1C4#06611F4850403E69
(1768506237.017889) vcan0 1C4#06351F4850403E3D
(1768506237.041246) vcan0 1C4#061D1F4850403E25
(1768506237.064972) vcan0 1C4#05E61F4850403EED
(1768506237.088593) vcan0 1C4#05B61F4850403EBD
(1768506237.112276) vcan0 1C4#05A01F4850403EA7
(1768506237.135672) vcan0 1C4#05B61F4850403EBD
(1768506237.159309) vcan0 1C4#05FD1F4850403E04
(1768506237.182501) vcan0 1C4#060A1F4850403E12
(1768506237.206339) vcan0 1C4#061F1F4850403E27
(1768506237.214386) vcan0 3F9#5738030100000097
(1768506237.229623) vcan0 1C4#06311F4850403E39
(1768506237.240340) vcan0 399#00000000000000
(1768506237.251431) vcan0 3BC#0000000000000000
(1768506237.253209) vcan0 1C4#061C1F4850403E24
(1768506237.276839) vcan0 1C4#05FC1F4850403E03
(1768506237.300269) vcan0 1C4#05E41F4850403EEB
(1768506237.323810) vcan0 1C4#05D71F4850403EDE
(1768506237.346550) vcan0 4C1#0100000000000000
(1768506237.347359) vcan0 1C4#05F41F4850403EFB
(1768506237.371047) vcan0 1C4#06151F4850403E1D
(1768506237.394572) vcan0 1C4#06211F4850403E29
(1768506237.418001) vcan0 1C4#06251F4850403E2D
(1768506237.441797) vcan0 1C4#05FA1F4850403E01
(1768506237.453923) vcan0 3BB#00005B00
(1768506237.461906) vcan0 3D3#07C3
(1768506237.464074) vcan0 3F9#5738030100000097
(1768506237.465061) vcan0 1C4#05C91F4850403ED0
(1768506237.488927) vcan0 1C4#05961F4850403E9D
(1768506237.512438) vcan0 1C4#05C01F4850403EC7
(1768506237.535719) vcan0 1C4#05EC1F4850403EF3
(1768506237.559248) vcan0 1C4#06141F4850403E1C
(1768506237.582985) vcan0 1C4#06341F4850403E3C
(1768506237.606457) vcan0 1C4#061C1F4850403E24
(1768506237.629858) vcan0 1C4#05FD1F4850403E04
(1768506237.653413) vcan0 1C4#05C51F4850403ECC
(1768506237.677101) vcan0 1C4#059D1F4850403EA4
(1768506237.700687) vcan0 1C4#05921F4850403E99
(1768506237.713906) vcan0 3F9#5738030100000097
(1768506237.724044) vcan0 1C4#05B41F4850403EBB
(1768506237.747568) vcan0 1C4#05D61F4850403EDD
(1768506237.771413) vcan0 1C4#06291F4850403E31
(1768506237.794920) vcan0 1C4#063B1F4850403E43
(1768506237.818417) vcan0 1C4#06241F4850403E2C
(1768506237.841907) vcan0 1C4#06011F4850403E09
(1768506237.865497) vcan0 1C4#05D21F4850403ED9
(1768506237.889076) vcan0 1C4#05A01F4850403EA7
(1768506237.912675) vcan0 1C4#05C41F4850403ECB
(1768506237.935970) vcan0 1C4#05E21F4850403EE9
(1768506237.959697) vcan0 1C4#06191F4850403E21
(1768506237.963602) vcan0 3F9#5738030100000097
(1768506237.965632) vcan0 38A#0000000000
(1768506237.983051) vcan0 1C4#06641F4850403E6C
(1768506237.985993) vcan0 3D3#0803
(1768506238.006754) vcan0 1C4#06601F4850403E68
(1768506238.030404) vcan0 1C4#06341F4850403E3C
(1768506238.053736) vcan0 1C4#06021F4850403E0A
(1768506238.077293) vcan0 1C4#05D31F4850403EDA
(1768506238.101199) vcan0 1C4#05E41F4850403EEB
(1768506238.124338) vcan0 1C4#061E1F4850403E26
(1768506238.147987) vcan0 1C4#06581F4850403E60
(1768506238.171602) vcan0 1C4#06701F4850403E78
(1768506238.195275) vcan0 1C4#06651F4850403E6D
(1768506238.213406) vcan0 3F9#5738030100000097
(1768506238.218696) vcan0 1C4#06321F4850403E3A
(1768506238.242156) vcan0 1C4#06001F4850403E08
(1768506238.256624) vcan0 4C1#0100000000000000
(1768506238.264083) vcan0 399#00000000000000
(1768506238.265630) vcan0 1C4#05D61F4850403EDD
(1768506238.275207) vcan0 3BC#0000000000000000
(1768506238.289372) vcan0 1C4#05FC1F4850403E03
(1768506238.312910) vcan0 1C4#061D1F4850403E25
(1768506238.336811) vcan0 1C4#06391F4850403E41
(1768506238.359917) vcan0 1C4#06651F4850403E6D
(1768506238.383562) vcan0 1C4#06421F4850403E4A
(1768506238.407266) vcan0 1C4#061D1F4850403E25
(1768506238.430566) vcan0 1C4#05ED1F4850403EF4
(1768506238.454002) vcan0 1C4#05FB1F4850403E02
(1768506238.463398) vcan0 3F9#5738030100000097
(1768506238.477781) vcan0 1C4#06301F4850403E38
(1768506238.477795) vcan0 3BB#00005C00
(1768506238.501375) vcan0 1C4#064C1F4850403E54
(1768506238.510625) vcan0 3D3#07DD
(1768506238.524911) vcan0 1C4#066F1F4850403E77
(1768506238.548370) vcan0 1C4#065D1F4850403E65
(1768506238.571836) vcan0 1C4#062E1F484F403E35
(1768506238.595281) vcan0 1C4#05F81F484F403EFE
(1768506238.619022) vcan0 1C4#06071F484F403E0E
(1768506238.642247) vcan0 1C4#063B1F484F403E42
(1768506238.665874) vcan0 1C4#066F1F484F403E76
(1768506238.689426) vcan0 1C4#067B1F484F403E82
(1768506238.713312) vcan0 1C4#06541F484F403E5B
(1768506238.713326) vcan0 3F9#5738030100000097
(1768506238.736693) vcan0 1C4#06211F484F403E28
(1768506238.760343) vcan0 1C4#05EF1F484F403EF5
(1768506238.783545) vcan0 1C4#05D81F484F403EDE
(1768506238.807122) vcan0 1C4#06011F484F403E08
(1768506238.830685) vcan0 1C4#063C1F484F403E43
(1768506238.854280) vcan0 1C4#066A1F484F403E71
(1768506238.878328) vcan0 1C4#06691F484F403E70
(1768506238.901553) vcan0 1C4#06461F484F403E4D
(1768506238.924865) vcan0 1C4#06191F484F403E20
(1768506238.948422) vcan0 1C4#05E41E484F403EE9
(1768506238.963096) vcan0 3F9#5738030100000097
(1768506238.972108) vcan0 1C4#05C11E484F403EC6
(1768506238.995692) vcan0 1C4#05EE1E484F403EF3
(1768506239.019382) vcan0 1C4#06151F484F403E1C
(1768506239.034790) vcan0 3D3#07FE
(1768506239.042899) vcan0 1C4#06621F484F403E69
(1768506239.066340) vcan0 1C4#06611F484F403E68
(1768506239.089695) vcan0 1C4#06491E484F403E4F
(1768506239.113435) vcan0 1C4#062F1E484F403E35
(1768506239.117369) vcan0 38A#0000000000
(1768506239.136796) vcan0 1C4#06051E484F403E0B
(1768506239.160606) vcan0 1C4#05EC1E484F403EF1
(1768506239.166786) vcan0 4C1#0100000000000000
(1768506239.184220) vcan0 1C4#06151E484F403E1B
(1768506239.207635) vcan0 1C4#06521F484F403E59
(1768506239.212732) vcan0 3F9#5738030100000097
(1768506239.230919) vcan0 1C4#06661F484F403E6D
(1768506239.254689) vcan0 1C4#06571F484F403E5E
(1768506239.255572) vcan0 38A#0800000000
(1768506239.278297) vcan0 1C4#06291F484F403E30
(1768506239.288090) vcan0 399#00000000000000
(1768506239.298682) vcan0 3BC#0000000000000000
(1768506239.301660) vcan0 1C4#06051F484F403E0C
(1768506239.325411) vcan0 1C4#05EA1F484F403EF0
(1768506239.348855) vcan0 1C4#06131F484F403E1A
(1768506239.372375) vcan0 1C4#063E1F484F403E45
(1768506239.395821) vcan0 1C4#066A1F484F403E71
(1768506239.419640) vcan0 1C4#06671F484F403E6E
(1768506239.442893) vcan0 1C4#064E1F484F403E55
(1768506239.462566) vcan0 3F9#5738030100000097
(1768506239.466587) vcan0 1C4#06251F484F403E2C
(1768506239.489975) vcan0 1C4#06111F484F403E18
(1768506239.501575) vcan0 3BB#00005C00
(1768506239.513641) vcan0 1C4#06501F484F403E57
(1768506239.537382) vcan0 1C4#067B1F484F403E82
(1768506239.558390) vcan0 3D3#077D
(1768506239.560707) vcan0 1C4#066A1F484F403E71
(1768506239.584170) vcan0 1C4#06571F484F403E5E
(1768506239.607811) vcan0 1C4#062D1F484F403E34
(1768506239.631181) vcan0 1C4#06131F484F403E1A
(1768506239.654811) vcan0 1C4#05FE1F484F403E04
(1768506239.678467) vcan0 1C4#06171F484F403E1E
(1768506239.701974) vcan0 1C4#064A1F484F403E51
(1768506239.712099) vcan0 3F9#5738030100000097
(1768506239.725364) vcan0 1C4#063D1F484F403E44
(1768506239.748983) vcan0 1C4#063B1F484F403E42
(1768506239.772656) vcan0 1C4#061D1F484F403E24
(1768506239.796240) vcan0 1C4#05FE1F484F403E04
(1768506239.819531) vcan0 1C4#05F31F484F403EF9
(1768506239.843229) vcan0 1C4#05D01F484F403ED6
(1768506239.866897) vcan0 1C4#05F41F484F403EFA
(1768506239.890475) vcan0 1C4#06071F484F403E0E
(1768506239.914045) vcan0 1C4#06091F484F403E10
(1768506239.937345) vcan0 1C4#06071F484F403E0E
(1768506239.960850) vcan0 1C4#05E81F484F403EEE
(1768506239.961922) vcan0 3F9#5738030100000097
(1768506239.984584) vcan0 1C4#05EC1F484F403EF2
(1768506240.008472) vcan0 1C4#05ED1F484F403EF3
(1768506240.031562) vcan0 1C4#05D51F484F403EDB
(1768506240.055297) vcan0 1C4#05ED1F484F403EF3
(1768506240.076732) vcan0 4C1#0100000000000000
(1768506240.078591) vcan0 1C4#05DF1F484F403EE5
(1768506240.082862) vcan0 3D3#06B2
(1768506240.102375) vcan0 1C4#06081F484F403E0F
(1768506240.125686) vcan0 1C4#05ED1F484F403EF3
(1768506240.149407) vcan0 1C4#05CF1F484F403ED5
(1768506240.172978) vcan0 1C4#05D61F484F403EDC
(1768506240.196509) vcan0 1C4#05BE1F484F403EC4
(1768506240.211936) vcan0 3F9#5738030100000097
(1768506240.220178) vcan0 1C4#05E01F484F403EE6
(1768506240.243609) vcan0 1C4#05E41F484F403EEA
(1768506240.267265) vcan0 1C4#05EC1F484F403EF2
(1768506240.290619) vcan0 1C4#060E1F484F403E15
(1768506240.311339) vcan0 399#00000000000000
(1768506240.314145) vcan0 1C4#05FF1F484F403E05
(1768506240.322350) vcan0 3BC#0000000000000000
(1768506240.337647) vcan0 1C4#05E51F484F403EEB
(1768506240.361196) vcan0 1C4#05D21F484F403ED8
(1768506240.384649) vcan0 1C4#05BE1F484F403EC4
(1768506240.407436) vcan0 38A#0800000000
(1768506240.408374) vcan0 1C4#05DD1F484F403EE3
(1768506240.431764) vcan0 1C4#05C01F484F403EC6
(1768506240.455343) vcan0 1C4#05BE1F484F403EC4
(1768506240.461722) vcan0 3F9#5738030100000097
(1768506240.479138) vcan0 1C4#05A81F484F403EAE
(1768506240.502532) vcan0 1C4#05C31F484F403EC9
(1768506240.524868) vcan0 3BB#00005C00
(1768506240.525950) vcan0 1C4#05DC1F484F403EE2
(1768506240.549563) vcan0 1C4#05CE1F484F403ED4
(1768506240.573376) vcan0 1C4#05E71F484F403EED
(1768506240.596628) vcan0 1C4#05FD1F484F403E03
(1768506240.606858) vcan0 3D3#0640
(1768506240.620396) vcan0 1C4#05D61F484F403EDC
(1768506240.643692) vcan0 1C4#05BE1F484F403EC4
(1768506240.667504) vcan0 1C4#05B51F484F403EBB
(1768506240.690797) vcan0 1C4#05E31F484F403EE9
(1768506240.711510) vcan0 3F9#5738030100000097
(1768506240.714500) vcan0 1C4#06191F484F403E20
(1768506240.737843) vcan0 1C4#06321F484F403E39
(1768506240.761639) vcan0 1C4#062E1F484F403E35
(1768506240.785287) vcan0 1C4#060F1F484F403E16
(1768506240.808658) vcan0 1C4#05F31F484F403EF9
(1768506240.832262) vcan0 1C4#05CB1F484F403ED1
(1768506240.855691) vcan0 1C4#05B61F484F403EBC
(1768506240.879295) vcan0 1C4#05C31F484F403EC9
(1768506240.902701) vcan0 1C4#060C1F484F403E13
(1768506240.926721) vcan0 1C4#06451F484F403E4C
(1768506240.950045) vcan0 1C4#06451F484F403E4C
(1768506240.961372) vcan0 3F9#5738030100000097
(1768506240.973539) vcan0 1C4#06251F484F403E2C
(1768506240.986648) vcan0 4C1#0100000000000000
(1768506240.997140) vcan0 1C4#06051F484F403E0C
(1768506241.020407) vcan0 1C4#05F01F484F403EF6
(1768506241.044142) vcan0 1C4#06011F484F403E08
(1768506241.067680) vcan0 1C4#06141F484F403E1B
(1768506241.091031) vcan0 1C4#06491F484F403E50
(1768506241.114747) vcan0 1C4#06361F484F403E3D
(1768506241.131148) vcan0 3D3#0674
(1768506241.138407) vcan0 1C4#06261F484F403E2D
(1768506241.161868) vcan0 1C4#06001F484F403E07
(1768506241.185224) vcan0 1C4#05E11F484F403EE7
(1768506241.209030) vcan0 1C4#05FE1F484F403E04
(1768506241.211096) vcan0 3F9#5738030100000097
(1768506241.232584) vcan0 1C4#06171F484F403E1E
(1768506241.256175) vcan0 1C4#06401F484F403E47
(1768506241.279519) vcan0 1C4#063F1F484F403E46
(1768506241.303250) vcan0 1C4#06201F484F403E27
(1768506241.326492) vcan0 1C4#060D1F484F403E14
(1768506241.334651) vcan0 399#00000000000000
(1768506241.346142) vcan0 3BC#0000000000000000
(1768506241.350345) vcan0 1C4#05E51F484F403EEB
(1768506241.373586) vcan0 1C4#06001F484F403E07
(1768506241.397117) vcan0 1C4#06311F484F403E38
(1768506241.420839) vcan0 1C4#065B1F484F403E62
(1768506241.444608) vcan0 1C4#06531F484F403E5A
(1768506241.460885) vcan0 3F9#5738030100000097
(1768506241.468080) vcan0 1C4#062F1F484F403E36
(1768506241.491689) vcan0 1C4#060E1F484F403E15
(1768506241.515152) vcan0 1C4#05FA1F484F403E00
(1768506241.538568) vcan0 1C4#05F71F484F403EFD
(1768506241.548579) vcan0 3BB#00005D00
(1768506241.558868) vcan0 38A#0800000000
(1768506241.561940) vcan0 1C4#061A1F484F403E21
(1768506241.585709) vcan0 1C4#064A1F484F403E51
(1768506241.609341) vcan0 1C4#065A1F484F403E61
(1768506241.632580) vcan0 1C4#06411F484F403E48
(1768506241.655214) vcan0 3D3#0681
(1768506241.656170) vcan0 1C4#061B1F484F403E22
(1768506241.679799) vcan0 1C4#05F71F484F403EFD
(1768506241.703215) vcan0 1C4#05EA1F484F403EF0
(1768506241.710591) vcan0 3F9#5738030100000097
(1768506241.726940) vcan0 1C4#06131F484F403E1A
(1768506241.750592) vcan0 1C4#061B1F484F403E22
(1768506241.774206) vcan0 1C4#06281F484F403E2F
(1768506241.797688) vcan0 1C4#06501F484F403E57
(1768506241.821224) vcan0 1C4#06271F484F403E2E
(1768506241.844647) vcan0 1C4#06061F484F403E0D
(1768506241.868299) vcan0 1C4#05E81F484F403EEE
(1768506241.891595) vcan0 1C4#05ED1F484F403EF3
(1768506241.896907) vcan0 4C1#0100000000000000
(1768506241.915293) vcan0 1C4#061E1F484F403E25
(1768506241.938664) vcan0 1C4#06411F484F403E48
(1768506241.960502) vcan0 3F9#5738030100000097
(1768506241.962581) vcan0 1C4#065E1F484F403E65
(1768506241.985742) vcan0 1C4#065A1F484F403E61
(1768506242.009329) vcan0 1C4#063C1F484F403E43
(1768506242.032988) vcan0 1C4#06161F484F403E1D
(1768506242.056688) vcan0 1C4#05F31F484F403EF9
(1768506242.080227) vcan0 1C4#060A1F484F403E11
(1768506242.103499) vcan0 1C4#06391F484F403E40
(1768506242.127014) vcan0 1C4#065A1F484F403E61
(1768506242.150732) vcan0 1C4#06581F484F403E5F
(1768506242.174216) vcan0 1C4#06391F484F403E40
(1768506242.179224) vcan0 3D3#06CF
(1768506242.197683) vcan0 1C4#06131F484F403E1A
(1768506242.210231) vcan0 3F9#5738030100000097
(1768506242.221343) vcan0 1C4#05FA1F484F403E00
(1768506242.244710) vcan0 1C4#06011F484F403E08
(1768506242.268629) vcan0 1C4#06261F484F403E2D
(1768506242.292081) vcan0 1C4#06551F484F403E5C
(1768506242.315394) vcan0 1C4#064D1F484F403E54
(1768506242.339251) vcan0 1C4#06391F484F403E40
(1768506242.358404) vcan0 399#00000000000000
(1768506242.362666) vcan0 1C4#06131F484F403E1A
(1768506242.369846) vcan0 3BC#0000000000000000
(1768506242.386328) vcan0 1C4#05FC1F484F403E02
(1768506242.409600) vcan0 1C4#06271F484F403E2E
(1768506242.433375) vcan0 1C4#06421F484F403E49
(1768506242.456820) vcan0 1C4#063C1F484F403E43
(1768506242.460038) vcan0 3F9#5738030100000097
(1768506242.480238) vcan0 1C4#06251F484F403E2C
(1768506242.504074) vcan0 1C4#06041F484F403E0B
(1768506242.527537) vcan0 1C4#05DD1F484F403EE3
(1768506242.551136) vcan0 1C4#06161F484F403E1D
(1768506242.572578) vcan0 3BB#00005D00
(1768506242.574632) vcan0 1C4#06551F484F403E5C
(1768506242.597974) vcan0 1C4#066A1F484F403E71
(1768506242.621733) vcan0 1C4#064E1F484F403E55
(1768506242.645025) vcan0 1C4#06331F484F403E3A
(1768506242.668617) vcan0 1C4#060D1F484F403E14
(1768506242.692058) vcan0 1C4#06121F484F403E19
(1768506242.703407) vcan0 3D3#0696
(1768506242.709779) vcan0 3F9#5738030100000097
(1768506242.710633) vcan0 38A#0800000000
(1768506242.715706) vcan0 1C4#06401F484F403E47
(1768506242.739314) vcan0 1C4#06661F484F403E6D
(1768506242.762940) vcan0 1C4#06581F484F403E5F
(1768506242.786302) vcan0 1C4#06351F484F403E3C
(1768506242.807025) vcan0 4C1#0100000000000000
(1768506242.809867) vcan0 1C4#060E1F484F403E15
(1768506242.833562) vcan0 1C4#05F91F484F403EFF
(1768506242.856926) vcan0 1C4#06231F484F403E2A
(1768506242.880690) vcan0 1C4#064A1F484F403E51
(1768506242.904026) vcan0 1C4#06631F484F403E6A
(1768506242.927555) vcan0 1C4#06681F484F403E6F
(1768506242.951132) vcan0 1C4#064B1F484F403E52
(1768506242.959316) vcan0 3F9#5738030100000097
(1768506242.974744) vcan0 1C4#06251F484F403E2C
(1768506242.998314) vcan0 1C4#06051F484F403E0C
(1768506243.022111) vcan0 1C4#060F1F484F403E16
(1768506243.045584) vcan0 1C4#06481F484F403E4F
(1768506243.069199) vcan0 1C4#065C1F484F403E63
(1768506243.088332) vcan0 38A#0000000000
(1768506243.092672) vcan0 1C4#06521F484F403E59
(1768506243.116261) vcan0 1C4#06491F484F403E50
(1768506243.139750) vcan0 1C4#06211F484F403E28
(1768506243.163242) vcan0 1C4#06091F484F403E10
(1768506243.186751) vcan0 1C4#060A1F484F403E11
(1768506243.209370) vcan0 3F9#5738030100000097
(1768506243.210186) vcan0 1C4#060C1F484F403E13
(1768506243.227501) vcan0 3D3#070A
(1768506243.233858) vcan0 1C4#06201F484F403E27
(1768506243.257195) vcan0 1C4#062D1F484F403E34
(1768506243.280908) vcan0 1C4#060F1F484F403E16
(1768506243.304595) vcan0 1C4#05E71F484F403EED
(1768506243.327992) vcan0 1C4#05CA1F484F403ED0
(1768506243.351720) vcan0 1C4#05F41F484F403EFA
(1768506243.375229) vcan0 1C4#062A1F484F403E31
(1768506243.382462) vcan0 399#00000000000000
(1768506243.393588) vcan0 3BC#0000000000000000
(1768506243.398611) vcan0 1C4#062F1F484F403E36
(1768506243.422274) vcan0 1C4#06541F484F403E5B
(1768506243.445614) vcan0 1C4#06461F484F403E4D
(1768506243.458871) vcan0 3F9#5738030100000097
(1768506243.469235) vcan0 1C4#061D1F484F403E24
(1768506243.492601) vcan0 1C4#05F61F484F403EFC
(1768506243.516442) vcan0 1C4#06061F484F403E0D
(1768506243.539939) vcan0 1C4#06551F484F403E5C
(1768506243.563465) vcan0 1C4#067A1F484F403E81
(1768506243.586847) vcan0 1C4#06781F484F403E7F
(1768506243.595940) vcan0 3BB#00005D00
(1768506243.610481) vcan0 1C4#06681F484F403E6F
(1768506243.633961) vcan0 1C4#065C1F484F403E63
(1768506243.657488) vcan0 1C4#064F1F484F403E56
(1768506243.681353) vcan0 1C4#06431F484F403E4A
(1768506243.704624) vcan0 1C4#063A1F484F403E41
(1768506243.708667) vcan0 3F9#5738030100000097
(1768506243.716862) vcan0 4C1#0100000000000000
(1768506243.728073) vcan0 1C4#065E1F484F403E65
(1768506243.751769) vcan0 1C4#066C1F484F403E73
(1768506243.751783) vcan0 3D3#074D
(1768506243.775229) vcan0 1C4#06721F484F403E79
(1768506243.798685) vcan0 1C4#066E1F484F403E75
(1768506243.822219) vcan0 1C4#06511F484F403E58
(1768506243.845990) vcan0 1C4#062A1F484F403E31
(1768506243.869713) vcan0 1C4#06121F484F403E19
(1768506243.893186) vcan0 1C4#06211F484F403E28
(1768506243.916664) vcan0 1C4#06651F484F403E6C
(1768506243.940323) vcan0 1C4#069E1F484F403EA5
(1768506243.958460) vcan0 3F9#5738030100000097
(1768506243.963624) vcan0 1C4#069C1F484F403EA3
(1768506243.987202) vcan0 1C4#067F1F484F403E86
(1768506244.010825) vcan0 1C4#06671F484F403E6E
(1768506244.034469) vcan0 1C4#06411F484F403E48
(1768506244.057799) vcan0 1C4#06211F484F403E28
(1768506244.081602) vcan0 1C4#06141F484F403E1B
(1768506244.105124) vcan0 1C4#06451F484F403E4C
(1768506244.128657) vcan0 1C4#06861F484F403E8D
(1768506244.152185) vcan0 1C4#06851F484F403E8C
(1768506244.175707) vcan0 1C4#06611F484F403E68
(1768506244.199180) vcan0 1C4#06401F484F403E47
(1768506244.208230) vcan0 3F9#5738030100000097
(1768506244.222681) vcan0 1C4#06241F484F403E2B
(1768506244.240000) vcan0 38A#0000000000
(1768506244.246332) vcan0 1C4#06291F484F403E30
(1768506244.269834) vcan0 1C4#06531F484F403E5A
(1768506244.275922) vcan0 3D3#07B6
(1768506244.293312) vcan0 1C4#068E1F484F403E95
(1768506244.316748) vcan0 1C4#068D1F484F403E94
(1768506244.340584) vcan0 1C4#06771F484F403E7E
(1768506244.364176) vcan0 1C4#06501F484F403E57
(1768506244.387382) vcan0 1C4#06371F484F403E3E
(1768506244.406103) vcan0 399#00000000000000
(1768506244.411027) vcan0 1C4#06591F484F403E60
(1768506244.417393) vcan0 3BC#0000000000000000
(1768506244.434630) vcan0 1C4#066C1F484F403E73
(1768506244.458129) vcan0 1C4#06691F484F403E70
(1768506244.458267) vcan0 3F9#5738030100000097
(1768506244.481676) vcan0 1C4#06721F484F403E79
(1768506244.505231) vcan0 1C4#065F1F484F403E66
(1768506244.528623) vcan0 1C4#06401F484F403E47
(1768506244.552535) vcan0 1C4#061B1F484F403E22
(1768506244.576125) vcan0 1C4#06071F484F403E0E
(1768506244.599591) vcan0 1C4#063C1F484F403E43
(1768506244.619983) vcan0 3BB#00005E00
(1768506244.623098) vcan0 1C4#065A1F484F403E61
(1768506244.627106) vcan0 4C1#0100000000000000
(1768506244.646375) vcan0 1C4#06681F484F403E6F
(1768506244.669905) vcan0 1C4#067F1F484F403E86
(1768506244.693692) vcan0 1C4#06481F484F403E4F
(1768506244.708754) vcan0 3F9#5738030100000097
(1768506244.717344) vcan0 1C4#06321F484F403E39
(1768506244.740732) vcan0 1C4#06271F484F403E2E
(1768506244.764338) vcan0 1C4#064C1F484F403E53
(1768506244.787841) vcan0 1C4#06741F484F403E7B
(1768506244.800075) vcan0 3D3#07DF
(1768506244.811169) vcan0 1C4#06871F484F403E8E
(1768506244.834729) vcan0 1C4#06611F484F403E68
(1768506244.858477) vcan0 1C4#06491F484F403E50
(1768506244.882125) vcan0 1C4#06361F484F403E3D
(1768506244.905377) vcan0 1C4#06451F484F403E4C
(1768506244.929046) vcan0 1C4#06471F484F403E4E
(1768506244.952659) vcan0 1C4#067C1F484F403E83
(1768506244.957853) vcan0 3F9#5738030100000097
(1768506244.976030) vcan0 1C4#06801F484F403E87
(1768506244.999715) vcan0 1C4#06551F484F403E5C
(1768506245.023088) vcan0 1C4#062E1F484F403E35
(1768506245.046746) vcan0 1C4#061D1F484F403E24
(1768506245.070318) vcan0 1C4#06431F484F403E4A
(1768506245.093780) vcan0 1C4#06551F484F403E5C
(1768506245.117671) vcan0 1C4#06381F484F403E3F
(1768506245.141164) vcan0 1C4#065E1F484F403E65
(1768506245.164740) vcan0 1C4#063D1F484F403E44
(1768506245.187894) vcan0 1C4#06421F484F403E49
(1768506245.207585) vcan0 3F9#5738030100000097
(1768506245.211661) vcan0 1C4#06231F484F403E2A
(1768506245.235179) vcan0 1C4#06171F484F403E1E
(1768506245.258718) vcan0 1C4#06351F484F403E3C
(1768506245.282172) vcan0 1C4#062A1F484F403E31
(1768506245.305795) vcan0 1C4#060B1F484F403E12
(1768506245.323947) vcan0 3D3#07C2
(1768506245.329172) vcan0 1C4#06311F484F403E38
(1768506245.352686) vcan0 1C4#06311F484F403E38
(1768506245.376549) vcan0 1C4#06491F484F403E50
(1768506245.391791) vcan0 38A#0000000000
(1768506245.400113) vcan0 1C4#063D1F484F403E44
(1768506245.423655) vcan0 1C4#06131F484F403E1A
(1768506245.429798) vcan0 399#00000000000000
(1768506245.441152) vcan0 3BC#0000000000000000
(1768506245.446879) vcan0 1C4#062E1F484F403E35
(1768506245.457428) vcan0 3F9#5738030100000097
(1768506245.470643) vcan0 1C4#061B1F484F403E22
(1768506245.494167) vcan0 1C4#05F51F484F403EFB
(1768506245.517706) vcan0 1C4#06041F484F403E0B
(1768506245.537361) vcan0 4C1#0100000000000000
(1768506245.541214) vcan0 1C4#062F1F484F403E36
(1768506245.564634) vcan0 1C4#065C1F484F403E63
(1768506245.588108) vcan0 1C4#06511F484F403E58
(1768506245.611668) vcan0 1C4#06391F484F403E40
(1768506245.635567) vcan0 1C4#06141F484F403E1B
(1768506245.643387) vcan0 3BB#00005E00
(1768506245.658831) vcan0 1C4#06071F484F403E0E
(1768506245.682546) vcan0 1C4#06061F484F403E0D
(1768506245.705927) vcan0 1C4#05EA1F484F403EF0
(1768506245.707065) vcan0 3F9#5738030100000097
(1768506245.729756) vcan0 1C4#06171F484F403E1E
(1768506245.753342) vcan0 1C4#06311F484F403E38
(1768506245.776746) vcan0 1C4#06461F484F403E4D
(1768506245.800375) vcan0 1C4#062E1F484F403E35
(1768506245.823796) vcan0 1C4#06001F484F403E07
(1768506245.847430) vcan0 1C4#05E51F484F403EEB
(1768506245.848318) vcan0 3D3#0760
(1768506245.870726) vcan0 1C4#05AA1F484F403EB0
(1768506245.894576) vcan0 1C4#05821F484F403E88
(1768506245.918117) vcan0 1C4#05991F484F403E9F
(1768506245.941640) vcan0 1C4#05DC1F484F403EE2
(1768506245.956700) vcan0 3F9#5738030100000097
(1768506245.965200) vcan0 1C4#06321F484F403E39
(1768506245.988426) vcan0 1C4#063F1F484F403E46
(1768506246.012320) vcan0 1C4#063A1F484F403E41
(1768506246.035732) vcan0 1C4#06271F484F403E2E
(1768506246.059116) vcan0 1C4#05FF1F484F403E05
(1768506246.082661) vcan0 1C4#05EB1F484F403EF1
(1768506246.106188) vcan0 1C4#05D81F484F403EDE
(1768506246.130113) vcan0 1C4#06051F484F403E0C
(1768506246.153733) vcan0 1C4#06141F484F403E1B
(1768506246.177113) vcan0 1C4#06321F484F403E39
(1768506246.200365) vcan0 1C4#060D1F484F403E14
(1768506246.206671) vcan0 3F9#5738030100000097
(1768506246.224202) vcan0 1C4#05F01F484F403EF6
(1768506246.247629) vcan0 1C4#06091F484F403E10
(1768506246.271328) vcan0 1C4#05D81F484F403EDE
(1768506246.294672) vcan0 1C4#05DC1F484F403EE2
(1768506246.318194) vcan0 1C4#05EA1F484F403EF0
(1768506246.341666) vcan0 1C4#05CE1F484F403ED4
(1768506246.365426) vcan0 1C4#05FC1F484F403E02
(1768506246.372217) vcan0 3D3#07FD
(1768506246.388831) vcan0 1C4#05E41F484F403EEA
(1768506246.412571) vcan0 1C4#05E41F484F403EEA
(1768506246.436136) vcan0 1C4#05F51F484F403EFB
(1768506246.447382) vcan0 4C1#0100000000000000
(1768506246.453441) vcan0 399#00000000000000
(1768506246.456310) vcan0 3F9#5738030100000097
(1768506246.459552) vcan0 1C4#05DB1F484F403EE1
(1768506246.464641) vcan0 3BC#0000000000000000
(1768506246.482906) vcan0 1C4#05DD1F484F403EE3
(1768506246.506727) vcan0 1C4#05D61F484F403EDC
(1768506246.530314) vcan0 1C4#05C81F484F403ECE
(1768506246.543521) vcan0 38A#0000000000
(1768506246.553485) vcan0 1C4#05BA1F484F403EC0
(1768506246.577216) vcan0 1C4#05921F484F403E98
(1768506246.600614) vcan0 1C4#057C1F484F403E82
(1768506246.624254) vcan0 1C4#055F1F484F403E65
(1768506246.647781) vcan0 1C4#05681F484F403E6E
(1768506246.667140) vcan0 3BB#00005E00
(1768506246.671559) vcan0 1C4#058F1F484F403E95
(1768506246.695024) vcan0 1C4#05C71F484F403ECD
(1768506246.706084) vcan0 3F9#5738030100000097
(1768506246.718619) vcan0 1C4#05E91F484F403EEF
(1768506246.741943) vcan0 1C4#05F51E484F403EFA
(1768506246.765797) vcan0 1C4#05C91E484F403ECE
(1768506246.788968) vcan0 1C4#05A81E484F403EAD
(1768506246.812743) vcan0 1C4#057C1E484F403E81
(1768506246.836364) vcan0 1C4#05871E484F403E8C
(1768506246.859800) vcan0 1C4#059C1E484F403EA1
(1768506246.883181) vcan0 1C4#05D11E484F403ED6
(1768506246.896350) vcan0 3D3#0766
(1768506246.906709) vcan0 1C4#05F91E484F403EFE
(1768506246.930232) vcan0 1C4#05E21E484F403EE7
(1768506246.953805) vcan0 1C4#05C31E484F403EC8
(1768506246.955946) vcan0 3F9#5738030100000097
(1768506246.977700) vcan0 1C4#05AB1E484F403EB0
(1768506247.001235) vcan0 1C4#057F1E484F403E84
(1768506247.024624) vcan0 1C4#05A01E484F403EA5
(1768506247.048299) vcan0 1C4#05C81E484F403ECD
(1768506247.071652) vcan0 1C4#05DC1E484F403EE1
(1768506247.095052) vcan0 1C4#05FC1E484F403E01
(1768506247.118673) vcan0 1C4#05EC1E484F403EF1
(1768506247.142417) vcan0 1C4#05CE1E484F403ED3
(1768506247.166250) vcan0 1C4#05C11E484F403EC6
(1768506247.189630) vcan0 1C4#05931E484F403E98
(1768506247.205873) vcan0 3F9#5738030100000097
(1768506247.213092) vcan0 1C4#05961E484F403E9B
(1768506247.236547) vcan0 1C4#057D1E484F403E82
(1768506247.260093) vcan0 1C4#05D01E484F403ED5
(1768506247.283744) vcan0 1C4#05D91E484F403EDE
(1768506247.307150) vcan0 1C4#05E91E484F403EEE
(1768506247.330735) vcan0 1C4#05F71E484F403EFC
(1768506247.354325) vcan0 1C4#05E41E484F403EE9
(1768506247.357443) vcan0 4C1#0100000000000000
(1768506247.377806) vcan0 1C4#05B51E484F403EBA
(1768506247.401157) vcan0 1C4#059A1E484F403E9F
(1768506247.420443) vcan0 3D3#0779
(1768506247.424636) vcan0 1C4#05891E484F403E8E
(1768506247.448625) vcan0 1C4#059F1E484F403EA4
(1768506247.455892) vcan0 3F9#5738030100000097
(1768506247.472152) vcan0 1C4#05DC1E484F403EE1
(1768506247.477180) vcan0 399#00000000000000
(1768506247.488432) vcan0 3BC#0000000000000000
(1768506247.495474) vcan0 1C4#05DD1E484F403EE2
(1768506247.519199) vcan0 1C4#05F51E484F403EFA
(1768506247.542628) vcan0 1C4#05DF1E484F403EE4
(1768506247.566004) vcan0 1C4#05B71E484F403EBC
(1768506247.589526) vcan0 1C4#05981E484F403E9D
(1768506247.613176) vcan0 1C4#05921E484F403E97
(1768506247.636789) vcan0 1C4#05B01E484F403EB5
(1768506247.660162) vcan0 1C4#05C21E484F403EC7
(1768506247.683697) vcan0 1C4#06091E484F403E0F
(1768506247.690798) vcan0 3BB#00005E00
(1768506247.694931) vcan0 38A#0000000000
(1768506247.705234) vcan0 3F9#5738030100000097
(1768506247.707278) vcan0 1C4#05FF1E484F403E04
(1768506247.730788) vcan0 1C4#05E41E484F403EE9
(1768506247.754585) vcan0 1C4#05E41E484F403EE9
(1768506247.756777) vcan0 38A#0800000000
(1768506247.777954) vcan0 1C4#05C31E484F403EC8
(1768506247.801778) vcan0 1C4#05C81E484F403ECD
(1768506247.825142) vcan0 1C4#05DE1E484F403EE3
(1768506247.848690) vcan0 1C4#05EA1E484F403EEF
(1768506247.872352) vcan0 1C4#05E81E484F403EED
(1768506247.895809) vcan0 1C4#05CB1E484F403ED0
(1768506247.919164) vcan0 1C4#05AF1E484F403EB4
(1768506247.942710) vcan0 1C4#058F1E484F403E94
(1768506247.944826) vcan0 3D3#0746
(1768506247.955017) vcan0 3F9#5738030100000097
(1768506247.966408) vcan0 1C4#056A1E484F403E6F
(1768506247.990032) vcan0 1C4#05A41E484F403EA9
(1768506248.013634) vcan0 1C4#05BA1E484F403EBF
(1768506248.037190) vcan0 1C4#06021E484F403E08
(1768506248.060714) vcan0 1C4#05EE1E484F403EF3
(1768506248.084146) vcan0 1C4#05CB1E484F403ED0
(1768506248.107652) vcan0 1C4#05BD1E484F403EC2
(1768506248.131176) vcan0 1C4#05AE1E484F403EB3
(1768506248.154705) vcan0 1C4#05AF1E484F403EB4
(1768506248.178176) vcan0 1C4#05DD1E484F403EE2
(1768506248.201687) vcan0 1C4#05EA1E484E403EEE
(1768506248.204789) vcan0 3F9#5738030100000097
(1768506248.225404) vcan0 1C4#05D21E484E403ED6
(1768506248.249082) vcan0 1C4#05AD1E484E403EB1
(1768506248.267485) vcan0 4C1#0100000000000000
(1768506248.272617) vcan0 1C4#05871E484E403E8B
(1768506248.296202) vcan0 1C4#057D1E484E403E81
(1768506248.319698) vcan0 1C4#057D1E484E403E81
(1768506248.343206) vcan0 1C4#058E1E484E403E92
(1768506248.366507) vcan0 1C4#05A01E484E403EA4
(1768506248.390061) vcan0 1C4#05791E484E403E7D
(1768506248.413672) vcan0 1C4#055D1E484E403E61
(1768506248.437183) vcan0 1C4#05381E484E403E3C
(1768506248.454692) vcan0 3F9#5738030100000097
(1768506248.460689) vcan0 1C4#05391E484E403E3D
(1768506248.469020) vcan0 3D3#06AC
(1768506248.484412) vcan0 1C4#05481E484E403E4C
(1768506248.500905) vcan0 399#00000000000000
(1768506248.507856) vcan0 1C4#05741E484E403E78
(1768506248.512236) vcan0 3BC#0000000000000000
(1768506248.531327) vcan0 1C4#05AA1E484E403EAE
(1768506248.555183) vcan0 1C4#05901E484E403E94
(1768506248.578444) vcan0 1C4#05741E484E403E78
(1768506248.602285) vcan0 1C4#054F1E484E403E53
(1768506248.625654) vcan0 1C4#052D1E484E403E31
(1768506248.649015) vcan0 1C4#05531E484E403E57
(1768506248.672706) vcan0 1C4#057B1E484E403E7F
(1768506248.696449) vcan0 1C4#05A81E484E403EAC
(1768506248.704531) vcan0 3F9#5738030100000097
(1768506248.714472) vcan0 3BB#00005F00
(1768506248.719652) vcan0 1C4#05E21E484E403EE6
(1768506248.743449) vcan0 1C4#05C11E484E403EC5
(1768506248.766797) vcan0 1C4#05A11E484E403EA5
(1768506248.790557) vcan0 1C4#057F1E484E403E83
(1768506248.814234) vcan0 1C4#05521E484E403E56
(1768506248.837689) vcan0 1C4#05661E484E403E6A
(1768506248.861049) vcan0 1C4#05961E484E403E9A
(1768506248.884709) vcan0 1C4#05CC1E484E403ED0
(1768506248.908320) vcan0 1C4#05F41E484E403EF8
(1768506248.908334) vcan0 38A#0800000000
(1768506248.931578) vcan0 1C4#05D71E484E403EDB
(1768506248.954301) vcan0 3F9#5738030100000097
(1768506248.955113) vcan0 1C4#05B11E484E403EB5
(1768506248.978818) vcan0 1C4#05901E484E403E94
(1768506248.993082) vcan0 3D3#061B
(1768506249.002608) vcan0 1C4#057A1E484E403E7E
(1768506249.026060) vcan0 1C4#05B61E484E403EBA
(1768506249.049681) vcan0 1C4#05DF1E484E403EE3
(1768506249.072914) vcan0 1C4#06071E484E403E0C
(1768506249.096740) vcan0 1C4#060F1E484E403E14
(1768506249.120258) vcan0 1C4#06001E484E403E05
(1768506249.143704) vcan0 1C4#05D81E484E403EDC
(1768506249.167094) vcan0 1C4#05BA1E484E403EBE
(1768506249.177519) vcan0 4C1#0100000000000000
(1768506249.190586) vcan0 1C4#059D1E484E403EA1
(1768506249.203843) vcan0 3F9#5738030100000097
(1768506249.214281) vcan0 1C4#05BE1E484E403EC2
(1768506249.237670) vcan0 1C4#05EC1E484E403EF0
(1768506249.261485) vcan0 1C4#06021E484E403E07
(1768506249.284817) vcan0 1C4#06101E484E403E15
(1768506249.308460) vcan0 1C4#05F71E484E403EFB
(1768506249.331895) vcan0 1C4#05D01E484E403ED4
(1768506249.355399) vcan0 1C4#05B21E484E403EB6
(1768506249.379247) vcan0 1C4#05BD1E484E403EC1
(1768506249.402707) vcan0 1C4#05D21E484E403ED6
(1768506249.426161) vcan0 1C4#05D51E484E403ED9
(1768506249.449786) vcan0 1C4#05D91E484E403EDD
(1768506249.453859) vcan0 3F9#5738030100000097
(1768506249.473120) vcan0 1C4#05FC1E484E403E00
(1768506249.496718) vcan0 1C4#05D81E484E403EDC
(1768506249.517326) vcan0 3D3#06CB
(1768506249.520562) vcan0 1C4#05BC1E484E403EC0
(1768506249.524513) vcan0 399#00000000000000
(1768506249.535857) vcan0 3BC#0000000000000000
(1768506249.544110) vcan0 1C4#059D1E484E403EA1
(1768506249.567648) vcan0 1C4#05911E484E403E95
(1768506249.591104) vcan0 1C4#05BB1E484E403EBF
(1768506249.614690) vcan0 1C4#05DB1E484E403EDF
(1768506249.638274) vcan0 1C4#05EE1E484E403EF2
(1768506249.661508) vcan0 1C4#05CE1E484E403ED2
(1768506249.685174) vcan0 1C4#05B31E484E403EB7
(1768506249.703491) vcan0 3F9#5738030100000097
(1768506249.708563) vcan0 1C4#058C1E484E403E90
(1768506249.732339) vcan0 1C4#05721E484E403E76
(1768506249.738329) vcan0 3BB#00005F00
(1768506249.755657) vcan0 1C4#05791E484E403E7D
(1768506249.779550) vcan0 1C4#05BF1E484E403EC3
(1768506249.803085) vcan0 1C4#05DC1E484E403EE0
(1768506249.826501) vcan0 1C4#05F71E484E403EFB
(1768506249.850166) vcan0 1C4#05ED1E484E403EF1
(1768506249.873427) vcan0 1C4#05CC1E484E403ED0
(1768506249.897274) vcan0 1C4#05AA1E484E403EAE
(1768506249.920770) vcan0 1C4#058C1E484E403E90
(1768506249.944302) vcan0 1C4#05881E484E403E8C
(1768506249.953532) vcan0 3F9#5738030100000097
(1768506249.967602) vcan0 1C4#05A01E484E403EA4
(1768506249.991128) vcan0 1C4#05DC1E484E403EE0
(1768506250.014849) vcan0 1C4#060E1E484E403E13
(1768506250.038436) vcan0 1C4#060A1E484E403E0F
(1768506250.041378) vcan0 3D3#0697
(1768506250.059892) vcan0 38A#0800000000
(1768506250.062103) vcan0 1C4#05EE1E484E403EF2
(1768506250.085599) vcan0 1C4#05C31E484E403EC7
(1768506250.087511) vcan0 4C1#0100000000000000
(1768506250.109182) vcan0 1C4#05C71E484E403ECB
(1768506250.132425) vcan0 1C4#05E41E484E403EE8
(1768506250.156231) vcan0 1C4#05FA1E484E403EFE
(1768506250.179630) vcan0 1C4#05FE1E484E403E02
(1768506250.203070) vcan0 1C4#05E31E484E403EE7
(1768506250.203288) vcan0 3F9#5738030100000097
(1768506250.226588) vcan0 1C4#05CE1E484E403ED2
(1768506250.250301) vcan0 1C4#05A61E484E403EAA
(1768506250.274256) vcan0 1C4#05961E484E403E9A
(1768506250.297564) vcan0 1C4#05C61E484E403ECA
(1768506250.321115) vcan0 1C4#06151E484E403E1A
(1768506250.344665) vcan0 1C4#05FA1F484E403EFF
(1768506250.367921) vcan0 1C4#05EC1F484E403EF1
(1768506250.391734) vcan0 1C4#05D41F484E403ED9
(1768506250.415289) vcan0 1C4#05AB1F484E403EB0
(1768506250.438486) vcan0 1C4#05B21F484E403EB7
(1768506250.453177) vcan0 3F9#5738030100000097
(1768506250.462048) vcan0 1C4#05E31F484E403EE8
(1768506250.485617) vcan0 1C4#06011F484E403E07
(1768506250.509396) vcan0 1C4#05EB1F484E403EF0
(1768506250.532723) vcan0 1C4#05DB1F484E403EE0
(1768506250.548361) vcan0 399#00000000000000
(1768506250.556388) vcan0 1C4#05BE1F484E403EC3
(1768506250.559359) vcan0 3BC#0000000000000000
(1768506250.565614) vcan0 3D3#0669
(1768506250.580104) vcan0 1C4#05981F484E403E9D
(1768506250.603684) vcan0 1C4#05841F484E403E89
(1768506250.627144) vcan0 1C4#05C01F484E403EC5
(1768506250.650467) vcan0 1C4#05E31F484E403EE8
(1768506250.673963) vcan0 1C4#05DF1F484E403EE4
(1768506250.697623) vcan0 1C4#05C31F484E403EC8
(1768506250.702767) vcan0 3F9#5738030100000097
(1768506250.721075) vcan0 1C4#05A61F484E403EAB
(1768506250.744709) vcan0 1C4#058E1F484E403E93
(1768506250.761972) vcan0 3BB#00006000
(1768506250.768090) vcan0 1C4#05A51F484E403EAA
(1768506250.792366) vcan0 1C4#05E01F484E403EE5
(1768506250.815547) vcan0 1C4#06191F484E403E1F
(1768506250.838762) vcan0 1C4#06041F484E403E0A
(1768506250.862347) vcan0 1C4#05E01F484E403EE5
(1768506250.886219) vcan0 1C4#05BC1F484E403EC1
(1768506250.909716) vcan0 1C4#05921F484E403E97
(1768506250.932958) vcan0 1C4#05BC1F484E403EC1
(1768506250.952732) vcan0 3F9#5738030100000097
(1768506250.956512) vcan0 1C4#05F31F484E403EF8
(1768506250.980147) vcan0 1C4#060C1F484E403E12
(1768506250.997611) vcan0 4C1#0100000000000000
(1768506251.003745) vcan0 1C4#061B1F484E403E21
(1768506251.027153) vcan0 1C4#05FB1F484E403E00
(1768506251.050731) vcan0 1C4#05D71F484E403EDC
(1768506251.074600) vcan0 1C4#05B71F484E403EBC
(1768506251.089656) vcan0 3D3#06CB
(1768506251.098040) vcan0 1C4#05A71F484E403EAC
(1768506251.121518) vcan0 1C4#05E41F484E403EE9
(1768506251.145199) vcan0 1C4#05ED1F484E403EF2
(1768506251.168722) vcan0 1C4#06031F484E403E09
(1768506251.192274) vcan0 1C4#061D1F484E403E23
(1768506251.202186) vcan0 3F9#5738030100000097
(1768506251.211547) vcan0 38A#0800000000
(1768506251.215707) vcan0 1C4#06041F484E403E0A
(1768506251.239132) vcan0 1C4#05E61F484E403EEB
(1768506251.262716) vcan0 1C4#05C91F484E403ECE
(1768506251.286300) vcan0 1C4#059F1F484E403EA4
(1768506251.310378) vcan0 1C4#05A61F484E403EAB
(1768506251.333603) vcan0 1C4#05EC1F484E403EF1
(1768506251.357058) vcan0 1C4#06261F484E403E2C
(1768506251.380641) vcan0 1C4#060E1F484E403E14
(1768506251.404116) vcan0 1C4#05F21F484E403EF7
(1768506251.427664) vcan0 1C4#05D41F484E403ED9
(1768506251.451235) vcan0 1C4#05B71F484E403EBC
(1768506251.452095) vcan0 3F9#5738030100000097
(1768506251.474788) vcan0 1C4#05E41F484E403EE9
(1768506251.498219) vcan0 1C4#05E91F484E403EEE
(1768506251.521721) vcan0 1C4#05F71F484E403EFC
(1768506251.545159) vcan0 1C4#05F11F484E403EF6
(1768506251.568754) vcan0 1C4#05CA1F484E403ECF
(1768506251.571934) vcan0 399#00000000000000
(1768506251.583318) vcan0 3BC#0000000000000000
(1768506251.592165) vcan0 1C4#05AB1F484E403EB0
(1768506251.613637) vcan0 3D3#066D
(1768506251.615994) vcan0 1C4#05A41F484E403EA9
(1768506251.639558) vcan0 1C4#05EB1F484E403EF0
(1768506251.662832) vcan0 1C4#061F1F484E403E25
(1768506251.686648) vcan0 1C4#06321F484E403E38
(1768506251.701744) vcan0 3F9#5738030100000097
(1768506251.709950) vcan0 1C4#06171F484E403E1D
(1768506251.733478) vcan0 1C4#05FA1F484E403EFF
(1768506251.757309) vcan0 1C4#05D21F484E403ED7
(1768506251.780730) vcan0 1C4#05B51F484E403EBA
(1768506251.785623) vcan0 3BB#00006000
(1768506251.804285) vcan0 1C4#05FC1F484E403E01
(1768506251.827902) vcan0 1C4#06401F484E403E46
(1768506251.851525) vcan0 1C4#065D1F484E403E63
(1768506251.874891) vcan0 1C4#06611F484E403E67
(1768506251.898633) vcan0 1C4#064F1F484E403E55
(1768506251.907781) vcan0 4C1#0100000000000000
(1768506251.922074) vcan0 1C4#062A1F484E403E30
(1768506251.945431) vcan0 1C4#06061F484E403E0C
(1768506251.951825) vcan0 3F9#5738030100000097
(1768506251.968953) vcan0 1C4#05F31F484E403EF8
(1768506251.992779) vcan0 1C4#05E61F484E403EEB
(1768506252.016006) vcan0 1C4#05CE1F484E403ED3
(1768506252.039745) vcan0 1C4#05EA1F484E403EEF
(1768506252.063391) vcan0 1C4#06001F484E403E06
(1768506252.086872) vcan0 1C4#06001F484E403E06
(1768506252.110542) vcan0 1C4#05F01F484E403EF5
(1768506252.133916) vcan0 1C4#05E21F484E403EE7
(1768506252.137753) vcan0 3D3#06A8
(1768506252.157653) vcan0 1C4#05C11F484E403EC6
(1768506252.181189) vcan0 1C4#05A91F484E403EAE
(1768506252.201367) vcan0 3F9#5738030100000097
(1768506252.204639) vcan0 1C4#05881F484E403E8D
(1768506252.227884) vcan0 1C4#05A91F484E403EAE
(1768506252.251636) vcan0 1C4#05C81F484E403ECD
(1768506252.275128) vcan0 1C4#05EF1F484E403EF4
(1768506252.298587) vcan0 1C4#06071F484E403E0D
(1768506252.322214) vcan0 1C4#05EF1F484E403EF4
(1768506252.346011) vcan0 1C4#05D21F484E403ED7
(1768506252.363327) vcan0 38A#0800000000
(1768506252.369477) vcan0 1C4#05AB1F484E403EB0
(1768506252.392737) vcan0 1C4#058D1F484E403E92
(1768506252.416593) vcan0 1C4#05A31F484E403EA8
(1768506252.440039) vcan0 1C4#05BE1F484E403EC3
(1768506252.451119) vcan0 3F9#5738030100000097
(1768506252.463373) vcan0 1C4#06171F484E403E1D
(1768506252.487097) vcan0 1C4#060B1F484E403E11
(1768506252.510757) vcan0 1C4#05EF1F484E403EF4
(1768506252.534036) vcan0 1C4#05CC1F484E403ED1
