(1768505800.236595) vcan0 1C4#0000000000003E0B
(1768505800.259974) vcan0 1C4#00001D0070003E98
(1768505800.283665) vcan0 1C4#00001D0070003E98
(1768505800.307196) vcan0 1C4#00001D4070003ED8
(1768505800.330657) vcan0 1C4#00001D4070003ED8
(1768505800.354055) vcan0 1C4#00001D4070403E18
(1768505800.377838) vcan0 1C4#00001D4070403E18
(1768505800.401157) vcan0 1C4#00001D4070403E18
(1768505800.424639) vcan0 1C4#00001D4070403E18
(1768505800.448332) vcan0 1C4#00001D4070403E18
(1768505800.472088) vcan0 1C4#00001D4070403E18
(1768505800.495619) vcan0 1C4#00001D4070403E18
(1768505800.518918) vcan0 1C4#00001D4070403E18
(1768505800.542639) vcan0 1C4#00001D4070403E18
(1768505800.566205) vcan0 1C4#00001D4070403E18
(1768505800.589725) vcan0 1C4#00001D4070403E18
(1768505800.613136) vcan0 1C4#00001D4070403E18
(1768505800.636715) vcan0 1C4#00001D4070403E18
(1768505800.660181) vcan0 1C4#00001D4070403E18
(1768505800.683659) vcan0 1C4#00001D4070403E18
(1768505800.707447) vcan0 1C4#00001D4070403E18
(1768505800.730730) vcan0 1C4#00001D4070403E18
(1768505800.754486) vcan0 1C4#00001D4070403E18
(1768505800.777992) vcan0 1C4#00001D4070403E18
(1768505800.801560) vcan0 1C4#00001D4070403E18
(1768505800.825217) vcan0 1C4#00001D4070403E18
(1768505800.848731) vcan0 1C4#00001D4070403E18
(1768505800.871999) vcan0 1C4#00001D4070403E18
(1768505800.895779) vcan0 1C4#00001D4070403E18
(1768505800.919236) vcan0 1C4#00001D4070403E18
(1768505800.942735) vcan0 1C4#00001D4070403E18
(1768505800.966358) vcan0 1C4#00001D4070403E18
(1768505800.989809) vcan0 1C4#00001D4070403E18
(1768505801.013467) vcan0 1C4#00001D4070403E18
(1768505801.036747) vcan0 1C4#00001D4070403E18
(1768505801.060617) vcan0 1C4#00001D4070403E18
(1768505801.083852) vcan0 1C4#00001D4070403E18
(1768505801.107672) vcan0 1C4#00001D4070403E18
(1768505801.130896) vcan0 1C4#00001D4070403E18
(1768505801.154470) vcan0 1C4#00001D4070403E18
(1768505801.178064) vcan0 1C4#00001D4070403E18
(1768505801.202076) vcan0 1C4#00001D4070403E18
(1768505801.225379) vcan0 1C4#00001D4070403E18
(1768505801.248984) vcan0 1C4#00001D4070403E18
(1768505801.272497) vcan0 1C4#00001D4070403E18
(1768505801.296097) vcan0 1C4#00001D4070403E18
(1768505801.319458) vcan0 1C4#00001D4070403E18
(1768505801.343134) vcan0 1C4#00001D4070403E18
(1768505801.366543) vcan0 1C4#00001D4070403E18
(1768505801.389829) vcan0 1C4#00001D4070403E18
(1768505801.413402) vcan0 1C4#00001D4070403E18
(1768505801.437042) vcan0 1C4#00001D4070403E18
(1768505801.460552) vcan0 1C4#00001D4070403E18
(1768505801.484239) vcan0 1C4#00001D4070403E18
(1768505801.507862) vcan0 1C4#00001D4070403E18
(1768505801.531397) vcan0 1C4#00001D4070403E18
(1768505801.554583) vcan0 1C4#00001D4070403E18
(1768505801.578290) vcan0 1C4#00001D4070403E18
(1768505801.601854) vcan0 1C4#00001D4070403E18
(1768505801.625533) vcan0 1C4#00001D4070403E18
(1768505801.648880) vcan0 1C4#00001D4070403E18
(1768505801.672339) vcan0 1C4#00001D4070403E18
(1768505801.696054) vcan0 1C4#00001D4070403E18
(1768505801.719485) vcan0 1C4#00001D4070403E18
(1768505801.743072) vcan0 1C4#00001D4070403E18
(1768505801.766753) vcan0 1C4#00001D4070403E18
(1768505801.790021) vcan0 1C4#00001D4070403E18
(1768505801.813823) vcan0 1C4#00001D4070403E18
(1768505801.837442) vcan0 1C4#00001D4070403E18
(1768505801.860967) vcan0 1C4#00001D4070403E18
(1768505801.884325) vcan0 1C4#00001D4070403E18
(1768505801.907727) vcan0 1C4#00001D4070403E18
(1768505801.931382) vcan0 1C4#00001D4070403E18
(1768505801.954940) vcan0 1C4#00001D4070403E18
(1768505801.978426) vcan0 1C4#00001D4070403E18
(1768505802.002068) vcan0 1C4#00001D4070403E18
(1768505802.025597) vcan0 1C4#00001D4070403E18
(1768505802.049269) vcan0 1C4#00001D4070403E18
(1768505802.072825) vcan0 1C4#00001D4070403E18
(1768505802.096028) vcan0 1C4#00001D4070403E18
(1768505802.119802) vcan0 1C4#00001D4070403E18
(1768505802.143315) vcan0 1C4#00001D4070403E18
(1768505802.166729) vcan0 1C4#00001D4070403E18
(1768505802.190447) vcan0 1C4#00001D4070403E18
(1768505802.213838) vcan0 1C4#00001D4070403E18
(1768505802.237844) vcan0 1C4#00001D4070403E18
(1768505802.261002) vcan0 1C4#00001D4070403E18
(1768505802.284589) vcan0 1C4#00001D4070403E18
(1768505802.308006) vcan0 1C4#00001D4070403E18
(1768505802.331692) vcan0 1C4#00001D4070403E18
(1768505802.355260) vcan0 1C4#00001D4070403E18
(1768505802.378855) vcan0 1C4#00001D4070403E18
(1768505802.402058) vcan0 1C4#00001D4070403E18
(1768505802.425798) vcan0 1C4#00001D4070403E18
(1768505802.449235) vcan0 1C4#00001D4070403E18
(1768505802.472674) vcan0 1C4#00001D4070403E18
(1768505802.496457) vcan0 1C4#00001D4070403E18
(1768505802.520131) vcan0 1C4#00001D4070403E18
(1768505802.543605) vcan0 1C4#00001D4070403E18
(1768505802.567021) vcan0 1C4#00001D4070403E18
(1768505802.590639) vcan0 1C4#00001D4070403E18
(1768505802.613926) vcan0 1C4#00001D4070403E18
(1768505802.637748) vcan0 1C4#00001D4070403E18
(1768505802.660974) vcan0 1C4#00001D4070403E18
(1768505802.684535) vcan0 1C4#00001D4070403E18
(1768505802.708198) vcan0 1C4#00001D4070403E18
(1768505802.731723) vcan0 1C4#00001D4070403E18
(1768505802.755131) vcan0 1C4#00001D4070403E18
(1768505802.778932) vcan0 1C4#00001D4070403E18
(1768505802.802459) vcan0 1C4#00001D4070403E18
(1768505802.825946) vcan0 1C4#00001D4070403E18
(1768505802.849575) vcan0 1C4#00001D4070403E18
(1768505802.873169) vcan0 1C4#00001D4070403E18
(1768505802.896643) vcan0 1C4#00001D4070403E18
(1768505802.919878) vcan0 1C4#00001D4070403E18
(1768505802.943709) vcan0 1C4#00001D4070403E18
(1768505802.967148) vcan0 1C4#00001D4070403E18
(1768505802.990691) vcan0 1C4#00001D4070403E18
(1768505803.014059) vcan0 1C4#00001D4070403E18
(1768505803.037623) vcan0 1C4#00001D4070403E18
(1768505803.061474) vcan0 1C4#00001D4070403E18
(1768505803.084693) vcan0 1C4#00001D4070403E18
(1768505803.108217) vcan0 1C4#00001D4070403E18
(1768505803.131996) vcan0 1C4#00001D4070403E18
(1768505803.155313) vcan0 1C4#00001D4070403E18
(1768505803.179003) vcan0 1C4#00001D4070403E18
(1768505803.202473) vcan0 1C4#00001D4070403E18
(1768505803.226002) vcan0 1C4#00001D4070403E18
(1768505803.249450) vcan0 1C4#00001D4070403E18
(1768505803.273255) vcan0 1C4#00001D4070403E18
(1768505803.296764) vcan0 1C4#00001D4070403E18
(1768505803.320396) vcan0 1C4#00001D4070403E18
(1768505803.343877) vcan0 1C4#00001D4470403E1C
(1768505803.367534) vcan0 1C4#00001D4470403E1C
(1768505803.390697) vcan0 1C4#00001D4070403E18
(1768505803.414225) vcan0 1C4#00001D4070403E18
(1768505803.438131) vcan0 1C4#00001D4070403E18
(1768505803.461663) vcan0 1C4#00001D4070403E18
(1768505803.485051) vcan0 1C4#00001D4070403E18
(1768505803.508503) vcan0 1C4#00921D4070403EAA
(1768505803.532144) vcan0 1C4#00921D4070403EAA
(1768505803.555649) vcan0 1C4#009B1D4070403EB3
(1768505803.579236) vcan0 1C4#00D31D4070403EEB
(1768505803.602814) vcan0 1C4#00D81D4070403EF0
(1768505803.626168) vcan0 1C4#00D11D4070403EE9
(1768505803.649785) vcan0 1C4#00CA1D4070403EE2
(1768505803.673341) vcan0 1C4#00CA1D4070403EE2
(1768505803.697474) vcan0 1C4#00DB1D4070403EF3
(1768505803.720571) vcan0 1C4#00E31D4070403EFB
(1768505803.744087) vcan0 1C4#00EE1D4070403E06
(1768505803.767496) vcan0 1C4#00F81D4070403E10
(1768505803.791204) vcan0 1C4#01001D4070403E19
(1768505803.814612) vcan0 1C4#01001D4070403E19
(1768505803.837956) vcan0 1C4#010A1D4070403E23
(1768505803.861682) vcan0 1C4#012D1D4070403E46
(1768505803.885282) vcan0 1C4#024C1D4070403E66
(1768505803.908527) vcan0 1C4#03661D4870403E89
(1768505803.932103) vcan0 1C4#04911D4870403EB5
(1768505803.955983) vcan0 1C4#055D1D4870403E82
(1768505803.979128) vcan0 1C4#06151D4870403E3B
(1768505804.003066) vcan0 1C4#06D51D4870403EFB
(1768505804.026422) vcan0 1C4#07811D4870403EA8
(1768505804.049963) vcan0 1C4#07EA1D4870403E11
(1768505804.073466) vcan0 1C4#08531D4870403E7B
(1768505804.096762) vcan0 1C4#088D1D4870403EB5
(1768505804.120399) vcan0 1C4#09041D4870403E2D
(1768505804.143948) vcan0 1C4#093A1D4870403E63
(1768505804.167484) vcan0 1C4#093D1D4870403E66
(1768505804.191219) vcan0 1C4#095C1D4870403E85
(1768505804.214687) vcan0 1C4#09571D4870403E80
(1768505804.238432) vcan0 1C4#093D1D4870403E66
(1768505804.261616) vcan0 1C4#094E1D4870403E77
(1768505804.285422) vcan0 1C4#095D1D4870403E86
(1768505804.309052) vcan0 1C4#094E1D4870403E77
(1768505804.332451) vcan0 1C4#092B1D4870403E54
(1768505804.356121) vcan0 1C4#09051D4870403E2E
(1768505804.379480) vcan0 1C4#092B1D4870403E54
(1768505804.402818) vcan0 1C4#09201D4870403E49
(1768505804.426665) vcan0 1C4#09241D4870403E4D
(1768505804.450073) vcan0 1C4#09111D4870403E3A
(1768505804.473613) vcan0 1C4#09041D4870403E2D
(1768505804.497295) vcan0 1C4#09001D4870403E29
(1768505804.520902) vcan0 1C4#08FE1D4870403E26
(1768505804.544074) vcan0 1C4#08F61D4870403E1E
(1768505804.567649) vcan0 1C4#09141D4870403E3D
(1768505804.591360) vcan0 1C4#08F61D4870403E1E
(1768505804.614781) vcan0 1C4#08E51D4870403E0D
(1768505804.638275) vcan0 1C4#08D11D4870403EF9
(1768505804.661729) vcan0 1C4#08D91D4870403E01
(1768505804.685333) vcan0 1C4#08D11D4870403EF9
(1768505804.709320) vcan0 1C4#08BA1D4870403EE2
(1768505804.732764) vcan0 1C4#08921D4870403EBA
(1768505804.756312) vcan0 1C4#089A1D4870403EC2
(1768505804.779710) vcan0 1C4#08B51D4870403EDD
(1768505804.803250) vcan0 1C4#08C81D4870403EF0
(1768505804.826860) vcan0 1C4#08A61D4870403ECE
(1768505804.850311) vcan0 1C4#087D1D4870403EA5
(1768505804.873970) vcan0 1C4#08A31D4870403ECB
(1768505804.897374) vcan0 1C4#08DD1D4870403E05
(1768505804.920932) vcan0 1C4#08E21D4870403E0A
(1768505804.944437) vcan0 1C4#08E71D4870403E0F
(1768505804.968091) vcan0 1C4#08E51D4870403E0D
(1768505804.991335) vcan0 1C4#08D41D4870403EFC
(1768505805.015106) vcan0 1C4#08D81D4870403E00
(1768505805.038375) vcan0 1C4#08F91D4870403E21
(1768505805.062158) vcan0 1C4#09271D4870403E50
(1768505805.085510) vcan0 1C4#09221D4870403E4B
(1768505805.109106) vcan0 1C4#09171D4870403E40
(1768505805.132592) vcan0 1C4#08FB1D4870403E23
(1768505805.156134) vcan0 1C4#08EE1D4870403E16
(1768505805.179620) vcan0 1C4#08FA1D4870403E22
(1768505805.203330) vcan0 1C4#09151D4870403E3E
(1768505805.227143) vcan0 1C4#08FF1D4870403E27
(1768505805.250357) vcan0 1C4#09271D4870403E50
(1768505805.273849) vcan0 1C4#09171D4870403E40
(1768505805.297562) vcan0 1C4#08CE1D4870403EF6
(1768505805.321184) vcan0 1C4#08AF1D4870403ED7
(1768505805.344711) vcan0 1C4#08971D4870403EBF
(1768505805.367908) vcan0 1C4#08B31D4870403EDB
(1768505805.391849) vcan0 1C4#08F61D4870403E1E
(1768505805.415185) vcan0 1C4#090D1D4870403E36
(1768505805.438765) vcan0 1C4#08F91D4870403E21
(1768505805.462282) vcan0 1C4#08C71D4870403EEF
(1768505805.485772) vcan0 1C4#08CA1D4870403EF2
(1768505805.509392) vcan0 1C4#09031D4870403E2C
(1768505805.533126) vcan0 1C4#09391D4870403E62
(1768505805.556306) vcan0 1C4#09201D4870403E49
(1768505805.580031) vcan0 1C4#08FA1D4870403E22
(1768505805.603669) vcan0 1C4#08EF1D4870403E17
(1768505805.627115) vcan0 1C4#091C1D4870403E45
(1768505805.650727) vcan0 1C4#09181D4870403E41
(1768505805.674102) vcan0 1C4#09251D4870403E4E
(1768505805.697558) vcan0 1C4#09141D4870403E3D
(1768505805.721178) vcan0 1C4#09371D4870403E60
(1768505805.745171) vcan0 1C4#09321D4870403E5B
(1768505805.768584) vcan0 1C4#09031D4870403E2C
(1768505805.792073) vcan0 1C4#08DC1D4870403E04
(1768505805.815542) vcan0 1C4#08D11D4870403EF9
(1768505805.839080) vcan0 1C4#09091D4870403E32
(1768505805.862414) vcan0 1C4#09301D4870403E59
(1768505805.885892) vcan0 1C4#091A1D4870403E43
(1768505805.909746) vcan0 1C4#08EF1D4870403E17
(1768505805.933119) vcan0 1C4#08DF1D4870403E07
(1768505805.956758) vcan0 1C4#08E61D4870403E0E
(1768505805.980215) vcan0 1C4#09181D4870403E41
(1768505806.003642) vcan0 1C4#09331D4870403E5C
(1768505806.027407) vcan0 1C4#09081D4870403E31
(1768505806.050905) vcan0 1C4#08DA1D4870403E02
(1768505806.074242) vcan0 1C4#08D01D4870403EF8
(1768505806.097757) vcan0 1C4#09001D4870403E29
(1768505806.121244) vcan0 1C4#09111D4870403E3A
(1768505806.144883) vcan0 1C4#09241D4870403E4D
(1768505806.168596) vcan0 1C4#090D1D4870403E36
(1768505806.192044) vcan0 1C4#08E71D4870403E0F
(1768505806.215669) vcan0 1C4#08CB1D4870403EF3
(1768505806.239049) vcan0 1C4#08E91D4870403E11
(1768505806.262570) vcan0 1C4#090A1D4870403E33
(1768505806.286216) vcan0 1C4#08FD1D4870403E25
(1768505806.309924) vcan0 1C4#08DF1D4870403E07
(1768505806.333451) vcan0 1C4#08B51D4870403EDD
(1768505806.356986) vcan0 1C4#08901D4870403EB8
(1768505806.380386) vcan0 1C4#08C11D4870403EE9
(1768505806.403686) vcan0 1C4#08E51D4870403E0D
(1768505806.427270) vcan0 1C4#08FA1D4870403E22
(1768505806.451013) vcan0 1C4#08EE1D4870403E16
(1768505806.474615) vcan0 1C4#08DB1D4870403E03
(1768505806.497905) vcan0 1C4#08C11D4870403EE9
(1768505806.521427) vcan0 1C4#08D11D4870403EF9
(1768505806.545254) vcan0 1C4#08E71D4870403E0F
(1768505806.568692) vcan0 1C4#08BD1D4870403EE5
(1768505806.592068) vcan0 1C4#08971D4870403EBF
(1768505806.615925) vcan0 1C4#08B81D4870403EE0
(1768505806.639431) vcan0 1C4#08DE1D4870403E06
(1768505806.662696) vcan0 1C4#08FB1D4870403E23
(1768505806.686420) vcan0 1C4#08E01D4870403E08
(1768505806.709815) vcan0 1C4#08C41D4870403EEC
(1768505806.733335) vcan0 1C4#08AE1D4870403ED6
(1768505806.757022) vcan0 1C4#08B71D4870403EDF
(1768505806.780394) vcan0 1C4#08DB1D4870403E03
(1768505806.804247) vcan0 1C4#08EF1D4870403E17
(1768505806.827438) vcan0 1C4#08E71D4870403E0F
(1768505806.850987) vcan0 1C4#08C21D4870403EEA
(1768505806.874860) vcan0 1C4#08A11D4870403EC9
(1768505806.898104) vcan0 1C4#08851D4870403EAD
(1768505806.921546) vcan0 1C4#08981D4870403EC0
(1768505806.945373) vcan0 1C4#08C41D4870403EEC
(1768505806.968801) vcan0 1C4#08E91D4870403E11
(1768505806.992297) vcan0 1C4#08C81D4870403EF0
(1768505807.015872) vcan0 1C4#089C1D4870403EC4
(1768505807.039319) vcan0 1C4#08801D4870403EA8
(1768505807.062928) vcan0 1C4#08B21D4870403EDA
(1768505807.086749) vcan0 1C4#08EF1D4870403E17
(1768505807.109907) vcan0 1C4#08D41D4870403EFC
(1768505807.133803) vcan0 1C4#08B61D4870403EDE
(1768505807.157328) vcan0 1C4#08C41D4870403EEC
(1768505807.180688) vcan0 1C4#08E21D4870403E0A
(1768505807.204235) vcan0 1C4#09031D4870403E2C
(1768505807.227799) vcan0 1C4#08E11D4870403E09
(1768505807.251258) vcan0 1C4#08C01D4870403EE8
(1768505807.274745) vcan0 1C4#089C1D4870403EC4
(1768505807.298247) vcan0 1C4#08BF1D4870403EE7
(1768505807.321948) vcan0 1C4#08D81D4870403E00
(1768505807.345559) vcan0 1C4#09051D4870403E2E
(1768505807.369059) vcan0 1C4#08DF1D4870403E07
(1768505807.392736) vcan0 1C4#08B51D4870403EDD
(1768505807.415952) vcan0 1C4#08981D4870403EC0
(1768505807.439661) vcan0 1C4#089F1D4870403EC7
(1768505807.463190) vcan0 1C4#08B51D4870403EDD
(1768505807.486700) vcan0 1C4#08D21D4870403EFA
(1768505807.510145) vcan0 1C4#08A11D4870403EC9
(1768505807.533745) vcan0 1C4#087B1D4870403EA3
(1768505807.557315) vcan0 1C4#08611D4870403E89
(1768505807.580988) vcan0 1C4#085F1D4870403E87
(1768505807.604251) vcan0 1C4#08AB1D4870403ED3
(1768505807.627995) vcan0 1C4#08C81D4870403EF0
(1768505807.651598) vcan0 1C4#08E01D4870403E08
(1768505807.675153) vcan0 1C4#08D01D4870403EF8
(1768505807.698593) vcan0 1C4#089D1D4870403EC5
(1768505807.721952) vcan0 1C4#08741D4870403E9C
(1768505807.745683) vcan0 1C4#08991D4870403EC1
(1768505807.769080) vcan0 1C4#08CC1D4870403EF4
(1768505807.792665) vcan0 1C4#08BA1D4870403EE2
(1768505807.816227) vcan0 1C4#08A61D4870403ECE
(1768505807.840052) vcan0 1C4#08891D4870403EB1
(1768505807.863442) vcan0 1C4#088B1D4870403EB3
(1768505807.887025) vcan0 1C4#08B01D4870403ED8
(1768505807.910361) vcan0 1C4#08BB1D4870403EE3
(1768505807.934151) vcan0 1C4#089C1D4870403EC4
(1768505807.957536) vcan0 1C4#08741D4870403E9C
(1768505807.981197) vcan0 1C4#08611D4870403E89
(1768505808.004508) vcan0 1C4#084A1D4870403E72
(1768505808.028175) vcan0 1C4#08791D4870403EA1
(1768505808.051535) vcan0 1C4#089F1D4870403EC7
(1768505808.075059) vcan0 1C4#08B21D4870403EDA
(1768505808.098780) vcan0 1C4#08911D4870403EB9
(1768505808.122114) vcan0 1C4#08631D4870403E8B
(1768505808.145678) vcan0 1C4#08511D4870403E79
(1768505808.169205) vcan0 1C4#08991D4870403EC1
(1768505808.192984) vcan0 1C4#08B41D4870403EDC
(1768505808.216485) vcan0 1C4#08BA1D4870403EE2
(1768505808.239823) vcan0 1C4#089C1D4870403EC4
(1768505808.263421) vcan0 1C4#08731D4870403E9B
(1768505808.286980) vcan0 1C4#08571D4870403E7F
(1768505808.310855) vcan0 1C4#08A71D4870403ECF
(1768505808.334191) vcan0 1C4#08CC1D4870403EF4
(1768505808.357707) vcan0 1C4#08AA1D4870403ED2
(1768505808.381395) vcan0 1C4#08A01D4870403EC8
(1768505808.404949) vcan0 1C4#08B41D4870403EDC
(1768505808.428372) vcan0 1C4#08AC1D4870403ED4
(1768505808.451856) vcan0 1C4#089D1D4870403EC5
(1768505808.475393) vcan0 1C4#086A1D4870403E92
(1768505808.499075) vcan0 1C4#08641D4870403E8C
(1768505808.522458) vcan0 1C4#08A51D4870403ECD
(1768505808.546133) vcan0 1C4#08C01D4870403EE8
(1768505808.569491) vcan0 1C4#08C01D4870403EE8
(1768505808.593072) vcan0 1C4#08991D4870403EC1
(1768505808.616533) vcan0 1C4#08741D4870403E9C
(1768505808.640333) vcan0 1C4#08591D4870403E81
(1768505808.663872) vcan0 1C4#087C1D4870403EA4
(1768505808.687316) vcan0 1C4#08B31D4870403EDB
(1768505808.710906) vcan0 1C4#088A1D4870403EB2
(1768505808.734159) vcan0 1C4#086C1D4870403E94
(1768505808.757847) vcan0 1C4#086D1D4870403E95
(1768505808.781357) vcan0 1C4#08931D4870403EBB
(1768505808.805044) vcan0 1C4#08D21D4870403EFA
(1768505808.828397) vcan0 1C4#08B81D4870403EE0
(1768505808.851952) vcan0 1C4#088B1D4870403EB3
(1768505808.875828) vcan0 1C4#086B1D4870403E93
(1768505808.899259) vcan0 1C4#08861D4870403EAE
(1768505808.922502) vcan0 1C4#08871D4870403EAF
(1768505808.946037) vcan0 1C4#08AC1D4870403ED4
(1768505808.969572) vcan0 1C4#08CA1D4870403EF2
(1768505808.993283) vcan0 1C4#08A91D4870403ED1
(1768505809.016649) vcan0 1C4#08851D4870403EAD
(1768505809.040385) vcan0 1C4#08661D4870403E8E
(1768505809.063857) vcan0 1C4#08811D4870403EA9
(1768505809.087399) vcan0 1C4#08B11D4870403ED9
(1768505809.110891) vcan0 1C4#08B11D4870403ED9
(1768505809.134489) vcan0 1C4#08A61D4870403ECE
(1768505809.158001) vcan0 1C4#08791D4870403EA1
(1768505809.182230) vcan0 1C4#08501D4870403E78
(1768505809.205213) vcan0 1C4#085B1D4870403E83
(1768505809.228617) vcan0 1C4#08A01D4870403EC8
(1768505809.252312) vcan0 1C4#08BA1D4870403EE2
(1768505809.275828) vcan0 1C4#08A91D4870403ED1
(1768505809.299138) vcan0 1C4#08851D4870403EAD
(1768505809.322756) vcan0 1C4#086B1D4870403E93
(1768505809.346268) vcan0 1C4#08811D4870403EA9
(1768505809.369741) vcan0 1C4#08C61D4870403EEE
(1768505809.393451) vcan0 1C4#08E91D4870403E11
(1768505809.417170) vcan0 1C4#08C11D4870403EE9
(1768505809.440377) vcan0 1C4#089C1D4870403EC4
(1768505809.464153) vcan0 1C4#087F1D4870403EA7
(1768505809.487771) vcan0 1C4#08A71D4870403ECF
(1768505809.511326) vcan0 1C4#08B11D4870403ED9
(1768505809.534799) vcan0 1C4#08BD1D486F403EE4
(1768505809.558174) vcan0 1C4#089E1D486F403EC5
(1768505809.581714) vcan0 1C4#08881D486F403EAF
(1768505809.605280) vcan0 1C4#08AD1D486F403ED4
(1768505809.628854) vcan0 1C4#08CD1D486F403EF4
(1768505809.652347) vcan0 1C4#08D81D486F403EFF
(1768505809.676016) vcan0 1C4#08AC1D486F403ED3
(1768505809.699406) vcan0 1C4#08941D486F403EBB
(1768505809.723123) vcan0 1C4#08A51D486F403ECC
(1768505809.746403) vcan0 1C4#08A81D486F403ECF
(1768505809.770036) vcan0 1C4#08871D486F403EAE
(1768505809.793604) vcan0 1C4#08761D486F403E9D
(1768505809.817111) vcan0 1C4#08711D486F403E98
(1768505809.840545) vcan0 1C4#08B61D486F403EDD
(1768505809.864240) vcan0 1C4#08BA1D486F403EE1
(1768505809.888135) vcan0 1C4#08A11D486F403EC8
(1768505809.911498) vcan0 1C4#087D1D486F403EA4
(1768505809.934972) vcan0 1C4#08791D486F403EA0
(1768505809.958397) vcan0 1C4#08921D486F403EB9
(1768505809.981799) vcan0 1C4#08B81D486F403EDF
(1768505810.005343) vcan0 1C4#08A91D486F403ED0
(1768505810.029055) vcan0 1C4#08811D486F403EA8
(1768505810.052743) vcan0 1C4#08851D486F403EAC
(1768505810.076060) vcan0 1C4#08AB1D486F403ED2
(1768505810.099443) vcan0 1C4#08A11D486F403EC8
(1768505810.123173) vcan0 1C4#088E1D486F403EB5
(1768505810.146587) vcan0 1C4#089E1D486F403EC5
(1768505810.170510) vcan0 1C4#08CF1D486F403EF6
(1768505810.193667) vcan0 1C4#08CA1D486F403EF1
(1768505810.217386) vcan0 1C4#08A61D486F403ECD
(1768505810.241024) vcan0 1C4#087B1D486F403EA2
(1768505810.264574) vcan0 1C4#088B1D486F403EB2
(1768505810.288132) vcan0 1C4#08BD1D486F403EE4
(1768505810.311617) vcan0 1C4#08B11D486F403ED8
(1768505810.334918) vcan0 1C4#08C21D486F403EE9
(1768505810.358502) vcan0 1C4#08CE1D486F403EF5
(1768505810.382090) vcan0 1C4#08CB1D486F403EF2
(1768505810.405522) vcan0 1C4#08CD1D486F403EF4
(1768505810.429340) vcan0 1C4#08A61D486F403ECD
(1768505810.452696) vcan0 1C4#08851D486F403EAC
(1768505810.476166) vcan0 1C4#087C1D486F403EA3
(1768505810.499921) vcan0 1C4#088A1D486F403EB1
(1768505810.523460) vcan0 1C4#087A1D486F403EA1
(1768505810.547097) vcan0 1C4#087D1D486F403EA4
(1768505810.570553) vcan0 1C4#08AA1D486F403ED1
(1768505810.593841) vcan0 1C4#08981D486F403EBF
(1768505810.617672) vcan0 1C4#08771D486F403E9E
(1768505810.641016) vcan0 1C4#085A1D486F403E81
(1768505810.664464) vcan0 1C4#08621D486F403E89
(1768505810.688257) vcan0 1C4#08B61D486F403EDD
(1768505810.711719) vcan0 1C4#08BE1D486F403EE5
(1768505810.735019) vcan0 1C4#089E1D486F403EC5
(1768505810.758850) vcan0 1C4#08811D486F403EA8
(1768505810.782337) vcan0 1C4#08871D486F403EAE
(1768505810.805666) vcan0 1C4#08B01D486F403ED7
(1768505810.829485) vcan0 1C4#08CC1D486F403EF3
(1768505810.852741) vcan0 1C4#08A81D486F403ECF
(1768505810.876366) vcan0 1C4#08841D486F403EAB
(1768505810.900239) vcan0 1C4#08A01D486F403EC7
(1768505810.923593) vcan0 1C4#08C81D486F403EEF
(1768505810.947154) vcan0 1C4#08F21D486F403E19
(1768505810.970567) vcan0 1C4#08D01D486F403EF7
(1768505810.994027) vcan0 1C4#08A51D486F403ECC
(1768505811.017951) vcan0 1C4#089F1D486F403EC6
(1768505811.041309) vcan0 1C4#08C61D486F403EED
(1768505811.064904) vcan0 1C4#08BA1D486F403EE1
(1768505811.088490) vcan0 1C4#08C41D486F403EEB
(1768505811.111711) vcan0 1C4#08C91D486F403EF0
(1768505811.135503) vcan0 1C4#08EB1D486F403E12
(1768505811.158791) vcan0 1C4#08D31D486F403EFA
(1768505811.182488) vcan0 1C4#08BA1D486F403EE1
(1768505811.205980) vcan0 1C4#08A91D486F403ED0
(1768505811.229766) vcan0 1C4#08C51D486E403EEB
(1768505811.253321) vcan0 1C4#08BD1D486E403EE3
(1768505811.276838) vcan0 1C4#08991D486E403EBF
(1768505811.300226) vcan0 1C4#08781D486E403E9E
(1768505811.323811) vcan0 1C4#087C1D486E403EA2
(1768505811.347403) vcan0 1C4#087B1D486E403EA1
(1768505811.370842) vcan0 1C4#089D1D486E403EC3
(1768505811.394451) vcan0 1C4#08911D486E403EB7
(1768505811.417709) vcan0 1C4#086A1D486E403E90
(1768505811.441367) vcan0 1C4#08621D486E403E88
(1768505811.464829) vcan0 1C4#089C1D486E403EC2
(1768505811.488685) vcan0 1C4#08AC1D486E403ED2
(1768505811.512038) vcan0 1C4#08C91D486E403EEF
(1768505811.535737) vcan0 1C4#08A11D486E403EC7
(1768505811.559280) vcan0 1C4#087E1D486E403EA4
(1768505811.582777) vcan0 1C4#08751D486E403E9B
(1768505811.606208) vcan0 1C4#08911D486E403EB7
(1768505811.629817) vcan0 1C4#088A1D486E403EB0
(1768505811.653394) vcan0 1C4#08C21D486E403EE8
(1768505811.676702) vcan0 1C4#08D31D486E403EF9
(1768505811.700253) vcan0 1C4#08B61D486E403EDC
(1768505811.723982) vcan0 1C4#088A1D486E403EB0
(1768505811.747249) vcan0 1C4#08631D486E403E89
(1768505811.770836) vcan0 1C4#085F1D486E403E85
(1768505811.794652) vcan0 1C4#08931D486E403EB9
(1768505811.817950) vcan0 1C4#08931D486E403EB9
(1768505811.841619) vcan0 1C4#08861D486E403EAC
(1768505811.865264) vcan0 1C4#089E1D486E403EC4
(1768505811.888717) vcan0 1C4#08AC1D486E403ED2
(1768505811.912123) vcan0 1C4#088D1D486E403EB3
(1768505811.935756) vcan0 1C4#08671D486E403E8D
(1768505811.959510) vcan0 1C4#08531D486E403E79
(1768505811.982967) vcan0 1C4#085A1D486E403E80
(1768505812.006346) vcan0 1C4#08901D486D403EB5
(1768505812.029825) vcan0 1C4#089A1D486D403EBF
(1768505812.053675) vcan0 1C4#08811D486D403EA6
(1768505812.076892) vcan0 1C4#08771D486D403E9C
(1768505812.100358) vcan0 1C4#08881D486D403EAD
(1768505812.123950) vcan0 1C4#08691D486D403E8E
(1768505812.147777) vcan0 1C4#08701D486D403E95
(1768505812.171110) vcan0 1C4#08781D486D403E9D
(1768505812.194735) vcan0 1C4#086F1D486D403E94
(1768505812.218138) vcan0 1C4#084F1D486D403E74
(1768505812.241902) vcan0 1C4#08311D486D403E56
(1768505812.265535) vcan0 1C4#082B1D486D403E50
(1768505812.288817) vcan0 1C4#08651D486D403E8A
(1768505812.312632) vcan0 1C4#088B1D486D403EB0
(1768505812.336132) vcan0 1C4#08721D486D403E97
(1768505812.359669) vcan0 1C4#085A1D486D403E7F
(1768505812.383141) vcan0 1C4#08501D486D403E75
(1768505812.406626) vcan0 1C4#08651D486D403E8A
(1768505812.429951) vcan0 1C4#08891D486D403EAE
(1768505812.453541) vcan0 1C4#086E1D486D403E93
(1768505812.477117) vcan0 1C4#084A1D486D403E6F
(1768505812.500869) vcan0 1C4#08591D486D403E7E
(1768505812.524251) vcan0 1C4#08821D486D403EA7
(1768505812.548024) vcan0 1C4#08A01D486D403EC5
(1768505812.571349) vcan0 1C4#08AF1D486D403ED4
(1768505812.595040) vcan0 1C4#089B1D486D403EC0
(1768505812.618418) vcan0 1C4#08751D486D403E9A
(1768505812.642178) vcan0 1C4#08701D486C403E94
(1768505812.665331) vcan0 1C4#08931D486C403EB7
(1768505812.688926) vcan0 1C4#088A1D486C403EAE
(1768505812.712558) vcan0 1C4#08801D486C403EA4
(1768505812.736118) vcan0 1C4#08761D486C403E9A
(1768505812.759739) vcan0 1C4#08551D486C403E79
(1768505812.783371) vcan0 1C4#08651D486C403E89
(1768505812.806874) vcan0 1C4#08801D486C403EA4
(1768505812.830499) vcan0 1C4#08661D486C403E8A
(1768505812.853973) vcan0 1C4#08441D486C403E68
(1768505812.877546) vcan0 1C4#08381D486C403E5C
(1768505812.901037) vcan0 1C4#086B1D486C403E8F
(1768505812.924429) vcan0 1C4#088D1D486C403EB1
(1768505812.947931) vcan0 1C4#089F1D486C403EC3
(1768505812.971804) vcan0 1C4#088A1D486C403EAE
(1768505812.995088) vcan0 1C4#08671D486C403E8B
(1768505813.018674) vcan0 1C4#085D1D486C403E81
(1768505813.042029) vcan0 1C4#085B1D486C403E7F
(1768505813.065588) vcan0 1C4#08841D486C403EA8
(1768505813.089295) vcan0 1C4#08891D486C403EAD
(1768505813.112639) vcan0 1C4#08941D486C403EB8
(1768505813.136493) vcan0 1C4#08791D486C403E9D
(1768505813.160006) vcan0 1C4#085E1D486C403E82
(1768505813.183283) vcan0 1C4#08351D486C403E59
(1768505813.206983) vcan0 1C4#08611D486C403E85
(1768505813.230382) vcan0 1C4#08811D486B403EA4
(1768505813.254011) vcan0 1C4#08731D486B403E96
(1768505813.277745) vcan0 1C4#085B1D486B403E7E
(1768505813.301276) vcan0 1C4#08511D486B403E74
(1768505813.324479) vcan0 1C4#084A1D486B403E6D
(1768505813.348411) vcan0 1C4#08611D486B403E84
(1768505813.371603) vcan0 1C4#085D1D486B403E80
(1768505813.395078) vcan0 1C4#085D1D486B403E80
(1768505813.418950) vcan0 1C4#08441D486B403E67
(1768505813.442305) vcan0 1C4#084E1D486B403E71
(1768505813.466039) vcan0 1C4#08591D486B403E7C
(1768505813.489728) vcan0 1C4#08881D486B403EAB
(1768505813.513001) vcan0 1C4#086B1D486B403E8E
(1768505813.536514) vcan0 1C4#08591D486B403E7C
(1768505813.560019) vcan0 1C4#085A1D486B403E7D
(1768505813.583751) vcan0 1C4#088E1D486B403EB1
(1768505813.607323) vcan0 1C4#09251D486B403E49
(1768505813.630882) vcan0 1C4#093E1D486B403E62
(1768505813.654315) vcan0 1C4#09561D486B403E7A
(1768505813.677635) vcan0 1C4#09551D486B403E79
(1768505813.701407) vcan0 1C4#09851D486B403EA9
(1768505813.724842) vcan0 1C4#0A001D486B403E25
(1768505813.748269) vcan0 1C4#0A2F1D486B403E54
(1768505813.771806) vcan0 1C4#0A261D486B403E4B
(1768505813.795516) vcan0 1C4#0A171D486B403E3C
(1768505813.819179) vcan0 1C4#0A531D486A403E77
(1768505813.842600) vcan0 1C4#0A7B1D486A403E9F
(1768505813.865981) vcan0 1C4#0A8A1D486A403EAE
(1768505813.889721) vcan0 1C4#0A761D486A403E9A
(1768505813.913336) vcan0 1C4#0A4E1D486A403E72
(1768505813.936728) vcan0 1C4#0A601D486A403E84
(1768505813.960410) vcan0 1C4#0AFA1D486A403E1E
(1768505813.983643) vcan0 1C4#0B181D486A403E3D
(1768505814.007628) vcan0 1C4#0AF51D486A403E19
(1768505814.031478) vcan0 1C4#0AEE1D486A403E12
(1768505814.054386) vcan0 1C4#0B921D486A403EB7
(1768505814.077862) vcan0 1C4#0BED1D486A403E12
(1768505814.101361) vcan0 1C4#0BC71D486A403EEC
(1768505814.125088) vcan0 1C4#0BC81D486A403EED
(1768505814.148691) vcan0 1C4#0C371D486A403E5D
(1768505814.171922) vcan0 1C4#0C241D486A403E4A
(1768505814.195784) vcan0 1C4#0BF71D486A403E1C
(1768505814.219208) vcan0 1C4#0BF31D486A403E18
(1768505814.242910) vcan0 1C4#0BEB1D486A403E10
(1768505814.266297) vcan0 1C4#0BB61D486A403EDB
(1768505814.289724) vcan0 1C4#0B891D486A403EAE
(1768505814.313213) vcan0 1C4#0B7D1D486A403EA2
(1768505814.336939) vcan0 1C4#0BE31D486A403E08
(1768505814.360492) vcan0 1C4#0C8C1D486A403EB2
(1768505814.384195) vcan0 1C4#0C6A1D486A403E90
(1768505814.407517) vcan0 1C4#0C771D486A403E9D
(1768505814.430930) vcan0 1C4#0CC11D4869403EE6
(1768505814.454680) vcan0 1C4#0D551D4869403E7B
(1768505814.478156) vcan0 1C4#0DAD1D4869403ED3
(1768505814.501585) vcan0 1C4#0E161D4869403E3D
(1768505814.525273) vcan0 1C4#0E7A1D4869403EA1
(1768505814.548801) vcan0 1C4#0EAB1D4869403ED2
(1768505814.572268) vcan0 1C4#0EF31D4869403E1A
(1768505814.596056) vcan0 1C4#0F311D4869403E59
(1768505814.619399) vcan0 1C4#0F541D4869403E7C
(1768505814.643140) vcan0 1C4#0F611D4869403E89
(1768505814.666670) vcan0 1C4#0FFF1D4869403E27
(1768505814.689889) vcan0 1C4#0FF51D4869403E1D
(1768505814.713665) vcan0 1C4#0FEA1D4869403E12
(1768505814.737138) vcan0 1C4#10671D4869403E90
(1768505814.760557) vcan0 1C4#107D1D4869403EA6
(1768505814.784163) vcan0 1C4#10D01D4869403EF9
(1768505814.807843) vcan0 1C4#10DC1D4869403E05
(1768505814.831288) vcan0 1C4#10A61D4869403ECF
(1768505814.854803) vcan0 1C4#10761D4869403E9F
(1768505814.878308) vcan0 1C4#10341D4869403E5D
(1768505814.901885) vcan0 1C4#0FFF1D4869403E27
(1768505814.925431) vcan0 1C4#0FC11D4869403EE9
(1768505814.949104) vcan0 1C4#0F821D4869403EAA
(1768505814.972510) vcan0 1C4#0F571D4869403E7F
(1768505814.996072) vcan0 1C4#0F3B1D4869403E63
(1768505815.019588) vcan0 1C4#0F121D4868403E39
(1768505815.043433) vcan0 1C4#0EFC1D4868403E22
(1768505815.067011) vcan0 1C4#0EE71D4868403E0D
(1768505815.090294) vcan0 1C4#0EAE1D4868403ED4
(1768505815.113608) vcan0 1C4#0E911D4868403EB7
(1768505815.137320) vcan0 1C4#0E661D4868403E8C
(1768505815.160864) vcan0 1C4#0E551D4868403E7B
(1768505815.184251) vcan0 1C4#0E261D4868403E4C
(1768505815.208072) vcan0 1C4#0E6C1D4868403E92
(1768505815.231532) vcan0 1C4#0EAE1D4868403ED4
(1768505815.254846) vcan0 1C4#0EDE1D4868403E04
(1768505815.278661) vcan0 1C4#0F0C1D4868403E33
(1768505815.301950) vcan0 1C4#0F2E1D4868403E55
(1768505815.325783) vcan0 1C4#0F3E1D4868403E65
(1768505815.349200) vcan0 1C4#0F611D4868403E88
(1768505815.372599) vcan0 1C4#0F6E1D4868403E95
(1768505815.396304) vcan0 1C4#0F851D4868403EAC
(1768505815.419885) vcan0 1C4#0FC11D4868403EE8
(1768505815.443175) vcan0 1C4#0FF11D4868403E18
(1768505815.466866) vcan0 1C4#10111D4868403E39
(1768505815.490219) vcan0 1C4#0FF51D4868403E1C
(1768505815.513811) vcan0 1C4#10381D4868403E60
(1768505815.537362) vcan0 1C4#10141D4868403E3C
(1768505815.560899) vcan0 1C4#10261D4868403E4E
(1768505815.584403) vcan0 1C4#10A61D4868403ECE
(1768505815.608148) vcan0 1C4#10811D4868403EA9
(1768505815.631777) vcan0 1C4#10971D4867403EBE
(1768505815.655235) vcan0 1C4#10FB1D4867403E22
(1768505815.678853) vcan0 1C4#10D01D4867403EF7
(1768505815.702245) vcan0 1C4#11431D4867403E6B
(1768505815.725854) vcan0 1C4#115C1D4867403E84
(1768505815.749509) vcan0 1C4#11331D4867403E5B
(1768505815.772875) vcan0 1C4#11BD1D4867403EE5
(1768505815.796327) vcan0 1C4#11B41D4867403EDC
(1768505815.819804) vcan0 1C4#11921D4867403EBA
(1768505815.843400) vcan0 1C4#12191D4867403E42
(1768505815.867086) vcan0 1C4#11E81D4867403E10
(1768505815.890496) vcan0 1C4#12021D4867403E2B
(1768505815.913990) vcan0 1C4#12661D4867403E8F
(1768505815.937786) vcan0 1C4#12461D4867403E6F
(1768505815.961231) vcan0 1C4#125D1D4867403E86
(1768505815.984771) vcan0 1C4#12A31D4867403ECC
(1768505816.008108) vcan0 1C4#12661D4867403E8F
(1768505816.031869) vcan0 1C4#126B1D4867403E94
(1768505816.055831) vcan0 1C4#122B1D4867403E54
(1768505816.079177) vcan0 1C4#11EC1D4867403E14
(1768505816.102337) vcan0 1C4#11BD1D4867403EE5
(1768505816.125867) vcan0 1C4#11751D4867403E9D
(1768505816.149587) vcan0 1C4#11371D4867403E5F
(1768505816.173109) vcan0 1C4#10F31D4867403E1A
(1768505816.196744) vcan0 1C4#10AE1D4867403ED5
(1768505816.220253) vcan0 1C4#10721D4866403E98
(1768505816.243865) vcan0 1C4#102D1D4866403E53
(1768505816.267330) vcan0 1C4#0FEE1D4866403E13
(1768505816.290645) vcan0 1C4#0FC81D4866403EED
(1768505816.314463) vcan0 1C4#0FAA1D4866403ECF
(1768505816.338047) vcan0 1C4#0F991D4866403EBE
(1768505816.361284) vcan0 1C4#0F821D4866403EA7
(1768505816.385058) vcan0 1C4#0F921D4866403EB7
(1768505816.408710) vcan0 1C4#0F641D4866403E89
(1768505816.432129) vcan0 1C4#0F7E1D4866403EA3
(1768505816.455747) vcan0 1C4#0F851D4866403EAA
(1768505816.478997) vcan0 1C4#0FA31D4866403EC8
(1768505816.502677) vcan0 1C4#0FC81D4866403EED
(1768505816.526323) vcan0 1C4#0FE31D4866403E08
(1768505816.549607) vcan0 1C4#10031D4866403E29
(1768505816.573333) vcan0 1C4#10111D4866403E37
(1768505816.596957) vcan0 1C4#100A1D4866403E30
(1768505816.620559) vcan0 1C4#101F1D4866403E45
(1768505816.644002) vcan0 1C4#10261D4866403E4C
(1768505816.667561) vcan0 1C4#10311D4866403E57
(1768505816.691013) vcan0 1C4#10311D4866403E57
(1768505816.714461) vcan0 1C4#10261D4866403E4C
(1768505816.738270) vcan0 1C4#10111D4866403E37
(1768505816.761773) vcan0 1C4#100A1D4866403E30
(1768505816.785234) vcan0 1C4#10061D4866403E2C
(1768505816.808798) vcan0 1C4#0FF51D4866403E1A
(1768505816.832101) vcan0 1C4#0FD91D4865403EFD
(1768505816.855854) vcan0 1C4#0FC11D4865403EE5
(1768505816.879473) vcan0 1C4#0FA01D4865403EC4
(1768505816.902877) vcan0 1C4#0F821D4865403EA6
(1768505816.926517) vcan0 1C4#0F541D4865403E78
(1768505816.949896) vcan0 1C4#0F1B1D4865403E3F
(1768505816.973609) vcan0 1C4#0EDB1D4865403EFE
(1768505816.997000) vcan0 1C4#0EA61D4865403EC9
(1768505817.020694) vcan0 1C4#0E691D4865403E8C
(1768505817.044055) vcan0 1C4#0E3F1D4865403E62
(1768505817.067557) vcan0 1C4#0E031D4865403E26
(1768505817.091859) vcan0 1C4#0DCC1D4865403EEE
(1768505817.114570) vcan0 1C4#0D8C1D4865403EAE
(1768505817.138140) vcan0 1C4#0D531D4865403E75
(1768505817.161901) vcan0 1C4#0D171D4865403E39
(1768505817.185210) vcan0 1C4#0CDC1D4865403EFD
(1768505817.208814) vcan0 1C4#0CA41D4865403EC5
(1768505817.232299) vcan0 1C4#0C841D4865403EA5
(1768505817.256071) vcan0 1C4#0C4B1D4865403E6C
(1768505817.279679) vcan0 1C4#0C141D4865403E35
(1768505817.303106) vcan0 1C4#0BDC1D4865403EFC
(1768505817.326712) vcan0 1C4#0BA51D4865403EC5
(1768505817.350168) vcan0 1C4#0B701D4865403E90
(1768505817.373878) vcan0 1C4#0B3B1D4865403E5B
(1768505817.397439) vcan0 1C4#0B071D4865403E27
(1768505817.420856) vcan0 1C4#0AE31D4864403E01
(1768505817.444480) vcan0 1C4#0AB51D4864403ED3
(1768505817.467872) vcan0 1C4#0A7E1D4864403E9C
(1768505817.491567) vcan0 1C4#0A4B1D4864403E69
(1768505817.514903) vcan0 1C4#0A1A1D4864403E38
(1768505817.538568) vcan0 1C4#09E41D4864403E01
(1768505817.561989) vcan0 1C4#09B71D4864403ED4
(1768505817.585446) vcan0 1C4#09831D4864403EA0
(1768505817.609030) vcan0 1C4#09611D4864403E7E
(1768505817.632490) vcan0 1C4#09321D4864403E4F
(1768505817.656315) vcan0 1C4#09011D4864403E1E
(1768505817.679759) vcan0 1C4#08D61D4864403EF2
(1768505817.703399) vcan0 1C4#08A31D4864403EBF
(1768505817.726843) vcan0 1C4#08761D4864403E92
(1768505817.750308) vcan0 1C4#084A1D4864403E66
(1768505817.773748) vcan0 1C4#081B1D4864403E37
(1768505817.797561) vcan0 1C4#07F81D4864403E13
(1768505817.821084) vcan0 1C4#07CF1D4864403EEA
(1768505817.844349) vcan0 1C4#079F1D4864403EBA
(1768505817.867908) vcan0 1C4#07751D4864403E90
(1768505817.891741) vcan0 1C4#075D1D4864403E78
(1768505817.915348) vcan0 1C4#07341D4864403E4F
(1768505817.938517) vcan0 1C4#07101D4864403E2B
(1768505817.962033) vcan0 1C4#07401D4864403E5B
(1768505817.985789) vcan0 1C4#07911D4864403EAC
(1768505818.009468) vcan0 1C4#081F1D4864403E3B
(1768505818.032826) vcan0 1C4#08B51D4863403ED0
(1768505818.056308) vcan0 1C4#09221D4863403E3E
(1768505818.079902) vcan0 1C4#09851D4863403EA1
(1768505818.103540) vcan0 1C4#09E01D4863403EFC
(1768505818.126854) vcan0 1C4#09F31D4863403E0F
(1768505818.150556) vcan0 1C4#0A281D4863403E45
(1768505818.173898) vcan0 1C4#0A391D4863403E56
(1768505818.197751) vcan0 1C4#0A3A1D4863403E57
(1768505818.221169) vcan0 1C4#0A591D4863403E76
(1768505818.244779) vcan0 1C4#0A461D4863403E63
(1768505818.268041) vcan0 1C4#0A4D1D4863403E6A
(1768505818.291594) vcan0 1C4#0A321D4863403E4F
(1768505818.315165) vcan0 1C4#0A281D4863403E45
(1768505818.338985) vcan0 1C4#0A441D4863403E61
(1768505818.362507) vcan0 1C4#0A321D4863403E4F
(1768505818.385777) vcan0 1C4#0A101D4863403E2D
(1768505818.409638) vcan0 1C4#09FD1D4863403E19
(1768505818.433155) vcan0 1C4#09FA1D4863403E16
(1768505818.456658) vcan0 1C4#0A091D4863403E26
(1768505818.480109) vcan0 1C4#0A111D4863403E2E
(1768505818.503583) vcan0 1C4#0A2C1D4863403E49
(1768505818.527345) vcan0 1C4#0A211D4863403E3E
(1768505818.550734) vcan0 1C4#0A081D4863403E25
(1768505818.574177) vcan0 1C4#09E81D4863403E04
(1768505818.597672) vcan0 1C4#09D71D4863403EF3
(1768505818.621611) vcan0 1C4#09DC1D4862403EF7
(1768505818.644745) vcan0 1C4#09DC1D4862403EF7
(1768505818.668602) vcan0 1C4#09E31D4862403EFE
(1768505818.692077) vcan0 1C4#09E81D4862403E03
(1768505818.715571) vcan0 1C4#09C11D4862403EDC
(1768505818.739132) vcan0 1C4#09BC1D4862403ED7
(1768505818.762431) vcan0 1C4#09BD1D4862403ED8
(1768505818.786216) vcan0 1C4#09A01D4862403EBB
(1768505818.809717) vcan0 1C4#09CA1D4862403EE5
(1768505818.833298) vcan0 1C4#09D91D4862403EF4
(1768505818.856892) vcan0 1C4#09C41D4862403EDF
(1768505818.880156) vcan0 1C4#09C61D4862403EE1
(1768505818.903823) vcan0 1C4#09C51D4862403EE0
(1768505818.927608) vcan0 1C4#09C41D4862403EDF
(1768505818.950778) vcan0 1C4#099B1D4862403EB6
(1768505818.974474) vcan0 1C4#097B1D4862403E96
(1768505818.998136) vcan0 1C4#098E1D4862403EA9
(1768505819.021620) vcan0 1C4#09671D4862403E82
(1768505819.045254) vcan0 1C4#09671D4862403E82
(1768505819.068632) vcan0 1C4#09881D4862403EA3
(1768505819.092308) vcan0 1C4#09781D4862403E93
(1768505819.115553) vcan0 1C4#095E1D4862403E79
(1768505819.139259) vcan0 1C4#094C1D4862403E67
(1768505819.162750) vcan0 1C4#09681D4862403E83
(1768505819.186251) vcan0 1C4#09611D4862403E7C
(1768505819.209911) vcan0 1C4#095B1D4861403E75
(1768505819.233323) vcan0 1C4#09681D4861403E82
(1768505819.257161) vcan0 1C4#09601D4861403E7A
(1768505819.280618) vcan0 1C4#09371D4861403E51
(1768505819.304196) vcan0 1C4#091D1D4861403E37
(1768505819.327638) vcan0 1C4#09281D4861403E42
(1768505819.351287) vcan0 1C4#09131D4861403E2D
(1768505819.374661) vcan0 1C4#09181D4861403E32
(1768505819.398078) vcan0 1C4#092C1D4861403E46
(1768505819.421733) vcan0 1C4#09201D4861403E3A
(1768505819.445460) vcan0 1C4#09201D4861403E3A
(1768505819.468997) vcan0 1C4#09231D4861403E3D
(1768505819.492558) vcan0 1C4#090E1D4861403E28
(1768505819.515806) vcan0 1C4#08F81D4861403E11
