(1620507389.005436) can0 22E#000FAA8000016A00
(1620507389.005458) can0 240#0080000000000000
(1620507389.005464) can0 219#0000009400000000
(1620507389.022913) can0 22E#000FAA8000016A00
(1620507389.022914) can0 240#0080000000000000
(1620507389.022915) can0 22E#000FAA8000016A00
(1620507389.043414) can0 231#016AB90000000000
(1620507389.043415) can0 082#37FCFF9CF1F00000
(1620507389.043415) can0 082#39FCFF9CF1F00000
(1620507389.063628) can0 131#0000000000000000
(1620507389.063630) can0 165#26F52710C026F500
(1620507389.063630) can0 082#3BFCFF9CF1F00000
(1620507389.084070) can0 090#EFFF0FFF0FFF0FFF
(1620507389.084071) can0 20F#7533271000DCEC00
(1620507389.084072) can0 461#0042000000000000
(1620507389.104663) can0 350#0000000000000000
(1620507389.104665) can0 37B#640055AA55AA55AA
(1620507389.104665) can0 165#26F52710C026F500
(1620507389.125051) can0 170#26F5278F27274612
(1620507389.125052) can0 340#0000000000000000
(1620507389.125053) can0 250#007F941F67140004
(1620507389.145553) can0 4EC#0000000000000000
(1620507389.145554) can0 090#4FFF0FFF0FFF0FFF
(1620507389.145567) can0 090#6FFF0FFF0FFF0FFF
(1620507389.166128) can0 20F#75332710005C6C00
(1620507389.166130) can0 211#FFFE800048590076
(1620507389.166130) can0 090#8FFF0FFF0FFF0FFF
(1620507389.186562) can0 20F#75332710007C4C00
(1620507389.186563) can0 211#FFFE800048590078
(1620507389.186564) can0 350#0000000000000000
(1620507389.207061) can0 37B#640055AA55AA55AA
(1620507389.207062) can0 436#4080004700000000
(1620507389.207063) can0 275#0000FF
(1620507389.227597) can0 400#0100000100680000
(1620507389.227599) can0 090#CFFF0FFF0FFF0FFF
(1620507389.227599) can0 090#EFFF0FFF0FFF0FFF
(1620507389.248130) can0 20F#7533271000DCEC00
(1620507389.248130) can0 211#FFFE80004859007E
(1620507389.248131) can0 090#0FFF0FFF0FFF0FFF
(1620507389.268654) can0 20F#7533271000FCCC00
(1620507389.268655) can0 211#FFFE800048590080
(1620507389.268655) can0 20F#75332710001CAC00
(1620507389.289110) can0 211#FFFE800048590082
(1620507389.289111) can0 4B0#2710271027102710
(1620507389.289112) can0 212#9800208005000000
(1620507389.309561) can0 4B0#2710271027102710
(1620507389.309562) can0 150#FEFE0000FFFE0000
(1620507389.309563) can0 150#FEFE0000FFFE0000
(1620507389.330062) can0 200#0000000000008000
(1620507389.330063) can0 160#07D0000000007700
(1620507389.330063) can0 150#FEFE0000FFFE0000
(1620507389.350572) can0 165#26F52710C026F500
(1620507389.350573) can0 160#07D0000000007700
(1620507389.350573) can0 201#0000400000000000
(1620507389.371080) can0 205#0000000000000000
(1620507389.371081) can0 219#0000009400000000
(1620507389.371082) can0 160#07D0000000007700
(1620507389.391615) can0 205#0000000000000000
(1620507389.391616) can0 219#0000009400000000
(1620507389.391617) can0 205#0000000000000000
(1620507389.412079) can0 219#0000009400000000
(1620507389.412079) can0 22E#000FAA8000016A00
(1620507389.412080) can0 231#016AB90000000000
(1620507389.432581) can0 082#31FCFF9CF1F00000
(1620507389.432582) can0 190#0000000000000000
(1620507389.432582) can0 082#33FCFF9CF1F00000
(1620507389.453063) can0 165#26F52710C026F500
(1620507389.453064) can0 170#26F5278F27274612
(1620507389.453064) can0 082#35FCFF9CF1F00000
(1620507389.473585) can0 39E#000820200010017C
(1620507389.473586) can0 190#0000000000000000
(1620507389.473586) can0 082#37FCFF9CF1F00000
(1620507389.494105) can0 250#007F941F67140004
(1620507389.494106) can0 4EC#0000000000000000
(1620507389.494106) can0 082#39FCFF9CF1F00000
(1620507389.514562) can0 131#0000000000000000
(1620507389.514562) can0 165#26F52710C026F500
(1620507389.514563) can0 190#0000000000000000
(1620507389.535092) can0 090#BFFF0FFF0FFF0FFF
(1620507389.535093) can0 20F#7533271000AC1C00
(1620507389.535094) can0 082#3DFCFF9CF1F00000
(1620507389.555596) can0 190#0000000000000000
(1620507389.555597) can0 090#DFFF0FFF0FFF0FFF
(1620507389.555598) can0 170#26F5278F27274612
(1620507389.576130) can0 190#0000000000000000
(1620507389.576131) can0 090#FFFF0FFF0FFF0FFF
(1620507389.576131) can0 190#0000000000000000
(1620507389.596585) can0 090#1FFF0FFF0FFF0FFF
(1620507389.596586) can0 20F#754B2710000CBC00
(1620507389.596587) can0 190#0000000000000000
(1620507389.617093) can0 430#40A5000000000000
(1620507389.617094) can0 433#00017C0100002000
(1620507389.617095) can0 190#0000000000000000
(1620507389.637602) can0 090#5FFF0FFF0FFF0FFF
(1620507389.637603) can0 20F#75332710004C7C00
(1620507389.637603) can0 190#0000000000000000
(1620507389.658161) can0 090#7FFF0FFF0FFF0FFF
(1620507389.658162) can0 20F#75332710006C5C00
(1620507389.658162) can0 090#9FFF0FFF0FFF0FFF
(1620507389.678608) can0 20F#75332710008C3C00
(1620507389.678609) can0 211#FFFE8000485900A9
(1620507389.678609) can0 090#BFFF0FFF0FFF0FFF
(1620507389.699095) can0 20F#7533271000AC1C00
(1620507389.699096) can0 211#FFFE8000485900AB
(1620507389.699096) can0 20F#7533271000CCFC00
(1620507389.719684) can0 211#FFFE8000485900AD
(1620507389.719685) can0 4B0#2710271027102710
(1620507389.719686) can0 131#0000000000000000
(1620507389.740174) can0 0FD#2200000028000000
(1620507389.740175) can0 150#FEFE0000FFFE0000
(1620507389.740175) can0 4B0#2710271027102710
(1620507389.760612) can0 150#FEFE0000FFFE0000
(1620507389.760613) can0 0FD#2200000028000000
(1620507389.760613) can0 150#FEFE0000FFFE0000
(1620507389.781107) can0 0FD#2200000028000000
(1620507389.781108) can0 160#07D0000000007700
(1620507389.781108) can0 0FD#2200000028000000
(1620507389.801595) can0 160#07D0000000007700
(1620507389.801596) can0 165#26F52710C026F500
(1620507389.801596) can0 201#0000400000000000
(1620507389.822141) can0 205#0000000000000000
(1620507389.822142) can0 219#0000009400000000
(1620507389.822143) can0 201#0000400000000000
(1620507389.842629) can0 205#0000000000000000
(1620507389.842630) can0 219#0000009400000000
(1620507389.842631) can0 201#0000400000000000
(1620507389.863161) can0 205#0000000000000000
(1620507389.863162) can0 219#0000009400000000
(1620507389.863163) can0 240#0080000000000000
(1620507389.883644) can0 231#016AB90000000000
(1620507389.883645) can0 082#31FCFF9CF1F00000
(1620507389.883646) can0 082#33FCFF9CF1F00000
(1620507389.904165) can0 165#26F52710C026F500
(1620507389.904166) can0 170#26F5278F27274612
(1620507389.904166) can0 250#007F941F67140004
(1620507389.924661) can0 420#7F00000042400000
(1620507389.924662) can0 428#46000000
(1620507389.924663) can0 082#37FCFF9CF1F00000
(1620507389.945190) can0 501#00AA55AA55AA55AA
(1620507389.945191) can0 250#007F941F67140004
(1620507389.945191) can0 082#39FCFF9CF1F00000
(1620507389.965659) can0 131#0000000000000000
(1620507389.965659) can0 165#26F52710C026F500
(1620507389.965660) can0 082#3BFCFF9CF1F00000
(1620507389.986338) can0 090#8FFF0FFF0FFF0FFF
(1620507389.986340) can0 20F#75332710007C4C00
(1620507389.986341) can0 461#0042000000000000
(1620507390.006859) can0 350#0000000000000000
(1620507390.006861) can0 37B#640055AA55AA55AA
(1620507390.006862) can0 340#0000000000000000
(1620507390.027429) can0 275#0000FF
(1620507390.027432) can0 400#0900000000000000
(1620507390.027433) can0 090#EFFF0FFF0FFF0FFF
(1620507390.047702) can0 20F#7533271000DCEC00
(1620507390.047704) can0 211#FFFE8000485900CE
(1620507390.047705) can0 090#0FFF0FFF0FFF0FFF
(1620507390.068268) can0 20F#7533271000FCCC00
(1620507390.068269) can0 211#FFFE8000485900D0
(1620507390.068270) can0 090#2FFF0FFF0FFF0FFF
(1620507390.088733) can0 20F#75332710001CAC00
(1620507390.088733) can0 211#FFFE8000485900D2
(1620507390.088734) can0 090#4FFF0FFF0FFF0FFF
(1620507390.109173) can0 20F#75332710003C8C00
(1620507390.109174) can0 211#FFFE8000485900D4
(1620507390.109178) can0 20F#75332710005C6C00
(1620507390.129645) can0 211#FFFE8000485900D6
(1620507390.129646) can0 4B0#2710271027102710
(1620507390.129648) can0 211#FFFE8000485900D8
(1620507390.150184) can0 4B0#2710271027102710
(1620507390.150203) can0 150#FEFE0000FFFE0000
(1620507390.150203) can0 150#FEFE0000FFFE0000
(1620507390.170229) can0 200#0000000000008000
(1620507390.170230) can0 160#07D0000000007700
(1620507390.170231) can0 131#0000000000000000
(1620507390.190729) can0 165#26F52710C026F500
(1620507390.190730) can0 150#FEFE0000FFFE0000
(1620507390.190731) can0 160#07D0000000007700
(1620507390.211249) can0 201#0000400000000000
(1620507390.211250) can0 205#0000000000000000
(1620507390.211251) can0 201#0000400000000000
(1620507390.231766) can0 205#0000000000000000
(1620507390.231767) can0 219#0000009400000000
(1620507390.231768) can0 205#0000000000000000
(1620507390.252275) can0 219#0000009400000000
(1620507390.252276) can0 22E#000FAA8000016A00
(1620507390.272285) can0 250#007F941F67140004
(1620507390.272286) can0 231#016AB90000000000
(1620507390.272287) can0 22E#000FAA8000016A00
(1620507390.292773) can0 231#016AB90000000000
(1620507390.292774) can0 240#0080000000000000
(1620507390.292774) can0 240#0080000000000000
(1620507390.313255) can0 082#3EFCFF9CF1F00000
(1620507390.313256) can0 131#0000000000000000
(1620507390.313256) can0 082#31FCFF9CF1F00000
(1620507390.333781) can0 190#0000000000000000
(1620507390.333782) can0 090#BFFF0FFF0FFF0FFF
(1620507390.333782) can0 082#33FCFF9CF1F00000
(1620507390.354298) can0 165#26F52710C026F500
(1620507390.354299) can0 170#26F5278F27274612
(1620507390.354300) can0 082#35FCFF9CF1F00000
(1620507390.374331) can0 39E#000820200010017C
(1620507390.374332) can0 190#0000000000000000
(1620507390.374333) can0 082#37FCFF9CF1F00000
(1620507390.394872) can0 250#007F941F67140004
(1620507390.394873) can0 4EC#0000000000000000
(1620507390.394874) can0 082#39FCFF9CF1F00000
(1620507390.415336) can0 131#0000000000000000
(1620507390.415337) can0 165#26F52710C026F500
(1620507390.415338) can0 190#0000000000000000
(1620507390.435843) can0 090#5FFF0FFF0FFF0FFF
(1620507390.435844) can0 20F#751B2710004C7C00
(1620507390.435844) can0 190#0000000000000000
(1620507390.456332) can0 090#7FFF0FFF0FFF0FFF
(1620507390.456333) can0 20F#75332710006C5C00
(1620507390.456334) can0 170#26F5278F27274612
(1620507390.476363) can0 39E#000820200010017C
(1620507390.476364) can0 190#0000000000000000
(1620507390.476365) can0 190#0000000000000000
(1620507390.496888) can0 090#BFFF0FFF0FFF0FFF
(1620507390.496889) can0 20F#7533271000AC1C00
(1620507390.496889) can0 190#0000000000000000
(1620507390.517424) can0 430#40A5000000000000
(1620507390.517425) can0 433#00017C0100002000
(1620507390.517426) can0 090#FFFF0FFF0FFF0FFF
(1620507390.537916) can0 20F#7533271000ECDC00
(1620507390.537917) can0 211#FFFE8000485900FF
(1620507390.537918) can0 090#1FFF0FFF0FFF0FFF
(1620507390.558393) can0 20F#75332710000CBC00
(1620507390.558394) can0 211#FFFE800048590001
(1620507390.558395) can0 090#3FFF0FFF0FFF0FFF
(1620507390.578417) can0 20F#75332710002C9C00
(1620507390.578417) can0 211#FFFE800048590003
(1620507390.578418) can0 211#FFFE800048590005
(1620507390.598944) can0 4B0#2710271027102710
(1620507390.598945) can0 150#FEFE0000FFFE0000
(1620507390.598946) can0 150#FEFE0000FFFE0000
(1620507390.619453) can0 0FD#2200000028000000
(1620507390.619454) can0 160#07D0000000007700
(1620507390.619455) can0 131#0000000000000000
(1620507390.639945) can0 0FD#2200000028000000
(1620507390.639946) can0 150#FEFE0000FFFE0000
(1620507390.639946) can0 150#FEFE0000FFFE0000
(1620507390.660432) can0 0FD#2200000028000000
(1620507390.660433) can0 160#07D0000000007700
(1620507390.660433) can0 160#07D0000000007700
(1620507390.680548) can0 200#0000000000008000
(1620507390.680549) can0 201#0000400000000000
(1620507390.680549) can0 170#26F5278F27274612
(1620507390.700992) can0 200#0000000000008000
(1620507390.700993) can0 201#0000400000000000
(1620507390.700994) can0 219#0000009400000000
(1620507390.721495) can0 22E#000FAA8000016A00
(1620507390.721496) can0 250#007F941F67140004
(1620507390.721497) can0 228#0100000000000000
(1620507390.741977) can0 22E#000FAA8000016A00
(1620507390.741978) can0 231#016AB90000000000
(1620507390.741979) can0 231#016AB90000000000
(1620507390.762494) can0 240#0080000000000000
(1620507390.762495) can0 131#0000000000000000
(1620507390.762495) can0 240#0080000000000000
(1620507390.783001) can0 082#31FCFF9CF1F00000
(1620507390.783002) can0 090#8FFF0FFF0FFF0FFF
(1620507390.783003) can0 082#33FCFF9CF1F00000
(1620507390.803511) can0 165#26F52710C026F500
(1620507390.803512) can0 170#26F5278F27274612
(1620507390.803512) can0 340#0000000000000000
(1620507390.824091) can0 082#35FCFF9CF1F00000
(1620507390.824092) can0 275#0000FF
(1620507390.824092) can0 250#007F941F67140004
(1620507390.844498) can0 082#37FCFF9CF1F00000
(1620507390.844499) can0 4EC#0000000000000000
(1620507390.844499) can0 131#0000000000000000
(1620507390.865001) can0 082#39FCFF9CF1F00000
(1620507390.865003) can0 165#26F52710C026F500
(1620507390.865003) can0 090#2FFF0FFF0FFF0FFF
(1620507390.885567) can0 20F#75332710001CAC00
(1620507390.885568) can0 211#FFFE800048590022
(1620507390.885568) can0 350#0000000000000000
(1620507390.906025) can0 37B#640055AA55AA55AA
(1620507390.906026) can0 436#4080004B00000000
(1620507390.906026) can0 275#0000FF
(1620507390.926525) can0 400#1200000000000100
(1620507390.926527) can0 405#02FF4BFF3301C981
(1620507390.926527) can0 090#8FFF0FFF0FFF0FFF
(1620507390.947022) can0 20F#75332710007C4C00
(1620507390.947023) can0 211#FFFE800048590028
(1620507390.947024) can0 090#AFFF0FFF0FFF0FFF
(1620507390.967537) can0 20F#75332710009C2C00
(1620507390.967538) can0 211#FFFE80004859002A
(1620507390.967538) can0 090#CFFF0FFF0FFF0FFF
(1620507390.988028) can0 20F#7533271000BC0C00
(1620507390.988029) can0 211#FFFE80004859002C
(1620507390.988029) can0 211#FFFE80004859002E
(1620507391.008558) can0 212#9800208005000000
(1620507391.008559) can0 4B0#2710271027102710
(1620507391.008563) can0 150#FEFE0000FFFE0000
(1620507391.029015) can0 165#26F52710C026F500
(1620507391.029015) can0 160#07D0000000007700
(1620507391.029016) can0 150#FEFE0000FFFE0000
(1620507391.049581) can0 200#0000000000008000
(1620507391.049582) can0 160#07D0000000007700
(1620507391.049583) can0 150#FEFE0000FFFE0000
(1620507391.070055) can0 200#0000000000008000
(1620507391.070056) can0 160#07D0000000007700
(1620507391.070056) can0 150#FEFE0000FFFE0000
(1620507391.090563) can0 170#26F5278F27274612
(1620507391.090564) can0 160#07D0000000007700
(1620507391.090564) can0 205#0000000000000000
(1620507391.111090) can0 219#0000009400000000
(1620507391.111091) can0 22E#000FAA8000016A00
(1620507391.111092) can0 231#016AB90000000000
(1620507391.131630) can0 240#0080000000000000
(1620507391.131631) can0 165#26F52710C026F500
(1620507391.131632) can0 231#016AB90000000000
(1620507391.152300) can0 240#0080000000000000
(1620507391.152308) can0 082#38FCFF9CF1F00000
(1620507391.152309) can0 240#0080000000000000
(1620507391.172611) can0 082#3AFCFF9CF1F00000
(1620507391.172612) can0 39E#000820200010017C
(1620507391.172613) can0 240#0080000000000000
(1620507391.193056) can0 165#26F52710C026F500
(1620507391.193057) can0 082#3CFCFF9CF1F00000
(1620507391.193058) can0 240#0080000000000000
(1620507391.213556) can0 131#0000000000000000
(1620507391.213557) can0 228#0100000000000000
(1620507391.213558) can0 082#31FCFF9CF1F00000
(1620507391.234078) can0 190#0000000000000000
(1620507391.234079) can0 090#5FFF0FFF0FFF0FFF
(1620507391.234080) can0 165#26F52710C026F500
(1620507391.254623) can0 170#26F5278F27274612
(1620507391.254624) can0 082#33FCFF9CF1F00000
(1620507391.254625) can0 082#35FCFF9CF1F00000
(1620507391.275136) can0 39E#000820200010017C
(1620507391.275138) can0 190#0000000000000000
(1620507391.275138) can0 4EC#0000000000000000
(1620507391.295651) can0 190#0000000000000000
(1620507391.295652) can0 090#BFFF0FFF0FFF0FFF
(1620507391.295652) can0 228#0100000000000000
(1620507391.316100) can0 190#0000000000000000
(1620507391.316101) can0 430#41A7000000000000
(1620507391.316101) can0 090#FFFF0FFF0FFF0FFF
(1620507391.336566) can0 20F#7533271000ECDC00
(1620507391.336567) can0 211#FFFE80004859004F
(1620507391.336567) can0 090#1FFF0FFF0FFF0FFF
(1620507391.357114) can0 20F#75332710000CBC00
(1620507391.357115) can0 211#FFFE800048590051
(1620507391.357115) can0 090#3FFF0FFF0FFF0FFF
(1620507391.377154) can0 20F#754B2710002C9C00
(1620507391.377155) can0 211#FFFE800048590053
(1620507391.377156) can0 090#5FFF0FFF0FFF0FFF
(1620507391.397708) can0 20F#75332710004C7C00
(1620507391.397709) can0 211#FFFE800048590055
(1620507391.397709) can0 4B0#2710271027102710
(1620507391.418149) can0 150#FEFE0000FFFE0000
(1620507391.418150) can0 0FD#2200000028000000
(1620507391.418150) can0 131#0000000000000000
(1620507391.438635) can0 0FD#2200000028000000
(1620507391.438636) can0 150#FEFE0000FFFE0000
(1620507391.438637) can0 150#FEFE0000FFFE0000
(1620507391.459140) can0 0FD#2200000028000000
(1620507391.459141) can0 160#07D0000000007700
(1620507391.459142) can0 0FD#2200000028000000
(1620507391.479174) can0 160#07D0000000007700
(1620507391.479174) can0 165#26F52710C026F500
(1620507391.479175) can0 200#0000000000008000
(1620507391.499690) can0 201#0000400000000000
(1620507391.499691) can0 205#0000000000000000
(1620507391.499692) can0 201#0000400000000000
(1620507391.520211) can0 205#0000000000000000
(1620507391.520212) can0 219#0000009400000000
(1620507391.520213) can0 201#0000400000000000
(1620507391.540691) can0 205#0000000000000000
(1620507391.540692) can0 219#0000009400000000
(1620507391.540692) can0 231#016AB90000000000
(1620507391.561202) can0 240#0080000000000000
(1620507391.561203) can0 131#0000000000000000
(1620507391.561204) can0 231#016AB90000000000
(1620507391.581224) can0 240#0080000000000000
(1620507391.581225) can0 165#26F52710C026F500
(1620507391.581225) can0 240#0080000000000000
(1620507391.602643) can0 461#0042000000000000
(1620507391.602644) can0 082#38FCFF9CF1F00000
(1620507391.602644) can0 240#0080000000000000
(1620507391.622243) can0 340#0000000000000000
(1620507391.622244) can0 240#0080000000000000
(1620507391.642736) can0 165#26F52710C026F500
(1620507391.642737) can0 170#26F5278F27274612
(1620507391.642737) can0 240#0080000000000000
(1620507391.662779) can0 131#0000000000000000
(1620507391.662779) can0 228#0100000000000000
(1620507391.662780) can0 240#0080000000000000
(1620507391.683284) can0 082#31FCFF9CF1F00000
(1620507391.683285) can0 090#2FFF0FFF0FFF0FFF
(1620507391.683285) can0 461#0042000000000000
(1620507391.703833) can0 165#26F52710C026F500
(1620507391.703834) can0 082#33FCFF9CF1F00000
(1620507391.703834) can0 082#35FCFF9CF1F00000
(1620507391.724324) can0 275#0000FF
(1620507391.724325) can0 400#1A00000000000000
(1620507391.724325) can0 082#37FCFF9CF1F00000
(1620507391.744795) can0 501#00AA55AA55AA55AA
(1620507391.744795) can0 090#8FFF0FFF0FFF0FFF
(1620507391.744796) can0 090#AFFF0FFF0FFF0FFF
(1620507391.765313) can0 20F#75332710009C2C00
(1620507391.765314) can0 211#FFFE80004859007A
(1620507391.765315) can0 090#CFFF0FFF0FFF0FFF
(1620507391.785801) can0 20F#7533271000BC0C00
(1620507391.785802) can0 211#FFFE80004859007C
(1620507391.785802) can0 436#4080004C00000000
(1620507391.806286) can0 090#EFFF0FFF0FFF0FFF
(1620507391.806287) can0 20F#7533271000DCEC00
(1620507391.806287) can0 090#0FFF0FFF0FFF0FFF
(1620507391.826803) can0 20F#7533271000FCCC00
(1620507391.826804) can0 211#FFFE800048590080
(1620507391.826804) can0 090#2FFF0FFF0FFF0FFF
(1620507391.847356) can0 20F#75332710001CAC00
(1620507391.847357) can0 211#FFFE800048590082
(1620507391.847358) can0 20F#75332710003C8C00
(1620507391.867816) can0 211#FFFE800048590084
(1620507391.867817) can0 4B0#2710271027102710
(1620507391.867818) can0 20F#75332710005C6C00
(1620507391.888323) can0 211#FFFE800048590086
(1620507391.888324) can0 4B0#2710271027102710
(1620507391.888325) can0 212#9800208005000000
(1620507391.908840) can0 4B0#2710271027102710
(1620507391.908841) can0 150#FEFE0000FFFE0000
(1620507391.908842) can0 150#FEFE0000FFFE0000
(1620507391.929362) can0 165#26F52710C026F500
(1620507391.929363) can0 160#07D0000000007700
(1620507391.929364) can0 150#FEFE0000FFFE0000
(1620507391.949885) can0 200#0000000000008000
(1620507391.949886) can0 160#07D0000000007700
(1620507391.949887) can0 200#0000000000008000
(1620507391.970322) can0 160#07D0000000007700
(1620507391.970323) can0 201#0000400000000000
(1620507391.970323) can0 165#26F52710C026F500
(1620507391.990816) can0 150#FEFE0000FFFE0000
(1620507391.990817) can0 170#26F5278F27274612
(1620507391.990817) can0 201#0000400000000000
(1620507392.011322) can0 205#0000000000000000
(1620507392.011323) can0 219#0000009400000000
(1620507392.011323) can0 219#0000009400000000
(1620507392.032046) can0 22E#000FAA8000016A00
(1620507392.032048) can0 231#016AB90000000000
(1620507392.032050) can0 22E#000FAA8000016A00
(1620507392.052497) can0 231#016AB90000000000
(1620507392.052498) can0 240#0080000000000000
(1620507392.052500) can0 4EC#0000000000000000
(1620507392.072933) can0 240#0080000000000000
(1620507392.072935) can0 190#0000000000000000
(1620507392.072936) can0 231#016AB90000000000
(1620507392.093532) can0 240#0080000000000000
(1620507392.093533) can0 165#26F52710C026F500
(1620507392.093534) can0 240#0080000000000000
(1620507392.114089) can0 131#0000000000000000
(1620507392.114091) can0 228#0100000000000000
(1620507392.114092) can0 240#0080000000000000
(1620507392.134410) can0 082#31FCFF9CF1F00000
(1620507392.134411) can0 190#0000000000000000
(1620507392.134412) can0 240#0080000000000000
(1620507392.155045) can0 165#26F52710C026F500
(1620507392.155057) can0 170#26F5278F27274612
(1620507392.155058) can0 240#0080000000000000
(1620507392.175371) can0 190#0000000000000000
(1620507392.175375) can0 082#35FCFF9CF1F00000
(1620507392.175376) can0 240#0080000000000000
(1620507392.195932) can0 250#007F941F68140004
(1620507392.195933) can0 4EC#0000000000000000
(1620507392.195933) can0 165#26F52710C026F500
(1620507392.216350) can0 170#26F5278F27274612
(1620507392.216351) can0 190#0000000000000000
(1620507392.216351) can0 082#3BFCFF9CF1F00000
(1620507392.236855) can0 090#9FFF0FFF0FFF0FFF
(1620507392.236856) can0 20F#75332710008C3C00
(1620507392.236856) can0 090#BFFF0FFF0FFF0FFF
(1620507392.257387) can0 20F#7533271000AC1C00
(1620507392.257388) can0 211#FFFE8000485900AB
(1620507392.257389) can0 090#DFFF0FFF0FFF0FFF
(1620507392.277917) can0 20F#7533271000CCFC00
(1620507392.277918) can0 211#FFFE8000485900AD
(1620507392.277918) can0 090#FFFF0FFF0FFF0FFF
(1620507392.298438) can0 20F#7533271000ECDC00
(1620507392.298439) can0 211#FFFE8000485900AF
(1620507392.298439) can0 090#1FFF0FFF0FFF0FFF
(1620507392.318923) can0 20F#75332710000CBC00
(1620507392.318924) can0 211#FFFE8000485900B1
(1620507392.318925) can0 211#FFFE8000485900B3
(1620507392.339542) can0 4B0#2710271027102710
(1620507392.339543) can0 131#0000000000000000
(1620507392.339543) can0 4B0#2710271027102710
(1620507392.359901) can0 150#FEFE0000FFFE0000
(1620507392.359902) can0 0FD#2200000028000000
(1620507392.359903) can0 150#FEFE0000FFFE0000
(1620507392.380437) can0 0FD#2200000028000000
(1620507392.380440) can0 160#07D0000000007700
(1620507392.380441) can0 150#FEFE0000FFFE0000
(1620507392.400939) can0 0FD#2200000028000000
(1620507392.400940) can0 160#07D0000000007700
(1620507392.400941) can0 160#07D0000000007700
(1620507392.421405) can0 200#0000000000008000
(1620507392.421406) can0 201#0000400000000000
(1620507392.421406) can0 160#07D0000000007700
(1620507392.444438) can0 170#26F5278F27274612
(1620507392.444440) can0 200#0000000000008000
(1620507392.444440) can0 219#0000009400000000
(1620507392.462458) can0 22E#000FAA8000016A00
(1620507392.462459) can0 231#016AB90000000000
(1620507392.462460) can0 231#016AB90000000000
(1620507392.482951) can0 165#26F52710C026F500
(1620507392.482952) can0 170#26F5278F27274612
(1620507392.482952) can0 231#016AB90000000000
(1620507392.503432) can0 461#0042000000000000
(1620507392.503433) can0 240#0080000000000000
(1620507392.503434) can0 4EC#0000000000000000
(1620507392.523982) can0 340#0000000000000000
(1620507392.523983) can0 240#0080000000000000
(1620507392.523983) can0 165#26F52710C026F500
(1620507392.544405) can0 170#26F5278F27274612
(1620507392.544406) can0 240#0080000000000000
(1620507392.544406) can0 131#0000000000000000
(1620507392.564950) can0 228#0100000000000000
(1620507392.564951) can0 240#0080000000000000
(1620507392.564951) can0 240#0080000000000000
(1620507392.585429) can0 082#31FCFF9CF1F00000
(1620507392.585430) can0 090#CFFF0FFF0FFF0FFF
(1620507392.585431) can0 165#26F52710C026F500
(1620507392.605937) can0 170#26F5278F27274612
(1620507392.605938) can0 240#0080000000000000
(1620507392.605939) can0 240#0080000000000000
(1620507392.626442) can0 275#0000FF
(1620507392.626444) can0 400#2300000000000000
(1620507392.626444) can0 082#37FCFF9CF1F00000
(1620507392.646945) can0 501#00AA55AA55AA55AA
(1620507392.646946) can0 090#2FFF0FFF0FFF0FFF
(1620507392.646954) can0 090#4FFF0FFF0FFF0FFF
(1620507392.667471) can0 20F#75332710003C8C00
(1620507392.667472) can0 211#FFFE8000485900D4
(1620507392.667472) can0 090#6FFF0FFF0FFF0FFF
(1620507392.687947) can0 20F#75332710005C6C00
(1620507392.687948) can0 211#FFFE8000485900D6
(1620507392.687948) can0 090#8FFF0FFF0FFF0FFF
(1620507392.708472) can0 20F#75332710007C4C00
(1620507392.708473) can0 211#FFFE8000485900D8
(1620507392.708473) can0 090#AFFF0FFF0FFF0FFF
(1620507392.728966) can0 20F#75332710009C2C00
(1620507392.728967) can0 211#FFFE8000485900DA
(1620507392.728968) can0 211#FFFE8000485900DC
(1620507392.749493) can0 4B0#2710271027102710
(1620507392.749494) can0 150#FEFE0000FFFE0000
(1620507392.749495) can0 150#FEFE0000FFFE0000
(1620507392.770000) can0 165#26F52710C026F500
(1620507392.770001) can0 160#07D0000000007700
(1620507392.770001) can0 131#0000000000000000
(1620507392.790023) can0 200#0000000000008000
(1620507392.790024) can0 150#FEFE0000FFFE0000
(1620507392.790025) can0 150#FEFE0000FFFE0000
(1620507392.810500) can0 200#0000000000008000
(1620507392.810500) can0 160#07D0000000007700
(1620507392.810504) can0 150#FEFE0000FFFE0000
(1620507392.830999) can0 165#26F52710C026F500
(1620507392.831000) can0 160#07D0000000007700
(1620507392.831001) can0 160#07D0000000007700
(1620507392.851503) can0 201#0000400000000000
(1620507392.851503) can0 205#0000000000000000
(1620507392.851504) can0 205#0000000000000000
(1620507392.871558) can0 219#0000009400000000
(1620507392.871559) can0 22E#000FAA8000016A00
(1620507392.871560) can0 160#07D0000000007700
(1620507392.892095) can0 200#0000000000008000
(1620507392.892096) can0 201#0000400000000000
(1620507392.892097) can0 22E#000FAA8000016A00
(1620507392.912518) can0 231#016AB90000000000
(1620507392.912519) can0 131#0000000000000000
(1620507392.912520) can0 165#26F52710C026F500
(1620507392.933054) can0 170#26F5278F27274612
(1620507392.933055) can0 190#0000000000000000
(1620507392.933056) can0 190#0000000000000000
(1620507392.953564) can0 240#0080000000000000
(1620507392.953565) can0 082#38FCFF9CF1F00000
(1620507392.953566) can0 190#0000000000000000
(1620507392.973573) can0 240#0080000000000000
(1620507392.973574) can0 082#3AFCFF9CF1F00000
(1620507392.973575) can0 165#26F52710C026F500
(1620507392.994222) can0 170#26F5278F27274612
(1620507392.994223) can0 131#0000000000000000
(1620507393.014640) can0 190#0000000000000000
(1620507393.014641) can0 228#0100000000000000
(1620507393.014642) can0 190#0000000000000000
(1620507393.035116) can0 240#0080000000000000
(1620507393.035117) can0 082#31FCFF9CF1F00000
(1620507393.035117) can0 165#26F52710C026F500
(1620507393.055624) can0 170#26F5278F27274612
(1620507393.055625) can0 190#0000000000000000
(1620507393.055625) can0 190#0000000000000000
(1620507393.076119) can0 240#0080000000000000
(1620507393.076120) can0 082#35FCFF9CF1F00000
(1620507393.076120) can0 190#0000000000000000
(1620507393.096646) can0 250#007F941F68140004
(1620507393.096647) can0 4EC#0000000000000000
(1620507393.096647) can0 190#0000000000000000
(1620507393.117110) can0 228#0100000000000000
(1620507393.117111) can0 240#0080000000000000
(1620507393.117112) can0 240#0080000000000000
(1620507393.137681) can0 082#3BFCFF9CF1F00000
(1620507393.137681) can0 090#3FFF0FFF0FFF0FFF
(1620507393.137682) can0 082#3DFCFF9CF1F00000
(1620507393.158126) can0 090#5FFF0FFF0FFF0FFF
(1620507393.158132) can0 20F#75332710004C7C00
(1620507393.158133) can0 090#7FFF0FFF0FFF0FFF
(1620507393.178631) can0 20F#75332710006C5C00
(1620507393.178632) can0 211#FFFE800048590007
(1620507393.178632) can0 090#9FFF0FFF0FFF0FFF
(1620507393.199113) can0 20F#75332710008C3C00
(1620507393.199114) can0 211#FFFE800048590009
(1620507393.199115) can0 20F#7533271000AC1C00
(1620507393.219643) can0 211#FFFE80004859000B
(1620507393.219644) can0 4B0#2710271027102710
(1620507393.219644) can0 4B0#2710271027102710
(1620507393.240116) can0 131#0000000000000000
(1620507393.240117) can0 0FD#2200000028000000
(1620507393.240118) can0 150#FEFE0000FFFE0000
(1620507393.260721) can0 0FD#2200000028000000
(1620507393.260721) can0 160#07D0000000007700
(1620507393.260722) can0 150#FEFE0000FFFE0000
(1620507393.281141) can0 0FD#2200000028000000
(1620507393.281142) can0 160#07D0000000007700
(1620507393.281143) can0 150#FEFE0000FFFE0000
(1620507393.301699) can0 0FD#2200000028000000
(1620507393.301700) can0 160#07D0000000007700
(1620507393.301700) can0 160#07D0000000007700
(1620507393.322206) can0 200#0000000000008000
(1620507393.322207) can0 201#0000400000000000
(1620507393.322207) can0 170#26F5278F27274612
(1620507393.342662) can0 200#0000000000008000
(1620507393.342662) can0 201#0000400000000000
(1620507393.342663) can0 22E#000FAA8000016A00
(1620507393.363142) can0 231#016AB90000000000
(1620507393.363143) can0 131#0000000000000000
(1620507393.363143) can0 231#016AB90000000000
(1620507393.383660) can0 165#26F52710C026F500
(1620507393.383661) can0 170#26F5278F27274612
(1620507393.383662) can0 461#0042000000000000
(1620507393.404165) can0 350#0000000000000000
(1620507393.404166) can0 37B#640055AA55AA55AA
(1620507393.404167) can0 340#0000000000000000
(1620507393.424706) can0 275#0000FF
(1620507393.424707) can0 400#0700000001000000
(1620507393.424708) can0 165#26F52710C026F500
(1620507393.445152) can0 170#26F5278F27274612
(1620507393.445153) can0 250#007F941F68140004
(1620507393.445153) can0 131#0000000000000000
(1620507393.465741) can0 228#0100000000000000
(1620507393.465742) can0 240#0080000000000000
(1620507393.465742) can0 240#0080000000000000
(1620507393.485790) can0 082#31FCFF9CF1F00000
(1620507393.485791) can0 090#6FFF0FFF0FFF0FFF
(1620507393.485791) can0 165#26F52710C026F500
(1620507393.506336) can0 170#26F5278F27274612
(1620507393.506337) can0 37B#640055AA55AA55AA
(1620507393.506337) can0 405#27FFFFFFFFFFFFFF
(1620507393.526849) can0 240#0080000000000000
(1620507393.526850) can0 082#35FCFF9CF1F00000
(1620507393.526850) can0 240#0080000000000000
(1620507393.547409) can0 082#37FCFF9CF1F00000
(1620507393.547411) can0 501#00AA55AA55AA55AA
(1620507393.547411) can0 082#39FCFF9CF1F00000
(1620507393.567808) can0 090#EFFF0FFF0FFF0FFF
(1620507393.567809) can0 20F#7533271000DCEC00
(1620507393.567810) can0 090#0FFF0FFF0FFF0FFF
(1620507393.588297) can0 20F#7533271000FCCC00
(1620507393.588298) can0 211#FFFE800048590030
(1620507393.588298) can0 090#2FFF0FFF0FFF0FFF
(1620507393.608818) can0 20F#75332710001CAC00
(1620507393.608819) can0 211#FFFE800048590032
(1620507393.608819) can0 20F#75332710003C8C00
(1620507393.629335) can0 211#FFFE800048590034
(1620507393.629336) can0 4B0#2710271027102710
(1620507393.629336) can0 150#FEFE0000FFFE0000
(1620507393.649829) can0 200#0000000000008000
(1620507393.649830) can0 160#07D0000000007700
(1620507393.649836) can0 150#FEFE0000FFFE0000
(1620507393.670400) can0 165#26F52710C026F500
(1620507393.670402) can0 160#07D0000000007700
(1620507393.670403) can0 131#0000000000000000
(1620507393.690853) can0 200#0000000000008000
(1620507393.690855) can0 150#FEFE0000FFFE0000
(1620507393.690856) can0 200#0000000000008000
(1620507393.711061) can0 160#07D0000000007700
(1620507393.711063) can0 201#0000400000000000
(1620507393.711064) can0 170#26F5278F27274612
(1620507393.731780) can0 200#0000000000008000
(1620507393.731782) can0 201#0000400000000000
(1620507393.731791) can0 219#0000009400000000
(1620507393.751984) can0 22E#000FAA8000016A00
(1620507393.751986) can0 231#016AB90000000000
(1620507393.751986) can0 250#007F941F68140004
(1620507393.772009) can0 231#016AB90000000000
(1620507393.772010) can0 4EC#0000000000000000
(1620507393.772011) can0 228#0100000000000000
(1620507393.792526) can0 22E#000FAA8000016A00
(1620507393.792526) can0 231#016AB90000000000
(1620507393.792527) can0 190#0000000000000000
(1620507393.813030) can0 131#0000000000000000
(1620507393.813031) can0 430#41A4000000000000
(1620507393.813032) can0 190#0000000000000000
(1620507393.833521) can0 165#26F52710C026F500
(1620507393.833522) can0 170#26F5278F27274612
(1620507393.833523) can0 190#0000000000000000
(1620507393.855286) can0 240#0080000000000000
(1620507393.855287) can0 082#38FCFF9CF1F00000
(1620507393.855287) can0 190#0000000000000000
(1620507393.874023) can0 240#0080000000000000
(1620507393.874024) can0 082#3AFCFF9CF1F00000
(1620507393.874024) can0 190#0000000000000000
(1620507393.894543) can0 165#26F52710C026F500
(1620507393.894544) can0 170#26F5278F27274612
(1620507393.894545) can0 430#42A5000000000000
(1620507393.915067) can0 228#0100000000000000
(1620507393.915068) can0 433#00017C0100002000
(1620507393.915069) can0 082#31FCFF9CF1F00000
(1620507393.935582) can0 240#0080000000000000
(1620507393.935583) can0 090#3FFF0FFF0FFF0FFF
(1620507393.935583) can0 240#0080000000000000
(1620507393.956104) can0 082#33FCFF9CF1F00000
(1620507393.956106) can0 090#5FFF0FFF0FFF0FFF
(1620507393.956106) can0 240#0080000000000000
(1620507393.976123) can0 082#35FCFF9CF1F00000
(1620507393.976124) can0 39E#000820200010017C
(1620507393.976124) can0 082#37FCFF9CF1F00000
(1620507393.996623) can0 240#0080000000000000
(1620507393.996624) can0 090#9FFF0FFF0FFF0FFF
(1620507393.996624) can0 090#BFFF0FFF0FFF0FFF
(1620507394.017091) can0 20F#7533271000AC1C00
(1620507394.017092) can0 211#FFFE80004859005B
(1620507394.017093) can0 211#FFFE80004859005D
(1620507394.037802) can0 4B0#2710271027102710
(1620507394.037803) can0 131#0000000000000000
(1620507394.037804) can0 4B0#2710271027102710
(1620507394.058091) can0 150#FEFE0000FFFE0000
(1620507394.058092) can0 0FD#2200000028000000
(1620507394.058092) can0 150#FEFE0000FFFE0000
(1620507394.078180) can0 0FD#2200000028000000
(1620507394.078181) can0 160#07D0000000007700
(1620507394.078181) can0 150#FEFE0000FFFE0000
(1620507394.098842) can0 0FD#2200000028000000
(1620507394.098843) can0 160#07D0000000007700
(1620507394.098844) can0 0FD#2200000028000000
(1620507394.119255) can0 160#07D0000000007700
(1620507394.119256) can0 165#26F52710C026F500
(1620507394.119257) can0 200#0000000000008000
(1620507394.139822) can0 160#07D0000000007700
(1620507394.139823) can0 201#0000400000000000
(1620507394.139824) can0 205#0000000000000000
(1620507394.160290) can0 219#0000009400000000
(1620507394.160291) can0 22E#000FAA8000016A00
(1620507394.160292) can0 205#0000000000000000
(1620507394.180361) can0 219#0000009400000000
(1620507394.180361) can0 22E#000FAA8000016A00
(1620507394.180362) can0 22E#000FAA8000016A00
(1620507394.200781) can0 231#016AB90000000000
(1620507394.200782) can0 461#0042000000000000
(1620507394.200783) can0 231#016AB90000000000
(1620507394.221274) can0 420#7F00000042400000
(1620507394.221276) can0 428#46000000
(1620507394.221276) can0 22E#000FAA8000016A00
(1620507394.241720) can0 231#016AB90000000000
(1620507394.241721) can0 250#007F941F68140004
(1620507394.241721) can0 131#0000000000000000
(1620507394.262219) can0 228#0100000000000000
(1620507394.262220) can0 082#34FCFF9CF1F00000
(1620507394.262220) can0 165#26F52710C026F500
(1620507394.282298) can0 170#26F5278F27274612
(1620507394.282298) can0 082#36FCFF9CF1F00000
(1620507394.282299) can0 350#0000000000000000
(1620507394.302770) can0 461#0042000000000000
(1620507394.302771) can0 37B#640055AA55AA55AA
(1620507394.302772) can0 340#0000000000000000
(1620507394.323597) can0 275#0000FF
(1620507394.323599) can0 400#1002000000000000
(1620507394.323601) can0 165#26F52710C026F500
(1620507394.343776) can0 170#26F5278F27274612
(1620507394.343777) can0 250#007F941F68140004
(1620507394.343777) can0 228#0100000000000000
(1620507394.364272) can0 082#3EFCFF9CF1F00000
(1620507394.364272) can0 082#31FCFF9CF1F00000
(1620507394.384377) can0 240#0080000000000000
(1620507394.384378) can0 090#0FFF0FFF0FFF0FFF
(1620507394.384378) can0 082#33FCFF9CF1F00000
(1620507394.404821) can0 240#0080000000000000
(1620507394.404821) can0 090#2FFF0FFF0FFF0FFF
(1620507394.404822) can0 082#35FCFF9CF1F00000
(1620507394.426227) can0 090#4FFF0FFF0FFF0FFF
(1620507394.426227) can0 20F#75332710003C8C00
(1620507394.426228) can0 082#37FCFF9CF1F00000
(1620507394.445847) can0 090#6FFF0FFF0FFF0FFF
(1620507394.445848) can0 20F#75332710005C6C00
(1620507394.445848) can0 082#39FCFF9CF1F00000
(1620507394.466313) can0 090#8FFF0FFF0FFF0FFF
(1620507394.466314) can0 20F#75332710007C4C00
(1620507394.466314) can0 20F#75332710009C2C00
(1620507394.486353) can0 211#FFFE80004859008A
(1620507394.486353) can0 240#0080000000000000
(1620507394.486354) can0 212#9800208005000000
(1620507394.507031) can0 240#0080000000000000
(1620507394.507032) can0 4B0#2710271027102710
(1620507394.507033) can0 150#FEFE0000FFFE0000
(1620507394.527391) can0 200#0000000000008000
(1620507394.527391) can0 160#07D0000000007700
(1620507394.527392) can0 150#FEFE0000FFFE0000
(1620507394.547918) can0 200#0000000000008000
(1620507394.547919) can0 160#07D0000000007700
(1620507394.547920) can0 150#FEFE0000FFFE0000
(1620507394.568529) can0 165#26F52710C026F500
(1620507394.568531) can0 160#07D0000000007700
(1620507394.568532) can0 200#0000000000008000
(1620507394.588943) can0 150#FEFE0000FFFE0000
(1620507394.588944) can0 201#0000400000000000
(1620507394.588945) can0 201#0000400000000000
(1620507394.609390) can0 205#0000000000000000
(1620507394.609391) can0 219#0000009400000000
(1620507394.609391) can0 205#0000000000000000
(1620507394.630053) can0 219#0000009400000000
(1620507394.630054) can0 22E#000FAA8000016A00
(1620507394.630056) can0 231#016AB90000000000
(1620507394.650407) can0 190#0000000000000000
(1620507394.650408) can0 082#3DFCFF9CF1F00000
(1620507394.650414) can0 190#0000000000000000
(1620507394.670956) can0 165#26F52710C026F500
(1620507394.670960) can0 170#26F5278F27274612
(1620507394.670960) can0 231#016AB90000000000
(1620507394.691417) can0 190#0000000000000000
(1620507394.691417) can0 250#007F941F68140004
(1620507394.691418) can0 190#0000000000000000
(1620507394.711914) can0 430#41A4000000000000
(1620507394.711915) can0 131#0000000000000000
(1620507394.711916) can0 190#0000000000000000
(1620507394.732551) can0 165#26F52710C026F500
(1620507394.732554) can0 170#26F5278F27274612
(1620507394.732555) can0 082#38FCFF9CF1F00000
(1620507394.752920) can0 090#5FFF0FFF0FFF0FFF
(1620507394.752920) can0 20F#75332710004C7C00
(1620507394.752921) can0 082#3AFCFF9CF1F00000
(1620507394.773431) can0 090#7FFF0FFF0FFF0FFF
(1620507394.773432) can0 20F#75332710006C5C00
(1620507394.773432) can0 170#26F5278F27274612
(1620507394.793937) can0 250#007F941F68140004
(1620507394.793938) can0 4EC#0000000000000000
(1620507394.793939) can0 082#3EFCFF9CF1F00000
(1620507394.814447) can0 090#BFFF0FFF0FFF0FFF
(1620507394.814448) can0 20F#7533271000AC1C00
(1620507394.814448) can0 082#31FCFF9CF1F00000
(1620507394.835054) can0 090#DFFF0FFF0FFF0FFF
(1620507394.835055) can0 20F#7533271000CCFC00
(1620507394.835056) can0 082#33FCFF9CF1F00000
(1620507394.855448) can0 090#FFFF0FFF0FFF0FFF
(1620507394.855458) can0 20F#7533271000ECDC00
(1620507394.855459) can0 090#1FFF0FFF0FFF0FFF
(1620507394.875963) can0 20F#75332710000CBC00
(1620507394.875964) can0 082#35FCFF9CF1F00000
(1620507394.875964) can0 090#3FFF0FFF0FFF0FFF
(1620507394.896434) can0 20F#75332710002C9C00
(1620507394.896434) can0 211#FFFE8000485900B3
(1620507394.896435) can0 20F#75332710004C7C00
(1620507394.916935) can0 211#FFFE8000485900B5
(1620507394.916936) can0 240#0080000000000000
(1620507394.916936) can0 240#0080000000000000
(1620507394.937460) can0 4B0#2710271027102710
(1620507394.937461) can0 131#0000000000000000
(1620507394.937462) can0 4B0#2710271027102710
(1620507394.958025) can0 150#FEFE0000FFFE0000
(1620507394.958026) can0 0FD#2200000028000000
(1620507394.958026) can0 150#FEFE0000FFFE0000
(1620507394.978463) can0 0FD#2200000028000000
(1620507394.978464) can0 160#07D0000000007700
(1620507394.978465) can0 150#FEFE0000FFFE0000
(1620507394.998953) can0 0FD#2200000028000000
(1620507394.998954) can0 160#07D0000000007700
(1620507394.998954) can0 160#07D0000000007700
(1620507395.019469) can0 165#26F52710C026F500
(1620507395.019470) can0 170#26F5278F27274612
(1620507395.019470) can0 160#07D0000000007700
(1620507395.040008) can0 201#0000400000000000
(1620507395.040009) can0 205#0000000000000000
(1620507395.040010) can0 219#0000009400000000
(1620507395.060474) can0 22E#000FAA8000016A00
(1620507395.060475) can0 231#016AB90000000000
(1620507395.060476) can0 22E#000FAA8000016A00
(1620507395.080972) can0 231#016AB90000000000
(1620507395.080973) can0 090#6FFF0FFF0FFF0FFF
(1620507395.080973) can0 350#0000000000000000
(1620507395.101536) can0 37B#640055AA55AA55AA
(1620507395.101537) can0 461#0042000000000000
(1620507395.101538) can0 428#46000000
(1620507395.121990) can0 4EC#0000000000000000
(1620507395.121991) can0 275#0000FF
(1620507395.121992) can0 250#007F941F68140004
(1620507395.142470) can0 4EC#0000000000000000
(1620507395.142471) can0 082#32FCFF9CF1F00000
(1620507395.142472) can0 131#0000000000000000
(1620507395.162989) can0 228#0100000000000000
(1620507395.162990) can0 090#EFFF0FFF0FFF0FFF
(1620507395.162991) can0 165#26F52710C026F500
(1620507395.183553) can0 170#26F5278F27274612
(1620507395.183554) can0 082#36FCFF9CF1F00000
(1620507395.183555) can0 37B#640055AA55AA55AA
(1620507395.204045) can0 461#0042000000000000
(1620507395.204046) can0 436#4080005100000000
(1620507395.204046) can0 405#0166FFFFFFFF0010
(1620507395.224478) can0 090#4FFF0FFF0FFF0FFF
(1620507395.224479) can0 082#3AFCFF9CF1F00000
(1620507395.224479) can0 165#26F52710C026F500
(1620507395.245003) can0 170#26F5278F27274612
(1620507395.245004) can0 250#007F941F68140004
(1620507395.245004) can0 090#8FFF0FFF0FFF0FFF
(1620507395.265516) can0 20F#75332710007C4C00
(1620507395.265517) can0 082#3EFCFF9CF1F00000
(1620507395.265517) can0 090#AFFF0FFF0FFF0FFF
(1620507395.286027) can0 082#31FCFF9CF1F00000
(1620507395.286028) can0 20F#75332710009C2C00
(1620507395.286028) can0 082#33FCFF9CF1F00000
(1620507395.306499) can0 090#CFFF0FFF0FFF0FFF
(1620507395.306500) can0 20F#7533271000BC0C00
(1620507395.306501) can0 090#EFFF0FFF0FFF0FFF
(1620507395.327021) can0 082#35FCFF9CF1F00000
(1620507395.327022) can0 20F#7533271000DCEC00
(1620507395.327023) can0 090#0FFF0FFF0FFF0FFF
(1620507395.347513) can0 20F#7533271000FCCC00
(1620507395.347514) can0 082#37FCFF9CF1F00000
(1620507395.347514) can0 082#39FCFF9CF1F00000
(1620507395.368039) can0 20F#75332710001CAC00
(1620507395.368040) can0 211#FFFE8000485900E2
(1620507395.368040) can0 20F#75332710003C8C00
(1620507395.388511) can0 082#3BFCFF9CF1F00000
(1620507395.388512) can0 211#FFFE8000485900E4
(1620507395.388513) can0 211#FFFE8000485900E6
(1620507395.409037) can0 212#9800208005000000
(1620507395.409038) can0 4B0#2710271027102710
(1620507395.409038) can0 240#0080000000000000
(1620507395.429558) can0 150#FEFE0000FFFE0000
(1620507395.429559) can0 200#0000000000008000
(1620507395.429560) can0 150#FEFE0000FFFE0000
(1620507395.450089) can0 200#0000000000008000
(1620507395.450090) can0 160#07D0000000007700
(1620507395.450091) can0 150#FEFE0000FFFE0000
(1620507395.470524) can0 165#26F52710C026F500
(1620507395.470525) can0 160#07D0000000007700
(1620507395.470525) can0 131#0000000000000000
(1620507395.491042) can0 200#0000000000008000
(1620507395.491042) can0 150#FEFE0000FFFE0000
(1620507395.491043) can0 160#07D0000000007700
(1620507395.511542) can0 201#0000400000000000
(1620507395.511543) can0 205#0000000000000000
(1620507395.511543) can0 200#0000000000008000
(1620507395.532044) can0 201#0000400000000000
(1620507395.532045) can0 205#0000000000000000
(1620507395.532046) can0 22E#000FAA8000016A00
(1620507395.552554) can0 231#016AB90000000000
(1620507395.552555) can0 190#0000000000000000
(1620507395.552556) can0 231#016AB90000000000
(1620507395.573034) can0 4EC#0000000000000000
(1620507395.573034) can0 190#0000000000000000
(1620507395.573035) can0 219#0000009400000000
(1620507395.593555) can0 228#0100000000000000
(1620507395.593556) can0 22E#000FAA8000016A00
(1620507395.593556) can0 190#0000000000000000
(1620507395.614084) can0 430#41A4000000000000
(1620507395.614085) can0 433#00017C0100002000
(1620507395.614086) can0 190#0000000000000000
(1620507395.634554) can0 165#26F52710C026F500
(1620507395.634555) can0 170#26F5278F27274612
(1620507395.634556) can0 190#0000000000000000
(1620507395.655162) can0 090#FFFF0FFF0FFF0FFF
(1620507395.655173) can0 20F#7533271000ECDC00
(1620507395.655174) can0 090#1FFF0FFF0FFF0FFF
(1620507395.675777) can0 20F#75332710000CBC00
(1620507395.675779) can0 211#FFFE800048590001
(1620507395.675780) can0 165#26F52710C026F500
(1620507395.695646) can0 170#26F5278F27274612
(1620507395.695647) can0 250#007F941F68140004
(1620507395.695647) can0 433#00017C0100002000
(1620507395.716154) can0 131#0000000000000000
(1620507395.716155) can0 228#0100000000000000
(1620507395.716155) can0 090#7FFF0FFF0FFF0FFF
(1620507395.736894) can0 20F#75332710006C5C00
(1620507395.736895) can0 170#26F5278F27274612
(1620507395.757084) can0 090#9FFF0FFF0FFF0FFF
(1620507395.757085) can0 20F#75332710008C3C00
(1620507395.757085) can0 090#BFFF0FFF0FFF0FFF
(1620507395.777643) can0 20F#7533271000AC1C00
(1620507395.777644) can0 211#FFFE80004859000B
(1620507395.777645) can0 090#DFFF0FFF0FFF0FFF
(1620507395.798166) can0 20F#7533271000CCFC00
(1620507395.798168) can0 211#FFFE80004859000D
(1620507395.798171) can0 090#FFFF0FFF0FFF0FFF
(1620507395.818646) can0 20F#7533271000ECDC00
(1620507395.818647) can0 082#39FCFF9CF1F00000
(1620507395.818648) can0 090#1FFF0FFF0FFF0FFF
(1620507395.839206) can0 20F#75332710000CBC00
(1620507395.839207) can0 082#3BFCFF9CF1F00000
(1620507395.839208) can0 090#3FFF0FFF0FFF0FFF
(1620507395.859716) can0 20F#75332710002C9C00
(1620507395.859717) can0 211#FFFE800048590013
(1620507395.859717) can0 211#FFFE800048590015
(1620507395.880180) can0 4B0#2710271027102710
(1620507395.880180) can0 082#3FFCFF9CF1F00000
(1620507395.880181) can0 082#32FCFF9CF1F00000
(1620507395.900409) can0 211#FFFE800048590017
(1620507395.900410) can0 4B0#2710271027102710
(1620507395.900411) can0 4B0#2710271027102710
(1620507395.920891) can0 240#0080000000000000
(1620507395.920892) can0 150#FEFE0000FFFE0000
(1620507395.920892) can0 240#0080000000000000
(1620507395.941436) can0 131#0000000000000000
(1620507395.941437) can0 0FD#2200000028000000
(1620507395.941438) can0 240#0080000000000000
(1620507395.961962) can0 150#FEFE0000FFFE0000
(1620507395.961963) can0 0FD#2200000028000000
(1620507395.961964) can0 0FD#2200000028000000
(1620507395.982447) can0 160#07D0000000007700
(1620507395.982449) can0 165#26F52710C026F500
(1620507395.982449) can0 160#07D0000000007700
(1620507396.002884) can0 200#0000000000008000
(1620507396.002885) can0 201#0000400000000000
(1620507396.002885) can0 201#0000400000000000
(1620507396.023455) can0 205#0000000000000000
(1620507396.023459) can0 219#0000009400000000
(1620507396.023460) can0 201#0000400000000000
(1620507396.043972) can0 205#0000000000000000
(1620507396.043973) can0 219#0000009400000000
(1620507396.043973) can0 231#016AB90000000000
(1620507396.064403) can0 131#0000000000000000
(1620507396.064404) can0 228#0100000000000000
(1620507396.064405) can0 165#26F52710C026F500
(1620507396.084916) can0 170#26F5278F27274612
(1620507396.084917) can0 090#AFFF0FFF0FFF0FFF
(1620507396.084917) can0 350#0000000000000000
(1620507396.105419) can0 37B#640055AA55AA55AA
(1620507396.105420) can0 436#4080005300000000
(1620507396.105420) can0 275#0000FF
(1620507396.125924) can0 400#2200000000000000
(1620507396.125925) can0 405#02FF4BFF3301C981
(1620507396.125925) can0 165#26F52710C026F500
(1620507396.146424) can0 170#26F5278F27274612
(1620507396.146425) can0 250#007F941F68140004
(1620507396.146425) can0 131#0000000000000000
(1620507396.166921) can0 228#0100000000000000
(1620507396.166922) can0 090#2FFF0FFF0FFF0FFF
(1620507396.166922) can0 090#4FFF0FFF0FFF0FFF
(1620507396.187477) can0 20F#75332710003C8C00
(1620507396.187478) can0 211#FFFE800048590034
(1620507396.187478) can0 090#6FFF0FFF0FFF0FFF
(1620507396.207957) can0 20F#75332710005C6C00
(1620507396.207957) can0 211#FFFE800048590036
(1620507396.207958) can0 090#8FFF0FFF0FFF0FFF
(1620507396.228443) can0 20F#75332710007C4C00
(1620507396.228444) can0 211#FFFE800048590038
(1620507396.228444) can0 090#AFFF0FFF0FFF0FFF
(1620507396.248953) can0 20F#75332710009C2C00
(1620507396.248954) can0 211#FFFE80004859003A
(1620507396.248955) can0 090#CFFF0FFF0FFF0FFF
(1620507396.269014) can0 20F#7533271000BC0C00
(1620507396.269015) can0 211#FFFE80004859003C
(1620507396.269016) can0 20F#7533271000DCEC00
(1620507396.289392) can0 211#FFFE80004859003E
(1620507396.289393) can0 4B0#2710271027102710
(1620507396.289394) can0 212#9800208005000000
(1620507396.309428) can0 4B0#2710271027102710
(1620507396.309429) can0 082#3DFCFF9CF1F00000
(1620507396.309429) can0 082#3FFCFF9CF1F00000
(1620507396.329924) can0 150#FEFE0000FFFE0000
(1620507396.329925) can0 200#0000000000008000
(1620507396.329925) can0 150#FEFE0000FFFE0000
(1620507396.350479) can0 200#0000000000008000
(1620507396.350480) can0 160#07D0000000007700
(1620507396.350480) can0 150#FEFE0000FFFE0000
(1620507396.370928) can0 165#26F52710C026F500
(1620507396.370929) can0 160#07D0000000007700
(1620507396.370930) can0 131#0000000000000000
(1620507396.391429) can0 200#0000000000008000
(1620507396.391430) can0 150#FEFE0000FFFE0000
(1620507396.391431) can0 160#07D0000000007700
(1620507396.411958) can0 201#0000400000000000
(1620507396.411959) can0 205#0000000000000000
(1620507396.411960) can0 201#0000400000000000
(1620507396.432446) can0 205#0000000000000000
(1620507396.432447) can0 219#0000009400000000
(1620507396.432447) can0 22E#000FAA8000016A00
(1620507396.453850) can0 240#0080000000000000
(1620507396.453851) can0 231#016AB90000000000
(1620507396.453851) can0 231#016AB90000000000
(1620507396.473459) can0 250#007F941F68140004
(1620507396.473460) can0 4EC#0000000000000000
(1620507396.473461) can0 22E#000FAA8000016A00
(1620507396.493965) can0 231#016AB90000000000
(1620507396.493966) can0 190#0000000000000000
(1620507396.493966) can0 190#0000000000000000
(1620507396.514450) can0 430#40A4000000000000
(1620507396.514451) can0 433#00017C0100002000
(1620507396.514451) can0 165#26F52710C026F500
(1620507396.534965) can0 170#26F5278F27274612
(1620507396.534966) can0 090#7FFF0FFF0FFF0FFF
(1620507396.534967) can0 090#9FFF0FFF0FFF0FFF
(1620507396.555491) can0 20F#75332710008C3C00
(1620507396.555492) can0 211#FFFE800048590059
(1620507396.555493) can0 090#BFFF0FFF0FFF0FFF
(1620507396.575956) can0 20F#7533271000AC1C00
(1620507396.575957) can0 211#FFFE80004859005B
(1620507396.575957) can0 165#26F52710C026F500
(1620507396.596448) can0 170#26F5278F27274612
(1620507396.596448) can0 250#007F941F68140004
(1620507396.596449) can0 090#FFFF0FFF0FFF0FFF
(1620507396.616950) can0 20F#7533271000ECDC00
(1620507396.616951) can0 211#FFFE80004859005F
(1620507396.616951) can0 090#1FFF0FFF0FFF0FFF
(1620507396.637504) can0 20F#754B2710000CBC00
(1620507396.637505) can0 211#FFFE800048590061
(1620507396.637509) can0 090#3FFF0FFF0FFF0FFF
(1620507396.657979) can0 20F#75332710002C9C00
(1620507396.657986) can0 211#FFFE800048590063
(1620507396.657987) can0 090#5FFF0FFF0FFF0FFF
(1620507396.678470) can0 20F#75332710004C7C00
(1620507396.678471) can0 211#FFFE800048590065
(1620507396.678471) can0 20F#75332710006C5C00
(1620507396.698972) can0 211#FFFE800048590067
(1620507396.698973) can0 4B0#2710271027102710
(1620507396.698973) can0 4B0#2710271027102710
(1620507396.719530) can0 082#39FCFF9CF1F00000
(1620507396.719531) can0 150#FEFE0000FFFE0000
(1620507396.719531) can0 082#3BFCFF9CF1F00000
(1620507396.740030) can0 131#0000000000000000
(1620507396.740031) can0 0FD#2200000028000000
(1620507396.740032) can0 150#FEFE0000FFFE0000
(1620507396.760450) can0 0FD#2200000028000000
(1620507396.760451) can0 160#07D0000000007700
(1620507396.760451) can0 150#FEFE0000FFFE0000
(1620507396.781011) can0 0FD#2200000028000000
(1620507396.781012) can0 160#07D0000000007700
(1620507396.781013) can0 150#FEFE0000FFFE0000
(1620507396.801503) can0 0FD#2200000028000000
(1620507396.801504) can0 160#07D0000000007700
(1620507396.801505) can0 160#07D0000000007700
(1620507396.821994) can0 165#26F52710C026F500
(1620507396.821995) can0 170#26F5278F27274612
(1620507396.821996) can0 201#0000400000000000
(1620507396.842478) can0 205#0000000000000000
(1620507396.842479) can0 219#0000009400000000
(1620507396.842480) can0 219#0000009400000000
(1620507396.863002) can0 22E#000FAA8000016A00
(1620507396.863003) can0 240#0080000000000000
(1620507396.863003) can0 22E#000FAA8000016A00
(1620507396.883523) can0 240#0080000000000000
(1620507396.883524) can0 231#016AB90000000000
(1620507396.883528) can0 350#0000000000000000
(1620507396.903556) can0 37B#640055AA55AA55AA
(1620507396.903556) can0 436#4080005400000000
(1620507396.903557) can0 428#46000000
(1620507396.924202) can0 4EC#0000000000000000
(1620507396.924203) can0 400#0600000001000002
(1620507396.924204) can0 250#007F941F68140004
(1620507396.945127) can0 4EC#0000000000000000
(1620507396.945128) can0 090#0FFF0FFF0FFF0FFF
(1620507396.945129) can0 131#0000000000000000
(1620507396.965155) can0 228#0100000000000000
(1620507396.965156) can0 090#2FFF0FFF0FFF0FFF
(1620507396.965157) can0 165#26F52710C026F500
(1620507396.985742) can0 170#26F5278F27274612
(1620507396.985743) can0 090#4FFF0FFF0FFF0FFF
(1620507396.985744) can0 090#6FFF0FFF0FFF0FFF
(1620507397.005722) can0 20F#75332710005C6C00
(1620507397.005724) can0 211#FFFE800048590086
(1620507397.005725) can0 090#8FFF0FFF0FFF0FFF
(1620507397.026310) can0 20F#75332710007C4C00
(1620507397.026312) can0 211#FFFE800048590088
(1620507397.026313) can0 090#AFFF0FFF0FFF0FFF
(1620507397.046623) can0 20F#75332710009C2C00
(1620507397.046624) can0 211#FFFE80004859008A
(1620507397.046625) can0 090#CFFF0FFF0FFF0FFF
(1620507397.067132) can0 20F#7533271000BC0C00
(1620507397.067133) can0 211#FFFE80004859008C
(1620507397.067134) can0 090#EFFF0FFF0FFF0FFF
(1620507397.087661) can0 20F#7533271000DCEC00
(1620507397.087662) can0 211#FFFE80004859008E
(1620507397.087663) can0 090#0FFF0FFF0FFF0FFF
(1620507397.108144) can0 20F#7533271000FCCC00
(1620507397.108144) can0 20F#75332710001CAC00
(1620507397.128693) can0 211#FFFE800048590092
(1620507397.128693) can0 4B0#2710271027102710
(1620507397.128694) can0 082#37FCFF9CF1F00000
(1620507397.149188) can0 501#00AA55AA55AA55AA
(1620507397.149189) can0 150#FEFE0000FFFE0000
(1620507397.149190) can0 082#39FCFF9CF1F00000
(1620507397.169682) can0 150#FEFE0000FFFE0000
(1620507397.169683) can0 200#0000000000008000
(1620507397.169684) can0 131#0000000000000000
(1620507397.190196) can0 200#0000000000008000
(1620507397.190197) can0 150#FEFE0000FFFE0000
(1620507397.190198) can0 150#FEFE0000FFFE0000
(1620507397.210695) can0 165#26F52710C026F500
(1620507397.210696) can0 160#07D0000000007700
(1620507397.210697) can0 200#0000000000008000
(1620507397.231200) can0 160#07D0000000007700
(1620507397.231201) can0 201#0000400000000000
(1620507397.231201) can0 201#0000400000000000
(1620507397.251713) can0 205#0000000000000000
(1620507397.251714) can0 219#0000009400000000
(1620507397.251715) can0 201#0000400000000000
(1620507397.272289) can0 205#0000000000000000
(1620507397.272290) can0 219#0000009400000000
(1620507397.272290) can0 228#0100000000000000
(1620507397.292763) can0 240#0080000000000000
(1620507397.292764) can0 22E#000FAA8000016A00
(1620507397.292765) can0 231#016AB90000000000
(1620507397.313189) can0 190#0000000000000000
(1620507397.313190) can0 430#40A4000000000000
(1620507397.313191) can0 231#016AB90000000000
(1620507397.333874) can0 190#0000000000000000
(1620507397.333875) can0 090#7FFF0FFF0FFF0FFF
(1620507397.333875) can0 090#9FFF0FFF0FFF0FFF
(1620507397.354219) can0 20F#75332710008C3C00
(1620507397.354221) can0 211#FFFE8000485900A9
(1620507397.354222) can0 165#26F52710C026F500
(1620507397.374706) can0 170#26F5278F27274612
(1620507397.374707) can0 090#BFFF0FFF0FFF0FFF
(1620507397.374707) can0 250#007F941F68140004
(1620507397.395215) can0 4EC#0000000000000000
(1620507397.395216) can0 090#DFFF0FFF0FFF0FFF
(1620507397.395217) can0 131#0000000000000000
(1620507397.415772) can0 228#0100000000000000
(1620507397.415773) can0 090#FFFF0FFF0FFF0FFF
(1620507397.415778) can0 165#26F52710C026F500
(1620507397.436208) can0 170#26F5278F27274612
(1620507397.436209) can0 090#1FFF0FFF0FFF0FFF
(1620507397.436209) can0 090#3FFF0FFF0FFF0FFF
(1620507397.456723) can0 20F#75332710002C9C00
(1620507397.456724) can0 211#FFFE8000485900B3
(1620507397.456725) can0 090#5FFF0FFF0FFF0FFF
(1620507397.477198) can0 20F#75332710004C7C00
(1620507397.477199) can0 211#FFFE8000485900B5
(1620507397.477199) can0 090#7FFF0FFF0FFF0FFF
(1620507397.497735) can0 20F#75332710006C5C00
(1620507397.497736) can0 211#FFFE8000485900B7
(1620507397.497736) can0 090#9FFF0FFF0FFF0FFF
(1620507397.518241) can0 20F#75332710008C3C00
(1620507397.518242) can0 211#FFFE8000485900B9
(1620507397.518243) can0 20F#7533271000AC1C00
(1620507397.538730) can0 211#FFFE8000485900BB
(1620507397.538731) can0 4B0#2710271027102710
(1620507397.538732) can0 212#9800208005000000
(1620507397.559248) can0 4B0#2710271027102710
(1620507397.559249) can0 082#33FCFF9CF1F00000
(1620507397.559249) can0 082#35FCFF9CF1F00000
(1620507397.579766) can0 39E#000820200010017C
(1620507397.579767) can0 150#FEFE0000FFFE0000
(1620507397.579768) can0 082#37FCFF9CF1F00000
(1620507397.599811) can0 150#FEFE0000FFFE0000
(1620507397.599812) can0 0FD#2200000028000000
(1620507397.599813) can0 150#FEFE0000FFFE0000
(1620507397.619964) can0 0FD#2200000028000000
(1620507397.619965) can0 160#07D0000000007700
(1620507397.619965) can0 131#0000000000000000
(1620507397.640236) can0 0FD#2200000028000000
(1620507397.640237) can0 150#FEFE0000FFFE0000
(1620507397.640237) can0 160#07D0000000007700
(1620507397.661172) can0 165#26F52710C026F500
(1620507397.661187) can0 170#26F5278F27274612
(1620507397.661189) can0 160#07D0000000007700
(1620507397.681714) can0 200#0000000000008000
(1620507397.681716) can0 201#0000400000000000
(1620507397.681718) can0 201#0000400000000000
(1620507397.702048) can0 205#0000000000000000
(1620507397.702050) can0 219#0000009400000000
(1620507397.702051) can0 170#26F5278F27274612
(1620507397.722440) can0 200#0000000000008000
(1620507397.722440) can0 201#0000400000000000
(1620507397.722441) can0 205#0000000000000000
(1620507397.742577) can0 219#0000009400000000
(1620507397.742578) can0 228#0100000000000000
(1620507397.742579) can0 231#016AB90000000000
(1620507397.763065) can0 240#0080000000000000
(1620507397.763066) can0 131#0000000000000000
(1620507397.763067) can0 240#0080000000000000
(1620507397.783928) can0 231#016AB90000000000
(1620507397.783929) can0 090#4FFF0FFF0FFF0FFF
(1620507397.783929) can0 37B#640055AA55AA55AA
(1620507397.804383) can0 436#4080005600000000
(1620507397.804383) can0 461#0042000000000000
(1620507397.804384) can0 4EC#0000000000000000
(1620507397.824885) can0 405#27FFFFFFFFFFFFFF
(1620507397.824886) can0 340#0000000000000000
(1620507397.824886) can0 250#007F941F68140004
(1620507397.845431) can0 4EC#0000000000000000
(1620507397.845432) can0 090#AFFF0FFF0FFF0FFF
(1620507397.845432) can0 131#0000000000000000
(1620507397.865893) can0 228#0100000000000000
(1620507397.865894) can0 090#CFFF0FFF0FFF0FFF
(1620507397.865894) can0 165#26F52710C026F500
(1620507397.886401) can0 170#26F5278F27274612
(1620507397.886402) can0 090#EFFF0FFF0FFF0FFF
(1620507397.886402) can0 090#0FFF0FFF0FFF0FFF
(1620507397.907210) can0 20F#7533271000FCCC00
(1620507397.907211) can0 211#FFFE8000485900E0
(1620507397.907212) can0 090#2FFF0FFF0FFF0FFF
(1620507397.927446) can0 20F#75332710001CAC00
(1620507397.927447) can0 211#FFFE8000485900E2
(1620507397.927447) can0 090#4FFF0FFF0FFF0FFF
(1620507397.947965) can0 20F#75332710003C8C00
(1620507397.947965) can0 211#FFFE8000485900E4
(1620507397.947966) can0 090#6FFF0FFF0FFF0FFF
(1620507397.968473) can0 20F#75332710005C6C00
(1620507397.968474) can0 211#FFFE8000485900E6
(1620507397.968474) can0 20F#75332710007C4C00
(1620507397.988918) can0 211#FFFE8000485900E8
(1620507397.988919) can0 4B0#2710271027102710
(1620507397.988919) can0 212#9800208005000000
(1620507398.009470) can0 4B0#2710271027102710
(1620507398.009471) can0 082#33FCFF9CF1F00000
(1620507398.009471) can0 082#35FCFF9CF1F00000
(1620507398.029941) can0 150#FEFE0000FFFE0000
(1620507398.029942) can0 200#0000000000008000
(1620507398.029942) can0 082#37FCFF9CF1F00000
(1620507398.050439) can0 150#FEFE0000FFFE0000
(1620507398.050440) can0 165#26F52710C026F500
(1620507398.050441) can0 082#39FCFF9CF1F00000
(1620507398.070925) can0 150#FEFE0000FFFE0000
(1620507398.070925) can0 200#0000000000008000
(1620507398.070926) can0 131#0000000000000000
(1620507398.091564) can0 200#0000000000008000
(1620507398.091566) can0 150#FEFE0000FFFE0000
(1620507398.091568) can0 160#07D0000000007700
(1620507398.111950) can0 170#26F5278F27274612
(1620507398.111951) can0 200#0000000000008000
(1620507398.111951) can0 205#0000000000000000
(1620507398.132062) can0 219#0000009400000000
(1620507398.132062) can0 22E#000FAA8000016A00
(1620507398.132063) can0 22E#000FAA8000016A00
(1620507398.152510) can0 501#00AA55AA55AA55AA
(1620507398.152511) can0 231#016AB90000000000
(1620507398.152516) can0 22E#000FAA8000016A00
(1620507398.173185) can0 190#0000000000000000
(1620507398.173187) can0 231#016AB90000000000
(1620507398.173188) can0 231#016AB90000000000
(1620507398.193520) can0 240#0080000000000000
(1620507398.193521) can0 250#007F941F68140004
(1620507398.193521) can0 433#00017C0100002000
(1620507398.214059) can0 131#0000000000000000
(1620507398.214060) can0 165#26F52710C026F500
(1620507398.214060) can0 090#1FFF0FFF0FFF0FFF
(1620507398.234348) can0 20F#75332710000CBC00
(1620507398.234350) can0 211#FFFE800048590001
(1620507398.234351) can0 090#3FFF0FFF0FFF0FFF
(1620507398.254554) can0 20F#75332710002C9C00
(1620507398.254555) can0 211#FFFE800048590003
(1620507398.254555) can0 165#26F52710C026F500
(1620507398.275073) can0 170#26F5278F27274612
(1620507398.275074) can0 090#5FFF0FFF0FFF0FFF
(1620507398.275074) can0 250#007F941F68140004
(1620507398.295648) can0 4EC#0000000000000000
(1620507398.295649) can0 090#7FFF0FFF0FFF0FFF
(1620507398.295650) can0 131#0000000000000000
(1620507398.316284) can0 228#0100000000000000
(1620507398.316286) can0 090#9FFF0FFF0FFF0FFF
(1620507398.316286) can0 090#BFFF0FFF0FFF0FFF
(1620507398.336391) can0 20F#7533271000AC1C00
(1620507398.336393) can0 211#FFFE80004859000B
(1620507398.336394) can0 090#DFFF0FFF0FFF0FFF
(1620507398.356833) can0 20F#7533271000CCFC00
(1620507398.356835) can0 211#FFFE80004859000D
(1620507398.356837) can0 090#FFFF0FFF0FFF0FFF
(1620507398.377197) can0 20F#7533271000ECDC00
(1620507398.377198) can0 211#FFFE80004859000F
(1620507398.377199) can0 090#1FFF0FFF0FFF0FFF
(1620507398.397897) can0 20F#75332710000CBC00
(1620507398.397899) can0 211#FFFE800048590011
(1620507398.397900) can0 090#3FFF0FFF0FFF0FFF
(1620507398.418441) can0 20F#75332710002C9C00
(1620507398.418442) can0 211#FFFE800048590013
(1620507398.418443) can0 211#FFFE800048590015
(1620507398.438402) can0 4B0#2710271027102710
(1620507398.438403) can0 082#31FCFF9CF1F00000
(1620507398.438404) can0 4B0#2710271027102710
(1620507398.458858) can0 082#33FCFF9CF1F00000
(1620507398.458860) can0 0FD#2200000028000000
(1620507398.458862) can0 082#35FCFF9CF1F00000
(1620507398.479345) can0 0FD#2200000028000000
(1620507398.479347) can0 082#37FCFF9CF1F00000
(1620507398.499958) can0 150#FEFE0000FFFE0000
(1620507398.499960) can0 0FD#2200000028000000
(1620507398.499961) can0 082#39FCFF9CF1F00000
(1620507398.520373) can0 150#FEFE0000FFFE0000
(1620507398.520375) can0 0FD#2200000028000000
(1620507398.520375) can0 0FD#2200000028000000
(1620507398.540559) can0 150#FEFE0000FFFE0000
(1620507398.540561) can0 200#0000000000008000
(1620507398.540562) can0 160#07D0000000007700
(1620507398.560791) can0 165#26F52710C026F500
(1620507398.560792) can0 170#26F5278F27274612
(1620507398.560793) can0 201#0000400000000000
(1620507398.581294) can0 205#0000000000000000
(1620507398.581295) can0 219#0000009400000000
(1620507398.581296) can0 22E#000FAA8000016A00
(1620507398.601816) can0 350#0000000000000000
(1620507398.601817) can0 231#016AB90000000000
(1620507398.601818) can0 22E#000FAA8000016A00
(1620507398.622295) can0 250#007F941F68140004
(1620507398.622296) can0 231#016AB90000000000
(1620507398.622297) can0 231#016AB90000000000
(1620507398.642765) can0 240#0080000000000000
(1620507398.642766) can0 250#007F941F68140004
(1620507398.642767) can0 240#0080000000000000
(1620507398.663294) can0 131#0000000000000000
(1620507398.663312) can0 165#26F52710C026F500
(1620507398.663313) can0 090#EFFF0FFF0FFF0FFF
(1620507398.683991) can0 20F#7533271000DCEC00
(1620507398.683993) can0 211#FFFE80004859002E
(1620507398.683994) can0 090#0FFF0FFF0FFF0FFF
(1620507398.704278) can0 20F#7533271000FCCC00
(1620507398.704278) can0 211#FFFE800048590030
(1620507398.704279) can0 165#26F52710C026F500
(1620507398.724770) can0 170#26F5278F27274612
(1620507398.724771) can0 090#2FFF0FFF0FFF0FFF
(1620507398.724771) can0 250#007F941F68140004
(1620507398.745299) can0 4EC#0000000000000000
(1620507398.745300) can0 090#4FFF0FFF0FFF0FFF
(1620507398.745302) can0 090#6FFF0FFF0FFF0FFF
(1620507398.765785) can0 20F#75332710005C6C00
(1620507398.765788) can0 211#FFFE800048590036
(1620507398.765789) can0 090#8FFF0FFF0FFF0FFF
(1620507398.786335) can0 20F#75332710007C4C00
(1620507398.786336) can0 211#FFFE800048590038
(1620507398.786337) can0 090#AFFF0FFF0FFF0FFF
(1620507398.806814) can0 20F#75332710009C2C00
(1620507398.806815) can0 211#FFFE80004859003A
(1620507398.806816) can0 090#CFFF0FFF0FFF0FFF
(1620507398.827292) can0 20F#7533271000BC0C00
(1620507398.827293) can0 211#FFFE80004859003C
(1620507398.827293) can0 211#FFFE80004859003E
(1620507398.847811) can0 4B0#2710271027102710
(1620507398.847812) can0 082#3CFCFF9CF1F00000
(1620507398.847812) can0 082#3EFCFF9CF1F00000
(1620507398.868279) can0 150#FEFE0000FFFE0000
(1620507398.868280) can0 200#0000000000008000
(1620507398.868280) can0 082#31FCFF9CF1F00000
(1620507398.888828) can0 131#0000000000000000
(1620507398.888828) can0 165#26F52710C026F500
(1620507398.888829) can0 082#33FCFF9CF1F00000
(1620507398.909302) can0 150#FEFE0000FFFE0000
(1620507398.909303) can0 200#0000000000008000
(1620507398.909303) can0 082#35FCFF9CF1F00000
(1620507398.929849) can0 150#FEFE0000FFFE0000
(1620507398.929850) can0 200#0000000000008000
(1620507398.929851) can0 150#FEFE0000FFFE0000
(1620507398.950334) can0 165#26F52710C026F500
(1620507398.950335) can0 160#07D0000000007700
(1620507398.950336) can0 201#0000400000000000
(1620507398.970916) can0 205#0000000000000000
(1620507398.970917) can0 219#0000009400000000
(1620507398.970917) can0 160#07D0000000007700
(1620507398.991334) can0 205#0000000000000000
(1620507398.991335) can0 219#0000009400000000
(1620507398.991335) can0 200#0000000000008000
(1620507399.011910) can0 201#0000400000000000
(1620507399.011911) can0 190#0000000000000000
(1620507399.011912) can0 219#0000009400000000
(1620507399.032453) can0 190#0000000000000000
(1620507399.032454) can0 22E#000FAA8000016A00
(1620507399.032454) can0 190#0000000000000000
(1620507399.052838) can0 22E#000FAA8000016A00
(1620507399.052839) can0 501#00AA55AA55AA55AA
(1620507399.052839) can0 250#007F941F68140004
(1620507399.073308) can0 231#016AB90000000000
(1620507399.073309) can0 4EC#0000000000000000
(1620507399.073309) can0 240#0080000000000000
(1620507399.093808) can0 250#007F941F68140004
(1620507399.093809) can0 4EC#0000000000000000
(1620507399.093809) can0 240#0080000000000000
(1620507399.114314) can0 131#0000000000000000
(1620507399.114315) can0 165#26F52710C026F500
(1620507399.114315) can0 240#0080000000000000
(1620507399.134810) can0 090#BFFF0FFF0FFF0FFF
(1620507399.134811) can0 20F#7533271000AC1C00
(1620507399.134812) can0 090#DFFF0FFF0FFF0FFF
(1620507399.155357) can0 20F#7533271000CCFC00
(1620507399.155358) can0 211#FFFE80004859005D
(1620507399.155375) can0 165#26F52710C026F500
(1620507399.175828) can0 170#26F5278F27274612
(1620507399.175829) can0 090#FFFF0FFF0FFF0FFF
(1620507399.175829) can0 4EC#0000000000000000
(1620507399.196327) can0 090#1FFF0FFF0FFF0FFF
(1620507399.196328) can0 20F#75332710000CBC00
(1620507399.196328) can0 090#3FFF0FFF0FFF0FFF
(1620507399.216820) can0 20F#75332710002C9C00
(1620507399.216821) can0 211#FFFE800048590063
(1620507399.216821) can0 090#5FFF0FFF0FFF0FFF
(1620507399.237376) can0 20F#75332710004C7C00
(1620507399.237376) can0 211#FFFE800048590065
(1620507399.237377) can0 090#7FFF0FFF0FFF0FFF
(1620507399.257834) can0 20F#751B2710006C5C00
(1620507399.257835) can0 211#FFFE800048590067
(1620507399.257835) can0 20F#75332710008C3C00
(1620507399.278340) can0 211#FFFE800048590069
(1620507399.278340) can0 4B0#2710271027102710
(1620507399.278341) can0 4B0#2710271027102710
(1620507399.298820) can0 082#3CFCFF9CF1F00000
(1620507399.298820) can0 0FD#2200000028000000
(1620507399.298821) can0 150#FEFE0000FFFE0000
(1620507399.319345) can0 0FD#2200000028000000
(1620507399.319346) can0 082#3EFCFF9CF1F00000
(1620507399.319346) can0 131#0000000000000000
(1620507399.339381) can0 082#31FCFF9CF1F00000
(1620507399.339382) can0 0FD#2200000028000000
(1620507399.339382) can0 150#FEFE0000FFFE0000
(1620507399.359416) can0 0FD#2200000028000000
(1620507399.359417) can0 082#33FCFF9CF1F00000
(1620507399.359417) can0 150#FEFE0000FFFE0000
(1620507399.379485) can0 0FD#2200000028000000
(1620507399.379486) can0 082#35FCFF9CF1F00000
(1620507399.379486) can0 082#37FCFF9CF1F00000
(1620507399.399995) can0 0FD#2200000028000000
(1620507399.399996) can0 160#07D0000000007700
(1620507399.399996) can0 200#0000000000008000
(1620507399.420479) can0 201#0000400000000000
(1620507399.420479) can0 205#0000000000000000
(1620507399.420480) can0 160#07D0000000007700
(1620507399.441297) can0 201#0000400000000000
(1620507399.441298) can0 205#0000000000000000
(1620507399.441299) can0 205#0000000000000000
(1620507399.461531) can0 219#0000009400000000
(1620507399.461532) can0 22E#000FAA8000016A00
(1620507399.461533) can0 231#016AB90000000000
(1620507399.482047) can0 240#0080000000000000
(1620507399.482048) can0 090#EFFF0FFF0FFF0FFF
(1620507399.482048) can0 436#4080005900000000
(1620507399.502511) can0 461#0042000000000000
(1620507399.502512) can0 240#0080000000000000
(1620507399.502512) can0 420#7F00000042400000
(1620507399.522992) can0 400#2000000000000000
(1620507399.522992) can0 340#0000000000000000
(1620507399.522993) can0 240#0080000000000000
(1620507399.543506) can0 250#007F941F69140004
(1620507399.543506) can0 4EC#0000000000000000
(1620507399.543507) can0 240#0080000000000000
(1620507399.564021) can0 131#0000000000000000
(1620507399.564021) can0 165#26F52710C026F500
(1620507399.564022) can0 090#8FFF0FFF0FFF0FFF
(1620507399.584503) can0 20F#75332710007C4C00
(1620507399.584503) can0 211#FFFE800048590088
(1620507399.584504) can0 090#AFFF0FFF0FFF0FFF
(1620507399.604542) can0 20F#75332710009C2C00
(1620507399.604543) can0 211#FFFE80004859008A
(1620507399.604543) can0 090#CFFF0FFF0FFF0FFF
(1620507399.625054) can0 20F#7533271000BC0C00
(1620507399.625054) can0 211#FFFE80004859008C
(1620507399.625055) can0 090#EFFF0FFF0FFF0FFF
(1620507399.645603) can0 20F#7533271000DCEC00
(1620507399.645603) can0 211#FFFE80004859008E
(1620507399.645606) can0 090#0FFF0FFF0FFF0FFF
(1620507399.666239) can0 20F#7533271000FCCC00
(1620507399.666240) can0 211#FFFE800048590090
(1620507399.666240) can0 090#2FFF0FFF0FFF0FFF
(1620507399.686598) can0 20F#75332710001CAC00
(1620507399.686599) can0 211#FFFE800048590092
(1620507399.686599) can0 090#4FFF0FFF0FFF0FFF
(1620507399.707066) can0 20F#75332710003C8C00
(1620507399.707067) can0 211#FFFE800048590094
(1620507399.707067) can0 211#FFFE800048590096
(1620507399.727568) can0 4B0#2710271027102710
(1620507399.727568) can0 150#FEFE0000FFFE0000
(1620507399.727569) can0 4B0#2710271027102710
(1620507399.748073) can0 150#FEFE0000FFFE0000
(1620507399.748073) can0 200#0000000000008000
(1620507399.748074) can0 150#FEFE0000FFFE0000
(1620507399.768708) can0 200#0000000000008000
(1620507399.768709) can0 160#07D0000000007700
(1620507399.768709) can0 131#0000000000000000
(1620507399.789069) can0 165#26F52710C026F500
(1620507399.789070) can0 150#FEFE0000FFFE0000
(1620507399.789070) can0 150#FEFE0000FFFE0000
(1620507399.809575) can0 200#0000000000008000
(1620507399.809576) can0 160#07D0000000007700
(1620507399.809576) can0 150#FEFE0000FFFE0000
(1620507399.830115) can0 200#0000000000008000
(1620507399.830116) can0 082#35FCFF9CF1F00000
(1620507399.830116) can0 150#FEFE0000FFFE0000
(1620507399.850577) can0 165#26F52710C026F500
(1620507399.850578) can0 200#0000000000008000
(1620507399.871114) can0 160#07D0000000007700
(1620507399.871115) can0 082#39FCFF9CF1F00000
(1620507399.871115) can0 082#3BFCFF9CF1F00000
(1620507399.872069) can0 160#07D0000000007700
(1620507399.872070) can0 190#0000000000000000
(1620507399.872070) can0 190#0000000000000000
(1620507399.891620) can0 200#0000000000008000
(1620507399.891621) can0 201#0000400000000000
(1620507399.891621) can0 219#0000009400000000
(1620507399.912272) can0 22E#000FAA8000016A00
(1620507399.912273) can0 231#016AB90000000000
(1620507399.912273) can0 219#0000009400000000
(1620507399.932589) can0 22E#000FAA8000016A00
(1620507399.932589) can0 501#00AA55AA55AA55AA
(1620507399.932590) can0 219#0000009400000000
(1620507399.953113) can0 22E#000FAA8000016A00
(1620507399.953114) can0 250#007F941F69140004
(1620507399.953114) can0 231#016AB90000000000
(1620507399.973605) can0 240#0080000000000000
(1620507399.973605) can0 250#007F941F69140004
(1620507399.973606) can0 240#0080000000000000
(1620507399.994128) can0 131#0000000000000000
(1620507399.994128) can0 165#26F52710C026F500
(1620507399.994129) can0 240#0080000000000000
(1620507400.014606) can0 090#5FFF0FFF0FFF0FFF
(1620507400.014606) can0 20F#75332710004C7C00
(1620507400.014607) can0 240#0080000000000000
(1620507400.035116) can0 090#7FFF0FFF0FFF0FFF
(1620507400.035116) can0 20F#75332710006C5C00
(1620507400.035116) can0 240#0080000000000000
(1620507400.055668) can0 165#26F52710C026F500
(1620507400.055669) can0 170#26F5278E27274612
(1620507400.055669) can0 250#007F941F69140004
(1620507400.076119) can0 4EC#0000000000000000
(1620507400.076119) can0 090#BFFF0FFF0FFF0FFF
(1620507400.076120) can0 090#DFFF0FFF0FFF0FFF
(1620507400.096649) can0 20F#7533271000CCFC00
(1620507400.096650) can0 211#FFFE8000485900BD
(1620507400.096650) can0 090#FFFF0FFF0FFF0FFF
(1620507400.117130) can0 20F#754B271000ECDC00
(1620507400.117131) can0 211#FFFE8000485900BF
(1620507400.117131) can0 090#1FFF0FFF0FFF0FFF
(1620507400.137633) can0 20F#75332710000CBC00
(1620507400.137634) can0 211#FFFE8000485900C1
(1620507400.137639) can0 20F#75332710002C9C00
(1620507400.158173) can0 211#FFFE8000485900C3
(1620507400.158184) can0 4B0#2710271027102710
(1620507400.158184) can0 4B0#2710271027102710
(1620507400.178632) can0 150#FEFE0000FFFE0000
(1620507400.178633) can0 0FD#2200000028000000
(1620507400.178633) can0 150#FEFE0000FFFE0000
(1620507400.198848) can0 0FD#2200000028000000
(1620507400.198849) can0 160#07D0000000007700
(1620507400.198849) can0 131#0000000000000000
(1620507400.219319) can0 0FD#2200000028000000
(1620507400.219320) can0 150#FEFE0000FFFE0000
(1620507400.219320) can0 150#FEFE0000FFFE0000
(1620507400.239833) can0 0FD#2200000028000000
(1620507400.239833) can0 160#07D0000000007700
(1620507400.239834) can0 150#FEFE0000FFFE0000
(1620507400.260304) can0 0FD#2200000028000000
(1620507400.260305) can0 160#07D0000000007700
(1620507400.260305) can0 0FD#2200000028000000
(1620507400.280832) can0 160#07D0000000007700
(1620507400.280832) can0 082#37FCFF9CF1F00000
(1620507400.280833) can0 082#39FCFF9CF1F00000
(1620507400.301327) can0 200#0000000000008000
(1620507400.301327) can0 201#0000400000000000
(1620507400.301327) can0 160#07D0000000007700
(1620507400.321832) can0 201#0000400000000000
(1620507400.321832) can0 205#0000000000000000
(1620507400.321833) can0 201#0000400000000000
(1620507400.342326) can0 205#0000000000000000
(1620507400.342327) can0 219#0000009400000000
(1620507400.342327) can0 39E#000820200010017C
(1620507400.362839) can0 231#016AB90000000000
(1620507400.362840) can0 240#0080000000000000
(1620507400.362840) can0 37B#640055AA55AA55AA
(1620507400.383374) can0 436#4080005A00000000
(1620507400.383374) can0 461#0042000000000000
(1620507400.383375) can0 420#7F00000042400000
(1620507400.403391) can0 340#0000000000000000
(1620507400.403392) can0 400#0500000000000000
(1620507400.403392) can0 250#007F941F69140004
(1620507400.423888) can0 4EC#0000000000000000
(1620507400.423889) can0 240#0080000000000000
(1620507400.423889) can0 131#0000000000000000
(1620507400.444400) can0 165#26F52710C026F500
(1620507400.444401) can0 170#26F5278E27274612
(1620507400.444402) can0 240#0080000000000000
(1620507400.464873) can0 090#2FFF0FFF0FFF0FFF
(1620507400.464874) can0 20F#75332710001CAC00
(1620507400.464874) can0 240#0080000000000000
(1620507400.485409) can0 090#4FFF0FFF0FFF0FFF
(1620507400.485410) can0 20F#75332710003C8C00
(1620507400.485410) can0 240#0080000000000000
(1620507400.505537) can0 090#6FFF0FFF0FFF0FFF
(1620507400.505538) can0 20F#75332710005C6C00
(1620507400.505538) can0 090#8FFF0FFF0FFF0FFF
(1620507400.525940) can0 20F#75332710007C4C00
(1620507400.525941) can0 211#FFFE8000485900E8
(1620507400.525942) can0 090#AFFF0FFF0FFF0FFF
(1620507400.546447) can0 20F#75332710009C2C00
(1620507400.546447) can0 211#FFFE8000485900EA
(1620507400.546448) can0 20F#7533271000BC0C00
(1620507400.566923) can0 211#FFFE8000485900EC
(1620507400.566923) can0 4B0#2710271027102710
(1620507400.566924) can0 212#9800208005000000
(1620507400.587773) can0 4B0#2710271027102710
(1620507400.587775) can0 150#FEFE0000FFFE0000
(1620507400.587776) can0 150#FEFE0000FFFE0000
(1620507400.607992) can0 165#26F52710C026F500
(1620507400.607993) can0 160#07D0000000007700
(1620507400.607993) can0 150#FEFE0000FFFE0000
(1620507400.628432) can0 200#0000000000008000
(1620507400.628433) can0 160#07D0000000007700
(1620507400.628433) can0 150#FEFE0000FFFE0000
(1620507400.649029) can0 200#0000000000008000
(1620507400.649031) can0 160#07D0000000007700
(1620507400.649032) can0 131#0000000000000000
(1620507400.669440) can0 165#26F52710C026F500
(1620507400.669440) can0 150#FEFE0000FFFE0000
(1620507400.669440) can0 200#0000000000008000
(1620507400.689999) can0 160#07D0000000007700
(1620507400.690000) can0 190#0000000000000000
(1620507400.690000) can0 190#0000000000000000
(1620507400.710432) can0 201#0000400000000000
(1620507400.710433) can0 082#35FCFF9CF1F00000
(1620507400.710433) can0 170#26F5278E27274612
(1620507400.731136) can0 190#0000000000000000
(1620507400.731139) can0 200#0000000000008000
(1620507400.731140) can0 190#0000000000000000
(1620507400.751654) can0 201#0000400000000000
(1620507400.751656) can0 082#39FCFF9CF1F00000
(1620507400.751658) can0 190#0000000000000000
(1620507400.772057) can0 160#07D0000000007700
(1620507400.772058) can0 082#3BFCFF9CF1F00000
(1620507400.772109) can0 200#0000000000008000
(1620507400.792609) can0 201#0000400000000000
(1620507400.792610) can0 205#0000000000000000
(1620507400.792610) can0 219#0000009400000000
(1620507400.813007) can0 22E#000FAA8000016A00
(1620507400.813008) can0 231#016AB90000000000
(1620507400.813008) can0 231#016AB90000000000
(1620507400.833585) can0 165#26F52710C026F500
(1620507400.833586) can0 170#26F5278E27274612
(1620507400.833586) can0 231#016AB90000000000
(1620507400.854220) can0 4EC#0000000000000000
(1620507400.854222) can0 240#0080000000000000
(1620507400.854223) can0 250#007F941F69140004
(1620507400.875404) can0 4EC#0000000000000000
(1620507400.875405) can0 240#0080000000000000
(1620507400.875405) can0 131#0000000000000000
(1620507400.895019) can0 165#26F52710C026F500
(1620507400.895020) can0 170#26F5278E27274612
(1620507400.895020) can0 240#0080000000000000
(1620507400.915548) can0 090#FFFF0FFF0FFF0FFF
(1620507400.915549) can0 20F#7533271000ECDC00
(1620507400.915550) can0 240#0080000000000000
(1620507400.936075) can0 090#1FFF0FFF0FFF0FFF
(1620507400.936076) can0 20F#75332710000CBC00
(1620507400.936077) can0 170#26F5278E27274612
(1620507400.956540) can0 240#0080000000000000
(1620507400.956541) can0 090#3FFF0FFF0FFF0FFF
(1620507400.956541) can0 240#0080000000000000
(1620507400.977050) can0 090#5FFF0FFF0FFF0FFF
(1620507400.977051) can0 20F#75332710004C7C00
(1620507400.977051) can0 240#0080000000000000
(1620507400.997533) can0 090#7FFF0FFF0FFF0FFF
(1620507400.997534) can0 20F#75332710006C5C00
(1620507400.997534) can0 240#0080000000000000
(1620507401.018069) can0 090#9FFF0FFF0FFF0FFF
(1620507401.018070) can0 20F#75332710008C3C00
(1620507401.018071) can0 090#BFFF0FFF0FFF0FFF
(1620507401.038535) can0 20F#7533271000AC1C00
(1620507401.038536) can0 211#FFFE80004859001B
(1620507401.038536) can0 4B0#2710271027102710
(1620507401.059038) can0 150#FEFE0000FFFE0000
(1620507401.059039) can0 0FD#2200000028000000
(1620507401.059040) can0 150#FEFE0000FFFE0000
(1620507401.079596) can0 0FD#2200000028000000
(1620507401.079598) can0 160#07D0000000007700
(1620507401.079598) can0 150#FEFE0000FFFE0000
(1620507401.100035) can0 0FD#2200000028000000
(1620507401.100036) can0 160#07D0000000007700
(1620507401.100036) can0 131#0000000000000000
(1620507401.120554) can0 0FD#2200000028000000
(1620507401.120555) can0 150#FEFE0000FFFE0000
(1620507401.120555) can0 150#FEFE0000FFFE0000
(1620507401.141051) can0 0FD#2200000028000000
(1620507401.141058) can0 160#07D0000000007700
(1620507401.141058) can0 150#FEFE0000FFFE0000
(1620507401.161559) can0 0FD#2200000028000000
(1620507401.161560) can0 160#07D0000000007700
(1620507401.161561) can0 160#07D0000000007700
(1620507401.182070) can0 165#26F52710C026F500
(1620507401.182071) can0 170#26F5278E27274612
(1620507401.182071) can0 201#0000400000000000
(1620507401.202591) can0 205#0000000000000000
(1620507401.202592) can0 082#3BFCFF9CF1F00000
(1620507401.223057) can0 205#0000000000000000
(1620507401.223058) can0 219#0000009400000000
(1620507401.223059) can0 082#3DFCFF9CF1F00000
(1620507401.243535) can0 219#0000009400000000
(1620507401.243536) can0 22E#000FAA8000016A00
(1620507401.243536) can0 231#016AB90000000000
(1620507401.264106) can0 240#0080000000000000
(1620507401.264107) can0 090#2FFF0FFF0FFF0FFF
(1620507401.264107) can0 20F#75332710001CAC00
(1620507401.284555) can0 211#FFFE800048590032
(1620507401.284556) can0 4B0#2710271027102710
(1620507401.284556) can0 436#4080005B00000000
(1620507401.305075) can0 461#0042000000000000
(1620507401.305076) can0 165#26F52710C026F500
(1620507401.305077) can0 420#7F00000042400000
(1620507401.325628) can0 340#0000000000000000
(1620507401.325629) can0 400#0E00000000000001
(1620507401.325630) can0 250#007F941F69140004
(1620507401.346130) can0 4EC#0000000000000000
(1620507401.346131) can0 240#0080000000000000
(1620507401.346132) can0 131#0000000000000000
(1620507401.366573) can0 165#26F52710C026F500
(1620507401.366574) can0 170#26F5278E27274612
(1620507401.366578) can0 240#0080000000000000
(1620507401.387092) can0 090#CFFF0FFF0FFF0FFF
(1620507401.387093) can0 20F#754B271000BC0C00
(1620507401.387093) can0 240#0080000000000000
(1620507401.407628) can0 090#EFFF0FFF0FFF0FFF
(1620507401.407629) can0 20F#7533271000DCEC00
(1620507401.407629) can0 240#0080000000000000
(1620507401.428089) can0 090#0FFF0FFF0FFF0FFF
(1620507401.428091) can0 20F#7533271000FCCC00
(1620507401.428091) can0 090#2FFF0FFF0FFF0FFF
(1620507401.449259) can0 20F#75332710001CAC00
(1620507401.449260) can0 211#FFFE800048590042
(1620507401.449261) can0 20F#75332710003C8C00
(1620507401.469087) can0 211#FFFE800048590044
(1620507401.469088) can0 240#0080000000000000
(1620507401.469088) can0 240#0080000000000000
(1620507401.489607) can0 4B0#2710271027102710
(1620507401.489608) can0 131#0000000000000000
(1620507401.489608) can0 4B0#2710271027102710
(1620507401.510143) can0 150#FEFE0000FFFE0000
(1620507401.510147) can0 190#0000000000000000
(1620507401.510147) can0 150#FEFE0000FFFE0000
(1620507401.530602) can0 165#26F52710C026F500
(1620507401.530603) can0 160#07D0000000007700
(1620507401.530603) can0 190#0000000000000000
(1620507401.551096) can0 150#FEFE0000FFFE0000
(1620507401.551097) can0 200#0000000000008000
(1620507401.551097) can0 190#0000000000000000
(1620507401.571660) can0 150#FEFE0000FFFE0000
(1620507401.571661) can0 200#0000000000008000
(1620507401.571661) can0 190#0000000000000000
(1620507401.592158) can0 131#0000000000000000
(1620507401.592158) can0 165#26F52710C026F500
(1620507401.592159) can0 190#0000000000000000
(1620507401.612651) can0 160#07D0000000007700
(1620507401.612652) can0 200#0000000000008000
(1620507401.612652) can0 200#0000000000008000
(1620507401.633100) can0 201#0000400000000000
(1620507401.633101) can0 205#0000000000000000
(1620507401.633101) can0 200#0000000000008000
(1620507401.653633) can0 201#0000400000000000
(1620507401.653634) can0 205#0000000000000000
(1620507401.653635) can0 082#39FCFF9CF1F00000
(1620507401.674132) can0 22E#000FAA8000016A00
(1620507401.674133) can0 250#007F941F69140004
(1620507401.674134) can0 228#0100000000000000
(1620507401.694624) can0 22E#000FAA8000016A00
(1620507401.694625) can0 231#016AB90000000000
(1620507401.694625) can0 430#3FA5000000000000
(1620507401.715364) can0 231#016AB90000000000
(1620507401.715366) can0 433#00017C0100002000
(1620507401.715367) can0 090#FFFF0FFF0FFF0FFF
(1620507401.735906) can0 20F#7533271000ECDC00
(1620507401.735909) can0 211#FFFE80004859005F
(1620507401.735910) can0 165#26F52710C026F500
(1620507401.756251) can0 170#26F5278E27274612
(1620507401.756253) can0 090#1FFF0FFF0FFF0FFF
(1620507401.756254) can0 090#3FFF0FFF0FFF0FFF
(1620507401.776684) can0 20F#75332710002C9C00
(1620507401.776685) can0 211#FFFE800048590063
(1620507401.776686) can0 250#007F941F69140004
(1620507401.797156) can0 4EC#0000000000000000
(1620507401.797158) can0 090#5FFF0FFF0FFF0FFF
(1620507401.797158) can0 131#0000000000000000
(1620507401.817749) can0 165#26F52710C026F500
(1620507401.817749) can0 170#26F5278E27274612
(1620507401.817750) can0 090#9FFF0FFF0FFF0FFF
(1620507401.838272) can0 20F#75332710008C3C00
(1620507401.838273) can0 211#FFFE800048590069
(1620507401.838273) can0 090#BFFF0FFF0FFF0FFF
(1620507401.858864) can0 20F#7533271000AC1C00
(1620507401.858865) can0 211#FFFE80004859006B
(1620507401.858865) can0 090#DFFF0FFF0FFF0FFF
(1620507401.879311) can0 20F#7533271000CCFC00
(1620507401.879312) can0 211#FFFE80004859006D
(1620507401.879312) can0 090#FFFF0FFF0FFF0FFF
(1620507401.899861) can0 20F#7533271000ECDC00
(1620507401.899862) can0 211#FFFE80004859006F
(1620507401.899866) can0 090#1FFF0FFF0FFF0FFF
(1620507401.920334) can0 20F#75332710000CBC00
(1620507401.920335) can0 211#FFFE800048590071
(1620507401.920335) can0 211#FFFE800048590073
(1620507401.940813) can0 240#0080000000000000
(1620507401.940814) can0 4B0#2710271027102710
(1620507401.940814) can0 240#0080000000000000
(1620507401.961358) can0 4B0#2710271027102710
(1620507401.961360) can0 150#FEFE0000FFFE0000
(1620507401.961360) can0 150#FEFE0000FFFE0000
(1620507401.981821) can0 0FD#2200000028000000
(1620507401.981822) can0 160#07D0000000007700
(1620507401.981823) can0 350#0000000000000000
(1620507402.002306) can0 150#FEFE0000FFFE0000
(1620507402.002307) can0 0FD#2200000028000000
(1620507402.002308) can0 275#0000FF
(1620507402.022881) can0 150#FEFE0000FFFE0000
(1620507402.022882) can0 0FD#2200000028000000
(1620507402.022883) can0 131#0000000000000000
(1620507402.043444) can0 0FD#2200000028000000
(1620507402.043445) can0 150#FEFE0000FFFE0000
(1620507402.043445) can0 0FD#2200000028000000
(1620507402.063835) can0 160#07D0000000007700
(1620507402.063835) can0 200#0000000000008000
(1620507402.063836) can0 200#0000000000008000
(1620507402.084479) can0 201#0000400000000000
(1620507402.084481) can0 205#0000000000000000
(1620507402.084483) can0 200#0000000000008000
(1620507402.104913) can0 201#0000400000000000
(1620507402.104914) can0 205#0000000000000000
(1620507402.104915) can0 219#0000009400000000
(1620507402.125555) can0 22E#000FAA8000016A00
