(1620506638.261127) can0 219#0000009400000000
(1620506638.261127) can0 240#0080000000000000
(1620506638.261128) can0 205#0000000000000000
(1620506638.281666) can0 219#0000009400000000
(1620506638.281667) can0 250#0084941F6E140004
(1620506638.281668) can0 228#0100000000000000
(1620506638.302187) can0 240#0080000000000000
(1620506638.302188) can0 090#3FFF0FFF0FFF0FFF
(1620506638.302189) can0 240#0080000000000000
(1620506638.322679) can0 090#5FFF0FFF0FFF0FFF
(1620506638.322680) can0 165#26F52710C026F500
(1620506638.322681) can0 240#0080000000000000
(1620506638.343145) can0 090#7FFF0FFF0FFF0FFF
(1620506638.343146) can0 20F#75342710006C5C00
(1620506638.343146) can0 240#0080000000000000
(1620506638.363829) can0 090#9FFF0FFF0FFF0FFF
(1620506638.363830) can0 20F#75342710008C3C00
(1620506638.363831) can0 240#0080000000000000
(1620506638.384173) can0 090#BFFF0FFF0FFF0FFF
(1620506638.384174) can0 20F#7534271000AC1C00
(1620506638.384175) can0 240#0080000000000000
(1620506638.404698) can0 090#DFFF0FFF0FFF0FFF
(1620506638.404699) can0 20F#7534271000CCFC00
(1620506638.404700) can0 090#FFFF0FFF0FFF0FFF
(1620506638.425158) can0 20F#7534271000ECDC00
(1620506638.425159) can0 211#FFFE80004859002F
(1620506638.425160) can0 090#1FFF0FFF0FFF0FFF
(1620506638.448068) can0 20F#75342710000CBC00
(1620506638.448069) can0 165#26F52710C026F500
(1620506638.448070) can0 211#FFFE800048590033
(1620506638.466191) can0 4B0#2710271027102710
(1620506638.466192) can0 150#FEFE0000FFFE0000
(1620506638.466193) can0 150#FEFE0000FFFE0000
(1620506638.486708) can0 082#FEFCFF7EF1D20000
(1620506638.486709) can0 160#07D0000000007700
(1620506638.486710) can0 250#0084941F6E140004
(1620506638.507176) can0 082#F1FCFF7EF1D20000
(1620506638.507177) can0 150#FEFE0000FFFE0000
(1620506638.507178) can0 150#FEFE0000FFFE0000
(1620506638.527679) can0 160#07D0000000007700
(1620506638.527680) can0 228#0100000000000000
(1620506638.527688) can0 231#016AB90000000000
(1620506638.548186) can0 165#26F52710C026F500
(1620506638.548187) can0 170#26F5278C27274612
(1620506638.548188) can0 200#0000000000008000
(1620506638.568727) can0 201#0000400000000000
(1620506638.568728) can0 205#0000000000000000
(1620506638.568729) can0 200#0000000000008000
(1620506638.589170) can0 201#0000400000000000
(1620506638.589171) can0 205#0000000000000000
(1620506638.589172) can0 350#0000000000000000
(1620506638.609679) can0 37B#640055AA55AA55AA
(1620506638.609680) can0 436#4080012C00000000
(1620506638.609681) can0 405#0166FFFFFFFF0010
(1620506638.630228) can0 200#0000000000008000
(1620506638.630229) can0 201#0000400000000000
(1620506638.630230) can0 340#0000000000000000
(1620506638.650730) can0 200#0000000000008000
(1620506638.650731) can0 201#0000400000000000
(1620506638.650731) can0 170#26F5278C27274612
(1620506638.671189) can0 200#0000000000008000
(1620506638.671190) can0 201#0000400000000000
(1620506638.671191) can0 219#0000009400000000
(1620506638.691691) can0 240#0080000000000000
(1620506638.691692) can0 090#AFFF0FFF0FFF0FFF
(1620506638.691692) can0 240#0080000000000000
(1620506638.712215) can0 090#CFFF0FFF0FFF0FFF
(1620506638.712216) can0 20F#7534271000BC0C00
(1620506638.712216) can0 4EC#0000000000000000
(1620506638.732712) can0 240#0080000000000000
(1620506638.732713) can0 090#EFFF0FFF0FFF0FFF
(1620506638.732713) can0 240#0080000000000000
(1620506638.753223) can0 090#0FFF0FFF0FFF0FFF
(1620506638.753224) can0 20F#7534271000FCCC00
(1620506638.753225) can0 240#0080000000000000
(1620506638.773711) can0 090#2FFF0FFF0FFF0FFF
(1620506638.773712) can0 20F#75342710001CAC00
(1620506638.773713) can0 240#0080000000000000
(1620506638.794218) can0 090#4FFF0FFF0FFF0FFF
(1620506638.794219) can0 20F#75342710003C8C00
(1620506638.794220) can0 240#0080000000000000
(1620506638.814721) can0 090#6FFF0FFF0FFF0FFF
(1620506638.814722) can0 20F#751C2710005C6C00
(1620506638.814723) can0 090#8FFF0FFF0FFF0FFF
(1620506638.835214) can0 20F#75342710007C4C00
(1620506638.835215) can0 165#26F52710C026F500
(1620506638.835216) can0 090#AFFF0FFF0FFF0FFF
(1620506638.855715) can0 20F#75342710009C2C00
(1620506638.855716) can0 211#FFFE80004859005A
(1620506638.855716) can0 4B0#2710271027102710
(1620506638.876230) can0 131#0000000000000000
(1620506638.876230) can0 082#F8FCFF7EF1D20000
(1620506638.876231) can0 170#26F5278C27274612
(1620506638.896732) can0 211#FFFE80004859005E
(1620506638.896733) can0 4B0#2710271027102710
(1620506638.896734) can0 150#FEFE0000FFFE0000
(1620506638.917231) can0 160#07D0000000007700
(1620506638.917232) can0 082#FCFCFF7EF1D20000
(1620506638.917232) can0 150#FEFE0000FFFE0000
(1620506638.937918) can0 082#FEFCFF7EF1D20000
(1620506638.937919) can0 160#07D0000000007700
(1620506638.937920) can0 082#F1FCFF7EF1D20000
(1620506638.958268) can0 160#07D0000000007700
(1620506638.958272) can0 4EC#0000000000000000
(1620506638.958273) can0 228#0100000000000000
(1620506638.978770) can0 22E#000FAA8000016A00
(1620506638.978771) can0 231#016AB90000000000
(1620506638.978771) can0 190#0000000000000000
(1620506638.999212) can0 0FD#2200000028000000
(1620506638.999212) can0 165#26F52710C026F500
(1620506638.999213) can0 430#41A2000000000000
(1620506639.019781) can0 433#00019B0100002A00
(1620506639.019781) can0 0FD#2200000028000000
(1620506639.019782) can0 0FD#2200000028000000
(1620506639.040285) can0 200#0000000000008000
(1620506639.040286) can0 201#0000400000000000
(1620506639.040287) can0 0FD#2200000028000000
(1620506639.060770) can0 165#26F52710C026F500
(1620506639.060771) can0 170#26F5278C27274612
(1620506639.060771) can0 200#0000000000008000
(1620506639.081278) can0 201#0000400000000000
(1620506639.081279) can0 205#0000000000000000
(1620506639.081279) can0 200#0000000000008000
(1620506639.101758) can0 201#0000400000000000
(1620506639.101759) can0 205#0000000000000000
(1620506639.101759) can0 201#0000400000000000
(1620506639.122241) can0 205#0000000000000000
(1620506639.122242) can0 240#0080000000000000
(1620506639.142787) can0 090#7FFF0FFF0FFF0FFF
(1620506639.142788) can0 20F#75342710006C5C00
(1620506639.142789) can0 240#0080000000000000
(1620506639.163277) can0 090#9FFF0FFF0FFF0FFF
(1620506639.163278) can0 165#26F52710C026F500
(1620506639.163279) can0 4EC#0000000000000000
(1620506639.183946) can0 240#0080000000000000
(1620506639.183947) can0 090#BFFF0FFF0FFF0FFF
(1620506639.183948) can0 240#0080000000000000
(1620506639.204336) can0 090#DFFF0FFF0FFF0FFF
(1620506639.204337) can0 20F#7534271000CCFC00
(1620506639.204338) can0 240#0080000000000000
(1620506639.224798) can0 090#FFFF0FFF0FFF0FFF
(1620506639.224799) can0 165#26F52710C026F500
(1620506639.224799) can0 090#1FFF0FFF0FFF0FFF
(1620506639.245268) can0 20F#75342710000CBC00
(1620506639.245269) can0 211#FFFE800048590081
(1620506639.245269) can0 090#3FFF0FFF0FFF0FFF
(1620506639.265789) can0 20F#75342710002C9C00
(1620506639.265790) can0 211#FFFE800048590083
(1620506639.265791) can0 090#5FFF0FFF0FFF0FFF
(1620506639.286333) can0 20F#75342710004C7C00
(1620506639.286333) can0 165#26F52710C026F500
(1620506639.286334) can0 20F#75342710006C5C00
(1620506639.306850) can0 211#FFFE800048590087
(1620506639.306851) can0 212#9800208005000000
(1620506639.306852) can0 4B0#2710271027102710
(1620506639.327294) can0 131#0000000000000000
(1620506639.327294) can0 150#FEFE0000FFFE0000
(1620506639.327295) can0 4B0#2710271027102710
(1620506639.347799) can0 150#FEFE0000FFFE0000
(1620506639.347800) can0 160#07D0000000007700
(1620506639.347801) can0 160#07D0000000007700
(1620506639.368347) can0 22E#000FAA8000016A00
(1620506639.368348) can0 231#016AB90000000000
(1620506639.368349) can0 22E#000FAA8000016A00
(1620506639.388812) can0 082#FEFCFF7EF1D20000
(1620506639.388813) can0 231#016AB90000000000
(1620506639.388813) can0 22E#000FAA8000016A00
(1620506639.409305) can0 4EC#0000000000000000
(1620506639.409306) can0 231#016AB90000000000
(1620506639.409306) can0 231#016AB90000000000
(1620506639.429805) can0 275#0000FF
(1620506639.429806) can0 400#2100000000000000
(1620506639.429806) can0 340#0000000000000000
(1620506639.450351) can0 165#26F52710C026F500
(1620506639.450352) can0 170#26F5278C27274612
(1620506639.450352) can0 200#0000000000008000
(1620506639.470876) can0 201#0000400000000000
(1620506639.470877) can0 205#0000000000000000
(1620506639.470878) can0 200#0000000000008000
(1620506639.491318) can0 201#0000400000000000
(1620506639.491318) can0 205#0000000000000000
(1620506639.491319) can0 165#26F52710C026F500
(1620506639.511878) can0 170#26F5278C27274612
(1620506639.511879) can0 200#0000000000008000
(1620506639.511880) can0 205#0000000000000000
(1620506639.532353) can0 219#0000009400000000
(1620506639.532354) can0 250#0084941F6E140004
(1620506639.532361) can0 131#0000000000000000
(1620506639.552885) can0 228#0100000000000000
(1620506639.552886) can0 090#0FFF0FFF0FFF0FFF
(1620506639.552886) can0 090#2FFF0FFF0FFF0FFF
(1620506639.573337) can0 20F#75342710001CAC00
(1620506639.573338) can0 211#FFFE8000485900A2
(1620506639.573338) can0 090#4FFF0FFF0FFF0FFF
(1620506639.593897) can0 20F#75342710003C8C00
(1620506639.593898) can0 211#FFFE8000485900A4
(1620506639.593898) can0 090#6FFF0FFF0FFF0FFF
(1620506639.614330) can0 20F#75342710005C6C00
(1620506639.614331) can0 165#26F52710C026F500
(1620506639.614332) can0 090#8FFF0FFF0FFF0FFF
(1620506639.634863) can0 20F#75342710007C4C00
(1620506639.634864) can0 211#FFFE8000485900A8
(1620506639.634865) can0 090#AFFF0FFF0FFF0FFF
(1620506639.655374) can0 20F#75342710009C2C00
(1620506639.655374) can0 211#FFFE8000485900AA
(1620506639.655375) can0 090#CFFF0FFF0FFF0FFF
(1620506639.675892) can0 20F#7534271000BC0C00
(1620506639.675893) can0 165#26F52710C026F500
(1620506639.675894) can0 090#EFFF0FFF0FFF0FFF
(1620506639.696490) can0 20F#7534271000DCEC00
(1620506639.696491) can0 211#FFFE8000485900AE
(1620506639.696492) can0 211#FFFE8000485900B0
(1620506639.716896) can0 4B0#2710271027102710
(1620506639.716897) can0 240#0080000000000000
(1620506639.716898) can0 211#FFFE8000485900B2
(1620506639.736924) can0 240#0080000000000000
(1620506639.736925) can0 4B0#2710271027102710
(1620506639.736925) can0 4B0#2710271027102710
(1620506639.757426) can0 4EC#0000000000000000
(1620506639.757427) can0 150#FEFE0000FFFE0000
(1620506639.757427) can0 150#FEFE0000FFFE0000
(1620506639.778009) can0 160#07D0000000007700
(1620506639.778010) can0 228#0100000000000000
(1620506639.778010) can0 22E#000FAA8000016A00
(1620506639.798512) can0 231#016AB90000000000
(1620506639.798513) can0 082#FAFCFF7EF1D20000
(1620506639.798513) can0 082#FCFCFF7EF1D20000
(1620506639.818946) can0 190#0000000000000000
(1620506639.818947) can0 430#40A2000000000000
(1620506639.818947) can0 501#00AA55AA55AA55AA
(1620506639.839451) can0 190#0000000000000000
(1620506639.839452) can0 0FD#2200000028000000
(1620506639.839452) can0 0FD#2200000028000000
(1620506639.860021) can0 200#0000000000008000
(1620506639.860022) can0 201#0000400000000000
(1620506639.860022) can0 0FD#2200000028000000
(1620506639.880472) can0 200#0000000000008000
(1620506639.880473) can0 201#0000400000000000
(1620506639.880473) can0 0FD#2200000028000000
(1620506639.900965) can0 165#26F52710C026F500
(1620506639.900966) can0 170#26F5278C27274612
(1620506639.900967) can0 0FD#2200000028000000
(1620506639.921471) can0 200#0000000000008000
(1620506639.921472) can0 201#0000400000000000
(1620506639.921473) can0 201#0000400000000000
(1620506639.942048) can0 205#0000000000000000
(1620506639.942049) can0 219#0000009400000000
(1620506639.942049) can0 201#0000400000000000
(1620506639.962515) can0 205#0000000000000000
(1620506639.962517) can0 219#0000009400000000
(1620506639.962517) can0 420#8400000042400000
(1620506639.982997) can0 428#46000000
(1620506639.982997) can0 4EC#0000000000000000
(1620506639.982998) can0 090#DFFF0FFF0FFF0FFF
(1620506640.003578) can0 20F#7534271000CCFC00
(1620506640.003579) can0 211#FFFE8000485900CD
(1620506640.003579) can0 090#FFFF0FFF0FFF0FFF
(1620506640.023981) can0 20F#7534271000ECDC00
(1620506640.023983) can0 211#FFFE8000485900CF
(1620506640.023983) can0 090#1FFF0FFF0FFF0FFF
(1620506640.044981) can0 20F#75342710000CBC00
(1620506640.044982) can0 211#FFFE8000485900D1
(1620506640.044982) can0 090#3FFF0FFF0FFF0FFF
(1620506640.065024) can0 20F#75342710002C9C00
(1620506640.065025) can0 165#26F527100026F500
(1620506640.065026) can0 090#5FFF0FFF0FFF0FFF
(1620506640.085537) can0 20F#75342710004C7C00
(1620506640.085538) can0 211#FFFE8000485900D5
(1620506640.085539) can0 090#7FFF0FFF0FFF0FFF
(1620506640.105986) can0 20F#75342710006C5C00
(1620506640.105987) can0 211#FFFE8000485900D7
(1620506640.105991) can0 211#FFFE8000485900D9
(1620506640.126545) can0 165#26F527100026F500
(1620506640.126546) can0 170#26F5278C2A814612
(1620506640.126546) can0 240#0080000000000000
(1620506640.146998) can0 150#FEFE0000FFFE0000
(1620506640.146999) can0 160#07D0000000007700
(1620506640.146999) can0 240#0080000000000000
(1620506640.167503) can0 150#FEFE0000FFFE0000
(1620506640.167504) can0 160#07D0000000007700
(1620506640.167505) can0 160#07D0000000007700
(1620506640.188070) can0 22E#000FAA8000016A00
(1620506640.188071) can0 231#016AB90000000000
(1620506640.188072) can0 22E#000FAA8000016A00
(1620506640.208505) can0 231#016AB90000000000
(1620506640.208506) can0 082#F6FCFF7EF1D20000
(1620506640.208507) can0 22E#000FAA8000016A00
(1620506640.229059) can0 082#F8FCFF7EF1D20000
(1620506640.229061) can0 231#016AB90000000000
(1620506640.229062) can0 340#0000000000000000
(1620506640.249499) can0 200#0000000000008000
(1620506640.249500) can0 201#0000400000005B00
(1620506640.249500) can0 200#0000000000008000
(1620506640.270078) can0 201#0000400000005B00
(1620506640.270080) can0 205#0000000000000000
(1620506640.270080) can0 165#26F527100026F500
(1620506640.290505) can0 170#26F5278C2A524612
(1620506640.290506) can0 200#0000000000008000
(1620506640.290506) can0 200#0000000000008000
(1620506640.311084) can0 201#0000400000007100
(1620506640.311085) can0 205#0000000000000000
(1620506640.311089) can0 200#0000000000008000
(1620506640.331522) can0 201#0000400000008900
(1620506640.331523) can0 205#0000000000000000
(1620506640.331524) can0 200#0000000000008000
(1620506640.352066) can0 201#000040000000A500
(1620506640.352067) can0 205#0000000000000000
(1620506640.352067) can0 090#2FFF0FFF0FFF0FFF
(1620506640.372584) can0 20F#751C2710001CAC00
(1620506640.372585) can0 211#FFFE8000485900F2
(1620506640.372586) can0 090#4FFF0FFF0FFF0FFF
(1620506640.393033) can0 20F#75342710003C8C00
(1620506640.393034) can0 211#FFFE8000485900F4
(1620506640.393035) can0 090#6FFF0FFF0FFF0FFF
(1620506640.413558) can0 20F#751C2710005C6C00
(1620506640.413559) can0 211#FFFE8000485900F6
(1620506640.413560) can0 090#8FFF0FFF0FFF0FFF
(1620506640.434123) can0 20F#75342710007C4C00
(1620506640.434124) can0 211#FFFE8000485900F8
(1620506640.434125) can0 090#AFFF0FFF0FFF0FFF
(1620506640.454610) can0 20F#75342710009C2C00
(1620506640.454611) can0 211#FFFE8000485900FA
(1620506640.454612) can0 090#CFFF0FFF0FFF0FFF
(1620506640.475063) can0 20F#7534271000BC0C00
(1620506640.475064) can0 211#FFFE8000485900FC
(1620506640.475064) can0 090#EFFF0FFF0FFF0FFF
(1620506640.495103) can0 20F#7534271000DCEC00
(1620506640.495104) can0 090#0FFF0FFF0FFF0FFF
(1620506640.515603) can0 20F#7534271000FCCC00
(1620506640.515604) can0 211#FFFE800048590000
(1620506640.515604) can0 211#FFFE800048590002
(1620506640.536170) can0 4B0#2710271027102710
(1620506640.536170) can0 150#FEFE0000FFFE0000
(1620506640.536177) can0 250#008494D76EA60004
(1620506640.556701) can0 4B0#2710271027102710
(1620506640.556702) can0 4EC#0000000000000000
(1620506640.556702) can0 131#0000000000000000
(1620506640.577097) can0 240#0080000000000000
(1620506640.577098) can0 150#FEFE0000FFFE0000
(1620506640.577098) can0 240#0080000000000000
(1620506640.597670) can0 160#07D0000000007700
(1620506640.597671) can0 22E#000FAA8000016A00
(1620506640.597671) can0 22E#000FAA8000016A00
(1620506640.618612) can0 231#016AB90000000000
(1620506640.618614) can0 190#0000000000000000
(1620506640.618616) can0 190#0000000000000000
(1620506640.638759) can0 082#F4FCFF7EF1D20000
(1620506640.638761) can0 501#00AA55AA55AA55AA
(1620506640.638762) can0 0FD#2200000028000000
(1620506640.659209) can0 200#0000000000008000
(1620506640.659210) can0 201#000040000000C800
(1620506640.659211) can0 0FD#2200000028000000
(1620506640.679831) can0 165#26F527100026F500
(1620506640.679832) can0 170#26F5278C2A4B4612
(1620506640.679834) can0 0FD#2200000028000000
(1620506640.699969) can0 200#0000000000008000
(1620506640.699970) can0 201#000040000000C800
(1620506640.699972) can0 0FD#2200000028000000
(1620506640.720513) can0 200#0000000000008000
(1620506640.720515) can0 201#000040000000C800
(1620506640.720516) can0 0FD#2200000028000000
(1620506640.741074) can0 165#26F527100026F500
(1620506640.741076) can0 170#26F5278C2A4B4612
(1620506640.741077) can0 201#000040000000C800
(1620506640.762916) can0 205#0000000000000000
(1620506640.762918) can0 219#0000009400000000
(1620506640.762919) can0 219#0000009400000000
(1620506640.781865) can0 250#008494D76EA60004
(1620506640.781866) can0 420#8400000042200000
(1620506640.781867) can0 131#0000000000000000
(1620506640.802287) can0 219#0000009400000000
(1620506640.802288) can0 228#0100000000000000
(1620506640.802288) can0 090#FFFF0FFF0FFF0FFF
(1620506640.823166) can0 20F#7534271000ECDC00
(1620506640.823168) can0 211#FFFE80004859001F
(1620506640.823169) can0 090#1FFF0FFF0FFF0FFF
(1620506640.843341) can0 20F#75342710000CBC00
(1620506640.843342) can0 211#FFFE800048590021
(1620506640.843343) can0 090#3FFF0FFF0FFF0FFF
(1620506640.863837) can0 20F#75342710002C9C00
(1620506640.863839) can0 211#FFFE800048590023
(1620506640.863839) can0 090#5FFF0FFF0FFF0FFF
(1620506640.884416) can0 20F#75342710004C7C00
(1620506640.884417) can0 211#FFFE800048590025
(1620506640.884418) can0 090#7FFF0FFF0FFF0FFF
(1620506640.904857) can0 20F#75342710006C5C00
(1620506640.904857) can0 211#FFFE800048590027
(1620506640.904858) can0 20F#75342710008C3C00
(1620506640.925361) can0 211#FFFE800048590029
(1620506640.925362) can0 4B0#2710271027102710
(1620506640.925363) can0 4B0#2710271027102710
(1620506640.945853) can0 150#FEFE0000FFFE0000
(1620506640.945854) can0 160#07D0000000007700
(1620506640.945854) can0 4B0#2710271027102710
(1620506640.966424) can0 150#FEFE0000FFFE0000
(1620506640.966425) can0 160#07D0000000007700
(1620506640.966425) can0 150#FEFE0000FFFE0000
(1620506640.986863) can0 160#07D0000000007700
(1620506640.986864) can0 22E#000FAA8000016A00
(1620506640.986865) can0 160#07D0000000007700
(1620506641.007358) can0 22E#000FAA8000016A00
(1620506641.007359) can0 240#0080000000000000
(1620506641.007359) can0 240#0080000000000000
(1620506641.027852) can0 228#0100000000000000
(1620506641.027853) can0 275#0000FF
(1620506641.027853) can0 082#FFFCFF7EF1D20000
(1620506641.048406) can0 340#0000000000000000
(1620506641.048407) can0 200#0000000000008000
(1620506641.048408) can0 082#F2FCFF7EF1D20000
(1620506641.068937) can0 39E#4008202A0010219C
(1620506641.068938) can0 165#26F527100026F500
(1620506641.068939) can0 200#0000000000008000
(1620506641.089388) can0 201#0000400000007700
(1620506641.089389) can0 205#0000000000000000
(1620506641.089389) can0 200#0000000000008000
(1620506641.109878) can0 201#0000400000005C00
(1620506641.109879) can0 205#0000000000000000
(1620506641.109879) can0 165#26F527100026F500
(1620506641.130459) can0 170#26F5278C2A764612
(1620506641.130460) can0 200#0000000000008000
(1620506641.130461) can0 200#0000000000008000
(1620506641.151261) can0 201#0000400000002B00
(1620506641.151264) can0 205#0000000000000000
(1620506641.151266) can0 201#0000400000002B00
(1620506641.171551) can0 205#0000000000000000
(1620506641.171553) can0 219#0000009400000000
(1620506641.171554) can0 201#0000400000000F00
(1620506641.192244) can0 205#0000000000000000
(1620506641.192246) can0 219#0000009400000000
(1620506641.192247) can0 090#6FFF0FFF0FFF0FFF
(1620506641.212597) can0 20F#75342710005C6C00
(1620506641.212599) can0 211#FFFE800048590046
(1620506641.212600) can0 090#8FFF0FFF0FFF0FFF
(1620506641.233116) can0 20F#75342710007C4C00
(1620506641.233118) can0 211#FFFE800048590048
(1620506641.233119) can0 090#AFFF0FFF0FFF0FFF
(1620506641.253617) can0 20F#75342710009C2C00
(1620506641.253618) can0 211#FFFE80004859004A
(1620506641.253619) can0 090#CFFF0FFF0FFF0FFF
(1620506641.274093) can0 20F#7534271000BC0C00
(1620506641.274094) can0 211#FFFE80004859004C
(1620506641.274094) can0 090#EFFF0FFF0FFF0FFF
(1620506641.294601) can0 20F#7534271000DCEC00
(1620506641.294602) can0 211#FFFE80004859004E
(1620506641.294602) can0 090#0FFF0FFF0FFF0FFF
(1620506641.315071) can0 20F#7534271000FCCC00
(1620506641.315072) can0 211#FFFE800048590050
(1620506641.315073) can0 090#2FFF0FFF0FFF0FFF
(1620506641.335739) can0 20F#75342710001CAC00
(1620506641.335740) can0 211#FFFE800048590052
(1620506641.335741) can0 20F#75342710003C8C00
(1620506641.356062) can0 211#FFFE800048590054
(1620506641.356063) can0 165#26F52710C026F500
(1620506641.356064) can0 4B0#2710271027102710
(1620506641.376630) can0 131#0000000000000000
(1620506641.376631) can0 150#FEFE0000FFFE0000
(1620506641.376632) can0 150#FEFE0000FFFE0000
(1620506641.397014) can0 160#07D0000000007700
(1620506641.397014) can0 22E#000FAA8000016A00
(1620506641.397015) can0 150#FEFE0000FFFE0000
(1620506641.417528) can0 160#07D0000000007700
(1620506641.417529) can0 22E#000FAA8000016A00
(1620506641.417529) can0 160#07D0000000007700
(1620506641.438085) can0 22E#000FAA8000016A00
(1620506641.438086) can0 190#0000000000000000
(1620506641.438086) can0 190#0000000000000000
(1620506641.458907) can0 231#016AB90000000000
(1620506641.458908) can0 240#0080000000000000
(1620506641.458909) can0 240#0080000000000000
(1620506641.479136) can0 22E#000FAA8000016A00
(1620506641.479137) can0 231#016AB90000000000
(1620506641.479137) can0 082#FFFCFF7EF1D20000
(1620506641.499545) can0 0FD#2200000028000000
(1620506641.499546) can0 200#0000000000008000
(1620506641.499546) can0 0FD#2200000028000000
(1620506641.520066) can0 165#26F52710C026F500
(1620506641.520066) can0 170#26F5278C27274612
(1620506641.520067) can0 0FD#2200000028000000
(1620506641.540708) can0 200#0000000000008000
(1620506641.540722) can0 201#0000400000000000
(1620506641.540723) can0 0FD#2200000028000000
(1620506641.561080) can0 200#0000000000008000
(1620506641.561080) can0 201#0000400000000000
(1620506641.561081) can0 165#26F52710C026F500
(1620506641.581559) can0 170#26F5278C27274612
(1620506641.581560) can0 200#0000000000008000
(1620506641.581560) can0 205#0000000000000000
(1620506641.602047) can0 219#0000009400000000
(1620506641.602048) can0 131#0000000000000000
(1620506641.602048) can0 090#FFFF0FFF0FFF0FFF
(1620506641.622612) can0 20F#7534271000ECDC00
(1620506641.622612) can0 211#FFFE80004859006F
(1620506641.622613) can0 090#1FFF0FFF0FFF0FFF
(1620506641.643113) can0 20F#75342710000CBC00
(1620506641.643114) can0 211#FFFE800048590071
(1620506641.643114) can0 090#3FFF0FFF0FFF0FFF
(1620506641.663621) can0 20F#75342710002C9C00
(1620506641.663622) can0 211#FFFE800048590073
(1620506641.663622) can0 090#5FFF0FFF0FFF0FFF
(1620506641.684179) can0 20F#75342710004C7C00
(1620506641.684180) can0 211#FFFE800048590075
(1620506641.684180) can0 090#7FFF0FFF0FFF0FFF
(1620506641.704587) can0 20F#75342710006C5C00
(1620506641.704588) can0 211#FFFE800048590077
(1620506641.704588) can0 090#9FFF0FFF0FFF0FFF
(1620506641.725101) can0 20F#75342710008C3C00
(1620506641.725101) can0 211#FFFE800048590079
(1620506641.725102) can0 090#BFFF0FFF0FFF0FFF
(1620506641.745610) can0 20F#7534271000AC1C00
(1620506641.745611) can0 211#FFFE80004859007B
(1620506641.745611) can0 211#FFFE80004859007D
(1620506641.766106) can0 4B0#2710271027102710
(1620506641.766109) can0 150#FEFE0000FFFE0000
(1620506641.766110) can0 150#FEFE0000FFFE0000
(1620506641.786628) can0 160#07D0000000007700
(1620506641.786629) can0 22E#000FAA8000016A00
(1620506641.786629) can0 250#008494386E2B0004
(1620506641.807100) can0 4B0#2710271027102710
(1620506641.807101) can0 4EC#0000000000000000
(1620506641.807101) can0 131#0000000000000000
(1620506641.827609) can0 150#FEFE0000FFFE0000
(1620506641.827610) can0 275#0000FF
(1620506641.827610) can0 22E#000FAA8000016A00
(1620506641.848155) can0 231#016AB90000000000
(1620506641.848166) can0 240#0080000000000000
(1620506641.848166) can0 240#0080000000000000
(1620506641.868596) can0 082#F7FCFF7EF1D20000
(1620506641.868597) can0 240#0080000000000000
(1620506641.889106) can0 082#F9FCFF7EF1D20000
(1620506641.889107) can0 200#0000000000008000
(1620506641.889107) can0 436#4080012D00000000
(1620506641.909619) can0 240#0080000000000000
(1620506641.909619) can0 082#FBFCFF7EF1D20000
(1620506641.909620) can0 240#0080000000000000
(1620506641.930127) can0 231#016AB90000000000
(1620506641.930128) can0 082#FDFCFF7EF1D20000
(1620506641.930130) can0 082#FFFCFF7EF1D20000
(1620506641.950617) can0 340#0000000000000000
(1620506641.950617) can0 200#0000000000008000
(1620506641.950618) can0 165#26F527100026F500
(1620506641.971224) can0 170#26F5278C2A574612
(1620506641.971225) can0 200#0000000000008000
(1620506641.971226) can0 200#0000000000008000
(1620506641.991664) can0 201#0000400000006900
(1620506641.991665) can0 205#0000000000000000
(1620506641.991665) can0 201#0000400000007B00
(1620506642.012133) can0 205#0000000000000000
(1620506642.012134) can0 219#0000009400000000
(1620506642.012134) can0 205#0000000000000000
(1620506642.032890) can0 219#0000009400000000
(1620506642.032893) can0 250#0084948D6E740004
(1620506642.032894) can0 131#0000000000000000
(1620506642.053143) can0 228#0100000000000000
(1620506642.053144) can0 090#AFFF0FFF0FFF0FFF
(1620506642.053145) can0 090#CFFF0FFF0FFF0FFF
(1620506642.073635) can0 20F#7534271000BC0C00
(1620506642.073635) can0 211#FFFE80004859009C
(1620506642.073635) can0 090#EFFF0FFF0FFF0FFF
(1620506642.094140) can0 20F#7534271000DCEC00
(1620506642.094141) can0 211#FFFE80004859009E
(1620506642.094141) can0 090#0FFF0FFF0FFF0FFF
(1620506642.114688) can0 20F#7534271000FCCC00
(1620506642.114689) can0 211#FFFE8000485900A0
(1620506642.114690) can0 090#2FFF0FFF0FFF0FFF
(1620506642.135133) can0 20F#75342710001CAC00
(1620506642.135134) can0 211#FFFE8000485900A2
(1620506642.135134) can0 090#4FFF0FFF0FFF0FFF
(1620506642.155633) can0 20F#75342710003C8C00
(1620506642.155633) can0 211#FFFE8000485900A4
(1620506642.155634) can0 090#6FFF0FFF0FFF0FFF
(1620506642.176125) can0 20F#75342710005C6C00
(1620506642.176125) can0 211#FFFE8000485900A6
(1620506642.176126) can0 20F#75342710007C4C00
(1620506642.196692) can0 211#FFFE8000485900A8
(1620506642.196693) can0 4B0#2710271027102710
(1620506642.196693) can0 4B0#2710271027102710
(1620506642.217154) can0 150#FEFE0000FFFE0000
(1620506642.217154) can0 190#0000000000000000
(1620506642.217155) can0 150#FEFE0000FFFE0000
(1620506642.237726) can0 190#0000000000000000
(1620506642.237728) can0 160#07D0000000007700
(1620506642.237729) can0 4B0#2710271027102710
(1620506642.262001) can0 4EC#0000000000000000
(1620506642.262002) can0 150#FEFE0000FFFE0000
(1620506642.262003) can0 190#0000000000000000
(1620506642.278735) can0 150#FEFE0000FFFE0000
(1620506642.278737) can0 160#07D0000000007700
(1620506642.278738) can0 22E#000FAA8000016A00
(1620506642.299228) can0 231#016AB90000000000
(1620506642.299230) can0 240#0080000000000000
(1620506642.299230) can0 433#00019C0100002A00
(1620506642.319716) can0 231#016AB90000000000
(1620506642.319717) can0 240#0080000000000000
(1620506642.319718) can0 240#0080000000000000
(1620506642.340201) can0 082#F9FCFF7EF1D20000
(1620506642.340201) can0 501#00AA55AA55AA55AA
(1620506642.340202) can0 240#0080000000000000
(1620506642.360697) can0 082#FBFCFF7EF1D20000
(1620506642.360698) can0 0FD#2200000028000000
(1620506642.360700) can0 082#FDFCFF7EF1D20000
(1620506642.381178) can0 0FD#2200000028000000
(1620506642.381178) can0 200#0000000000008000
(1620506642.381179) can0 0FD#2200000028000000
(1620506642.401227) can0 200#0000000000008000
(1620506642.401228) can0 201#000040000000C800
(1620506642.401228) can0 0FD#2200000028000000
(1620506642.421705) can0 165#26F527100026F500
(1620506642.421706) can0 170#26F5278C2A4B4612
(1620506642.421706) can0 201#000040000000C800
(1620506642.442272) can0 205#0000000000000000
(1620506642.442273) can0 219#0000009400000000
(1620506642.442273) can0 219#0000009400000000
(1620506642.462750) can0 090#3FFF0FFF0FFF0FFF
(1620506642.462751) can0 20F#75342710002C9C00
(1620506642.462752) can0 219#0000009400000000
(1620506642.483215) can0 250#008494D76EA50004
(1620506642.483216) can0 420#8400000042200000
(1620506642.483217) can0 090#7FFF0FFF0FFF0FFF
(1620506642.503280) can0 20F#75342710006C5C00
(1620506642.503281) can0 211#FFFE8000485900C7
(1620506642.503281) can0 090#9FFF0FFF0FFF0FFF
(1620506642.523771) can0 20F#75342710008C3C00
(1620506642.523772) can0 211#FFFE8000485900C9
(1620506642.523772) can0 090#BFFF0FFF0FFF0FFF
(1620506642.544256) can0 20F#7534271000AC1C00
(1620506642.544262) can0 211#FFFE8000485900CB
(1620506642.544263) can0 090#DFFF0FFF0FFF0FFF
(1620506642.564782) can0 20F#7534271000CCFC00
(1620506642.564783) can0 211#FFFE8000485900CD
(1620506642.564783) can0 090#FFFF0FFF0FFF0FFF
(1620506642.585413) can0 20F#7534271000ECDC00
(1620506642.585413) can0 211#FFFE8000485900CF
(1620506642.585414) can0 211#FFFE8000485900D1
(1620506642.605322) can0 212#9800208005000000
(1620506642.605323) can0 250#008494D76EA50004
(1620506642.605323) can0 275#0000FF
(1620506642.625806) can0 131#0000000000000000
(1620506642.625806) can0 400#1D00000000000000
(1620506642.625807) can0 150#FEFE0000FFFE0000
(1620506642.646346) can0 160#07D0000000007700
(1620506642.646347) can0 22E#000FAA8000016A00
(1620506642.646347) can0 150#FEFE0000FFFE0000
(1620506642.666844) can0 160#07D0000000007700
(1620506642.666844) can0 22E#000FAA8000016A00
(1620506642.666845) can0 160#07D0000000007700
(1620506642.687305) can0 22E#000FAA8000016A00
(1620506642.687306) can0 231#016AB90000000000
(1620506642.687306) can0 37B#640055AA55AA55AA
(1620506642.707827) can0 22E#000FAA8000016A00
(1620506642.707828) can0 436#4080012E00000000
(1620506642.707828) can0 228#0100000000000000
(1620506642.729283) can0 22E#000FAA8000016A00
(1620506642.729283) can0 231#016AB90000000000
(1620506642.729284) can0 240#0080000000000000
(1620506642.748829) can0 082#F5FCFF7EF1D20000
(1620506642.748829) can0 340#0000000000000000
(1620506642.748830) can0 082#F7FCFF7EF1D20000
(1620506642.769329) can0 240#0080000000000000
(1620506642.769330) can0 39E#4008202A0010219C
(1620506642.769330) can0 240#0080000000000000
(1620506642.789840) can0 200#0000000000008000
(1620506642.789841) can0 201#0000400000009F00
(1620506642.789841) can0 165#26F527100026F500
(1620506642.809921) can0 170#26F5278C2A524612
(1620506642.809922) can0 200#0000000000008000
(1620506642.809922) can0 200#0000000000008000
(1620506642.830609) can0 201#0000400000007900
(1620506642.830611) can0 205#0000000000000000
(1620506642.830611) can0 219#0000009400000000
(1620506642.850975) can0 131#0000000000000000
(1620506642.850976) can0 228#0100000000000000
(1620506642.850977) can0 219#0000009400000000
(1620506642.871431) can0 090#CFFF0FFF0FFF0FFF
(1620506642.871431) can0 20F#7534271000BC0C00
(1620506642.871432) can0 090#EFFF0FFF0FFF0FFF
(1620506642.891951) can0 20F#7534271000DCEC00
(1620506642.891952) can0 211#FFFE8000485900EE
(1620506642.891952) can0 090#0FFF0FFF0FFF0FFF
(1620506642.912440) can0 20F#7534271000FCCC00
(1620506642.912441) can0 211#FFFE8000485900F0
(1620506642.912441) can0 090#2FFF0FFF0FFF0FFF
(1620506642.932937) can0 20F#75342710001CAC00
(1620506642.932938) can0 211#FFFE8000485900F2
(1620506642.932938) can0 090#4FFF0FFF0FFF0FFF
(1620506642.953445) can0 20F#75342710003C8C00
(1620506642.953446) can0 211#FFFE8000485900F4
(1620506642.953446) can0 090#6FFF0FFF0FFF0FFF
(1620506642.974001) can0 20F#75342710005C6C00
(1620506642.974002) can0 211#FFFE8000485900F6
(1620506642.974002) can0 090#8FFF0FFF0FFF0FFF
(1620506642.994506) can0 20F#75342710007C4C00
(1620506642.994507) can0 211#FFFE8000485900F8
(1620506642.994510) can0 211#FFFE8000485900FA
(1620506643.014942) can0 4B0#2710271027102710
(1620506643.014943) can0 190#0000000000000000
(1620506643.014943) can0 165#26F527100026F500
(1620506643.035446) can0 170#26F5278C27274612
(1620506643.035446) can0 190#0000000000000000
(1620506643.035451) can0 4EC#0000000000000000
(1620506643.055961) can0 190#0000000000000000
(1620506643.055962) can0 150#FEFE0000FFFE0000
(1620506643.055962) can0 131#0000000000000000
(1620506643.079365) can0 150#FEFE0000FFFE0000
(1620506643.079366) can0 160#07D0000000007700
(1620506643.079366) can0 22E#000FAA8000016A00
(1620506643.096956) can0 231#016AB90000000000
(1620506643.096957) can0 082#FAFCFF7EF1D20000
(1620506643.096957) can0 22E#000FAA8000016A00
(1620506643.117466) can0 231#016AB90000000000
(1620506643.117466) can0 082#FCFCFF7EF1D20000
(1620506643.117467) can0 082#FEFCFF7EF1D20000
(1620506643.138315) can0 240#0080000000000000
(1620506643.138317) can0 0FD#2200000028000000
(1620506643.138318) can0 082#F1FCFF7EF1D20000
(1620506643.158517) can0 240#0080000000000000
(1620506643.158518) can0 0FD#2200000028000000
(1620506643.158518) can0 082#F3FCFF7EF1D20000
(1620506643.179154) can0 240#0080000000000000
(1620506643.179156) can0 0FD#2200000028000000
(1620506643.179158) can0 082#F5FCFF7EF1D20000
(1620506643.199220) can0 240#0080000000000000
(1620506643.199223) can0 0FD#2200000028000000
(1620506643.199224) can0 240#0080000000000000
(1620506643.219669) can0 0FD#2200000028000000
(1620506643.219671) can0 200#0000000000008000
(1620506643.219672) can0 0FD#2200000028000000
(1620506643.240077) can0 200#0000000000008000
(1620506643.240078) can0 170#26F5278C27274612
(1620506643.260844) can0 200#0000000000008000
(1620506643.260846) can0 201#0000400000000100
(1620506643.260847) can0 219#0000009400000000
(1620506643.281170) can0 250#0084941F6E1B0004
(1620506643.281171) can0 420#8400000042200000
(1620506643.281171) can0 228#0100000000000000
(1620506643.301900) can0 090#7FFF0FFF0FFF0FFF
(1620506643.301902) can0 20F#75342710006C5C00
(1620506643.301903) can0 090#9FFF0FFF0FFF0FFF
(1620506643.322861) can0 20F#75342710008C3C00
(1620506643.322863) can0 211#FFFE800048590019
(1620506643.322864) can0 090#BFFF0FFF0FFF0FFF
(1620506643.343007) can0 20F#7534271000AC1C00
(1620506643.343009) can0 211#FFFE80004859001B
(1620506643.343011) can0 090#DFFF0FFF0FFF0FFF
(1620506643.363241) can0 20F#7534271000CCFC00
(1620506643.363242) can0 211#FFFE80004859001D
(1620506643.363243) can0 090#FFFF0FFF0FFF0FFF
(1620506643.383678) can0 20F#751C271000ECDC00
(1620506643.383679) can0 211#FFFE80004859001F
(1620506643.383680) can0 090#1FFF0FFF0FFF0FFF
(1620506643.404196) can0 20F#75342710000CBC00
(1620506643.404197) can0 211#FFFE800048590021
(1620506643.404197) can0 211#FFFE800048590023
(1620506643.424731) can0 4B0#2710271027102710
(1620506643.424732) can0 165#26F527100026F500
(1620506643.424733) can0 150#FEFE0000FFFE0000
(1620506643.445178) can0 160#07D0000000007700
(1620506643.445179) can0 22E#000FAA8000016A00
(1620506643.445179) can0 150#FEFE0000FFFE0000
(1620506643.465632) can0 160#07D0000000007700
(1620506643.465633) can0 22E#000FAA8000016A00
(1620506643.465634) can0 150#FEFE0000FFFE0000
(1620506643.486188) can0 160#07D0000000007700
(1620506643.486189) can0 22E#000FAA8000016A00
(1620506643.486190) can0 436#4080012E00000000
(1620506643.506189) can0 160#07D0000000007700
(1620506643.506190) can0 22E#000FAA8000016A00
(1620506643.506191) can0 228#0100000000000000
(1620506643.526751) can0 22E#000FAA8000016A00
(1620506643.526753) can0 231#016AB90000000000
(1620506643.526753) can0 340#0000000000000000
(1620506643.547242) can0 082#FAFCFF7EF1D20000
(1620506643.547249) can0 200#0000000000008000
(1620506643.547249) can0 082#FCFCFF7EF1D20000
(1620506643.567788) can0 39E#4008202A0010219C
(1620506643.567789) can0 200#0000000000008000
(1620506643.567790) can0 082#FEFCFF7EF1D20000
(1620506643.588207) can0 165#26F527100026F500
(1620506643.588208) can0 170#26F5278C2A514612
(1620506643.588208) can0 082#F1FCFF7EF1D20000
(1620506643.608275) can0 200#0000000000008000
(1620506643.608276) can0 201#000040000000A800
(1620506643.608277) can0 082#F3FCFF7EF1D20000
(1620506643.628773) can0 200#0000000000008000
(1620506643.628774) can0 201#000040000000BA00
(1620506643.628774) can0 170#26F5278C2A4C4612
(1620506643.649219) can0 200#0000000000008000
(1620506643.649219) can0 201#000040000000C800
(1620506643.649220) can0 219#0000009400000000
(1620506643.669765) can0 240#0080000000000000
(1620506643.669765) can0 090#CFFF0FFF0FFF0FFF
(1620506643.669766) can0 090#EFFF0FFF0FFF0FFF
(1620506643.690302) can0 20F#7534271000DCEC00
(1620506643.690303) can0 211#FFFE80004859003E
(1620506643.690303) can0 090#0FFF0FFF0FFF0FFF
(1620506643.710805) can0 20F#7534271000FCCC00
(1620506643.710806) can0 211#FFFE800048590040
(1620506643.710809) can0 090#2FFF0FFF0FFF0FFF
(1620506643.731242) can0 20F#75342710001CAC00
(1620506643.731243) can0 211#FFFE800048590042
(1620506643.731244) can0 090#4FFF0FFF0FFF0FFF
(1620506643.751772) can0 20F#75342710003C8C00
(1620506643.751773) can0 211#FFFE800048590044
(1620506643.751774) can0 090#6FFF0FFF0FFF0FFF
(1620506643.772266) can0 20F#75342710005C6C00
(1620506643.772267) can0 211#FFFE800048590046
(1620506643.772267) can0 090#8FFF0FFF0FFF0FFF
(1620506643.792777) can0 20F#75342710007C4C00
(1620506643.792778) can0 211#FFFE800048590048
(1620506643.792779) can0 090#AFFF0FFF0FFF0FFF
(1620506643.813243) can0 20F#75342710009C2C00
(1620506643.813244) can0 211#FFFE80004859004A
(1620506643.813245) can0 20F#7534271000BC0C00
(1620506643.833748) can0 211#FFFE80004859004C
(1620506643.833749) can0 4B0#2710271027102710
(1620506643.833749) can0 212#9800208005000000
(1620506643.854278) can0 4B0#2710271027102710
(1620506643.854279) can0 250#008494D76EA50004
(1620506643.854279) can0 170#26F5278C2A4B4612
