(1620507615.721810) can0 200#2749278726D38000
(1620507615.721811) can0 201#02BF400000000000
(1620507615.721812) can0 165#2720270FC0272034
(1620507615.742316) can0 170#2720279D270C4611
(1620507615.742317) can0 082#2CFCFFECF2400000
(1620507615.742318) can0 200#2748278826D38000
(1620507615.762409) can0 201#02BF400000000000
(1620507615.762410) can0 082#2EFCFFECF2400000
(1620507615.762411) can0 200#2747278926D38000
(1620507615.782891) can0 201#02BF400000000000
(1620507615.782892) can0 082#21FCFFECF2400000
(1620507615.782892) can0 165#271F270FC0271F34
(1620507615.803377) can0 082#23FCFFECF2400000
(1620507615.803379) can0 131#0000000000000000
(1620507615.803379) can0 200#2747278726D38000
(1620507615.823897) can0 201#02BF400000000000
(1620507615.823898) can0 082#25FCFFECF2400000
(1620507615.823898) can0 200#2747278626D38000
(1620507615.844408) can0 201#02BF400000000000
(1620507615.844409) can0 082#27FCFFECF2400000
(1620507615.844409) can0 165#271F270FC0271F34
(1620507615.864445) can0 170#271F279D270B4611
(1620507615.864446) can0 082#29FCFFECF2400000
(1620507615.864446) can0 082#2BFCFFECF2400000
(1620507615.884978) can0 150#FEFE0000FFFE0000
(1620507615.884979) can0 090#9FFF0FFF0FFF0FFF
(1620507615.905493) can0 150#FEFE0000FFFE0000
(1620507615.905494) can0 205#0000000000000000
(1620507615.905494) can0 200#2746278726D28000
(1620507615.926041) can0 201#02BF400000000000
(1620507615.926042) can0 205#0000000000000000
(1620507615.926043) can0 211#FFFE80004859000D
(1620507615.946490) can0 212#9800208005000000
(1620507615.946490) can0 219#0000009500000000
(1620507615.946491) can0 22E#000FAA8000016A00
(1620507615.967003) can0 4B0#2710271027102710
(1620507615.967004) can0 231#016A630001000000
(1620507615.967005) can0 250#347E971F63140004
(1620507615.987518) can0 231#016A630001000000
(1620507615.987519) can0 350#0000000000000000
(1620507615.987520) can0 231#016A630001000000
(1620507616.008016) can0 405#02FF4AFF3601C981
(1620507616.008016) can0 4B0#2710271027102710
(1620507616.008017) can0 165#271F270FC0271F34
(1620507616.028529) can0 170#271F279D270C4611
(1620507616.028530) can0 131#0000000000000000
(1620507616.028530) can0 4EC#0000000000000000
(1620507616.049045) can0 240#0400000000000000
(1620507616.049046) can0 0FD#6300000028000000
(1620507616.049047) can0 240#0500000000000000
(1620507616.069526) can0 0FD#6300000028000000
(1620507616.069527) can0 165#271F270FC0271F34
(1620507616.069527) can0 461#0042000000000000
(1620507616.090065) can0 240#0400000000000000
(1620507616.090066) can0 0FD#6300000028000000
(1620507616.090066) can0 240#0500000000000000
(1620507616.110547) can0 0FD#6300000028000000
(1620507616.110548) can0 200#2746278726D28000
(1620507616.110549) can0 240#0400000000000000
(1620507616.131026) can0 0FD#6300000028000000
(1620507616.131027) can0 165#271F270FC0271F34
(1620507616.131028) can0 240#0500000000000000
(1620507616.151577) can0 0FD#6300000028000000
(1620507616.151578) can0 200#2746278A26D28000
(1620507616.151579) can0 0FD#6300000028000000
(1620507616.172053) can0 200#2746278A26D28000
(1620507616.172053) can0 150#FEFE0000FFFE0000
(1620507616.172054) can0 0FD#6300000028000000
(1620507616.192542) can0 165#271F270FC0271F34
(1620507616.192543) can0 082#2CFCFFECF2400000
(1620507616.192543) can0 0FD#6300000028000000
(1620507616.213043) can0 200#2746278726D28000
(1620507616.213044) can0 150#FEFE0000FFFE0000
(1620507616.213044) can0 0FD#6300000028000000
(1620507616.233575) can0 200#2746278726D28000
(1620507616.233576) can0 150#FEFE0000FFFE0000
(1620507616.233577) can0 0FD#6300000028000000
(1620507616.254052) can0 165#271F270FC0271F34
(1620507616.254053) can0 131#0000000000000000
(1620507616.254059) can0 0FD#6300000028000000
(1620507616.274564) can0 200#2746278726D28000
(1620507616.274565) can0 150#FEFE0000FFFE0000
(1620507616.274566) can0 082#27FCFFECF2400000
(1620507616.295070) can0 150#FEFE0000FFFE0000
(1620507616.295071) can0 090#0FFF0FFF0FFF0FFF
(1620507616.295072) can0 090#2FFF0FFF0FFF0FFF
(1620507616.315629) can0 160#07D0000002B47600
(1620507616.315630) can0 170#271F279D270C4611
(1620507616.315630) can0 160#07D0000002B47600
(1620507616.336120) can0 200#2745278826D28000
(1620507616.336121) can0 201#02BF400000000000
(1620507616.336121) can0 160#07D0000002B37600
(1620507616.356583) can0 205#0000000000000000
(1620507616.356584) can0 20F#75322710005C6C00
(1620507616.356585) can0 205#0000000000000000
(1620507616.376878) can0 20F#75322710007C4C00
(1620507616.376880) can0 211#FFFE800048590038
(1620507616.376881) can0 219#0000009600000000
(1620507616.397288) can0 22E#000FAA8000016A00
(1620507616.397289) can0 430#40B1000000000000
(1620507616.397291) can0 231#016A630001000000
(1620507616.417833) can0 165#271F270FC0271F34
(1620507616.417835) can0 170#271F279D270C4611
(1620507616.417837) can0 420#7F00410000400000
(1620507616.438216) can0 428#46000000
(1620507616.438218) can0 4B0#2710271027102710
(1620507616.438219) can0 250#347F961F63140004
(1620507616.458794) can0 240#0500000000000000
(1620507616.458795) can0 165#271F270FC0271F34
(1620507616.458796) can0 165#2720270FC0272035
(1620507616.478867) can0 170#2720279D270C4611
(1620507616.478868) can0 131#0000000000000000
(1620507616.478870) can0 240#0500000000000000
(1620507616.499500) can0 275#0000FF
(1620507616.499502) can0 131#0000000000000000
(1620507616.499503) can0 240#0400000000000000
(1620507616.519766) can0 165#2720270FC0272035
(1620507616.519767) can0 170#2720279D270C4611
(1620507616.519771) can0 240#0500000000000000
(1620507616.540325) can0 200#2748278826D28000
(1620507616.540326) can0 201#02BF400000000000
(1620507616.540326) can0 240#0400000000000000
(1620507616.560674) can0 200#2749278826D28000
(1620507616.560675) can0 201#02BF400000000000
(1620507616.560675) can0 240#0500000000000000
(1620507616.581566) can0 165#2720270FC0272035
(1620507616.581568) can0 170#2720279D270C4611
(1620507616.581570) can0 200#2749278626D28000
(1620507616.601731) can0 201#02BF400000000000
(1620507616.601732) can0 131#0000000000000000
(1620507616.601732) can0 200#2749278626D28000
(1620507616.622229) can0 201#02BF400000000000
(1620507616.622230) can0 150#FEFE0000FFFE0000
(1620507616.622231) can0 165#2720270FC0272035
(1620507616.642730) can0 170#2720279D270C4611
(1620507616.642730) can0 150#FEFE0000FFFE0000
(1620507616.642731) can0 200#2748278926D28000
(1620507616.663243) can0 201#02BF400000000000
(1620507616.663244) can0 150#FEFE0000FFFE0000
(1620507616.663245) can0 200#2749278926D38000
(1620507616.683801) can0 201#02BF400000000000
(1620507616.683802) can0 150#FEFE0000FFFE0000
(1620507616.683803) can0 131#0000000000000000
(1620507616.704229) can0 200#2749278826D38000
(1620507616.704230) can0 082#23FCFFECF2400000
(1620507616.704230) can0 082#25FCFFECF2400000
(1620507616.724773) can0 090#BFFF0FFF0FFF0FFF
(1620507616.724774) can0 160#07D0000002B47600
(1620507616.724774) can0 160#07D0000002B37600
(1620507616.745249) can0 20F#7532271000CCFC00
(1620507616.745249) can0 211#FFFE80004859005D
(1620507616.745250) can0 20F#7532271000ECDC00
(1620507616.765756) can0 211#FFFE80004859005F
(1620507616.765757) can0 219#0000009700000000
(1620507616.765757) can0 219#0000009700000000
(1620507616.786260) can0 22E#000FAA8000016A00
(1620507616.786262) can0 250#357F971F63140004
(1620507616.786262) can0 22E#000FAA8000016A00
(1620507616.806752) can0 400#0A00000000001170
(1620507616.806753) can0 231#016A630001000000
(1620507616.806753) can0 4B0#2710271027102710
(1620507616.827265) can0 4EC#0000000000000000
(1620507616.827266) can0 131#0000000000000000
(1620507616.827267) can0 4EC#0000000000000000
(1620507616.847822) can0 240#0400000000000000
(1620507616.847823) can0 190#0000000000000000
(1620507616.847824) can0 165#2720270FC0272035
(1620507616.868243) can0 170#2720279D270C4610
(1620507616.868243) can0 240#0400000000000000
(1620507616.868244) can0 461#0042000000000000
(1620507616.888761) can0 240#0400000000000000
(1620507616.888762) can0 190#0000000000000000
(1620507616.888763) can0 250#357F951F63140004
(1620507616.909275) can0 340#0000000000000000
(1620507616.909276) can0 240#0400000000000000
(1620507616.909276) can0 131#0000000000000000
(1620507616.929818) can0 228#0100000000000000
(1620507616.929819) can0 240#0500000000000000
(1620507616.929819) can0 240#0400000000000000
(1620507616.950283) can0 190#0000000000000000
(1620507616.950284) can0 0FD#6300000028000000
(1620507616.950284) can0 240#0500000000000000
(1620507616.970779) can0 190#0000000000000000
(1620507616.970780) can0 0FD#6300000028000000
(1620507616.970780) can0 240#0400000000000000
(1620507616.991311) can0 190#0000000000000000
(1620507616.991312) can0 0FD#6300000028000000
(1620507616.991313) can0 240#0500000000000000
(1620507617.011831) can0 190#0000000000000000
(1620507617.011832) can0 0FD#6300000028000000
(1620507617.011833) can0 240#0400000000000000
(1620507617.032304) can0 190#0000000000000000
(1620507617.032305) can0 0FD#6300000028000000
(1620507617.032306) can0 240#0500000000000000
(1620507617.052794) can0 190#0000000000000000
(1620507617.052795) can0 0FD#6300000028000000
(1620507617.052795) can0 190#0000000000000000
(1620507617.073298) can0 0FD#6300000028000000
(1620507617.073299) can0 200#2748278726D38000
(1620507617.073299) can0 190#0000000000000000
(1620507617.094828) can0 0FD#6300000028000000
(1620507617.094829) can0 165#2720270FC0272035
(1620507617.094830) can0 190#0000000000000000
(1620507617.115397) can0 0FD#6300000028000000
(1620507617.115398) can0 200#2748278426D38000
(1620507617.115399) can0 200#2748278526D38000
(1620507617.135801) can0 150#FEFE0000FFFE0000
(1620507617.135802) can0 201#02C0401400000000
(1620507617.135803) can0 170#2720279D270B4611
(1620507617.156292) can0 090#6FFF0FFF0FFF0FFF
(1620507617.156293) can0 150#FEFE0000FFFE0000
(1620507617.156293) can0 201#02C0400000000000
(1620507617.176844) can0 090#8FFF0FFF0FFF0FFF
(1620507617.176845) can0 082#25FCFFECF2400000
(1620507617.176846) can0 160#07D0000002BA7600
(1620507617.197380) can0 082#27FCFFECF2400000
(1620507617.197381) can0 205#0000000000000000
(1620507617.197381) can0 200#2747278526D48000
(1620507617.217782) can0 201#02C0400000000000
(1620507617.217783) can0 205#0000000000000000
(1620507617.217783) can0 211#FFFE80004859008E
(1620507617.238347) can0 219#0000009500000000
(1620507617.238348) can0 22E#000FAA8000016A00
(1620507617.238349) can0 219#0000009500000000
(1620507617.258825) can0 228#0100000000000000
(1620507617.258833) can0 219#0000009500000000
(1620507617.279287) can0 22E#000FAA8000016A00
(1620507617.279288) can0 4B0#2710271027102710
(1620507617.279289) can0 231#016A630001000000
(1620507617.299872) can0 433#0001790100001C00
(1620507617.299873) can0 4B0#2710271027102710
(1620507617.299873) can0 165#271F270FC0271F34
(1620507617.320375) can0 170#271F279D270C4611
(1620507617.320376) can0 240#0400000000000000
(1620507617.320376) can0 4F0#192412FF00FF
(1620507617.340802) can0 4F1#4A016DFFFF645D5D
(1620507617.340803) can0 240#0400000000000000
(1620507617.340804) can0 250#347F971F63140004
(1620507617.361357) can0 240#0500000000000000
(1620507617.361358) can0 165#2720270FC0272034
(1620507617.361359) can0 131#0000000000000000
(1620507617.381868) can0 228#0100000000000000
(1620507617.381869) can0 240#0400000000000000
(1620507617.381869) can0 240#0500000000000000
(1620507617.402316) can0 275#0000FF
(1620507617.402316) can0 400#1002000000000000
(1620507617.402317) can0 240#0400000000000000
(1620507617.422846) can0 165#2720270FC0272034
(1620507617.422847) can0 170#2720279D270C4611
(1620507617.422847) can0 240#0500000000000000
(1620507617.445294) can0 200#2749278626D48000
(1620507617.445295) can0 201#02C0400000000000
(1620507617.445296) can0 240#0400000000000000
(1620507617.463835) can0 200#2748278726D48000
(1620507617.463837) can0 201#02C0400000000000
(1620507617.463837) can0 240#0500000000000000
(1620507617.484392) can0 350#0000000000000000
(1620507617.484393) can0 37B#640055AA55AA55AA
(1620507617.484394) can0 240#0400000000000000
(1620507617.504860) can0 275#0000FF
(1620507617.504861) can0 400#1100000000000000
(1620507617.504861) can0 240#0400000000000000
(1620507617.525344) can0 200#2747278726D48000
(1620507617.525345) can0 201#02C0400000000000
(1620507617.525346) can0 165#271F270FC0271F34
(1620507617.545872) can0 170#271F279D270B4611
(1620507617.545873) can0 150#FEFE0000FFFE0000
(1620507617.545873) can0 200#2747278726D48000
(1620507617.566343) can0 201#02C0400000000000
(1620507617.566343) can0 150#FEFE0000FFFE0000
(1620507617.566344) can0 150#FEFE0000FFFE0000
(1620507617.586872) can0 090#1FFF0FFF0FFF0FFF
(1620507617.586873) can0 160#07D0000002B77600
(1620507617.586874) can0 090#3FFF0FFF0FFF0FFF
(1620507617.607375) can0 150#FEFE0000FFFE0000
(1620507617.607376) can0 082#23FCFFECF2400000
(1620507617.607377) can0 20F#75322710004C7C00
(1620507617.627859) can0 082#25FCFFECF2400000
(1620507617.627860) can0 211#FFFE8000485900B5
(1620507617.627860) can0 211#FFFE8000485900B7
(1620507617.648330) can0 212#9800208005000000
(1620507617.648330) can0 219#0000009400000000
(1620507617.648331) can0 211#FFFE8000485900B9
(1620507617.668884) can0 219#0000009500000000
(1620507617.668885) can0 22E#000FAA8000016A00
(1620507617.668885) can0 231#016A630001000000
(1620507617.689389) can0 436#400000E700000000
(1620507617.689390) can0 4B0#2710271027102710
(1620507617.689391) can0 4B0#2710271027102710
(1620507617.709925) can0 231#016A630001000000
(1620507617.709926) can0 165#271F270FC0271F34
(1620507617.709927) can0 131#0000000000000000
(1620507617.730377) can0 228#0100000000000000
(1620507617.730378) can0 240#0400000000000000
(1620507617.730378) can0 4EC#0000000000000000
(1620507617.750897) can0 240#0400000000000000
(1620507617.750898) can0 190#0000000000000000
(1620507617.750898) can0 165#2720270FC0272034
(1620507617.771403) can0 170#2720279D270C4610
(1620507617.771404) can0 240#0400000000000000
(1620507617.771405) can0 461#0042000000000000
(1620507617.791943) can0 240#0400000000000000
(1620507617.791944) can0 190#0000000000000000
(1620507617.791945) can0 240#0400000000000000
(1620507617.812518) can0 190#0000000000000000
(1620507617.812519) can0 0FD#6300000028000000
(1620507617.812520) can0 240#0500000000000000
(1620507617.832954) can0 190#0000000000000000
(1620507617.832955) can0 0FD#6300000028000000
(1620507617.832955) can0 240#0400000000000000
(1620507617.853436) can0 190#0000000000000000
(1620507617.853437) can0 0FD#6300000028000000
(1620507617.853437) can0 240#0500000000000000
(1620507617.873908) can0 190#0000000000000000
(1620507617.873909) can0 0FD#6300000028000000
(1620507617.873910) can0 240#0400000000000000
(1620507617.894545) can0 190#0000000000000000
(1620507617.894546) can0 430#40B0000000000000
(1620507617.894547) can0 240#0500000000000000
(1620507617.914925) can0 190#0000000000000000
(1620507617.914926) can0 0FD#6300000028000000
(1620507617.914927) can0 190#0000000000000000
(1620507617.935435) can0 240#0400000000000000
(1620507617.935437) can0 0FD#6300000028000000
(1620507617.935437) can0 190#0000000000000000
(1620507617.955955) can0 240#0500000000000000
(1620507617.955956) can0 0FD#6300000028000000
(1620507617.955956) can0 190#0000000000000000
(1620507617.976446) can0 240#0400000000000000
(1620507617.976447) can0 0FD#6300000028000000
(1620507617.976447) can0 430#41B0000000000000
(1620507617.996973) can0 0FD#6300000028000000
(1620507617.996974) can0 165#271F270FC0271F34
(1620507617.996975) can0 0FD#6300000028000000
(1620507618.017525) can0 200#2747278626D48000
(1620507618.017529) can0 150#FEFE0000FFFE0000
(1620507618.017530) can0 150#FEFE0000FFFE0000
(1620507618.037943) can0 090#EFFF0FFF0FFF0FFF
(1620507618.037944) can0 160#07D0000002B27600
(1620507618.037944) can0 150#FEFE0000FFFE0000
(1620507618.058445) can0 170#271F279D270C4610
(1620507618.058446) can0 160#07D0000002B27600
(1620507618.058446) can0 205#0000000000000000
(1620507618.078996) can0 082#25FCFFECF2400000
(1620507618.078997) can0 20F#75322710001CAC00
(1620507618.078998) can0 20F#75322710003C8C00
(1620507618.099466) can0 211#FFFE8000485900E4
(1620507618.099467) can0 212#9800208005000000
(1620507618.099468) can0 211#FFFE8000485900E6
(1620507618.119972) can0 219#0000009600000000
(1620507618.119974) can0 22E#000FAA8000016A00
(1620507618.119974) can0 231#016A630001000000
(1620507618.140469) can0 420#7F00440000400000
(1620507618.140470) can0 428#46000000
(1620507618.140471) can0 231#016A630001000000
(1620507618.160962) can0 165#271F270FC0271F34
(1620507618.160963) can0 170#271F279D270C4610
(1620507618.160964) can0 131#0000000000000000
(1620507618.181467) can0 228#0100000000000000
(1620507618.181468) can0 350#0000000000000000
(1620507618.181469) can0 4EC#0000000000000000
(1620507618.202017) can0 275#0000FF
(1620507618.202019) can0 400#1800000000000000
(1620507618.202019) can0 165#271F270FC0271F34
(1620507618.222483) can0 170#271F279D270C4610
(1620507618.222484) can0 240#0400000000000000
(1620507618.222485) can0 240#0400000000000000
(1620507618.242972) can0 200#2745278726D48000
(1620507618.242973) can0 201#02C0400000000000
(1620507618.242974) can0 240#0400000000000000
(1620507618.263489) can0 165#271F270FC0271F34
(1620507618.263501) can0 170#271F279D270C4610
(1620507618.263501) can0 350#0000000000000000
(1620507618.283534) can0 37B#640055AA55AA55AA
(1620507618.283535) can0 436#400000E700000000
(1620507618.283535) can0 275#0000FF
(1620507618.304021) can0 400#1900000000000000
(1620507618.304022) can0 405#0167FFFFFFFF0010
(1620507618.304022) can0 240#0400000000000000
(1620507618.324507) can0 165#271F270FC0271F33
(1620507618.324508) can0 170#271F279D270C4611
(1620507618.324509) can0 240#0500000000000000
(1620507618.345061) can0 200#2745278926D38000
(1620507618.345062) can0 201#02C0400000000000
(1620507618.345063) can0 240#0400000000000000
(1620507618.365513) can0 200#2745278A26D38000
(1620507618.365514) can0 201#02C0400000000000
(1620507618.365514) can0 350#0000000000000000
(1620507618.385647) can0 37B#640055AA55AA55AA
(1620507618.385648) can0 436#400000E700000000
(1620507618.385649) can0 405#02FF4AFF3601C981
(1620507618.406460) can0 240#0400000000000000
(1620507618.406462) can0 200#2745278A26D48000
(1620507618.406463) can0 201#02C0400000000000
(1620507618.426696) can0 150#FEFE0000FFFE0000
(1620507618.426698) can0 090#5FFF0FFF0FFF0FFF
(1620507618.426699) can0 090#7FFF0FFF0FFF0FFF
(1620507618.447884) can0 160#07D0000002AE7600
(1620507618.447886) can0 200#2746278826D38000
(1620507618.447887) can0 205#0000000000000000
(1620507618.467693) can0 20F#75322710008C3C00
(1620507618.467694) can0 211#FFFE800048590009
(1620507618.467695) can0 211#FFFE80004859000B
(1620507618.487735) can0 219#0000009800000000
(1620507618.487743) can0 082#21FCFFECF2400000
(1620507618.487744) can0 228#0100000000000000
(1620507618.508172) can0 240#0400000000000000
(1620507618.508173) can0 22E#000FAA8000016A00
(1620507618.508174) can0 4EC#0000000000000000
(1620507618.528834) can0 131#0000000000000000
(1620507618.528835) can0 228#0100000000000000
(1620507618.528836) can0 165#271F270FC0271F34
(1620507618.549104) can0 170#271F279C270D4610
(1620507618.549105) can0 4EC#0000000000000000
(1620507618.549105) can0 190#0000000000000000
(1620507618.569647) can0 0FD#6300000028000000
(1620507618.569648) can0 200#2747278B26D38000
(1620507618.569650) can0 461#0042000000000000
(1620507618.589653) can0 190#0000000000000000
(1620507618.589655) can0 430#3FB3000000000000
(1620507618.589655) can0 340#0000000000000000
(1620507618.610253) can0 190#0000000000000000
(1620507618.610254) can0 0FD#6300000028000000
(1620507618.610254) can0 190#0000000000000000
(1620507618.630727) can0 0FD#6300000028000000
(1620507618.630728) can0 190#0000000000000000
(1620507618.651199) can0 0FD#6300000028000000
(1620507618.651200) can0 165#2720270FC0272034
(1620507618.651201) can0 190#0000000000000000
(1620507618.671702) can0 0FD#6300000028000000
(1620507618.671703) can0 200#2748278A26D28000
(1620507618.671704) can0 190#0000000000000000
(1620507618.692280) can0 430#3CB1000000000000
(1620507618.692280) can0 433#0001790100001C00
(1620507618.692281) can0 190#0000000000000000
(1620507618.712710) can0 0FD#6300000028000000
(1620507618.712711) can0 165#2720270FC0272034
(1620507618.712712) can0 190#0000000000000000
(1620507618.733231) can0 0FD#6300000028000000
(1620507618.733232) can0 200#2748278926D28000
(1620507618.733233) can0 0FD#6300000028000000
(1620507618.753746) can0 200#2748278B26D28000
(1620507618.753747) can0 131#0000000000000000
(1620507618.753747) can0 0FD#6300000028000000
(1620507618.774199) can0 165#2720270FC0272034
(1620507618.774201) can0 150#FEFE0000FFFE0000
(1620507618.774201) can0 200#2749278B26D28000
(1620507618.794717) can0 150#FEFE0000FFFE0000
(1620507618.794718) can0 090#AFFF0FFF0FFF0FFF
(1620507618.794719) can0 090#CFFF0FFF0FFF0FFF
(1620507618.815220) can0 160#07D0000002AB7600
(1620507618.815221) can0 201#02C0400000000000
(1620507618.815221) can0 170#2720279C270C4610
(1620507618.835723) can0 200#2748278926D28000
(1620507618.835724) can0 201#02C0400000000000
(1620507618.835725) can0 205#0000000000000000
(1620507618.856225) can0 20F#7532271000FCCC00
(1620507618.856225) can0 211#FFFE800048590030
(1620507618.856226) can0 082#2AFCFFECF2400000
(1620507618.876729) can0 219#0000009700000000
(1620507618.876730) can0 22E#000FAA8000016A00
(1620507618.876730) can0 211#FFFE800048590034
(1620507618.897231) can0 212#9800208005000000
(1620507618.897231) can0 219#0000009800000000
(1620507618.897232) can0 231#016A630001000000
(1620507618.917746) can0 4B0#2710271027102710
(1620507618.917747) can0 165#271F270FC0271F34
(1620507618.917747) can0 420#7F00450000400000
(1620507618.938256) can0 428#46000000
(1620507618.938257) can0 4B0#2710271027102710
(1620507618.938257) can0 4B0#2710271027102710
(1620507618.958701) can0 231#016A630001000000
(1620507618.958702) can0 250#347F961F63140004
(1620507618.958702) can0 131#0000000000000000
(1620507618.979247) can0 228#0100000000000000
(1620507618.979248) can0 350#0000000000000000
(1620507618.979249) can0 170#271F279D270C4610
(1620507618.999729) can0 4EC#0000000000000000
(1620507618.999730) can0 275#0000FF
(1620507618.999731) can0 200#2747278826D18000
(1620507619.020281) can0 201#02C0400000000000
(1620507619.020282) can0 150#FEFE0000FFFE0000
(1620507619.020286) can0 165#271F270FC0271F34
(1620507619.040750) can0 170#271F279D270C4610
(1620507619.040752) can0 150#FEFE0000FFFE0000
(1620507619.040752) can0 200#2747278D26D18000
(1620507619.061256) can0 201#02C0400000000000
(1620507619.061257) can0 150#FEFE0000FFFE0000
(1620507619.061257) can0 350#0000000000000000
(1620507619.081804) can0 37B#640055AA55AA55AA
(1620507619.081806) can0 436#400000E700000000
(1620507619.081806) can0 275#0000FF
(1620507619.102231) can0 400#2100000000000000
(1620507619.102232) can0 405#0167FFFFFFFF0010
(1620507619.102232) can0 200#2748278926D18000
(1620507619.122728) can0 201#02C0400000000000
(1620507619.122728) can0 150#FEFE0000FFFE0000
(1620507619.122729) can0 200#2748278B26D18000
(1620507619.143320) can0 201#02C0400000000000
(1620507619.143322) can0 150#FEFE0000FFFE0000
(1620507619.143322) can0 165#2720270FC0272034
(1620507619.163773) can0 170#2720279D270C4610
(1620507619.163774) can0 150#FEFE0000FFFE0000
(1620507619.163774) can0 150#FEFE0000FFFE0000
(1620507619.184270) can0 090#1FFF0FFF0FFF0FFF
(1620507619.184271) can0 160#07D0000002B57600
(1620507619.184272) can0 201#02C0400000000000
(1620507619.204764) can0 131#0000000000000000
(1620507619.204765) can0 090#3FFF0FFF0FFF0FFF
(1620507619.204765) can0 090#5FFF0FFF0FFF0FFF
(1620507619.225288) can0 160#07D0000002B47600
(1620507619.225289) can0 200#2747278F26D28000
(1620507619.225289) can0 205#0000000000000000
(1620507619.245804) can0 20F#75322710006C5C00
(1620507619.245805) can0 211#FFFE800048590057
(1620507619.245806) can0 211#FFFE800048590059
(1620507619.266282) can0 219#0000009800000000
(1620507619.266294) can0 22E#000FAA8000016A00
(1620507619.266295) can0 082#F6FCFD80EFD4F237
(1620507619.286763) can0 211#FFFE80004859005B
(1620507619.286764) can0 219#0000009800000000
(1620507619.286764) can0 228#0100000000000000
(1620507619.307274) can0 240#7D00000000000000
(1620507619.307276) can0 22E#000FAA8000016A00
(1620507619.307276) can0 39E#0008201B00100179
(1620507619.327849) can0 4B0#2710271027102710
(1620507619.327850) can0 4EC#0000000000000000
(1620507619.327850) can0 231#016A630001000000
(1620507619.348323) can0 4B0#2710271027102710
(1620507619.348324) can0 4EC#0000000000000000
(1620507619.348325) can0 190#0000000000000000
(1620507619.368839) can0 0FD#6300000028000000
(1620507619.368840) can0 165#2720270FC0272034
(1620507619.368840) can0 165#2720270FC0272034
(1620507619.389278) can0 170#2720279C270D4610
(1620507619.389279) can0 461#0042000000000000
(1620507619.389280) can0 340#0000000000000000
(1620507619.409806) can0 190#0000000000000000
(1620507619.409807) can0 0FD#6300000028000000
(1620507619.409808) can0 228#0100000000000000
(1620507619.430371) can0 190#0000000000000000
(1620507619.430373) can0 0FD#6300000028000000
(1620507619.430373) can0 190#0000000000000000
(1620507619.450857) can0 0FD#6300000028000000
(1620507619.450857) can0 200#274B27AF26CF8000
(1620507619.450858) can0 190#0000000000000000
(1620507619.471354) can0 0FD#6300000028000000
(1620507619.471355) can0 200#274B27AF26CF8000
(1620507619.471355) can0 190#0000000000000000
(1620507619.491843) can0 430#40A7000000000000
(1620507619.491844) can0 433#0001790100001C00
(1620507619.491845) can0 190#0000000000000000
(1620507619.512383) can0 0FD#6300000028000000
(1620507619.512384) can0 200#275627AE26CE8000
(1620507619.512385) can0 190#0000000000000000
(1620507619.532815) can0 0FD#6300000028000000
(1620507619.532816) can0 200#275627A726CD8000
(1620507619.532817) can0 0FD#6300000028000000
(1620507619.553357) can0 165#2727270FC027273D
(1620507619.553358) can0 131#0000000000000000
(1620507619.553359) can0 0FD#6300000028000000
(1620507619.573868) can0 200#276227A626CD8000
(1620507619.573870) can0 150#FEFE0000FFFE0000
(1620507619.573870) can0 0FD#6300000028000000
(1620507619.594333) can0 200#276227A426CE8000
(1620507619.594334) can0 150#FEFE0000FFFE0000
(1620507619.594334) can0 165#2729270FC027293E
(1620507619.614841) can0 150#FEFE0000FFFE0000
(1620507619.614842) can0 090#CFFF0FFF0FFF0FFF
(1620507619.614843) can0 150#FEFE0000FFFE0000
(1620507619.635367) can0 201#02BA400000000000
(1620507619.635368) can0 160#07D0000002A57600
(1620507619.635368) can0 201#02BB401400000000
(1620507619.655888) can0 160#07D0000002A77600
(1620507619.655889) can0 205#0000000000000000
(1620507619.655889) can0 201#02BB401400000000
(1620507619.676379) can0 205#0000000000000000
(1620507619.676380) can0 20F#754A2710001CAC00
(1620507619.676381) can0 20F#75322710003C8C00
(1620507619.696828) can0 211#FFFE800048590084
(1620507619.696832) can0 212#9800208005000000
(1620507619.696833) can0 22E#000FAA8000016A00
(1620507619.717378) can0 240#B600000000000000
(1620507619.717379) can0 082#D4FCF89EEAF2F688
(1620507619.717380) can0 082#76FCF876EACAF935
(1620507619.738003) can0 22E#000FAA8000016A00
(1620507619.738004) can0 240#BA00000000000000
(1620507619.738004) can0 240#AA00000000000000
(1620507619.758363) can0 231#016A630001000000
(1620507619.758364) can0 4B0#2710271027102710
(1620507619.758371) can0 165#2728270EC027283D
(1620507619.778905) can0 170#2728279E270A4610
(1620507619.778906) can0 131#0000000000000000
(1620507619.778906) can0 231#016A630001000000
(1620507619.798913) can0 4B0#2710271027102710
(1620507619.798914) can0 501#00AA55AA55AA55AA
(1620507619.798914) can0 165#2726270EC027263D
(1620507619.819390) can0 170#2726279E270A4610
(1620507619.819391) can0 150#FEFE0000FFFE0000
(1620507619.819391) can0 165#2726270EC027263D
(1620507619.839925) can0 170#2726279E270A4610
(1620507619.839927) can0 200#2760279126D08000
(1620507619.839927) can0 150#FEFE0000FFFE0000
(1620507619.860409) can0 090#5FFF0FFF0FFF0FFF
(1620507619.860410) can0 160#07D0000002C97600
(1620507619.860410) can0 350#0000000000000000
(1620507619.880459) can0 37B#640055AA55AA55AA
(1620507619.880460) can0 436#400000E700000000
(1620507619.880460) can0 275#0000FF
(1620507619.901029) can0 400#0500000000000000
(1620507619.901031) can0 405#0167FFFFFFFF0010
(1620507619.901031) can0 200#275D279026D18000
(1620507619.921482) can0 201#02C4402800000000
(1620507619.921483) can0 090#BFFF0FFF0FFF0FFF
(1620507619.921483) can0 165#2725270EC027253C
(1620507619.942006) can0 170#2725279E270A4610
(1620507619.942007) can0 150#FEFE0000FFFE0000
(1620507619.942007) can0 200#275D278F26D28000
(1620507619.962488) can0 201#02C6402800000000
(1620507619.962490) can0 090#FFFF0FFF0FFF0FFF
(1620507619.962490) can0 350#0000000000000000
(1620507619.982553) can0 37B#640055AA55AA55AA
(1620507619.982555) can0 436#400000E700000000
(1620507619.982555) can0 275#0000FF
(1620507620.003085) can0 400#0600000001000002
(1620507620.003086) can0 200#275A279026D38000
(1620507620.023566) can0 201#02C8402800000000
(1620507620.023567) can0 090#5FFF0FFF0FFF0FFF
(1620507620.023567) can0 200#275B278F26D38000
(1620507620.044049) can0 201#02C9402800000000
(1620507620.044050) can0 090#7FFF0FFF0FFF0FFF
(1620507620.044050) can0 165#2724270EC027243B
(1620507620.064541) can0 170#2724279E270A4611
(1620507620.064541) can0 090#9FFF0FFF0FFF0FFF
(1620507620.064542) can0 200#2758279026D48000
(1620507620.084583) can0 201#02CB402800000000
(1620507620.084584) can0 090#BFFF0FFF0FFF0FFF
(1620507620.084584) can0 090#DFFF0FFF0FFF0FFF
(1620507620.105091) can0 131#0000000000000000
(1620507620.105092) can0 205#0000000000000000
(1620507620.105093) can0 200#2757279026D58000
(1620507620.125624) can0 160#07D0000002CE7600
(1620507620.125628) can0 201#02CC402800000000
(1620507620.125629) can0 20F#75322710000CBC00
(1620507620.146103) can0 211#FFFE8000485900B1
(1620507620.146104) can0 212#9800208005000000
(1620507620.146104) can0 219#0000008D00000000
(1620507620.166595) can0 22E#000FAA8000016A00
(1620507620.166596) can0 240#FE00000000000000
(1620507620.166596) can0 219#0000008E00000000
(1620507620.189471) can0 22E#000FAA8000016A00
(1620507620.189471) can0 240#FE00000000000000
(1620507620.189472) can0 22E#000FAA8000016A00
(1620507620.207684) can0 082#18FCF696E8EAFED6
(1620507620.207685) can0 231#016A630001000000
(1620507620.207685) can0 082#5AFCF68CE8E0FEA2
(1620507620.228143) can0 39E#0008201C00100179
(1620507620.228144) can0 165#2723270EC027233A
(1620507620.228144) can0 4B0#2710271027102710
(1620507620.248643) can0 4EC#0000000000000000
(1620507620.248644) can0 190#0000000000000000
(1620507620.248645) can0 190#0000000000000000
(1620507620.269185) can0 0FD#6300000028000000
(1620507620.269194) can0 165#2723270EC0272339
(1620507620.269194) can0 165#2723270EC0272339
(1620507620.289671) can0 170#2723279E270A4611
(1620507620.289672) can0 461#0042000000000000
(1620507620.289672) can0 190#0000000000000000
(1620507620.310177) can0 0FD#6300000028000000
(1620507620.310178) can0 200#2753279126D78000
(1620507620.310178) can0 190#0000000000000000
(1620507620.330659) can0 0FD#6300000028000000
(1620507620.330660) can0 165#2723270EC0272339
(1620507620.330661) can0 190#0000000000000000
(1620507620.351217) can0 0FD#6300000028000000
(1620507620.351218) can0 200#2752279426D88000
(1620507620.351218) can0 190#0000000000000000
(1620507620.371681) can0 0FD#6300000028000000
(1620507620.371682) can0 200#2752279426D88000
(1620507620.371682) can0 190#0000000000000000
(1620507620.392176) can0 430#42A1000000000000
(1620507620.392177) can0 433#0001790100001B00
(1620507620.392178) can0 190#0000000000000000
(1620507620.412668) can0 0FD#6300000028000000
(1620507620.412669) can0 200#2754279526D98000
(1620507620.412670) can0 0FD#6300000028000000
(1620507620.433240) can0 200#2753279426DA8000
(1620507620.433241) can0 090#EFFF0FFF0FFF0FFF
(1620507620.433241) can0 0FD#6300000028000000
(1620507620.453741) can0 165#2723270FC0272339
(1620507620.453742) can0 090#0FFF0FFF0FFF0FFF
(1620507620.453743) can0 0FD#6300000028000000
(1620507620.474180) can0 200#2755279426DA8000
(1620507620.474181) can0 090#2FFF0FFF0FFF0FFF
(1620507620.474182) can0 0FD#6300000028000000
(1620507620.494684) can0 200#2755279426DA8000
(1620507620.494685) can0 090#4FFF0FFF0FFF0FFF
(1620507620.494685) can0 090#6FFF0FFF0FFF0FFF
(1620507620.515205) can0 150#FEFE0000FFFE0000
(1620507620.515206) can0 170#2723279E270B4611
(1620507620.515206) can0 201#02D0400000000000
(1620507620.535701) can0 160#07D0000002BF7600
(1620507620.535702) can0 205#0000000000000000
(1620507620.535702) can0 205#0000000000000000
(1620507620.556205) can0 160#07D0000002BE7600
(1620507620.556205) can0 20F#75322710009C2C00
(1620507620.556206) can0 205#0000000000000000
(1620507620.576706) can0 20F#7532271000BC0C00
(1620507620.576707) can0 211#FFFE8000485900DC
(1620507620.576707) can0 219#0000009400000000
(1620507620.597214) can0 22E#000FAA8000016A00
(1620507620.597215) can0 240#5200000000000000
(1620507620.597216) can0 231#016A630001000000
(1620507620.617772) can0 240#5200000000000000
(1620507620.617773) can0 082#94FCF65AE8AEFF90
(1620507620.617774) can0 231#016A630001000000
(1620507620.638217) can0 250#387F951F62140004
(1620507620.638218) can0 420#7F00470000400000
(1620507620.638219) can0 4B0#2710271027102710
(1620507620.658719) can0 250#387F941F62140004
(1620507620.658720) can0 165#2723270FC0272338
(1620507620.658721) can0 165#2723270FC0272338
(1620507620.679230) can0 170#2723279D270B4611
(1620507620.679231) can0 131#0000000000000000
(1620507620.679231) can0 4EC#0000000000000000
(1620507620.699758) can0 275#0000FF
(1620507620.699759) can0 400#0D00000000000000
(1620507620.699760) can0 165#2723270FC0272338
(1620507620.720310) can0 170#2723279D270C4611
(1620507620.720312) can0 090#BFFF0FFF0FFF0FFF
(1620507620.720313) can0 200#2754279926DA8000
(1620507620.740761) can0 201#02CE3FEC00000000
(1620507620.740762) can0 090#DFFF0FFF0FFF0FFF
(1620507620.740762) can0 200#2754279926DA8000
(1620507620.761289) can0 201#02CD3FD800000000
(1620507620.761291) can0 090#FFFF0FFF0FFF0FFF
(1620507620.761310) can0 350#0000000000000000
(1620507620.782029) can0 37B#640055AA55AA55AA
(1620507620.782032) can0 436#400000E700000000
(1620507620.782034) can0 275#0000FF
(1620507620.802234) can0 400#0E00000000000001
(1620507620.802235) can0 405#02FF4AFF3501C981
(1620507620.802235) can0 200#2755279926DA8000
(1620507620.822773) can0 201#02CC3FEC00000000
(1620507620.822774) can0 090#5FFF0FFF0FFF0FFF
(1620507620.822775) can0 165#2724270FC0272439
(1620507620.843262) can0 170#2723279D270C4611
(1620507620.843262) can0 090#7FFF0FFF0FFF0FFF
(1620507620.843263) can0 090#9FFF0FFF0FFF0FFF
(1620507620.863741) can0 150#FEFE0000FFFE0000
(1620507620.863742) can0 200#2756279926DA8000
(1620507620.863742) can0 200#2757279A26DA8000
(1620507620.884324) can0 201#02CB3FEC00000000
(1620507620.884325) can0 090#BFFF0FFF0FFF0FFF
(1620507620.884326) can0 165#2724270FC0272439
(1620507620.904755) can0 170#2724279D270C4611
(1620507620.904756) can0 090#DFFF0FFF0FFF0FFF
(1620507620.904757) can0 090#FFFF0FFF0FFF0FFF
(1620507620.925304) can0 150#FEFE0000FFFE0000
(1620507620.925304) can0 205#0000000000000000
(1620507620.925305) can0 205#0000000000000000
(1620507620.945833) can0 160#07D0000002B17600
(1620507620.945834) can0 20F#754A2710000CBC00
(1620507620.945834) can0 201#02C83FD800000000
(1620507620.966261) can0 205#0000000000000000
(1620507620.966262) can0 20F#75322710002C9C00
(1620507620.966263) can0 219#0000009900000000
(1620507620.986890) can0 22E#000FAA8000016A00
(1620507620.986892) can0 250#397F991F62140004
(1620507620.986893) can0 228#0100000000000000
(1620507621.007286) can0 4B0#2710271027102710
(1620507621.007297) can0 22E#000FAA8000016A00
(1620507621.007298) can0 231#016A630001000000
(1620507621.027747) can0 4EC#0000000000000000
(1620507621.027748) can0 240#5200000000000000
(1620507621.027748) can0 240#5200000000000000
(1620507621.048245) can0 082#52FCF664E8B80014
(1620507621.048246) can0 4EC#0000000000000000
(1620507621.048246) can0 165#2725270FC0272539
(1620507621.068888) can0 170#2725279C270C4611
(1620507621.068890) can0 190#0000000000000000
(1620507621.068891) can0 461#0042000000000000
(1620507621.089404) can0 190#0000000000000000
(1620507621.089405) can0 430#3DA7000000000000
(1620507621.089406) can0 250#3A7F972062140004
(1620507621.109764) can0 340#0000000000000000
(1620507621.109765) can0 190#0000000000000000
(1620507621.109765) can0 131#0000000000000000
(1620507621.130266) can0 228#0100000000000000
(1620507621.130266) can0 190#0000000000000000
(1620507621.130267) can0 190#0000000000000000
(1620507621.150768) can0 0FD#6300000028000000
(1620507621.150768) can0 200#275A279C26D98000
(1620507621.150769) can0 190#0000000000000000
(1620507621.171284) can0 0FD#6300000028000000
(1620507621.171285) can0 165#2725270FC027253A
(1620507621.171285) can0 190#0000000000000000
(1620507621.191829) can0 430#40A7000000000000
(1620507621.191830) can0 433#0001790100001C00
(1620507621.191830) can0 190#0000000000000000
(1620507621.212303) can0 0FD#6300000028000000
(1620507621.212304) can0 200#275A279D26D98000
(1620507621.212304) can0 0FD#6300000028000000
(1620507621.232771) can0 165#2725270FC027253A
(1620507621.232772) can0 090#EFFF0FFF0FFF0FFF
(1620507621.232772) can0 0FD#6300000028000000
(1620507621.253351) can0 200#275B279E26D98000
(1620507621.253352) can0 090#0FFF0FFF0FFF0FFF
(1620507621.253352) can0 0FD#6300000028000000
(1620507621.274160) can0 200#275B279E26D98000
(1620507621.274162) can0 090#2FFF0FFF0FFF0FFF
(1620507621.274163) can0 0FD#6300000028000000
(1620507621.294325) can0 090#4FFF0FFF0FFF0FFF
(1620507621.294326) can0 150#FEFE0000FFFE0000
(1620507621.294326) can0 0FD#6300000028000000
(1620507621.314838) can0 200#275D279D26D98000
(1620507621.314849) can0 090#6FFF0FFF0FFF0FFF
(1620507621.314850) can0 0FD#6300000028000000
(1620507621.335297) can0 200#275D279E26D98000
(1620507621.335298) can0 090#8FFF0FFF0FFF0FFF
(1620507621.335298) can0 165#2726270FC027263A
(1620507621.355805) can0 090#AFFF0FFF0FFF0FFF
(1620507621.355806) can0 131#0000000000000000
(1620507621.355806) can0 150#FEFE0000FFFE0000
(1620507621.376779) can0 201#02C3400000000000
(1620507621.376781) can0 150#FEFE0000FFFE0000
(1620507621.396811) can0 201#02C3400000000000
(1620507621.396812) can0 160#07D0000002AC7600
(1620507621.396812) can0 160#07D0000002AC7600
(1620507621.417306) can0 200#275E279F26D98000
(1620507621.417307) can0 201#02C3400000000000
(1620507621.417307) can0 20F#75322710001CAC00
(1620507621.437988) can0 211#FFFE800048590032
(1620507621.437988) can0 219#0000009900000000
(1620507621.437989) can0 211#FFFE800048590034
(1620507621.458377) can0 219#0000009800000000
(1620507621.458378) can0 228#0100000000000000
(1620507621.458379) can0 219#0000009800000000
(1620507621.478916) can0 22E#000FAA8000016A00
(1620507621.478918) can0 4B0#2710271027102710
(1620507621.478919) can0 22E#000FAA8000016A00
(1620507621.499320) can0 4B0#2710271027102710
(1620507621.499321) can0 231#016A630001000000
(1620507621.499321) can0 082#C4FCF6C8E91C02B1
(1620507621.519878) can0 240#5300000000000000
(1620507621.519879) can0 165#2726270FC027263B
(1620507621.519879) can0 082#86FCF6D2E926029A
(1620507621.540615) can0 240#5500000000000000
(1620507621.540616) can0 428#46000000
(1620507621.540616) can0 240#7500000000000000
(1620507621.560862) can0 250#3B7F9A2062140004
(1620507621.560865) can0 165#2726270FC027263B
(1620507621.560866) can0 165#2726270FC027263B
(1620507621.581371) can0 170#2726279B270D4611
(1620507621.581372) can0 131#0000000000000000
(1620507621.581373) can0 275#0000FF
(1620507621.601900) can0 400#1600000000000000
(1620507621.601901) can0 405#02FF4AFF3301C981
(1620507621.601901) can0 165#2726270FC027263B
(1620507621.622382) can0 090#5FFF0FFF0FFF0FFF
(1620507621.622383) can0 150#FEFE0000FFFE0000
(1620507621.622384) can0 200#275F27A126D98000
(1620507621.643052) can0 090#7FFF0FFF0FFF0FFF
(1620507621.643053) can0 150#FEFE0000FFFE0000
(1620507621.643054) can0 200#276027A226D88000
(1620507621.663407) can0 201#02C0400000000000
(1620507621.663408) can0 090#9FFF0FFF0FFF0FFF
(1620507621.663408) can0 37B#640055AA55AA55AA
(1620507621.683913) can0 436#400000E700000000
(1620507621.683914) can0 165#2726270FC027263B
(1620507621.683915) can0 405#20FFFFFFFFFFFFFF
(1620507621.704356) can0 200#276127A026D88000
(1620507621.704357) can0 201#02C0400000000000
(1620507621.704357) can0 200#276127A026D88000
(1620507621.724854) can0 201#02C0400000000000
(1620507621.724855) can0 090#FFFF0FFF0FFF0FFF
(1620507621.724855) can0 165#2727270FC027273C
(1620507621.745551) can0 170#2726279C270D4611
(1620507621.745553) can0 090#1FFF0FFF0FFF0FFF
(1620507621.745555) can0 200#276127A126D88000
(1620507621.765911) can0 090#3FFF0FFF0FFF0FFF
(1620507621.765912) can0 150#FEFE0000FFFE0000
(1620507621.765919) can0 200#276127A026D88000
(1620507621.786404) can0 090#5FFF0FFF0FFF0FFF
(1620507621.786405) can0 150#FEFE0000FFFE0000
(1620507621.786409) can0 090#7FFF0FFF0FFF0FFF
(1620507621.806901) can0 131#0000000000000000
(1620507621.806902) can0 170#2727279C270D4611
(1620507621.806902) can0 201#02C0400000000000
(1620507621.827485) can0 160#07D0000002A97600
(1620507621.827486) can0 205#0000000000000000
(1620507621.827487) can0 20F#7532271000AC1C00
(1620507621.848072) can0 211#FFFE80004859005B
(1620507621.848073) can0 212#9800208005000000
(1620507621.848074) can0 20F#7532271000CCFC00
(1620507621.868430) can0 211#FFFE80004859005D
(1620507621.868431) can0 219#0000009800000000
(1620507621.868431) can0 250#3C7F982062140004
(1620507621.888909) can0 231#016A630001000000
(1620507621.888910) can0 4B0#2710271027102710
(1620507621.888911) can0 22E#000FAA8000016A00
(1620507621.909513) can0 231#016A630001000000
(1620507621.909514) can0 082#FDFCF90CEB600602
(1620507621.909515) can0 4EC#0000000000000000
(1620507621.929975) can0 082#7FFCF920EB740563
(1620507621.929976) can0 39E#0008201C00100178
(1620507621.929977) can0 082#F2FCF934EB880535
(1620507621.950648) can0 240#1800000000000000
(1620507621.950649) can0 4EC#0000000000000000
(1620507621.950650) can0 240#1A00000000000000
(1620507621.970913) can0 165#2727270FC027273C
(1620507621.970914) can0 170#2727279C270C4611
(1620507621.970915) can0 461#0042000000000000
(1620507621.991471) can0 190#0000000000000000
(1620507621.991473) can0 430#3DAD000000000000
(1620507621.991473) can0 250#3C7F952062140004
(1620507622.012054) can0 190#0000000000000000
(1620507622.012055) can0 0FD#6300000028000000
(1620507622.012055) can0 228#0100000000000000
(1620507622.032488) can0 190#0000000000000000
(1620507622.032489) can0 0FD#6300000028000000
(1620507622.032490) can0 190#0000000000000000
(1620507622.052975) can0 0FD#6300000028000000
(1620507622.052976) can0 090#0FFF0FFF0FFF0FFF
(1620507622.052977) can0 190#0000000000000000
(1620507622.073483) can0 0FD#6300000028000000
(1620507622.073484) can0 090#2FFF0FFF0FFF0FFF
(1620507622.073485) can0 430#3FAC000000000000
(1620507622.094003) can0 433#0001780100001C00
(1620507622.094004) can0 0FD#6300000028000000
(1620507622.094004) can0 0FD#6300000028000000
(1620507622.114521) can0 090#6FFF0FFF0FFF0FFF
(1620507622.114522) can0 150#FEFE0000FFFE0000
(1620507622.114523) can0 0FD#6300000028000000
(1620507622.134990) can0 090#8FFF0FFF0FFF0FFF
(1620507622.134991) can0 150#FEFE0000FFFE0000
(1620507622.134991) can0 0FD#6300000028000000
(1620507622.155551) can0 090#AFFF0FFF0FFF0FFF
(1620507622.155552) can0 131#0000000000000000
(1620507622.155553) can0 0FD#6300000028000000
(1620507622.175994) can0 090#CFFF0FFF0FFF0FFF
(1620507622.175995) can0 150#FEFE0000FFFE0000
(1620507622.175996) can0 0FD#6300000028000000
(1620507622.196501) can0 090#EFFF0FFF0FFF0FFF
(1620507622.196502) can0 150#FEFE0000FFFE0000
(1620507622.196503) can0 090#0FFF0FFF0FFF0FFF
(1620507622.216972) can0 150#FEFE0000FFFE0000
(1620507622.216972) can0 200#275C279C26D68000
(1620507622.216973) can0 160#07D0000002BB7600
(1620507622.237624) can0 200#275C279E26D68000
(1620507622.237625) can0 201#02C0400000000000
(1620507622.237626) can0 160#07D0000002B97600
(1620507622.258081) can0 200#275C279F26D78000
(1620507622.258082) can0 201#02C0400000000000
(1620507622.258083) can0 211#FFFE800048590086
(1620507622.278501) can0 219#0000009500000000
(1620507622.278502) can0 22E#000FAA8000016A00
(1620507622.278502) can0 219#0000009700000000
(1620507622.299456) can0 22E#000FAA8000016A00
(1620507622.299457) can0 4B0#2710271027102710
(1620507622.299458) can0 22E#000FAA8000016A00
(1620507622.319961) can0 4B0#2710271027102710
(1620507622.319962) can0 231#016A630001000000
(1620507622.319963) can0 428#46000000
(1620507622.340459) can0 4B0#2710271027102710
(1620507622.340461) can0 4F0#192412FF00FF
(1620507622.340462) can0 082#1DFCFC18EE6C0AC6
(1620507622.360949) can0 165#2726270FC027263B
(1620507622.360950) can0 170#2726279C270C4611
(1620507622.360951) can0 082#9FFCFC54EEA80B6E
(1620507622.381484) can0 240#5E00000000000000
(1620507622.381485) can0 131#0000000000000000
(1620507622.381485) can0 4EC#0000000000000000
(1620507622.401487) can0 240#5D00000000000000
(1620507622.401489) can0 275#0000FF
(1620507622.401490) can0 240#6100000000000000
(1620507622.422037) can0 200#275E27A426D78000
(1620507622.422038) can0 090#5FFF0FFF0FFF0FFF
(1620507622.422038) can0 200#275E27A426D78000
(1620507622.443000) can0 090#7FFF0FFF0FFF0FFF
(1620507622.443001) can0 150#FEFE0000FFFE0000
(1620507622.443002) can0 165#2726270FC027263B
(1620507622.463093) can0 090#9FFF0FFF0FFF0FFF
(1620507622.463094) can0 150#FEFE0000FFFE0000
(1620507622.463095) can0 37B#640055AA55AA55AA
(1620507622.483503) can0 436#400000E700000000
(1620507622.483504) can0 200#275E27A526D78000
(1620507622.483505) can0 200#275F27A526D78000
(1620507622.504025) can0 090#DFFF0FFF0FFF0FFF
(1620507622.504026) can0 131#0000000000000000
(1620507622.504027) can0 165#2726270FC027263C
(1620507622.524532) can0 090#FFFF0FFF0FFF0FFF
(1620507622.524533) can0 150#FEFE0000FFFE0000
(1620507622.524534) can0 200#275F27A626D78000
(1620507622.545038) can0 090#1FFF0FFF0FFF0FFF
(1620507622.545039) can0 150#FEFE0000FFFE0000
(1620507622.545040) can0 200#276027A626D78000
(1620507622.565540) can0 090#3FFF0FFF0FFF0FFF
(1620507622.565541) can0 150#FEFE0000FFFE0000
(1620507622.565542) can0 165#2726270FC027263C
(1620507622.586046) can0 090#5FFF0FFF0FFF0FFF
(1620507622.586047) can0 150#FEFE0000FFFE0000
(1620507622.586048) can0 200#276127A726D78000
(1620507622.606122) can0 090#7FFF0FFF0FFF0FFF
(1620507622.606123) can0 131#0000000000000000
(1620507622.606123) can0 150#FEFE0000FFFE0000
(1620507622.626606) can0 201#02BF3FEC00000000
(1620507622.626607) can0 160#07D0000002A97600
(1620507622.626608) can0 160#07D0000002A87600
(1620507622.647089) can0 200#276127A726D78000
(1620507622.647090) can0 201#02BE3FD800000000
(1620507622.647090) can0 20F#7532271000CCFC00
(1620507622.667583) can0 211#FFFE8000485900AD
(1620507622.667584) can0 219#0000009A00000000
(1620507622.667585) can0 22E#000FAA8000016A00
(1620507622.688102) can0 250#3D7F9A2062140004
(1620507622.688106) can0 231#016A630001000000
(1620507622.688107) can0 211#FFFE8000485900B1
(1620507622.708586) can0 219#0000009A00000000
(1620507622.708588) can0 228#0100000000000000
(1620507622.708588) can0 4EC#0000000000000000
(1620507622.729096) can0 082#65FCFFBAF20E0803
(1620507622.729097) can0 39E#0008201B00100178
(1620507622.729097) can0 082#67FCFFE2F2360872
(1620507622.749712) can0 165#2727270FC027273D
(1620507622.749713) can0 082#59FC000AF25E0770
(1620507622.770135) can0 240#5600000000000000
(1620507622.770136) can0 190#0000000000000000
(1620507622.770145) can0 461#0042000000000000
(1620507622.790595) can0 240#5800000000000000
(1620507622.790596) can0 190#0000000000000000
(1620507622.790597) can0 340#0000000000000000
(1620507622.811072) can0 165#2728270FC027283D
(1620507622.811074) can0 170#2728279B270D4611
(1620507622.811075) can0 131#0000000000000000
(1620507622.831658) can0 228#0100000000000000
(1620507622.831660) can0 240#5D00000000000000
(1620507622.831661) can0 240#5500000000000000
(1620507622.852113) can0 190#0000000000000000
(1620507622.852115) can0 0FD#6300000028000000
(1620507622.852115) can0 190#0000000000000000
(1620507622.872597) can0 0FD#6300000028000000
(1620507622.872598) can0 090#2FFF0FFF0FFF0FFF
(1620507622.872598) can0 430#40A8000000000000
(1620507622.893148) can0 433#0001780100001C00
(1620507622.893149) can0 0FD#6300000028000000
(1620507622.893150) can0 0FD#6300000028000000
(1620507622.913599) can0 090#6FFF0FFF0FFF0FFF
(1620507622.913600) can0 150#FEFE0000FFFE0000
(1620507622.913601) can0 0FD#6300000028000000
(1620507622.934095) can0 090#8FFF0FFF0FFF0FFF
(1620507622.934096) can0 150#FEFE0000FFFE0000
(1620507622.934096) can0 0FD#6300000028000000
(1620507622.954596) can0 090#AFFF0FFF0FFF0FFF
(1620507622.954597) can0 131#0000000000000000
(1620507622.954597) can0 0FD#6300000028000000
(1620507622.975144) can0 090#CFFF0FFF0FFF0FFF
(1620507622.975145) can0 150#FEFE0000FFFE0000
(1620507622.975145) can0 0FD#6300000028000000
(1620507622.995687) can0 090#EFFF0FFF0FFF0FFF
(1620507622.995688) can0 150#FEFE0000FFFE0000
(1620507622.995689) can0 0FD#6300000028000000
(1620507623.016114) can0 090#0FFF0FFF0FFF0FFF
(1620507623.016115) can0 150#FEFE0000FFFE0000
(1620507623.016116) can0 0FD#6300000028000000
(1620507623.036640) can0 150#FEFE0000FFFE0000
(1620507623.036641) can0 165#2729270FC027293E
(1620507623.036642) can0 150#FEFE0000FFFE0000
(1620507623.057203) can0 201#02BB400000000000
(1620507623.057204) can0 160#07D0000002A57600
(1620507623.057205) can0 205#0000000000000000
(1620507623.077707) can0 20F#75322710005C6C00
(1620507623.077708) can0 211#FFFE8000485900D6
(1620507623.077709) can0 205#0000000000000000
(1620507623.098199) can0 20F#75322710007C4C00
(1620507623.098200) can0 211#FFFE8000485900D8
(1620507623.098200) can0 22E#000FAA8000016A00
(1620507623.118639) can0 4B0#2710271027102710
(1620507623.118640) can0 231#016A630001000000
(1620507623.118640) can0 231#016A630001000000
(1620507623.139219) can0 420#7F004B0000400000
(1620507623.139220) can0 428#46000000
(1620507623.139221) can0 22E#000FAA8000016A00
(1620507623.159710) can0 231#016A630001000000
(1620507623.159711) can0 250#3F7F9B2062140004
(1620507623.159711) can0 082#65FC03DEF6320B29
(1620507623.180157) can0 131#0000000000000000
(1620507623.180158) can0 228#0100000000000000
(1620507623.180158) can0 082#17FC0410F6640AC6
(1620507623.200653) can0 165#272A270FC0272A3F
(1620507623.200654) can0 170#272A279A270D4611
(1620507623.200654) can0 240#8000000000000000
(1620507623.221162) can0 200#276C27AC26D88000
(1620507623.221163) can0 090#5FFF0FFF0FFF0FFF
(1620507623.221163) can0 240#8900000000000000
(1620507623.241742) can0 165#272A270FC0272A3F
(1620507623.241743) can0 090#7FFF0FFF0FFF0FFF
(1620507623.241744) can0 240#9200000000000000
(1620507623.262127) can0 200#276C27AD26D88000
(1620507623.262128) can0 090#9FFF0FFF0FFF0FFF
(1620507623.262128) can0 240#9200000000000000
(1620507623.282796) can0 37B#640055AA55AA55AA
(1620507623.282797) can0 436#400000E700000000
(1620507623.282798) can0 405#27FFFFFFFFFFFFFF
(1620507623.303171) can0 165#272A270FC0272A40
(1620507623.303171) can0 090#DFFF0FFF0FFF0FFF
(1620507623.303172) can0 200#276D27AD26D88000
(1620507623.323676) can0 090#FFFF0FFF0FFF0FFF
(1620507623.323677) can0 150#FEFE0000FFFE0000
(1620507623.323677) can0 200#276E27AD26D88000
(1620507623.344176) can0 090#1FFF0FFF0FFF0FFF
(1620507623.344176) can0 150#FEFE0000FFFE0000
(1620507623.344177) can0 165#272A270FC0272A40
(1620507623.364703) can0 090#3FFF0FFF0FFF0FFF
(1620507623.364704) can0 150#FEFE0000FFFE0000
(1620507623.364705) can0 200#276F27AD26D88000
(1620507623.385176) can0 090#5FFF0FFF0FFF0FFF
(1620507623.385177) can0 150#FEFE0000FFFE0000
(1620507623.385178) can0 090#7FFF0FFF0FFF0FFF
(1620507623.405726) can0 200#276F27AE26D88000
(1620507623.405727) can0 131#0000000000000000
(1620507623.405727) can0 165#272B270FC0272B40
(1620507623.426190) can0 090#9FFF0FFF0FFF0FFF
(1620507623.426191) can0 150#FEFE0000FFFE0000
(1620507623.426192) can0 150#FEFE0000FFFE0000
(1620507623.446669) can0 201#02B9400000000000
(1620507623.446670) can0 160#07D0000002A27600
(1620507623.446674) can0 160#07D0000002A37600
(1620507623.467218) can0 205#0000000000000000
(1620507623.467219) can0 20F#7532271000CCFC00
(1620507623.467219) can0 201#02B83FEC00000000
(1620507623.487692) can0 205#0000000000000000
(1620507623.487693) can0 20F#7532271000ECDC00
(1620507623.487694) can0 211#FFFE800048590001
(1620507623.508262) can0 219#0000009B00000000
(1620507623.508263) can0 228#0100000000000000
(1620507623.508264) can0 231#016A630001000000
(1620507623.528677) can0 4EC#0000000000000000
(1620507623.528678) can0 082#0AFC06D6F92A0563
(1620507623.528678) can0 4B0#2710271027102710
(1620507623.549220) can0 231#016A630001000000
(1620507623.549221) can0 082#4CFC06F4F948071A
(1620507623.549222) can0 082#3EFC071CF97006A6
(1620507623.569708) can0 190#0000000000000000
(1620507623.569709) can0 240#D000000000000000
(1620507623.569709) can0 461#0042000000000000
(1620507623.590202) can0 082#71FC073AF98E0682
(1620507623.590203) can0 165#272C270FC0272C41
(1620507623.590204) can0 340#0000000000000000
(1620507623.610710) can0 082#B3FC0758F9AC0620
(1620507623.610710) can0 250#417F9D2062140004
(1620507623.610711) can0 082#F5FC0776F9CA0620
(1620507623.631280) can0 39E#0008201B00100178
(1620507623.631282) can0 131#0000000000000000
(1620507623.631282) can0 4EC#0000000000000000
(1620507623.651742) can0 190#0000000000000000
(1620507623.651743) can0 240#EA00000000000000
(1620507623.651743) can0 240#EE00000000000000
(1620507623.672207) can0 0FD#6300000028000000
(1620507623.672208) can0 090#2FFF0FFF0FFF0FFF
(1620507623.672208) can0 433#0001780100001B00
(1620507623.692791) can0 240#F600000000000000
(1620507623.692792) can0 0FD#6300000028000000
(1620507623.692792) can0 0FD#6300000028000000
(1620507623.713235) can0 090#6FFF0FFF0FFF0FFF
(1620507623.713236) can0 150#FEFE0000FFFE0000
(1620507623.713236) can0 0FD#6300000028000000
(1620507623.733807) can0 090#8FFF0FFF0FFF0FFF
(1620507623.733808) can0 150#FEFE0000FFFE0000
(1620507623.733809) can0 090#AFFF0FFF0FFF0FFF
(1620507623.754278) can0 0FD#6300000028000000
(1620507623.754279) can0 131#0000000000000000
(1620507623.754280) can0 0FD#6300000028000000
(1620507623.774715) can0 090#CFFF0FFF0FFF0FFF
(1620507623.774721) can0 150#FEFE0000FFFE0000
(1620507623.774721) can0 090#EFFF0FFF0FFF0FFF
(1620507623.795243) can0 20F#7532271000DCEC00
(1620507623.795244) can0 150#FEFE0000FFFE0000
(1620507623.795244) can0 0FD#6300000028000000
(1620507623.815275) can0 090#0FFF0FFF0FFF0FFF
(1620507623.815276) can0 150#FEFE0000FFFE0000
(1620507623.815277) can0 0FD#6300000028000000
(1620507623.835793) can0 090#2FFF0FFF0FFF0FFF
(1620507623.835794) can0 150#FEFE0000FFFE0000
(1620507623.835794) can0 131#0000000000000000
(1620507623.856277) can0 200#277627B826D98000
(1620507623.856278) can0 150#FEFE0000FFFE0000
(1620507623.856279) can0 170#272C279B270C4B11
(1620507623.876768) can0 200#277627B826D98000
(1620507623.876769) can0 201#02B7400000000000
(1620507623.876770) can0 205#0000000000000000
(1620507623.897337) can0 20F#75322710007C4C00
(1620507623.897338) can0 211#FFFE800048590028
(1620507623.897338) can0 211#FFFE80004859002A
(1620507623.917804) can0 219#0000009F00000000
(1620507623.917806) can0 22E#000FAA8000016A00
(1620507623.917806) can0 219#0000009F00000000
(1620507623.938416) can0 22E#000FAA8000016A00
(1620507623.938417) can0 250#427F9F2162140004
(1620507623.938418) can0 22E#000FAA8000016A00
(1620507623.958781) can0 231#016A630001000000
(1620507623.958782) can0 250#427F9F2162140004
(1620507623.958783) can0 165#272D270FC0272D43
(1620507623.979342) can0 170#272D279C270B4B11
(1620507623.979343) can0 082#1AFC085CFAB0024C
(1620507623.979344) can0 4EC#0000000000000000
(1620507623.999827) can0 082#1CFC085CFAB0024C
(1620507623.999828) can0 501#00AA55AA55AA55AA
(1620507623.999829) can0 082#DEFC0866FABA0067
(1620507624.020015) can0 240#EF00000000000000
(1620507624.020017) can0 090#5FFF0FFF0FFF0FFF
(1620507624.020017) can0 165#272D270FC0272D43
(1620507624.040493) can0 170#272D279C270B4B11
(1620507624.040495) can0 082#D1FC0866FABA0067
(1620507624.040495) can0 250#437F9E2162140004
(1620507624.060988) can0 082#93FC0870FAC40158
(1620507624.060990) can0 240#D700000000000000
(1620507624.060993) can0 131#0000000000000000
(1620507624.081497) can0 350#0000000000000000
(1620507624.081498) can0 228#0100000000000000
(1620507624.081499) can0 400#0B00000001020000
(1620507624.101596) can0 501#00AA55AA55AA55AA
(1620507624.101597) can0 405#05FFFFFFFFFF078A
(1620507624.101598) can0 240#9900000000000000
(1620507624.122075) can0 090#FFFF0FFF0FFF0FFF
(1620507624.122076) can0 240#6F00000000000000
(1620507624.142574) can0 090#1FFF0FFF0FFF0FFF
(1620507624.142575) can0 165#272E270EC0272E44
(1620507624.142576) can0 090#3FFF0FFF0FFF0FFF
(1620507624.163137) can0 200#277B27B626D68000
(1620507624.163138) can0 201#02C1402800000000
(1620507624.163138) can0 090#5FFF0FFF0FFF0FFF
(1620507624.183579) can0 200#277A27B526D68000
(1620507624.183580) can0 201#02C2402800000000
(1620507624.183580) can0 090#7FFF0FFF0FFF0FFF
(1620507624.204070) can0 165#272E270EC0272E44
(1620507624.204071) can0 170#272E279D270A4B11
(1620507624.204071) can0 090#9FFF0FFF0FFF0FFF
(1620507624.224591) can0 200#277B27B226D68000
(1620507624.224592) can0 201#02C3402800000000
(1620507624.224592) can0 090#BFFF0FFF0FFF0FFF
(1620507624.245089) can0 200#277B27B226D58000
(1620507624.245090) can0 201#02C4402800000000
(1620507624.245091) can0 165#272E270EC0272E45
(1620507624.265568) can0 170#272E279E27094B11
(1620507624.265571) can0 150#FEFE0000FFFE0000
(1620507624.265571) can0 150#FEFE0000FFFE0000
(1620507624.286052) can0 205#0000000000000000
(1620507624.286052) can0 160#07D0000002D27600
(1620507624.286053) can0 150#FEFE0000FFFE0000
(1620507624.306560) can0 20F#75322710000CBC00
(1620507624.306561) can0 160#07D0000002D57600
(1620507624.306561) can0 205#0000000000000000
(1620507624.327071) can0 20F#75322710002C9C00
(1620507624.327072) can0 211#FFFE800048590053
(1620507624.327073) can0 219#0000009800000000
(1620507624.347609) can0 22E#000FAA8000016A00
(1620507624.347611) can0 4B0#2710271027102710
(1620507624.347612) can0 231#016A630002000000
(1620507624.368088) can0 165#272D270EC0272D45
(1620507624.368089) can0 170#272D279F27084B11
(1620507624.368089) can0 231#016A630001000000
(1620507624.388649) can0 4B0#2710271027102710
(1620507624.388650) can0 461#0042000000000000
(1620507624.388650) can0 340#0000000000000000
(1620507624.409104) can0 250#457F962162140004
(1620507624.409104) can0 190#0000000000000000
(1620507624.409105) can0 165#272D270EC0272D45
(1620507624.429772) can0 170#272D279F27084B11
(1620507624.429773) can0 131#0000000000000000
(1620507624.429774) can0 4EC#0000000000000000
(1620507624.450185) can0 082#1CFC0884FAD80243
(1620507624.450186) can0 190#0000000000000000
(1620507624.450187) can0 082#1EFC0884FAD80243
(1620507624.470743) can0 190#0000000000000000
(1620507624.470744) can0 240#5200000000000000
(1620507624.470744) can0 190#0000000000000000
(1620507624.491158) can0 430#40AD000000000000
(1620507624.491159) can0 433#0001780100001C00
(1620507624.491159) can0 240#5200000000000000
(1620507624.511751) can0 090#6FFF0FFF0FFF0FFF
(1620507624.511753) can0 0FD#6300000028000000
(1620507624.511753) can0 240#5200000000000000
(1620507624.532397) can0 090#8FFF0FFF0FFF0FFF
(1620507624.532399) can0 0FD#6300000028000000
(1620507624.532399) can0 240#5200000000000000
(1620507624.552652) can0 090#AFFF0FFF0FFF0FFF
(1620507624.552653) can0 0FD#6300000028000000
(1620507624.552653) can0 240#5200000000000000
(1620507624.573209) can0 090#CFFF0FFF0FFF0FFF
(1620507624.573213) can0 0FD#6300000028000000
(1620507624.573213) can0 240#5200000000000000
(1620507624.593694) can0 090#EFFF0FFF0FFF0FFF
(1620507624.593695) can0 0FD#6300000028000000
(1620507624.593698) can0 090#0FFF0FFF0FFF0FFF
(1620507624.613843) can0 0FD#6300000028000000
(1620507624.613844) can0 200#277327AC26D58000
(1620507624.613845) can0 090#2FFF0FFF0FFF0FFF
(1620507624.634333) can0 0FD#6300000028000000
(1620507624.634335) can0 200#277227AC26D58000
(1620507624.634336) can0 090#4FFF0FFF0FFF0FFF
(1620507624.654934) can0 0FD#6300000028000000
(1620507624.654936) can0 165#272C270EC0272C45
(1620507624.654937) can0 0FD#6300000028000000
(1620507624.675298) can0 200#277327AE26D58000
(1620507624.675299) can0 150#FEFE0000FFFE0000
(1620507624.675300) can0 150#FEFE0000FFFE0000
(1620507624.695964) can0 201#02E4402800000000
(1620507624.695966) can0 160#07D0000002EC7600
(1620507624.695967) can0 160#07D0000002ED7600
(1620507624.715983) can0 200#277627AB26D68000
(1620507624.715985) can0 201#02E5402800000000
(1620507624.715986) can0 20F#7532271000BC0C00
(1620507624.736411) can0 211#FFFE80004859007C
(1620507624.736413) can0 219#0000009300000000
(1620507624.736414) can0 211#FFFE80004859007E
(1620507624.757031) can0 219#0000009200000000
(1620507624.757034) can0 228#0100000000000000
(1620507624.757035) can0 22E#000FAA8000016A00
(1620507624.777499) can0 4B0#2710271027102710
(1620507624.777508) can0 231#016A630001000000
(1620507624.777509) can0 231#016A630001000000
(1620507624.797866) can0 4EC#0000000000000000
(1620507624.797870) can0 275#0000FF
(1620507624.797870) can0 165#272C270DC0272C45
(1620507624.818343) can0 170#272C279F27074B11
(1620507624.818343) can0 082#14FC0884FAD80000
(1620507624.818344) can0 082#16FC0884FAD80000
(1620507624.838832) can0 240#5100000000000000
(1620507624.838833) can0 090#7FFF0FFF0FFF0FFF
(1620507624.838834) can0 250#457F932162140004
(1620507624.859329) can0 082#58FC087AFACEFFEC
(1620507624.859330) can0 240#5100000000000000
(1620507624.859330) can0 170#272C279F27074B11
(1620507624.879835) can0 131#0000000000000000
(1620507624.879836) can0 350#0000000000000000
(1620507624.879836) can0 400#1300000000000000
(1620507624.900420) can0 082#5CFC087AFACEFFEC
(1620507624.900420) can0 405#FFFFFFFFFFFFFFFF
(1620507624.900421) can0 240#5100000000000000
(1620507624.920853) can0 090#FFFF0FFF0FFF0FFF
(1620507624.920854) can0 165#272C270EC0272C45
(1620507624.920854) can0 240#5100000000000000
(1620507624.941360) can0 090#1FFF0FFF0FFF0FFF
(1620507624.941360) can0 200#277327AD26D98000
(1620507624.941361) can0 240#5100000000000000
(1620507624.961863) can0 090#3FFF0FFF0FFF0FFF
(1620507624.961864) can0 200#277327AF26D98000
(1620507624.961865) can0 240#5100000000000000
(1620507624.982351) can0 090#5FFF0FFF0FFF0FFF
(1620507624.982352) can0 165#272C270EC0272C45
(1620507624.982353) can0 240#5100000000000000
(1620507625.002833) can0 090#7FFF0FFF0FFF0FFF
(1620507625.002834) can0 200#277427AD26D98000
(1620507625.002834) can0 240#5100000000000000
(1620507625.023383) can0 090#9FFF0FFF0FFF0FFF
(1620507625.023384) can0 200#277427AD26D98000
(1620507625.023384) can0 090#BFFF0FFF0FFF0FFF
(1620507625.043854) can0 165#272C270EC0272C45
(1620507625.043855) can0 170#272C27A027074B11
(1620507625.043855) can0 090#DFFF0FFF0FFF0FFF
(1620507625.064367) can0 200#277327AD26DA8000
(1620507625.064368) can0 201#02F3402800000000
(1620507625.064369) can0 200#277327B026DA8000
(1620507625.084843) can0 201#02F3401400000000
(1620507625.084843) can0 150#FEFE0000FFFE0000
(1620507625.084844) can0 200#277327AD26DB8000
(1620507625.105391) can0 150#FEFE0000FFFE0000
(1620507625.105392) can0 201#02F3400000000000
(1620507625.105392) can0 160#07D0000002ED7600
(1620507625.125897) can0 20F#75322710002C9C00
(1620507625.125897) can0 211#FFFE8000485900A3
(1620507625.125908) can0 212#9800208005000000
(1620507625.146348) can0 219#0000009400000000
(1620507625.146349) can0 22E#000FAA8000016A00
(1620507625.146349) can0 219#0000009400000000
(1620507625.166851) can0 22E#000FAA8000016A00
(1620507625.166852) can0 4B0#2710271027102710
(1620507625.166852) can0 4B0#2710271027102710
(1620507625.187359) can0 461#0042000000000000
(1620507625.187360) can0 190#0000000000000000
(1620507625.187360) can0 340#0000000000000000
(1620507625.207885) can0 190#0000000000000000
(1620507625.207885) can0 165#272C270EC0272C45
(1620507625.207885) can0 4EC#0000000000000000
(1620507625.228435) can0 190#0000000000000000
(1620507625.228441) can0 131#0000000000000000
(1620507625.228442) can0 190#0000000000000000
(1620507625.249033) can0 4EC#0000000000000000
(1620507625.249033) can0 082#A2FC07F8FA4CFCD0
(1620507625.249034) can0 190#0000000000000000
(1620507625.269414) can0 165#272C270EC0272C45
(1620507625.269415) can0 170#272C279F27074B11
(1620507625.269422) can0 461#0042000000000000
(1620507625.289935) can0 190#0000000000000000
(1620507625.289935) can0 430#3DA8000000000000
(1620507625.289936) can0 250#457F952162140004
(1620507625.310391) can0 082#A8FC07D0FA24FCBF
(1620507625.310392) can0 240#6400000000000000
(1620507625.310395) can0 228#0100000000000000
(1620507625.330871) can0 082#EAFC07C6FA1AFD43
(1620507625.330872) can0 39E#0008201B00100178
(1620507625.330872) can0 240#5600000000000000
(1620507625.351371) can0 090#AFFF0FFF0FFF0FFF
(1620507625.351372) can0 0FD#6300000028000000
(1620507625.351373) can0 240#4F00000000000000
(1620507625.371901) can0 090#CFFF0FFF0FFF0FFF
(1620507625.371902) can0 0FD#6300000028000000
(1620507625.371902) can0 240#4C00000000000000
(1620507625.392433) can0 090#EFFF0FFF0FFF0FFF
(1620507625.392468) can0 0FD#6300000028000000
(1620507625.392469) can0 240#4300000000000000
(1620507625.412914) can0 090#0FFF0FFF0FFF0FFF
(1620507625.412914) can0 0FD#6300000028000000
(1620507625.412915) can0 240#4100000000000000
(1620507625.433415) can0 090#2FFF0FFF0FFF0FFF
(1620507625.433416) can0 0FD#6300000028000000
(1620507625.433416) can0 240#3400000000000000
(1620507625.453905) can0 090#4FFF0FFF0FFF0FFF
(1620507625.453906) can0 0FD#6300000028000000
(1620507625.453906) can0 240#3000000000000000
(1620507625.474433) can0 090#6FFF0FFF0FFF0FFF
(1620507625.474433) can0 0FD#6300000028000000
(1620507625.474434) can0 240#2B00000000000000
(1620507625.494922) can0 090#8FFF0FFF0FFF0FFF
(1620507625.494923) can0 090#AFFF0FFF0FFF0FFF
(1620507625.515416) can0 0FD#6300000028000000
(1620507625.515416) can0 200#277827AF26DF8000
(1620507625.515417) can0 0FD#6300000028000000
(1620507625.535979) can0 200#277827AD26DF8000
(1620507625.535980) can0 150#FEFE0000FFFE0000
(1620507625.535981) can0 131#0000000000000000
(1620507625.556430) can0 170#272D279F27084B11
(1620507625.556431) can0 150#FEFE0000FFFE0000
(1620507625.556431) can0 160#07D0000002E57600
(1620507625.576894) can0 205#0000000000000000
(1620507625.576895) can0 20F#754A271000FCCC00
(1620507625.576895) can0 20F#75322710001CAC00
(1620507625.597416) can0 211#FFFE8000485900D2
(1620507625.597416) can0 212#9800208005000000
(1620507625.597416) can0 201#02F3400000000000
(1620507625.617961) can0 205#0000000000000000
(1620507625.617963) can0 219#0000009400000000
(1620507625.617964) can0 250#477F932162140004
(1620507625.638433) can0 231#016A630001000000
(1620507625.638433) can0 420#7F00500000400000
(1620507625.638434) can0 22E#000FAA8000016A00
(1620507625.658948) can0 231#016A630001000000
(1620507625.658948) can0 165#272D270EC0272D47
(1620507625.658949) can0 4EC#0000000000000000
(1620507625.679477) can0 350#0000000000000000
(1620507625.679478) can0 37B#640055AA55AA55AA
(1620507625.679478) can0 275#0000FF
(1620507625.700152) can0 400#1B00000000000000
(1620507625.700153) can0 4EC#0000000000000000
(1620507625.700201) can0 165#272C270DC0272C47
(1620507625.720486) can0 170#272D27A027064B11
(1620507625.720487) can0 082#34FC0596F7EAFC5E
(1620507625.720488) can0 082#B6FC0582F7D6FB68
(1620507625.740974) can0 240#2400000000000000
(1620507625.740975) can0 090#1FFF0FFF0FFF0FFF
(1620507625.740975) can0 082#78FC0564F7B8FA85
(1620507625.761445) can0 240#2600000000000000
(1620507625.761446) can0 090#3FFF0FFF0FFF0FFF
(1620507625.761448) can0 228#0100000000000000
(1620507625.782226) can0 082#FAFC0550F7A4F935
(1620507625.782236) can0 240#2900000000000000
(1620507625.782237) can0 501#00AA55AA55AA55AA
(1620507625.802446) can0 240#2D00000000000000
(1620507625.802447) can0 090#7FFF0FFF0FFF0FFF
(1620507625.802447) can0 240#3100000000000000
(1620507625.823000) can0 090#9FFF0FFF0FFF0FFF
(1620507625.823001) can0 165#272B270DC0272B45
(1620507625.823002) can0 240#3F00000000000000
(1620507625.843525) can0 090#BFFF0FFF0FFF0FFF
(1620507625.843526) can0 200#2770279F26DF8000
(1620507625.843526) can0 240#3900000000000000
(1620507625.864202) can0 090#DFFF0FFF0FFF0FFF
(1620507625.864205) can0 200#276E27A226DF8000
(1620507625.864206) can0 090#FFFF0FFF0FFF0FFF
(1620507625.884463) can0 20F#7532271000ECDC00
(1620507625.884463) can0 211#FFFE8000485900EF
(1620507625.884464) can0 090#1FFF0FFF0FFF0FFF
(1620507625.904952) can0 20F#75322710000CBC00
(1620507625.904952) can0 200#276B27A326E08000
(1620507625.904953) can0 090#3FFF0FFF0FFF0FFF
(1620507625.925479) can0 20F#75322710002C9C00
(1620507625.925480) can0 200#276B27A326E08000
(1620507625.925480) can0 165#2729270DC0272943
(1620507625.946334) can0 150#FEFE0000FFFE0000
(1620507625.946336) can0 170#272927A027064B11
(1620507625.946337) can0 150#FEFE0000FFFE0000
(1620507625.966515) can0 201#02FF402800000000
(1620507625.966516) can0 160#07D0000002FF7600
(1620507625.966517) can0 205#0000000000000000
(1620507625.986980) can0 211#FFFE8000485900F9
(1620507625.986980) can0 219#0000008F00000000
(1620507625.986981) can0 205#0000000000000000
(1620507626.007698) can0 20F#7532271000AC1C00
(1620507626.007700) can0 211#FFFE8000485900FB
(1620507626.007702) can0 219#0000008F00000000
(1620507626.028017) can0 22E#000FAA8000016A00
(1620507626.028018) can0 240#6500000000000000
(1620507626.028018) can0 22E#000FAA8000016A00
(1620507626.048503) can0 240#5800000000000000
(1620507626.048504) can0 231#016A630001000000
(1620507626.048504) can0 231#016A630001000000
(1620507626.069099) can0 4B0#2710271027102710
(1620507626.069101) can0 190#0000000000000000
(1620507626.069102) can0 461#0042000000000000
(1620507626.089547) can0 190#0000000000000000
(1620507626.089548) can0 430#41AB000000000000
(1620507626.089548) can0 190#0000000000000000
(1620507626.110015) can0 340#0000000000000000
(1620507626.110016) can0 165#272A270EC0272A42
(1620507626.110016) can0 190#0000000000000000
(1620507626.130084) can0 131#0000000000000000
(1620507626.130085) can0 228#0100000000000000
(1620507626.130085) can0 190#0000000000000000
(1620507626.150630) can0 4EC#0000000000000000
(1620507626.150630) can0 082#D2FC021CF470F688
(1620507626.150641) can0 165#272A270EC0272A42
(1620507626.171264) can0 170#272A279F27084B11
(1620507626.171265) can0 082#E4FC01F4F448F713
(1620507626.171266) can0 433#0001780100001B00
(1620507626.191603) can0 082#86FC01CCF416F830
(1620507626.191604) can0 090#EFFF0FFF0FFF0FFF
(1620507626.191605) can0 082#F8FC01A4F3F8F752
(1620507626.212100) can0 090#0FFF0FFF0FFF0FFF
(1620507626.212101) can0 20F#7532271000FCCC00
(1620507626.212101) can0 082#FAFC017CF3D0F7C7
(1620507626.232947) can0 39E#0008201B00100178
(1620507626.232949) can0 090#2FFF0FFF0FFF0FFF
(1620507626.232951) can0 090#4FFF0FFF0FFF0FFF
(1620507626.253115) can0 20F#75322710003C8C00
(1620507626.253116) can0 0FD#6300000028000000
(1620507626.253116) can0 090#6FFF0FFF0FFF0FFF
(1620507626.273625) can0 20F#75322710005C6C00
(1620507626.273626) can0 0FD#6300000028000000
(1620507626.273632) can0 090#8FFF0FFF0FFF0FFF
(1620507626.294302) can0 20F#75322710007C4C00
(1620507626.294305) can0 0FD#6300000028000000
(1620507626.294305) can0 090#AFFF0FFF0FFF0FFF
(1620507626.314610) can0 20F#75322710009C2C00
(1620507626.314611) can0 0FD#6300000028000000
(1620507626.314611) can0 090#CFFF0FFF0FFF0FFF
(1620507626.335121) can0 20F#7532271000BC0C00
(1620507626.335122) can0 0FD#6300000028000000
(1620507626.335122) can0 090#EFFF0FFF0FFF0FFF
(1620507626.355625) can0 20F#7532271000DCEC00
(1620507626.355625) can0 0FD#6300000028000000
(1620507626.355625) can0 090#0FFF0FFF0FFF0FFF
(1620507626.376148) can0 20F#7532271000FCCC00
(1620507626.376149) can0 0FD#6300000028000000
(1620507626.376149) can0 0FD#6300000028000000
(1620507626.396719) can0 165#272B270EC0272B42
(1620507626.396720) can0 150#FEFE0000FFFE0000
(1620507626.396720) can0 150#FEFE0000FFFE0000
(1620507626.416848) can0 201#02F63FD800000000
(1620507626.416849) can0 160#07D0000002E07600
(1620507626.416850) can0 205#0000000000000000
(1620507626.437414) can0 211#FFFE800048590026
(1620507626.437416) can0 219#0000009800000000
(1620507626.437416) can0 201#02F53FEC00000000
(1620507626.457854) can0 205#0000000000000000
(1620507626.457855) can0 211#FFFE800048590028
(1620507626.457855) can0 22E#000FAA8000016A00
(1620507626.478289) can0 240#5300000000000000
(1620507626.478290) can0 231#016A630001000000
(1620507626.478290) can0 240#5200000000000000
(1620507626.498782) can0 231#016A630001000000
(1620507626.498783) can0 4B0#2710271027102710
(1620507626.498783) can0 4B0#2710271027102710
(1620507626.519511) can0 082#39FCFF74F1C8F9FE
(1620507626.519513) can0 090#FFFF0FFF0FFF0FFF
(1620507626.519514) can0 082#FBFCFF56F1AAF9FE
(1620507626.539965) can0 090#1FFF0FFF0FFF0FFF
(1620507626.539966) can0 20F#75322710000CBC00
(1620507626.539966) can0 165#272C270EC0272C43
(1620507626.560448) can0 170#272C279D27094B11
(1620507626.560449) can0 250#437F9A2162140004
(1620507626.560450) can0 436#400000E700000000
(1620507626.580962) can0 131#0000000000000000
(1620507626.580962) can0 228#0100000000000000
(1620507626.580963) can0 082#F2FCFF06F15AFC48
(1620507626.601560) can0 501#00AA55AA55AA55AA
(1620507626.601562) can0 090#7FFF0FFF0FFF0FFF
(1620507626.601563) can0 082#84FCFEF2F146FB8A
(1620507626.621480) can0 090#9FFF0FFF0FFF0FFF
(1620507626.621481) can0 20F#75322710008C3C00
(1620507626.621481) can0 082#06FCFEDEF132FCAD
(1620507626.641981) can0 090#BFFF0FFF0FFF0FFF
(1620507626.641982) can0 20F#7532271000AC1C00
(1620507626.641982) can0 082#48FCFED4F128FACB
(1620507626.662672) can0 090#DFFF0FFF0FFF0FFF
(1620507626.662673) can0 20F#7532271000CCFC00
(1620507626.662674) can0 090#FFFF0FFF0FFF0FFF
(1620507626.683008) can0 20F#7532271000ECDC00
(1620507626.683009) can0 200#277627B126E28000
(1620507626.683009) can0 090#1FFF0FFF0FFF0FFF
(1620507626.703485) can0 20F#75322710000CBC00
(1620507626.703486) can0 200#277627B126E28000
(1620507626.703486) can0 090#3FFF0FFF0FFF0FFF
(1620507626.723530) can0 20F#75322710002C9C00
(1620507626.723531) can0 165#272D270EC0272D45
(1620507626.723531) can0 090#5FFF0FFF0FFF0FFF
(1620507626.744022) can0 20F#75322710004C7C00
(1620507626.744023) can0 200#277727B126E28000
(1620507626.744023) can0 090#7FFF0FFF0FFF0FFF
(1620507626.764774) can0 20F#75322710006C5C00
(1620507626.764776) can0 200#277727B126E28000
(1620507626.764777) can0 090#9FFF0FFF0FFF0FFF
(1620507626.785021) can0 20F#75322710008C3C00
(1620507626.785021) can0 165#272D270EC0272D45
(1620507626.785022) can0 200#277927B026E18000
(1620507626.805541) can0 201#02EF400000000000
(1620507626.805541) can0 131#0000000000000000
(1620507626.805542) can0 205#0000000000000000
(1620507626.825572) can0 160#07D0000002D97600
(1620507626.825573) can0 211#FFFE80004859004D
(1620507626.825573) can0 201#02EF400000000000
(1620507626.846169) can0 205#0000000000000000
(1620507626.846170) can0 211#FFFE80004859004F
(1620507626.846171) can0 22E#000FAA8000016A00
(1620507626.866576) can0 240#5100000000000000
(1620507626.866577) can0 231#016A630001000000
(1620507626.887132) can0 250#467F982162140004
(1620507626.887135) can0 4B0#2710271027102710
(1620507626.887135) can0 240#5800000000000000
(1620507626.907588) can0 22E#000FAA8000016A00
(1620507626.907589) can0 4B0#2710271027102710
(1620507626.907589) can0 190#0000000000000000
(1620507626.927620) can0 131#0000000000000000
(1620507626.927621) can0 228#0100000000000000
(1620507626.927622) can0 190#0000000000000000
(1620507626.948108) can0 165#272D270EC0272D46
(1620507626.948109) can0 170#272D279E27094B11
(1620507626.948109) can0 082#59FCFE0CF060FC31
(1620507626.968707) can0 090#CFFF0FFF0FFF0FFF
(1620507626.968708) can0 20F#7532271000BC0C00
(1620507626.968708) can0 433#0001780100001B00
(1620507626.989161) can0 082#9BFCFE02F056FD99
(1620507626.989162) can0 090#EFFF0FFF0FFF0FFF
(1620507626.989162) can0 170#272E279E27094B11
(1620507627.009852) can0 250#467F982162140004
(1620507627.009854) can0 082#9DFCFE02F056FD99
(1620507627.009856) can0 228#0100000000000000
(1620507627.029729) can0 082#9FFCFE02F056FD99
(1620507627.029729) can0 39E#0008201B00100178
(1620507627.029730) can0 082#52FCFE0CF06000A3
(1620507627.050196) can0 090#4FFF0FFF0FFF0FFF
(1620507627.050196) can0 20F#75322710003C8C00
(1620507627.050196) can0 082#D4FCFE20F07404BC
(1620507627.070934) can0 090#6FFF0FFF0FFF0FFF
(1620507627.070936) can0 20F#75322710005C6C00
(1620507627.070938) can0 082#16FCFE3EF09204BC
(1620507627.091212) can0 090#8FFF0FFF0FFF0FFF
(1620507627.091213) can0 20F#75322710007C4C00
(1620507627.091214) can0 090#AFFF0FFF0FFF0FFF
(1620507627.111788) can0 20F#75322710009C2C00
(1620507627.111789) can0 0FD#6300000028000000
(1620507627.111790) can0 090#CFFF0FFF0FFF0FFF
(1620507627.132319) can0 20F#7532271000BC0C00
(1620507627.132320) can0 0FD#6300000028000000
(1620507627.132320) can0 090#EFFF0FFF0FFF0FFF
(1620507627.152718) can0 20F#7532271000DCEC00
(1620507627.152719) can0 0FD#6300000028000000
(1620507627.152719) can0 090#0FFF0FFF0FFF0FFF
(1620507627.173271) can0 20F#7532271000FCCC00
(1620507627.173272) can0 0FD#6300000028000000
(1620507627.173273) can0 0FD#6300000028000000
(1620507627.193750) can0 200#277927A626E08000
(1620507627.193751) can0 150#FEFE0000FFFE0000
(1620507627.193752) can0 200#277827A226E08000
(1620507627.217508) can0 150#FEFE0000FFFE0000
(1620507627.217509) can0 201#02EF400000000000
(1620507627.217509) can0 170#272D279F27074B11
(1620507627.234765) can0 160#07D0000002E47600
(1620507627.234766) can0 200#2777279E26DF8000
(1620507627.234767) can0 205#0000000000000000
(1620507627.255263) can0 160#07D0000002E67600
(1620507627.255264) can0 211#FFFE800048590078
(1620507627.255265) can0 22E#000FAA8000016A00
(1620507627.275760) can0 240#1100000000000000
(1620507627.275761) can0 231#016A630001000000
(1620507627.275767) can0 212#9800208005000000
(1620507627.296256) can0 219#0000009200000000
(1620507627.296257) can0 22E#000FAA8000016A00
(1620507627.296258) can0 4B0#2710271027102710
(1620507627.316767) can0 082#7EFCFF6AF1BE01A9
(1620507627.316768) can0 090#FFFF0FFF0FFF0FFF
(1620507627.316768) can0 4B0#2710271027102710
(1620507627.337273) can0 4F0#192412FF00FF
(1620507627.337274) can0 4F1#4A016DFFFF645D5D
(1620507627.337275) can0 250#447F8E2162140004
(1620507627.357779) can0 082#B3FCFF88F1DC027A
(1620507627.357780) can0 090#3FFF0FFF0FFF0FFF
(1620507627.357780) can0 436#400000E700000000
(1620507627.378264) can0 131#0000000000000000
(1620507627.378264) can0 228#0100000000000000
(1620507627.378265) can0 165#2729270DC0272943
(1620507627.398772) can0 170#272927A127054B12
(1620507627.398772) can0 4EC#0000000000000000
(1620507627.398773) can0 082#69FCFFBAF20E0498
(1620507627.419278) can0 090#9FFF0FFF0FFF0FFF
(1620507627.419279) can0 20F#75322710008C3C00
(1620507627.419280) can0 082#8BFCFFC4F2220476
(1620507627.442788) can0 090#BFFF0FFF0FFF0FFF
(1620507627.442789) can0 20F#7532271000AC1C00
(1620507627.442789) can0 082#6DFCFFE2F23603E8
(1620507627.460287) can0 090#DFFF0FFF0FFF0FFF
(1620507627.460288) can0 20F#7532271000CCFC00
(1620507627.460289) can0 082#EFFCFFF6F24A050A
(1620507627.480784) can0 090#FFFF0FFF0FFF0FFF
(1620507627.480785) can0 20F#7532271000ECDC00
(1620507627.480785) can0 082#12FC0014F268051F
(1620507627.501305) can0 501#00AA55AA55AA55AA
(1620507627.501306) can0 090#1FFF0FFF0FFF0FFF
(1620507627.501310) can0 090#3FFF0FFF0FFF0FFF
(1620507627.521805) can0 20F#75322710002C9C00
(1620507627.521805) can0 211#FFFE800048590093
(1620507627.521806) can0 090#5FFF0FFF0FFF0FFF
(1620507627.542315) can0 20F#75322710004C7C00
(1620507627.542316) can0 200#275A278B26DC8000
(1620507627.542317) can0 090#7FFF0FFF0FFF0FFF
(1620507627.562801) can0 20F#75322710006C5C00
(1620507627.562801) can0 165#2724270DC027243F
(1620507627.562802) can0 090#9FFF0FFF0FFF0FFF
(1620507627.583363) can0 20F#75322710008C3C00
(1620507627.583364) can0 211#FFFE800048590099
(1620507627.583365) can0 090#BFFF0FFF0FFF0FFF
(1620507627.603863) can0 20F#7532271000AC1C00
(1620507627.603864) can0 200#2756279026DD8000
(1620507627.603865) can0 165#2723270DC027233E
(1620507627.624314) can0 170#272327A127054B12
(1620507627.624315) can0 150#FEFE0000FFFE0000
(1620507627.624315) can0 150#FEFE0000FFFE0000
(1620507627.644803) can0 201#0307401400000000
(1620507627.644804) can0 160#07D0000003147600
(1620507627.644805) can0 160#07D0000003107600
(1620507627.665317) can0 205#0000000000000000
(1620507627.665318) can0 219#0000008D00000000
(1620507627.665319) can0 205#0000000000000000
