
(1733728680.623326) can0 545#BA39008B18002400
(1733728680.629379) can0 4F0#40003E80FF50C300
(1733728680.629381) can0 4F1#0000000000000000
(1733728680.629382) can0 153#80A100FF00FF405F
(1733728680.629383) can0 1F1#0500000000000000
(1733728680.629383) can0 220#D903FF470400FF0F
(1733728680.630628) can0 385#00000000000000E2
(1733728680.630629) can0 430#FFC30021FF030F00
(1733728680.630630) can0 4B0#0000000000000000
(1733728680.630631) can0 43F#005064FF41680C00
(1733728680.630632) can0 440#FE0000A0FFAAAAAA
(1733728680.631773) can0 2B0#930D780769
(1733728680.631775) can0 316#0520FC0C201F007F
(1733728680.631776) can0 0A0#3660E60C00230202
(1733728680.631777) can0 0A1#7D7B7C7E00000000
(1733728680.632769) can0 18F#0027200000520000
(1733728680.632771) can0 260#0720003000D95D0C
(1733728680.632772) can0 280#0000848B1900572E
(1733728680.632773) can0 2A0#80FF579C00000000
(1733728680.632774) can0 329#408B7B0C1125002E
(1733728680.633920) can0 545#BA30008B16001900
(1733728680.639670) can0 153#80A100FF00FF506F
(1733728680.639672) can0 220#D903FF470400FF0F
(1733728680.641151) can0 43F#005064FF41680C00
(1733728680.641153) can0 440#FE0000A0FFAAAAAA
(1733728680.641154) can0 2B0#620D7A079A
(1733728680.641155) can0 316#0520FC0C201F007F
(1733728680.641156) can0 0A0#3660E60C00230202
(1733728680.642257) can0 0A1#7D7B7C7E00000000
(1733728680.642259) can0 18F#0027200000520000
(1733728680.642260) can0 260#0720003000D95D1B
(1733728680.642261) can0 280#0000848B1900572E
(1733728680.642262) can0 2A0#20FF579C00000000
(1733728680.643482) can0 329#408B7B0C1125002E
(1733728680.643485) can0 545#BA30008A15001800
(1733728680.649348) can0 4F0#40004080FF50C300
(1733728680.649350) can0 4F1#0000000000000000
(1733728680.649351) can0 153#80A100FF00FF607F
(1733728680.649351) can0 1F1#0500000000000000
(1733728680.649352) can0 220#CF03FF470400F00F
(1733728680.650589) can0 385#00000000000000D3
(1733728680.650591) can0 430#FFE30020FF030E00
(1733728680.650592) can0 43F#005064FF41680C00
(1733728680.650593) can0 440#FE0000A0FFAAAAAA
(1733728680.650594) can0 4B0#0000000000000000
(1733728680.651701) can0 2B0#340D75074B
(1733728680.651702) can0 280#0000848B1900572E
(1733728680.651703) can0 0A0#3660E60C00230202
(1733728680.651705) can0 0A1#7D7B7C7E00000000
(1733728680.651706) can0 18F#0027210000520000
(1733728680.652932) can0 260#0721003000D96124
(1733728680.652934) can0 2A0#40FF579C00000000
(1733728680.652935) can0 316#0521D60C211F007F
(1733728680.652936) can0 329#408B7B0C1125002E
(1733728680.652936) can0 545#BA30008B32003600
(1733728680.654157) can0 690#0300010002070000
(1733728680.659689) can0 153#80A100FF00FF708F
(1733728680.659691) can0 220#CF03FF470400F00F
(1733728680.660970) can0 43F#005064FF41640C00
