(1663622363.044926) can0 153#202100FF00FF80BF
(1663622363.048138) can0 2B0#910D0007A8
(1663622363.049949) can0 220#E503000004003110
(1663622363.050647) can0 329#0C96800E112E0014
(1663622363.050917) can0 316#0500FC00002F0080
(1663622363.051130) can0 608#0028000000000000
(1663622363.054962) can0 153#202100FF00FF90CF
(1663622363.058090) can0 2B0#910D0007B9
(1663622363.059955) can0 220#E503000004003110
(1663622363.060127) can0 1F1#0800000000000000
(1663622363.061536) can0 329#0C96800E112E0014
(1663622363.061631) can0 316#0500FC00002F0080
(1663622363.061907) can0 608#0028000000000000
(1663622363.062162) can0 690#0000010000002800
(1663622363.064894) can0 153#202100FF00FFA0DF
(1663622363.065508) can0 5F0#0100
(1663622363.068167) can0 2B0#910D00078A
(1663622363.069990) can0 220#E503000004001E10
(1663622363.072927) can0 329#0C96800E112E0014
(1663622363.073120) can0 316#0500FC00002F0080
(1663622363.073369) can0 608#0028000000000000
(1663622363.075019) can0 153#202100FF00FFB0EF
(1663622363.078158) can0 2B0#910D00079B
(1663622363.079948) can0 220#E503000004001E10
(1663622363.080141) can0 1F1#0800000000000000
(1663622363.083641) can0 329#0C96800E112E0014
(1663622363.083830) can0 316#0500FC00002F0080
(1663622363.084013) can0 608#0028000000000000
(1663622363.084837) can0 153#202100FF00FFC0FF
(1663622363.088117) can0 2B0#910D0007EC
(1663622363.090036) can0 220#E503000004002410
(1663622363.094325) can0 329#0C96800E112E0014
(1663622363.094499) can0 316#0500FC00002F0080
(1663622363.094804) can0 608#0028000000000000
(1663622363.095036) can0 153#202100FF00FFD00F
(1663622363.098133) can0 2B0#910D0007FD
(1663622363.099929) can0 220#E503000004001110
(1663622363.100142) can0 1F1#0800000000000000
(1663622363.104925) can0 153#202100FF00FFE01F
(1663622363.105519) can0 329#0C96800E112E0014
(1663622363.105755) can0 316#0500FC00002F0080
(1663622363.105992) can0 608#0028000000000000
(1663622363.108081) can0 2B0#910D0007CE
(1663622363.109921) can0 220#E503000004001110
(1663622363.114969) can0 153#202100FF00FF003F
(1663622363.115439) can0 5F0#0100
(1663622363.116511) can0 329#4F96800E112E0014
(1663622363.116726) can0 316#0500FC00002F0080
(1663622363.116970) can0 608#0028000000000000
(1663622363.118174) can0 2B0#910D0007DF
(1663622363.119949) can0 220#E503000004001810
(1663622363.120178) can0 1F1#0800000000000000
(1663622363.125255) can0 153#202100FF00FF104F
(1663622363.127734) can0 329#4F96800E112E0014
(1663622363.127841) can0 316#0500FC00002F0080
(1663622363.128134) can0 608#0028000000000000
(1663622363.128287) can0 2B0#910D000720
(1663622363.129955) can0 220#E503000002001810
(1663622363.134955) can0 153#202100FF00FF205F
(1663622363.138461) can0 2B0#910D000731
(1663622363.138486) can0 329#4F96800E112E0014
(1663622363.138643) can0 316#0500FC00002F0080
(1663622363.138911) can0 608#0028000000000000
(1663622363.140014) can0 220#E503000004000B10
(1663622363.140203) can0 1F1#0800000000000000
(1663622363.145021) can0 153#202100FF00FF306F
(1663622363.148103) can0 2B0#910D000702
(1663622363.149591) can0 329#4F96800E112E0014
(1663622363.149835) can0 316#0500FC00002F0080
(1663622363.150047) can0 220#E503000004000B10
(1663622363.150282) can0 608#0028000000000000
(1663622363.154859) can0 153#202100FF00FF407F
(1663622363.158222) can0 2B0#910D000713
(1663622363.159959) can0 220#E503000004001110
(1663622363.160164) can0 1F1#0800000000000000
(1663622363.160363) can0 329#4F96800E112E0014
(1663622363.160611) can0 316#0500FC00002F0080
(1663622363.160864) can0 608#0028000000000000
(1663622363.162563) can0 690#0000010000002C00
(1663622363.164919) can0 153#202100FF00FF508F
(1663622363.165493) can0 5F0#0100
(1663622363.168120) can0 2B0#910D000764
(1663622363.169886) can0 220#E503000004001110
(1663622363.171739) can0 329#4F96800E112E0014
(1663622363.171918) can0 316#0500FC00002F0080
(1663622363.172252) can0 608#0028000000000000
(1663622363.175211) can0 153#202100FF00FF609F
(1663622363.178258) can0 2B0#910D000775
(1663622363.180092) can0 220#E503000007001110
(1663622363.180116) can0 1F1#0800000000000000
(1663622363.182919) can0 329#4F96800E112E0014
(1663622363.183127) can0 316#0500FC00002F0080
(1663622363.183367) can0 608#0028000000000000
(1663622363.184964) can0 153#202100FF00FF70AF
(1663622363.188362) can0 2B0#910D000746
(1663622363.189870) can0 220#E503000004002A10
(1663622363.193217) can0 329#4F96800E112E0014
(1663622363.193407) can0 316#0500FC00002F0080
(1663622363.193715) can0 608#0028000000000000
(1663622363.194960) can0 153#202100FF00FF80BF
(1663622363.198224) can0 2B0#910D000757
(1663622363.199955) can0 220#E503000004002A10
(1663622363.200171) can0 1F1#0800000000000000
(1663622363.204215) can0 5A0#0000001000000000
(1663622363.204643) can0 329#4F96800E112E0014
(1663622363.204804) can0 316#0500FC00002F0080
(1663622363.205100) can0 153#202100FF00FF90CF
(1663622363.205336) can0 608#0028000000000000
(1663622363.208536) can0 2B0#910D0007A8
(1663622363.210203) can0 220#E503000004003110
(1663622363.215265) can0 153#202100FF00FFA0DF
(1663622363.215289) can0 329#4F96800E112E0014
(1663622363.215530) can0 316#0500FC00002F0080
(1663622363.215693) can0 5F0#0100
(1663622363.215899) can0 608#0028000000000000
(1663622363.218530) can0 2B0#910D0007B9
(1663622363.220072) can0 220#E503000004003110
(1663622363.220098) can0 1F1#0800000000000000
(1663622363.224913) can0 153#202100FF00FFB0EF
(1663622363.226678) can0 329#8096800E112E0014
(1663622363.226910) can0 316#0500FC00002F0080
(1663622363.227161) can0 608#0028000000000000
(1663622363.228180) can0 2B0#910D00078A
(1663622363.229887) can0 220#E203000004002A10
(1663622363.234861) can0 153#202100FF00FFC0FF
(1663622363.237275) can0 329#8096800E112E0014
(1663622363.237507) can0 316#0500FC00002F0080
(1663622363.237755) can0 608#0028000000000000
(1663622363.238160) can0 2B0#910D00079B
(1663622363.239890) can0 220#DD03000004002A10
(1663622363.240106) can0 1F1#0800000000000000
(1663622363.244897) can0 153#202100FF00FFD00F
(1663622363.248346) can0 2B0#910D0007EC
(1663622363.248525) can0 329#8096800E112E0014
(1663622363.248835) can0 316#0500FC00002F0080
(1663622363.249080) can0 608#0028000000000000
(1663622363.250009) can0 220#DD03000004002A10
(1663622363.254914) can0 153#202100FF00FFE01F
(1663622363.258169) can0 2B0#910D0007FD
(1663622363.259354) can0 329#8096800E112E0014
(1663622363.259533) can0 316#0500FC00002F0080
(1663622363.259783) can0 608#0028000000000000
(1663622363.260009) can0 220#D903000004002410
(1663622363.260236) can0 1F1#0800000000000000
(1663622363.262374) can0 690#0000010000003000
(1663622363.265037) can0 153#202100FF00FF003F
(1663622363.265514) can0 5F0#0100
(1663622363.268236) can0 2B0#910D0007CE
(1663622363.270699) can0 220#D903000004002410
(1663622363.270723) can0 329#8096800E112E0014
(1663622363.270835) can0 316#0500FC00002F0080
(1663622363.271032) can0 608#0028000000000000
(1663622363.275036) can0 153#202100FF00FF104F
(1663622363.278233) can0 2B0#910D0007DF
(1663622363.280040) can0 220#D903000007002A10
(1663622363.280132) can0 1F1#0800000000000000
(1663622363.281702) can0 329#8096800E112E0014
(1663622363.281727) can0 316#0500FC00002F0080
(1663622363.282008) can0 608#0028000000000000
(1663622363.285077) can0 153#202100FF00FF205F
(1663622363.288444) can0 2B0#910D000720
(1663622363.289907) can0 220#D903000004002A10
(1663622363.292886) can0 329#8096800E112E0014
(1663622363.293058) can0 316#0500FC00002F0080
(1663622363.293303) can0 608#0028000000000000
(1663622363.294906) can0 153#202100FF00FF306F
(1663622363.298227) can0 2B0#910D000731
(1663622363.299997) can0 220#D903000004001810
(1663622363.300158) can0 1F1#0800000000000000
(1663622363.303599) can0 329#8096800E112E0014
(1663622363.303760) can0 316#0500FC00002F0080
(1663622363.304036) can0 608#0028000000000000
(1663622363.305010) can0 153#202100FF00FF407F
(1663622363.308424) can0 2B0#910D000702
(1663622363.310097) can0 220#D903000004001110
(1663622363.314416) can0 329#8096800E112E0014
(1663622363.314443) can0 316#0500FC00002F0080
(1663622363.314805) can0 608#0028000000000000
(1663622363.314998) can0 153#202100FF00FF508F
(1663622363.315513) can0 5F0#0100
(1663622363.318374) can0 2B0#910D000713
(1663622363.319917) can0 220#D903000004001110
(1663622363.320106) can0 1F1#0800000000000000
(1663622363.325034) can0 153#202100FF00FF609F
(1663622363.325615) can0 329#8096800E112E0014
(1663622363.325778) can0 316#0500FC00002F0080
(1663622363.325987) can0 608#0028000000000000
(1663622363.328399) can0 2B0#910D000764
(1663622363.330038) can0 220#E20300000400F90F
(1663622363.335102) can0 153#202100FF00FF70AF
(1663622363.336649) can0 329#E396800E112E0014
(1663622363.336674) can0 316#0500FC00002F0080
(1663622363.336942) can0 608#0028000000000000
(1663622363.338608) can0 2B0#910D000775
(1663622363.339974) can0 220#E20300000400F90F
(1663622363.340153) can0 1F1#0800000000000000
(1663622363.345261) can0 153#202100FF00FF80BF
(1663622363.347983) can0 329#E396800E112E0014
(1663622363.348009) can0 316#0500FC00002F0080
(1663622363.348175) can0 608#0028000000000000
(1663622363.348338) can0 2B0#910D000746
(1663622363.350263) can0 220#E503000004003110
(1663622363.355085) can0 153#202100FF00FF90CF
(1663622363.358332) can0 329#E396800E112E0014
(1663622363.358486) can0 2B0#910D000757
(1663622363.358719) can0 316#0500FC00002F0080
(1663622363.358967) can0 608#0028000000000000
(1663622363.359996) can0 220#E503000004003110
(1663622363.360179) can0 1F1#0800000000000000
(1663622363.362441) can0 690#0000010000003400
(1663622363.365189) can0 153#202100FF00FFA0DF
(1663622363.365432) can0 5F0#0100
(1663622363.368362) can0 2B0#910D0007A8
(1663622363.369622) can0 329#E396800E112E0014
(1663622363.369836) can0 316#0500FC00002F0080
(1663622363.370045) can0 220#E503000004002410
(1663622363.370278) can0 608#0028000000000000
(1663622363.375079) can0 153#202100FF00FFB0EF
(1663622363.378620) can0 2B0#910D0007B9
(1663622363.380023) can0 220#E503000004001810
(1663622363.380172) can0 1F1#0800000000000000
(1663622363.380487) can0 329#E396800E112E0014
(1663622363.380712) can0 316#0500FC00002F0080
(1663622363.380959) can0 608#0028000000000000
(1663622363.384930) can0 153#202100FF00FFC0FF
(1663622363.388450) can0 2B0#910D00078A
(1663622363.390281) can0 220#E503000004001810
(1663622363.392029) can0 329#E396800E112E0014
(1663622363.392054) can0 316#0500FC00002F0080
(1663622363.392202) can0 608#0028000000000000
(1663622363.395276) can0 153#202100FF00FFD00F
(1663622363.398461) can0 2B0#910D00079B
(1663622363.400286) can0 220#E503000004001810
(1663622363.400310) can0 1F1#0800000000000000
(1663622363.403231) can0 329#E396800E112E0014
(1663622363.403256) can0 316#0500FC00002F0080
(1663622363.403325) can0 608#0028000000000000
(1663622363.405029) can0 153#202100FF00FFE01F
(1663622363.408690) can0 2B0#910D0007EC
(1663622363.410106) can0 220#E503000002001810
(1663622363.413541) can0 329#E396800E112E0014
(1663622363.413566) can0 316#0500FC00002F0080
(1663622363.413719) can0 608#0028000000000000
(1663622363.415077) can0 153#202100FF00FF003F
(1663622363.415547) can0 5F0#0100
(1663622363.418513) can0 2B0#910D0007FD
(1663622363.420132) can0 220#E50300000400FF0F
(1663622363.420157) can0 1F1#0800000000000000
(1663622363.424877) can0 329#E396800E112E0014
(1663622363.424902) can0 316#0500FC00002F0080
(1663622363.425005) can0 153#202100FF00FF104F
(1663622363.425245) can0 608#0028000000000000
(1663622363.428679) can0 2B0#910D0007CE
(1663622363.430281) can0 220#E50300000400FF0F
(1663622363.435020) can0 153#202100FF00FF205F
(1663622363.435245) can0 329#E396800E112E0014
(1663622363.435495) can0 316#0500FC00002F0080
(1663622363.435746) can0 608#0028000000000000
(1663622363.438706) can0 2B0#910D0007DF
(1663622363.440107) can0 220#E503000004002A10
(1663622363.440120) can0 1F1#0800000000000000
(1663622363.445179) can0 153#202100FF00FF306F
(1663622363.446783) can0 329#0C96800E112E0014
(1663622363.446973) can0 316#0500FC00002F0080
(1663622363.447212) can0 608#0028000000000000
(1663622363.448482) can0 2B0#910D000720
(1663622363.450079) can0 220#E503000004002410
(1663622363.455106) can0 153#202100FF00FF407F
(1663622363.457448) can0 329#0C96800E112E0014
(1663622363.457552) can0 316#0500FC00002F0080
(1663622363.457839) can0 608#0028000000000000
(1663622363.458596) can0 2B0#910D000731
(1663622363.460034) can0 220#E503000004002410
(1663622363.460225) can0 1F1#0800000000000000
(1663622363.462496) can0 690#0000010000003800
(1663622363.465216) can0 153#202100FF00FF508F
(1663622363.465406) can0 5F0#0100
(1663622363.468500) can0 2B0#910D000702
(1663622363.468579) can0 329#0C96800E112E0014
(1663622363.468867) can0 316#0500FC00002F0080
(1663622363.469055) can0 608#0028000000000000
(1663622363.469930) can0 220#E503000004002A10
(1663622363.474897) can0 153#202100FF00FF609F
(1663622363.478445) can0 2B0#910D000713
(1663622363.479298) can0 329#0C96800E112E0014
(1663622363.479433) can0 316#0500FC00002F0080
(1663622363.479680) can0 608#0028000000000000
(1663622363.479932) can0 220#E503000004002A10
(1663622363.480185) can0 1F1#0800000000000000
(1663622363.484967) can0 153#202100FF00FF70AF
(1663622363.488416) can0 2B0#910D000764
(1663622363.489970) can0 220#E50300000400FF0F
(1663622363.490620) can0 329#0C96800E112E0014
(1663622363.490830) can0 316#0500FC00002F0080
(1663622363.491015) can0 608#0028000000000000
(1663622363.494964) can0 153#202100FF00FF80BF
(1663622363.498462) can0 2B0#910D000775
(1663622363.499872) can0 220#E50300000400FF0F
(1663622363.500129) can0 1F1#0800000000000000
(1663622363.501332) can0 329#0C96800E112E0014
(1663622363.501554) can0 316#0500FC00002F0080
(1663622363.501830) can0 608#0028000000000000
(1663622363.504903) can0 153#202100FF00FF90CF
(1663622363.508360) can0 2B0#910D000746
(1663622363.509865) can0 220#E503000004001110
(1663622363.512585) can0 329#0C96800E112E0014
(1663622363.512831) can0 316#0500FC00002F0080
(1663622363.513077) can0 608#0028000000000000
(1663622363.514882) can0 153#202100FF00FFA0DF
(1663622363.515403) can0 5F0#0100
(1663622363.518356) can0 2B0#910D000757
(1663622363.519887) can0 220#E503000007001E10
(1663622363.520127) can0 1F1#0800000000000000
(1663622363.523684) can0 329#0C96800E112E0014
(1663622363.523929) can0 316#0500FC00002F0080
(1663622363.524201) can0 608#0028000000000000
(1663622363.525106) can0 153#202100FF00FFB0EF
(1663622363.528541) can0 2B0#910D0007A8
(1663622363.530151) can0 220#E503000004001E10
(1663622363.534214) can0 329#0C96800E112E0014
(1663622363.534452) can0 316#0500FC00002F0080
(1663622363.534821) can0 608#0028000000000000
(1663622363.535013) can0 153#202100FF00FFC0FF
(1663622363.538717) can0 2B0#910D0007B9
(1663622363.540057) can0 220#E503000007002A10
(1663622363.540208) can0 1F1#0800000000000000
(1663622363.545022) can0 153#202100FF00FFD00F
(1663622363.545586) can0 329#0C96800E112E0014
(1663622363.545798) can0 316#0500FC00002F0080
(1663622363.546049) can0 608#0028000000000000
(1663622363.548533) can0 2B0#910D00078A
(1663622363.550115) can0 220#E503000004002A10
(1663622363.555086) can0 153#202100FF00FFE01F
(1663622363.556676) can0 329#4F96800E112E0014
(1663622363.556701) can0 316#0500FC00002F0080
(1663622363.556859) can0 608#0028000000000000
(1663622363.558431) can0 2B0#910D00079B
(1663622363.559909) can0 220#E103000004003D10
(1663622363.560131) can0 1F1#0800000000000000
(1663622363.561957) can0 690#0000010000003C00
(1663622363.564913) can0 153#202100FF00FF003F
(1663622363.565454) can0 5F0#0100
(1663622363.567673) can0 329#4F96800E112E0014
(1663622363.567908) can0 316#0500FC00002F0080
(1663622363.568162) can0 608#0028000000000000
(1663622363.568472) can0 2B0#910D0007EC
(1663622363.570165) can0 220#E103000004003D10
(1663622363.575258) can0 153#202100FF00FF104F
(1663622363.578245) can0 329#4F96800E112E0014
(1663622363.578442) can0 316#0500FC00002F0080
(1663622363.578681) can0 2B0#910D0007FD
(1663622363.578865) can0 608#0028000000000000
(1663622363.579984) can0 220#D903000004001810
(1663622363.580132) can0 1F1#0800000000000000
(1663622363.585005) can0 153#202100FF00FF205F
(1663622363.588599) can0 2B0#910D0007CE
(1663622363.589654) can0 329#4F96800E112E0014
(1663622363.589909) can0 316#0500FC00002F0080
(1663622363.590064) can0 220#D903000007001810
(1663622363.590334) can0 608#0028000000000000
(1663622363.595078) can0 153#202100FF00FF306F
(1663622363.598545) can0 2B0#910D0007DF
(1663622363.600045) can0 220#D903000004001810
(1663622363.600195) can0 1F1#0800000000000000
(1663622363.600458) can0 329#4F96800E112E0014
(1663622363.600671) can0 316#0500FC00002F0080
(1663622363.600942) can0 608#0028000000000000
(1663622363.605282) can0 153#202100FF00FF407F
(1663622363.608533) can0 2B0#910D000720
(1663622363.609976) can0 220#D903000004001E10
(1663622363.611833) can0 329#4F96800E112E0014
(1663622363.611846) can0 316#0500FC00002F0080
(1663622363.612175) can0 608#0028000000000000
(1663622363.615262) can0 153#202100FF00FF508F
(1663622363.615494) can0 5F0#0100
(1663622363.618686) can0 2B0#910D000731
(1663622363.619995) can0 220#D903000002001E10
(1663622363.620207) can0 1F1#0800000000000000
(1663622363.622991) can0 329#4F96800E112E0014
(1663622363.623015) can0 316#0500FC00002F0080
(1663622363.623098) can0 608#0028000000000000
(1663622363.625198) can0 153#202100FF00FF609F
(1663622363.628611) can0 2B0#910D000702
(1663622363.630001) can0 220#D903000004002A10
(1663622363.633581) can0 329#4F96800E112E0014
(1663622363.633605) can0 316#0500FC00002F0080
(1663622363.633752) can0 608#0028000000000000
(1663622363.635181) can0 153#202100FF00FF70AF
(1663622363.638865) can0 2B0#910D000713
(1663622363.640259) can0 220#D903000007002A10
(1663622363.640284) can0 1F1#0800000000000000
(1663622363.644657) can0 329#4F96800E112E0014
(1663622363.644734) can0 316#0500FC00002F0080
(1663622363.644965) can0 153#202100FF00FF80BF
(1663622363.645211) can0 608#0028000000000000
(1663622363.648517) can0 2B0#910D000764
(1663622363.649909) can0 220#DD03000004002410
(1663622363.654983) can0 153#202100FF00FF90CF
(1663622363.655243) can0 329#4F96800E112E0014
(1663622363.655492) can0 316#0500FC00002F0080
(1663622363.655738) can0 608#0028000000000000
(1663622363.658861) can0 2B0#910D000775
(1663622363.660279) can0 220#E203000004001810
(1663622363.660304) can0 1F1#0800000000000000
(1663622363.661804) can0 690#0000010000000000
(1663622363.665240) can0 153#202100FF00FFA0DF
(1663622363.665429) can0 5F0#0100
(1663622363.666731) can0 329#8096800E112E0014
(1663622363.666890) can0 316#0500FC00002F0080
(1663622363.667135) can0 608#0028000000000000
(1663622363.668508) can0 2B0#910D000746
(1663622363.670028) can0 220#E203000004001810
(1663622363.674915) can0 153#202100FF00FFB0EF
(1663622363.677277) can0 329#8096800E112E0014
(1663622363.677514) can0 316#0500FC00002F0080
(1663622363.677728) can0 608#0028000000000000
(1663622363.678511) can0 2B0#910D000757
(1663622363.679953) can0 220#E403000004001810
(1663622363.680155) can0 1F1#0800000000000000
(1663622363.685261) can0 153#202100FF00FFC0FF
(1663622363.688548) can0 329#8096800E112E0014
(1663622363.688736) can0 2B0#910D0007A8
(1663622363.688961) can0 316#0500FC00002F0080
(1663622363.689233) can0 608#0028000000000000
(1663622363.690199) can0 220#E403000002001810
(1663622363.695267) can0 153#202100FF00FFD00F
(1663622363.698909) can0 2B0#910D0007B9
(1663622363.699250) can0 329#8096800E112E0014
(1663622363.699525) can0 316#0500FC00002F0080
(1663622363.699728) can0 608#0028000000000000
(1663622363.699971) can0 220#E403000004003710
(1663622363.700211) can0 1F1#0800000000000000
(1663622363.705026) can0 153#202100FF00FFE01F
(1663622363.708904) can0 2B0#910D00078A
(1663622363.710111) can0 220#E403000004003710
(1663622363.710646) can0 329#8096800E112E0014
(1663622363.710809) can0 316#0500FC00002F0080
(1663622363.711057) can0 608#0028000000000000
(1663622363.715321) can0 153#202100FF00FF003F
(1663622363.715431) can0 5F0#0100
(1663622363.718763) can0 2B0#910D00079B
(1663622363.720094) can0 220#E403000004002410
(1663622363.720184) can0 1F1#0800000000000000
(1663622363.721551) can0 329#8096800E112E0014
(1663622363.721576) can0 316#0500FC00002F0080
(1663622363.721901) can0 608#0028000000000000
(1663622363.725239) can0 153#202100FF00FF104F
(1663622363.728930) can0 2B0#910D0007EC
(1663622363.730306) can0 220#E403000004002410
(1663622363.732986) can0 329#8096800E112E0014
(1663622363.733011) can0 316#0500FC00002F0080
(1663622363.733173) can0 608#0028000000000000
(1663622363.735313) can0 153#202100FF00FF205F
(1663622363.738704) can0 2B0#910D0007FD
(1663622363.740029) can0 220#E403000004002410
(1663622363.740206) can0 1F1#0800000000000000
(1663622363.743558) can0 329#8096800E112E0014
(1663622363.743759) can0 316#0500FC00002F0080
(1663622363.743995) can0 608#0028000000000000
(1663622363.744956) can0 153#202100FF00FF306F
(1663622363.748731) can0 2B0#910D0007CE
(1663622363.750289) can0 220#E403000004002A10
(1663622363.754596) can0 329#8096800E112E0014
(1663622363.754622) can0 316#0500FC00002F0080
(1663622363.754793) can0 608#0028000000000000
(1663622363.754935) can0 153#202100FF00FF407F
(1663622363.758767) can0 2B0#910D0007DF
(1663622363.760178) can0 220#E403000004002A10
(1663622363.760203) can0 1F1#0800000000000000
(1663622363.761982) can0 690#0000010000000400
(1663622363.765095) can0 153#202100FF00FF508F
(1663622363.765597) can0 329#8096800E112E0014
(1663622363.765759) can0 316#0500FC00002F0080
(1663622363.765926) can0 5F0#0100
(1663622363.766199) can0 608#0028000000000000
(1663622363.768678) can0 2B0#910D000720
(1663622363.770116) can0 220#E403000004002A10
(1663622363.775313) can0 153#202100FF00FF609F
(1663622363.776536) can0 329#E396800E112E0014
(1663622363.776632) can0 316#0500FC00002F0080
(1663622363.776952) can0 608#0028000000000000
(1663622363.778771) can0 2B0#910D000731
(1663622363.780173) can0 220#E403000004002A10
(1663622363.780199) can0 1F1#0800000000000000
(1663622363.785303) can0 153#202100FF00FF70AF
(1663622363.787657) can0 329#E396800E112E0014
(1663622363.787896) can0 316#0500FC00002F0080
(1663622363.788138) can0 608#0028000000000000
(1663622363.788695) can0 2B0#910D000702
(1663622363.789942) can0 220#E403000004003710
(1663622363.795105) can0 153#202100FF00FF80BF
(1663622363.798608) can0 329#E396800E112E0014
(1663622363.798639) can0 316#0500FC00002F0080
(1663622363.798642) can0 2B0#910D000713
(1663622363.798928) can0 608#0028000000000000
(1663622363.800064) can0 220#E403000004002A10
(1663622363.800244) can0 1F1#0800000000000000
(1663622363.805119) can0 153#202100FF00FF90CF
(1663622363.808950) can0 2B0#910D000764
(1663622363.809767) can0 329#E396800E112E0014
(1663622363.809791) can0 316#0500FC00002F0080
(1663622363.810084) can0 220#E403000004002A10
(1663622363.810312) can0 608#0028000000000000
(1663622363.815291) can0 153#202100FF00FFA0DF
(1663622363.815507) can0 5F0#0100
(1663622363.818991) can0 2B0#910D000775
(1663622363.820294) can0 220#E403000004002A10
(1663622363.820319) can0 1F1#0800000000000000
(1663622363.820386) can0 329#E396800E112E0014
(1663622363.820737) can0 316#0500FC00002F0080
(1663622363.820901) can0 608#0028000000000000
(1663622363.824915) can0 153#202100FF00FFB0EF
(1663622363.828989) can0 2B0#910D000746
(1663622363.830070) can0 220#E403000002002A10
(1663622363.832082) can0 329#E396800E112E0014
(1663622363.832106) can0 316#0500FC00002F0080
(1663622363.832204) can0 608#0028000000000000
(1663622363.835041) can0 153#202100FF00FFC0FF
(1663622363.838732) can0 2B0#910D000757
(1663622363.840013) can0 220#E403000004002A10
(1663622363.840233) can0 1F1#0800000000000000
(1663622363.842720) can0 329#E396800E112E0014
(1663622363.842831) can0 316#0500FC00002F0080
(1663622363.843054) can0 608#0028000000000000
(1663622363.845122) can0 153#202100FF00FFD00F
(1663622363.848813) can0 2B0#910D0007A8
(1663622363.850277) can0 220#E403000004002A10
(1663622363.853170) can0 329#E396800E112E0014
(1663622363.853355) can0 316#0500FC00002F0080
(1663622363.853602) can0 608#0028000000000000
(1663622363.855293) can0 153#202100FF00FFE01F
(1663622363.858709) can0 2B0#910D0007B9
(1663622363.860051) can0 220#E403000004003710
(1663622363.860221) can0 1F1#0800000000000000
(1663622363.861682) can0 690#0000010000000800
(1663622363.864609) can0 329#E396800E112E0014
(1663622363.864749) can0 316#0500FC00002F0080
(1663622363.865016) can0 153#202100FF00FF003F
(1663622363.865293) can0 608#0028000000000000
(1663622363.865652) can0 5F0#0100
(1663622363.868932) can0 2B0#910D00078A
(1663622363.870292) can0 220#E403000007001E10
(1663622363.875008) can0 153#202100FF00FF104F
(1663622363.875188) can0 329#E396800E112E0014
(1663622363.875401) can0 316#0500FC00002F0080
(1663622363.875744) can0 608#0028000000000000
(1663622363.878730) can0 2B0#910D00079B
(1663622363.879966) can0 220#E403000004001E10
(1663622363.880151) can0 1F1#0800000000000000
(1663622363.885312) can0 153#202100FF00FF205F
(1663622363.886723) can0 329#0C96800E112E0014
(1663622363.886864) can0 316#0500FC00002F0080
(1663622363.887108) can0 608#0028000000000000
(1663622363.888746) can0 2B0#910D0007EC
(1663622363.890216) can0 220#E403000004001110
(1663622363.895166) can0 153#202100FF00FF306F
(1663622363.897506) can0 329#0C96800E112E0014
(1663622363.897531) can0 316#0500FC00002F0080
(1663622363.897789) can0 608#0028000000000000
(1663622363.898863) can0 2B0#910D0007FD
(1663622363.900055) can0 220#E403000004001110
(1663622363.900244) can0 1F1#0800000000000000
(1663622363.904998) can0 153#202100FF00FF407F
(1663622363.908577) can0 329#0C96800E112E0014
(1663622363.908754) can0 316#0500FC00002F0080
(1663622363.908951) can0 2B0#910D0007CE
(1663622363.909201) can0 608#0028000000000000
(1663622363.910028) can0 220#E403000004001810
(1663622363.915120) can0 153#202100FF00FF508F
(1663622363.915430) can0 5F0#0100
(1663622363.918784) can0 2B0#910D0007DF
(1663622363.919247) can0 329#0C96800E112E0014
(1663622363.919469) can0 316#0500FC00002F0080
(1663622363.919733) can0 608#0028000000000000
(1663622363.919988) can0 220#E403000004001810
(1663622363.920236) can0 1F1#0800000000000000
(1663622363.925102) can0 153#202100FF00FF609F
(1663622363.928913) can0 2B0#910D000720
(1663622363.930166) can0 220#E403000004003D10
(1663622363.930805) can0 329#0C96800E112E0014
(1663622363.930985) can0 316#0500FC00002F0080
(1663622363.931248) can0 608#0028000000000000
(1663622363.935138) can0 153#202100FF00FF70AF
(1663622363.938731) can0 2B0#910D000731
(1663622363.939963) can0 220#E403000004001E10
(1663622363.940185) can0 1F1#0800000000000000
(1663622363.941454) can0 329#0C96800E112E0014
(1663622363.941678) can0 316#0500FC00002F0080
(1663622363.941901) can0 608#0028000000000000
(1663622363.945176) can0 153#202100FF00FF80BF
(1663622363.948928) can0 2B0#910D000702
(1663622363.950176) can0 220#E403000004001E10
(1663622363.952744) can0 329#0C96800E112E0014
(1663622363.952833) can0 316#0500FC00002F0080
(1663622363.953056) can0 608#0028000000000000
(1663622363.954933) can0 153#202100FF00FF90CF
(1663622363.958753) can0 2B0#910D000713
(1663622363.959955) can0 220#E403000004000B10
(1663622363.960179) can0 1F1#0800000000000000
(1663622363.961581) can0 690#0000010000000C00
(1663622363.963606) can0 329#0C96800E112E0014
(1663622363.963654) can0 316#0500FC00002F0080
(1663622363.963994) can0 608#0028000000000000
(1663622363.965084) can0 153#202100FF00FFA0DF
(1663622363.965538) can0 5F0#0100
(1663622363.968954) can0 2B0#910D000764
(1663622363.970181) can0 220#E403000004000B10
(1663622363.974419) can0 329#0C96800E112E0014
(1663622363.974443) can0 316#0500FC00002F0080
(1663622363.974745) can0 608#0028000000000000
(1663622363.974976) can0 153#202100FF00FFB0EF
(1663622363.978910) can0 2B0#910D000775
(1663622363.980116) can0 220#E403000004000B10
(1663622363.980205) can0 1F1#0800000000000000
(1663622363.985171) can0 153#202100FF00FFC0FF
(1663622363.985554) can0 329#0C96800E112E0014
(1663622363.985754) can0 316#0500FC00002F0080
(1663622363.986027) can0 608#0028000000000000
(1663622363.988764) can0 2B0#910D000746
(1663622363.990118) can0 220#E403000004000B10
(1663622363.994987) can0 153#202100FF00FFD00F
(1663622363.996524) can0 329#4F96800E112E0014
(1663622363.996754) can0 316#0500FC00002F0080
(1663622363.997006) can0 608#0028000000000000
(1663622363.998747) can0 2B0#910D000757
(1663622363.999953) can0 220#E403000004001E10
(1663622364.000178) can0 1F1#0800000000000000
(1663622364.004953) can0 153#202100FF00FFE01F
(1663622364.007646) can0 329#4F96800E112E0014
(1663622364.007849) can0 316#0500FC00002F0080
(1663622364.008071) can0 608#0028000000000000
(1663622364.008769) can0 2B0#910D0007A8
(1663622364.009953) can0 220#E403000004000510
(1663622364.015017) can0 153#202100FF00FF003F
(1663622364.015426) can0 5F0#0100
(1663622364.018179) can0 329#4F96800E112E0014
(1663622364.018425) can0 316#0500FC00002F0080
(1663622364.018674) can0 608#0028000000000000
(1663622364.018883) can0 2B0#910D0007B9
(1663622364.020042) can0 220#E403000004000510
(1663622364.020234) can0 1F1#0800000000000000
(1663622364.025170) can0 153#202100FF00FF104F
(1663622364.028867) can0 2B0#910D00078A
(1663622364.029584) can0 329#4F96800E112E0014
(1663622364.029759) can0 316#0500FC00002F0080
(1663622364.030015) can0 220#E403000004000B10
(1663622364.030299) can0 608#0028000000000000
(1663622364.035160) can0 153#202100FF00FF205F
(1663622364.038949) can0 2B0#910D00079B
(1663622364.040329) can0 220#E403000004000B10
(1663622364.040354) can0 1F1#0800000000000000
(1663622364.040416) can0 329#4F96800E112E0014
(1663622364.040738) can0 316#0500FC00002F0080
(1663622364.041004) can0 608#0028000000000000
(1663622364.045329) can0 153#202100FF00FF306F
(1663622364.049155) can0 2B0#910D0007EC
(1663622364.050329) can0 220#E403000004001E10
(1663622364.051700) can0 329#4F96800E112E0014
(1663622364.051891) can0 316#0500FC00002F0080
(1663622364.052156) can0 608#0028000000000000
(1663622364.055174) can0 153#202100FF00FF407F
(1663622364.059096) can0 2B0#910D0007FD
(1663622364.060171) can0 220#E403000007001E10
(1663622364.060196) can0 1F1#0800000000000000
(1663622364.061774) can0 690#0000010000001000
(1663622364.062701) can0 329#4F96800E112E0014
(1663622364.062878) can0 316#0500FC00002F0080
(1663622364.063143) can0 608#0028000000000000
(1663622364.065248) can0 153#202100FF00FF508F
(1663622364.065500) can0 5F0#0100
(1663622364.069018) can0 2B0#910D0007CE
(1663622364.070333) can0 220#E403000004002410
(1663622364.073288) can0 329#4F96800E112E0014
(1663622364.073314) can0 316#0500FC00002F0080
(1663622364.073739) can0 608#0028000000000000
(1663622364.075251) can0 153#202100FF00FF609F
(1663622364.079229) can0 2B0#910D0007DF
(1663622364.080327) can0 220#E403000004001E10
(1663622364.080352) can0 1F1#0800000000000000
(1663622364.084607) can0 329#4F96800E112E0014
(1663622364.084751) can0 316#0500FC00002F0080
(1663622364.085033) can0 153#202100FF00FF70AF
(1663622364.085286) can0 608#0028000000000000
(1663622364.088881) can0 2B0#910D000720
(1663622364.090063) can0 220#E403000004001E10
(1663622364.095328) can0 153#202100FF00FF80BF
(1663622364.095353) can0 329#4F96800E112E0014
(1663622364.095424) can0 316#0500FC00002F0080
(1663622364.095731) can0 608#0028000000000000
(1663622364.099228) can0 2B0#910D000731
(1663622364.100330) can0 220#E403000004003710
(1663622364.100355) can0 1F1#0800000000000000
(1663622364.105285) can0 153#202100FF00FF90CF
(1663622364.106716) can0 329#8096800E112E0014
(1663622364.106830) can0 316#0500FC00002F0080
(1663622364.107103) can0 608#0028000000000000
(1663622364.108983) can0 2B0#910D000702
(1663622364.110002) can0 220#E403000004003710
(1663622364.115246) can0 153#202100FF00FFA0DF
(1663622364.115511) can0 5F0#0100
(1663622364.118553) can0 329#8096800E112E0014
(1663622364.118579) can0 316#0500FC00002F0080
(1663622364.118769) can0 608#0028000000000000
(1663622364.118858) can0 2B0#910D000713
(1663622364.120117) can0 220#E403000004001810
(1663622364.120180) can0 1F1#0800000000000000
(1663622364.124975) can0 153#202100FF00FFB0EF
(1663622364.129082) can0 2B0#910D000764
(1663622364.129589) can0 329#8096800E112E0014
(1663622364.129751) can0 316#0500FC00002F0080
(1663622364.129980) can0 220#E403000004001810
(1663622364.130241) can0 608#0028000000000000
(1663622364.135261) can0 153#202100FF00FFC0FF
(1663622364.139226) can0 2B0#910D000775
(1663622364.140334) can0 220#E403000004001110
(1663622364.140359) can0 1F1#0800000000000000
(1663622364.140524) can0 329#8096800E112E0014
(1663622364.140719) can0 316#0500FC00002F0080
(1663622364.140959) can0 608#0028000000000000
(1663622364.145325) can0 153#202100FF00FFD00F
(1663622364.149226) can0 2B0#910D000746
(1663622364.150113) can0 220#E403000004002410
(1663622364.151783) can0 329#8096800E112E0014
(1663622364.151842) can0 316#0500FC00002F0080
(1663622364.152076) can0 608#0028000000000000
(1663622364.155358) can0 153#202100FF00FFE01F
(1663622364.159254) can0 2B0#910D000757
(1663622364.160325) can0 220#E403000004002410
(1663622364.160350) can0 1F1#0800000000000000
(1663622364.161521) can0 690#0000010000001400
(1663622364.162659) can0 329#8096800E112E0014
(1663622364.162913) can0 316#0500FC00002F0080
(1663622364.163129) can0 608#0028000000000000
(1663622364.165257) can0 153#202100FF00FF003F
(1663622364.165514) can0 5F0#0100
(1663622364.169261) can0 2B0#910D0007A8
(1663622364.170359) can0 220#E403000004000B10
(1663622364.173482) can0 329#8096800E112E0014
(1663622364.173507) can0 316#0500FC00002F0080
(1663622364.173591) can0 608#0028000000000000
(1663622364.175331) can0 153#202100FF00FF104F
(1663622364.179260) can0 2B0#910D0007B9
(1663622364.180360) can0 220#E403000002000B10
(1663622364.180385) can0 1F1#0800000000000000
(1663622364.184843) can0 329#8096800E112E0014
(1663622364.184868) can0 316#0500FC00002F0080
(1663622364.185028) can0 608#0028000000000000
(1663622364.185240) can0 153#202100FF00FF205F
(1663622364.189099) can0 2B0#910D00078A
(1663622364.190098) can0 220#E403000004001E10
(1663622364.195125) can0 153#202100FF00FF306F
(1663622364.195191) can0 329#8096800E112E0014
(1663622364.195416) can0 316#0500FC00002F0080
(1663622364.195685) can0 608#0028000000000000
(1663622364.199150) can0 2B0#910D00079B
(1663622364.200216) can0 220#E403000004001E10
(1663622364.200239) can0 1F1#0800000000000000
(1663622364.202912) can0 5A0#0000001000000000
(1663622364.205259) can0 153#202100FF00FF407F
(1663622364.206751) can0 329#8096800E112E0014
(1663622364.206857) can0 316#0500FC00002F0080
(1663622364.207179) can0 608#0028000000000000
(1663622364.209030) can0 2B0#910D0007EC
(1663622364.210353) can0 220#E403000004002410
(1663622364.215328) can0 153#202100FF00FF508F
(1663622364.215508) can0 5F0#0100
(1663622364.217610) can0 329#E396800E112E0014
(1663622364.217635) can0 316#0500FC00002F0080
(1663622364.217792) can0 608#0028000000000000
(1663622364.219087) can0 2B0#910D0007FD
(1663622364.220080) can0 220#E403000004002410
(1663622364.220208) can0 1F1#0800000000000000
(1663622364.225357) can0 153#202100FF00FF609F
(1663622364.228826) can0 329#E396800E112E0014
(1663622364.228851) can0 316#0500FC00002F0080
(1663622364.229010) can0 608#0028000000000000
(1663622364.229177) can0 2B0#910D0007CE
(1663622364.230329) can0 220#E403000004002410
(1663622364.235113) can0 153#202100FF00FF70AF
(1663622364.239326) can0 2B0#910D0007DF
(1663622364.239351) can0 329#E396800E112E0014
(1663622364.239360) can0 316#0500FC00002F0080
(1663622364.239721) can0 608#0028000000000000
(1663622364.240038) can0 220#E403000004002A10
(1663622364.240245) can0 1F1#0800000000000000
(1663622364.245349) can0 153#202100FF00FF80BF
(1663622364.249272) can0 2B0#910D000720
(1663622364.250350) can0 220#E403000002002A10
(1663622364.250546) can0 329#E396800E112E0014
(1663622364.250810) can0 316#0500FC00002F0080
(1663622364.251029) can0 608#0028000000000000
(1663622364.255332) can0 153#202100FF00FF90CF
(1663622364.259143) can0 2B0#910D000731
(1663622364.260191) can0 220#E403000004003110
(1663622364.260215) can0 1F1#0800000000000000
(1663622364.261576) can0 690#0000010000001800
(1663622364.261599) can0 329#E396800E112E0014
(1663622364.261756) can0 316#0500FC00002F0080
(1663622364.261961) can0 608#0028000000000000
(1663622364.265343) can0 153#202100FF00FFA0DF
(1663622364.265495) can0 5F0#0100
(1663622364.269312) can0 2B0#910D000702
(1663622364.270158) can0 220#E403000004003110
(1663622364.272699) can0 329#E396800E112E0014
(1663622364.272912) can0 316#0500FC00002F0080
(1663622364.273088) can0 608#0028000000000000
(1663622364.275327) can0 153#202100FF00FFB0EF
(1663622364.279284) can0 2B0#910D000713
(1663622364.280103) can0 220#E403000004003110
(1663622364.280217) can0 1F1#0800000000000000
(1663622364.283596) can0 329#E396800E112E0014
(1663622364.283796) can0 316#0500FC00002F0080
(1663622364.284040) can0 608#0028000000000000
(1663622364.285348) can0 153#202100FF00FFC0FF
(1663622364.289256) can0 2B0#910D000764
(1663622364.290114) can0 220#E403000004003D10
(1663622364.294402) can0 329#E396800E112E0014
(1663622364.294426) can0 316#0500FC00002F0080
(1663622364.294701) can0 608#0028000000000000
(1663622364.295050) can0 153#202100FF00FFD00F
(1663622364.299324) can0 2B0#910D000775
(1663622364.300163) can0 220#E403000007003D10
(1663622364.300189) can0 1F1#0800000000000000
(1663622364.305237) can0 153#202100FF00FFE01F
(1663622364.305426) can0 329#E396800E112E0014
(1663622364.305711) can0 316#0500FC00002F0080
(1663622364.305934) can0 608#0028000000000000
(1663622364.309221) can0 2B0#910D000746
(1663622364.310273) can0 220#E403000004003110
(1663622364.315331) can0 153#202100FF00FF003F
(1663622364.315532) can0 5F0#0100
(1663622364.316703) can0 329#E396800E112E0014
(1663622364.316727) can0 316#0500FC00002F0080
(1663622364.316906) can0 608#0028000000000000
(1663622364.319348) can0 2B0#910D000757
(1663622364.320110) can0 220#E403000002003110
(1663622364.320291) can0 1F1#0800000000000000
(1663622364.325338) can0 153#202100FF00FF104F
(1663622364.327925) can0 329#0C96800E112E0014
(1663622364.327950) can0 316#0500FC00002F0080
(1663622364.328096) can0 608#0028000000000000
(1663622364.329347) can0 2B0#910D0007A8
(1663622364.330251) can0 220#E403000004002A10
(1663622364.335199) can0 153#202100FF00FF205F
(1663622364.338380) can0 329#0C96800E112E0014
(1663622364.338393) can0 316#0500FC00002F0080
(1663622364.338713) can0 608#0028000000000000
(1663622364.339101) can0 2B0#910D0007B9
(1663622364.340250) can0 220#E403000004002A10
(1663622364.340273) can0 1F1#0800000000000000
(1663622364.345060) can0 153#202100FF00FF306F
(1663622364.349371) can0 2B0#910D00078A
(1663622364.349564) can0 329#0C96800E112E0014
(1663622364.349797) can0 316#0500FC00002F0080
(1663622364.350047) can0 608#0028000000000000
(1663622364.350273) can0 220#E403000004002410
(1663622364.355285) can0 153#202100FF00FF407F
(1663622364.359081) can0 2B0#910D00079B
(1663622364.359982) can0 220#E403000004000B10
(1663622364.360208) can0 1F1#0800000000000000
(1663622364.360452) can0 329#0C96800E112E0014
(1663622364.360746) can0 316#0500FC00002F0080
(1663622364.361005) can0 608#0028000000000000
(1663622364.361621) can0 690#0000010000001C00
(1663622364.364988) can0 153#202100FF00FF508F
(1663622364.365451) can0 5F0#0100
(1663622364.369130) can0 2B0#910D0007EC
(1663622364.370235) can0 220#E403000004000B10
(1663622364.371657) can0 329#0C96800E112E0014
(1663622364.371830) can0 316#0500FC00002F0080
(1663622364.372054) can0 608#0028000000000000
(1663622364.375265) can0 153#202100FF00FF609F
(1663622364.379404) can0 2B0#910D0007FD
(1663622364.380192) can0 220#E403000004001810
(1663622364.380218) can0 1F1#0800000000000000
(1663622364.382699) can0 329#0C96800E112E0014
(1663622364.382896) can0 316#0500FC00002F0080
(1663622364.383102) can0 608#0028000000000000
(1663622364.385156) can0 153#202100FF00FF70AF
(1663622364.389403) can0 2B0#910D0007CE
(1663622364.390153) can0 220#E403000002001810
(1663622364.393584) can0 329#0C96800E112E0014
(1663622364.393608) can0 316#0500FC00002F0080
(1663622364.393913) can0 608#0028000000000000
(1663622364.395351) can0 153#202100FF00FF80BF
(1663622364.399427) can0 2B0#910D0007DF
(1663622364.400168) can0 220#E403000004001E10
(1663622364.400194) can0 1F1#0800000000000000
(1663622364.404569) can0 329#0C96800E112E0014
(1663622364.404741) can0 316#0500FC00002F0080
(1663622364.404978) can0 608#0028000000000000
(1663622364.405238) can0 153#202100FF00FF90CF
(1663622364.409066) can0 2B0#910D000720
(1663622364.410075) can0 220#E403000004001E10
(1663622364.415355) can0 153#202100FF00FFA0DF
(1663622364.415380) can0 329#0C96800E112E0014
(1663622364.415540) can0 316#0500FC00002F0080
(1663622364.415564) can0 5F0#0100
(1663622364.415918) can0 608#0028000000000000
(1663622364.419437) can0 2B0#910D000731
(1663622364.420177) can0 220#E403000004001E10
(1663622364.420238) can0 1F1#0800000000000000
(1663622364.425276) can0 153#202100FF00FFB0EF
(1663622364.426744) can0 329#0C96800E112E0014
(1663622364.426924) can0 316#0500FC00002F0080
(1663622364.427173) can0 608#0028000000000000
(1663622364.429428) can0 2B0#910D000702
(1663622364.429970) can0 220#E403000004002A10
(1663622364.435183) can0 153#202100FF00FFC0FF
(1663622364.437431) can0 329#4F96800E112E0014
(1663622364.437456) can0 316#0500FC00002F0080
(1663622364.437758) can0 608#0028000000000000
(1663622364.439446) can0 2B0#910D000713
(1663622364.440031) can0 220#E403000004002A10
(1663622364.440248) can0 1F1#0800000000000000
(1663622364.445012) can0 153#202100FF00FFD00F
(1663622364.448598) can0 329#4F96800E112E0014
(1663622364.448755) can0 316#0500FC00002F0080
(1663622364.448944) can0 608#0028000000000000
(1663622364.449115) can0 2B0#910D000764
(1663622364.450108) can0 220#E403000004003710
(1663622364.455256) can0 153#202100FF00FFE01F
(1663622364.459445) can0 2B0#910D000775
(1663622364.459470) can0 329#4F96800E112E0014
(1663622364.459635) can0 316#0500FC00002F0080
(1663622364.459893) can0 608#0028000000000000
(1663622364.460077) can0 220#E403000004003710
(1663622364.460326) can0 1F1#0800000000000000
(1663622364.461681) can0 690#0000010000002000
(1663622364.465366) can0 153#202100FF00FF003F
(1663622364.465456) can0 5F0#0100
(1663622364.469268) can0 2B0#910D000746
(1663622364.470164) can0 220#E403000007001E10
(1663622364.470575) can0 329#4F96800E112E0014
(1663622364.470775) can0 316#0500FC00002F0080
(1663622364.471051) can0 608#0028000000000000
(1663622364.475121) can0 153#202100FF00FF104F
(1663622364.479451) can0 2B0#910D000757
(1663622364.480119) can0 220#E403000004001E10
(1663622364.480231) can0 1F1#0800000000000000
(1663622364.481581) can0 329#4F96800E112E0014
(1663622364.481613) can0 316#0500FC00002F0080
(1663622364.481970) can0 608#0028000000000000
(1663622364.485182) can0 153#202100FF00FF205F
(1663622364.489271) can0 2B0#910D0007A8
(1663622364.490115) can0 220#E403000004001110
(1663622364.492619) can0 329#4F96800E112E0014
(1663622364.492828) can0 316#0500FC00002F0080
(1663622364.493040) can0 608#0028000000000000
(1663622364.495349) can0 153#202100FF00FF306F
(1663622364.499280) can0 2B0#910D0007B9
(1663622364.500368) can0 220#E403000004000510
(1663622364.500392) can0 1F1#0800000000000000
(1663622364.503756) can0 329#4F96800E112E0014
(1663622364.503781) can0 316#0500FC00002F0080
(1663622364.503943) can0 608#0028000000000000
(1663622364.505363) can0 153#202100FF00FF407F
(1663622364.509282) can0 2B0#910D00078A
(1663622364.510115) can0 220#E403000004000510
(1663622364.514422) can0 329#4F96800E112E0014
(1663622364.514446) can0 316#0500FC00002F0080
(1663622364.514651) can0 608#0028000000000000
(1663622364.514980) can0 153#202100FF00FF508F
(1663622364.515453) can0 5F0#0100
(1663622364.519507) can0 2B0#910D00079B
(1663622364.520100) can0 220#E403000004002410
(1663622364.520294) can0 1F1#0800000000000000
(1663622364.525112) can0 153#202100FF00FF609F
(1663622364.525520) can0 329#4F96800E112E0014
(1663622364.525752) can0 316#0500FC00002F0080
(1663622364.525981) can0 608#0028000000000000
(1663622364.529514) can0 2B0#910D0007EC
(1663622364.530186) can0 220#E403000002002410
(1663622364.535266) can0 153#202100FF00FF70AF
(1663622364.536439) can0 329#4F96800E112E0014
(1663622364.536569) can0 316#0500FC00002F0080
(1663622364.536911) can0 608#0028000000000000
(1663622364.539402) can0 2B0#910D0007FD
(1663622364.540266) can0 220#E403000004001110
(1663622364.540292) can0 1F1#0800000000000000
(1663622364.545250) can0 153#202100FF00FF80BF
(1663622364.547601) can0 329#8096800E112E0014
(1663622364.547838) can0 316#0500FC00002F0080
(1663622364.548007) can0 608#0028000000000000
(1663622364.549155) can0 2B0#910D0007CE
(1663622364.550096) can0 220#E403000004001110
(1663622364.555009) can0 153#202100FF00FF90CF
(1663622364.558202) can0 329#8096800E112E0014
(1663622364.558380) can0 316#0500FC00002F0080
(1663622364.558710) can0 608#0028000000000000
(1663622364.559313) can0 2B0#910D0007DF
(1663622364.560077) can0 220#E403000004001E10
(1663622364.560315) can0 1F1#0800000000000000
(1663622364.561712) can0 690#0000010000002400
(1663622364.565284) can0 153#202100FF00FFA0DF
(1663622364.565523) can0 5F0#0100
(1663622364.569427) can0 2B0#910D000720
(1663622364.569445) can0 329#8096800E112E0014
(1663622364.569793) can0 316#0500FC00002F0080
(1663622364.570028) can0 608#0028000000000000
(1663622364.570306) can0 220#E403000004000B10
(1663622364.575114) can0 153#202100FF00FFB0EF
(1663622364.579208) can0 2B0#910D000731
(1663622364.580132) can0 220#E403000004000B10
(1663622364.580229) can0 1F1#0800000000000000
(1663622364.580450) can0 329#8096800E112E0014
(1663622364.580796) can0 316#0500FC00002F0080
(1663622364.581031) can0 608#0028000000000000
(1663622364.585364) can0 153#202100FF00FFC0FF
(1663622364.589244) can0 2B0#910D000702
(1663622364.590020) can0 220#E403000004000B10
(1663622364.591642) can0 329#8096800E112E0014
(1663622364.591828) can0 316#0500FC00002F0080
(1663622364.592050) can0 608#0028000000000000
(1663622364.595125) can0 153#202100FF00FFD00F
(1663622364.599569) can0 2B0#910D000713
(1663622364.600001) can0 220#E403000002000B10
(1663622364.600227) can0 1F1#0800000000000000
(1663622364.602654) can0 329#8096800E112E0014
(1663622364.602838) can0 316#0500FC00002F0080
(1663622364.603080) can0 608#0028000000000000
(1663622364.605195) can0 153#202100FF00FFE01F
(1663622364.609525) can0 2B0#910D000764
(1663622364.610091) can0 220#E403000004001110
(1663622364.613421) can0 329#8096800E112E0014
(1663622364.613445) can0 316#0500FC00002F0080
(1663622364.613627) can0 608#0028000000000000
(1663622364.615365) can0 153#202100FF00FF003F
(1663622364.615457) can0 5F0#0100
(1663622364.619607) can0 2B0#910D000775
(1663622364.620089) can0 220#E403000004001110
(1663622364.620278) can0 1F1#0800000000000000
(1663622364.624594) can0 329#8096800E112E0014
(1663622364.624703) can0 316#0500FC00002F0080
(1663622364.624930) can0 608#0028000000000000
(1663622364.625151) can0 153#202100FF00FF104F
(1663622364.629601) can0 2B0#910D000746
(1663622364.630087) can0 220#E403000007000B10
(1663622364.635347) can0 153#202100FF00FF205F
(1663622364.635372) can0 329#8096800E112E0014
(1663622364.635537) can0 316#0500FC00002F0080
(1663622364.635783) can0 608#0028000000000000
(1663622364.639590) can0 2B0#910D000757
(1663622364.640115) can0 220#E403000004001810
(1663622364.640309) can0 1F1#0800000000000000
(1663622364.645147) can0 153#202100FF00FF306F
(1663622364.646696) can0 329#8096800E112E0014
(1663622364.646905) can0 316#0500FC00002F0080
(1663622364.647135) can0 608#0028000000000000
(1663622364.649422) can0 2B0#910D0007A8
(1663622364.650194) can0 220#E403000004001810
(1663622364.655264) can0 153#202100FF00FF407F
(1663622364.657572) can0 329#E396800E112E0014
(1663622364.657597) can0 316#0500FC00002F0080
(1663622364.657757) can0 608#0028000000000000
(1663622364.659590) can0 2B0#910D0007B9
(1663622364.660063) can0 220#E403000004001110
(1663622364.660325) can0 1F1#0800000000000000
(1663622364.661646) can0 690#0000010000002800
(1663622364.665028) can0 153#202100FF00FF508F
(1663622364.665445) can0 5F0#0100
(1663622364.668466) can0 329#E396800E112E0014
(1663622364.668656) can0 316#0500FC00002F0080
(1663622364.668904) can0 608#0028000000000000
(1663622364.669249) can0 2B0#910D00078A
(1663622364.670087) can0 220#E403000002001110
(1663622364.675351) can0 153#202100FF00FF609F
(1663622364.679161) can0 329#E396800E112E0014
(1663622364.679299) can0 2B0#910D00079B
(1663622364.679542) can0 316#0500FC00002F0080
(1663622364.679852) can0 608#0028000000000000
(1663622364.680077) can0 220#E403000004000B10
(1663622364.680410) can0 1F1#0800000000000000
(1663622364.685026) can0 153#202100FF00FF70AF
(1663622364.689663) can0 2B0#910D0007EC
(1663622364.690066) can0 220#E403000004000B10
(1663622364.690674) can0 329#E396800E112E0014
(1663622364.690687) can0 316#0500FC00002F0080
(1663622364.691043) can0 608#0028000000000000
(1663622364.695368) can0 153#202100FF00FF80BF
(1663622364.699617) can0 2B0#910D0007FD
(1663622364.700163) can0 220#E403000004003110
(1663622364.700354) can0 1F1#0800000000000000
(1663622364.701551) can0 329#E396800E112E0014
(1663622364.701574) can0 316#0500FC00002F0080
(1663622364.701787) can0 608#0028000000000000
(1663622364.705175) can0 153#202100FF00FF90CF
(1663622364.709528) can0 2B0#910D0007CE
(1663622364.710143) can0 220#E403000004001E10
(1663622364.712766) can0 329#E396800E112E0014
(1663622364.712791) can0 316#0500FC00002F0080
(1663622364.713072) can0 608#0028000000000000
(1663622364.715260) can0 153#202100FF00FFA0DF
(1663622364.715492) can0 5F0#0100
(1663622364.719475) can0 2B0#910D0007DF
(1663622364.720168) can0 220#E403000004001E10
(1663622364.720279) can0 1F1#0800000000000000
(1663622364.723685) can0 329#E396800E112E0014
(1663622364.723710) can0 316#0500FC00002F0080
(1663622364.723913) can0 608#0028000000000000
(1663622364.725114) can0 153#202100FF00FFB0EF
(1663622364.729332) can0 2B0#910D000720
(1663622364.730279) can0 220#E403000004001810
(1663622364.734395) can0 329#E396800E112E0014
(1663622364.734422) can0 316#0500FC00002F0080
(1663622364.734705) can0 608#0028000000000000
(1663622364.735162) can0 153#202100FF00FFC0FF
(1663622364.739658) can0 2B0#910D000731
(1663622364.740149) can0 220#E403000002001810
(1663622364.740304) can0 1F1#0800000000000000
(1663622364.745415) can0 153#202100FF00FFD00F
(1663622364.745943) can0 329#E396800E112E0014
(1663622364.746150) can0 316#0500FC00002F0080
(1663622364.746365) can0 608#0028000000000000
(1663622364.749613) can0 2B0#910D000702
(1663622364.750078) can0 220#E403000004001110
(1663622364.755237) can0 153#202100FF00FFE01F
(1663622364.756666) can0 329#E396800E112E0014
(1663622364.756691) can0 316#0500FC00002F0080
(1663622364.756905) can0 608#0028000000000000
(1663622364.759695) can0 2B0#910D000713
(1663622364.760165) can0 220#E403000004001110
(1663622364.760228) can0 1F1#0800000000000000
(1663622364.761500) can0 690#0000010000002C00
(1663622364.765418) can0 153#202100FF00FF003F
(1663622364.765444) can0 5F0#0100
(1663622364.767659) can0 329#0C96800E112E0014
(1663622364.767848) can0 316#0500FC00002F0080
(1663622364.768081) can0 608#0028000000000000
(1663622364.769681) can0 2B0#910D000764
(1663622364.770102) can0 220#E403000004003D10
(1663622364.775202) can0 153#202100FF00FF104F
(1663622364.778530) can0 329#0C96800E112E0014
(1663622364.778555) can0 316#0500FC00002F0080
(1663622364.778725) can0 608#0028000000000000
(1663622364.779699) can0 2B0#910D000775
(1663622364.780064) can0 220#E403000004003110
(1663622364.780301) can0 1F1#0800000000000000
(1663622364.785407) can0 153#202100FF00FF205F
(1663622364.789686) can0 2B0#910D000746
(1663622364.789711) can0 329#0C96800E112E0014
(1663622364.789920) can0 316#0500FC00002F0080
(1663622364.790077) can0 220#E403000004003110
(1663622364.790369) can0 608#0028000000000000
(1663622364.795386) can0 153#202100FF00FF306F
(1663622364.799552) can0 2B0#910D000757
(1663622364.800155) can0 220#E403000004001E10
(1663622364.800338) can0 1F1#0800000000000000
(1663622364.800533) can0 329#0C96800E112E0014
(1663622364.800804) can0 316#0500FC00002F0080
(1663622364.801061) can0 608#0028000000000000
(1663622364.805405) can0 153#202100FF00FF407F
(1663622364.809696) can0 2B0#910D0007A8
(1663622364.810115) can0 220#E403000002001E10
(1663622364.811855) can0 329#0C96800E112E0014
(1663622364.811882) can0 316#0500FC00002F0080
(1663622364.812091) can0 608#0028000000000000
(1663622364.815160) can0 153#202100FF00FF508F
(1663622364.815429) can0 5F0#0100
(1663622364.819576) can0 2B0#910D0007B9
(1663622364.820165) can0 220#E403000004000510
(1663622364.820352) can0 1F1#0800000000000000
(1663622364.822840) can0 329#0C96800E112E0014
(1663622364.822865) can0 316#0500FC00002F0080
(1663622364.823077) can0 608#0028000000000000
(1663622364.825244) can0 153#202100FF00FF609F
(1663622364.829404) can0 2B0#910D00078A
(1663622364.830026) can0 220#E403000004000510
(1663622364.833179) can0 329#0C96800E112E0014
(1663622364.833351) can0 316#0500FC00002F0080
(1663622364.833598) can0 608#0028000000000000
(1663622364.835007) can0 153#202100FF00FF70AF
(1663622364.839731) can0 2B0#910D00079B
(1663622364.840108) can0 220#E403000004001110
(1663622364.840306) can0 1F1#0800000000000000
(1663622364.844782) can0 329#0C96800E112E0014
(1663622364.844808) can0 316#0500FC00002F0080
(1663622364.844972) can0 608#0028000000000000
(1663622364.845196) can0 153#202100FF00FF80BF
(1663622364.849752) can0 2B0#910D0007EC
(1663622364.850082) can0 220#E403000004002410
(1663622364.855286) can0 153#202100FF00FF90CF
(1663622364.855310) can0 329#0C96800E112E0014
(1663622364.855577) can0 316#0500FC00002F0080
(1663622364.855721) can0 608#0028000000000000
(1663622364.859500) can0 2B0#910D0007FD
(1663622364.860177) can0 220#E403000004002410
(1663622364.860326) can0 1F1#0800000000000000
(1663622364.860613) can0 690#0000010000003000
(1663622364.865313) can0 153#202100FF00FFA0DF
(1663622364.865505) can0 5F0#0100
(1663622364.867354) can0 329#0C96800E112E0014
(1663622364.867377) can0 316#0500FC00002F0080
(1663622364.867622) can0 608#0028000000000000
(1663622364.869617) can0 2B0#910D0007CE
(1663622364.870117) can0 220#E403000004003710
(1663622364.875341) can0 153#202100FF00FFB0EF
(1663622364.878180) can0 329#4F96800E112E0014
(1663622364.878375) can0 316#0500FC00002F0080
(1663622364.878735) can0 608#0028000000000000
(1663622364.879677) can0 2B0#910D0007DF
(1663622364.880128) can0 220#E403000004003710
(1663622364.880308) can0 1F1#0800000000000000
(1663622364.885399) can0 153#202100FF00FFC0FF
(1663622364.889783) can0 329#4F96800E112E0014
(1663622364.889807) can0 2B0#910D000720
(1663622364.889874) can0 316#0500FC00002F0080
(1663622364.890193) can0 220#E403000004001E10
(1663622364.890391) can0 608#0028000000000000
(1663622364.895249) can0 153#202100FF00FFD00F
(1663622364.899489) can0 2B0#910D000731
(1663622364.900197) can0 220#E403000004001E10
(1663622364.900265) can0 1F1#0800000000000000
(1663622364.900523) can0 329#4F96800E112E0014
(1663622364.900787) can0 316#0500FC00002F0080
(1663622364.901042) can0 608#0028000000000000
(1663622364.905394) can0 153#202100FF00FFE01F
(1663622364.909772) can0 2B0#910D000702
(1663622364.910088) can0 220#E403000004001110
(1663622364.911819) can0 329#4F96800E112E0014
(1663622364.911842) can0 316#0500FC00002F0080
(1663622364.912087) can0 608#0028000000000000
(1663622364.915235) can0 153#202100FF00FF003F
(1663622364.915489) can0 5F0#0100
(1663622364.919771) can0 2B0#910D000713
(1663622364.920002) can0 220#E403000004001110
(1663622364.920250) can0 1F1#0800000000000000
(1663622364.922636) can0 329#4F96800E112E0014
(1663622364.922826) can0 316#0500FC00002F0080
(1663622364.923109) can0 608#0028000000000000
(1663622364.925202) can0 153#202100FF00FF104F
(1663622364.929780) can0 2B0#910D000764
(1663622364.930073) can0 220#E403000004001110
(1663622364.933192) can0 329#4F96800E112E0014
(1663622364.933397) can0 316#0500FC00002F0080
(1663622364.933638) can0 608#0028000000000000
(1663622364.935299) can0 153#202100FF00FF205F
(1663622364.939780) can0 2B0#910D000775
(1663622364.940070) can0 220#E403000004001810
(1663622364.940333) can0 1F1#0800000000000000
(1663622364.944781) can0 329#4F96800E112E0014
(1663622364.944805) can0 316#0500FC00002F0080
(1663622364.944962) can0 608#0028000000000000
(1663622364.945199) can0 153#202100FF00FF306F
(1663622364.949800) can0 2B0#910D000746
(1663622364.950065) can0 220#E403000004001810
(1663622364.955244) can0 153#202100FF00FF407F
(1663622364.955268) can0 329#4F96800E112E0014
(1663622364.955628) can0 316#0500FC00002F0080
(1663622364.955817) can0 608#0028000000000000
(1663622364.959820) can0 2B0#910D000757
(1663622364.960064) can0 220#E403000004001810
(1663622364.960350) can0 1F1#0800000000000000
(1663622364.961320) can0 690#0000010000003400
(1663622364.965110) can0 153#202100FF00FF508F
(1663622364.965427) can0 5F0#0100
(1663622364.966624) can0 329#4F96800E112E0014
(1663622364.966906) can0 316#0500FC00002F0080
(1663622364.967119) can0 608#0028000000000000
(1663622364.969601) can0 2B0#910D0007A8
(1663622364.970193) can0 220#E403000004001810
(1663622364.975382) can0 153#202100FF00FF609F
(1663622364.977984) can0 329#4F96800E112E0014
(1663622364.978012) can0 316#0500FC00002F0080
(1663622364.978176) can0 608#0028000000000000
(1663622364.979852) can0 2B0#910D0007B9
(1663622364.980085) can0 220#E403000004002A10
(1663622364.980368) can0 1F1#0800000000000000
(1663622364.985056) can0 153#202100FF00FF70AF
(1663622364.988781) can0 329#8096800E112E0014
(1663622364.988806) can0 316#0500FC00002F0080
(1663622364.988951) can0 608#0028000000000000
(1663622364.989859) can0 2B0#910D00078A
(1663622364.990065) can0 220#E403000004003D10
(1663622364.995398) can0 153#202100FF00FF80BF
(1663622364.999206) can0 329#8096800E112E0014
(1663622364.999394) can0 316#0500FC00002F0080
(1663622364.999566) can0 2B0#910D00079B
(1663622364.999831) can0 608#0028000000000000
(1663622365.000052) can0 220#E403000004003D10
(1663622365.000352) can0 1F1#0800000000000000
(1663622365.005397) can0 153#202100FF00FF90CF
(1663622365.009756) can0 2B0#910D0007EC
(1663622365.010059) can0 220#E403000004000510
(1663622365.010452) can0 329#8096800E112E0014
(1663622365.010748) can0 316#0500FC00002F0080
(1663622365.011017) can0 608#0028000000000000
(1663622365.015399) can0 153#202100FF00FFA0DF
(1663622365.015418) can0 5F0#0100
(1663622365.019674) can0 2B0#910D0007FD
(1663622365.020165) can0 220#E403000004000510
(1663622365.020364) can0 1F1#0800000000000000
(1663622365.021598) can0 329#8096800E112E0014
(1663622365.021621) can0 316#0500FC00002F0080
(1663622365.021913) can0 608#0028000000000000
(1663622365.025150) can0 153#202100FF00FFB0EF
(1663622365.029632) can0 2B0#910D0007CE
(1663622365.030131) can0 220#E403000004002410
(1663622365.032633) can0 329#8096800E112E0014
(1663622365.032819) can0 316#0500FC00002F0080
(1663622365.032979) can0 608#0028000000000000
(1663622365.035080) can0 153#202100FF00FFC0FF
(1663622365.039863) can0 2B0#910D0007DF
(1663622365.040096) can0 220#E403000007002410
(1663622365.040339) can0 1F1#0800000000000000
(1663622365.043568) can0 329#8096800E112E0014
(1663622365.043593) can0 316#0500FC00002F0080
(1663622365.043920) can0 608#0028000000000000
(1663622365.045330) can0 153#202100FF00FFD00F
(1663622365.049925) can0 2B0#910D000720
(1663622365.050088) can0 220#E403000004001810
(1663622365.054282) can0 329#8096800E112E0014
(1663622365.054365) can0 316#0500FC00002F0080
(1663622365.054670) can0 608#0028000000000000
(1663622365.055120) can0 153#202100FF00FFE01F
(1663622365.059901) can0 2B0#910D000731
(1663622365.060098) can0 220#E403000004001810
(1663622365.060367) can0 1F1#0800000000000000
(1663622365.061220) can0 690#0000010000003800
(1663622365.065335) can0 153#202100FF00FF003F
(1663622365.065362) can0 329#8096800E112E0014
(1663622365.065694) can0 316#0500FC00002F0080
(1663622365.065877) can0 5F0#0100
(1663622365.066092) can0 608#0028000000000000
(1663622365.069552) can0 2B0#910D000702
(1663622365.070055) can0 220#E403000004001810
(1663622365.075262) can0 153#202100FF00FF104F
(1663622365.076609) can0 329#8096800E112E0014
(1663622365.076633) can0 316#0500FC00002F0080
(1663622365.076820) can0 608#0028000000000000
(1663622365.079759) can0 2B0#910D000713
(1663622365.080086) can0 220#E403000004003110
(1663622365.080337) can0 1F1#0800000000000000
(1663622365.085434) can0 153#202100FF00FF205F
(1663622365.087852) can0 329#8096800E112E0014
(1663622365.087889) can0 316#0500FC00002F0080
(1663622365.088218) can0 608#0028000000000000
(1663622365.089679) can0 2B0#910D000764
(1663622365.090146) can0 220#E403000002003110
(1663622365.095312) can0 153#202100FF00FF306F
(1663622365.098486) can0 329#E396800E112E0014
(1663622365.098511) can0 316#0500FC00002F0080
(1663622365.098680) can0 608#0028000000000000
(1663622365.099983) can0 2B0#910D000775
(1663622365.100015) can0 220#E403000004002A10
(1663622365.100359) can0 1F1#0800000000000000
(1663622365.105201) can0 153#202100FF00FF407F
(1663622365.109547) can0 329#E396800E112E0014
(1663622365.109621) can0 2B0#910D000746
(1663622365.109891) can0 316#0500FC00002F0080
(1663622365.110074) can0 220#E403000004002A10
(1663622365.110322) can0 608#0028000000000000
(1663622365.115154) can0 153#202100FF00FF508F
(1663622365.115489) can0 5F0#0100
(1663622365.119729) can0 2B0#910D000757
(1663622365.120152) can0 220#E403000004002410
(1663622365.120331) can0 1F1#0800000000000000
(1663622365.120572) can0 329#E396800E112E0014
(1663622365.120851) can0 316#0500FC00002F0080
(1663622365.121066) can0 608#0028000000000000
(1663622365.125423) can0 153#202100FF00FF609F
(1663622365.129905) can0 2B0#910D0007A8
(1663622365.130119) can0 220#E403000004001E10
(1663622365.131741) can0 329#E396800E112E0014
(1663622365.131948) can0 316#0500FC00002F0080
(1663622365.132212) can0 608#0028000000000000
(1663622365.135426) can0 153#202100FF00FF70AF
(1663622365.139741) can0 2B0#910D0007B9
(1663622365.140112) can0 220#E403000007001E10
(1663622365.140365) can0 1F1#0800000000000000
(1663622365.142527) can0 329#E396800E112E0014
(1663622365.142726) can0 316#0500FC00002F0080
(1663622365.142986) can0 608#0028000000000000
(1663622365.145338) can0 153#202100FF00FF80BF
(1663622365.149653) can0 2B0#910D00078A
(1663622365.150029) can0 220#E403000004000B10
(1663622365.153035) can0 329#E396800E112E0014
(1663622365.153266) can0 316#0500FC00002F0080
(1663622365.153614) can0 608#0028000000000000
(1663622365.155017) can0 153#202100FF00FF90CF
(1663622365.160015) can0 2B0#910D00079B
(1663622365.160043) can0 220#E403000002000B10
(1663622365.160372) can0 1F1#0800000000000000
(1663622365.161263) can0 690#0000010000003C00
(1663622365.164778) can0 329#E396800E112E0014
(1663622365.164803) can0 316#0500FC00002F0080
(1663622365.164969) can0 608#0028000000000000
(1663622365.165148) can0 153#202100FF00FFA0DF
(1663622365.165772) can0 5F0#0100
(1663622365.169840) can0 2B0#910D0007EC
(1663622365.170085) can0 220#E403000004001110
(1663622365.175293) can0 153#202100FF00FFB0EF
(1663622365.175318) can0 329#E396800E112E0014
(1663622365.175498) can0 316#0500FC00002F0080
(1663622365.175746) can0 608#0028000000000000
(1663622365.179767) can0 2B0#910D0007FD
(1663622365.180112) can0 220#E403000004001110
(1663622365.180331) can0 1F1#0800000000000000
(1663622365.185258) can0 153#202100FF00FFC0FF
(1663622365.186697) can0 329#E396800E112E0014
(1663622365.186912) can0 316#0500FC00002F0080
(1663622365.187086) can0 608#0028000000000000
(1663622365.189821) can0 2B0#910D0007CE
(1663622365.190089) can0 220#E40300000400FF0F
(1663622365.195084) can0 153#202100FF00FFD00F
(1663622365.197179) can0 329#E396800E112E0014
(1663622365.197399) can0 316#0500FC00002F0080
(1663622365.197647) can0 608#0028000000000000
(1663622365.199729) can0 2B0#910D0007DF
(1663622365.200130) can0 220#E403000004000510
(1663622365.200343) can0 1F1#0800000000000000
(1663622365.202110) can0 5A0#0000001000000000
(1663622365.205345) can0 153#202100FF00FFE01F
(1663622365.208781) can0 329#0C96800E112E0014
(1663622365.208806) can0 316#0500FC00002F0080
(1663622365.208972) can0 608#0028000000000000
(1663622365.210024) can0 2B0#910D000720
(1663622365.210049) can0 220#E403000004000510
