(1663619873.619690) can0 329#0C96800E112E0014
(1663619873.619937) can0 316#0500FC00002F0080
(1663619873.620186) can0 608#0028000000000000
(1663619873.620783) can0 153#202100FF00FFD00F
(1663619873.623913) can0 2B0#900D0007B8
(1663619873.625805) can0 220#E203000007002410
(1663619873.631100) can0 153#202100FF00FFE01F
(1663619873.631126) can0 329#0C96800E112E0014
(1663619873.631461) can0 316#0500FC00002F0080
(1663619873.631632) can0 608#0028000000000000
(1663619873.633859) can0 2B0#910D0007B9
(1663619873.635760) can0 220#E203000004001E10
(1663619873.635957) can0 1F1#0800000000000000
(1663619873.640807) can0 153#202100FF00FF003F
(1663619873.642382) can0 5F0#0100
(1663619873.642582) can0 329#0C96800E112E0014
(1663619873.642831) can0 316#0500FC00002F0080
(1663619873.643079) can0 608#0028000000000000
(1663619873.643844) can0 2B0#900D00079A
(1663619873.645781) can0 220#E203000007001110
(1663619873.650968) can0 153#202100FF00FF104F
(1663619873.653428) can0 329#0C96800E112E0014
(1663619873.653453) can0 316#0500FC00002F0080
(1663619873.653772) can0 608#0028000000000000
(1663619873.653937) can0 2B0#910D00079B
(1663619873.655839) can0 220#E20300000700FF0F
(1663619873.656031) can0 1F1#0800000000000000
(1663619873.660904) can0 153#202100FF00FF205F
(1663619873.663895) can0 2B0#910D0007EC
(1663619873.664568) can0 329#0C96800E112E0014
(1663619873.665277) can0 316#0500FC00002F0080
(1663619873.665299) can0 608#0028000000000000
(1663619873.665701) can0 220#E20300000700FF0F
(1663619873.670013) can0 690#0000010000002400
(1663619873.670783) can0 153#202100FF00FF306F
(1663619873.673966) can0 2B0#910D0007FD
(1663619873.675592) can0 329#0C96800E112E0014
(1663619873.675773) can0 220#E20300000400F90F
(1663619873.676036) can0 1F1#0800000000000000
(1663619873.676272) can0 316#0500FC00002F0080
(1663619873.676531) can0 608#0028000000000000
(1663619873.681056) can0 153#202100FF00FF407F
(1663619873.684232) can0 2B0#910D0007CE
(1663619873.685753) can0 220#E203000007001E10
(1663619873.686403) can0 329#0C96800E112E0014
(1663619873.686658) can0 316#0500FC00002F0080
(1663619873.686906) can0 608#0028000000000000
(1663619873.690707) can0 153#202100FF00FF508F
(1663619873.692378) can0 5F0#0100
(1663619873.693904) can0 2B0#910D0007DF
(1663619873.695849) can0 220#E203000007001E10
(1663619873.696001) can0 1F1#0800000000000000
(1663619873.697440) can0 329#0C96800E112E0014
(1663619873.697463) can0 316#0500FC00002F0080
(1663619873.697769) can0 608#0028000000000000
(1663619873.700911) can0 153#202100FF00FF609F
(1663619873.704258) can0 2B0#910D000720
(1663619873.705858) can0 220#E203000004002410
(1663619873.708488) can0 329#0C96800E112E0014
(1663619873.708776) can0 316#0500FC00002F0080
(1663619873.708957) can0 608#0028000000000000
(1663619873.710711) can0 153#202100FF00FF70AF
(1663619873.714257) can0 2B0#910D000731
(1663619873.716120) can0 220#E203000007002410
(1663619873.716145) can0 1F1#0800000000000000
(1663619873.719753) can0 329#0C96800E112E0014
(1663619873.720017) can0 316#0500FC00002F0080
(1663619873.720261) can0 608#0028000000000000
(1663619873.720786) can0 153#202100FF00FF80BF
(1663619873.723924) can0 2B0#910D000702
(1663619873.725790) can0 220#E203000007002410
(1663619873.730724) can0 153#202100FF00FF90CF
(1663619873.731113) can0 329#0C96800E112E0014
(1663619873.731360) can0 316#0500FC00002F0080
(1663619873.731686) can0 608#0028000000000000
(1663619873.734166) can0 2B0#910D000713
(1663619873.735834) can0 220#E203000007003110
(1663619873.735980) can0 1F1#0800000000000000
(1663619873.741125) can0 153#202100FF00FFA0DF
(1663619873.742546) can0 5F0#0100
(1663619873.742570) can0 329#0C96800E112E0014
(1663619873.742938) can0 316#0500FC00002F0080
(1663619873.743144) can0 608#0028000000000000
(1663619873.744083) can0 2B0#910D000764
(1663619873.746132) can0 220#E203000004001E10
(1663619873.750798) can0 153#202100FF00FFB0EF
(1663619873.753574) can0 329#0C96800E112E0014
(1663619873.753598) can0 316#0500FC00002F0080
(1663619873.753733) can0 608#0028000000000000
(1663619873.753956) can0 2B0#910D000775
(1663619873.755871) can0 220#E203000007001E10
(1663619873.756044) can0 1F1#0800000000000000
(1663619873.761098) can0 153#202100FF00FFC0FF
(1663619873.764232) can0 2B0#910D000746
(1663619873.764675) can0 329#0C96800E112E0014
(1663619873.764870) can0 316#0500FC00002F0080
(1663619873.765158) can0 608#0028000000000000
(1663619873.766039) can0 220#E203000007002410
(1663619873.770551) can0 690#0000010000002800
(1663619873.770792) can0 153#202100FF00FFD00F
(1663619873.774298) can0 2B0#910D000757
(1663619873.775656) can0 329#0C96800E112E0014
(1663619873.775681) can0 316#0500FC00002F0080
(1663619873.775868) can0 220#E203000004001810
(1663619873.776066) can0 1F1#0800000000000000
(1663619873.776329) can0 608#0028000000000000
(1663619873.781103) can0 153#202100FF00FFE01F
(1663619873.784228) can0 2B0#910D0007A8
(1663619873.786132) can0 220#E203000007002410
(1663619873.786459) can0 329#0C96800E112E0014
(1663619873.786720) can0 316#0500FC00002F0080
(1663619873.786989) can0 608#0028000000000000
(1663619873.791128) can0 153#202100FF00FF003F
(1663619873.792574) can0 5F0#0100
(1663619873.794055) can0 2B0#910D0007B9
(1663619873.795883) can0 220#E203000007002A10
(1663619873.796053) can0 1F1#0800000000000000
(1663619873.797996) can0 329#0C96800E112E0014
(1663619873.798020) can0 316#0500FC00002F0080
(1663619873.798169) can0 608#0028000000000000
(1663619873.801135) can0 153#202100FF00FF104F
(1663619873.804231) can0 2B0#910D00078A
(1663619873.806125) can0 220#E203000007003710
(1663619873.808759) can0 329#0C96800E112E0014
(1663619873.808784) can0 316#0500FC00002F0080
(1663619873.809024) can0 608#0028000000000000
(1663619873.811130) can0 153#202100FF00FF205F
(1663619873.814087) can0 2B0#910D00079B
(1663619873.816039) can0 220#E203000004000510
(1663619873.816063) can0 1F1#0800000000000000
(1663619873.819801) can0 329#0C96800E112E0014
(1663619873.820004) can0 316#0500FC00002F0080
(1663619873.820178) can0 608#0028000000000000
(1663619873.820874) can0 153#202100FF00FF306F
(1663619873.824337) can0 2B0#910D0007EC
(1663619873.825983) can0 220#E203000007000510
(1663619873.830790) can0 153#202100FF00FF407F
(1663619873.831107) can0 329#0C96800E112E0014
(1663619873.831355) can0 316#0500FC00002F0080
(1663619873.831601) can0 608#0028000000000000
(1663619873.834097) can0 2B0#910D0007FD
(1663619873.835875) can0 220#E203000007001810
(1663619873.836005) can0 1F1#0800000000000000
(1663619873.841134) can0 153#202100FF00FF508F
(1663619873.842577) can0 5F0#0100
(1663619873.842602) can0 329#0C96800E112E0014
(1663619873.842920) can0 316#0500FC00002F0080
(1663619873.843134) can0 608#0028000000000000
(1663619873.844270) can0 2B0#910D0007CE
(1663619873.846136) can0 220#E203000004001810
(1663619873.850818) can0 153#202100FF00FF609F
(1663619873.853554) can0 329#0C96800E112E0014
(1663619873.853579) can0 316#0500FC00002F0080
(1663619873.853722) can0 608#0028000000000000
(1663619873.854046) can0 2B0#910D0007DF
(1663619873.855836) can0 220#E203000007001E10
(1663619873.856044) can0 1F1#0800000000000000
(1663619873.860854) can0 153#202100FF00FF70AF
(1663619873.864124) can0 2B0#910D000720
(1663619873.864631) can0 329#0C96800E112E0014
(1663619873.864865) can0 316#0500FC00002F0080
(1663619873.865088) can0 608#0028000000000000
(1663619873.865851) can0 220#E203000007002A10
(1663619873.869636) can0 690#0000010000002C00
(1663619873.870730) can0 153#202100FF00FF80BF
(1663619873.874027) can0 2B0#910D000731
(1663619873.875666) can0 329#0C96800E112E0014
(1663619873.875690) can0 316#0500FC00002F0080
(1663619873.875867) can0 608#0028000000000000
(1663619873.876035) can0 220#E203000007003710
(1663619873.876285) can0 1F1#0800000000000000
(1663619873.881076) can0 153#202100FF00FF90CF
(1663619873.884239) can0 2B0#910D000702
(1663619873.886129) can0 220#E203000007004310
(1663619873.886439) can0 329#0C96800E112E0014
(1663619873.886721) can0 316#0500FC00002F0080
(1663619873.886940) can0 608#0028000000000000
(1663619873.891139) can0 153#202100FF00FFA0DF
(1663619873.892577) can0 5F0#0100
(1663619873.894401) can0 2B0#910D000713
(1663619873.895865) can0 220#E203000007003710
(1663619873.896052) can0 1F1#0800000000000000
(1663619873.897456) can0 329#0C96800E112E0014
(1663619873.897479) can0 316#0500FC00002F0080
(1663619873.897714) can0 608#0028000000000000
(1663619873.900965) can0 153#202100FF00FFB0EF
(1663619873.904400) can0 2B0#910D000764
(1663619873.905953) can0 220#E203000007003710
(1663619873.908803) can0 329#0C96800E112E0014
(1663619873.908828) can0 316#0500FC00002F0080
(1663619873.909043) can0 608#0028000000000000
(1663619873.911142) can0 153#202100FF00FFC0FF
(1663619873.914402) can0 2B0#910D000775
(1663619873.915932) can0 220#E203000004001110
(1663619873.915964) can0 1F1#0800000000000000
(1663619873.919879) can0 329#0C96800E112E0014
(1663619873.919897) can0 316#0500FC00002F0080
(1663619873.920310) can0 608#0028000000000000
(1663619873.920839) can0 153#202100FF00FFD00F
(1663619873.924322) can0 2B0#910D000746
(1663619873.925925) can0 220#E203000007001810
(1663619873.931200) can0 153#202100FF00FFE01F
(1663619873.931228) can0 329#0C96800E112E0014
(1663619873.931401) can0 316#0500FC00002F0080
(1663619873.931680) can0 608#0028000000000000
(1663619873.934460) can0 2B0#910D000757
(1663619873.935919) can0 220#E203000007002410
(1663619873.936104) can0 1F1#0800000000000000
(1663619873.940918) can0 153#202100FF00FF003F
(1663619873.942596) can0 329#0C96800E112E0014
(1663619873.942624) can0 5F0#0100
(1663619873.942930) can0 316#0500FC00002F0080
(1663619873.943111) can0 608#0028000000000000
(1663619873.944221) can0 2B0#910D0007A8
(1663619873.946139) can0 220#E203000007003110
(1663619873.951030) can0 153#202100FF00FF104F
(1663619873.953390) can0 329#0C96800E112E0014
(1663619873.953415) can0 316#0500FC00002F0080
(1663619873.953745) can0 608#0028000000000000
(1663619873.954211) can0 2B0#900D0007A9
(1663619873.955807) can0 220#E203000004001110
(1663619873.956029) can0 1F1#0800000000000000
(1663619873.961090) can0 153#202100FF00FF205F
(1663619873.964160) can0 2B0#910D00078A
(1663619873.964630) can0 329#0C96800E112E0014
(1663619873.964869) can0 316#0500FC00002F0080
(1663619873.965099) can0 608#0028000000000000
(1663619873.965887) can0 220#E203000007001810
(1663619873.970314) can0 690#0000010000003000
(1663619873.970837) can0 153#202100FF00FF306F
(1663619873.974450) can0 2B0#910D00079B
(1663619873.975625) can0 329#0C96800E112E0014
(1663619873.975650) can0 316#0500FC00002F0080
(1663619873.975805) can0 608#0028000000000000
(1663619873.976052) can0 220#E203000007002A10
(1663619873.976317) can0 1F1#0800000000000000
(1663619873.981066) can0 153#202100FF00FF407F
(1663619873.984257) can0 2B0#910D0007EC
(1663619873.985896) can0 220#E203000004003D10
(1663619873.986382) can0 329#0C96800E112E0014
(1663619873.986728) can0 316#0500FC00002F0080
(1663619873.986923) can0 608#0028000000000000
(1663619873.990820) can0 153#202100FF00FF508F
(1663619873.992538) can0 5F0#0100
(1663619873.994415) can0 2B0#900D0007ED
(1663619873.995814) can0 220#E203000007002410
(1663619873.996013) can0 1F1#0800000000000000
(1663619873.997269) can0 329#0C96800E112E0014
(1663619873.997474) can0 316#0500FC00002F0080
(1663619873.997722) can0 608#0028000000000000
(1663619874.001010) can0 153#202100FF00FF609F
(1663619874.004347) can0 2B0#910D0007CE
(1663619874.006048) can0 220#E203000004000510
(1663619874.008668) can0 329#0C96800E112E0014
(1663619874.008695) can0 316#0500FC00002F0080
(1663619874.009013) can0 608#0028000000000000
(1663619874.010833) can0 153#202100FF00FF70AF
(1663619874.014424) can0 2B0#910D0007DF
(1663619874.015890) can0 220#E20300000700FF0F
(1663619874.016019) can0 1F1#0800000000000000
(1663619874.019876) can0 329#0C96800E112E0014
(1663619874.019901) can0 316#0500FC00002F0080
(1663619874.020214) can0 608#0028000000000000
(1663619874.021066) can0 153#202100FF00FF80BF
(1663619874.024326) can0 2B0#910D000720
(1663619874.026045) can0 220#E20300000400F90F
(1663619874.030827) can0 153#202100FF00FF90CF
(1663619874.031501) can0 329#0C96800E112E0014
(1663619874.031802) can0 316#0500FC00002F0080
(1663619874.032092) can0 608#0028000000000000
(1663619874.034254) can0 2B0#910D000731
(1663619874.036033) can0 220#E203000007001110
(1663619874.036060) can0 1F1#0800000000000000
(1663619874.041068) can0 153#202100FF00FFA0DF
(1663619874.042628) can0 329#0C96800E112E0014
(1663619874.042656) can0 5F0#0100
(1663619874.042893) can0 316#0500FC00002F0080
(1663619874.043160) can0 608#0028000000000000
(1663619874.044331) can0 2B0#910D000702
(1663619874.045982) can0 220#E203000007002410
(1663619874.050981) can0 153#202100FF00FFB0EF
(1663619874.053415) can0 329#0C96800E112E0014
(1663619874.053443) can0 316#0500FC00002F0080
(1663619874.053732) can0 608#0028000000000000
(1663619874.054251) can0 2B0#910D000713
(1663619874.055979) can0 220#E203000004002410
(1663619874.056003) can0 1F1#0800000000000000
(1663619874.061001) can0 153#202100FF00FFC0FF
(1663619874.064345) can0 2B0#910D000764
(1663619874.064608) can0 329#0C96800E112E0014
(1663619874.064877) can0 316#0500FC00002F0080
(1663619874.065051) can0 608#0028000000000000
(1663619874.066006) can0 220#E203000007000B10
(1663619874.069752) can0 690#0000010000003400
(1663619874.070846) can0 153#202100FF00FFD00F
(1663619874.074349) can0 2B0#900D000765
(1663619874.075418) can0 329#0C96800E112E0014
(1663619874.075504) can0 316#0500FC00002F0080
(1663619874.075795) can0 608#0028000000000000
(1663619874.076056) can0 220#E203000007000510
(1663619874.076323) can0 1F1#0800000000000000
(1663619874.081037) can0 153#202100FF00FFE01F
(1663619874.084386) can0 2B0#910D000746
(1663619874.086057) can0 220#E203000007001810
(1663619874.086504) can0 329#0C96800E112E0014
(1663619874.086715) can0 316#0500FC00002F0080
(1663619874.086958) can0 608#0028000000000000
(1663619874.091070) can0 153#202100FF00FF003F
(1663619874.092412) can0 5F0#0100
(1663619874.094337) can0 2B0#910D000757
(1663619874.095996) can0 220#E203000004001110
(1663619874.096021) can0 1F1#0800000000000000
(1663619874.097316) can0 329#0C96800E112E0014
(1663619874.097427) can0 316#0500FC00002F0080
(1663619874.097745) can0 608#0028000000000000
(1663619874.101057) can0 153#202100FF00FF104F
(1663619874.104406) can0 2B0#910D0007A8
(1663619874.105992) can0 220#E203000004000510
(1663619874.108484) can0 329#0C96800E112E0014
(1663619874.108741) can0 316#0500FC00002F0080
(1663619874.109028) can0 608#0028000000000000
(1663619874.110933) can0 153#202100FF00FF205F
(1663619874.114334) can0 2B0#910D0007B9
(1663619874.115966) can0 220#E203000007000B10
(1663619874.115999) can0 1F1#0800000000000000
(1663619874.119787) can0 329#0C96800E112E0014
(1663619874.119965) can0 316#0500FC00002F0080
(1663619874.120237) can0 608#0028000000000000
(1663619874.120969) can0 153#202100FF00FF306F
(1663619874.124396) can0 2B0#910D00078A
(1663619874.125977) can0 220#E203000004001110
(1663619874.130963) can0 153#202100FF00FF407F
(1663619874.131160) can0 329#0C96800E112E0014
(1663619874.131446) can0 316#0500FC00002F0080
(1663619874.131660) can0 608#0028000000000000
(1663619874.134485) can0 2B0#910D00079B
(1663619874.136164) can0 220#E203000007000B10
(1663619874.136191) can0 1F1#0800000000000000
(1663619874.141052) can0 153#202100FF00FF508F
(1663619874.142574) can0 5F0#0100
(1663619874.142686) can0 329#0C96800E112E0014
(1663619874.143009) can0 316#0500FC00002F0080
(1663619874.143198) can0 608#0028000000000000
(1663619874.144528) can0 2B0#910D0007EC
(1663619874.145951) can0 220#E203000007000510
(1663619874.151178) can0 153#202100FF00FF609F
(1663619874.154390) can0 329#0C96800E112E0014
(1663619874.154415) can0 2B0#900D0007ED
(1663619874.154697) can0 316#0500FC00002F0080
(1663619874.154975) can0 608#0028000000000000
(1663619874.155926) can0 220#E203000007000B10
(1663619874.156015) can0 1F1#0800000000000000
(1663619874.161029) can0 153#202100FF00FF70AF
(1663619874.164574) can0 2B0#910D0007CE
(1663619874.165615) can0 329#0C96800E112E0014
(1663619874.165800) can0 316#0500FC00002F0080
(1663619874.166076) can0 220#E203000004003110
(1663619874.166277) can0 608#0028000000000000
(1663619874.169992) can0 690#0000010000003800
(1663619874.170993) can0 153#202100FF00FF80BF
(1663619874.174626) can0 2B0#910D0007DF
(1663619874.175997) can0 220#E203000007004310
(1663619874.176021) can0 1F1#0800000000000000
(1663619874.176344) can0 329#0C96800E112E0014
(1663619874.176563) can0 316#0500FC00002F0080
(1663619874.176875) can0 608#0028000000000000
(1663619874.181179) can0 153#202100FF00FF90CF
(1663619874.184562) can0 2B0#910D000720
(1663619874.185994) can0 220#E203000007005010
(1663619874.187521) can0 329#0C96800E112E0014
(1663619874.187718) can0 316#0500FC00002F0080
(1663619874.187951) can0 608#0028000000000000
(1663619874.190943) can0 153#202100FF00FFA0DF
(1663619874.192549) can0 5F0#0100
(1663619874.194632) can0 2B0#910D000731
(1663619874.196055) can0 220#E203000004004310
(1663619874.196081) can0 1F1#0800000000000000
(1663619874.198625) can0 329#0C96800E112E0014
(1663619874.198705) can0 316#0500FC00002F0080
(1663619874.198974) can0 608#0028000000000000
(1663619874.201213) can0 153#202100FF00FFB0EF
(1663619874.204627) can0 2B0#910D000702
(1663619874.205990) can0 220#E203000007002A10
(1663619874.209406) can0 329#0C96800E112E0014
(1663619874.209557) can0 316#0500FC00002F0080
(1663619874.209878) can0 608#0028000000000000
(1663619874.211106) can0 153#202100FF00FFC0FF
(1663619874.214570) can0 2B0#910D000713
(1663619874.215989) can0 220#E203000007003710
(1663619874.216016) can0 1F1#0800000000000000
(1663619874.220582) can0 329#0C96800E112E0014
(1663619874.220777) can0 316#0500FC00002F0080
(1663619874.220971) can0 153#202100FF00FFD00F
(1663619874.221204) can0 608#0028000000000000
(1663619874.224427) can0 2B0#910D000764
(1663619874.226207) can0 220#E203000007001E10
(1663619874.231214) can0 153#202100FF00FFE01F
(1663619874.231243) can0 329#0C96800E112E0014
(1663619874.231402) can0 316#0500FC00002F0080
(1663619874.231657) can0 608#0028000000000000
(1663619874.234486) can0 2B0#910D000775
(1663619874.235926) can0 220#E203000004001110
(1663619874.236086) can0 1F1#0800000000000000
(1663619874.241050) can0 153#202100FF00FF003F
(1663619874.242757) can0 329#0C96800E112E0014
(1663619874.242792) can0 316#0500FC00002F0080
(1663619874.242809) can0 5F0#0100
(1663619874.243119) can0 608#0028000000000000
(1663619874.244560) can0 2B0#910D000746
(1663619874.246039) can0 220#E203000007000510
(1663619874.250954) can0 153#202100FF00FF104F
(1663619874.253534) can0 329#0C96800E112E0014
(1663619874.253559) can0 316#0500FC00002F0080
(1663619874.253642) can0 608#0028000000000000
(1663619874.254670) can0 2B0#910D000757
(1663619874.255950) can0 220#E203000007000B10
(1663619874.256047) can0 1F1#0800000000000000
(1663619874.261176) can0 153#202100FF00FF205F
(1663619874.264670) can0 2B0#910D0007A8
(1663619874.264974) can0 329#0C96800E112E0014
(1663619874.265214) can0 316#0500FC00002F0080
(1663619874.265466) can0 608#0028000000000000
(1663619874.265957) can0 220#E203000004001E10
(1663619874.269816) can0 690#0000010000003C00
(1663619874.271134) can0 153#202100FF00FF306F
(1663619874.274705) can0 2B0#910D0007B9
(1663619874.276025) can0 220#E203000007002410
(1663619874.276049) can0 1F1#0800000000000000
(1663619874.276336) can0 329#0C96800E112E0014
(1663619874.276560) can0 316#0500FC00002F0080
(1663619874.276879) can0 608#0028000000000000
(1663619874.281181) can0 153#202100FF00FF407F
(1663619874.284452) can0 2B0#910D00078A
(1663619874.286206) can0 220#E203000007001110
(1663619874.287642) can0 329#0C96800E112E0014
(1663619874.287666) can0 316#0500FC00002F0080
(1663619874.287971) can0 608#0028000000000000
(1663619874.291178) can0 153#202100FF00FF508F
(1663619874.292567) can0 5F0#0100
(1663619874.294588) can0 2B0#910D00079B
(1663619874.295988) can0 220#E20300000700FF0F
(1663619874.296014) can0 1F1#0800000000000000
(1663619874.298704) can0 329#0C96800E112E0014
(1663619874.298728) can0 316#0500FC00002F0080
(1663619874.299007) can0 608#0028000000000000
(1663619874.301181) can0 153#202100FF00FF609F
(1663619874.304729) can0 2B0#910D0007EC
(1663619874.305832) can0 220#E203000004000B10
(1663619874.309536) can0 329#0C96800E112E0014
(1663619874.309560) can0 316#0500FC00002F0080
(1663619874.309911) can0 608#0028000000000000
(1663619874.311109) can0 153#202100FF00FF70AF
(1663619874.314722) can0 2B0#910D0007FD
(1663619874.315931) can0 220#E203000007001810
(1663619874.316081) can0 1F1#0800000000000000
(1663619874.320676) can0 329#0C96800E112E0014
(1663619874.320688) can0 316#0500FC00002F0080
(1663619874.321043) can0 153#202100FF00FF80BF
(1663619874.321269) can0 608#0028000000000000
(1663619874.324725) can0 2B0#910D0007CE
(1663619874.326143) can0 220#E203000007001110
(1663619874.331102) can0 153#202100FF00FF90CF
(1663619874.331130) can0 329#0C96800E112E0014
(1663619874.331326) can0 316#0500FC00002F0080
(1663619874.331666) can0 608#0028000000000000
(1663619874.334647) can0 2B0#910D0007DF
(1663619874.336053) can0 220#E203000004001110
(1663619874.336077) can0 1F1#0800000000000000
(1663619874.341174) can0 153#202100FF00FFA0DF
(1663619874.342621) can0 329#0C96800E112E0014
(1663619874.342646) can0 5F0#0100
(1663619874.342868) can0 316#0500FC00002F0080
(1663619874.343141) can0 608#0028000000000000
(1663619874.344644) can0 2B0#910D000720
(1663619874.345989) can0 220#E203000007002410
(1663619874.351180) can0 153#202100FF00FFB0EF
(1663619874.353390) can0 329#0C96800E112E0014
(1663619874.353415) can0 316#0500FC00002F0080
(1663619874.353702) can0 608#0028000000000000
(1663619874.353954) can0 5A0#0000001000000000
(1663619874.354544) can0 2B0#910D000731
(1663619874.356047) can0 220#E203000007002A10
(1663619874.356071) can0 1F1#0800000000000000
(1663619874.360967) can0 153#202100FF00FFC0FF
(1663619874.364568) can0 2B0#910D000702
(1663619874.364593) can0 329#0C96800E112E0014
(1663619874.364922) can0 316#0500FC00002F0080
(1663619874.365170) can0 608#0028000000000000
(1663619874.366088) can0 220#E203000007002A10
(1663619874.369922) can0 690#0000010000000000
(1663619874.370993) can0 153#202100FF00FFD00F
(1663619874.374755) can0 2B0#910D000713
(1663619874.375996) can0 329#0C96800E112E0014
(1663619874.376021) can0 220#E203000004001810
(1663619874.376210) can0 1F1#0800000000000000
(1663619874.376379) can0 316#0500FC00002F0080
(1663619874.376631) can0 608#0028000000000000
(1663619874.381066) can0 153#202100FF00FFE01F
(1663619874.384757) can0 2B0#910D000764
(1663619874.386147) can0 220#E203000007003710
(1663619874.386460) can0 329#0C96800E112E0014
(1663619874.386702) can0 316#0500FC00002F0080
(1663619874.386968) can0 608#0028000000000000
(1663619874.390887) can0 153#202100FF00FF003F
(1663619874.392749) can0 5F0#0100
(1663619874.394738) can0 2B0#910D000775
(1663619874.396203) can0 220#E203000007003D10
(1663619874.396228) can0 1F1#0800000000000000
(1663619874.397319) can0 329#0C96800E112E0014
(1663619874.397397) can0 316#0500FC00002F0080
(1663619874.397706) can0 608#0028000000000000
(1663619874.401206) can0 153#202100FF00FF104F
(1663619874.404520) can0 2B0#910D000746
(1663619874.405926) can0 220#E203000004002A10
(1663619874.408721) can0 329#0C96800E112E0014
(1663619874.408746) can0 316#0500FC00002F0080
(1663619874.408964) can0 608#0028000000000000
(1663619874.411170) can0 153#202100FF00FF205F
(1663619874.414802) can0 2B0#910D000757
(1663619874.416175) can0 220#E203000007003710
(1663619874.416200) can0 1F1#0800000000000000
(1663619874.419893) can0 329#0C96800E112E0014
(1663619874.419917) can0 316#0500FC00002F0080
(1663619874.420202) can0 608#0028000000000000
(1663619874.421109) can0 153#202100FF00FF306F
(1663619874.424814) can0 2B0#910D0007A8
(1663619874.426175) can0 220#E203000007003110
(1663619874.431198) can0 153#202100FF00FF407F
(1663619874.431225) can0 329#0C96800E112E0014
(1663619874.431389) can0 316#0500FC00002F0080
(1663619874.431675) can0 608#0028000000000000
(1663619874.434480) can0 2B0#910D0007B9
(1663619874.435845) can0 220#E203000007002A10
(1663619874.436039) can0 1F1#0800000000000000
(1663619874.441197) can0 153#202100FF00FF508F
(1663619874.442748) can0 329#0C96800E112E0014
(1663619874.442772) can0 5F0#0100
(1663619874.442847) can0 316#0500FC00002F0080
(1663619874.443049) can0 608#0028000000000000
(1663619874.444730) can0 2B0#910D00078A
(1663619874.446197) can0 220#E203000004001E10
(1663619874.451190) can0 153#202100FF00FF609F
(1663619874.453391) can0 329#0C96800E112E0014
(1663619874.453417) can0 316#0500FC00002F0080
(1663619874.453696) can0 608#0028000000000000
(1663619874.454543) can0 2B0#910D00079B
(1663619874.456198) can0 220#E203000007001810
(1663619874.456222) can0 1F1#0800000000000000
(1663619874.461167) can0 153#202100FF00FF70AF
(1663619874.464836) can0 329#0C96800E112E0014
(1663619874.464862) can0 2B0#910D0007EC
(1663619874.464867) can0 316#0500FC00002F0080
(1663619874.465238) can0 608#0028000000000000
(1663619874.465957) can0 220#E203000007002410
(1663619874.469803) can0 690#0000010000000400
(1663619874.471042) can0 153#202100FF00FF80BF
(1663619874.474835) can0 2B0#910D0007FD
(1663619874.475799) can0 329#0C96800E112E0014
(1663619874.475826) can0 316#0500FC00002F0080
(1663619874.475899) can0 220#E203000004001810
(1663619874.476231) can0 1F1#0800000000000000
(1663619874.476413) can0 608#0028000000000000
(1663619874.481167) can0 153#202100FF00FF90CF
(1663619874.484837) can0 2B0#910D0007CE
(1663619874.486158) can0 220#E203000007002410
(1663619874.486392) can0 329#0C96800E112E0014
(1663619874.486657) can0 316#0500FC00002F0080
(1663619874.486852) can0 608#0028000000000000
(1663619874.491199) can0 153#202100FF00FFA0DF
(1663619874.492572) can0 5F0#0100
(1663619874.494637) can0 2B0#910D0007DF
(1663619874.495987) can0 220#E203000007002410
(1663619874.496070) can0 1F1#0800000000000000
(1663619874.497296) can0 329#0C96800E112E0014
(1663619874.497373) can0 316#0500FC00002F0080
(1663619874.497653) can0 608#0028000000000000
(1663619874.501205) can0 153#202100FF00FFB0EF
(1663619874.504882) can0 2B0#900D000730
(1663619874.505912) can0 220#E203000007002A10
(1663619874.508445) can0 329#0C96800E112E0014
(1663619874.508712) can0 316#0500FC00002F0080
(1663619874.508907) can0 608#0028000000000000
(1663619874.510927) can0 153#202100FF00FFC0FF
(1663619874.514606) can0 2B0#910D000731
(1663619874.515996) can0 220#E203000004001E10
(1663619874.516073) can0 1F1#0800000000000000
(1663619874.520006) can0 329#0C96800E112E0014
(1663619874.520030) can0 316#0500FC00002F0080
(1663619874.520151) can0 608#0028000000000000
(1663619874.521054) can0 153#202100FF00FFD00F
(1663619874.524836) can0 2B0#910D000702
(1663619874.526146) can0 220#E203000007002410
(1663619874.531195) can0 153#202100FF00FFE01F
(1663619874.531222) can0 329#0C96800E112E0014
(1663619874.531364) can0 316#0500FC00002F0080
(1663619874.531673) can0 608#0028000000000000
(1663619874.534691) can0 2B0#910D000713
(1663619874.536044) can0 220#E203000007001810
(1663619874.536068) can0 1F1#0800000000000000
(1663619874.541183) can0 153#202100FF00FF003F
(1663619874.542550) can0 329#0C96800E112E0014
(1663619874.542575) can0 5F0#0100
(1663619874.542878) can0 316#0500FC00002F0080
(1663619874.543121) can0 608#0028000000000000
(1663619874.544790) can0 2B0#910D000764
(1663619874.546067) can0 220#E203000004002410
(1663619874.551036) can0 153#202100FF00FF104F
(1663619874.553505) can0 329#0C96800E112E0014
(1663619874.553530) can0 316#0500FC00002F0080
(1663619874.553646) can0 608#0028000000000000
(1663619874.554899) can0 2B0#910D000775
(1663619874.555940) can0 220#E203000007001810
(1663619874.556123) can0 1F1#0800000000000000
(1663619874.561176) can0 153#202100FF00FF205F
(1663619874.564649) can0 329#0C96800E112E0014
(1663619874.564673) can0 2B0#900D000756
(1663619874.564952) can0 316#0500FC00002F0080
(1663619874.565208) can0 608#0028000000000000
(1663619874.566108) can0 220#E203000007001E10
(1663619874.569917) can0 690#0000010000000800
(1663619874.570979) can0 153#202100FF00FF306F
(1663619874.574920) can0 2B0#910D000757
(1663619874.575558) can0 329#0C96800E112E0014
(1663619874.575715) can0 316#0500FC00002F0080
(1663619874.575981) can0 220#E203000007002A10
(1663619874.576238) can0 1F1#0800000000000000
(1663619874.576475) can0 608#0028000000000000
(1663619874.580989) can0 153#202100FF00FF407F
(1663619874.584917) can0 2B0#910D0007A8
(1663619874.586197) can0 220#E203000004001E10
(1663619874.586385) can0 329#0C96800E112E0014
(1663619874.586669) can0 316#0500FC00002F0080
(1663619874.586937) can0 608#0028000000000000
(1663619874.590859) can0 153#202100FF00FF508F
(1663619874.592541) can0 5F0#0100
(1663619874.594738) can0 2B0#900D0007A9
(1663619874.596164) can0 220#E20300000700FF0F
(1663619874.596189) can0 1F1#0800000000000000
(1663619874.597111) can0 329#0C96800E112E0014
(1663619874.597353) can0 316#0500FC00002F0080
(1663619874.597597) can0 608#0028000000000000
(1663619874.600821) can0 153#202100FF00FF609F
(1663619874.604634) can0 2B0#910D00078A
(1663619874.606037) can0 220#E203000007001E10
(1663619874.608568) can0 329#0C96800E112E0014
(1663619874.608714) can0 316#0500FC00002F0080
(1663619874.608966) can0 608#0028000000000000
(1663619874.610930) can0 153#202100FF00FF70AF
(1663619874.614956) can0 2B0#910D00079B
(1663619874.616203) can0 220#E203000004003710
(1663619874.616227) can0 1F1#0800000000000000
(1663619874.619646) can0 329#0C96800E112E0014
(1663619874.619876) can0 316#0500FC00002F0080
(1663619874.620123) can0 608#0028000000000000
(1663619874.620829) can0 153#202100FF00FF80BF
(1663619874.624551) can0 2B0#910D0007EC
(1663619874.625967) can0 220#E203000007003D10
(1663619874.631213) can0 153#202100FF00FF90CF
(1663619874.631240) can0 329#0C96800E112E0014
(1663619874.631320) can0 316#0500FC00002F0080
(1663619874.631683) can0 608#0028000000000000
(1663619874.634672) can0 2B0#910D0007FD
(1663619874.635874) can0 220#E203000007002410
(1663619874.636125) can0 1F1#0800000000000000
(1663619874.641054) can0 153#202100FF00FFA0DF
(1663619874.642796) can0 329#0C96800E112E0014
(1663619874.642820) can0 5F0#0100
(1663619874.642822) can0 316#0500FC00002F0080
(1663619874.643129) can0 608#0028000000000000
(1663619874.644902) can0 2B0#910D0007CE
(1663619874.646002) can0 220#E203000007003710
(1663619874.651011) can0 153#202100FF00FFB0EF
(1663619874.653409) can0 329#0C96800E112E0014
(1663619874.653434) can0 316#0500FC00002F0080
(1663619874.653662) can0 608#0028000000000000
(1663619874.654984) can0 2B0#900D0007CF
(1663619874.655954) can0 220#E203000004003110
(1663619874.656154) can0 1F1#0800000000000000
(1663619874.661027) can0 153#202100FF00FFC0FF
(1663619874.664832) can0 329#0C96800E112E0014
(1663619874.664866) can0 2B0#910D000720
(1663619874.664871) can0 316#0500FC00002F0080
(1663619874.665211) can0 608#0028000000000000
(1663619874.666128) can0 220#E203000007003110
(1663619874.669754) can0 690#0000010000000C00
(1663619874.671207) can0 153#202100FF00FFD00F
(1663619874.674986) can0 2B0#910D000731
(1663619874.675511) can0 329#0C96800E112E0014
(1663619874.675716) can0 316#0500FC00002F0080
(1663619874.675986) can0 220#E203000007001110
(1663619874.676253) can0 1F1#0800000000000000
(1663619874.676470) can0 608#0028000000000000
(1663619874.681032) can0 153#202100FF00FFE01F
(1663619874.684967) can0 2B0#910D000702
(1663619874.686001) can0 220#E20300000400F90F
(1663619874.686459) can0 329#0C96800E112E0014
(1663619874.686678) can0 316#0500FC00002F0080
(1663619874.686922) can0 608#0028000000000000
(1663619874.690961) can0 153#202100FF00FF003F
(1663619874.692728) can0 5F0#0100
(1663619874.694794) can0 2B0#910D000713
(1663619874.696175) can0 220#E203000007000510
(1663619874.696200) can0 1F1#0800000000000000
(1663619874.697286) can0 329#0C96800E112E0014
(1663619874.697377) can0 316#0500FC00002F0080
(1663619874.697669) can0 608#0028000000000000
(1663619874.700961) can0 153#202100FF00FF104F
(1663619874.704798) can0 2B0#910D000764
(1663619874.706198) can0 220#E203000007002410
(1663619874.708448) can0 329#0C96800E112E0014
(1663619874.708729) can0 316#0500FC00002F0080
(1663619874.708975) can0 608#0028000000000000
(1663619874.710900) can0 153#202100FF00FF205F
(1663619874.714895) can0 2B0#910D000775
(1663619874.716198) can0 220#E203000007002A10
(1663619874.716223) can0 1F1#0800000000000000
(1663619874.720004) can0 329#0C96800E112E0014
(1663619874.720028) can0 316#0500FC00002F0080
(1663619874.720204) can0 608#0028000000000000
(1663619874.720946) can0 153#202100FF00FF306F
(1663619874.725004) can0 2B0#910D000746
(1663619874.725991) can0 220#E203000004001E10
(1663619874.731183) can0 153#202100FF00FF407F
(1663619874.731212) can0 329#0C96800E112E0014
(1663619874.731398) can0 316#0500FC00002F0080
(1663619874.731640) can0 608#0028000000000000
(1663619874.735049) can0 2B0#910D000757
(1663619874.736224) can0 220#E203000007002410
(1663619874.736249) can0 1F1#0800000000000000
(1663619874.741029) can0 153#202100FF00FF508F
(1663619874.742733) can0 329#0C96800E112E0014
(1663619874.742759) can0 5F0#0100
(1663619874.742815) can0 316#0500FC00002F0080
(1663619874.743073) can0 608#0028000000000000
(1663619874.744862) can0 2B0#910D0007A8
(1663619874.746222) can0 220#E203000007002410
(1663619874.750974) can0 153#202100FF00FF609F
(1663619874.753167) can0 329#0C96800E112E0014
(1663619874.753452) can0 316#0500FC00002F0080
(1663619874.753652) can0 608#0028000000000000
(1663619874.754980) can0 2B0#910D0007B9
(1663619874.755988) can0 220#E203000004002A10
(1663619874.756098) can0 1F1#0800000000000000
(1663619874.760977) can0 153#202100FF00FF70AF
(1663619874.764824) can0 329#0C96800E112E0014
(1663619874.764850) can0 316#0500FC00002F0080
(1663619874.764859) can0 2B0#910D00078A
(1663619874.765219) can0 608#0028000000000000
(1663619874.766101) can0 220#E203000007000510
(1663619874.769874) can0 690#0000010000001000
(1663619874.770982) can0 153#202100FF00FF80BF
(1663619874.774720) can0 2B0#910D00079B
(1663619874.775279) can0 329#0C96800E112E0014
(1663619874.775503) can0 316#0500FC00002F0080
(1663619874.775735) can0 608#0028000000000000
(1663619874.775952) can0 220#E203000007000B10
(1663619874.776267) can0 1F1#0800000000000000
(1663619874.781168) can0 153#202100FF00FF90CF
(1663619874.785063) can0 2B0#910D0007EC
(1663619874.786223) can0 220#E203000007001110
(1663619874.786423) can0 329#0C96800E112E0014
(1663619874.786693) can0 316#0500FC00002F0080
(1663619874.786909) can0 608#0028000000000000
(1663619874.791227) can0 153#202100FF00FFA0DF
(1663619874.792657) can0 5F0#0100
(1663619874.795073) can0 2B0#910D0007FD
(1663619874.795976) can0 220#E203000004002A10
(1663619874.796092) can0 1F1#0800000000000000
(1663619874.797318) can0 329#0C96800E112E0014
(1663619874.797343) can0 316#0500FC00002F0080
(1663619874.797675) can0 608#0028000000000000
(1663619874.801204) can0 153#202100FF00FFB0EF
(1663619874.805090) can0 2B0#910D0007CE
(1663619874.806228) can0 220#E203000007001810
(1663619874.808543) can0 329#0C96800E112E0014
(1663619874.808654) can0 316#0500FC00002F0080
(1663619874.808939) can0 608#0028000000000000
(1663619874.810940) can0 153#202100FF00FFC0FF
(1663619874.815083) can0 2B0#910D0007DF
(1663619874.816001) can0 220#E203000007003110
(1663619874.816107) can0 1F1#0800000000000000
(1663619874.819795) can0 329#0C96800E112E0014
(1663619874.819873) can0 316#0500FC00002F0080
(1663619874.820193) can0 608#0028000000000000
(1663619874.821127) can0 153#202100FF00FFD00F
(1663619874.825120) can0 2B0#910D000720
(1663619874.826000) can0 220#E203000004002A10
(1663619874.831003) can0 153#202100FF00FFE01F
(1663619874.831035) can0 329#0C96800E112E0014
(1663619874.831392) can0 316#0500FC00002F0080
(1663619874.831634) can0 608#0028000000000000
(1663619874.835122) can0 2B0#910D000731
(1663619874.836222) can0 220#E203000007001E10
(1663619874.836246) can0 1F1#0800000000000000
(1663619874.841048) can0 153#202100FF00FF003F
(1663619874.842608) can0 329#0C96800E112E0014
(1663619874.842632) can0 5F0#0100
(1663619874.842804) can0 316#0500FC00002F0080
(1663619874.843026) can0 608#0028000000000000
(1663619874.844861) can0 2B0#900D000712
(1663619874.846220) can0 220#E203000007003110
(1663619874.851067) can0 153#202100FF00FF104F
(1663619874.853378) can0 329#0C96800E112E0014
(1663619874.853404) can0 316#0500FC00002F0080
(1663619874.853684) can0 608#0028000000000000
(1663619874.855061) can0 2B0#910D000713
(1663619874.856051) can0 220#E203000007002A10
(1663619874.856062) can0 1F1#0800000000000000
(1663619874.860998) can0 153#202100FF00FF205F
(1663619874.864695) can0 329#0C96800E112E0014
(1663619874.864720) can0 316#0500FC00002F0080
(1663619874.864881) can0 2B0#910D000764
(1663619874.865128) can0 608#0028000000000000
(1663619874.866000) can0 220#E203000004002410
(1663619874.869415) can0 690#0000010000001400
(1663619874.871222) can0 153#202100FF00FF306F
(1663619874.875189) can0 2B0#910D000775
(1663619874.875213) can0 329#0C96800E112E0014
(1663619874.875488) can0 316#0500FC00002F0080
(1663619874.875753) can0 608#0028000000000000
(1663619874.875972) can0 220#E203000007001E10
(1663619874.876242) can0 1F1#0800000000000000
(1663619874.881223) can0 153#202100FF00FF407F
(1663619874.885197) can0 2B0#900D000756
(1663619874.886223) can0 220#E203000007002410
(1663619874.886397) can0 329#0C96800E112E0014
(1663619874.886695) can0 316#0500FC00002F0080
(1663619874.886919) can0 608#0028000000000000
(1663619874.891218) can0 153#202100FF00FF508F
(1663619874.892729) can0 5F0#0100
(1663619874.895198) can0 2B0#910D000757
(1663619874.896223) can0 220#E203000004003110
(1663619874.896249) can0 1F1#0800000000000000
(1663619874.897374) can0 329#0C96800E112E0014
(1663619874.897397) can0 316#0500FC00002F0080
(1663619874.897666) can0 608#0028000000000000
(1663619874.901221) can0 153#202100FF00FF609F
(1663619874.905060) can0 2B0#910D0007A8
(1663619874.906221) can0 220#E203000007004A10
(1663619874.908490) can0 329#0C96800E112E0014
(1663619874.908703) can0 316#0500FC00002F0080
(1663619874.908975) can0 608#0028000000000000
(1663619874.911125) can0 153#202100FF00FF70AF
(1663619874.915196) can0 2B0#910D0007B9
(1663619874.915968) can0 220#E203000007002A10
(1663619874.916146) can0 1F1#0800000000000000
(1663619874.919996) can0 329#0C96800E112E0014
(1663619874.920021) can0 316#0500FC00002F0080
(1663619874.920175) can0 608#0028000000000000
(1663619874.921222) can0 153#202100FF00FF80BF
(1663619874.924981) can0 2B0#910D00078A
(1663619874.926128) can0 220#E203000007001810
(1663619874.930955) can0 153#202100FF00FF90CF
(1663619874.931163) can0 329#0C96800E112E0014
(1663619874.931366) can0 316#0500FC00002F0080
(1663619874.931638) can0 608#0028000000000000
(1663619874.935196) can0 2B0#910D00079B
(1663619874.936221) can0 220#E203000004003110
(1663619874.936245) can0 1F1#0800000000000000
(1663619874.941077) can0 153#202100FF00FFA0DF
(1663619874.942550) can0 329#0C96800E112E0014
(1663619874.942574) can0 5F0#0100
(1663619874.942878) can0 316#0500FC00002F0080
(1663619874.943059) can0 608#0028000000000000
(1663619874.944988) can0 2B0#910D0007EC
(1663619874.945975) can0 220#E203000007002A10
(1663619874.951224) can0 153#202100FF00FFB0EF
(1663619874.953496) can0 329#0C96800E112E0014
(1663619874.953521) can0 316#0500FC00002F0080
(1663619874.953683) can0 608#0028000000000000
(1663619874.955064) can0 2B0#910D0007FD
(1663619874.956003) can0 220#E203000007003110
(1663619874.956098) can0 1F1#0800000000000000
(1663619874.961067) can0 153#202100FF00FFC0FF
(1663619874.964823) can0 329#0C96800E112E0014
(1663619874.964848) can0 316#0500FC00002F0080
(1663619874.964859) can0 2B0#910D0007CE
(1663619874.965203) can0 608#0028000000000000
(1663619874.966152) can0 220#E203000004001110
(1663619874.969836) can0 690#0000010000001800
(1663619874.971157) can0 153#202100FF00FFD00F
(1663619874.975050) can0 2B0#910D0007DF
(1663619874.975240) can0 329#0C96800E112E0014
(1663619874.975421) can0 316#0500FC00002F0080
(1663619874.975759) can0 608#0028000000000000
(1663619874.975963) can0 220#E203000007001810
(1663619874.976211) can0 1F1#0800000000000000
(1663619874.981248) can0 153#202100FF00FFE01F
(1663619874.985168) can0 2B0#910D000720
(1663619874.985906) can0 220#E203000007001810
(1663619874.986375) can0 329#0C96800E112E0014
(1663619874.986622) can0 316#0500FC00002F0080
(1663619874.986868) can0 608#0028000000000000
(1663619874.991234) can0 153#202100FF00FF003F
(1663619874.992643) can0 5F0#0100
(1663619874.995219) can0 2B0#910D000731
(1663619874.996256) can0 220#E203000007000B10
(1663619874.996281) can0 1F1#0800000000000000
(1663619874.997402) can0 329#0C96800E112E0014
(1663619874.997425) can0 316#0500FC00002F0080
(1663619874.997670) can0 608#0028000000000000
(1663619875.001254) can0 153#202100FF00FF104F
(1663619875.005228) can0 2B0#910D000702
(1663619875.005999) can0 220#E203000004003110
(1663619875.008561) can0 329#0C96800E112E0014
(1663619875.008649) can0 316#0500FC00002F0080
(1663619875.008938) can0 608#0028000000000000
(1663619875.011058) can0 153#202100FF00FF205F
(1663619875.015249) can0 2B0#910D000713
(1663619875.016156) can0 220#E203000007003D10
(1663619875.016180) can0 1F1#0800000000000000
(1663619875.019669) can0 329#0C96800E112E0014
(1663619875.019894) can0 316#0500FC00002F0080
(1663619875.020098) can0 608#0028000000000000
(1663619875.021005) can0 153#202100FF00FF306F
(1663619875.025226) can0 2B0#910D000764
(1663619875.026134) can0 220#E203000007003110
(1663619875.030912) can0 153#202100FF00FF407F
(1663619875.031152) can0 329#0C96800E112E0014
(1663619875.031395) can0 316#0500FC00002F0080
(1663619875.031634) can0 608#0028000000000000
(1663619875.035252) can0 2B0#910D000775
(1663619875.036059) can0 220#E203000004003D10
(1663619875.036085) can0 1F1#0800000000000000
(1663619875.041079) can0 153#202100FF00FF508F
(1663619875.042739) can0 329#0C96800E112E0014
(1663619875.042767) can0 5F0#0100
(1663619875.042829) can0 316#0500FC00002F0080
(1663619875.043074) can0 608#0028000000000000
(1663619875.045260) can0 2B0#910D000746
(1663619875.046046) can0 220#E203000004002A10
(1663619875.051078) can0 153#202100FF00FF609F
(1663619875.053411) can0 329#0C96800E112E0014
(1663619875.053438) can0 316#0500FC00002F0080
(1663619875.053652) can0 608#0028000000000000
(1663619875.055053) can0 2B0#910D000757
(1663619875.056159) can0 220#E203000007001110
(1663619875.056183) can0 1F1#0800000000000000
(1663619875.061242) can0 153#202100FF00FF70AF
(1663619875.064830) can0 329#0C96800E112E0014
(1663619875.064855) can0 316#0500FC00002F0080
(1663619875.064946) can0 608#0028000000000000
(1663619875.065169) can0 2B0#910D0007A8
(1663619875.066251) can0 220#E203000007000510
(1663619875.069235) can0 690#0000010000001C00
(1663619875.071253) can0 153#202100FF00FF80BF
(1663619875.075301) can0 2B0#910D0007B9
(1663619875.075326) can0 329#0C96800E112E0014
(1663619875.075509) can0 316#0500FC00002F0080
(1663619875.075723) can0 608#0028000000000000
(1663619875.075975) can0 220#E203000004001110
(1663619875.076300) can0 1F1#0800000000000000
(1663619875.081042) can0 153#202100FF00FF90CF
(1663619875.085085) can0 2B0#910D00078A
(1663619875.086147) can0 220#E203000007000510
(1663619875.086347) can0 329#0C96800E112E0014
(1663619875.086648) can0 316#0500FC00002F0080
(1663619875.086893) can0 608#0028000000000000
(1663619875.091247) can0 153#202100FF00FFA0DF
(1663619875.092648) can0 5F0#0100
(1663619875.094986) can0 2B0#910D00079B
(1663619875.096043) can0 220#E203000007001110
(1663619875.096119) can0 1F1#0800000000000000
(1663619875.097381) can0 329#0C96800E112E0014
(1663619875.097405) can0 316#0500FC00002F0080
(1663619875.097646) can0 608#0028000000000000
(1663619875.101246) can0 153#202100FF00FFB0EF
(1663619875.105234) can0 2B0#910D0007EC
(1663619875.105932) can0 220#E203000004001E10
(1663619875.108578) can0 329#0C96800E112E0014
(1663619875.108610) can0 316#0500FC00002F0080
(1663619875.108980) can0 608#0028000000000000
(1663619875.110960) can0 153#202100FF00FFC0FF
(1663619875.115228) can0 2B0#910D0007FD
(1663619875.115926) can0 220#E203000007002A10
(1663619875.116203) can0 1F1#0800000000000000
(1663619875.119808) can0 329#0C96800E112E0014
(1663619875.120252) can0 316#0500FC00002F0080
(1663619875.120391) can0 608#0028000000000000
(1663619875.120915) can0 153#202100FF00FFD00F
(1663619875.125246) can0 2B0#910D0007CE
(1663619875.125994) can0 220#E203000007001E10
(1663619875.131073) can0 153#202100FF00FFE01F
(1663619875.131085) can0 329#0C96800E112E0014
(1663619875.131386) can0 316#0500FC00002F0080
(1663619875.131641) can0 608#0028000000000000
(1663619875.135084) can0 2B0#910D0007DF
(1663619875.136170) can0 220#E203000007003110
(1663619875.136194) can0 1F1#0800000000000000
(1663619875.140988) can0 153#202100FF00FF003F
(1663619875.142655) can0 329#0C96800E112E0014
(1663619875.142681) can0 316#0500FC00002F0080
(1663619875.142876) can0 5F0#0100
(1663619875.143044) can0 608#0028000000000000
(1663619875.145288) can0 2B0#910D000720
(1663619875.146177) can0 220#E203000004004310
(1663619875.151255) can0 153#202100FF00FF104F
(1663619875.153478) can0 329#0C96800E112E0014
(1663619875.153503) can0 316#0500FC00002F0080
(1663619875.153660) can0 608#0028000000000000
(1663619875.155151) can0 2B0#900D000721
(1663619875.156248) can0 220#E203000007003110
(1663619875.156273) can0 1F1#0800000000000000
(1663619875.161242) can0 153#202100FF00FF205F
(1663619875.164850) can0 329#0C96800E112E0014
(1663619875.164875) can0 316#0500FC00002F0080
(1663619875.165044) can0 608#0028000000000000
(1663619875.165204) can0 2B0#910D000702
(1663619875.166030) can0 220#E203000007001810
(1663619875.169334) can0 690#0000010000002000
(1663619875.171250) can0 153#202100FF00FF306F
(1663619875.175220) can0 2B0#910D000713
(1663619875.175246) can0 329#0C96800E112E0014
(1663619875.175509) can0 316#0500FC00002F0080
(1663619875.175776) can0 608#0028000000000000
(1663619875.175988) can0 220#E203000004000B10
(1663619875.176257) can0 1F1#0800000000000000
(1663619875.181252) can0 153#202100FF00FF407F
(1663619875.185369) can0 2B0#900D000774
(1663619875.185997) can0 220#E203000007001810
(1663619875.186441) can0 329#0C96800E112E0014
(1663619875.186654) can0 316#0500FC00002F0080
(1663619875.186943) can0 608#0028000000000000
(1663619875.190968) can0 153#202100FF00FF508F
(1663619875.192396) can0 5F0#0100
(1663619875.195320) can0 2B0#910D000775
(1663619875.195900) can0 220#E203000007003110
(1663619875.196112) can0 1F1#0800000000000000
(1663619875.197067) can0 329#0C96800E112E0014
(1663619875.197321) can0 316#0500FC00002F0080
(1663619875.197570) can0 608#0028000000000000
(1663619875.201061) can0 153#202100FF00FF609F
(1663619875.205210) can0 2B0#910D000746
(1663619875.206251) can0 220#E203000007003D10
(1663619875.208500) can0 329#0C96800E112E0014
(1663619875.208696) can0 316#0500FC00002F0080
(1663619875.208913) can0 608#0028000000000000
(1663619875.211012) can0 153#202100FF00FF70AF
(1663619875.215401) can0 2B0#910D000757
(1663619875.216000) can0 220#E203000004003D10
(1663619875.216151) can0 1F1#0800000000000000
(1663619875.219616) can0 329#0C96800E112E0014
(1663619875.219825) can0 316#0500FC00002F0080
(1663619875.220076) can0 608#0028000000000000
(1663619875.220929) can0 153#202100FF00FF80BF
(1663619875.225133) can0 2B0#910D0007A8
(1663619875.225978) can0 220#E203000007002410
(1663619875.230877) can0 153#202100FF00FF90CF
(1663619875.231371) can0 329#0C96800E112E0014
(1663619875.231628) can0 316#0500FC00002F0080
(1663619875.231847) can0 608#0028000000000000
